Pararmeterliste beim QBO Aufruf:  -g -w -a 2011.08 --
2011.08
Kopiere RS Daten aus dem Archiv
 TTCC 5100/ 48698 NIL=                                                                                                                                                                                                                                           
 =                                                                                                                                                                                                                                           
 TTCC 51111 48698                                                                                                                                                                                                                                                
 8                                                                                                                                                                                                                                                
 TTCC 52001 48698                                                                                                                                                                                                                                                
 8                                                                                                                                                                                                                                                
 TTCC 52111 48698                                                                                                                                                                                                                                                
 8                                                                                                                                                                                                                                                
 TTCC 5300/ 48698 NIL=                                                                                                                                                                                                                                           
 =                                                                                                                                                                                                                                           
 TTCC 5311/ 48698 NIL=                                                                                                                                                                                                                                           
 =                                                                                                                                                                                                                                           
 TTCC 54001 48698                                                                                                                                                                                                                                                
 8                                                                                                                                                                                                                                                
 TTCC 54112 48698                                                                                                                                                                                                                                                
 8                                                                                                                                                                                                                                                
 TTCC 55007 48698                                                                                                                                                                                                                                                
 8                                                                                                                                                                                                                                                
 TTCC 5511/ 48698 NIL=                                                                                                                                                                                                                                           
 =                                                                                                                                                                                                                                           
 TTCC 5600/ 48698 NIL=                                                                                                                                                                                                                                           
 =                                                                                                                                                                                                                                           
 TTCC 5611/ 48698 NIL=                                                                                                                                                                                                                                           
 =                                                                                                                                                                                                                                           
 TTCC 57001 48698                                                                                                                                                                                                                                                
 8                                                                                                                                                                                                                                                
 TTCC 57111 48698                                                                                                                                                                                                                                                
 8                                                                                                                                                                                                                                                
 TTCC 58001 48698                                                                                                                                                                                                                                                
 8                                                                                                                                                                                                                                                
 TTCC 58111 48698                                                                                                                                                                                                                                                
 8                                                                                                                                                                                                                                                
 TTCC 59001 48698                                                                                                                                                                                                                                                
 8                                                                                                                                                                                                                                                
 TTCC 59117 48698                                                                                                                                                                                                                                                
 8                                                                                                                                                                                                                                                
 TTCC 60002 48698                                                                                                                                                                                                                                                
 8                                                                                                                                                                                                                                                
 TTCC 60111 48698                                                                                                                                                                                                                                                
 8                                                                                                                                                                                                                                                
 TTCC 61001 48698                                                                                                                                                                                                                                                
 8                                                                                                                                                                                                                                                
 TTCC 6111/ 48698 NIL=                                                                                                                                                                                                                                           
 =                                                                                                                                                                                                                                           
 TTCC 62001 48698                                                                                                                                                                                                                                                
 8                                                                                                                                                                                                                                                
 TTCC 6211/ 48698 NIL=                                                                                                                                                                                                                                           
 =                                                                                                                                                                                                                                           
 TTCC 63001 48698                                                                                                                                                                                                                                                
 8                                                                                                                                                                                                                                                
 TTCC 63117 48698                                                                                                                                                                                                                                                
 8                                                                                                                                                                                                                                                
 TTCC 6400/ 48698 NIL=                                                                                                                                                                                                                                           
 =                                                                                                                                                                                                                                           
 TTCC 6411/ 48698 NIL=                                                                                                                                                                                                                                           
 =                                                                                                                                                                                                                                           
 TTCC 6500/ 48698 NIL=                                                                                                                                                                                                                                           
 =                                                                                                                                                                                                                                           
 TTCC 6511/ 48698 NIL=                                                                                                                                                                                                                                           
 =                                                                                                                                                                                                                                           
 TTCC 6600/ 48698 NIL=                                                                                                                                                                                                                                           
 =                                                                                                                                                                                                                                           
 TTCC 6612/ 48698 NIL=                                                                                                                                                                                                                                           
 =                                                                                                                                                                                                                                           
 TTCC 67001 48698                                                                                                                                                                                                                                                
 8                                                                                                                                                                                                                                                
 TTCC 6711/ 48698 NIL=                                                                                                                                                                                                                                           
 =                                                                                                                                                                                                                                           
 TTCC 68001 48698                                                                                                                                                                                                                                                
 8                                                                                                                                                                                                                                                
 TTCC 6811/ 48698 NIL=                                                                                                                                                                                                                                           
 =                                                                                                                                                                                                                                           
 TTCC 6900/ 48698 NIL=                                                                                                                                                                                                                                           
 =                                                                                                                                                                                                                                           
 TTCC 6911/ 48698 NIL=                                                                                                                                                                                                                                           
 =                                                                                                                                                                                                                                           
 TTCC 7000/ 48698 NIL=                                                                                                                                                                                                                                           
 =                                                                                                                                                                                                                                           
 TTCC 70113 48698                                                                                                                                                                                                                                                
 8                                                                                                                                                                                                                                                
 TTCC 71002 48698                                                                                                                                                                                                                                                
 8                                                                                                                                                                                                                                                
 TTCC 7111/ 48698                                                                                                                                                                                                                                                
 8                                                                                                                                                                                                                                                
 TTCC 72001 48698                                                                                                                                                                                                                                                
 8                                                                                                                                                                                                                                                
 TTCC 7211/ 48698 NIL=                                                                                                                                                                                                                                           
 =                                                                                                                                                                                                                                           
 TTCC 73001 48698                                                                                                                                                                                                                                                
 8                                                                                                                                                                                                                                                
 TTCC 7311/ 48698 NIL=                                                                                                                                                                                                                                           
 =                                                                                                                                                                                                                                           
 TTCC 74002 48698                                                                                                                                                                                                                                                
 8                                                                                                                                                                                                                                                
 TTCC 74111 48698                                                                                                                                                                                                                                                
 8                                                                                                                                                                                                                                                
 TTCC 75001 48698                                                                                                                                                                                                                                                
 8                                                                                                                                                                                                                                                
 TTCC 7511/ 48698 NIL=                                                                                                                                                                                                                                           
 =                                                                                                                                                                                                                                           
 TTCC 76003 48698                                                                                                                                                                                                                                                
 8                                                                                                                                                                                                                                                
 TTCC 7611/ 48698 NIL=                                                                                                                                                                                                                                           
 =                                                                                                                                                                                                                                           
 TTCC 77002 48698                                                                                                                                                                                                                                                
 8                                                                                                                                                                                                                                                
 TTCC 77112 48698                                                                                                                                                                                                                                                
 8                                                                                                                                                                                                                                                
 TTCC 78002 48698                                                                                                                                                                                                                                                
 8                                                                                                                                                                                                                                                
 TTCC 78117 48698                                                                                                                                                                                                                                                
 8                                                                                                                                                                                                                                                
 TTCC  7900/ 48698 NIL=                                                                                                                                                                                                                                          
 =                                                                                                                                                                                                                                          
 TTCC 79111 48698                                                                                                                                                                                                                                                
 8                                                                                                                                                                                                                                                
 TTCC 8000/ 48698 NIL=                                                                                                                                                                                                                                           
 =                                                                                                                                                                                                                                           
 TTCC 8011/ 48698                                                                                                                                                                                                                                                
 8                                                                                                                                                                                                                                                
 TTCC 81001 48698                                                                                                                                                                                                                                                
 8                                                                                                                                                                                                                                                
 TTCC 81111 48698                                                                                                                                                                                                                                                
 8                                                                                                                                                                                                                                                
Parse RS Daten
Part A:       100.0 hPa 145° 10 kt 20110801.00
Part A:       100.0 hPa 145° 10 kt 20110801.12
Part C:        70.0 hPa  55° 10 kt 20110801.12
Part C:        50.0 hPa 260° 28 kt 20110801.12
Part C:        30.0 hPa 120° 10 kt 20110801.12
Part C:        20.0 hPa  85° 65 kt 20110801.12
Part C:        10.0 hPa  75° 56 kt 20110801.12
Part D: 11     95.5 hPa 150° 10 kt 20110801.12
Part D: 11 22  90.4 hPa 105°  9 kt 20110801.12
Part D: 22 33  89.4 hPa  45°  4 kt 20110801.12
Part D: 33 44  87.5 hPa 310° 10 kt 20110801.12
Part D: 44 55  85.5 hPa 305° 17 kt 20110801.12
Part D: 55 66  80.5 hPa 290°  8 kt 20110801.12
Part D: 66 77  77.6 hPa 280°  1 kt 20110801.12
Part D: 77 88  71.8 hPa  40°  8 kt 20110801.12
Part D: 88 99  69.9 hPa  50° 10 kt 20110801.12
Part D: 99 11  67.9 hPa  10° 10 kt 20110801.12
Part D: 11 22  64.5 hPa  60°  8 kt 20110801.12
Part D: 22 33  63.4 hPa 310°  5 kt 20110801.12
Part D: 33 44  62.5 hPa 265° 12 kt 20110801.12
Part D: 44 55  59.8 hPa 265° 28 kt 20110801.12
Part D: 55 66  58.9 hPa 270° 31 kt 20110801.12
Part D: 66 77  56.4 hPa 290° 21 kt 20110801.12
Part D: 77 88  53.5 hPa 285° 26 kt 20110801.12
Part D: 88 99  50.5 hPa 260° 25 kt 20110801.12
Part D: 99 11  45.8 hPa 265° 52 kt 20110801.12
Part D: 11 22  40.8 hPa 280° 34 kt 20110801.12
Part D: 22 33  37.9 hPa 275° 41 kt 20110801.12
Part D: 33 44  36.1 hPa 285° 36 kt 20110801.12
Part D: 44 55  33.9 hPa 305° 13 kt 20110801.12
Part D: 55 66  33.1 hPa  10°  6 kt 20110801.12
Part D: 66 77  31.3 hPa 110° 10 kt 20110801.12
Part D: 77 88  30.3 hPa 120°  8 kt 20110801.12
Part D: 88 99  28.1 hPa 130° 31 kt 20110801.12
Part D: 99 11  27.4 hPa 115° 37 kt 20110801.12
Part D: 11 22  25.8 hPa  75° 33 kt 20110801.12
Part D: 22 33  23.8 hPa 100° 51 kt 20110801.12
Part D: 33 44  22.8 hPa  90° 57 kt 20110801.12
Part D: 44 55  21.2 hPa  80° 56 kt 20110801.12
Part D: 55 66  17.7 hPa  85° 69 kt 20110801.12
Part D: 66 77  16.9 hPa  85° 61 kt 20110801.12
Part D: 77 88  15.7 hPa  85° 74 kt 20110801.12
Part D: 88 99  14.0 hPa  90° 62 kt 20110801.12
Part D: 99 11  11.9 hPa  90° 81 kt 20110801.12
Part D: 11 22  10.7 hPa  90° 74 kt 20110801.12
Part D: 22 33   8.8 hPa  70° 35 kt 20110801.12
Part D: 33 44   8.4 hPa  75° 54 kt 20110801.12
Part D: 44 55   7.9 hPa  85° 39 kt 20110801.12
Part D: 55 66   7.4 hPa  95° 46 kt 20110801.12
Part A:       100.0 hPa 110° 24 kt 20110802.00
Part C:        70.0 hPa  75°  8 kt 20110802.00
Part C:        50.0 hPa 270° 55 kt 20110802.00
Part C:        30.0 hPa 115°  8 kt 20110802.00
Part C:        20.0 hPa  95° 61 kt 20110802.00
Part C:        10.0 hPa 100° 40 kt 20110802.00
Part D: 11     93.2 hPa 130° 22 kt 20110802.00
Part D: 11 22  83.2 hPa 345°  3 kt 20110802.00
Part D: 22 33  81.4 hPa  45°  5 kt 20110802.00
Part D: 33 44  73.5 hPa  95° 12 kt 20110802.00
Part D: 44 55  67.2 hPa  80° 17 kt 20110802.00
Part D: 55 66  64.9 hPa 125°  7 kt 20110802.00
Part D: 66 77  63.6 hPa 190°  7 kt 20110802.00
Part D: 77 88  61.9 hPa 250° 11 kt 20110802.00
Part D: 88 99  57.8 hPa 290° 26 kt 20110802.00
Part D: 99 11  54.6 hPa 260° 37 kt 20110802.00
Part D: 11 22  50.4 hPa 270° 55 kt 20110802.00
Part D: 22 33  43.1 hPa 270° 30 kt 20110802.00
Part D: 33 44  37.5 hPa 300° 32 kt 20110802.00
Part D: 44 55  35.0 hPa 345° 16 kt 20110802.00
Part D: 55 66  32.8 hPa 310°  7 kt 20110802.00
Part D: 66 77  32.2 hPa 230°  3 kt 20110802.00
Part D: 77 88  29.3 hPa 135°  9 kt 20110802.00
Part D: 88 99  28.6 hPa 165° 14 kt 20110802.00
Part D: 99 11  27.6 hPa 125° 14 kt 20110802.00
Part D: 11 22  26.9 hPa 115° 15 kt 20110802.00
Part D: 22 33  26.3 hPa 115° 21 kt 20110802.00
Part D: 33 44  24.8 hPa  75° 31 kt 20110802.00
Part D: 44 55  23.3 hPa 100° 47 kt 20110802.00
Part D: 55 66  22.5 hPa  95° 52 kt 20110802.00
Part D: 66 77  16.0 hPa 100° 74 kt 20110802.00
Part D: 77 88  14.5 hPa  95° 60 kt 20110802.00
Part D: 88 99  13.6 hPa  90° 66 kt 20110802.00
Part D: 99 11  12.0 hPa 110° 59 kt 20110802.00
Part D: 11 22  11.5 hPa  95° 68 kt 20110802.00
Part D: 22 33  10.5 hPa  95° 61 kt 20110802.00
Part D: 33 44  10.0 hPa 100° 40 kt 20110802.00
Part D: 44 55   9.2 hPa  95° 28 kt 20110802.00
Part A:       100.0 hPa 105° 23 kt 20110802.12
Part C:        70.0 hPa 160°  7 kt 20110802.12
Part C:        50.0 hPa 270° 44 kt 20110802.12
Part C:        30.0 hPa 185°  5 kt 20110802.12
Part C:        20.0 hPa 100° 51 kt 20110802.12
Part C:        10.0 hPa  95° 58 kt 20110802.12
Part D: 11     96.8 hPa  90° 15 kt 20110802.12
Part D: 11 22  92.4 hPa  20° 13 kt 20110802.12
Part D: 22 33  90.3 hPa   5° 19 kt 20110802.12
Part D: 33 44  86.5 hPa  20° 13 kt 20110802.12
Part D: 44 55  77.2 hPa 160°  4 kt 20110802.12
Part D: 55 66  76.8 hPa 145°  3 kt 20110802.12
Part D: 66 77  74.8 hPa  90° 10 kt 20110802.12
Part D: 77 88  67.8 hPa 170°  9 kt 20110802.12
Part D: 88 99  66.7 hPa 155°  9 kt 20110802.12
Part D: 99 11  65.7 hPa 210°  8 kt 20110802.12
Part D: 11 22  64.8 hPa 245° 12 kt 20110802.12
Part D: 22 33  62.0 hPa 270° 25 kt 20110802.12
Part D: 33 44  53.2 hPa 275° 51 kt 20110802.12
Part D: 44 55  43.8 hPa 275° 27 kt 20110802.12
Part D: 55 66  40.9 hPa 260° 33 kt 20110802.12
Part D: 66 77  36.6 hPa 275° 12 kt 20110802.12
Part D: 77 88  34.5 hPa 215° 10 kt 20110802.12
Part D: 88 99  33.8 hPa 230° 14 kt 20110802.12
Part D: 99 11  32.4 hPa 205° 14 kt 20110802.12
Part D: 11 22  30.0 hPa 195°  6 kt 20110802.12
Part D: 22 33  29.8 hPa 155°  5 kt 20110802.12
Part D: 33 44  28.9 hPa  55° 10 kt 20110802.12
Part D: 44 55  27.5 hPa  45° 33 kt 20110802.12
Part D: 55 66  26.8 hPa  50° 34 kt 20110802.12
Part D: 66 77  25.3 hPa 100° 42 kt 20110802.12
Part D: 77 88  22.6 hPa  85° 51 kt 20110802.12
Part D: 88 99  21.2 hPa  95° 60 kt 20110802.12
Part D: 99 11  18.7 hPa  90° 47 kt 20110802.12
Part D: 11 22  15.6 hPa  75° 55 kt 20110802.12
Part D: 22 33  13.7 hPa  85° 60 kt 20110802.12
Part D: 33 44  13.1 hPa  90° 45 kt 20110802.12
Part D: 44 55  11.0 hPa  90° 56 kt 20110802.12
Part D: 55 66  10.5 hPa 105° 45 kt 20110802.12
Part D: 66 77  10.1 hPa  95° 59 kt 20110802.12
Part D: 77 88   9.6 hPa 100° 35 kt 20110802.12
Part D: 88 99   8.8 hPa  95° 22 kt 20110802.12
Part D: 99 11   8.6 hPa 100° 18 kt 20110802.12
Part D: 11 22   8.4 hPa 115° 18 kt 20110802.12
Part D: 22 33   8.1 hPa 105° 21 kt 20110802.12
Part A:       100.0 hPa  90° 18 kt 20110803.00
Part A:       100.0 hPa  55° 40 kt 20110804.00
Part C:        70.0 hPa 275° 33 kt 20110804.00
Part C:        50.0 hPa 260° 38 kt 20110804.00
Part C:        30.0 hPa  15° 11 kt 20110804.00
Part C:        20.0 hPa  85° 44 kt 20110804.00
Part C:        10.0 hPa 105° 67 kt 20110804.00
Part D: 11     98.0 hPa  55° 45 kt 20110804.00
Part D: 11 22  93.5 hPa  70° 27 kt 20110804.00
Part D: 22 33  91.0 hPa 120°  9 kt 20110804.00
Part D: 33 44  88.7 hPa 220°  2 kt 20110804.00
Part D: 44 55  84.1 hPa  15° 12 kt 20110804.00
Part D: 55 66  82.8 hPa  20° 15 kt 20110804.00
Part D: 66 77  79.7 hPa  55°  7 kt 20110804.00
Part D: 77 88  76.5 hPa 215°  5 kt 20110804.00
Part D: 88 99  75.2 hPa 255° 10 kt 20110804.00
Part D: 99 11  73.0 hPa 275° 16 kt 20110804.00
Part D: 11 22  69.3 hPa 275° 36 kt 20110804.00
Part D: 22 33  53.1 hPa 245° 19 kt 20110804.00
Part D: 33 44  50.3 hPa 260° 38 kt 20110804.00
Part D: 44 55  46.6 hPa 275° 35 kt 20110804.00
Part D: 55 66  43.3 hPa 270° 19 kt 20110804.00
Part D: 66 77  39.7 hPa 295°  9 kt 20110804.00
Part D: 77 88  38.4 hPa 265° 19 kt 20110804.00
Part D: 88 99  36.4 hPa 260° 26 kt 20110804.00
Part D: 99 11  34.6 hPa 265° 17 kt 20110804.00
Part D: 11 22  33.7 hPa 240° 18 kt 20110804.00
Part D: 22 33  32.8 hPa 240° 13 kt 20110804.00
Part D: 33 44  30.8 hPa 285°  9 kt 20110804.00
Part D: 44 55  30.7 hPa 295°  8 kt 20110804.00
Part D: 55 66  29.9 hPa  20° 11 kt 20110804.00
Part D: 66 77  27.4 hPa 100° 33 kt 20110804.00
Part D: 77 88  27.1 hPa 110° 35 kt 20110804.00
Part D: 88 99  25.7 hPa 135° 31 kt 20110804.00
Part D: 99 11  24.1 hPa  95° 37 kt 20110804.00
Part D: 11 22  23.3 hPa  95° 40 kt 20110804.00
Part D: 22 33  19.3 hPa  80° 43 kt 20110804.00
Part D: 33 44  16.6 hPa  90° 63 kt 20110804.00
Part D: 44 55  14.3 hPa 100° 51 kt 20110804.00
Part D: 55 66  11.3 hPa 100° 76 kt 20110804.00
Part D: 66 77   9.8 hPa 100° 69 kt 20110804.00
Part D: 77 88   9.2 hPa 105° 47 kt 20110804.00
Part D: 88 99   8.3 hPa  90° 56 kt 20110804.00
Part D: 99 11   7.5 hPa  95° 24 kt 20110804.00
Part D: 11 22   6.9 hPa  65° 29 kt 20110804.00
Part D: 22 33   6.3 hPa  65° 46 kt 20110804.00
Part A:       100.0 hPa  70° 53 kt 20110804.12
Part C:        70.0 hPa 275° 35 kt 20110804.12
Part C:        50.0 hPa 285° 42 kt 20110804.12
Part C:        30.0 hPa 300° 14 kt 20110804.12
Part C:        20.0 hPa  75° 51 kt 20110804.12
Part D: 11     97.7 hPa  75° 57 kt 20110804.12
Part D: 11 22  90.0 hPa 115° 15 kt 20110804.12
Part D: 22 33  89.3 hPa 120° 11 kt 20110804.12
Part D: 33 44  84.4 hPa 330°  3 kt 20110804.12
Part D: 44 55  80.7 hPa 230° 10 kt 20110804.12
Part D: 55 66  74.3 hPa 245° 19 kt 20110804.12
Part D: 66 77  71.7 hPa 275° 26 kt 20110804.12
Part D: 77 88  68.6 hPa 270° 36 kt 20110804.12
Part D: 88 99  66.0 hPa 275° 31 kt 20110804.12
Part D: 99 11  61.4 hPa 340° 17 kt 20110804.12
Part D: 11 22  59.0 hPa 330° 14 kt 20110804.12
Part D: 22 33  57.6 hPa 290° 20 kt 20110804.12
Part D: 33 44  55.2 hPa 265° 22 kt 20110804.12
Part D: 44 55  52.9 hPa 265° 27 kt 20110804.12
Part D: 55 66  49.9 hPa 290° 43 kt 20110804.12
Part D: 66 77  45.8 hPa 310° 24 kt 20110804.12
Part D: 77 88  42.3 hPa 265° 10 kt 20110804.12
Part D: 88 99  39.9 hPa 220° 17 kt 20110804.12
Part D: 99 11  38.1 hPa 235° 28 kt 20110804.12
Part D: 11 22  35.6 hPa 255° 24 kt 20110804.12
Part D: 22 33  32.6 hPa 235° 26 kt 20110804.12
Part D: 33 44  31.2 hPa 245° 16 kt 20110804.12
Part D: 44 55  30.0 hPa 300° 14 kt 20110804.12
Part D: 55 66  29.2 hPa   5° 11 kt 20110804.12
Part D: 66 77  28.7 hPa  55° 13 kt 20110804.12
Part D: 77 88  27.9 hPa 100° 22 kt 20110804.12
Part D: 88 99  27.2 hPa 120° 23 kt 20110804.12
Part D: 99 11  24.1 hPa  65° 49 kt 20110804.12
Part D: 11 22  22.3 hPa  75° 50 kt 20110804.12
Part D: 22 33  21.6 hPa  85° 46 kt 20110804.12
Part D: 33 44  19.9 hPa  75° 52 kt 20110804.12
Part A:       100.0 hPa  80° 27 kt 20110805.00
Part C:        70.0 hPa 285° 33 kt 20110805.00
Part D: 11     97.5 hPa  95° 21 kt 20110805.00
Part D: 11 22  94.6 hPa 165° 10 kt 20110805.00
Part D: 22 33  93.1 hPa 205° 11 kt 20110805.00
Part D: 33 44  90.8 hPa 235° 15 kt 20110805.00
Part D: 44 55  87.1 hPa 245° 22 kt 20110805.00
Part D: 55 66  84.9 hPa 265° 27 kt 20110805.00
Part D: 66 77  81.4 hPa 305° 15 kt 20110805.00
Part D: 77 88  76.7 hPa 285° 11 kt 20110805.00
Part D: 88 99  67.8 hPa 295° 29 kt 20110805.00
Part A:       100.0 hPa  90° 16 kt 20110806.00
Part A:       100.0 hPa  90° 18 kt 20110806.12
Part A:       100.0 hPa  65° 24 kt 20110807.00
Part C:        70.0 hPa  80°  9 kt 20110807.00
Part C:        50.0 hPa 230° 28 kt 20110807.00
Part C:        30.0 hPa 190° 13 kt 20110807.00
Part C:        20.0 hPa  90° 54 kt 20110807.00
Part C:        10.0 hPa 100° 50 kt 20110807.00
Part D: 11     95.5 hPa  25°  4 kt 20110807.00
Part D: 11 22  93.4 hPa  50° 10 kt 20110807.00
Part D: 22 33  90.1 hPa  70° 14 kt 20110807.00
Part D: 33 44  86.5 hPa  45° 20 kt 20110807.00
Part D: 44 55  82.0 hPa  70° 26 kt 20110807.00
Part D: 55 66  78.4 hPa  90°  5 kt 20110807.00
Part D: 66 77  77.7 hPa 190°  2 kt 20110807.00
Part D: 77 88  70.7 hPa  95° 11 kt 20110807.00
Part D: 88 99  68.0 hPa 345°  2 kt 20110807.00
Part D: 99 11  65.9 hPa 275° 10 kt 20110807.00
Part D: 11 22  64.3 hPa 290° 13 kt 20110807.00
Part D: 22 33  61.6 hPa 285° 16 kt 20110807.00
Part D: 33 44  59.7 hPa 250° 12 kt 20110807.00
Part D: 44 55  58.3 hPa 240° 10 kt 20110807.00
Part D: 55 66  54.4 hPa 230° 28 kt 20110807.00
Part D: 66 77  52.0 hPa 215° 24 kt 20110807.00
Part D: 77 88  48.3 hPa 240° 32 kt 20110807.00
Part D: 88 99  47.5 hPa 245° 31 kt 20110807.00
Part D: 99 11  45.2 hPa 285° 28 kt 20110807.00
Part D: 11 22  40.9 hPa 325° 30 kt 20110807.00
Part D: 22 33  39.6 hPa 340° 23 kt 20110807.00
Part D: 33 44  38.5 hPa 345° 16 kt 20110807.00
Part D: 44 55  38.2 hPa 335° 15 kt 20110807.00
Part D: 55 66  37.3 hPa 300° 19 kt 20110807.00
Part D: 66 77  34.2 hPa 240° 24 kt 20110807.00
Part D: 77 88  33.0 hPa 240° 29 kt 20110807.00
Part D: 88 99  32.2 hPa 235° 20 kt 20110807.00
Part D: 99 11  31.4 hPa 205° 10 kt 20110807.00
Part D: 11 22  31.2 hPa 195° 11 kt 20110807.00
Part D: 22 33  28.5 hPa 180° 13 kt 20110807.00
Part D: 33 44  27.6 hPa 115° 11 kt 20110807.00
Part D: 44 55  26.4 hPa  50° 14 kt 20110807.00
Part D: 55 66  26.3 hPa  45° 14 kt 20110807.00
Part D: 66 77  25.8 hPa  30° 17 kt 20110807.00
Part D: 77 88  23.5 hPa 100° 35 kt 20110807.00
Part D: 88 99  21.9 hPa 100° 46 kt 20110807.00
Part D: 99 11  20.7 hPa  90° 41 kt 20110807.00
Part D: 11 22  19.5 hPa  85° 61 kt 20110807.00
Part D: 22 33  18.8 hPa  85° 52 kt 20110807.00
Part D: 33 44  17.3 hPa  75° 60 kt 20110807.00
Part D: 44 55  16.3 hPa  80° 77 kt 20110807.00
Part D: 55 66  12.9 hPa  90° 63 kt 20110807.00
Part D: 66 77  11.3 hPa  90° 82 kt 20110807.00
Part D: 77 88  10.0 hPa  95° 50 kt 20110807.00
Part D: 88 99   9.5 hPa  90° 60 kt 20110807.00
Part D: 99 11   8.8 hPa 115° 38 kt 20110807.00
Part D: 11 22   7.9 hPa  95° 17 kt 20110807.00
Part D: 22 33   7.2 hPa 140°  6 kt 20110807.00
Part D: 33 44   7.1 hPa 125°  8 kt 20110807.00
Part D: 44 55   6.9 hPa 115° 15 kt 20110807.00
Part D: 55 66   6.8 hPa 120° 15 kt 20110807.00
Part A:       100.0 hPa 100° 38 kt 20110807.12
Part C:        70.0 hPa 255° 39 kt 20110807.12
Part C:        50.0 hPa 265° 19 kt 20110807.12
Part C:        30.0 hPa 235° 15 kt 20110807.12
Part C:        20.0 hPa  85° 60 kt 20110807.12
Part C:        10.0 hPa  80° 51 kt 20110807.12
Part D: 11     95.7 hPa 100° 25 kt 20110807.12
Part D: 11 22  94.0 hPa  85° 21 kt 20110807.12
Part D: 22 33  92.6 hPa  75° 24 kt 20110807.12
Part D: 33 44  87.1 hPa  80° 39 kt 20110807.12
Part D: 44 55  81.7 hPa 105° 14 kt 20110807.12
Part D: 55 66  80.3 hPa  80°  8 kt 20110807.12
Part D: 66 77  77.5 hPa  50°  9 kt 20110807.12
Part D: 77 88  76.0 hPa 135°  3 kt 20110807.12
Part D: 88 99  74.4 hPa 225° 12 kt 20110807.12
Part D: 99 11  72.4 hPa 250° 27 kt 20110807.12
Part D: 11 22  70.4 hPa 250° 38 kt 20110807.12
Part D: 22 33  63.6 hPa 260° 51 kt 20110807.12
Part D: 33 44  58.7 hPa 275° 45 kt 20110807.12
Part D: 44 55  54.7 hPa 265° 43 kt 20110807.12
Part D: 55 66  50.8 hPa 255° 18 kt 20110807.12
Part D: 66 77  47.5 hPa 285° 26 kt 20110807.12
Part D: 77 88  44.4 hPa 305° 17 kt 20110807.12
Part D: 88 99  41.8 hPa  40° 11 kt 20110807.12
Part D: 99 11  40.6 hPa  80° 12 kt 20110807.12
Part D: 11 22  40.1 hPa 130°  9 kt 20110807.12
Part D: 22 33  39.5 hPa 180° 11 kt 20110807.12
Part D: 33 44  38.2 hPa 220° 22 kt 20110807.12
Part D: 44 55  37.4 hPa 230° 29 kt 20110807.12
Part D: 55 66  35.8 hPa 215° 35 kt 20110807.12
Part D: 66 77  34.5 hPa 225° 41 kt 20110807.12
Part D: 77 88  30.4 hPa 240° 18 kt 20110807.12
Part D: 88 99  29.4 hPa 205° 10 kt 20110807.12
Part D: 99 11  29.2 hPa 190°  8 kt 20110807.12
Part D: 11 22  28.5 hPa 165° 11 kt 20110807.12
Part D: 22 33  27.3 hPa 175° 12 kt 20110807.12
Part D: 33 44  26.8 hPa 130°  7 kt 20110807.12
Part D: 44 55  26.2 hPa  90° 10 kt 20110807.12
Part D: 55 66  25.3 hPa  55° 14 kt 20110807.12
Part D: 66 77  23.5 hPa 105° 37 kt 20110807.12
Part D: 77 88  22.7 hPa 105° 40 kt 20110807.12
Part D: 88 99  21.1 hPa  85° 38 kt 20110807.12
Part D: 99 11  19.0 hPa  85° 76 kt 20110807.12
Part D: 11 22  16.9 hPa  85° 88 kt 20110807.12
Part D: 22 33  15.7 hPa  90° 69 kt 20110807.12
Part D: 33 44  14.1 hPa  85° 81 kt 20110807.12
Part D: 44 55  12.8 hPa  90° 67 kt 20110807.12
Part D: 55 66  11.4 hPa  90° 93 kt 20110807.12
Part D: 66 77   9.0 hPa  70° 31 kt 20110807.12
Part A:       100.0 hPa 120° 26 kt 20110808.00
Part C:        70.0 hPa 240° 42 kt 20110808.00
Part C:        50.0 hPa 245° 11 kt 20110808.00
Part C:        30.0 hPa 300° 15 kt 20110808.00
Part C:        20.0 hPa  95° 60 kt 20110808.00
Part C:        10.0 hPa 100° 54 kt 20110808.00
Part D: 11     94.2 hPa 135° 16 kt 20110808.00
Part D: 11 22  88.8 hPa 110° 18 kt 20110808.00
Part D: 22 33  86.9 hPa 115° 22 kt 20110808.00
Part D: 33 44  85.5 hPa 145° 17 kt 20110808.00
Part D: 44 55  83.6 hPa 120°  8 kt 20110808.00
Part D: 55 66  82.3 hPa  45°  2 kt 20110808.00
Part D: 66 77  79.7 hPa 265° 12 kt 20110808.00
Part D: 77 88  73.1 hPa 240° 37 kt 20110808.00
Part D: 88 99  65.9 hPa 250° 46 kt 20110808.00
Part D: 99 11  55.5 hPa 295° 20 kt 20110808.00
Part D: 11 22  54.1 hPa 295° 18 kt 20110808.00
Part D: 22 33  51.4 hPa 245° 15 kt 20110808.00
Part D: 33 44  48.8 hPa 265°  4 kt 20110808.00
Part D: 44 55  48.3 hPa 315°  2 kt 20110808.00
Part D: 55 66  44.4 hPa 170° 11 kt 20110808.00
Part D: 66 77  43.8 hPa 185° 13 kt 20110808.00
Part D: 77 88  41.4 hPa 135° 15 kt 20110808.00
Part D: 88 99  39.6 hPa 175° 13 kt 20110808.00
Part D: 99 11  38.5 hPa 235° 18 kt 20110808.00
Part D: 11 22  37.3 hPa 255° 22 kt 20110808.00
Part D: 22 33  34.6 hPa 255° 22 kt 20110808.00
Part D: 33 44  32.0 hPa 285° 24 kt 20110808.00
Part D: 44 55  30.4 hPa 300° 19 kt 20110808.00
Part D: 55 66  29.0 hPa 280°  3 kt 20110808.00
Part D: 66 77  28.8 hPa 220°  3 kt 20110808.00
Part D: 77 88  27.1 hPa  60° 11 kt 20110808.00
Part D: 88 99  26.4 hPa  50° 16 kt 20110808.00
Part D: 99 11  24.4 hPa 100° 30 kt 20110808.00
Part D: 11 22  22.7 hPa  70° 45 kt 20110808.00
Part D: 22 33  21.3 hPa  80° 58 kt 20110808.00
Part D: 33 44  20.5 hPa  95° 58 kt 20110808.00
Part D: 44 55  16.7 hPa  95° 85 kt 20110808.00
Part D: 55 66  14.9 hPa  90° 72 kt 20110808.00
Part D: 66 77  13.1 hPa  85° 84 kt 20110808.00
Part D: 77 88  11.3 hPa  90° 92 kt 20110808.00
Part D: 88 99  10.5 hPa 110° 57 kt 20110808.00
Part D: 99 11   9.5 hPa 105° 47 kt 20110808.00
Part D: 11 22   8.8 hPa  85° 29 kt 20110808.00
Part D: 22 33   8.0 hPa  90° 37 kt 20110808.00
Part A:       100.0 hPa 140°  3 kt 20110808.12
Part C:        70.0 hPa 210° 10 kt 20110808.12
Part C:        50.0 hPa 260° 14 kt 20110808.12
Part C:        30.0 hPa 325° 17 kt 20110808.12
Part C:        20.0 hPa 105° 54 kt 20110808.12
Part C:        10.0 hPa  85° 67 kt 20110808.12
Part D: 11     93.1 hPa 195° 13 kt 20110808.12
Part D: 11 22  88.6 hPa 175° 15 kt 20110808.12
Part D: 22 33  85.0 hPa 140°  4 kt 20110808.12
Part D: 33 44  74.7 hPa 140°  4 kt 20110808.12
Part D: 44 55  74.1 hPa 210°  4 kt 20110808.12
Part D: 55 66  72.4 hPa 230° 11 kt 20110808.12
Part D: 66 77  70.3 hPa 210° 11 kt 20110808.12
Part D: 77 88  66.1 hPa 255° 22 kt 20110808.12
Part D: 88 99  61.8 hPa 245° 20 kt 20110808.12
Part D: 99 11  59.3 hPa 255° 31 kt 20110808.12
Part D: 11 22  55.4 hPa 270° 18 kt 20110808.12
Part D: 22 33  53.5 hPa 290° 10 kt 20110808.12
Part D: 33 44  49.0 hPa 265° 19 kt 20110808.12
Part D: 44 55  48.8 hPa 265° 20 kt 20110808.12
Part D: 55 66  45.6 hPa 305°  4 kt 20110808.12
Part D: 66 77  45.5 hPa 300°  4 kt 20110808.12
Part D: 77 88  44.6 hPa 235° 12 kt 20110808.12
Part D: 88 99  44.0 hPa 230° 18 kt 20110808.12
Part D: 99 11  42.2 hPa 210° 10 kt 20110808.12
Part D: 11 22  33.7 hPa 295° 36 kt 20110808.12
Part D: 22 33  32.9 hPa 305° 33 kt 20110808.12
Part D: 33 44  29.4 hPa 320° 12 kt 20110808.12
Part D: 44 55  28.4 hPa 335°  6 kt 20110808.12
Part D: 55 66  27.2 hPa  25° 10 kt 20110808.12
Part D: 66 77  26.5 hPa  80° 23 kt 20110808.12
Part D: 77 88  25.9 hPa 100° 26 kt 20110808.12
Part D: 88 99  24.3 hPa  75° 39 kt 20110808.12
Part D: 99 11  23.3 hPa  85° 49 kt 20110808.12
Part D: 11 22  21.9 hPa 100° 44 kt 20110808.12
Part D: 22 33  16.2 hPa  90° 84 kt 20110808.12
Part D: 33 44  15.0 hPa  90° 71 kt 20110808.12
Part D: 44 55  12.9 hPa  95° 76 kt 20110808.12
Part D: 55 66  11.9 hPa  90° 90 kt 20110808.12
Part D: 66 77  11.4 hPa  75° 77 kt 20110808.12
Part D: 77 88  10.6 hPa  80° 59 kt 20110808.12
Part D: 88 99  10.1 hPa  85° 68 kt 20110808.12
Part D: 99 11   8.1 hPa 100° 35 kt 20110808.12
Part D: 11 22   7.7 hPa 105° 44 kt 20110808.12
Part A:       100.0 hPa  25° 23 kt 20110809.00
Part C:        70.0 hPa 255° 27 kt 20110809.00
Part C:        50.0 hPa 235° 21 kt 20110809.00
Part C:        30.0 hPa  20° 16 kt 20110809.00
Part C:        20.0 hPa  95° 55 kt 20110809.00
Part C:        10.0 hPa  85° 67 kt 20110809.00
Part D: 11     98.4 hPa  30° 20 kt 20110809.00
Part D: 11 22  94.8 hPa 335°  9 kt 20110809.00
Part D: 22 33  90.2 hPa 245° 14 kt 20110809.00
Part D: 33 44  84.2 hPa 200°  6 kt 20110809.00
Part D: 44 55  81.9 hPa 255°  2 kt 20110809.00
Part D: 55 66  79.2 hPa 255° 15 kt 20110809.00
Part D: 66 77  73.7 hPa 260° 31 kt 20110809.00
Part D: 77 88  69.1 hPa 255° 27 kt 20110809.00
Part D: 88 99  66.9 hPa 275° 24 kt 20110809.00
Part D: 99 11  63.9 hPa 265° 25 kt 20110809.00
Part D: 11 22  60.8 hPa 280° 17 kt 20110809.00
Part D: 22 33  58.1 hPa 290° 27 kt 20110809.00
Part D: 33 44  56.6 hPa 300° 20 kt 20110809.00
Part D: 44 55  53.1 hPa 330°  4 kt 20110809.00
Part D: 55 66  52.9 hPa 315°  3 kt 20110809.00
Part D: 66 77  51.7 hPa 235° 11 kt 20110809.00
Part D: 77 88  50.2 hPa 235° 21 kt 20110809.00
Part D: 88 99  48.4 hPa 220° 12 kt 20110809.00
Part D: 99 11  47.4 hPa 185°  7 kt 20110809.00
Part D: 11 22  46.4 hPa 195° 10 kt 20110809.00
Part D: 22 33  44.7 hPa 225° 21 kt 20110809.00
Part D: 33 44  41.1 hPa 245° 18 kt 20110809.00
Part D: 44 55  39.5 hPa 290° 18 kt 20110809.00
Part D: 55 66  36.7 hPa 320° 33 kt 20110809.00
Part D: 66 77  34.0 hPa 330° 27 kt 20110809.00
Part D: 77 88  32.6 hPa  15° 21 kt 20110809.00
Part D: 88 99  28.6 hPa  25° 14 kt 20110809.00
Part D: 99 11  27.7 hPa  40° 15 kt 20110809.00
Part D: 11 22  26.8 hPa  85° 23 kt 20110809.00
Part D: 22 33  25.8 hPa 105° 25 kt 20110809.00
Part D: 33 44  23.3 hPa 105° 34 kt 20110809.00
Part D: 44 55  22.5 hPa  95° 43 kt 20110809.00
Part D: 55 66  21.1 hPa 105° 45 kt 20110809.00
Part D: 66 77  19.8 hPa  90° 58 kt 20110809.00
Part D: 77 88  17.9 hPa  90° 79 kt 20110809.00
Part D: 88 99  15.5 hPa  90° 80 kt 20110809.00
Part D: 99 11  13.7 hPa  95° 69 kt 20110809.00
Part D: 11 22  10.9 hPa  90° 94 kt 20110809.00
Part D: 22 33   9.9 hPa  85° 67 kt 20110809.00
Part A:       100.0 hPa 130° 13 kt 20110809.12
Part C:        70.0 hPa 265° 36 kt 20110809.12
Part D: 11     96.9 hPa 200° 12 kt 20110809.12
Part D: 11 22  95.3 hPa 205° 10 kt 20110809.12
Part D: 22 33  94.1 hPa 125°  6 kt 20110809.12
Part D: 33 44  92.4 hPa  35° 10 kt 20110809.12
Part D: 44 55  85.0 hPa  45° 30 kt 20110809.12
Part D: 55 66  83.0 hPa  55° 24 kt 20110809.12
Part D: 66 77  80.5 hPa  30° 13 kt 20110809.12
Part D: 77 88  79.0 hPa 340°  9 kt 20110809.12
Part D: 88 99  77.8 hPa 290° 11 kt 20110809.12
Part D: 99 11  76.8 hPa 270° 15 kt 20110809.12
Part D: 11 22  69.8 hPa 265° 36 kt 20110809.12
Part D: 22 33  67.8 hPa 265° 20 kt 20110809.12
Part A:       100.0 hPa  10° 16 kt 20110810.00
Part C:        70.0 hPa 295° 22 kt 20110810.00
Part C:        50.0 hPa 255° 19 kt 20110810.00
Part C:        30.0 hPa 240° 25 kt 20110810.00
Part C:        20.0 hPa  80° 48 kt 20110810.00
Part D: 11     89.9 hPa 270°  9 kt 20110810.00
Part D: 11 22  85.6 hPa 185°  5 kt 20110810.00
Part D: 22 33  82.6 hPa 145° 11 kt 20110810.00
Part D: 33 44  78.0 hPa 205° 15 kt 20110810.00
Part D: 44 55  74.6 hPa 225° 17 kt 20110810.00
Part D: 55 66  71.4 hPa 275° 25 kt 20110810.00
Part D: 66 77  69.4 hPa 305° 19 kt 20110810.00
Part D: 77 88  65.0 hPa 305°  3 kt 20110810.00
Part D: 88 99  64.9 hPa 295°  3 kt 20110810.00
Part D: 99 11  63.1 hPa 230° 12 kt 20110810.00
Part D: 11 22  61.3 hPa 230° 15 kt 20110810.00
Part D: 22 33  59.7 hPa 200° 10 kt 20110810.00
Part D: 33 44  57.5 hPa 220° 19 kt 20110810.00
Part D: 44 55  54.9 hPa 220° 16 kt 20110810.00
Part D: 55 66  53.3 hPa 255° 20 kt 20110810.00
Part D: 66 77  52.3 hPa 260° 26 kt 20110810.00
Part D: 77 88  48.6 hPa 260° 10 kt 20110810.00
Part D: 88 99  46.2 hPa 265° 20 kt 20110810.00
Part D: 99 11  43.6 hPa 315° 15 kt 20110810.00
Part D: 11 22  42.3 hPa 315° 21 kt 20110810.00
Part D: 22 33  40.8 hPa 355° 25 kt 20110810.00
Part D: 33 44  38.8 hPa 360° 13 kt 20110810.00
Part D: 44 55  36.0 hPa 255°  2 kt 20110810.00
Part D: 55 66  35.2 hPa 150°  3 kt 20110810.00
Part D: 66 77  33.2 hPa 225° 16 kt 20110810.00
Part D: 77 88  32.3 hPa 240° 20 kt 20110810.00
Part D: 88 99  30.2 hPa 240° 25 kt 20110810.00
Part D: 99 11  28.5 hPa 235° 14 kt 20110810.00
Part D: 11 22  27.7 hPa 215°  2 kt 20110810.00
Part D: 22 33  27.0 hPa 130° 10 kt 20110810.00
Part D: 33 44  26.5 hPa 150° 14 kt 20110810.00
Part D: 44 55  25.4 hPa 105° 19 kt 20110810.00
Part D: 55 66  24.3 hPa  85° 28 kt 20110810.00
Part D: 66 77  22.2 hPa 110° 36 kt 20110810.00
Part D: 77 88  20.3 hPa  85° 44 kt 20110810.00
Part D: 88 99  18.6 hPa  80° 73 kt 20110810.00
Part D: 99 11  16.7 hPa  90° 86 kt 20110810.00
Part D: 11 22  15.8 hPa  95° 75 kt 20110810.00
Part A:       100.0 hPa   5°  8 kt 20110810.12
Part C:        70.0 hPa 335° 11 kt 20110810.12
Part C:        50.0 hPa 275° 25 kt 20110810.12
Part C:        30.0 hPa 255° 21 kt 20110810.12
Part C:        20.0 hPa  75° 52 kt 20110810.12
Part C:        10.0 hPa  90° 79 kt 20110810.12
Part D: 11     94.7 hPa 225° 10 kt 20110810.12
Part D: 11 22  92.1 hPa 210° 11 kt 20110810.12
Part D: 22 33  82.2 hPa 265° 13 kt 20110810.12
Part D: 33 44  76.4 hPa 275° 16 kt 20110810.12
Part D: 44 55  75.2 hPa 280° 18 kt 20110810.12
Part D: 55 66  70.6 hPa 320° 12 kt 20110810.12
Part D: 66 77  65.6 hPa  75°  9 kt 20110810.12
Part D: 77 88  63.8 hPa  40°  3 kt 20110810.12
Part D: 88 99  62.0 hPa 265° 10 kt 20110810.12
Part D: 99 11  53.4 hPa 265° 33 kt 20110810.12
Part D: 11 22  51.4 hPa 260° 22 kt 20110810.12
Part D: 22 33  47.2 hPa 300° 14 kt 20110810.12
Part D: 33 44  43.6 hPa 320° 23 kt 20110810.12
Part D: 44 55  41.7 hPa 340° 13 kt 20110810.12
Part D: 55 66  40.4 hPa  20° 10 kt 20110810.12
Part D: 66 77  39.6 hPa 325°  2 kt 20110810.12
Part D: 77 88  38.6 hPa 245° 10 kt 20110810.12
Part D: 88 99  36.4 hPa 255° 37 kt 20110810.12
Part D: 99 11  34.3 hPa 255° 41 kt 20110810.12
Part D: 11 22  29.3 hPa 260° 12 kt 20110810.12
Part D: 22 33  28.4 hPa 310°  3 kt 20110810.12
Part D: 33 44  27.8 hPa  10° 10 kt 20110810.12
Part D: 44 55  27.4 hPa  20° 11 kt 20110810.12
Part D: 55 66  26.2 hPa 105° 13 kt 20110810.12
Part D: 66 77  25.9 hPa 115° 15 kt 20110810.12
Part D: 77 88  25.3 hPa  85° 23 kt 20110810.12
Part D: 88 99  24.0 hPa  60° 26 kt 20110810.12
Part D: 99 11  22.2 hPa  95° 30 kt 20110810.12
Part D: 11 22  21.2 hPa  85° 49 kt 20110810.12
Part D: 22 33  20.3 hPa  75° 48 kt 20110810.12
Part D: 33 44  16.7 hPa 100° 85 kt 20110810.12
Part D: 44 55  15.8 hPa 105° 78 kt 20110810.12
Part D: 55 66  14.2 hPa 100° 70 kt 20110810.12
Part D: 66 77  11.2 hPa  95° 98 kt 20110810.12
Part D: 77 88  10.5 hPa  90° 90 kt 20110810.12
Part D: 88 99   9.2 hPa 100° 63 kt 20110810.12
Part D: 99 11   8.5 hPa 125° 57 kt 20110810.12
Part D: 11 22   7.6 hPa  95° 31 kt 20110810.12
Part A:       100.0 hPa 335°  6 kt 20110811.00
Part C:        70.0 hPa 175°  5 kt 20110811.00
Part C:        50.0 hPa 285°  8 kt 20110811.00
Part C:        30.0 hPa 310° 16 kt 20110811.00
Part C:        20.0 hPa  95° 59 kt 20110811.00
Part C:        10.0 hPa  95° 73 kt 20110811.00
Part D: 11     97.2 hPa 305° 11 kt 20110811.00
Part D: 11 22  88.9 hPa 310°  8 kt 20110811.00
Part D: 22 33  83.0 hPa 280° 12 kt 20110811.00
Part D: 33 44  81.6 hPa 260° 19 kt 20110811.00
Part D: 44 55  77.3 hPa 275° 27 kt 20110811.00
Part D: 55 66  72.6 hPa 265° 12 kt 20110811.00
Part D: 66 77  70.2 hPa 185°  5 kt 20110811.00
Part D: 77 88  68.0 hPa 180° 10 kt 20110811.00
Part D: 88 99  64.2 hPa 235° 15 kt 20110811.00
Part D: 99 11  60.7 hPa 255° 27 kt 20110811.00
Part D: 11 22  57.0 hPa 280° 25 kt 20110811.00
Part D: 22 33  53.3 hPa 280° 18 kt 20110811.00
Part D: 33 44  51.9 hPa 265° 13 kt 20110811.00
Part D: 44 55  49.6 hPa 275° 10 kt 20110811.00
Part D: 55 66  48.6 hPa 255° 14 kt 20110811.00
Part D: 66 77  46.6 hPa 295° 15 kt 20110811.00
Part D: 77 88  42.7 hPa 295°  4 kt 20110811.00
Part D: 88 99  42.5 hPa 325°  3 kt 20110811.00
Part D: 99 11  40.2 hPa 230° 12 kt 20110811.00
Part D: 11 22  35.8 hPa 270° 43 kt 20110811.00
Part D: 22 33  31.7 hPa 280° 22 kt 20110811.00
Part D: 33 44  30.6 hPa 305° 17 kt 20110811.00
Part D: 44 55  29.2 hPa 310° 15 kt 20110811.00
Part D: 55 66  27.7 hPa 355° 10 kt 20110811.00
Part D: 66 77  26.9 hPa  60° 16 kt 20110811.00
Part D: 77 88  24.8 hPa  45° 29 kt 20110811.00
Part D: 88 99  23.3 hPa  85° 40 kt 20110811.00
Part D: 99 11  22.7 hPa  85° 49 kt 20110811.00
Part D: 11 22  21.5 hPa  95° 44 kt 20110811.00
Part D: 22 33  18.8 hPa  95° 72 kt 20110811.00
Part D: 33 44  16.2 hPa 100° 84 kt 20110811.00
Part D: 44 55  14.1 hPa  95° 76 kt 20110811.00
Part D: 55 66  11.7 hPa 105° 81 kt 20110811.00
Part D: 66 77  10.9 hPa  95° 92 kt 20110811.00
Part D: 77 88   8.9 hPa  85° 61 kt 20110811.00
Part D: 88 99   8.5 hPa  90° 46 kt 20110811.00
Part A:       100.0 hPa 105° 14 kt 20110812.00
Part C:        70.0 hPa 230° 10 kt 20110812.00
Part C:        50.0 hPa 245°  5 kt 20110812.00
Part C:        30.0 hPa 290° 18 kt 20110812.00
Part C:        20.0 hPa  95° 58 kt 20110812.00
Part C:        10.0 hPa  70° 54 kt 20110812.00
Part D: 11     98.1 hPa 105° 11 kt 20110812.00
Part D: 11 22  96.5 hPa  10°  5 kt 20110812.00
Part D: 22 33  94.7 hPa 270° 11 kt 20110812.00
Part D: 33 44  92.3 hPa 260° 11 kt 20110812.00
Part D: 44 55  78.7 hPa  50° 10 kt 20110812.00
Part D: 55 66  76.4 hPa 100°  4 kt 20110812.00
Part D: 66 77  75.9 hPa 165°  2 kt 20110812.00
Part D: 77 88  73.5 hPa 250° 10 kt 20110812.00
Part D: 88 99  67.8 hPa 240° 10 kt 20110812.00
Part D: 99 11  66.1 hPa 270° 19 kt 20110812.00
Part D: 11 22  64.2 hPa 275° 26 kt 20110812.00
Part D: 22 33  61.4 hPa 295° 16 kt 20110812.00
Part D: 33 44  53.1 hPa 285° 10 kt 20110812.00
Part D: 44 55  49.8 hPa 245°  4 kt 20110812.00
Part D: 55 66  47.8 hPa 235°  6 kt 20110812.00
Part D: 66 77  46.5 hPa 205°  7 kt 20110812.00
Part D: 77 88  43.8 hPa 235° 24 kt 20110812.00
Part D: 88 99  40.8 hPa 250° 43 kt 20110812.00
Part D: 99 11  37.8 hPa 265° 38 kt 20110812.00
Part D: 11 22  34.0 hPa 265° 31 kt 20110812.00
Part D: 22 33  30.7 hPa 300° 21 kt 20110812.00
Part D: 33 44  30.1 hPa 290° 19 kt 20110812.00
Part D: 44 55  28.8 hPa 275°  4 kt 20110812.00
Part D: 55 66  28.6 hPa 205°  2 kt 20110812.00
Part D: 66 77  27.4 hPa  85° 11 kt 20110812.00
Part D: 77 88  27.0 hPa  80° 16 kt 20110812.00
Part D: 88 99  25.5 hPa 105° 37 kt 20110812.00
Part D: 99 11  24.6 hPa 125° 41 kt 20110812.00
Part D: 11 22  22.6 hPa  90° 45 kt 20110812.00
Part D: 22 33  17.6 hPa  90° 72 kt 20110812.00
Part D: 33 44  12.0 hPa  95° 74 kt 20110812.00
Part D: 44 55  10.9 hPa 100° 70 kt 20110812.00
Part D: 55 66  10.0 hPa  70° 54 kt 20110812.00
Part D: 66 77   8.5 hPa  80° 57 kt 20110812.00
Part A:       100.0 hPa 105°  9 kt 20110812.12
Part A:       100.0 hPa 270° 10 kt 20110813.00
Part C:        70.0 hPa 225° 13 kt 20110813.00
Part C:        50.0 hPa 265° 27 kt 20110813.00
Part C:        30.0 hPa  25° 12 kt 20110813.00
Part C:        20.0 hPa 100° 61 kt 20110813.00
Part C:        10.0 hPa  90° 64 kt 20110813.00
Part D: 11     91.9 hPa 330° 18 kt 20110813.00
Part D: 11 22  84.8 hPa  50° 16 kt 20110813.00
Part D: 22 33  80.2 hPa  70° 20 kt 20110813.00
Part D: 33 44  74.9 hPa 140° 10 kt 20110813.00
Part D: 44 55  72.9 hPa 175°  9 kt 20110813.00
Part D: 55 66  69.3 hPa 240° 17 kt 20110813.00
Part D: 66 77  67.4 hPa 255° 29 kt 20110813.00
Part D: 77 88  64.6 hPa 255° 16 kt 20110813.00
Part D: 88 99  62.9 hPa 220° 11 kt 20110813.00
Part D: 99 11  62.4 hPa 205° 12 kt 20110813.00
Part D: 11 22  56.4 hPa 235° 24 kt 20110813.00
Part D: 22 33  53.5 hPa 250°  6 kt 20110813.00
Part D: 33 44  52.1 hPa 270° 13 kt 20110813.00
Part D: 44 55  50.1 hPa 265° 27 kt 20110813.00
Part D: 55 66  45.1 hPa 285° 30 kt 20110813.00
Part D: 66 77  43.1 hPa 260° 34 kt 20110813.00
Part D: 77 88  36.8 hPa 285° 41 kt 20110813.00
Part D: 88 99  33.5 hPa 295° 35 kt 20110813.00
Part D: 99 11  31.6 hPa 315° 23 kt 20110813.00
Part D: 11 22  28.7 hPa  70°  5 kt 20110813.00
Part D: 22 33  28.3 hPa 110°  7 kt 20110813.00
Part D: 33 44  25.3 hPa 110° 40 kt 20110813.00
Part D: 44 55  23.8 hPa  95° 51 kt 20110813.00
Part D: 55 66  22.7 hPa  85° 47 kt 20110813.00
Part D: 66 77  21.0 hPa 100° 54 kt 20110813.00
Part D: 77 88  12.2 hPa  90° 78 kt 20110813.00
Part D: 88 99  10.2 hPa  90° 69 kt 20110813.00
Part D: 99 11   9.4 hPa  75° 63 kt 20110813.00
Part A:       100.0 hPa 220° 12 kt 20110813.12
Part C:        70.0 hPa 270° 15 kt 20110813.12
Part D: 11     97.1 hPa 245° 10 kt 20110813.12
Part D: 11 22  92.7 hPa 325°  7 kt 20110813.12
Part D: 22 33  89.4 hPa  55° 17 kt 20110813.12
Part D: 33 44  83.7 hPa  75° 29 kt 20110813.12
Part D: 44 55  78.8 hPa 100°  8 kt 20110813.12
Part D: 55 66  77.7 hPa 150°  4 kt 20110813.12
Part D: 66 77  74.8 hPa 240° 11 kt 20110813.12
Part D: 77 88  68.1 hPa 275° 22 kt 20110813.12
Part D: 88 99  66.4 hPa 280° 13 kt 20110813.12
Part D: 99 11  64.4 hPa 330°  2 kt 20110813.12
Part D: 11 22  64.3 hPa 345°  2 kt 20110813.12
Part D: 22 33  60.2 hPa 240° 12 kt 20110813.12
Part D: 33 44  57.1 hPa 255° 27 kt 20110813.12
Part A:       100.0 hPa 120° 11 kt 20110815.12
Part A:       100.0 hPa 360°  9 kt 20110817.00
Part C:        70.0 hPa 265° 18 kt 20110817.00
Part C:        50.0 hPa 275° 38 kt 20110817.00
Part C:        30.0 hPa 295° 18 kt 20110817.00
Part C:        20.0 hPa  95° 64 kt 20110817.00
Part C:        10.0 hPa  75° 52 kt 20110817.00
Part D: 11     92.9 hPa 225° 11 kt 20110817.00
Part D: 11 22  87.0 hPa 205°  2 kt 20110817.00
Part D: 22 33  84.0 hPa 290° 10 kt 20110817.00
Part D: 33 44  80.7 hPa 315° 10 kt 20110817.00
Part D: 44 55  77.1 hPa 290° 21 kt 20110817.00
Part D: 55 66  74.0 hPa 310° 20 kt 20110817.00
Part D: 66 77  71.6 hPa 300° 14 kt 20110817.00
Part D: 77 88  69.8 hPa 265° 19 kt 20110817.00
Part D: 88 99  68.6 hPa 260° 26 kt 20110817.00
Part D: 99 11  65.2 hPa 245°  5 kt 20110817.00
Part D: 11 22  64.9 hPa 225°  4 kt 20110817.00
Part D: 22 33  63.3 hPa 210° 12 kt 20110817.00
Part D: 33 44  60.4 hPa 250° 22 kt 20110817.00
Part D: 44 55  58.7 hPa 245° 25 kt 20110817.00
Part D: 55 66  57.4 hPa 265° 35 kt 20110817.00
Part D: 66 77  53.3 hPa 280° 49 kt 20110817.00
Part D: 77 88  41.1 hPa 260° 24 kt 20110817.00
Part D: 88 99  39.5 hPa 250° 36 kt 20110817.00
Part D: 99 11  35.4 hPa 255° 31 kt 20110817.00
Part D: 11 22  33.3 hPa 290° 29 kt 20110817.00
Part D: 22 33  32.4 hPa 285° 29 kt 20110817.00
Part D: 33 44  30.8 hPa 280° 22 kt 20110817.00
Part D: 44 55  29.9 hPa 300° 17 kt 20110817.00
Part D: 55 66  28.7 hPa 295° 16 kt 20110817.00
Part D: 66 77  28.3 hPa 330°  8 kt 20110817.00
Part D: 77 88  28.2 hPa   5°  6 kt 20110817.00
Part D: 88 99  27.9 hPa  80° 11 kt 20110817.00
Part D: 99 11  27.4 hPa 100° 18 kt 20110817.00
Part D: 11 22  25.8 hPa 110° 36 kt 20110817.00
Part D: 22 33  22.6 hPa  95° 44 kt 20110817.00
Part D: 33 44  21.8 hPa  80° 52 kt 20110817.00
Part D: 44 55  20.9 hPa  90° 64 kt 20110817.00
Part D: 55 66  19.2 hPa 100° 59 kt 20110817.00
Part D: 66 77  15.2 hPa  95° 70 kt 20110817.00
Part D: 77 88  13.8 hPa  95° 56 kt 20110817.00
Part D: 88 99  11.3 hPa  90° 67 kt 20110817.00
Part D: 99 11   9.9 hPa  70° 50 kt 20110817.00
Part D: 11 22   8.4 hPa  80° 43 kt 20110817.00
Part D: 22 33   7.7 hPa  40° 30 kt 20110817.00
Part D: 33 44   7.4 hPa  50° 23 kt 20110817.00
Part D: 44 55   7.3 hPa  20° 16 kt 20110817.00
Part D: 55 66   7.1 hPa  20° 15 kt 20110817.00
Part A:       100.0 hPa 275°  6 kt 20110817.12
Part A:       100.0 hPa 130°  8 kt 20110818.00
Part C:        70.0 hPa 250° 33 kt 20110818.00
Part C:        50.0 hPa 280° 41 kt 20110818.00
Part C:        30.0 hPa 105° 19 kt 20110818.00
Part C:        20.0 hPa  95° 55 kt 20110818.00
Part C:        10.0 hPa  95° 55 kt 20110818.00
Part D: 11     97.3 hPa 360°  2 kt 20110818.00
Part D: 11 22  90.1 hPa 350°  8 kt 20110818.00
Part D: 22 33  87.9 hPa 340° 12 kt 20110818.00
Part D: 33 44  87.1 hPa 350° 13 kt 20110818.00
Part D: 44 55  77.1 hPa 155°  3 kt 20110818.00
Part D: 55 66  75.7 hPa 235° 11 kt 20110818.00
Part D: 66 77  73.5 hPa 245° 27 kt 20110818.00
Part D: 77 88  68.5 hPa 255° 33 kt 20110818.00
Part D: 88 99  67.0 hPa 265° 31 kt 20110818.00
Part D: 99 11  64.6 hPa 255° 17 kt 20110818.00
Part D: 11 22  60.9 hPa 285° 29 kt 20110818.00
Part D: 22 33  55.0 hPa 265° 38 kt 20110818.00
Part D: 33 44  46.9 hPa 290° 44 kt 20110818.00
Part D: 44 55  42.5 hPa 280° 25 kt 20110818.00
Part D: 55 66  39.4 hPa 275° 31 kt 20110818.00
Part D: 66 77  37.5 hPa 280° 28 kt 20110818.00
Part D: 77 88  34.2 hPa 330° 29 kt 20110818.00
Part D: 88 99  33.1 hPa 325° 28 kt 20110818.00
Part D: 99 11  31.7 hPa 355° 15 kt 20110818.00
Part D: 11 22  31.2 hPa  20° 10 kt 20110818.00
Part D: 22 33  30.2 hPa  95° 18 kt 20110818.00
Part D: 33 44  28.7 hPa 140° 16 kt 20110818.00
Part D: 44 55  26.3 hPa 105° 26 kt 20110818.00
Part D: 55 66  25.5 hPa  75° 33 kt 20110818.00
Part D: 66 77  23.1 hPa  75° 50 kt 20110818.00
Part D: 77 88  22.2 hPa  95° 48 kt 20110818.00
Part D: 88 99  19.9 hPa  95° 56 kt 20110818.00
Part D: 99 11  13.3 hPa  85° 76 kt 20110818.00
Part D: 11 22  11.0 hPa  95° 52 kt 20110818.00
Part D: 22 33   9.5 hPa  95° 62 kt 20110818.00
Part D: 33 44   8.8 hPa  75° 34 kt 20110818.00
Part D: 44 55   8.2 hPa  85° 31 kt 20110818.00
Part D: 55 66   8.0 hPa  80° 34 kt 20110818.00
Part A:       100.0 hPa  60° 31 kt 20110820.12
Part C:        70.0 hPa 270° 14 kt 20110820.12
Part C:        50.0 hPa 275° 34 kt 20110820.12
Part C:        30.0 hPa  10° 14 kt 20110820.12
Part D: 11     97.4 hPa  75° 14 kt 20110820.12
Part D: 11 22  95.7 hPa 140°  5 kt 20110820.12
Part D: 22 33  91.0 hPa 180° 10 kt 20110820.12
Part D: 33 44  89.1 hPa 225° 12 kt 20110820.12
Part D: 44 55  82.7 hPa 265° 25 kt 20110820.12
Part D: 55 66  79.6 hPa 295° 17 kt 20110820.12
Part D: 66 77  74.2 hPa 270° 22 kt 20110820.12
Part D: 77 88  68.9 hPa 265° 11 kt 20110820.12
Part D: 88 99  66.9 hPa 220°  7 kt 20110820.12
Part D: 99 11  66.5 hPa 200°  7 kt 20110820.12
Part D: 11 22  65.1 hPa 160° 12 kt 20110820.12
Part D: 22 33  63.1 hPa 210° 19 kt 20110820.12
Part D: 33 44  60.8 hPa 200°  6 kt 20110820.12
Part D: 44 55  52.4 hPa 265° 39 kt 20110820.12
Part D: 55 66  50.8 hPa 275° 38 kt 20110820.12
Part D: 66 77  44.9 hPa 290° 27 kt 20110820.12
Part D: 77 88  41.9 hPa 350° 21 kt 20110820.12
Part D: 88 99  38.9 hPa 340°  8 kt 20110820.12
Part D: 99 11  37.8 hPa 280°  3 kt 20110820.12
Part D: 11 22  36.8 hPa 230° 11 kt 20110820.12
Part D: 22 33  35.4 hPa 180° 18 kt 20110820.12
Part D: 33 44  32.9 hPa 205° 28 kt 20110820.12
Part D: 44 55  31.5 hPa 165° 10 kt 20110820.12
Part D: 55 66  31.0 hPa 100°  4 kt 20110820.12
Part D: 66 77  30.4 hPa  20° 10 kt 20110820.12
Part D: 77 88  29.7 hPa   5° 17 kt 20110820.12
Part D: 88 99  28.0 hPa  30° 21 kt 20110820.12
Part D: 99 11  27.0 hPa  80° 27 kt 20110820.12
Part D: 11 22  25.8 hPa 105° 44 kt 20110820.12
Part A:       100.0 hPa  85°  7 kt 20110821.00
Part C:        70.0 hPa 180° 19 kt 20110821.00
Part C:        50.0 hPa 265° 34 kt 20110821.00
Part C:        30.0 hPa 345° 18 kt 20110821.00
Part C:        20.0 hPa  90° 59 kt 20110821.00
Part D: 11     89.9 hPa 290° 10 kt 20110821.00
Part D: 11 22  81.7 hPa 325° 16 kt 20110821.00
Part D: 22 33  79.7 hPa 340° 10 kt 20110821.00
Part D: 33 44  78.3 hPa 135°  2 kt 20110821.00
Part D: 44 55  76.6 hPa 250° 10 kt 20110821.00
Part D: 55 66  74.8 hPa 250° 13 kt 20110821.00
Part D: 66 77  70.3 hPa 185° 17 kt 20110821.00
Part D: 77 88  68.6 hPa 190° 24 kt 20110821.00
Part D: 88 99  62.5 hPa 285° 13 kt 20110821.00
Part D: 99 11  59.7 hPa 280°  9 kt 20110821.00
Part D: 11 22  57.7 hPa 265° 17 kt 20110821.00
Part D: 22 33  57.2 hPa 260° 18 kt 20110821.00
Part D: 33 44  52.0 hPa 270° 43 kt 20110821.00
Part D: 44 55  48.0 hPa 255° 23 kt 20110821.00
Part D: 55 66  46.3 hPa 255° 33 kt 20110821.00
Part D: 66 77  44.8 hPa 255° 19 kt 20110821.00
Part D: 77 88  43.4 hPa 220°  7 kt 20110821.00
Part D: 88 99  42.0 hPa 210° 10 kt 20110821.00
Part D: 99 11  41.1 hPa 230° 15 kt 20110821.00
Part D: 11 22  39.9 hPa 225° 13 kt 20110821.00
Part D: 22 33  38.7 hPa 250° 16 kt 20110821.00
Part D: 33 44  37.2 hPa 230° 12 kt 20110821.00
Part D: 44 55  35.3 hPa 235° 17 kt 20110821.00
Part D: 55 66  34.6 hPa 220° 22 kt 20110821.00
Part D: 66 77  32.9 hPa 180°  6 kt 20110821.00
Part D: 77 88  32.6 hPa 110°  3 kt 20110821.00
Part D: 88 99  30.6 hPa 345° 11 kt 20110821.00
Part D: 99 11  29.9 hPa 345° 18 kt 20110821.00
Part D: 11 22  28.6 hPa  60° 26 kt 20110821.00
Part D: 22 33  28.3 hPa  70° 30 kt 20110821.00
Part D: 33 44  26.0 hPa 120° 33 kt 20110821.00
Part D: 44 55  24.0 hPa  70° 44 kt 20110821.00
Part D: 55 66  22.8 hPa  65° 42 kt 20110821.00
Part D: 66 77  19.8 hPa  90° 60 kt 20110821.00
Part D: 77 88  16.7 hPa  90° 61 kt 20110821.00
Part D: 88 99  14.3 hPa  95° 82 kt 20110821.00
Part D: 99 11  11.4 hPa  85° 73 kt 20110821.00
Part D: 11 22  10.7 hPa  80° 88 kt 20110821.00
Part A:       100.0 hPa 110°  8 kt 20110821.12
Part A:       100.0 hPa 110° 12 kt 20110822.00
Part C:        70.0 hPa 220° 13 kt 20110822.00
Part C:        50.0 hPa 285° 23 kt 20110822.00
Part C:        30.0 hPa  65° 16 kt 20110822.00
Part C:        20.0 hPa 100° 63 kt 20110822.00
Part C:        10.0 hPa  95° 64 kt 20110822.00
Part D: 11     97.2 hPa  25°  3 kt 20110822.00
Part D: 11 22  83.4 hPa  75° 16 kt 20110822.00
Part D: 22 33  77.5 hPa 150°  3 kt 20110822.00
Part D: 33 44  76.9 hPa 195°  2 kt 20110822.00
Part D: 44 55  74.0 hPa 225° 11 kt 20110822.00
Part D: 55 66  70.9 hPa 210° 13 kt 20110822.00
Part D: 66 77  65.4 hPa 255° 30 kt 20110822.00
Part D: 77 88  59.6 hPa 305°  8 kt 20110822.00
Part D: 88 99  57.9 hPa 280° 20 kt 20110822.00
Part D: 99 11  52.4 hPa 285° 43 kt 20110822.00
Part D: 11 22  50.0 hPa 285° 23 kt 20110822.00
Part D: 22 33  44.8 hPa 265° 28 kt 20110822.00
Part D: 33 44  36.1 hPa 265° 25 kt 20110822.00
Part D: 44 55  35.2 hPa 270° 17 kt 20110822.00
Part D: 55 66  34.6 hPa 300° 12 kt 20110822.00
Part D: 66 77  34.2 hPa 315° 13 kt 20110822.00
Part D: 77 88  31.8 hPa 330° 28 kt 20110822.00
Part D: 88 99  31.1 hPa 345° 21 kt 20110822.00
Part D: 99 11  29.8 hPa  75° 19 kt 20110822.00
Part D: 11 22  28.2 hPa 125° 16 kt 20110822.00
Part D: 22 33  27.4 hPa 135° 24 kt 20110822.00
Part D: 33 44  25.0 hPa  90° 52 kt 20110822.00
Part D: 44 55  23.9 hPa  85° 41 kt 20110822.00
Part D: 55 66  20.5 hPa 105° 59 kt 20110822.00
Part D: 66 77  18.6 hPa  90° 60 kt 20110822.00
Part D: 77 88  15.1 hPa  90° 80 kt 20110822.00
Part D: 88 99  11.2 hPa 105° 70 kt 20110822.00
Part D: 99 11   9.1 hPa  90° 54 kt 20110822.00
Part A:       100.0 hPa  20° 12 kt 20110823.00
Part C:        70.0 hPa 305° 15 kt 20110823.00
Part C:        50.0 hPa 225°  9 kt 20110823.00
Part C:        30.0 hPa 145° 11 kt 20110823.00
Part C:        20.0 hPa  80° 54 kt 20110823.00
Part C:        10.0 hPa  95° 53 kt 20110823.00
Part D: 11     93.2 hPa 335°  1 kt 20110823.00
Part D: 11 22  93.0 hPa 310°  1 kt 20110823.00
Part D: 22 33  84.2 hPa 140° 11 kt 20110823.00
Part D: 33 44  83.4 hPa 135° 13 kt 20110823.00
Part D: 44 55  81.5 hPa 125°  7 kt 20110823.00
Part D: 55 66  80.2 hPa 215°  3 kt 20110823.00
Part D: 66 77  78.2 hPa 270° 10 kt 20110823.00
Part D: 77 88  72.9 hPa 280° 19 kt 20110823.00
Part D: 88 99  70.1 hPa 305° 15 kt 20110823.00
Part D: 99 11  66.2 hPa 290° 28 kt 20110823.00
Part D: 11 22  64.6 hPa 290° 23 kt 20110823.00
Part D: 22 33  62.2 hPa 270° 14 kt 20110823.00
Part D: 33 44  57.3 hPa 265° 30 kt 20110823.00
Part D: 44 55  52.1 hPa 315°  9 kt 20110823.00
Part D: 55 66  50.8 hPa 300°  3 kt 20110823.00
Part D: 66 77  49.7 hPa 225° 12 kt 20110823.00
Part D: 77 88  48.7 hPa 230° 21 kt 20110823.00
Part D: 88 99  47.1 hPa 215° 19 kt 20110823.00
Part D: 99 11  44.7 hPa 240° 29 kt 20110823.00
Part D: 11 22  39.9 hPa 300° 20 kt 20110823.00
Part D: 22 33  37.8 hPa 280° 18 kt 20110823.00
Part D: 33 44  34.2 hPa 325° 21 kt 20110823.00
Part D: 44 55  32.8 hPa  35° 13 kt 20110823.00
Part D: 55 66  32.0 hPa  95° 15 kt 20110823.00
Part D: 66 77  29.9 hPa 150° 11 kt 20110823.00
Part D: 77 88  29.5 hPa 160° 12 kt 20110823.00
Part D: 88 99  26.9 hPa  75° 17 kt 20110823.00
Part D: 99 11  25.8 hPa  65° 27 kt 20110823.00
Part D: 11 22  24.5 hPa  85° 45 kt 20110823.00
Part D: 22 33  23.9 hPa  90° 43 kt 20110823.00
Part D: 33 44  22.4 hPa  95° 39 kt 20110823.00
Part D: 44 55  19.6 hPa  80° 58 kt 20110823.00
Part D: 55 66  17.7 hPa  95° 66 kt 20110823.00
Part D: 66 77  14.9 hPa  90° 80 kt 20110823.00
Part D: 77 88  13.3 hPa  95° 64 kt 20110823.00
Part D: 88 99  11.0 hPa  90° 76 kt 20110823.00
Part D: 99 11   9.2 hPa  95° 50 kt 20110823.00
Part A:       100.0 hPa  70°  7 kt 20110823.12
Part A:       100.0 hPa  40° 15 kt 20110824.00
Part C:        70.0 hPa 220°  8 kt 20110824.00
Part C:        50.0 hPa 245° 30 kt 20110824.00
Part C:        30.0 hPa 185° 22 kt 20110824.00
Part C:        20.0 hPa  90° 46 kt 20110824.00
Part D: 11     88.3 hPa   0°  0 kt 20110824.00
Part D: 11 22  74.3 hPa 350° 10 kt 20110824.00
Part D: 22 33  70.7 hPa 260°  4 kt 20110824.00
Part D: 33 44  69.7 hPa 220° 10 kt 20110824.00
Part D: 44 55  65.6 hPa 215° 16 kt 20110824.00
Part D: 55 66  61.8 hPa 245° 29 kt 20110824.00
Part D: 66 77  59.5 hPa 255° 25 kt 20110824.00
Part D: 77 88  56.3 hPa 250° 22 kt 20110824.00
Part D: 88 99  53.4 hPa 215° 14 kt 20110824.00
Part D: 99 11  50.7 hPa 240° 31 kt 20110824.00
Part D: 11 22  46.4 hPa 260° 23 kt 20110824.00
Part D: 22 33  44.5 hPa 310° 23 kt 20110824.00
Part D: 33 44  39.9 hPa 310° 27 kt 20110824.00
Part D: 44 55  38.3 hPa 305°  9 kt 20110824.00
Part D: 55 66  37.2 hPa 275° 17 kt 20110824.00
Part D: 66 77  37.0 hPa 270° 18 kt 20110824.00
Part D: 77 88  35.2 hPa 290°  8 kt 20110824.00
Part D: 88 99  34.6 hPa 335°  6 kt 20110824.00
Part D: 99 11  33.1 hPa  85° 16 kt 20110824.00
Part D: 11 22  32.4 hPa 105° 13 kt 20110824.00
Part D: 22 33  31.8 hPa 155° 12 kt 20110824.00
Part D: 33 44  30.0 hPa 185° 22 kt 20110824.00
Part D: 44 55  28.9 hPa 140° 13 kt 20110824.00
Part D: 55 66  28.2 hPa  90° 15 kt 20110824.00
Part D: 66 77  26.8 hPa  50° 12 kt 20110824.00
Part D: 77 88  26.2 hPa  30° 16 kt 20110824.00
Part D: 88 99  25.7 hPa  30° 18 kt 20110824.00
Part D: 99 11  24.1 hPa  80° 25 kt 20110824.00
Part D: 11 22  22.6 hPa 100° 30 kt 20110824.00
Part D: 22 33  20.6 hPa  85° 36 kt 20110824.00
Part D: 33 44  18.9 hPa  95° 60 kt 20110824.00
Part D: 44 55  17.9 hPa 110° 56 kt 20110824.00
Part D: 55 66  16.3 hPa  90° 67 kt 20110824.00
Part D: 66 77  13.5 hPa  95° 82 kt 20110824.00
Part D: 77 88  12.5 hPa  90° 76 kt 20110824.00
Part A:       100.0 hPa  60° 16 kt 20110824.12
Part C:        70.0 hPa 260° 25 kt 20110824.12
Part C:        50.0 hPa 275° 21 kt 20110824.12
Part C:        30.0 hPa  30° 12 kt 20110824.12
Part C:        20.0 hPa 100° 51 kt 20110824.12
Part C:        10.0 hPa  90° 72 kt 20110824.12
Part D: 11     96.8 hPa  10°  3 kt 20110824.12
Part D: 11 22  85.5 hPa 270°  2 kt 20110824.12
Part D: 22 33  76.6 hPa 110°  4 kt 20110824.12
Part D: 33 44  75.7 hPa 155°  4 kt 20110824.12
Part D: 44 55  74.2 hPa 215° 12 kt 20110824.12
Part D: 55 66  69.4 hPa 265° 26 kt 20110824.12
Part D: 66 77  65.6 hPa 255°  9 kt 20110824.12
Part D: 77 88  65.3 hPa 255° 10 kt 20110824.12
Part D: 88 99  62.8 hPa 265° 17 kt 20110824.12
Part D: 99 11  61.1 hPa 240° 18 kt 20110824.12
Part D: 11 22  58.5 hPa 245° 17 kt 20110824.12
Part D: 22 33  54.8 hPa 215° 18 kt 20110824.12
Part D: 33 44  52.7 hPa 235° 30 kt 20110824.12
Part D: 44 55  51.8 hPa 240° 28 kt 20110824.12
Part D: 55 66  49.1 hPa 290° 21 kt 20110824.12
Part D: 66 77  43.4 hPa 300° 28 kt 20110824.12
Part D: 77 88  41.3 hPa 315° 14 kt 20110824.12
Part D: 88 99  40.7 hPa 305° 11 kt 20110824.12
Part D: 99 11  40.4 hPa 285°  9 kt 20110824.12
Part D: 11 22  40.0 hPa 260° 10 kt 20110824.12
Part D: 22 33  38.1 hPa 270° 23 kt 20110824.12
Part D: 33 44  36.5 hPa 280° 18 kt 20110824.12
Part D: 44 55  34.7 hPa 345°  3 kt 20110824.12
Part D: 55 66  32.7 hPa 210°  9 kt 20110824.12
Part D: 66 77  31.8 hPa 215° 12 kt 20110824.12
Part D: 77 88  31.1 hPa 155°  6 kt 20110824.12
Part D: 88 99  30.1 hPa  35° 11 kt 20110824.12
Part D: 99 11  29.4 hPa  10° 16 kt 20110824.12
Part D: 11 22  28.6 hPa  30° 17 kt 20110824.12
Part D: 22 33  27.7 hPa 360° 16 kt 20110824.12
Part D: 33 44  27.3 hPa  10° 17 kt 20110824.12
Part D: 44 55  26.8 hPa  40° 17 kt 20110824.12
Part D: 55 66  26.3 hPa  75° 22 kt 20110824.12
Part D: 66 77  25.4 hPa 110° 29 kt 20110824.12
Part D: 77 88  24.7 hPa 110° 32 kt 20110824.12
Part D: 88 99  23.6 hPa  85° 45 kt 20110824.12
Part D: 99 11  21.4 hPa  80° 41 kt 20110824.12
Part D: 11 22  19.6 hPa 105° 52 kt 20110824.12
Part D: 22 33  17.5 hPa  80° 56 kt 20110824.12
Part D: 33 44  15.6 hPa  95° 66 kt 20110824.12
Part D: 44 55  13.8 hPa  85° 73 kt 20110824.12
Part D: 55 66  11.3 hPa  90° 74 kt 20110824.12
Part D: 66 77  10.0 hPa  90° 73 kt 20110824.12
Part D: 77 88   9.2 hPa  85° 51 kt 20110824.12
Part A:       100.0 hPa  65° 20 kt 20110825.00
Part C:        70.0 hPa 265° 21 kt 20110825.00
Part C:        50.0 hPa 290° 17 kt 20110825.00
Part C:        30.0 hPa 340° 20 kt 20110825.00
Part C:        20.0 hPa  85° 57 kt 20110825.00
Part C:        10.0 hPa 105° 67 kt 20110825.00
Part D: 11     94.5 hPa   0°  0 kt 20110825.00
Part D: 11 22  89.6 hPa  65°  7 kt 20110825.00
Part D: 22 33  80.9 hPa 205°  3 kt 20110825.00
Part D: 33 44  80.7 hPa 225°  3 kt 20110825.00
Part D: 44 55  77.9 hPa 275° 15 kt 20110825.00
Part D: 55 66  75.4 hPa 295° 18 kt 20110825.00
Part D: 66 77  71.0 hPa 270° 23 kt 20110825.00
Part D: 77 88  68.3 hPa 260° 10 kt 20110825.00
Part D: 88 99  66.8 hPa 285° 14 kt 20110825.00
Part D: 99 11  64.6 hPa 260° 17 kt 20110825.00
Part D: 11 22  60.7 hPa 245° 13 kt 20110825.00
Part D: 22 33  58.1 hPa 255° 24 kt 20110825.00
Part D: 33 44  55.7 hPa 250° 11 kt 20110825.00
Part D: 44 55  55.1 hPa 255°  9 kt 20110825.00
Part D: 55 66  54.5 hPa 260° 11 kt 20110825.00
Part D: 66 77  52.5 hPa 250° 17 kt 20110825.00
Part D: 77 88  48.5 hPa 310° 25 kt 20110825.00
Part D: 88 99  45.3 hPa 325° 13 kt 20110825.00
Part D: 99 11  44.3 hPa 310° 16 kt 20110825.00
Part D: 11 22  42.0 hPa 360°  9 kt 20110825.00
Part D: 22 33  41.5 hPa 320°  7 kt 20110825.00
Part D: 33 44  40.8 hPa 255° 12 kt 20110825.00
Part D: 44 55  38.4 hPa 270° 26 kt 20110825.00
Part D: 55 66  37.3 hPa 260° 26 kt 20110825.00
Part D: 66 77  35.3 hPa 195° 14 kt 20110825.00
Part D: 77 88  34.1 hPa 180° 17 kt 20110825.00
Part D: 88 99  32.5 hPa 215° 19 kt 20110825.00
Part D: 99 11  31.6 hPa 210°  7 kt 20110825.00
Part D: 11 22  31.3 hPa 250°  4 kt 20110825.00
Part D: 22 33  30.7 hPa 330° 12 kt 20110825.00
Part D: 33 44  28.8 hPa 355° 25 kt 20110825.00
Part D: 44 55  25.6 hPa 110° 31 kt 20110825.00
Part D: 55 66  24.7 hPa 125° 32 kt 20110825.00
Part D: 66 77  23.1 hPa  90° 37 kt 20110825.00
Part D: 77 88  20.2 hPa  90° 56 kt 20110825.00
Part D: 88 99  19.9 hPa  85° 57 kt 20110825.00
Part D: 99 11  19.2 hPa  75° 56 kt 20110825.00
Part D: 11 22  15.0 hPa  90° 75 kt 20110825.00
Part D: 22 33  13.7 hPa 105° 71 kt 20110825.00
Part D: 33 44  10.6 hPa  95° 76 kt 20110825.00
Part D: 44 55   9.6 hPa 100° 72 kt 20110825.00
Part A:       100.0 hPa  80° 25 kt 20110826.00
Part C:        70.0 hPa 235° 15 kt 20110826.00
Part C:        50.0 hPa 275°  4 kt 20110826.00
Part C:        30.0 hPa 250° 25 kt 20110826.00
Part D: 11     95.8 hPa 110° 12 kt 20110826.00
Part D: 11 22  94.7 hPa  65°  7 kt 20110826.00
Part D: 22 33  93.2 hPa  15° 10 kt 20110826.00
Part D: 33 44  90.9 hPa  15° 12 kt 20110826.00
Part D: 44 55  86.3 hPa 325° 12 kt 20110826.00
Part D: 55 66  80.8 hPa 310° 10 kt 20110826.00
Part D: 66 77  78.1 hPa 280°  3 kt 20110826.00
Part D: 77 88  76.1 hPa 280°  4 kt 20110826.00
Part D: 88 99  72.5 hPa 215° 10 kt 20110826.00
Part D: 99 11  70.1 hPa 235° 15 kt 20110826.00
Part D: 11 22  68.2 hPa 225° 14 kt 20110826.00
Part D: 22 33  66.3 hPa 275° 16 kt 20110826.00
Part D: 33 44  65.3 hPa 280° 19 kt 20110826.00
Part D: 44 55  63.9 hPa 295° 18 kt 20110826.00
Part D: 55 66  62.3 hPa 280° 15 kt 20110826.00
Part D: 66 77  61.2 hPa 305° 14 kt 20110826.00
Part D: 77 88  57.1 hPa 295°  7 kt 20110826.00
Part D: 88 99  56.7 hPa 285°  5 kt 20110826.00
Part D: 99 11  55.4 hPa 250° 16 kt 20110826.00
Part D: 11 22  54.9 hPa 250° 18 kt 20110826.00
Part D: 22 33  52.4 hPa   0°  0 kt 20110826.00
Part D: 33 44  48.8 hPa 250°  9 kt 20110826.00
Part D: 44 55  47.0 hPa 225° 12 kt 20110826.00
Part D: 55 66  41.6 hPa 280° 28 kt 20110826.00
Part D: 66 77  39.8 hPa 260° 23 kt 20110826.00
Part D: 77 88  37.8 hPa 260° 41 kt 20110826.00
Part D: 88 99  32.3 hPa 275° 33 kt 20110826.00
Part D: 99 11  30.9 hPa 260° 33 kt 20110826.00
Part D: 11 22  29.6 hPa 250° 22 kt 20110826.00
Part D: 22 33  27.7 hPa 265°  9 kt 20110826.00
Part D: 33 44  27.5 hPa 215°  4 kt 20110826.00
Part D: 44 55  27.2 hPa 110° 10 kt 20110826.00
Part D: 55 66  25.3 hPa 150° 24 kt 20110826.00
Part A:       100.0 hPa  80° 39 kt 20110826.12
Part A:       100.0 hPa  85° 37 kt 20110827.00
Part C:        70.0 hPa 295° 17 kt 20110827.00
Part C:        50.0 hPa 245° 15 kt 20110827.00
Part C:        30.0 hPa 305° 22 kt 20110827.00
Part C:        20.0 hPa  75° 57 kt 20110827.00
Part D: 11     94.6 hPa  75° 13 kt 20110827.00
Part D: 11 22  87.1 hPa 320°  4 kt 20110827.00
Part D: 22 33  84.4 hPa 255° 10 kt 20110827.00
Part D: 33 44  80.9 hPa 240° 14 kt 20110827.00
Part D: 44 55  74.4 hPa 275° 25 kt 20110827.00
Part D: 55 66  67.9 hPa 305° 13 kt 20110827.00
Part D: 66 77  64.5 hPa 285° 17 kt 20110827.00
Part D: 77 88  61.6 hPa 315°  6 kt 20110827.00
Part D: 88 99  52.2 hPa 180°  2 kt 20110827.00
Part D: 99 11  50.4 hPa 240° 11 kt 20110827.00
Part D: 11 22  44.3 hPa 270° 37 kt 20110827.00
Part D: 22 33  37.9 hPa 260° 43 kt 20110827.00
Part D: 33 44  33.0 hPa 290° 38 kt 20110827.00
Part D: 44 55  31.6 hPa 285° 30 kt 20110827.00
Part D: 55 66  28.6 hPa 325°  7 kt 20110827.00
Part D: 66 77  28.3 hPa  30°  3 kt 20110827.00
Part D: 77 88  27.7 hPa 120° 12 kt 20110827.00
Part D: 88 99  27.1 hPa 130° 23 kt 20110827.00
Part D: 99 11  26.0 hPa 145° 20 kt 20110827.00
Part D: 11 22  25.5 hPa 125° 19 kt 20110827.00
Part D: 22 33  24.8 hPa  80° 23 kt 20110827.00
Part D: 33 44  23.6 hPa  65° 28 kt 20110827.00
Part D: 44 55  22.4 hPa  95° 48 kt 20110827.00
Part D: 55 66  21.3 hPa  80° 58 kt 20110827.00
Part D: 66 77  20.4 hPa  75° 57 kt 20110827.00
Part D: 77 88  18.9 hPa  95° 62 kt 20110827.00
Part D: 88 99  14.8 hPa  90° 84 kt 20110827.00
Part D: 99 11  10.8 hPa  90° 82 kt 20110827.00
Part A:       100.0 hPa  85° 58 kt 20110827.12
Part C:        70.0 hPa 350°  7 kt 20110827.12
Part C:        50.0 hPa 275° 19 kt 20110827.12
Part C:        30.0 hPa 275° 10 kt 20110827.12
Part C:        20.0 hPa  80° 65 kt 20110827.12
Part D: 11     93.4 hPa  80° 10 kt 20110827.12
Part D: 11 22  92.9 hPa  90°  7 kt 20110827.12
Part D: 22 33  89.3 hPa 230°  2 kt 20110827.12
Part D: 33 44  84.6 hPa 245° 10 kt 20110827.12
Part D: 44 55  82.4 hPa 245° 17 kt 20110827.12
Part D: 55 66  81.0 hPa 225° 14 kt 20110827.12
Part D: 66 77  77.4 hPa 240°  4 kt 20110827.12
Part D: 77 88  77.3 hPa 250°  4 kt 20110827.12
Part D: 88 99  75.5 hPa 290° 11 kt 20110827.12
Part D: 99 11  74.4 hPa 290° 13 kt 20110827.12
Part D: 11 22  71.8 hPa 345° 11 kt 20110827.12
Part D: 22 33  68.2 hPa 310° 11 kt 20110827.12
Part D: 33 44  65.3 hPa 305° 10 kt 20110827.12
Part D: 44 55  62.8 hPa 250° 10 kt 20110827.12
Part D: 55 66  58.8 hPa 265° 17 kt 20110827.12
Part D: 66 77  56.1 hPa 300° 14 kt 20110827.12
Part D: 77 88  52.8 hPa 265° 21 kt 20110827.12
Part D: 88 99  48.6 hPa 275° 16 kt 20110827.12
Part D: 99 11  48.3 hPa 270° 15 kt 20110827.12
Part D: 11 22  45.8 hPa 255° 26 kt 20110827.12
Part D: 22 33  41.3 hPa 280° 29 kt 20110827.12
Part D: 33 44  39.8 hPa 265° 28 kt 20110827.12
Part D: 44 55  33.7 hPa 280° 45 kt 20110827.12
Part D: 55 66  30.0 hPa 275° 10 kt 20110827.12
Part D: 66 77  28.9 hPa  15°  2 kt 20110827.12
Part D: 77 88  28.0 hPa 135° 10 kt 20110827.12
Part D: 88 99  26.9 hPa 165° 13 kt 20110827.12
Part D: 99 11  26.0 hPa 100° 17 kt 20110827.12
Part D: 11 22  25.8 hPa  90° 17 kt 20110827.12
Part D: 22 33  25.5 hPa  70° 21 kt 20110827.12
Part D: 33 44  24.8 hPa  65° 28 kt 20110827.12
Part D: 44 55  23.1 hPa  95° 53 kt 20110827.12
Part D: 55 66  20.3 hPa  75° 64 kt 20110827.12
Part D: 66 77  19.2 hPa  85° 68 kt 20110827.12
Part D: 77 88  17.1 hPa  90° 78 kt 20110827.12
Part D: 88 99  13.4 hPa  95° 74 kt 20110827.12
Part A:       100.0 hPa 100° 57 kt 20110828.00
Part C:        70.0 hPa 190°  7 kt 20110828.00
Part C:        50.0 hPa 260° 30 kt 20110828.00
Part C:        30.0 hPa  25° 11 kt 20110828.00
Part C:        20.0 hPa 100° 71 kt 20110828.00
Part D: 11     93.7 hPa 120° 11 kt 20110828.00
Part D: 11 22  92.6 hPa 135°  7 kt 20110828.00
Part D: 22 33  90.4 hPa 235°  2 kt 20110828.00
Part D: 33 44  83.9 hPa 290° 10 kt 20110828.00
Part D: 44 55  75.2 hPa 315° 10 kt 20110828.00
Part D: 55 66  71.9 hPa 125°  2 kt 20110828.00
Part D: 66 77  68.9 hPa 210° 10 kt 20110828.00
Part D: 77 88  67.0 hPa 230°  9 kt 20110828.00
Part D: 88 99  64.6 hPa 230° 13 kt 20110828.00
Part D: 99 11  62.3 hPa 280° 15 kt 20110828.00
Part D: 11 22  60.9 hPa 285° 19 kt 20110828.00
Part D: 22 33  54.8 hPa 320°  9 kt 20110828.00
Part D: 33 44  53.1 hPa 270° 14 kt 20110828.00
Part D: 44 55  46.8 hPa 255° 51 kt 20110828.00
Part D: 55 66  42.9 hPa 275° 42 kt 20110828.00
Part D: 66 77  39.2 hPa 245° 30 kt 20110828.00
Part D: 77 88  36.2 hPa 265° 31 kt 20110828.00
Part D: 88 99  34.3 hPa 295° 40 kt 20110828.00
Part D: 99 11  31.5 hPa 320° 13 kt 20110828.00
Part D: 11 22  31.0 hPa 350°  9 kt 20110828.00
Part D: 22 33  30.6 hPa  15° 10 kt 20110828.00
Part D: 33 44  29.5 hPa  35° 13 kt 20110828.00
Part D: 44 55  28.5 hPa  80° 13 kt 20110828.00
Part D: 55 66  26.7 hPa 110° 14 kt 20110828.00
Part D: 66 77  25.7 hPa  75° 22 kt 20110828.00
Part D: 77 88  25.0 hPa  65° 28 kt 20110828.00
Part D: 88 99  23.4 hPa 100° 56 kt 20110828.00
Part D: 99 11  19.4 hPa 100° 76 kt 20110828.00
Part D: 11 22  18.0 hPa  90° 83 kt 20110828.00
Part D: 22 33  10.3 hPa  95° 76 kt 20110828.00
Part A:       100.0 hPa 110° 47 kt 20110828.12
Part C:        70.0 hPa 255° 20 kt 20110828.12
Part D: 11     94.1 hPa 145°  9 kt 20110828.12
Part D: 11 22  92.5 hPa 215°  4 kt 20110828.12
Part D: 22 33  88.6 hPa 305° 11 kt 20110828.12
Part D: 33 44  78.1 hPa 345° 10 kt 20110828.12
Part D: 44 55  74.9 hPa  45°  7 kt 20110828.12
Part D: 55 66  73.5 hPa 145°  3 kt 20110828.12
Part D: 66 77  71.7 hPa 235° 11 kt 20110828.12
Part D: 77 88  69.5 hPa 250° 20 kt 20110828.12
Part D: 88 99  67.1 hPa 235° 14 kt 20110828.12
Part D: 99 11  65.7 hPa 260° 17 kt 20110828.12
Part D: 11 22  60.4 hPa 305°  5 kt 20110828.12
Part D: 22 33  60.1 hPa 295°  4 kt 20110828.12
Part D: 33 44  58.0 hPa 225° 10 kt 20110828.12
Part D: 44 55  55.7 hPa 200° 13 kt 20110828.12
Part D: 55 66  54.9 hPa 210° 14 kt 20110828.12
Part A:       100.0 hPa  85° 58 kt 20110829.12
Part C:        70.0 hPa 285° 15 kt 20110829.12
Part C:        50.0 hPa 275° 29 kt 20110829.12
Part C:        30.0 hPa 210° 13 kt 20110829.12
Part C:        20.0 hPa  80° 59 kt 20110829.12
Part C:        10.0 hPa  90° 57 kt 20110829.12
Part D: 11     90.4 hPa 105° 12 kt 20110829.12
Part D: 11 22  88.8 hPa 210°  5 kt 20110829.12
Part D: 22 33  87.6 hPa 265° 10 kt 20110829.12
Part D: 33 44  79.0 hPa 265° 30 kt 20110829.12
Part D: 44 55  72.7 hPa 255° 15 kt 20110829.12
Part D: 55 66  69.2 hPa 295° 15 kt 20110829.12
Part D: 66 77  63.6 hPa 295°  6 kt 20110829.12
Part D: 77 88  60.7 hPa 350°  1 kt 20110829.12
Part D: 88 99  58.4 hPa 260° 10 kt 20110829.12
Part D: 99 11  56.7 hPa 265° 11 kt 20110829.12
Part D: 11 22  53.0 hPa 310° 20 kt 20110829.12
Part D: 22 33  50.8 hPa 280° 27 kt 20110829.12
Part D: 33 44  49.0 hPa 280° 30 kt 20110829.12
Part D: 44 55  41.4 hPa 290° 27 kt 20110829.12
Part D: 55 66  39.2 hPa 295° 20 kt 20110829.12
Part D: 66 77  36.9 hPa  25°  5 kt 20110829.12
Part D: 77 88  36.9 hPa  30°  5 kt 20110829.12
Part D: 88 99  35.3 hPa 125°  9 kt 20110829.12
Part D: 99 11  34.5 hPa 205° 14 kt 20110829.12
Part D: 11 22  33.9 hPa 225° 20 kt 20110829.12
Part D: 22 33  32.9 hPa 220° 23 kt 20110829.12
Part D: 33 44  29.8 hPa 210° 10 kt 20110829.12
Part D: 44 55  29.1 hPa 165°  4 kt 20110829.12
Part D: 55 66  28.0 hPa  80° 10 kt 20110829.12
Part D: 66 77  26.4 hPa  40° 13 kt 20110829.12
Part D: 77 88  25.0 hPa 100° 25 kt 20110829.12
Part D: 88 99  24.3 hPa 110° 23 kt 20110829.12
Part D: 99 11  22.9 hPa  75° 45 kt 20110829.12
Part D: 11 22  19.9 hPa  80° 59 kt 20110829.12
Part D: 22 33  12.2 hPa  95° 72 kt 20110829.12
Part D: 33 44   9.4 hPa  90° 56 kt 20110829.12
Part D: 44 55   8.7 hPa  75° 57 kt 20110829.12
Part D: 55 66   8.3 hPa  70° 40 kt 20110829.12
Part A:       100.0 hPa  80° 41 kt 20110830.12
Part D: 11     94.2 hPa  85° 11 kt 20110830.12
Part D: 11 22  92.6 hPa 145°  4 kt 20110830.12
Part D: 22 33  90.0 hPa 240° 10 kt 20110830.12
Part D: 33 44  87.1 hPa 265° 20 kt 20110830.12
Part D: 44 55  78.3 hPa 285° 11 kt 20110830.12
Part A:       100.0 hPa 105° 47 kt 20110831.00
Part C:        70.0 hPa  45° 11 kt 20110831.00
Part C:        50.0 hPa 265° 25 kt 20110831.00
Part C:        30.0 hPa 305° 11 kt 20110831.00
Part C:        20.0 hPa  95° 62 kt 20110831.00
Part C:        10.0 hPa  90° 64 kt 20110831.00
Part D: 11     97.1 hPa  95° 29 kt 20110831.00
Part D: 11 22  91.5 hPa 130°  5 kt 20110831.00
Part D: 22 33  90.6 hPa 180°  3 kt 20110831.00
Part D: 33 44  87.7 hPa 255° 11 kt 20110831.00
Part D: 44 55  86.0 hPa 255° 18 kt 20110831.00
Part D: 55 66  78.2 hPa 285°  6 kt 20110831.00
Part D: 66 77  73.8 hPa  15° 13 kt 20110831.00
Part D: 77 88  69.3 hPa  45°  6 kt 20110831.00
Part D: 88 99  68.5 hPa 325°  4 kt 20110831.00
Part D: 99 11  63.5 hPa 285° 14 kt 20110831.00
Part D: 11 22  61.7 hPa 280° 19 kt 20110831.00
Part D: 22 33  60.1 hPa 260° 21 kt 20110831.00
Part D: 33 44  57.2 hPa 260° 32 kt 20110831.00
Part D: 44 55  51.8 hPa 255° 24 kt 20110831.00
Part D: 55 66  39.5 hPa 255° 46 kt 20110831.00
Part D: 66 77  33.1 hPa 245° 28 kt 20110831.00
Part D: 77 88  31.8 hPa 260° 17 kt 20110831.00
Part D: 88 99  30.7 hPa 295° 14 kt 20110831.00
Part D: 99 11  28.1 hPa 315°  4 kt 20110831.00
Part D: 11 22  28.0 hPa 340°  3 kt 20110831.00
Part D: 22 33  27.0 hPa  60° 10 kt 20110831.00
Part D: 33 44  24.5 hPa 115° 28 kt 20110831.00
Part D: 44 55  23.0 hPa  85° 36 kt 20110831.00
Part D: 55 66  20.5 hPa  95° 64 kt 20110831.00
Part D: 66 77  16.1 hPa  95° 80 kt 20110831.00
Part D: 77 88  13.1 hPa  75° 68 kt 20110831.00
Part D: 88 99   9.4 hPa  90° 66 kt 20110831.00
Part D: 99 11   8.3 hPa 105° 40 kt 20110831.00
Part D: 11 22   7.8 hPa 100° 48 kt 20110831.00
Part A:       100.0 hPa  65° 39 kt 20110831.12
Part C:        70.0 hPa 170° 12 kt 20110831.12
Part C:        50.0 hPa 270° 35 kt 20110831.12
Part C:        30.0 hPa 285° 13 kt 20110831.12
Part C:        20.0 hPa  85° 70 kt 20110831.12
Part C:        10.0 hPa 100° 64 kt 20110831.12
Part D: 11     95.7 hPa  75° 25 kt 20110831.12
Part D: 11 22  93.1 hPa  50°  8 kt 20110831.12
Part D: 22 33  92.1 hPa   5°  5 kt 20110831.12
Part D: 33 44  88.1 hPa 310° 11 kt 20110831.12
Part D: 44 55  82.5 hPa 325°  8 kt 20110831.12
Part D: 55 66  77.7 hPa 145°  2 kt 20110831.12
Part D: 66 77  73.8 hPa 175°  5 kt 20110831.12
Part D: 77 88  72.3 hPa 120° 11 kt 20110831.12
Part D: 88 99  71.3 hPa 130° 13 kt 20110831.12
Part D: 99 11  69.0 hPa 200° 15 kt 20110831.12
Part D: 11 22  63.6 hPa 245° 19 kt 20110831.12
Part D: 22 33  62.2 hPa 260° 29 kt 20110831.12
Part D: 33 44  59.6 hPa 270° 47 kt 20110831.12
Part D: 44 55  47.3 hPa 270° 29 kt 20110831.12
Part D: 55 66  46.7 hPa 265° 27 kt 20110831.12
Part D: 66 77  44.8 hPa 250° 31 kt 20110831.12
Part D: 77 88  42.4 hPa 255° 41 kt 20110831.12
Part D: 88 99  39.2 hPa 240° 35 kt 20110831.12
Part D: 99 11  37.2 hPa 260° 32 kt 20110831.12
Part D: 11 22  35.6 hPa 235° 29 kt 20110831.12
Part D: 22 33  31.3 hPa 245° 24 kt 20110831.12
Part D: 33 44  30.5 hPa 255° 17 kt 20110831.12
Part D: 44 55  30.0 hPa 280° 13 kt 20110831.12
Part D: 55 66  29.6 hPa 305° 15 kt 20110831.12
Part D: 66 77  28.0 hPa 340° 21 kt 20110831.12
Part D: 77 88  27.0 hPa  15° 14 kt 20110831.12
Part D: 88 99  26.7 hPa  40° 14 kt 20110831.12
Part D: 99 11  26.1 hPa  80° 22 kt 20110831.12
Part D: 11 22  25.4 hPa 105° 25 kt 20110831.12
Part D: 22 33  20.7 hPa  80° 71 kt 20110831.12
Part D: 33 44  17.3 hPa  85° 87 kt 20110831.12
Part D: 44 55  15.1 hPa  90° 72 kt 20110831.12
Part D: 55 66  11.5 hPa  90° 86 kt 20110831.12
Part D: 66 77   8.9 hPa  90° 51 kt 20110831.12
Interpoliere die QBO aus den RS Daten
 Jahr:        2011 Date:        1108
 Filepath: 
 ./qbo_data_new/qbo.dat
