Pararmeterliste beim QBO Aufruf:  -g -w -a 2013.02 --
2013.02
Kopiere RS Daten aus dem Archiv
 TTCC  51001 48698                                                                                                                                                                                                                                               
 8                                                                                                                                                                                                                                               
 TTCC  51121 48698                                                                                                                                                                                                                                               
 8                                                                                                                                                                                                                                               
 TTCC  52001 48698                                                                                                                                                                                                                                               
 8                                                                                                                                                                                                                                               
 TTCC  52125 48698                                                                                                                                                                                                                                               
 8                                                                                                                                                                                                                                               
 TTCC  53001 48698                                                                                                                                                                                                                                               
 8                                                                                                                                                                                                                                               
 TTCC  5312/ 48698 NIL  =                                                                                                                                                                                                                                        
 =                                                                                                                                                                                                                                        
 TTCC  54002 48698                                                                                                                                                                                                                                               
 8                                                                                                                                                                                                                                               
 TTCC  54127 48698                                                                                                                                                                                                                                               
 8                                                                                                                                                                                                                                               
 TTCC  55001 48698                                                                                                                                                                                                                                               
 8                                                                                                                                                                                                                                               
 TTCC  5512/ 48698 NIL  =                                                                                                                                                                                                                                        
 =                                                                                                                                                                                                                                        
 TTCC  56001 48698                                                                                                                                                                                                                                               
 8                                                                                                                                                                                                                                               
 TTCC  5612/ 48698 NIL=                                                                                                                                                                                                                                          
 =                                                                                                                                                                                                                                          
 TTCC  57005 48698                                                                                                                                                                                                                                               
 8                                                                                                                                                                                                                                               
 TTCC  5712/ 48698 NIL=                                                                                                                                                                                                                                          
 =                                                                                                                                                                                                                                          
 TTCC  58001 48698                                                                                                                                                                                                                                               
 8                                                                                                                                                                                                                                               
 TTCC  58121 48698                                                                                                                                                                                                                                               
 8                                                                                                                                                                                                                                               
 TTCC  59001 48698                                                                                                                                                                                                                                               
 8                                                                                                                                                                                                                                               
 TTCC  5912/ 48698 NIL=                                                                                                                                                                                                                                          
 =                                                                                                                                                                                                                                          
 TTCC  60001 48698                                                                                                                                                                                                                                               
 8                                                                                                                                                                                                                                               
 TTCC  60121 48698                                                                                                                                                                                                                                               
 8                                                                                                                                                                                                                                               
 TTCC  61001 48698                                                                                                                                                                                                                                               
 8                                                                                                                                                                                                                                               
 TTCC  61121 48698                                                                                                                                                                                                                                               
 8                                                                                                                                                                                                                                               
 TTCC  62001 48698                                                                                                                                                                                                                                               
 8                                                                                                                                                                                                                                               
 TTCC  62127 48698                                                                                                                                                                                                                                               
 8                                                                                                                                                                                                                                               
 TTCC  6300/ 48698 NIL  =                                                                                                                                                                                                                                        
 =                                                                                                                                                                                                                                        
 TTCC  63121 48698                                                                                                                                                                                                                                               
 8                                                                                                                                                                                                                                               
 TTCC  64001 48698                                                                                                                                                                                                                                               
 8                                                                                                                                                                                                                                               
 TTCC  6412/ 48698 NIL  =                                                                                                                                                                                                                                        
 =                                                                                                                                                                                                                                        
 TTCC  6500/ 48698 NIL=                                                                                                                                                                                                                                          
 =                                                                                                                                                                                                                                          
 TTCC  65121 48698                                                                                                                                                                                                                                               
 8                                                                                                                                                                                                                                               
 TTCC  66001 48698                                                                                                                                                                                                                                               
 8                                                                                                                                                                                                                                               
 TTCC  66127 48698                                                                                                                                                                                                                                               
 8                                                                                                                                                                                                                                               
 TTCC  67001 48698                                                                                                                                                                                                                                               
 8                                                                                                                                                                                                                                               
 TTCC  6712/ 48698 NIL  =                                                                                                                                                                                                                                        
 =                                                                                                                                                                                                                                        
 TTCC  68001 48698                                                                                                                                                                                                                                               
 8                                                                                                                                                                                                                                               
 TTCC  6812/ 48698 NIL=                                                                                                                                                                                                                                          
 =                                                                                                                                                                                                                                          
 TTCC  69001 48698                                                                                                                                                                                                                                               
 8                                                                                                                                                                                                                                               
 TTCC  6912/ 48698 NIL=                                                                                                                                                                                                                                          
 =                                                                                                                                                                                                                                          
 TTCC  70001 48698                                                                                                                                                                                                                                               
 8                                                                                                                                                                                                                                               
 TTCC  70125 48698                                                                                                                                                                                                                                               
 8                                                                                                                                                                                                                                               
 TTCC  71001 48698                                                                                                                                                                                                                                               
 8                                                                                                                                                                                                                                               
 TTCC  7112/ 48698 NIL=                                                                                                                                                                                                                                          
 =                                                                                                                                                                                                                                          
 TTCC  7200/ 48698 NIL=                                                                                                                                                                                                                                          
 =                                                                                                                                                                                                                                          
 TTCC  7212/ 48698 NIL=                                                                                                                                                                                                                                          
 =                                                                                                                                                                                                                                          
 TTCC  73001 48698                                                                                                                                                                                                                                               
 8                                                                                                                                                                                                                                               
 TTCC  73121 48698                                                                                                                                                                                                                                               
 8                                                                                                                                                                                                                                               
 TTCC  74001 48698                                                                                                                                                                                                                                               
 8                                                                                                                                                                                                                                               
 TTCC  7412/ 48698 NIL  =                                                                                                                                                                                                                                        
 =                                                                                                                                                                                                                                        
 TTCC  75001 48698                                                                                                                                                                                                                                               
 8                                                                                                                                                                                                                                               
 TTCC  7512/ 48698 NIL=                                                                                                                                                                                                                                          
 =                                                                                                                                                                                                                                          
 TTCC  76001 48698                                                                                                                                                                                                                                               
 8                                                                                                                                                                                                                                               
 TTCC 76121 48698                                                                                                                                                                                                                                                
 8                                                                                                                                                                                                                                                
 TTCC  77005 48698                                                                                                                                                                                                                                               
 8                                                                                                                                                                                                                                               
 TTCC  77121 48698                                                                                                                                                                                                                                               
 8                                                                                                                                                                                                                                               
 TTCC  78001 48698                                                                                                                                                                                                                                               
 8                                                                                                                                                                                                                                               
 TTCC  78121 48698                                                                                                                                                                                                                                               
 8                                                                                                                                                                                                                                               
Parse RS Daten
Part A:       100.0 hPa 210°  9 kt 20130201.00
Part C:        70.0 hPa 170°  9 kt 20130201.00
Part C:        50.0 hPa  75° 29 kt 20130201.00
Part C:        30.0 hPa  90° 29 kt 20130201.00
Part C:        20.0 hPa 280° 33 kt 20130201.00
Part C:        10.0 hPa 285° 36 kt 20130201.00
Part D: 11     98.2 hPa 195°  7 kt 20130201.00
Part D: 11 22  93.2 hPa  80°  9 kt 20130201.00
Part D: 22 33  87.2 hPa  80° 29 kt 20130201.00
Part D: 33 44  82.9 hPa  80° 16 kt 20130201.00
Part D: 44 55  80.2 hPa 145° 26 kt 20130201.00
Part D: 55 66  75.2 hPa 190° 16 kt 20130201.00
Part D: 66 77  71.6 hPa 185° 14 kt 20130201.00
Part D: 77 88  66.0 hPa  90°  8 kt 20130201.00
Part D: 88 99  61.6 hPa  65° 12 kt 20130201.00
Part D: 99 11  54.1 hPa  95° 12 kt 20130201.00
Part D: 11 22  51.5 hPa  70° 27 kt 20130201.00
Part D: 22 33  44.5 hPa 125° 38 kt 20130201.00
Part D: 33 44  38.1 hPa  90° 51 kt 20130201.00
Part D: 44 55  33.6 hPa  95° 66 kt 20130201.00
Part D: 55 66  31.4 hPa  95° 33 kt 20130201.00
Part D: 66 77  28.3 hPa  75° 18 kt 20130201.00
Part D: 77 88  26.8 hPa  50° 10 kt 20130201.00
Part D: 88 99  25.9 hPa 205°  8 kt 20130201.00
Part D: 99 11  23.3 hPa 280° 18 kt 20130201.00
Part D: 11 22  19.9 hPa 280° 35 kt 20130201.00
Part D: 22 33  18.8 hPa 275° 23 kt 20130201.00
Part D: 33 44  15.5 hPa 265° 40 kt 20130201.00
Part D: 44 55  14.3 hPa 285° 35 kt 20130201.00
Part D: 55 66  11.4 hPa 270° 25 kt 20130201.00
Part D: 66 77  10.5 hPa 295° 36 kt 20130201.00
Part D: 77 88   8.8 hPa 275° 28 kt 20130201.00
Part D: 88 99   7.8 hPa 240°  7 kt 20130201.00
Part D: 99 11   7.5 hPa  35° 16 kt 20130201.00
Part D: 11 22   7.3 hPa  50° 35 kt 20130201.00
Part D: 22 33   6.1 hPa 115° 29 kt 20130201.00
Part D: 33 44   5.7 hPa 120° 22 kt 20130201.00
Part A:       100.0 hPa 235°  9 kt 20130201.12
Part C:        70.0 hPa 135° 12 kt 20130201.12
Part C:        50.0 hPa 100°  7 kt 20130201.12
Part C:        30.0 hPa  60° 31 kt 20130201.12
Part C:        20.0 hPa 280° 33 kt 20130201.12
Part C:        10.0 hPa 285° 37 kt 20130201.12
Part D: 11     92.6 hPa 250°  3 kt 20130201.12
Part D: 11 22  88.1 hPa  70° 13 kt 20130201.12
Part D: 22 33  86.2 hPa  70° 18 kt 20130201.12
Part D: 33 44  80.3 hPa 140° 29 kt 20130201.12
Part D: 44 55  71.2 hPa 140° 10 kt 20130201.12
Part D: 55 66  66.1 hPa  75° 18 kt 20130201.12
Part D: 66 77  63.3 hPa  30° 10 kt 20130201.12
Part D: 77 88  53.3 hPa 140°  5 kt 20130201.12
Part D: 88 99  47.3 hPa  65° 22 kt 20130201.12
Part D: 99 11  45.5 hPa  75° 34 kt 20130201.12
Part D: 11 22  43.9 hPa  85° 37 kt 20130201.12
Part D: 22 33  41.7 hPa 100° 41 kt 20130201.12
Part D: 33 44  38.8 hPa  90° 52 kt 20130201.12
Part D: 44 55  36.7 hPa  90° 54 kt 20130201.12
Part D: 55 66  34.7 hPa  90° 72 kt 20130201.12
Part D: 66 77  30.8 hPa  80° 32 kt 20130201.12
Part D: 77 88  29.8 hPa  55° 31 kt 20130201.12
Part D: 88 99  28.2 hPa  75° 22 kt 20130201.12
Part D: 99 11  27.2 hPa  95° 10 kt 20130201.12
Part D: 11 22  25.9 hPa 235° 15 kt 20130201.12
Part D: 22 33  24.6 hPa 255° 24 kt 20130201.12
Part D: 33 44  23.0 hPa 275° 12 kt 20130201.12
Part D: 44 55  22.2 hPa 285° 25 kt 20130201.12
Part D: 55 66  20.7 hPa 285° 31 kt 20130201.12
Part D: 66 77  17.7 hPa 265° 28 kt 20130201.12
Part D: 77 88  16.0 hPa 270° 43 kt 20130201.12
Part D: 88 99  15.5 hPa 275° 37 kt 20130201.12
Part D: 99 11  13.3 hPa 250° 44 kt 20130201.12
Part D: 11 22  12.4 hPa 260° 43 kt 20130201.12
Part D: 22 33   9.8 hPa 285° 33 kt 20130201.12
Part D: 33 44   8.8 hPa 270° 28 kt 20130201.12
Part D: 44 55   8.5 hPa 255° 20 kt 20130201.12
Part D: 55 66   8.1 hPa 295° 15 kt 20130201.12
Part D: 66 77   7.7 hPa 295° 13 kt 20130201.12
Part D: 77 88   7.3 hPa 335° 10 kt 20130201.12
Part D: 88 99   7.2 hPa   5°  7 kt 20130201.12
Part D: 99 11   7.0 hPa  85°  9 kt 20130201.12
Part D: 11 22   6.7 hPa 105° 24 kt 20130201.12
Part D: 22 33   6.4 hPa 140° 18 kt 20130201.12
Part D: 33 44   6.3 hPa 115° 27 kt 20130201.12
Part A:       100.0 hPa 180° 13 kt 20130202.00
Part C:        70.0 hPa  70° 14 kt 20130202.00
Part C:        50.0 hPa 145° 16 kt 20130202.00
Part C:        30.0 hPa  95° 12 kt 20130202.00
Part C:        20.0 hPa 245° 44 kt 20130202.00
Part C:        10.0 hPa   0°  0 kt 20130202.00
Part D: 11     86.7 hPa  80° 18 kt 20130202.00
Part D: 11 22  80.2 hPa 145° 21 kt 20130202.00
Part D: 22 33  72.8 hPa  45°  8 kt 20130202.00
Part D: 33 44  56.4 hPa 140° 18 kt 20130202.00
Part D: 44 55  40.6 hPa  80° 55 kt 20130202.00
Part D: 55 66  37.6 hPa  70° 62 kt 20130202.00
Part D: 66 77  36.3 hPa  80° 67 kt 20130202.00
Part D: 77 88  29.8 hPa 120°  9 kt 20130202.00
Part D: 88 99  26.5 hPa 170° 34 kt 20130202.00
Part D: 99 11  25.4 hPa 130° 10 kt 20130202.00
Part D: 11 22  22.9 hPa 270° 17 kt 20130202.00
Part D: 22 33  17.2 hPa 215° 48 kt 20130202.00
Part D: 33 44  16.1 hPa 270° 51 kt 20130202.00
Part D: 44 55  15.8 hPa 220° 38 kt 20130202.00
Part D: 55 66  12.6 hPa 265° 37 kt 20130202.00
Part D: 66 77  12.3 hPa 285° 47 kt 20130202.00
Part D: 88 99  11.2 hPa 295° 39 kt 20130202.00
Part D: 99 11  10.7 hPa 300° 34 kt 20130202.00
Part D: 11 22  10.5 hPa 195° 39 kt 20130202.00
Part D: 22 33  10.0 hPa   0°  0 kt 20130202.00
Part D: 33 44   9.5 hPa 205° 20 kt 20130202.00
Part D: 44 55   8.8 hPa 275° 41 kt 20130202.00
Part D: 55 66   7.9 hPa 230° 23 kt 20130202.00
Part D: 66 77   7.6 hPa 295° 23 kt 20130202.00
Part D: 77 88   6.7 hPa 335°  9 kt 20130202.00
Part D: 88 99   6.6 hPa 145° 10 kt 20130202.00
Part D: 99 11   6.4 hPa 235°  7 kt 20130202.00
Part A:       100.0 hPa 170° 35 kt 20130202.12
Part C:        70.0 hPa 350°  9 kt 20130202.12
Part C:        50.0 hPa 115° 26 kt 20130202.12
Part D: 11     93.1 hPa 155° 25 kt 20130202.12
Part D: 11 22  89.4 hPa 115° 28 kt 20130202.12
Part D: 22 33  85.1 hPa 130° 39 kt 20130202.12
Part D: 33 44  82.5 hPa 135° 39 kt 20130202.12
Part D: 44 55  81.1 hPa 140° 32 kt 20130202.12
Part D: 55 66  77.1 hPa 105° 18 kt 20130202.12
Part D: 66 77  74.3 hPa  95° 11 kt 20130202.12
Part D: 77 88  71.8 hPa  10°  6 kt 20130202.12
Part D: 88 99  69.4 hPa 350°  9 kt 20130202.12
Part D: 99 11  68.2 hPa 360° 11 kt 20130202.12
Part D: 11 22  67.1 hPa 345° 14 kt 20130202.12
Part D: 22 33  62.7 hPa 360° 13 kt 20130202.12
Part D: 33 44  61.6 hPa   5° 10 kt 20130202.12
Part D: 44 55  60.6 hPa 335°  7 kt 20130202.12
Part D: 55 66  59.6 hPa 330°  4 kt 20130202.12
Part D: 66 77  58.5 hPa 125°  4 kt 20130202.12
Part D: 77 88  56.5 hPa 155° 10 kt 20130202.12
Part D: 88 99  55.6 hPa 165° 12 kt 20130202.12
Part D: 99 11  50.2 hPa 115° 26 kt 20130202.12
Part D: 11 22  48.5 hPa  90° 22 kt 20130202.12
Part D: 22 33  47.7 hPa  85° 22 kt 20130202.12
Part D: 33 44  45.3 hPa  95° 40 kt 20130202.12
Part D: 44 55  41.7 hPa  70° 44 kt 20130202.12
Part D: 55 66  39.0 hPa  75° 57 kt 20130202.12
Part A:       100.0 hPa 150° 32 kt 20130203.00
Part C:        70.0 hPa   5° 22 kt 20130203.00
Part C:        50.0 hPa 100° 19 kt 20130203.00
Part C:        30.0 hPa 125° 23 kt 20130203.00
Part C:        20.0 hPa 270° 51 kt 20130203.00
Part C:        10.0 hPa 260° 41 kt 20130203.00
Part D: 11     89.9 hPa 130° 27 kt 20130203.00
Part D: 11 22  85.3 hPa 125° 33 kt 20130203.00
Part D: 22 33  82.3 hPa 115° 28 kt 20130203.00
Part D: 33 44  74.9 hPa  10° 11 kt 20130203.00
Part D: 44 55  72.4 hPa 360° 17 kt 20130203.00
Part D: 55 66  66.9 hPa 355° 24 kt 20130203.00
Part D: 66 77  64.6 hPa   5° 19 kt 20130203.00
Part D: 77 88  62.5 hPa  35° 13 kt 20130203.00
Part D: 88 99  59.5 hPa 215°  3 kt 20130203.00
Part D: 99 11  57.6 hPa 190° 12 kt 20130203.00
Part D: 11 22  53.8 hPa 120° 11 kt 20130203.00
Part D: 22 33  50.0 hPa 100° 19 kt 20130203.00
Part D: 33 44  47.5 hPa 105° 33 kt 20130203.00
Part D: 44 55  41.6 hPa  90° 42 kt 20130203.00
Part D: 55 66  39.6 hPa 100° 56 kt 20130203.00
Part D: 66 77  35.5 hPa 105° 60 kt 20130203.00
Part D: 77 88  31.0 hPa 110° 23 kt 20130203.00
Part D: 88 99  29.9 hPa 130° 23 kt 20130203.00
Part D: 99 11  29.0 hPa 125° 15 kt 20130203.00
Part D: 11 22  28.0 hPa 150°  1 kt 20130203.00
Part D: 22 33  27.1 hPa 295° 17 kt 20130203.00
Part D: 33 44  26.2 hPa 290° 28 kt 20130203.00
Part D: 44 55  24.5 hPa 280° 49 kt 20130203.00
Part D: 55 66  23.4 hPa 275° 56 kt 20130203.00
Part D: 66 77  21.4 hPa 275° 47 kt 20130203.00
Part D: 77 88  17.9 hPa 290° 52 kt 20130203.00
Part D: 88 99  16.3 hPa 275° 46 kt 20130203.00
Part D: 99 11  14.9 hPa 255° 41 kt 20130203.00
Part D: 11 22  10.4 hPa 265° 43 kt 20130203.00
Part D: 22 33   8.5 hPa 275° 27 kt 20130203.00
Part D: 33 44   8.1 hPa 260° 39 kt 20130203.00
Part D: 44 55   7.5 hPa 265° 21 kt 20130203.00
Part D: 55 66   7.4 hPa 255° 24 kt 20130203.00
Part D: 66 77   7.0 hPa 225° 15 kt 20130203.00
Part D: 77 88   6.5 hPa 215°  5 kt 20130203.00
Part D: 88 99   6.4 hPa 240°  5 kt 20130203.00
Part D: 99 11   6.1 hPa 310°  5 kt 20130203.00
Part D: 11 22   5.9 hPa  60°  7 kt 20130203.00
Part D: 22 33   5.6 hPa  90°  8 kt 20130203.00
Part A:       100.0 hPa 180° 45 kt 20130203.12
Part A:       100.0 hPa 170° 32 kt 20130204.00
Part C:        70.0 hPa 310°  9 kt 20130204.00
Part C:        50.0 hPa  70° 32 kt 20130204.00
Part C:        30.0 hPa  60° 14 kt 20130204.00
Part C:        20.0 hPa 285° 40 kt 20130204.00
Part D: 11     92.4 hPa 135° 26 kt 20130204.00
Part D: 11 22  90.4 hPa 105° 29 kt 20130204.00
Part D: 22 33  87.3 hPa  75° 19 kt 20130204.00
Part D: 33 44  81.7 hPa  20° 30 kt 20130204.00
Part D: 44 55  76.7 hPa  10° 21 kt 20130204.00
Part D: 55 66  73.6 hPa  30° 17 kt 20130204.00
Part D: 66 77  72.1 hPa  20° 12 kt 20130204.00
Part D: 77 88  70.7 hPa 325° 10 kt 20130204.00
Part D: 88 99  69.5 hPa 300°  8 kt 20130204.00
Part D: 99 11  67.3 hPa 300° 10 kt 20130204.00
Part D: 11 22  66.3 hPa 255°  2 kt 20130204.00
Part D: 22 33  63.5 hPa 195°  7 kt 20130204.00
Part D: 33 44  57.5 hPa 150° 27 kt 20130204.00
Part D: 44 55  50.7 hPa  65° 28 kt 20130204.00
Part D: 55 66  47.4 hPa  90° 35 kt 20130204.00
Part D: 66 77  45.5 hPa  80° 46 kt 20130204.00
Part D: 77 88  39.8 hPa 100° 55 kt 20130204.00
Part D: 88 99  35.6 hPa  95° 66 kt 20130204.00
Part D: 99 11  29.6 hPa  35° 12 kt 20130204.00
Part D: 11 22  28.8 hPa 360° 11 kt 20130204.00
Part D: 22 33  28.4 hPa 355° 11 kt 20130204.00
Part D: 33 44  28.0 hPa 300° 14 kt 20130204.00
Part D: 44 55  26.0 hPa 280° 34 kt 20130204.00
Part D: 55 66  24.0 hPa 285° 50 kt 20130204.00
Part D: 66 77  20.2 hPa 285° 37 kt 20130204.00
Part D: 77 88  19.0 hPa 265° 44 kt 20130204.00
Part D: 88 99  17.8 hPa 265° 34 kt 20130204.00
Part D: 99 11  14.7 hPa 245° 43 kt 20130204.00
Part D: 11 22  12.6 hPa 260° 44 kt 20130204.00
Part D: 22 33  11.9 hPa 260° 40 kt 20130204.00
Part D: 33 44  10.8 hPa 275° 43 kt 20130204.00
Part D: 44 55  10.3 hPa 270° 43 kt 20130204.00
Part A:       100.0 hPa 115° 43 kt 20130204.12
Part C:        70.0 hPa 240°  8 kt 20130204.12
Part D: 11     98.4 hPa 110° 42 kt 20130204.12
Part D: 11 22  95.3 hPa 105° 31 kt 20130204.12
Part D: 22 33  89.5 hPa  55° 20 kt 20130204.12
Part D: 33 44  88.2 hPa  40° 24 kt 20130204.12
Part D: 44 55  86.9 hPa  30° 23 kt 20130204.12
Part D: 55 66  85.6 hPa  35° 22 kt 20130204.12
Part D: 66 77  84.2 hPa  35° 21 kt 20130204.12
Part D: 77 88  81.3 hPa  45° 16 kt 20130204.12
Part D: 88 99  79.8 hPa  65° 12 kt 20130204.12
Part D: 99 11  77.0 hPa  70° 16 kt 20130204.12
Part D: 11 22  75.7 hPa  95° 16 kt 20130204.12
Part D: 22 33  73.1 hPa 195° 11 kt 20130204.12
Part D: 33 44  71.8 hPa 205° 13 kt 20130204.12
Part D: 44 55  70.6 hPa 230°  8 kt 20130204.12
Part D: 55 66  69.3 hPa 250°  8 kt 20130204.12
Part D: 66 77  68.0 hPa 235°  3 kt 20130204.12
Part D: 77 88  66.8 hPa   0°  0 kt 20130204.12
Part D: 88 99  65.7 hPa 175°  3 kt 20130204.12
Part D: 99 11  64.8 hPa 160°  8 kt 20130204.12
Part A:       100.0 hPa 105° 43 kt 20130205.00
Part C:        70.0 hPa 240° 13 kt 20130205.00
Part C:        50.0 hPa  90° 44 kt 20130205.00
Part C:        30.0 hPa  60° 11 kt 20130205.00
Part C:        20.0 hPa 255° 31 kt 20130205.00
Part C:        10.0 hPa 260° 39 kt 20130205.00
Part D: 11     97.4 hPa  95° 44 kt 20130205.00
Part D: 11 22  86.4 hPa  80° 20 kt 20130205.00
Part D: 22 33  75.2 hPa 255° 12 kt 20130205.00
Part D: 33 44  70.5 hPa 245° 13 kt 20130205.00
Part D: 44 55  67.8 hPa 205° 13 kt 20130205.00
Part D: 55 66  65.3 hPa 205° 13 kt 20130205.00
Part D: 66 77  59.1 hPa 170° 34 kt 20130205.00
Part D: 77 88  53.0 hPa  50° 29 kt 20130205.00
Part D: 88 99  50.3 hPa  85° 45 kt 20130205.00
Part D: 99 11  48.6 hPa  90° 39 kt 20130205.00
Part D: 11 22  46.9 hPa  95° 46 kt 20130205.00
Part D: 22 33  42.4 hPa  75° 52 kt 20130205.00
Part D: 33 44  38.7 hPa  90° 73 kt 20130205.00
Part D: 44 55  38.0 hPa  95° 73 kt 20130205.00
Part D: 55 66  33.8 hPa  90° 42 kt 20130205.00
Part D: 66 77  31.5 hPa  75° 14 kt 20130205.00
Part D: 77 88  31.0 hPa  55° 12 kt 20130205.00
Part D: 88 99  28.9 hPa  70°  6 kt 20130205.00
Part D: 99 11  28.4 hPa 325°  2 kt 20130205.00
Part D: 11 22  27.9 hPa 285°  7 kt 20130205.00
Part D: 22 33  26.5 hPa 260° 26 kt 20130205.00
Part D: 33 44  24.7 hPa 260° 34 kt 20130205.00
Part D: 44 55  21.7 hPa 270° 31 kt 20130205.00
Part D: 55 66  20.2 hPa 255° 33 kt 20130205.00
Part D: 66 77  18.5 hPa 270° 33 kt 20130205.00
Part D: 77 88  17.6 hPa 260° 36 kt 20130205.00
Part D: 88 99  14.9 hPa 265° 51 kt 20130205.00
Part D: 99 11  12.4 hPa 285° 44 kt 20130205.00
Part D: 11 22  10.3 hPa 265° 38 kt 20130205.00
Part D: 22 33  10.1 hPa 255° 39 kt 20130205.00
Part D: 33 44   9.3 hPa 290° 27 kt 20130205.00
Part D: 44 55   8.5 hPa 285° 34 kt 20130205.00
Part D: 55 66   7.8 hPa 255° 16 kt 20130205.00
Part D: 66 77   7.6 hPa 230° 15 kt 20130205.00
Part D: 77 88   7.1 hPa 220° 11 kt 20130205.00
Part D: 88 99   6.8 hPa 165° 21 kt 20130205.00
Part D: 99 11   6.6 hPa 215° 12 kt 20130205.00
Part D: 11 22   6.2 hPa 190°  9 kt 20130205.00
Part D: 22 33   6.0 hPa 150°  7 kt 20130205.00
Part D: 33 44   5.8 hPa  45°  5 kt 20130205.00
Part D: 44 55   5.6 hPa  90° 15 kt 20130205.00
Part D: 55 66   5.5 hPa  80° 26 kt 20130205.00
Part A:       100.0 hPa  95° 55 kt 20130205.12
Part A:       100.0 hPa  75° 45 kt 20130206.00
Part C:        70.0 hPa 235° 17 kt 20130206.00
Part C:        50.0 hPa 105° 36 kt 20130206.00
Part C:        30.0 hPa 230° 23 kt 20130206.00
Part C:        20.0 hPa 265° 35 kt 20130206.00
Part C:        10.0 hPa 260° 25 kt 20130206.00
Part D: 11     92.3 hPa 125° 31 kt 20130206.00
Part D: 11 22  86.4 hPa 175° 36 kt 20130206.00
Part D: 22 33  79.0 hPa 210° 14 kt 20130206.00
Part D: 33 44  75.2 hPa 220° 23 kt 20130206.00
Part D: 44 55  69.4 hPa 235° 15 kt 20130206.00
Part D: 55 66  63.7 hPa 175° 18 kt 20130206.00
Part D: 66 77  61.7 hPa 125°  8 kt 20130206.00
Part D: 77 88  58.8 hPa  15° 23 kt 20130206.00
Part D: 88 99  57.0 hPa  55° 29 kt 20130206.00
Part D: 99 11  55.0 hPa  90° 35 kt 20130206.00
Part D: 11 22  52.3 hPa 110° 31 kt 20130206.00
Part D: 22 33  47.3 hPa  90° 42 kt 20130206.00
Part D: 33 44  43.4 hPa  75° 48 kt 20130206.00
Part D: 44 55  38.4 hPa  90° 65 kt 20130206.00
Part D: 55 66  34.8 hPa  80° 43 kt 20130206.00
Part D: 66 77  33.7 hPa 100° 24 kt 20130206.00
Part D: 77 88  32.6 hPa 160°  9 kt 20130206.00
Part D: 88 99  31.0 hPa 240° 26 kt 20130206.00
Part D: 99 11  29.6 hPa 220° 21 kt 20130206.00
Part D: 11 22  28.1 hPa 225° 14 kt 20130206.00
Part D: 22 33  27.2 hPa 265° 19 kt 20130206.00
Part D: 33 44  25.0 hPa 270° 26 kt 20130206.00
Part D: 44 55  22.6 hPa 275° 34 kt 20130206.00
Part D: 55 66  21.9 hPa 255° 32 kt 20130206.00
Part D: 66 77  18.6 hPa 265° 42 kt 20130206.00
Part D: 77 88  18.0 hPa 260° 53 kt 20130206.00
Part D: 88 99  15.9 hPa 280° 62 kt 20130206.00
Part D: 99 11  12.8 hPa 280° 40 kt 20130206.00
Part D: 11 22  12.1 hPa 295° 36 kt 20130206.00
Part D: 22 33  11.2 hPa 270° 28 kt 20130206.00
Part D: 33 44   9.8 hPa 255° 21 kt 20130206.00
Part D: 44 55   9.7 hPa 235° 23 kt 20130206.00
Part D: 55 66   9.0 hPa 215° 23 kt 20130206.00
Part D: 66 77   7.9 hPa 105°  8 kt 20130206.00
Part D: 77 88   7.8 hPa 140°  3 kt 20130206.00
Part D: 88 99   7.5 hPa 115° 12 kt 20130206.00
Part D: 99 11   7.4 hPa  75° 10 kt 20130206.00
Part D: 11 22   7.0 hPa 105° 29 kt 20130206.00
Part D: 22 33   6.8 hPa  80° 24 kt 20130206.00
Part D: 33 44   6.5 hPa  90° 10 kt 20130206.00
Part D: 44 55   6.4 hPa 120° 26 kt 20130206.00
Part D: 55 66   6.2 hPa 105° 15 kt 20130206.00
Part A:       100.0 hPa 105°  7 kt 20130207.00
Part C:        70.0 hPa 275° 11 kt 20130207.00
Part C:        50.0 hPa  85° 21 kt 20130207.00
Part D: 11     98.4 hPa 110°  6 kt 20130207.00
Part D: 11 22  93.5 hPa 220° 26 kt 20130207.00
Part D: 22 33  91.4 hPa 215° 24 kt 20130207.00
Part D: 33 44  89.3 hPa 220° 18 kt 20130207.00
Part D: 44 55  85.1 hPa 220° 12 kt 20130207.00
Part D: 55 66  79.6 hPa 295° 21 kt 20130207.00
Part D: 66 77  75.5 hPa 275° 17 kt 20130207.00
Part D: 77 88  72.9 hPa 250° 15 kt 20130207.00
Part D: 88 99  68.2 hPa 310° 12 kt 20130207.00
Part D: 99 11  67.1 hPa 320° 10 kt 20130207.00
Part D: 11 22  66.0 hPa 345°  8 kt 20130207.00
Part D: 22 33  64.9 hPa   5° 10 kt 20130207.00
Part D: 33 44  62.8 hPa 360° 27 kt 20130207.00
Part D: 44 55  61.9 hPa 360° 28 kt 20130207.00
Part D: 55 66  56.0 hPa  95° 15 kt 20130207.00
Part D: 66 77  54.1 hPa 135° 22 kt 20130207.00
Part D: 77 88  49.0 hPa  80° 21 kt 20130207.00
Part D: 88 99  48.3 hPa  80° 23 kt 20130207.00
Part D: 99 11  46.7 hPa  90° 32 kt 20130207.00
Part D: 11 22  45.9 hPa  95° 37 kt 20130207.00
Part D: 22 33  44.4 hPa 100° 40 kt 20130207.00
Part D: 33 44  43.6 hPa 105° 37 kt 20130207.00
Part D: 44 55  42.9 hPa 100° 36 kt 20130207.00
Part D: 55 66  42.1 hPa 105° 40 kt 20130207.00
Part A:       100.0 hPa  65° 16 kt 20130208.00
Part C:        70.0 hPa 340° 15 kt 20130208.00
Part C:        50.0 hPa  65° 18 kt 20130208.00
Part C:        30.0 hPa 100°  5 kt 20130208.00
Part C:        20.0 hPa 255° 28 kt 20130208.00
Part C:        10.0 hPa 275° 23 kt 20130208.00
Part D: 11     97.9 hPa  45° 14 kt 20130208.00
Part D: 11 22  95.5 hPa 340°  9 kt 20130208.00
Part D: 22 33  90.7 hPa 295° 22 kt 20130208.00
Part D: 33 44  77.8 hPa 325° 29 kt 20130208.00
Part D: 44 55  72.8 hPa 350° 24 kt 20130208.00
Part D: 55 66  68.2 hPa 320° 13 kt 20130208.00
Part D: 66 77  66.7 hPa 325° 10 kt 20130208.00
Part D: 77 88  65.6 hPa 360° 13 kt 20130208.00
Part D: 88 99  62.4 hPa  45° 21 kt 20130208.00
Part D: 99 11  60.3 hPa 105° 18 kt 20130208.00
Part D: 11 22  56.3 hPa 150° 21 kt 20130208.00
Part D: 22 33  53.7 hPa 115° 30 kt 20130208.00
Part D: 33 44  50.8 hPa  45° 18 kt 20130208.00
Part D: 44 55  44.4 hPa 105° 38 kt 20130208.00
Part D: 55 66  40.2 hPa  95° 56 kt 20130208.00
Part D: 66 77  38.9 hPa  90° 59 kt 20130208.00
Part D: 77 88  32.6 hPa  95°  9 kt 20130208.00
Part D: 88 99  31.5 hPa  20°  5 kt 20130208.00
Part D: 99 11  30.5 hPa  35°  2 kt 20130208.00
Part D: 11 22  29.5 hPa 270°  3 kt 20130208.00
Part D: 22 33  27.1 hPa 260° 46 kt 20130208.00
Part D: 33 44  25.7 hPa 260° 56 kt 20130208.00
Part D: 44 55  24.0 hPa 275° 48 kt 20130208.00
Part D: 55 66  22.0 hPa 260° 33 kt 20130208.00
Part D: 66 77  19.9 hPa 250° 26 kt 20130208.00
Part D: 77 88  19.6 hPa 250° 32 kt 20130208.00
Part D: 88 99  17.0 hPa 275° 31 kt 20130208.00
Part D: 99 11  16.4 hPa 265° 23 kt 20130208.00
Part D: 11 22  15.8 hPa 275° 35 kt 20130208.00
Part D: 22 33  10.5 hPa 280° 28 kt 20130208.00
Part D: 33 44  10.1 hPa 275° 21 kt 20130208.00
Part D: 44 55   9.8 hPa 280° 28 kt 20130208.00
Part D: 55 66   9.0 hPa 290° 22 kt 20130208.00
Part D: 66 77   7.8 hPa 295° 20 kt 20130208.00
Part D: 77 88   7.4 hPa 265° 15 kt 20130208.00
Part D: 88 99   7.3 hPa 235° 14 kt 20130208.00
Part A:       100.0 hPa 350°  9 kt 20130208.12
Part C:        70.0 hPa 285°  2 kt 20130208.12
Part D: 11     95.7 hPa 310° 20 kt 20130208.12
Part D: 11 22  93.5 hPa 295° 22 kt 20130208.12
Part D: 22 33  89.3 hPa 290° 29 kt 20130208.12
Part D: 33 44  85.1 hPa 310° 28 kt 20130208.12
Part D: 44 55  83.1 hPa 320° 25 kt 20130208.12
Part D: 55 66  81.2 hPa 320° 23 kt 20130208.12
Part D: 66 77  79.3 hPa 335° 20 kt 20130208.12
Part D: 77 88  77.5 hPa 340° 21 kt 20130208.12
Part D: 88 99  74.2 hPa  10°  6 kt 20130208.12
Part D: 99 11  72.6 hPa 310°  3 kt 20130208.12
Part D: 11 22  69.5 hPa 360°  3 kt 20130208.12
Part D: 22 33  68.3 hPa  75°  3 kt 20130208.12
Part A:       100.0 hPa 290° 18 kt 20130209.00
Part C:        70.0 hPa 220°  6 kt 20130209.00
Part C:        50.0 hPa  65° 19 kt 20130209.00
Part C:        30.0 hPa 250° 17 kt 20130209.00
Part C:        20.0 hPa 280° 23 kt 20130209.00
Part C:        10.0 hPa 270° 22 kt 20130209.00
Part D: 11     95.4 hPa 300° 27 kt 20130209.00
Part D: 11 22  90.7 hPa 320° 26 kt 20130209.00
Part D: 22 33  82.3 hPa 345° 22 kt 20130209.00
Part D: 33 44  78.3 hPa 350° 17 kt 20130209.00
Part D: 44 55  72.1 hPa 285°  9 kt 20130209.00
Part D: 55 66  56.9 hPa 185° 15 kt 20130209.00
Part D: 66 77  54.9 hPa 100° 11 kt 20130209.00
Part D: 77 88  53.9 hPa  80° 18 kt 20130209.00
Part D: 88 99  51.0 hPa  40° 20 kt 20130209.00
Part D: 99 11  47.7 hPa 100° 14 kt 20130209.00
Part D: 11 22  43.0 hPa  85° 39 kt 20130209.00
Part D: 22 33  37.9 hPa  95° 61 kt 20130209.00
Part D: 33 44  36.1 hPa 105° 62 kt 20130209.00
Part D: 44 55  34.3 hPa 100° 47 kt 20130209.00
Part D: 55 66  32.5 hPa 125° 25 kt 20130209.00
Part D: 66 77  31.6 hPa 105° 18 kt 20130209.00
Part D: 77 88  31.1 hPa 130°  7 kt 20130209.00
Part D: 88 99  29.2 hPa 265° 31 kt 20130209.00
Part D: 99 11  28.7 hPa 265° 38 kt 20130209.00
Part D: 11 22  21.9 hPa 300° 33 kt 20130209.00
Part D: 22 33  20.8 hPa 285° 21 kt 20130209.00
Part D: 33 44  18.0 hPa 250° 25 kt 20130209.00
Part D: 44 55  15.4 hPa 265° 33 kt 20130209.00
Part D: 55 66  13.2 hPa 255° 31 kt 20130209.00
Part D: 66 77  11.7 hPa 275° 36 kt 20130209.00
Part D: 77 88  11.5 hPa 270° 28 kt 20130209.00
Part D: 88 99   9.7 hPa 265° 16 kt 20130209.00
Part D: 99 11   8.7 hPa 330° 12 kt 20130209.00
Part D: 11 22   8.4 hPa 305°  6 kt 20130209.00
Part D: 22 33   8.2 hPa 350°  5 kt 20130209.00
Part D: 33 44   7.9 hPa 360°  7 kt 20130209.00
Part D: 44 55   7.5 hPa 355°  3 kt 20130209.00
Part D: 55 66   6.9 hPa 135°  6 kt 20130209.00
Part D: 66 77   6.6 hPa  55° 12 kt 20130209.00
Part D: 77 88   6.5 hPa  60° 22 kt 20130209.00
Part D: 88 99   6.2 hPa  20°  9 kt 20130209.00
Part D: 99 11   6.0 hPa  70° 34 kt 20130209.00
Part D: 11 22   5.8 hPa  35° 17 kt 20130209.00
Part A:       100.0 hPa 330° 22 kt 20130209.12
Part A:       100.0 hPa 345° 18 kt 20130210.00
Part C:        70.0 hPa 235° 26 kt 20130210.00
Part C:        50.0 hPa  60° 44 kt 20130210.00
Part C:        30.0 hPa 280° 17 kt 20130210.00
Part C:        20.0 hPa 280° 22 kt 20130210.00
Part C:        10.0 hPa 285° 13 kt 20130210.00
Part D: 11     96.5 hPa 315° 21 kt 20130210.00
Part D: 11 22  92.7 hPa 350° 11 kt 20130210.00
Part D: 22 33  87.2 hPa 230° 16 kt 20130210.00
Part D: 33 44  62.4 hPa 265° 10 kt 20130210.00
Part D: 44 55  59.6 hPa 180° 11 kt 20130210.00
Part D: 55 66  54.0 hPa  65° 37 kt 20130210.00
Part D: 66 77  47.3 hPa  95° 37 kt 20130210.00
Part D: 77 88  41.6 hPa 105° 71 kt 20130210.00
Part D: 88 99  40.3 hPa 100° 71 kt 20130210.00
Part D: 99 11  35.4 hPa 130° 22 kt 20130210.00
Part D: 11 22  33.2 hPa 160° 20 kt 20130210.00
Part D: 22 33  30.0 hPa 280° 17 kt 20130210.00
Part D: 33 44  27.2 hPa 305° 10 kt 20130210.00
Part D: 44 55  26.7 hPa 270°  8 kt 20130210.00
Part D: 55 66  24.9 hPa 260° 30 kt 20130210.00
Part D: 66 77  22.9 hPa 290° 20 kt 20130210.00
Part D: 77 88   9.6 hPa 280° 12 kt 20130210.00
Part D: 88 99   9.2 hPa 250°  9 kt 20130210.00
Part D: 99 11   8.6 hPa 290°  8 kt 20130210.00
Part D: 11 22   7.8 hPa 170° 12 kt 20130210.00
Part D: 22 33   7.0 hPa 255° 10 kt 20130210.00
Part D: 33 44   6.4 hPa 305° 10 kt 20130210.00
Part D: 44 55   5.7 hPa 345°  1 kt 20130210.00
Part D: 55 66   5.6 hPa  35°  6 kt 20130210.00
Part D: 66 77   5.4 hPa  15°  8 kt 20130210.00
Part A:       100.0 hPa 290° 18 kt 20130210.12
Part C:        70.0 hPa 220° 23 kt 20130210.12
Part D: 11     98.1 hPa 330° 12 kt 20130210.12
Part D: 11 22  97.0 hPa 350° 15 kt 20130210.12
Part D: 22 33  95.8 hPa 335° 15 kt 20130210.12
Part D: 33 44  94.8 hPa 325° 14 kt 20130210.12
Part D: 44 55  92.8 hPa 350°  4 kt 20130210.12
Part D: 55 66  91.8 hPa  35°  5 kt 20130210.12
Part D: 66 77  90.9 hPa  10°  3 kt 20130210.12
Part D: 77 88  89.1 hPa  60°  2 kt 20130210.12
Part D: 88 99  88.2 hPa  65°  2 kt 20130210.12
Part D: 99 11  87.2 hPa 255°  4 kt 20130210.12
Part D: 11 22  86.2 hPa 245°  5 kt 20130210.12
Part D: 22 33  85.3 hPa 240° 10 kt 20130210.12
Part D: 33 44  82.1 hPa 240° 13 kt 20130210.12
Part D: 44 55  77.2 hPa 240° 17 kt 20130210.12
Part D: 55 66  75.7 hPa 240° 20 kt 20130210.12
Part D: 66 77  70.7 hPa 215° 22 kt 20130210.12
Part D: 77 88  68.8 hPa 225° 22 kt 20130210.12
Part A:       100.0 hPa 300° 15 kt 20130211.00
Part C:        70.0 hPa 200° 18 kt 20130211.00
Part C:        50.0 hPa 105° 36 kt 20130211.00
Part C:        30.0 hPa 220°  4 kt 20130211.00
Part C:        20.0 hPa 280° 30 kt 20130211.00
Part C:        10.0 hPa 285° 23 kt 20130211.00
Part D: 11     96.0 hPa 275°  7 kt 20130211.00
Part D: 11 22  89.8 hPa 300°  7 kt 20130211.00
Part D: 22 33  86.9 hPa 260° 13 kt 20130211.00
Part D: 33 44  78.9 hPa 290° 12 kt 20130211.00
Part D: 44 55  73.8 hPa 200°  9 kt 20130211.00
Part D: 55 66  65.5 hPa 225°  3 kt 20130211.00
Part D: 66 77  64.4 hPa 310°  6 kt 20130211.00
Part D: 77 88  62.3 hPa  10°  9 kt 20130211.00
Part D: 88 99  56.4 hPa  60° 35 kt 20130211.00
Part D: 99 11  51.0 hPa 110° 40 kt 20130211.00
Part D: 11 22  44.6 hPa  80° 49 kt 20130211.00
Part D: 22 33  40.4 hPa  85° 62 kt 20130211.00
Part D: 33 44  34.4 hPa  35° 13 kt 20130211.00
Part D: 44 55  32.2 hPa 295°  3 kt 20130211.00
Part D: 55 66  29.1 hPa  60°  5 kt 20130211.00
Part D: 66 77  28.1 hPa 230° 12 kt 20130211.00
Part D: 77 88  25.0 hPa 275° 27 kt 20130211.00
Part D: 88 99  17.5 hPa 245° 25 kt 20130211.00
Part D: 99 11  15.3 hPa 245° 18 kt 20130211.00
Part D: 11 22  14.7 hPa 245° 32 kt 20130211.00
Part D: 22 33  12.6 hPa 295° 23 kt 20130211.00
Part D: 33 44   9.3 hPa 285° 17 kt 20130211.00
Part D: 44 55   8.5 hPa 200°  4 kt 20130211.00
Part D: 55 66   7.7 hPa 130°  9 kt 20130211.00
Part D: 66 77   7.3 hPa 175°  5 kt 20130211.00
Part D: 77 88   7.1 hPa  60°  1 kt 20130211.00
Part D: 88 99   6.7 hPa  85°  3 kt 20130211.00
Part D: 99 11   6.6 hPa 275°  5 kt 20130211.00
Part D: 11 22   6.3 hPa 125°  1 kt 20130211.00
Part D: 22 33   5.9 hPa  50° 11 kt 20130211.00
Part D: 33 44   5.6 hPa 120° 14 kt 20130211.00
Part A:       100.0 hPa 240° 25 kt 20130211.12
Part C:        70.0 hPa 180° 19 kt 20130211.12
Part D: 11     98.8 hPa 240° 27 kt 20130211.12
Part D: 11 22  97.1 hPa 240° 25 kt 20130211.12
Part D: 22 33  95.5 hPa 245° 24 kt 20130211.12
Part D: 33 44  93.8 hPa 245° 21 kt 20130211.12
Part D: 44 55  92.2 hPa 250° 21 kt 20130211.12
Part D: 55 66  90.6 hPa 265° 19 kt 20130211.12
Part D: 66 77  88.8 hPa 270° 19 kt 20130211.12
Part D: 77 88  86.9 hPa 275° 16 kt 20130211.12
Part D: 88 99  85.1 hPa 240°  6 kt 20130211.12
Part D: 99 11  83.3 hPa 260°  5 kt 20130211.12
Part D: 11 22  81.6 hPa 215°  6 kt 20130211.12
Part D: 22 33  79.9 hPa 210° 13 kt 20130211.12
Part D: 33 44  78.3 hPa 210° 10 kt 20130211.12
Part D: 44 55  76.8 hPa 215° 10 kt 20130211.12
Part D: 55 66  73.7 hPa 185° 21 kt 20130211.12
Part D: 66 77  72.2 hPa 185° 24 kt 20130211.12
Part D: 77 88  70.7 hPa 185° 24 kt 20130211.12
Part D: 88 99  68.7 hPa 185° 12 kt 20130211.12
Part A:       100.0 hPa 260° 36 kt 20130212.00
Part C:        70.0 hPa 360° 19 kt 20130212.00
Part C:        50.0 hPa 100° 31 kt 20130212.00
Part C:        30.0 hPa 245° 22 kt 20130212.00
Part C:        20.0 hPa 260° 34 kt 20130212.00
Part C:        10.0 hPa 265° 22 kt 20130212.00
Part D: 11     80.7 hPa 265° 10 kt 20130212.00
Part D: 11 22  74.1 hPa 245° 10 kt 20130212.00
Part D: 22 33  71.7 hPa  10° 13 kt 20130212.00
Part D: 33 44  70.5 hPa 360° 17 kt 20130212.00
Part D: 44 55  68.2 hPa   5° 25 kt 20130212.00
Part D: 55 66  61.4 hPa  55° 17 kt 20130212.00
Part D: 66 77  56.3 hPa 110° 38 kt 20130212.00
Part D: 77 88  44.3 hPa  80° 53 kt 20130212.00
Part D: 88 99  42.8 hPa  90° 63 kt 20130212.00
Part D: 99 11  37.0 hPa 115° 26 kt 20130212.00
Part D: 11 22  33.5 hPa 265° 16 kt 20130212.00
Part D: 22 33  29.8 hPa 240° 22 kt 20130212.00
Part D: 33 44  27.4 hPa 265° 19 kt 20130212.00
Part D: 44 55  24.7 hPa 275° 33 kt 20130212.00
Part D: 55 66  21.9 hPa 240° 29 kt 20130212.00
Part D: 66 77  18.1 hPa 280° 29 kt 20130212.00
Part D: 77 88  12.8 hPa 260° 29 kt 20130212.00
Part D: 88 99   8.6 hPa 280°  6 kt 20130212.00
Part D: 99 11   8.2 hPa 315°  9 kt 20130212.00
Part D: 11 22   7.6 hPa  30°  3 kt 20130212.00
Part D: 22 33   7.2 hPa 345°  3 kt 20130212.00
Part D: 33 44   6.3 hPa  80° 14 kt 20130212.00
Part D: 44 55   5.8 hPa  20°  9 kt 20130212.00
Part D: 55 66   5.6 hPa  65° 22 kt 20130212.00
Part D: 66 77   4.8 hPa  80° 36 kt 20130212.00
Part A:       100.0 hPa 260° 33 kt 20130212.12
Part C:        70.0 hPa  30°  7 kt 20130212.12
Part D: 11     98.7 hPa 255° 33 kt 20130212.12
Part D: 11 22  97.0 hPa 255° 27 kt 20130212.12
Part D: 22 33  93.7 hPa 245° 24 kt 20130212.12
Part D: 33 44  92.1 hPa 245° 22 kt 20130212.12
Part D: 44 55  88.8 hPa 240° 16 kt 20130212.12
Part D: 55 66  87.2 hPa 250° 13 kt 20130212.12
Part D: 66 77  85.6 hPa 240°  8 kt 20130212.12
Part D: 77 88  82.9 hPa 250° 11 kt 20130212.12
Part D: 88 99  78.5 hPa 290°  5 kt 20130212.12
Part D: 99 11  77.2 hPa 300°  7 kt 20130212.12
Part D: 11 22  76.0 hPa 340°  6 kt 20130212.12
Part D: 22 33  73.4 hPa   5° 10 kt 20130212.12
Part D: 33 44  72.2 hPa 360° 12 kt 20130212.12
Part D: 44 55  69.8 hPa  35°  6 kt 20130212.12
Part D: 55 66  67.3 hPa   5° 14 kt 20130212.12
Part D: 66 77  64.9 hPa   5° 17 kt 20130212.12
Part D: 77 88  63.8 hPa  25° 13 kt 20130212.12
Part D: 88 99  62.6 hPa  55°  7 kt 20130212.12
Part D: 99 11  61.6 hPa  80° 12 kt 20130212.12
Part D: 11 22  59.5 hPa  70°  8 kt 20130212.12
Part D: 22 33  57.5 hPa 105° 19 kt 20130212.12
Part D: 33 44  55.6 hPa 115° 26 kt 20130212.12
Part D: 44 55  54.6 hPa 115° 27 kt 20130212.12
Part A:       100.0 hPa 295° 28 kt 20130213.00
Part A:       100.0 hPa 285° 19 kt 20130213.12
Part C:        70.0 hPa  35° 22 kt 20130213.12
Part C:        50.0 hPa  70° 41 kt 20130213.12
Part C:        30.0 hPa  10°  7 kt 20130213.12
Part C:        20.0 hPa 285° 34 kt 20130213.12
Part C:        10.0 hPa 280°  9 kt 20130213.12
Part D: 11     92.7 hPa 240° 18 kt 20130213.12
Part D: 11 22  78.5 hPa 340°  5 kt 20130213.12
Part D: 22 33  75.0 hPa 125°  7 kt 20130213.12
Part D: 33 44  71.9 hPa  25°  9 kt 20130213.12
Part D: 44 55  70.2 hPa  35° 22 kt 20130213.12
Part D: 55 66  65.5 hPa  85° 12 kt 20130213.12
Part D: 66 77  62.6 hPa 160° 11 kt 20130213.12
Part D: 77 88  58.6 hPa 130° 22 kt 20130213.12
Part D: 88 99  51.6 hPa  65° 49 kt 20130213.12
Part D: 99 11  45.6 hPa 100° 51 kt 20130213.12
Part D: 11 22  38.5 hPa  95° 60 kt 20130213.12
Part D: 22 33  35.3 hPa  55° 19 kt 20130213.12
Part D: 33 44  34.1 hPa   5° 14 kt 20130213.12
Part D: 44 55  33.0 hPa   5° 17 kt 20130213.12
Part D: 55 66  29.8 hPa 345°  5 kt 20130213.12
Part D: 66 77  28.3 hPa 240° 12 kt 20130213.12
Part D: 77 88  24.3 hPa 290° 35 kt 20130213.12
Part D: 88 99  18.8 hPa 260° 41 kt 20130213.12
Part D: 99 11  14.9 hPa 235° 42 kt 20130213.12
Part D: 11 22  11.0 hPa 265° 29 kt 20130213.12
Part D: 22 33  10.1 hPa 265°  7 kt 20130213.12
Part D: 33 44   9.7 hPa 290° 14 kt 20130213.12
Part D: 44 55   9.0 hPa 260° 11 kt 20130213.12
Part D: 55 66   8.3 hPa 320°  6 kt 20130213.12
Part D: 66 77   7.8 hPa 150° 10 kt 20130213.12
Part D: 77 88   7.0 hPa 180° 10 kt 20130213.12
Part D: 88 99   6.7 hPa 125°  4 kt 20130213.12
Part D: 99 11   6.5 hPa 245°  7 kt 20130213.12
Part D: 11 22   6.2 hPa 175°  8 kt 20130213.12
Part D: 22 33   5.5 hPa 185° 17 kt 20130213.12
Part D: 33 44   5.3 hPa 125° 14 kt 20130213.12
Part A:       100.0 hPa 345° 15 kt 20130214.00
Part C:        70.0 hPa  70° 33 kt 20130214.00
Part C:        50.0 hPa  85° 46 kt 20130214.00
Part C:        30.0 hPa 240°  8 kt 20130214.00
Part C:        20.0 hPa 270° 29 kt 20130214.00
Part C:        10.0 hPa 300° 28 kt 20130214.00
Part D: 11     95.8 hPa 315° 11 kt 20130214.00
Part D: 11 22  92.7 hPa 290°  9 kt 20130214.00
Part D: 22 33  83.1 hPa 330° 11 kt 20130214.00
Part D: 33 44  80.5 hPa 355° 18 kt 20130214.00
Part D: 44 55  74.3 hPa  50° 29 kt 20130214.00
Part D: 55 66  70.7 hPa  70° 40 kt 20130214.00
Part D: 66 77  68.4 hPa  90° 23 kt 20130214.00
Part D: 77 88  65.4 hPa 125° 22 kt 20130214.00
Part D: 88 99  57.5 hPa  95° 22 kt 20130214.00
Part D: 99 11  52.6 hPa  65° 41 kt 20130214.00
Part D: 11 22  50.2 hPa  85° 46 kt 20130214.00
Part D: 22 33  43.0 hPa  75° 55 kt 20130214.00
Part D: 33 44  41.1 hPa  75° 57 kt 20130214.00
Part D: 44 55  39.3 hPa  90° 56 kt 20130214.00
Part D: 55 66  37.0 hPa  80° 26 kt 20130214.00
Part D: 66 77  34.7 hPa  40° 13 kt 20130214.00
Part D: 77 88  33.6 hPa  70° 11 kt 20130214.00
Part D: 88 99  32.7 hPa 245°  3 kt 20130214.00
Part D: 99 11  32.2 hPa 275°  4 kt 20130214.00
Part D: 11 22  31.3 hPa 235° 11 kt 20130214.00
Part D: 22 33  30.8 hPa 235° 15 kt 20130214.00
Part D: 33 44  28.9 hPa 225°  3 kt 20130214.00
Part D: 44 55  25.8 hPa 265° 30 kt 20130214.00
Part D: 55 66  23.2 hPa 280° 37 kt 20130214.00
Part D: 66 77  22.0 hPa 260° 29 kt 20130214.00
Part D: 77 88  21.3 hPa 280° 32 kt 20130214.00
Part D: 88 99  18.8 hPa 255° 34 kt 20130214.00
Part D: 99 11  17.2 hPa 240° 36 kt 20130214.00
Part D: 11 22  15.7 hPa 225° 25 kt 20130214.00
Part D: 22 33  14.1 hPa 245° 21 kt 20130214.00
Part D: 33 44  12.9 hPa 265° 25 kt 20130214.00
Part D: 44 55  11.9 hPa 300° 28 kt 20130214.00
Part D: 55 66  10.4 hPa 295° 33 kt 20130214.00
Part D: 66 77   9.5 hPa 305° 21 kt 20130214.00
Part D: 77 88   8.3 hPa 275° 14 kt 20130214.00
Part D: 88 99   7.5 hPa 340°  7 kt 20130214.00
Part D: 99 11   7.3 hPa 350°  8 kt 20130214.00
Part D: 11 22   7.0 hPa  10° 14 kt 20130214.00
Part D: 22 33   6.7 hPa 350°  8 kt 20130214.00
Part D: 33 44   6.6 hPa 305°  5 kt 20130214.00
Part A:       100.0 hPa 245° 13 kt 20130214.12
Part A:       100.0 hPa 140° 20 kt 20130215.12
Part C:        70.0 hPa 120° 30 kt 20130215.12
Part D: 11     99.1 hPa 140° 20 kt 20130215.12
Part D: 11 22  95.4 hPa 145° 25 kt 20130215.12
Part D: 22 33  94.4 hPa 145° 23 kt 20130215.12
Part D: 33 44  93.3 hPa 145° 26 kt 20130215.12
Part D: 44 55  92.3 hPa 140° 22 kt 20130215.12
Part D: 55 66  90.9 hPa 130° 20 kt 20130215.12
Part D: 66 77  87.8 hPa 125° 23 kt 20130215.12
Part D: 77 88  85.4 hPa 115° 21 kt 20130215.12
Part D: 88 99  84.3 hPa 125° 24 kt 20130215.12
Part D: 99 11  83.2 hPa 115° 29 kt 20130215.12
Part D: 11 22  82.2 hPa 120° 31 kt 20130215.12
Part D: 22 33  81.2 hPa 125° 36 kt 20130215.12
Part D: 33 44  79.5 hPa 135° 34 kt 20130215.12
Part D: 44 55  78.2 hPa 140° 41 kt 20130215.12
Part D: 55 66  77.4 hPa 140° 39 kt 20130215.12
Part D: 66 77  76.6 hPa 135° 36 kt 20130215.12
Part D: 77 88  75.2 hPa 130° 32 kt 20130215.12
Part D: 88 99  72.3 hPa 135° 31 kt 20130215.12
Part D: 99 11  71.3 hPa 140° 34 kt 20130215.12
Part D: 11 22  65.8 hPa  55° 23 kt 20130215.12
Part D: 22 33  64.9 hPa  40° 25 kt 20130215.12
Part D: 33 44  63.9 hPa  45° 25 kt 20130215.12
Part D: 44 55  61.7 hPa  45° 24 kt 20130215.12
Part A:       100.0 hPa  95° 26 kt 20130216.00
Part C:        70.0 hPa  50° 27 kt 20130216.00
Part C:        50.0 hPa  85° 18 kt 20130216.00
Part C:        30.0 hPa 300° 24 kt 20130216.00
Part C:        20.0 hPa 285° 15 kt 20130216.00
Part C:        10.0 hPa 295° 34 kt 20130216.00
Part D: 11     76.2 hPa  90° 15 kt 20130216.00
Part D: 11 22  68.3 hPa  40° 27 kt 20130216.00
Part D: 22 33  61.1 hPa 120° 19 kt 20130216.00
Part D: 33 44  57.4 hPa  70°  8 kt 20130216.00
Part D: 44 55  52.7 hPa 105° 25 kt 20130216.00
Part D: 55 66  51.1 hPa  85° 17 kt 20130216.00
Part D: 66 77  43.6 hPa  90° 43 kt 20130216.00
Part D: 77 88  37.2 hPa 250°  3 kt 20130216.00
Part D: 88 99  35.5 hPa 230° 15 kt 20130216.00
Part D: 99 11  30.1 hPa 300° 25 kt 20130216.00
Part D: 11 22  26.8 hPa 350° 20 kt 20130216.00
Part D: 22 33  25.9 hPa 305° 13 kt 20130216.00
Part D: 33 44  21.7 hPa 255°  6 kt 20130216.00
Part D: 44 55  20.2 hPa 290° 15 kt 20130216.00
Part D: 55 66  15.4 hPa 215° 23 kt 20130216.00
Part D: 66 77  12.6 hPa 265° 33 kt 20130216.00
Part D: 77 88  11.2 hPa 280° 31 kt 20130216.00
Part D: 88 99   8.0 hPa 305° 12 kt 20130216.00
Part D: 99 11   7.1 hPa  35°  2 kt 20130216.00
Part D: 11 22   6.4 hPa 210° 20 kt 20130216.00
Part D: 22 33   6.2 hPa 195° 21 kt 20130216.00
Part D: 33 44   6.0 hPa 195° 18 kt 20130216.00
Part D: 44 55   5.9 hPa 180° 19 kt 20130216.00
Part D: 55 66   5.8 hPa 210° 20 kt 20130216.00
Part D: 66 77   5.7 hPa 165° 19 kt 20130216.00
Part D: 77 88   5.1 hPa  75° 26 kt 20130216.00
Part A:       100.0 hPa  90° 47 kt 20130216.12
Part C:        70.0 hPa  50° 27 kt 20130216.12
Part D: 11     97.9 hPa  95° 46 kt 20130216.12
Part D: 11 22  94.7 hPa 100° 35 kt 20130216.12
Part D: 22 33  91.3 hPa 115° 26 kt 20130216.12
Part D: 33 44  89.8 hPa 120° 28 kt 20130216.12
Part D: 44 55  88.3 hPa 125° 28 kt 20130216.12
Part D: 55 66  86.6 hPa 130° 27 kt 20130216.12
Part D: 66 77  85.1 hPa 130° 29 kt 20130216.12
Part D: 77 88  82.2 hPa 110° 25 kt 20130216.12
Part D: 88 99  80.7 hPa 115° 31 kt 20130216.12
Part D: 99 11  79.2 hPa 105° 29 kt 20130216.12
Part D: 11 22  76.4 hPa  75° 21 kt 20130216.12
Part D: 22 33  73.6 hPa  50° 25 kt 20130216.12
Part D: 33 44  72.3 hPa  45° 26 kt 20130216.12
Part D: 44 55  71.2 hPa  40° 28 kt 20130216.12
Part D: 55 66  67.8 hPa  75° 25 kt 20130216.12
Part D: 66 77  66.4 hPa  75° 23 kt 20130216.12
Part D: 77 88  63.7 hPa 110° 19 kt 20130216.12
Part D: 88 99  61.1 hPa 140° 14 kt 20130216.12
Part A:       100.0 hPa  90° 47 kt 20130217.00
Part C:        70.0 hPa 160° 25 kt 20130217.00
Part C:        50.0 hPa  10° 16 kt 20130217.00
Part C:        30.0 hPa 130° 23 kt 20130217.00
Part C:        20.0 hPa 250° 21 kt 20130217.00
Part C:        10.0 hPa 240° 15 kt 20130217.00
Part D: 11     95.8 hPa  95° 42 kt 20130217.00
Part D: 11 22  85.6 hPa  60° 25 kt 20130217.00
Part D: 22 33  76.8 hPa  60° 39 kt 20130217.00
Part D: 33 44  73.4 hPa 130° 23 kt 20130217.00
Part D: 44 55  69.0 hPa 165° 25 kt 20130217.00
Part D: 55 66  59.2 hPa 105°  2 kt 20130217.00
Part D: 66 77  58.2 hPa 315°  9 kt 20130217.00
Part D: 77 88  52.8 hPa 345° 17 kt 20130217.00
Part D: 88 99  51.9 hPa 340° 23 kt 20130217.00
Part D: 99 11  50.2 hPa 360° 17 kt 20130217.00
Part D: 11 22  48.6 hPa  55° 16 kt 20130217.00
Part D: 22 33  47.2 hPa  90° 16 kt 20130217.00
Part D: 33 44  43.5 hPa 105° 19 kt 20130217.00
Part D: 44 55  40.2 hPa  80° 28 kt 20130217.00
Part D: 55 66  37.6 hPa 100° 51 kt 20130217.00
Part D: 66 77  36.5 hPa 115° 45 kt 20130217.00
Part D: 77 88  33.2 hPa 100° 20 kt 20130217.00
Part D: 88 99  30.2 hPa 125° 24 kt 20130217.00
Part D: 99 11  28.3 hPa 170°  9 kt 20130217.00
Part D: 11 22  27.4 hPa 295° 16 kt 20130217.00
Part D: 22 33  25.7 hPa 315° 20 kt 20130217.00
Part D: 33 44  24.4 hPa 270° 11 kt 20130217.00
Part D: 44 55  23.6 hPa 295° 11 kt 20130217.00
Part D: 55 66  21.7 hPa 255° 17 kt 20130217.00
Part D: 66 77  18.4 hPa 270° 31 kt 20130217.00
Part D: 77 88  15.0 hPa 275° 24 kt 20130217.00
Part D: 88 99  13.7 hPa 280° 30 kt 20130217.00
Part D: 99 11  10.6 hPa 250° 15 kt 20130217.00
Part D: 11 22  10.4 hPa 260° 18 kt 20130217.00
Part D: 22 33  10.0 hPa 245° 15 kt 20130217.00
Part D: 33 44   9.7 hPa 220° 13 kt 20130217.00
Part D: 44 55   9.3 hPa 245° 11 kt 20130217.00
Part A:       100.0 hPa  75° 39 kt 20130218.00
Part C:        70.0 hPa 125° 19 kt 20130218.00
Part C:        50.0 hPa  90° 14 kt 20130218.00
Part C:        30.0 hPa 165° 19 kt 20130218.00
Part C:        20.0 hPa 265° 12 kt 20130218.00
Part C:        10.0 hPa 300° 18 kt 20130218.00
Part D: 11     88.5 hPa  65°  3 kt 20130218.00
Part D: 11 22  85.5 hPa 310°  6 kt 20130218.00
Part D: 22 33  79.7 hPa 310° 18 kt 20130218.00
Part D: 33 44  75.4 hPa 345°  9 kt 20130218.00
Part D: 44 55  74.1 hPa 360°  4 kt 20130218.00
Part D: 55 66  68.0 hPa 140° 23 kt 20130218.00
Part D: 66 77  65.5 hPa 150° 36 kt 20130218.00
Part D: 77 88  60.1 hPa  75° 16 kt 20130218.00
Part D: 88 99  57.0 hPa  60° 28 kt 20130218.00
Part D: 99 11  53.3 hPa 105° 17 kt 20130218.00
Part D: 11 22  41.8 hPa  70° 28 kt 20130218.00
Part D: 22 33  39.6 hPa  85° 51 kt 20130218.00
Part D: 33 44  36.0 hPa  85° 25 kt 20130218.00
Part D: 44 55  32.6 hPa 105° 27 kt 20130218.00
Part D: 55 66  29.3 hPa 175° 14 kt 20130218.00
Part D: 66 77  27.9 hPa 255° 24 kt 20130218.00
Part D: 77 88  20.3 hPa 245° 11 kt 20130218.00
Part D: 88 99  18.9 hPa 295° 15 kt 20130218.00
Part D: 99 11  15.4 hPa 295° 31 kt 20130218.00
Part D: 11 22  13.3 hPa 255° 13 kt 20130218.00
Part D: 22 33  12.1 hPa 305° 11 kt 20130218.00
Part D: 33 44  11.7 hPa 275° 17 kt 20130218.00
Part D: 44 55  10.0 hPa 305° 18 kt 20130218.00
Part D: 55 66   8.2 hPa 290°  8 kt 20130218.00
Part D: 66 77   7.4 hPa 340° 13 kt 20130218.00
Part D: 77 88   6.6 hPa 245°  5 kt 20130218.00
Part D: 88 99   6.3 hPa 235°  8 kt 20130218.00
Part D: 99 11   5.5 hPa  85°  8 kt 20130218.00
Part D: 11 22   5.3 hPa  45° 12 kt 20130218.00
Part D: 22 33   5.2 hPa 105°  7 kt 20130218.00
Part D: 33 44   5.0 hPa  75°  8 kt 20130218.00
Part A:       100.0 hPa 165° 13 kt 20130218.12
Part A:       100.0 hPa 115° 19 kt 20130219.00
Part C:        70.0 hPa 100° 18 kt 20130219.00
Part C:        50.0 hPa  95° 15 kt 20130219.00
Part C:        30.0 hPa 355° 15 kt 20130219.00
Part C:        20.0 hPa 340°  9 kt 20130219.00
Part C:        10.0 hPa 310° 21 kt 20130219.00
Part D: 11     92.7 hPa 180° 18 kt 20130219.00
Part D: 11 22  82.2 hPa 130° 11 kt 20130219.00
Part D: 22 33  78.3 hPa  75°  7 kt 20130219.00
Part D: 33 44  75.7 hPa 110° 12 kt 20130219.00
Part D: 44 55  64.0 hPa  20° 30 kt 20130219.00
Part D: 55 66  59.7 hPa  75° 27 kt 20130219.00
Part D: 66 77  56.1 hPa 130° 17 kt 20130219.00
Part D: 77 88  45.6 hPa  70° 30 kt 20130219.00
Part D: 88 99  38.5 hPa  85° 57 kt 20130219.00
Part D: 99 11  36.1 hPa 105° 36 kt 20130219.00
Part D: 11 22  33.0 hPa  70° 11 kt 20130219.00
Part D: 22 33  32.3 hPa   5°  5 kt 20130219.00
Part D: 33 44  31.6 hPa 355° 17 kt 20130219.00
Part D: 44 55  29.5 hPa 325° 14 kt 20130219.00
Part D: 55 66  25.6 hPa 230° 14 kt 20130219.00
Part D: 66 77  22.6 hPa 160°  3 kt 20130219.00
Part D: 77 88  21.0 hPa 355° 10 kt 20130219.00
Part D: 88 99  19.5 hPa 310°  7 kt 20130219.00
Part D: 99 11  16.3 hPa 240° 11 kt 20130219.00
Part D: 11 22  13.2 hPa 310° 16 kt 20130219.00
Part D: 22 33   7.8 hPa 290° 22 kt 20130219.00
Part D: 33 44   6.8 hPa 350°  8 kt 20130219.00
Part D: 44 55   6.6 hPa 195°  5 kt 20130219.00
Part D: 55 66   6.4 hPa 250° 10 kt 20130219.00
Part D: 66 77   5.8 hPa 200° 10 kt 20130219.00
Part D: 77 88   5.6 hPa  30°  5 kt 20130219.00
Part D: 88 99   5.3 hPa 240°  7 kt 20130219.00
Part D: 99 11   5.2 hPa 175° 15 kt 20130219.00
Part D: 11 22   5.0 hPa 105°  9 kt 20130219.00
Part D: 22 33   4.9 hPa 145°  8 kt 20130219.00
Part D: 33 44   4.8 hPa  70° 14 kt 20130219.00
Part A:       100.0 hPa 100° 28 kt 20130219.12
Part A:       100.0 hPa 100° 31 kt 20130220.00
Part C:        70.0 hPa  45° 13 kt 20130220.00
Part C:        50.0 hPa  95° 13 kt 20130220.00
Part C:        30.0 hPa  80° 24 kt 20130220.00
Part C:        20.0 hPa 205° 18 kt 20130220.00
Part C:        10.0 hPa 285° 34 kt 20130220.00
Part D: 11     95.7 hPa  90° 12 kt 20130220.00
Part D: 11 22  88.5 hPa 145°  2 kt 20130220.00
Part D: 22 33  84.8 hPa   5°  7 kt 20130220.00
Part D: 33 44  82.5 hPa  25° 15 kt 20130220.00
Part D: 44 55  76.9 hPa  65° 13 kt 20130220.00
Part D: 55 66  66.8 hPa  40° 28 kt 20130220.00
Part D: 66 77  61.6 hPa 140° 21 kt 20130220.00
Part D: 77 88  58.1 hPa 180° 22 kt 20130220.00
Part D: 88 99  54.0 hPa 145° 14 kt 20130220.00
Part D: 99 11  48.8 hPa  80° 15 kt 20130220.00
Part D: 11 22  45.9 hPa  85° 38 kt 20130220.00
Part D: 22 33  37.7 hPa  95° 55 kt 20130220.00
Part D: 33 44  35.1 hPa 130° 36 kt 20130220.00
Part D: 44 55  32.2 hPa 115° 30 kt 20130220.00
Part D: 55 66  29.6 hPa  75° 28 kt 20130220.00
Part D: 66 77  28.4 hPa  90°  9 kt 20130220.00
Part D: 77 88  27.9 hPa 240°  2 kt 20130220.00
Part D: 88 99  27.5 hPa 270°  8 kt 20130220.00
Part D: 99 11  22.8 hPa 165° 14 kt 20130220.00
Part D: 11 22  21.5 hPa 150°  5 kt 20130220.00
Part D: 22 33  20.9 hPa 180° 12 kt 20130220.00
Part D: 33 44  19.8 hPa 210° 21 kt 20130220.00
Part D: 44 55  16.9 hPa 285° 22 kt 20130220.00
Part D: 55 66  12.5 hPa 295° 30 kt 20130220.00
Part D: 66 77  11.2 hPa 285° 43 kt 20130220.00
Part D: 77 88   8.6 hPa 305° 22 kt 20130220.00
Part D: 88 99   7.3 hPa 250°  8 kt 20130220.00
Part D: 99 11   7.1 hPa 300° 12 kt 20130220.00
Part D: 11 22   6.3 hPa 205°  5 kt 20130220.00
Part D: 22 33   5.9 hPa 350°  8 kt 20130220.00
Part D: 33 44   5.8 hPa 350°  9 kt 20130220.00
Part A:       100.0 hPa  80° 36 kt 20130220.12
Part C:        70.0 hPa  10°  3 kt 20130220.12
Part C:        50.0 hPa 100° 29 kt 20130220.12
Part D: 11     93.4 hPa  55° 14 kt 20130220.12
Part D: 11 22  91.5 hPa  15° 11 kt 20130220.12
Part D: 22 33  89.6 hPa 355° 14 kt 20130220.12
Part D: 33 44  87.6 hPa  10° 13 kt 20130220.12
Part D: 44 55  84.1 hPa  40° 11 kt 20130220.12
Part D: 55 66  80.7 hPa 130°  7 kt 20130220.12
Part D: 66 77  77.3 hPa 150° 10 kt 20130220.12
Part D: 77 88  73.9 hPa 170°  5 kt 20130220.12
Part D: 88 99  70.9 hPa 335°  5 kt 20130220.12
Part D: 99 11  69.4 hPa  50°  3 kt 20130220.12
Part D: 11 22  66.4 hPa  80° 15 kt 20130220.12
Part D: 22 33  65.1 hPa  60° 18 kt 20130220.12
Part D: 33 44  63.7 hPa  95° 19 kt 20130220.12
Part D: 44 55  56.8 hPa 180° 29 kt 20130220.12
Part D: 55 66  55.9 hPa 170° 31 kt 20130220.12
Part D: 66 77  52.5 hPa 125° 25 kt 20130220.12
Part D: 77 88  49.9 hPa 100° 29 kt 20130220.12
Part D: 88 99  49.2 hPa  85° 23 kt 20130220.12
Part D: 99 11  48.3 hPa  80° 25 kt 20130220.12
Part D: 11 22  46.1 hPa  85° 37 kt 20130220.12
Part D: 22 33  45.4 hPa  90° 41 kt 20130220.12
Part D: 33 44  44.7 hPa  95° 38 kt 20130220.12
Part D: 44 55  43.9 hPa  95° 39 kt 20130220.12
Part A:       100.0 hPa 100° 85 kt 20130221.00
Part C:        70.0 hPa 165° 11 kt 20130221.00
Part C:        50.0 hPa  40° 33 kt 20130221.00
Part C:        30.0 hPa 180° 15 kt 20130221.00
Part C:        20.0 hPa 260° 27 kt 20130221.00
Part C:        10.0 hPa 270° 27 kt 20130221.00
Part D: 11     96.3 hPa  90° 67 kt 20130221.00
Part D: 11 22  87.2 hPa  65° 23 kt 20130221.00
Part D: 22 33  76.5 hPa 165° 11 kt 20130221.00
Part D: 33 44  67.2 hPa 155° 20 kt 20130221.00
Part D: 44 55  64.9 hPa 185° 25 kt 20130221.00
Part D: 55 66  59.9 hPa 185° 32 kt 20130221.00
Part D: 66 77  54.1 hPa  45° 13 kt 20130221.00
Part D: 77 88  51.5 hPa  30° 28 kt 20130221.00
Part D: 88 99  46.0 hPa  90° 42 kt 20130221.00
Part D: 99 11  38.5 hPa 100° 75 kt 20130221.00
Part D: 11 22  36.6 hPa  90° 68 kt 20130221.00
Part D: 22 33  35.6 hPa  85° 45 kt 20130221.00
Part D: 33 44  35.0 hPa  80° 37 kt 20130221.00
Part D: 44 55  32.4 hPa 120° 26 kt 20130221.00
Part D: 55 66  31.4 hPa 140° 18 kt 20130221.00
Part D: 66 77  28.4 hPa 245° 10 kt 20130221.00
Part D: 77 88  27.5 hPa 205°  2 kt 20130221.00
Part D: 88 99  26.7 hPa 235°  3 kt 20130221.00
Part D: 99 11  26.2 hPa 240°  3 kt 20130221.00
Part D: 11 22  25.8 hPa 345°  2 kt 20130221.00
Part D: 22 33  24.9 hPa  15° 10 kt 20130221.00
Part D: 33 44  24.1 hPa 345° 11 kt 20130221.00
Part D: 44 55  22.9 hPa 310° 10 kt 20130221.00
Part D: 55 66  22.6 hPa 270° 11 kt 20130221.00
Part D: 66 77  21.8 hPa 250° 17 kt 20130221.00
Part D: 77 88  20.0 hPa 260° 27 kt 20130221.00
Part D: 88 99  18.1 hPa 270° 24 kt 20130221.00
Part D: 99 11  16.0 hPa 280° 48 kt 20130221.00
Part D: 11 22  14.2 hPa 270° 46 kt 20130221.00
Part D: 22 33  12.3 hPa 290° 40 kt 20130221.00
Part D: 33 44  10.1 hPa 265° 28 kt 20130221.00
Part D: 44 55   9.7 hPa 280° 27 kt 20130221.00
Part D: 66 77   9.0 hPa 280° 24 kt 20130221.00
Part D: 77 88   8.6 hPa 325° 17 kt 20130221.00
Part D: 88 99   7.7 hPa 350° 22 kt 20130221.00
Part D: 99 11   7.5 hPa 280° 24 kt 20130221.00
Part D: 11 22   7.3 hPa 265° 26 kt 20130221.00
Part D: 22 33   7.2 hPa 265° 17 kt 20130221.00
Part D: 33 44   6.9 hPa 245° 20 kt 20130221.00
Part D: 44 55   6.4 hPa 215° 18 kt 20130221.00
Part D: 55 66   6.1 hPa 235°  9 kt 20130221.00
Part D: 66 77   5.9 hPa 270° 12 kt 20130221.00
Part A:       100.0 hPa  95° 84 kt 20130221.12
Part A:       100.0 hPa  90° 77 kt 20130222.00
Part A:       100.0 hPa  90° 72 kt 20130222.12
Part A:       100.0 hPa  95° 71 kt 20130223.00
Part C:        70.0 hPa 300° 12 kt 20130223.00
Part C:        50.0 hPa 125° 28 kt 20130223.00
Part C:        30.0 hPa 250° 22 kt 20130223.00
Part C:        20.0 hPa 265° 22 kt 20130223.00
Part C:        10.0 hPa 265° 33 kt 20130223.00
Part D: 11     97.2 hPa  90° 70 kt 20130223.00
Part D: 11 22  89.9 hPa  85° 30 kt 20130223.00
Part D: 22 33  86.3 hPa  25° 14 kt 20130223.00
Part D: 33 44  84.8 hPa 355° 13 kt 20130223.00
Part D: 44 55  82.1 hPa 315° 16 kt 20130223.00
Part D: 55 66  79.6 hPa 295° 12 kt 20130223.00
Part D: 66 77  73.2 hPa 285° 17 kt 20130223.00
Part D: 77 88  70.6 hPa 310° 11 kt 20130223.00
Part D: 88 99  69.3 hPa 290° 12 kt 20130223.00
Part D: 99 11  65.5 hPa 345° 17 kt 20130223.00
Part D: 11 22  63.3 hPa 350° 23 kt 20130223.00
Part D: 22 33  59.2 hPa  15° 31 kt 20130223.00
Part D: 33 44  53.3 hPa 125° 25 kt 20130223.00
Part D: 44 55  51.5 hPa 135° 25 kt 20130223.00
Part D: 55 66  48.0 hPa 100° 24 kt 20130223.00
Part D: 66 77  44.1 hPa  85° 35 kt 20130223.00
Part D: 77 88  41.2 hPa 100° 46 kt 20130223.00
Part D: 88 99  40.5 hPa  90° 52 kt 20130223.00
Part D: 99 11  38.5 hPa  85° 43 kt 20130223.00
Part D: 11 22  36.0 hPa 100° 34 kt 20130223.00
Part D: 22 33  33.7 hPa  95° 10 kt 20130223.00
Part D: 33 44  33.1 hPa  60°  4 kt 20130223.00
Part D: 44 55  30.4 hPa 250° 27 kt 20130223.00
Part D: 55 66  29.4 hPa 260° 10 kt 20130223.00
Part D: 66 77  28.4 hPa 225°  8 kt 20130223.00
Part D: 77 88  28.0 hPa 250° 13 kt 20130223.00
Part D: 88 99  25.7 hPa 245° 31 kt 20130223.00
Part D: 99 11  23.9 hPa 235° 22 kt 20130223.00
Part D: 11 22  22.3 hPa 270° 29 kt 20130223.00
Part D: 22 33  21.1 hPa 280° 30 kt 20130223.00
Part D: 33 44  20.3 hPa 270° 22 kt 20130223.00
Part D: 44 55  18.6 hPa 235° 26 kt 20130223.00
Part D: 55 66  17.3 hPa 265° 28 kt 20130223.00
Part D: 66 77  16.1 hPa 280° 24 kt 20130223.00
Part D: 77 88  14.4 hPa 285° 40 kt 20130223.00
Part D: 88 99  13.1 hPa 285° 33 kt 20130223.00
Part D: 99 11  12.4 hPa 270° 29 kt 20130223.00
Part D: 11 22  10.2 hPa 260° 40 kt 20130223.00
Part D: 22 33   8.2 hPa 245° 22 kt 20130223.00
Part D: 33 44   7.9 hPa 255° 22 kt 20130223.00
Part D: 44 55   7.3 hPa 275° 12 kt 20130223.00
Part D: 55 66   7.1 hPa 305° 12 kt 20130223.00
Part D: 66 77   6.7 hPa 275° 32 kt 20130223.00
Part D: 77 88   6.6 hPa 305° 36 kt 20130223.00
Part D: 88 99   6.5 hPa 280° 26 kt 20130223.00
Part A:       100.0 hPa  90° 59 kt 20130223.12
Part C:        70.0 hPa 220°  6 kt 20130223.12
Part C:        50.0 hPa 140° 31 kt 20130223.12
Part C:        30.0 hPa 325° 13 kt 20130223.12
Part C:        20.0 hPa 260° 32 kt 20130223.12
Part C:        10.0 hPa 275° 30 kt 20130223.12
Part D: 11     90.8 hPa  10° 12 kt 20130223.12
Part D: 11 22  84.9 hPa 310° 22 kt 20130223.12
Part D: 22 33  77.1 hPa 310° 12 kt 20130223.12
Part D: 33 44  72.8 hPa 215°  7 kt 20130223.12
Part D: 44 55  56.3 hPa  15° 21 kt 20130223.12
Part D: 55 66  49.1 hPa 135° 34 kt 20130223.12
Part D: 66 77  46.4 hPa  95° 24 kt 20130223.12
Part D: 77 88  41.0 hPa  80° 48 kt 20130223.12
Part D: 88 99  39.5 hPa  75° 46 kt 20130223.12
Part D: 99 11  38.0 hPa  75° 48 kt 20130223.12
Part D: 11 22  36.7 hPa  80° 41 kt 20130223.12
Part D: 22 33  35.4 hPa  95° 29 kt 20130223.12
Part D: 33 44  32.4 hPa  90° 14 kt 20130223.12
Part D: 44 55  30.7 hPa   5° 12 kt 20130223.12
Part D: 55 66  30.2 hPa 335° 12 kt 20130223.12
Part D: 66 77  29.1 hPa 285° 17 kt 20130223.12
Part D: 77 88  27.6 hPa 345° 13 kt 20130223.12
Part D: 88 99  25.8 hPa 280° 23 kt 20130223.12
Part D: 99 11  24.6 hPa 260° 14 kt 20130223.12
Part D: 11 22  22.5 hPa 280° 25 kt 20130223.12
Part D: 22 33  19.0 hPa 255° 42 kt 20130223.12
Part D: 33 44  14.7 hPa 265° 56 kt 20130223.12
Part D: 44 55  13.0 hPa 250° 32 kt 20130223.12
Part D: 55 66  11.7 hPa 270° 45 kt 20130223.12
Part D: 66 77  11.2 hPa 245° 35 kt 20130223.12
Part D: 77 88  10.8 hPa 275° 40 kt 20130223.12
Part D: 88 99  10.3 hPa 275° 31 kt 20130223.12
Part D: 99 11   9.7 hPa 260° 45 kt 20130223.12
Part D: 11 22   8.9 hPa 300° 33 kt 20130223.12
Part D: 22 33   8.6 hPa 260° 37 kt 20130223.12
Part D: 33 44   7.1 hPa 245° 12 kt 20130223.12
Part D: 44 55   6.9 hPa 290° 13 kt 20130223.12
Part D: 55 66   6.7 hPa 305° 19 kt 20130223.12
Part A:       100.0 hPa 105° 68 kt 20130224.00
Part C:        70.0 hPa 305° 32 kt 20130224.00
Part C:        50.0 hPa  95° 25 kt 20130224.00
Part C:        30.0 hPa   5° 12 kt 20130224.00
Part C:        20.0 hPa 260° 47 kt 20130224.00
Part C:        10.0 hPa 280° 30 kt 20130224.00
Part D: 11     88.5 hPa  90° 16 kt 20130224.00
Part D: 11 22  86.9 hPa  60°  8 kt 20130224.00
Part D: 22 33  85.9 hPa 345°  6 kt 20130224.00
Part D: 33 44  83.7 hPa 275° 12 kt 20130224.00
Part D: 44 55  61.5 hPa 320° 29 kt 20130224.00
Part D: 55 66  60.5 hPa 330° 27 kt 20130224.00
Part D: 66 77  56.8 hPa  30° 11 kt 20130224.00
Part D: 77 88  52.6 hPa 140° 26 kt 20130224.00
Part D: 88 99  50.1 hPa  95° 25 kt 20130224.00
Part D: 99 11  42.9 hPa 100° 54 kt 20130224.00
Part D: 11 22  35.3 hPa  95° 37 kt 20130224.00
Part D: 22 33  33.2 hPa  70°  8 kt 20130224.00
Part D: 33 44  32.6 hPa   5° 12 kt 20130224.00
Part D: 44 55  31.5 hPa 350° 15 kt 20130224.00
Part D: 55 66  29.1 hPa  55° 14 kt 20130224.00
Part D: 66 77  28.2 hPa 335°  7 kt 20130224.00
Part D: 77 88  26.8 hPa 240°  6 kt 20130224.00
Part D: 88 99  24.7 hPa 270° 19 kt 20130224.00
Part D: 99 11  21.7 hPa 260° 42 kt 20130224.00
Part D: 11 22  11.7 hPa 260° 30 kt 20130224.00
Part D: 22 33   9.5 hPa 225° 22 kt 20130224.00
Part D: 33 44   8.1 hPa 255° 11 kt 20130224.00
Part D: 44 55   6.9 hPa 340°  8 kt 20130224.00
Part D: 55 66   6.6 hPa 295° 17 kt 20130224.00
Part D: 66 77   6.0 hPa 340°  4 kt 20130224.00
Part D: 77 88   5.8 hPa 140°  7 kt 20130224.00
Part D: 88 99   5.5 hPa  10°  4 kt 20130224.00
Part D: 99 11   5.3 hPa 100° 18 kt 20130224.00
Part D: 11 22   4.9 hPa 240°  7 kt 20130224.00
Part A:       100.0 hPa  95° 18 kt 20130225.00
Part C:        70.0 hPa 275° 31 kt 20130225.00
Part C:        50.0 hPa  80° 40 kt 20130225.00
Part C:        30.0 hPa 345°  5 kt 20130225.00
Part C:        20.0 hPa 265° 49 kt 20130225.00
Part C:        10.0 hPa 275° 37 kt 20130225.00
Part D: 11     93.9 hPa 115°  7 kt 20130225.00
Part D: 11 22  81.9 hPa 265° 30 kt 20130225.00
Part D: 22 33  79.9 hPa 265° 25 kt 20130225.00
Part D: 33 44  74.4 hPa 265° 34 kt 20130225.00
Part D: 44 55  69.4 hPa 275° 29 kt 20130225.00
Part D: 55 66  65.1 hPa 325° 10 kt 20130225.00
Part D: 66 77  63.7 hPa 350° 13 kt 20130225.00
Part D: 77 88  61.1 hPa  30° 18 kt 20130225.00
Part D: 88 99  55.3 hPa 135° 20 kt 20130225.00
Part D: 99 11  50.9 hPa  85° 40 kt 20130225.00
Part D: 11 22  47.8 hPa 100° 48 kt 20130225.00
Part D: 22 33  44.3 hPa 110° 66 kt 20130225.00
Part D: 33 44  42.0 hPa  90° 69 kt 20130225.00
Part D: 44 55  38.8 hPa 105° 63 kt 20130225.00
Part D: 55 66  35.4 hPa  95° 26 kt 20130225.00
Part D: 66 77  34.3 hPa 105°  6 kt 20130225.00
Part D: 77 88  32.7 hPa 250°  1 kt 20130225.00
Part D: 88 99  32.2 hPa 245°  4 kt 20130225.00
Part D: 99 11  31.6 hPa 185°  7 kt 20130225.00
Part D: 11 22  31.1 hPa 240°  8 kt 20130225.00
Part D: 22 33  29.7 hPa 345°  4 kt 20130225.00
Part D: 33 44  28.8 hPa 270° 14 kt 20130225.00
Part D: 44 55  25.7 hPa 270° 48 kt 20130225.00
Part D: 55 66  23.6 hPa 260° 53 kt 20130225.00
Part D: 66 77  19.0 hPa 270° 39 kt 20130225.00
Part D: 77 88  18.3 hPa 265° 28 kt 20130225.00
Part D: 88 99  17.0 hPa 280° 50 kt 20130225.00
Part D: 99 11  15.5 hPa 275° 36 kt 20130225.00
Part D: 11 22  14.6 hPa 265° 43 kt 20130225.00
Part D: 22 33  13.4 hPa 265° 33 kt 20130225.00
Part D: 33 44  12.5 hPa 280° 42 kt 20130225.00
Part D: 44 55  12.3 hPa 285° 33 kt 20130225.00
Part D: 55 66  11.6 hPa 270° 39 kt 20130225.00
Part D: 66 77   8.9 hPa 255° 25 kt 20130225.00
Part D: 77 88   8.1 hPa 270° 23 kt 20130225.00
Part D: 88 99   7.8 hPa 270° 15 kt 20130225.00
Part D: 99 11   7.7 hPa 290° 19 kt 20130225.00
Part D: 11 22   7.3 hPa 305° 12 kt 20130225.00
Part D: 22 33   7.1 hPa 325° 16 kt 20130225.00
Part D: 33 44   7.0 hPa 305° 15 kt 20130225.00
Part A:       100.0 hPa  95° 37 kt 20130225.12
Part A:       100.0 hPa 105° 29 kt 20130226.00
Part C:        70.0 hPa 240° 18 kt 20130226.00
Part C:        50.0 hPa  90° 42 kt 20130226.00
Part C:        30.0 hPa 240° 14 kt 20130226.00
Part C:        20.0 hPa 270° 49 kt 20130226.00
Part C:        10.0 hPa 255° 24 kt 20130226.00
Part D: 11     90.5 hPa 230°  9 kt 20130226.00
Part D: 11 22  87.8 hPa 280° 15 kt 20130226.00
Part D: 22 33  82.9 hPa 275° 33 kt 20130226.00
Part D: 33 44  73.4 hPa 265° 16 kt 20130226.00
Part D: 44 55  69.9 hPa 240° 18 kt 20130226.00
Part D: 55 66  65.5 hPa 240°  7 kt 20130226.00
Part D: 66 77  62.4 hPa  85°  7 kt 20130226.00
Part D: 77 88  60.4 hPa  70° 12 kt 20130226.00
Part D: 88 99  57.3 hPa  95° 19 kt 20130226.00
Part D: 99 11  55.5 hPa  75° 24 kt 20130226.00
Part D: 11 22  52.9 hPa  50° 41 kt 20130226.00
Part D: 22 33  50.3 hPa  85° 41 kt 20130226.00
Part D: 33 44  47.2 hPa 105° 52 kt 20130226.00
Part D: 44 55  44.7 hPa  95° 60 kt 20130226.00
Part D: 55 66  43.3 hPa  80° 55 kt 20130226.00
Part D: 66 77  36.9 hPa  70° 33 kt 20130226.00
Part D: 77 88  34.1 hPa  85°  4 kt 20130226.00
Part D: 88 99  33.5 hPa  95°  5 kt 20130226.00
Part D: 99 11  32.3 hPa 205°  8 kt 20130226.00
Part D: 11 22  31.3 hPa 230° 20 kt 20130226.00
Part D: 22 33  29.9 hPa 245° 13 kt 20130226.00
Part D: 33 44  28.4 hPa 260° 21 kt 20130226.00
Part D: 44 55  25.8 hPa 260° 48 kt 20130226.00
Part D: 55 66  21.0 hPa 270° 55 kt 20130226.00
Part D: 66 77  17.0 hPa 260° 45 kt 20130226.00
Part D: 77 88  15.2 hPa 270° 31 kt 20130226.00
Part D: 88 99  14.7 hPa 270° 35 kt 20130226.00
Part D: 99 11  14.2 hPa 270° 32 kt 20130226.00
Part D: 11 22  13.2 hPa 280° 34 kt 20130226.00
Part D: 22 33  10.6 hPa 250° 23 kt 20130226.00
Part D: 33 44   9.0 hPa 285° 21 kt 20130226.00
Part D: 44 55   8.3 hPa 310° 20 kt 20130226.00
Part D: 55 66   7.8 hPa 315° 31 kt 20130226.00
Part D: 66 77   7.2 hPa 330° 28 kt 20130226.00
Part D: 77 88   7.1 hPa 315° 22 kt 20130226.00
Part D: 88 99   6.7 hPa 315° 31 kt 20130226.00
Part D: 99 11   6.6 hPa 335° 17 kt 20130226.00
Part D: 11 22   6.4 hPa 325° 10 kt 20130226.00
Part D: 22 33   6.3 hPa 295° 10 kt 20130226.00
Part D: 33 44   6.1 hPa 325° 15 kt 20130226.00
Part D: 44 55   5.9 hPa 235° 26 kt 20130226.00
Part A:       100.0 hPa 110° 48 kt 20130226.12
Part C:        70.0 hPa 255° 16 kt 20130226.12
Part C:        50.0 hPa  75° 43 kt 20130226.12
Part C:        30.0 hPa 250° 14 kt 20130226.12
Part C:        20.0 hPa 280° 50 kt 20130226.12
Part C:        10.0 hPa 275° 44 kt 20130226.12
Part D: 11     95.5 hPa 115° 22 kt 20130226.12
Part D: 11 22  93.8 hPa 145° 18 kt 20130226.12
Part D: 22 33  91.6 hPa  80°  1 kt 20130226.12
Part D: 33 44  89.7 hPa 280° 12 kt 20130226.12
Part D: 44 55  78.7 hPa 275° 34 kt 20130226.12
Part D: 55 66  77.1 hPa 290° 37 kt 20130226.12
Part D: 66 77  73.4 hPa 275° 19 kt 20130226.12
Part D: 77 88  69.4 hPa 245° 16 kt 20130226.12
Part D: 88 99  65.4 hPa 220°  9 kt 20130226.12
Part D: 99 11  62.1 hPa 155° 13 kt 20130226.12
Part D: 11 22  59.9 hPa 130° 16 kt 20130226.12
Part D: 22 33  57.6 hPa 130° 26 kt 20130226.12
Part D: 33 44  55.5 hPa 105° 28 kt 20130226.12
Part D: 44 55  52.6 hPa  50° 35 kt 20130226.12
Part D: 55 66  46.6 hPa  95° 57 kt 20130226.12
Part D: 66 77  43.6 hPa  70° 62 kt 20130226.12
Part D: 77 88  36.8 hPa  75° 52 kt 20130226.12
Part D: 88 99  35.1 hPa  85° 39 kt 20130226.12
Part D: 99 11  33.1 hPa 145° 11 kt 20130226.12
Part D: 11 22  31.5 hPa 165° 18 kt 20130226.12
Part D: 22 33  30.5 hPa 240° 12 kt 20130226.12
Part D: 33 44  28.8 hPa 265° 20 kt 20130226.12
Part D: 44 55  27.5 hPa 255° 26 kt 20130226.12
Part D: 55 66  26.7 hPa 265° 45 kt 20130226.12
Part D: 66 77  23.5 hPa 265° 62 kt 20130226.12
Part D: 77 88  21.8 hPa 280° 55 kt 20130226.12
Part D: 88 99  19.1 hPa 280° 42 kt 20130226.12
Part D: 99 11  16.7 hPa 245° 26 kt 20130226.12
Part D: 11 22  16.2 hPa 260° 30 kt 20130226.12
Part D: 22 33  14.8 hPa 245° 38 kt 20130226.12
Part D: 33 44  12.7 hPa 275° 41 kt 20130226.12
Part D: 44 55   9.2 hPa 270° 50 kt 20130226.12
Part D: 55 66   7.6 hPa 245° 38 kt 20130226.12
Part D: 66 77   6.9 hPa 225° 42 kt 20130226.12
Part D: 77 88   6.3 hPa 225° 36 kt 20130226.12
Part D: 88 99   6.1 hPa 260° 42 kt 20130226.12
Part D: 99 11   5.9 hPa 220° 31 kt 20130226.12
Part D: 11 22   5.7 hPa 205° 24 kt 20130226.12
Part D: 22 33   5.5 hPa 225°  6 kt 20130226.12
Part D: 33 44   5.1 hPa 130° 14 kt 20130226.12
Part D: 44 55   5.0 hPa 205° 13 kt 20130226.12
Part D: 55 66   4.9 hPa 110°  6 kt 20130226.12
Part D: 66 77   4.8 hPa 150°  7 kt 20130226.12
Part D: 77 88   4.6 hPa 250°  8 kt 20130226.12
Part A:       100.0 hPa 110° 33 kt 20130227.00
Part C:        70.0 hPa 310°  8 kt 20130227.00
Part C:        50.0 hPa 100° 44 kt 20130227.00
Part D: 11     92.5 hPa 180°  6 kt 20130227.00
Part D: 11 22  88.1 hPa 265° 13 kt 20130227.00
Part D: 22 33  82.7 hPa 295° 24 kt 20130227.00
Part D: 33 44  78.8 hPa 300° 28 kt 20130227.00
Part D: 44 55  76.3 hPa 305° 27 kt 20130227.00
Part D: 55 66  73.9 hPa 325° 18 kt 20130227.00
Part D: 66 77  71.5 hPa 315°  9 kt 20130227.00
Part D: 77 88  70.2 hPa 315°  9 kt 20130227.00
Part D: 88 99  67.9 hPa 255°  3 kt 20130227.00
Part D: 99 11  65.5 hPa 175° 10 kt 20130227.00
Part D: 11 22  64.4 hPa 175°  8 kt 20130227.00
Part D: 22 33  63.4 hPa 155°  7 kt 20130227.00
Part D: 33 44  62.3 hPa 160°  8 kt 20130227.00
Part D: 44 55  59.4 hPa 115° 24 kt 20130227.00
Part D: 55 66  58.5 hPa 105° 22 kt 20130227.00
Part D: 66 77  57.6 hPa  85° 27 kt 20130227.00
Part D: 77 88  56.7 hPa  75° 26 kt 20130227.00
Part D: 88 99  54.1 hPa  55° 34 kt 20130227.00
Part D: 99 11  53.2 hPa  55° 35 kt 20130227.00
Part D: 11 22  50.7 hPa  90° 44 kt 20130227.00
Part D: 22 33  48.3 hPa 110° 53 kt 20130227.00
Part D: 33 44  46.1 hPa  80° 62 kt 20130227.00
Part D: 44 55  45.6 hPa  80° 61 kt 20130227.00
Part A:       100.0 hPa 130° 26 kt 20130227.12
Part C:        70.0 hPa 345° 20 kt 20130227.12
Part C:        50.0 hPa 110° 48 kt 20130227.12
Part C:        30.0 hPa 280° 39 kt 20130227.12
Part C:        20.0 hPa 260° 47 kt 20130227.12
Part C:        10.0 hPa 275° 46 kt 20130227.12
Part D: 11     91.0 hPa 180° 11 kt 20130227.12
Part D: 11 22  88.0 hPa 255° 11 kt 20130227.12
Part D: 22 33  80.1 hPa 285° 20 kt 20130227.12
Part D: 33 44  71.0 hPa 330° 24 kt 20130227.12
Part D: 44 55  67.5 hPa 360° 16 kt 20130227.12
Part D: 55 66  61.4 hPa  60° 29 kt 20130227.12
Part D: 66 77  58.6 hPa  55° 34 kt 20130227.12
Part D: 77 88  53.7 hPa 105° 41 kt 20130227.12
Part D: 88 99  48.5 hPa 100° 61 kt 20130227.12
Part D: 99 11  40.2 hPa  85° 49 kt 20130227.12
Part D: 11 22  36.1 hPa 100° 21 kt 20130227.12
Part D: 22 33  34.9 hPa  55° 10 kt 20130227.12
Part D: 33 44  32.7 hPa 320°  6 kt 20130227.12
Part D: 44 55  31.8 hPa 305° 19 kt 20130227.12
Part D: 55 66  29.3 hPa 275° 48 kt 20130227.12
Part D: 66 77  26.9 hPa 280° 66 kt 20130227.12
Part D: 77 88  25.5 hPa 280° 54 kt 20130227.12
Part D: 88 99  16.9 hPa 285° 43 kt 20130227.12
Part D: 99 11  12.8 hPa 235° 27 kt 20130227.12
Part D: 11 22  10.2 hPa 275° 48 kt 20130227.12
Part D: 22 33   7.1 hPa 265° 24 kt 20130227.12
Part D: 33 44   6.8 hPa 180° 23 kt 20130227.12
Part D: 44 55   6.6 hPa 260° 20 kt 20130227.12
Part D: 55 66   6.2 hPa 230° 20 kt 20130227.12
Part D: 66 77   6.1 hPa 265° 15 kt 20130227.12
Part D: 77 88   5.9 hPa 230° 10 kt 20130227.12
Part D: 88 99   5.8 hPa 255° 11 kt 20130227.12
Part D: 99 11   5.5 hPa  10°  5 kt 20130227.12
Part D: 11 22   5.3 hPa  20°  2 kt 20130227.12
Part D: 22 33   5.2 hPa 115°  9 kt 20130227.12
Part D: 33 44   4.9 hPa 280°  5 kt 20130227.12
Part D: 44 55   4.7 hPa  55°  7 kt 20130227.12
Part D: 55 66   4.6 hPa 310°  7 kt 20130227.12
Part A:       100.0 hPa 185°  8 kt 20130228.00
Part C:        70.0 hPa 355° 16 kt 20130228.00
Part C:        50.0 hPa  95° 53 kt 20130228.00
Part C:        30.0 hPa 265° 29 kt 20130228.00
Part C:        20.0 hPa 245° 35 kt 20130228.00
Part C:        10.0 hPa 285° 47 kt 20130228.00
Part D: 11     95.1 hPa 300°  9 kt 20130228.00
Part D: 11 22  88.8 hPa 340° 16 kt 20130228.00
Part D: 22 33  87.1 hPa 355° 21 kt 20130228.00
Part D: 33 44  84.0 hPa  10° 20 kt 20130228.00
Part D: 44 55  82.4 hPa  15° 22 kt 20130228.00
Part D: 55 66  77.7 hPa 345°  7 kt 20130228.00
Part D: 66 77  69.6 hPa 355° 17 kt 20130228.00
Part D: 77 88  68.4 hPa  10° 19 kt 20130228.00
Part D: 88 99  65.0 hPa  40° 29 kt 20130228.00
Part D: 99 11  60.9 hPa  75° 21 kt 20130228.00
Part D: 11 22  55.3 hPa 115° 34 kt 20130228.00
Part D: 22 33  47.6 hPa  80° 45 kt 20130228.00
Part D: 33 44  36.2 hPa 120°  1 kt 20130228.00
Part D: 44 55  35.6 hPa 320°  5 kt 20130228.00
Part D: 55 66  33.3 hPa 280°  9 kt 20130228.00
Part D: 66 77  32.2 hPa 230° 14 kt 20130228.00
Part D: 77 88  26.7 hPa 265° 39 kt 20130228.00
Part D: 88 99  25.3 hPa 270° 54 kt 20130228.00
Part D: 99 11  20.8 hPa 230° 36 kt 20130228.00
Part D: 11 22  19.8 hPa 240° 31 kt 20130228.00
Part D: 22 33  18.5 hPa 200° 10 kt 20130228.00
Part D: 33 44  18.1 hPa 260°  7 kt 20130228.00
Part D: 44 55  17.1 hPa 300° 13 kt 20130228.00
Part D: 55 66  15.7 hPa 275° 29 kt 20130228.00
Part D: 66 77  10.6 hPa 285° 47 kt 20130228.00
Part D: 77 88   7.8 hPa 245° 30 kt 20130228.00
Part D: 88 99   7.5 hPa 220° 30 kt 20130228.00
Part D: 99 11   6.7 hPa 250°  9 kt 20130228.00
Part D: 11 22   6.6 hPa 305° 10 kt 20130228.00
Part D: 22 33   6.2 hPa 295° 23 kt 20130228.00
Part D: 33 44   5.7 hPa 330° 18 kt 20130228.00
Part A:       100.0 hPa  70° 15 kt 20130228.12
Part C:        70.0 hPa  45° 16 kt 20130228.12
Part C:        50.0 hPa  80° 48 kt 20130228.12
Part C:        30.0 hPa 265° 48 kt 20130228.12
Part C:        20.0 hPa 280° 26 kt 20130228.12
Part C:        10.0 hPa 265° 42 kt 20130228.12
Part D: 11     95.6 hPa  20°  4 kt 20130228.12
Part D: 11 22  93.0 hPa 255°  2 kt 20130228.12
Part D: 22 33  88.6 hPa 205°  5 kt 20130228.12
Part D: 33 44  82.4 hPa 355°  5 kt 20130228.12
Part D: 44 55  78.7 hPa  20° 16 kt 20130228.12
Part D: 55 66  68.9 hPa  50° 19 kt 20130228.12
Part D: 66 77  61.8 hPa 125° 24 kt 20130228.12
Part D: 77 88  48.5 hPa  65° 48 kt 20130228.12
Part D: 88 99  34.4 hPa 320°  9 kt 20130228.12
Part D: 99 11  31.6 hPa 265° 23 kt 20130228.12
Part D: 11 22  22.9 hPa 285° 43 kt 20130228.12
Part D: 22 33  21.3 hPa 260° 30 kt 20130228.12
Part D: 33 44  18.7 hPa 305°  7 kt 20130228.12
Part D: 44 55  15.9 hPa 250° 36 kt 20130228.12
Part D: 55 66  11.1 hPa 285° 49 kt 20130228.12
Part D: 66 77  10.7 hPa 280° 48 kt 20130228.12
Part D: 77 88  10.4 hPa 275° 46 kt 20130228.12
Part D: 88 99  10.0 hPa 265° 42 kt 20130228.12
Part D: 99 11   9.7 hPa 265° 45 kt 20130228.12
Part D: 11 22   9.3 hPa 265° 47 kt 20130228.12
Part D: 22 33   9.0 hPa 260° 42 kt 20130228.12
Part D: 33 44   8.7 hPa 245° 45 kt 20130228.12
Part D: 44 55   8.5 hPa 255° 35 kt 20130228.12
Part D: 55 66   8.2 hPa 240° 37 kt 20130228.12
Part D: 66 77   7.9 hPa 245° 43 kt 20130228.12
Part D: 77 88   7.6 hPa 240° 34 kt 20130228.12
Part D: 88 99   7.4 hPa 260° 39 kt 20130228.12
Part D: 99 11   7.1 hPa 245° 29 kt 20130228.12
Part D: 11 22   6.8 hPa 255° 33 kt 20130228.12
Interpoliere die QBO aus den RS Daten
 Jahr:        2013 Date:        1302
 Filepath: 
 ./qbo_data_new/qbo.dat
