Pararmeterliste beim QBO Aufruf:  -g -w -a 2014.11 --
2014.11
Kopiere RS Daten aus dem Archiv
 TTCC  51001 48698                                                                                                                                                                                                                                               
 8                                                                                                                                                                                                                                               
 TTCC 5111/ 48698 NIL=                                                                                                                                                                                                                                           
 =                                                                                                                                                                                                                                           
 TTCC  52001 48698                                                                                                                                                                                                                                               
 8                                                                                                                                                                                                                                               
 TTCC 5211/ 48698 NIL=                                                                                                                                                                                                                                           
 =                                                                                                                                                                                                                                           
 TTCC  53001 48698                                                                                                                                                                                                                                               
 8                                                                                                                                                                                                                                               
 TTCC 5311/ 48698 NIL=                                                                                                                                                                                                                                           
 =                                                                                                                                                                                                                                           
 TTCC  54003 48698                                                                                                                                                                                                                                               
 8                                                                                                                                                                                                                                               
 TTCC 5411/ 48698 NIL=                                                                                                                                                                                                                                           
 =                                                                                                                                                                                                                                           
 TTCC  55001 48698                                                                                                                                                                                                                                               
 8                                                                                                                                                                                                                                               
 TTCC 5511/ 48698 NIL=                                                                                                                                                                                                                                           
 =                                                                                                                                                                                                                                           
 TTCC  56001 48698                                                                                                                                                                                                                                               
 8                                                                                                                                                                                                                                               
 TTCC 5611/ 48698 NIL=                                                                                                                                                                                                                                           
 =                                                                                                                                                                                                                                           
 TTCC  57001 48698                                                                                                                                                                                                                                               
 8                                                                                                                                                                                                                                               
 TTCC 5711/ 48698 NIL=                                                                                                                                                                                                                                           
 =                                                                                                                                                                                                                                           
 TTCC  58001 48698                                                                                                                                                                                                                                               
 8                                                                                                                                                                                                                                               
 TTCC 5811/ 48698 NIL=                                                                                                                                                                                                                                           
 =                                                                                                                                                                                                                                           
 TTCC  59001 48698                                                                                                                                                                                                                                               
 8                                                                                                                                                                                                                                               
 TTCC 5911/ 48698 NIL=                                                                                                                                                                                                                                           
 =                                                                                                                                                                                                                                           
 TTCC  60001 48698                                                                                                                                                                                                                                               
 8                                                                                                                                                                                                                                               
 TTCC  60127 48698                                                                                                                                                                                                                                               
 8                                                                                                                                                                                                                                               
 TTCC  61001 48698                                                                                                                                                                                                                                               
 8                                                                                                                                                                                                                                               
 TTCC  6112/ 48698 NIL=                                                                                                                                                                                                                                          
 =                                                                                                                                                                                                                                          
 TTCC  62001 48698                                                                                                                                                                                                                                               
 8                                                                                                                                                                                                                                               
 TTCC  6212/ 48698                                                                                                                                                                                                                                               
 8                                                                                                                                                                                                                                               
 TTCC  6300/ 48698                                                                                                                                                                                                                                               
 8                                                                                                                                                                                                                                               
 TTCC  6312/ 48698                                                                                                                                                                                                                                               
 8                                                                                                                                                                                                                                               
 TTCC  64001 48698                                                                                                                                                                                                                                               
 8                                                                                                                                                                                                                                               
 TTCC  6412/ 48698                                                                                                                                                                                                                                               
 8                                                                                                                                                                                                                                               
 TTCC  6500/ 48698                                                                                                                                                                                                                                               
 8                                                                                                                                                                                                                                               
 TTCC  6512/ 48698                                                                                                                                                                                                                                               
 8                                                                                                                                                                                                                                               
 TTCC  66001 48698                                                                                                                                                                                                                                               
 8                                                                                                                                                                                                                                               
 TTCC  6612/ 48698                                                                                                                                                                                                                                               
 8                                                                                                                                                                                                                                               
 TTCC  67001 48698                                                                                                                                                                                                                                               
 8                                                                                                                                                                                                                                               
 TTCC  6712/ 48698                                                                                                                                                                                                                                               
 8                                                                                                                                                                                                                                               
 TTCC  68001 48698                                                                                                                                                                                                                                               
 8                                                                                                                                                                                                                                               
 TTCC  68127 48698                                                                                                                                                                                                                                               
 8                                                                                                                                                                                                                                               
 TTCC  69001 48698                                                                                                                                                                                                                                               
 8                                                                                                                                                                                                                                               
 TTCC  69127 48698                                                                                                                                                                                                                                               
 8                                                                                                                                                                                                                                               
 TTCC  70001 48698                                                                                                                                                                                                                                               
 8                                                                                                                                                                                                                                               
 TTCC  7012/ 48698                                                                                                                                                                                                                                               
 8                                                                                                                                                                                                                                               
 TTCC  71001 48698                                                                                                                                                                                                                                               
 8                                                                                                                                                                                                                                               
 TTCC  71121 48698                                                                                                                                                                                                                                               
 8                                                                                                                                                                                                                                               
 TTCC  72001 48698                                                                                                                                                                                                                                               
 8                                                                                                                                                                                                                                               
 TTCC  72122 48698                                                                                                                                                                                                                                               
 8                                                                                                                                                                                                                                               
 TTCC  73001 48698                                                                                                                                                                                                                                               
 8                                                                                                                                                                                                                                               
 TTCC  7312/ 48698                                                                                                                                                                                                                                               
 8                                                                                                                                                                                                                                               
 TTCC 7400/ 48698 NIL=                                                                                                                                                                                                                                           
 =                                                                                                                                                                                                                                           
 TTCC  7412/ 48698                                                                                                                                                                                                                                               
 8                                                                                                                                                                                                                                               
 TTCC  75001 48698                                                                                                                                                                                                                                               
 8                                                                                                                                                                                                                                               
 TTCC  7512/ 48698                                                                                                                                                                                                                                               
 8                                                                                                                                                                                                                                               
 TTCC  76001 48698                                                                                                                                                                                                                                               
 8                                                                                                                                                                                                                                               
 TTCC  7612/ 48698                                                                                                                                                                                                                                               
 8                                                                                                                                                                                                                                               
 TTCC  77001 48698                                                                                                                                                                                                                                               
 8                                                                                                                                                                                                                                               
 TTCC  7712/ 48698                                                                                                                                                                                                                                               
 8                                                                                                                                                                                                                                               
 TTCC  78007 48698                                                                                                                                                                                                                                               
 8                                                                                                                                                                                                                                               
 TTCC  78121 48698                                                                                                                                                                                                                                               
 8                                                                                                                                                                                                                                               
 TTCC  79001 48698                                                                                                                                                                                                                                               
 8                                                                                                                                                                                                                                               
 TTCC  7912/ 48698                                                                                                                                                                                                                                               
 8                                                                                                                                                                                                                                               
 TTCC  80001 48698                                                                                                                                                                                                                                               
 8                                                                                                                                                                                                                                               
 TTCC  80125 48698                                                                                                                                                                                                                                               
 8                                                                                                                                                                                                                                               
Parse RS Daten
Part A:       100.0 hPa  85° 26 kt 20141101.00
Part C:        70.0 hPa 205°  7 kt 20141101.00
Part C:        50.0 hPa 320°  4 kt 20141101.00
Part C:        30.0 hPa  95° 62 kt 20141101.00
Part C:        20.0 hPa 100° 72 kt 20141101.00
Part C:        10.0 hPa  75° 45 kt 20141101.00
Part D: 11     96.2 hPa  60° 30 kt 20141101.00
Part D: 11 22  94.5 hPa  60° 32 kt 20141101.00
Part D: 22 33  89.9 hPa  70° 13 kt 20141101.00
Part D: 33 44  84.5 hPa  85°  9 kt 20141101.00
Part D: 44 55  73.2 hPa 195° 16 kt 20141101.00
Part D: 55 66  69.9 hPa 205°  6 kt 20141101.00
Part D: 66 77  66.7 hPa 145°  6 kt 20141101.00
Part D: 77 88  62.1 hPa 240° 13 kt 20141101.00
Part D: 88 99  56.2 hPa 280° 10 kt 20141101.00
Part D: 99 11  54.3 hPa 290° 15 kt 20141101.00
Part D: 11 22  50.5 hPa 335°  6 kt 20141101.00
Part D: 22 33  45.6 hPa 105° 20 kt 20141101.00
Part D: 33 44  40.5 hPa  85° 49 kt 20141101.00
Part D: 44 55  38.5 hPa  70° 50 kt 20141101.00
Part D: 55 66  35.3 hPa  95° 47 kt 20141101.00
Part D: 66 77  31.4 hPa 100° 61 kt 20141101.00
Part D: 77 88  28.8 hPa  80° 62 kt 20141101.00
Part D: 88 99  25.2 hPa  95° 68 kt 20141101.00
Part D: 99 11  17.9 hPa  95° 75 kt 20141101.00
Part D: 11 22  17.0 hPa  95° 82 kt 20141101.00
Part D: 22 33  16.0 hPa  95° 75 kt 20141101.00
Part D: 33 44  12.4 hPa  80° 77 kt 20141101.00
Part D: 44 55  10.6 hPa 105° 64 kt 20141101.00
Part D: 55 66  10.3 hPa  85° 66 kt 20141101.00
Part D: 66 77   9.4 hPa  50° 38 kt 20141101.00
Part D: 77 88   8.7 hPa  75° 16 kt 20141101.00
Part D: 88 99   8.3 hPa 290° 10 kt 20141101.00
Part D: 99 11   8.0 hPa 235° 22 kt 20141101.00
Part A:       100.0 hPa  70° 37 kt 20141102.00
Part C:        70.0 hPa 295°  8 kt 20141102.00
Part C:        50.0 hPa 170°  2 kt 20141102.00
Part C:        30.0 hPa  85° 63 kt 20141102.00
Part C:        20.0 hPa  85° 63 kt 20141102.00
Part C:        10.0 hPa 110° 45 kt 20141102.00
Part D: 11     98.8 hPa  65° 39 kt 20141102.00
Part D: 11 22  92.2 hPa 120° 25 kt 20141102.00
Part D: 22 33  84.6 hPa 170° 17 kt 20141102.00
Part D: 33 44  80.6 hPa 185° 11 kt 20141102.00
Part D: 44 55  79.3 hPa 175°  9 kt 20141102.00
Part D: 55 66  78.0 hPa  95°  4 kt 20141102.00
Part D: 66 77  76.6 hPa  65°  6 kt 20141102.00
Part D: 77 88  71.6 hPa 310°  6 kt 20141102.00
Part D: 88 99  67.1 hPa 325° 16 kt 20141102.00
Part D: 99 11  64.6 hPa 275° 11 kt 20141102.00
Part D: 11 22  60.4 hPa 235° 16 kt 20141102.00
Part D: 22 33  58.3 hPa 255° 13 kt 20141102.00
Part D: 33 44  57.4 hPa 255° 24 kt 20141102.00
Part D: 44 55  53.7 hPa 255° 13 kt 20141102.00
Part D: 55 66  52.7 hPa 220°  4 kt 20141102.00
Part D: 66 77  51.1 hPa 300°  4 kt 20141102.00
Part D: 77 88  49.4 hPa 115°  8 kt 20141102.00
Part D: 88 99  47.8 hPa 130° 24 kt 20141102.00
Part D: 99 11  46.3 hPa 140° 24 kt 20141102.00
Part D: 11 22  42.6 hPa  80° 32 kt 20141102.00
Part D: 22 33  41.1 hPa  70° 32 kt 20141102.00
Part D: 33 44  37.8 hPa 100° 36 kt 20141102.00
Part D: 44 55  36.5 hPa  95° 45 kt 20141102.00
Part D: 55 66  31.8 hPa 100° 57 kt 20141102.00
Part D: 66 77  28.1 hPa  75° 67 kt 20141102.00
Part D: 77 88  17.6 hPa  95° 71 kt 20141102.00
Part D: 88 99  16.6 hPa 100° 75 kt 20141102.00
Part D: 99 11  10.5 hPa  90° 54 kt 20141102.00
Part D: 11 22   9.9 hPa 110° 43 kt 20141102.00
Part D: 22 33   9.4 hPa  95° 24 kt 20141102.00
Part D: 33 44   9.1 hPa  50°  3 kt 20141102.00
Part D: 44 55   8.8 hPa 255° 11 kt 20141102.00
Part D: 55 66   8.5 hPa 250° 19 kt 20141102.00
Part D: 66 77   7.8 hPa 290° 22 kt 20141102.00
Part D: 77 88   7.6 hPa 290° 37 kt 20141102.00
Part D: 88 99   7.4 hPa 265° 53 kt 20141102.00
Part D: 99 11   7.2 hPa 270° 53 kt 20141102.00
Part A:       100.0 hPa  70° 31 kt 20141103.00
Part C:        70.0 hPa 290° 15 kt 20141103.00
Part C:        50.0 hPa 205° 18 kt 20141103.00
Part C:        30.0 hPa  90° 71 kt 20141103.00
Part C:        20.0 hPa  95° 71 kt 20141103.00
Part C:        10.0 hPa 115° 20 kt 20141103.00
Part D: 11     96.6 hPa  75° 33 kt 20141103.00
Part D: 11 22  86.7 hPa 110° 12 kt 20141103.00
Part D: 22 33  84.9 hPa 125° 12 kt 20141103.00
Part D: 33 44  79.9 hPa 250° 12 kt 20141103.00
Part D: 44 55  76.6 hPa 230° 10 kt 20141103.00
Part D: 55 66  72.1 hPa 290° 10 kt 20141103.00
Part D: 66 77  63.7 hPa 280° 21 kt 20141103.00
Part D: 77 88  58.4 hPa 310° 21 kt 20141103.00
Part D: 88 99  56.4 hPa 295°  8 kt 20141103.00
Part D: 99 11  50.3 hPa 210° 19 kt 20141103.00
Part D: 11 22  49.5 hPa 205° 16 kt 20141103.00
Part D: 22 33  44.7 hPa  90° 24 kt 20141103.00
Part D: 33 44  40.4 hPa  85° 44 kt 20141103.00
Part D: 44 55  39.0 hPa  95° 42 kt 20141103.00
Part D: 55 66  37.7 hPa  90° 53 kt 20141103.00
Part D: 66 77  36.4 hPa  80° 48 kt 20141103.00
Part D: 77 88  32.3 hPa  90° 64 kt 20141103.00
Part D: 88 99  30.1 hPa  85° 72 kt 20141103.00
Part D: 99 11  28.7 hPa 100° 63 kt 20141103.00
Part D: 11 22  23.2 hPa  95° 74 kt 20141103.00
Part D: 22 33  19.4 hPa 100° 67 kt 20141103.00
Part D: 33 44  11.3 hPa  90° 62 kt 20141103.00
Part D: 44 55  10.9 hPa  95° 64 kt 20141103.00
Part D: 55 66  10.6 hPa  90° 46 kt 20141103.00
Part D: 66 77  10.2 hPa 100° 29 kt 20141103.00
Part D: 77 88   9.8 hPa 125° 10 kt 20141103.00
Part D: 88 99   9.7 hPa 180°  7 kt 20141103.00
Part D: 99 11   9.3 hPa 240° 22 kt 20141103.00
Part D: 11 22   9.0 hPa 250° 28 kt 20141103.00
Part D: 22 33   8.7 hPa 280° 33 kt 20141103.00
Part D: 33 44   8.5 hPa 280° 37 kt 20141103.00
Part D: 44 55   8.2 hPa 280° 44 kt 20141103.00
Part D: 55 66   7.3 hPa 260° 37 kt 20141103.00
Part A:       100.0 hPa 110° 36 kt 20141104.00
Part C:        70.0 hPa 295°  6 kt 20141104.00
Part C:        50.0 hPa 210° 12 kt 20141104.00
Part C:        30.0 hPa  95° 55 kt 20141104.00
Part D: 11     90.8 hPa  20°  6 kt 20141104.00
Part D: 11 22  89.2 hPa 320°  6 kt 20141104.00
Part D: 22 33  84.9 hPa 295°  4 kt 20141104.00
Part D: 33 44  80.7 hPa 205°  2 kt 20141104.00
Part D: 44 55  79.3 hPa 285°  2 kt 20141104.00
Part D: 55 66  78.1 hPa 235°  6 kt 20141104.00
Part D: 66 77  75.5 hPa  20°  9 kt 20141104.00
Part D: 77 88  74.3 hPa  50° 11 kt 20141104.00
Part D: 88 99  73.1 hPa  70°  2 kt 20141104.00
Part D: 99 11  70.6 hPa 290°  5 kt 20141104.00
Part D: 11 22  67.0 hPa 215°  4 kt 20141104.00
Part D: 22 33  65.9 hPa 225°  7 kt 20141104.00
Part D: 33 44  63.9 hPa 185°  7 kt 20141104.00
Part D: 44 55  61.0 hPa 230°  9 kt 20141104.00
Part D: 55 66  58.0 hPa 310°  7 kt 20141104.00
Part D: 66 77  56.0 hPa 220°  6 kt 20141104.00
Part D: 77 88  53.3 hPa 245° 18 kt 20141104.00
Part D: 88 99  51.6 hPa 225° 17 kt 20141104.00
Part D: 99 11  47.5 hPa 335°  3 kt 20141104.00
Part D: 11 22  46.0 hPa 100° 15 kt 20141104.00
Part D: 22 33  44.5 hPa  85° 22 kt 20141104.00
Part D: 33 44  43.1 hPa  70° 23 kt 20141104.00
Part D: 44 55  41.8 hPa  70° 30 kt 20141104.00
Part D: 55 66  39.8 hPa 100° 39 kt 20141104.00
Part D: 66 77  37.8 hPa  80° 41 kt 20141104.00
Part D: 77 88  34.8 hPa 100° 57 kt 20141104.00
Part D: 88 99  32.1 hPa  80° 61 kt 20141104.00
Part D: 99 11  24.4 hPa  80° 67 kt 20141104.00
Part A:       100.0 hPa  95° 21 kt 20141105.00
Part C:        70.0 hPa 290° 16 kt 20141105.00
Part C:        50.0 hPa 295° 16 kt 20141105.00
Part C:        30.0 hPa 100° 68 kt 20141105.00
Part C:        20.0 hPa  90° 71 kt 20141105.00
Part C:        10.0 hPa 315° 29 kt 20141105.00
Part D: 11     96.3 hPa 110°  7 kt 20141105.00
Part D: 11 22  87.5 hPa  85°  6 kt 20141105.00
Part D: 22 33  83.4 hPa 270°  8 kt 20141105.00
Part D: 33 44  76.8 hPa 300°  9 kt 20141105.00
Part D: 44 55  71.9 hPa 250° 17 kt 20141105.00
Part D: 55 66  56.4 hPa 265° 41 kt 20141105.00
Part D: 66 77  49.3 hPa 310° 17 kt 20141105.00
Part D: 77 88  48.4 hPa 325° 19 kt 20141105.00
Part D: 88 99  46.7 hPa 360° 14 kt 20141105.00
Part D: 99 11  43.6 hPa  95° 14 kt 20141105.00
Part D: 11 22  38.5 hPa  80° 48 kt 20141105.00
Part D: 22 33  29.7 hPa 100° 68 kt 20141105.00
Part D: 33 44  17.7 hPa  95° 88 kt 20141105.00
Part D: 44 55  16.7 hPa 100° 90 kt 20141105.00
Part D: 55 66  12.0 hPa  90° 54 kt 20141105.00
Part D: 66 77  11.7 hPa  75° 29 kt 20141105.00
Part D: 77 88  10.9 hPa  30° 12 kt 20141105.00
Part D: 88 99  10.7 hPa   5° 13 kt 20141105.00
Part D: 99 11  10.2 hPa 315° 18 kt 20141105.00
Part D: 11 22  10.0 hPa 315° 32 kt 20141105.00
Part D: 22 33   9.5 hPa 315° 19 kt 20141105.00
Part D: 33 44   8.8 hPa 355° 11 kt 20141105.00
Part D: 44 55   8.4 hPa 340°  9 kt 20141105.00
Part D: 55 66   7.4 hPa   5°  8 kt 20141105.00
Part D: 66 77   7.0 hPa 255°  3 kt 20141105.00
Part D: 77 88   6.9 hPa 255°  6 kt 20141105.00
Part D: 88 99   6.6 hPa 350°  8 kt 20141105.00
Part D: 99 11   6.2 hPa 305° 34 kt 20141105.00
Part D: 11 22   5.7 hPa 290° 50 kt 20141105.00
Part A:       100.0 hPa 100° 23 kt 20141106.00
Part C:        70.0 hPa 255° 33 kt 20141106.00
Part C:        50.0 hPa  20°  6 kt 20141106.00
Part C:        30.0 hPa  80° 65 kt 20141106.00
Part C:        20.0 hPa  85° 61 kt 20141106.00
Part C:        10.0 hPa  55°  9 kt 20141106.00
Part D: 11     94.8 hPa  65° 16 kt 20141106.00
Part D: 11 22  91.8 hPa  30° 10 kt 20141106.00
Part D: 22 33  90.4 hPa 355°  8 kt 20141106.00
Part D: 33 44  87.7 hPa 310° 16 kt 20141106.00
Part D: 44 55  77.3 hPa 300° 23 kt 20141106.00
Part D: 55 66  72.5 hPa 255° 27 kt 20141106.00
Part D: 66 77  69.2 hPa 260° 35 kt 20141106.00
Part D: 77 88  64.7 hPa 250° 28 kt 20141106.00
Part D: 88 99  61.6 hPa 265° 42 kt 20141106.00
Part D: 99 11  57.7 hPa 275° 30 kt 20141106.00
Part D: 11 22  53.9 hPa 315° 27 kt 20141106.00
Part D: 22 33  51.3 hPa 340° 13 kt 20141106.00
Part D: 33 44  49.6 hPa  10°  3 kt 20141106.00
Part D: 44 55  48.8 hPa 125°  5 kt 20141106.00
Part D: 55 66  47.1 hPa  65°  7 kt 20141106.00
Part D: 66 77  43.4 hPa 115° 29 kt 20141106.00
Part D: 77 88  40.6 hPa  80° 33 kt 20141106.00
Part D: 88 99  39.3 hPa  90° 50 kt 20141106.00
Part D: 99 11  38.1 hPa  95° 47 kt 20141106.00
Part D: 11 22  35.6 hPa  80° 58 kt 20141106.00
Part D: 22 33  28.3 hPa  90° 63 kt 20141106.00
Part D: 33 44  22.0 hPa  80° 68 kt 20141106.00
Part D: 44 55  19.8 hPa  85° 61 kt 20141106.00
Part D: 55 66  14.4 hPa 100° 56 kt 20141106.00
Part D: 66 77  12.6 hPa  85° 51 kt 20141106.00
Part D: 77 88  11.8 hPa  80° 62 kt 20141106.00
Part D: 88 99  10.7 hPa 100° 31 kt 20141106.00
Part D: 99 11   9.7 hPa  70° 16 kt 20141106.00
Part D: 11 22   9.6 hPa  80° 18 kt 20141106.00
Part D: 22 33   9.3 hPa 150°  5 kt 20141106.00
Part D: 33 44   9.1 hPa 215°  6 kt 20141106.00
Part D: 44 55   8.7 hPa 185°  3 kt 20141106.00
Part D: 55 66   8.4 hPa 225°  8 kt 20141106.00
Part D: 66 77   7.9 hPa 205° 13 kt 20141106.00
Part D: 77 88   7.7 hPa 205° 22 kt 20141106.00
Part D: 88 99   7.5 hPa 210° 13 kt 20141106.00
Part D: 99 11   7.4 hPa 240° 11 kt 20141106.00
Part D: 11 22   7.1 hPa 280° 26 kt 20141106.00
Part D: 22 33   6.4 hPa 260° 44 kt 20141106.00
Part D: 33 44   5.9 hPa 260° 39 kt 20141106.00
Part D: 44 55   5.8 hPa 250° 51 kt 20141106.00
Part A:       100.0 hPa 290° 19 kt 20141107.00
Part C:        70.0 hPa 295° 21 kt 20141107.00
Part C:        50.0 hPa 105° 16 kt 20141107.00
Part C:        30.0 hPa  90° 43 kt 20141107.00
Part C:        20.0 hPa 100° 51 kt 20141107.00
Part C:        10.0 hPa  55° 29 kt 20141107.00
Part D: 11     92.2 hPa 285° 23 kt 20141107.00
Part D: 11 22  84.4 hPa 265° 43 kt 20141107.00
Part D: 22 33  74.9 hPa 260° 25 kt 20141107.00
Part D: 33 44  66.5 hPa 310° 23 kt 20141107.00
Part D: 44 55  63.2 hPa 275° 21 kt 20141107.00
Part D: 55 66  60.0 hPa 290° 18 kt 20141107.00
Part D: 66 77  57.1 hPa 345°  3 kt 20141107.00
Part D: 77 88  56.2 hPa 100°  6 kt 20141107.00
Part D: 88 99  55.2 hPa 150°  8 kt 20141107.00
Part D: 99 11  53.4 hPa 175°  9 kt 20141107.00
Part D: 11 22  50.6 hPa 100° 14 kt 20141107.00
Part D: 22 33  44.2 hPa  95° 36 kt 20141107.00
Part D: 33 44  43.5 hPa  90° 31 kt 20141107.00
Part D: 44 55  40.6 hPa 100° 41 kt 20141107.00
Part D: 55 66  37.2 hPa  65° 38 kt 20141107.00
Part D: 66 77  33.6 hPa  85° 47 kt 20141107.00
Part D: 77 88  25.6 hPa  90° 52 kt 20141107.00
Part D: 88 99  20.6 hPa 100° 53 kt 20141107.00
Part D: 99 11  14.3 hPa  95° 67 kt 20141107.00
Part D: 11 22  13.2 hPa  80° 68 kt 20141107.00
Part D: 22 33  11.1 hPa  70° 45 kt 20141107.00
Part D: 33 44   9.9 hPa  55° 29 kt 20141107.00
Part D: 44 55   9.2 hPa  25° 11 kt 20141107.00
Part D: 55 66   8.9 hPa 305° 22 kt 20141107.00
Part D: 66 77   8.4 hPa 305° 40 kt 20141107.00
Part D: 77 88   7.9 hPa 275° 42 kt 20141107.00
Part D: 88 99   7.4 hPa 280° 33 kt 20141107.00
Part A:       100.0 hPa 280° 35 kt 20141108.00
Part C:        70.0 hPa 150°  3 kt 20141108.00
Part C:        50.0 hPa 220°  2 kt 20141108.00
Part C:        30.0 hPa  95° 61 kt 20141108.00
Part C:        20.0 hPa  80° 67 kt 20141108.00
Part C:        10.0 hPa  20°  5 kt 20141108.00
Part D: 11     87.1 hPa 275° 18 kt 20141108.00
Part D: 11 22  83.5 hPa 245° 23 kt 20141108.00
Part D: 22 33  75.9 hPa 250° 15 kt 20141108.00
Part D: 33 44  73.7 hPa 240° 13 kt 20141108.00
Part D: 44 55  71.5 hPa 180°  7 kt 20141108.00
Part D: 55 66  69.4 hPa  90°  5 kt 20141108.00
Part D: 66 77  68.4 hPa  80°  9 kt 20141108.00
Part D: 77 88  66.5 hPa 100° 11 kt 20141108.00
Part D: 88 99  64.7 hPa 135°  5 kt 20141108.00
Part D: 99 11  61.9 hPa 155° 14 kt 20141108.00
Part D: 11 22  60.3 hPa 155°  5 kt 20141108.00
Part D: 22 33  58.6 hPa 245° 11 kt 20141108.00
Part D: 33 44  56.3 hPa 290° 14 kt 20141108.00
Part D: 44 55  53.9 hPa 295°  6 kt 20141108.00
Part D: 55 66  52.3 hPa 295° 14 kt 20141108.00
Part D: 66 77  49.9 hPa 200°  3 kt 20141108.00
Part D: 77 88  48.5 hPa 230°  2 kt 20141108.00
Part D: 88 99  47.1 hPa  70°  9 kt 20141108.00
Part D: 99 11  44.5 hPa  50° 20 kt 20141108.00
Part D: 11 22  41.9 hPa 105° 35 kt 20141108.00
Part D: 22 33  40.2 hPa 120° 29 kt 20141108.00
Part D: 33 44  38.4 hPa  95° 32 kt 20141108.00
Part D: 44 55  34.5 hPa  90° 54 kt 20141108.00
Part D: 55 66  25.0 hPa  85° 64 kt 20141108.00
Part D: 66 77  21.7 hPa  90° 70 kt 20141108.00
Part D: 77 88  17.5 hPa  90° 77 kt 20141108.00
Part D: 88 99  15.1 hPa  95° 69 kt 20141108.00
Part D: 99 11  13.4 hPa 105° 75 kt 20141108.00
Part D: 11 22  11.7 hPa 105° 54 kt 20141108.00
Part D: 22 33  11.1 hPa  80° 45 kt 20141108.00
Part D: 33 44  10.9 hPa  85° 39 kt 20141108.00
Part D: 44 55  10.1 hPa  50° 12 kt 20141108.00
Part D: 55 66   9.9 hPa 325°  4 kt 20141108.00
Part D: 66 77   9.6 hPa 305° 29 kt 20141108.00
Part D: 77 88   9.2 hPa 290° 41 kt 20141108.00
Part D: 88 99   8.8 hPa 305° 29 kt 20141108.00
Part D: 99 11   8.3 hPa 295° 44 kt 20141108.00
Part D: 11 22   7.9 hPa 310° 29 kt 20141108.00
Part D: 22 33   7.8 hPa 295° 23 kt 20141108.00
Part D: 33 44   7.7 hPa 270° 29 kt 20141108.00
Part D: 44 55   7.5 hPa 285° 42 kt 20141108.00
Part D: 55 66   7.1 hPa 280° 31 kt 20141108.00
Part D: 66 77   6.7 hPa 260° 47 kt 20141108.00
Part D: 77 88   6.3 hPa 255° 40 kt 20141108.00
Part A:       100.0 hPa 265° 28 kt 20141109.00
Part C:        70.0 hPa 260°  3 kt 20141109.00
Part C:        50.0 hPa 270° 12 kt 20141109.00
Part C:        30.0 hPa  90° 67 kt 20141109.00
Part C:        20.0 hPa  85° 71 kt 20141109.00
Part C:        10.0 hPa  10° 19 kt 20141109.00
Part D: 11     93.4 hPa 270° 16 kt 20141109.00
Part D: 11 22  89.1 hPa 255° 13 kt 20141109.00
Part D: 22 33  84.8 hPa 265° 11 kt 20141109.00
Part D: 33 44  75.1 hPa 325°  9 kt 20141109.00
Part D: 44 55  72.8 hPa 355° 11 kt 20141109.00
Part D: 55 66  71.7 hPa  30°  9 kt 20141109.00
Part D: 66 77  70.5 hPa 335°  2 kt 20141109.00
Part D: 77 88  69.5 hPa 240°  6 kt 20141109.00
Part D: 88 99  68.4 hPa 255° 11 kt 20141109.00
Part D: 99 11  60.9 hPa 280° 36 kt 20141109.00
Part D: 11 22  57.0 hPa 275° 25 kt 20141109.00
Part D: 22 33  53.3 hPa 230° 19 kt 20141109.00
Part D: 33 44  50.7 hPa 265° 11 kt 20141109.00
Part D: 44 55  48.9 hPa 275°  6 kt 20141109.00
Part D: 55 66  48.0 hPa 190°  1 kt 20141109.00
Part D: 66 77  47.2 hPa 145°  5 kt 20141109.00
Part D: 77 88  45.6 hPa  85°  9 kt 20141109.00
Part D: 88 99  44.8 hPa  75° 15 kt 20141109.00
Part D: 99 11  41.0 hPa 100° 39 kt 20141109.00
Part D: 11 22  37.0 hPa  85° 54 kt 20141109.00
Part D: 22 33  33.8 hPa  90° 67 kt 20141109.00
Part D: 33 44  28.4 hPa  95° 72 kt 20141109.00
Part D: 44 55  22.0 hPa  80° 69 kt 20141109.00
Part D: 55 66  18.0 hPa  90° 78 kt 20141109.00
Part D: 66 77  17.4 hPa  90° 81 kt 20141109.00
Part D: 77 88  13.2 hPa 100° 77 kt 20141109.00
Part D: 88 99  11.9 hPa 120° 44 kt 20141109.00
Part D: 99 11  11.3 hPa 125° 25 kt 20141109.00
Part D: 11 22  10.8 hPa 215°  1 kt 20141109.00
Part D: 22 33  10.4 hPa  25°  9 kt 20141109.00
Part D: 33 44  10.3 hPa 360° 12 kt 20141109.00
Part D: 44 55   9.9 hPa   5° 21 kt 20141109.00
Part D: 55 66   9.5 hPa  25° 19 kt 20141109.00
Part D: 66 77   8.6 hPa 260°  9 kt 20141109.00
Part D: 77 88   7.2 hPa 255° 34 kt 20141109.00
Part D: 88 99   7.1 hPa 265° 36 kt 20141109.00
Part D: 99 11   7.0 hPa 245° 34 kt 20141109.00
Part D: 11 22   6.9 hPa 260° 44 kt 20141109.00
Part D: 22 33   6.8 hPa 240° 31 kt 20141109.00
Part D: 33 44   6.7 hPa 250° 40 kt 20141109.00
Part D: 44 55   6.5 hPa 240° 37 kt 20141109.00
Part D: 55 66   6.2 hPa 260° 40 kt 20141109.00
Part A:       100.0 hPa 310° 15 kt 20141110.00
Part C:        70.0 hPa 275° 38 kt 20141110.00
Part C:        50.0 hPa 305°  7 kt 20141110.00
Part C:        30.0 hPa  90° 69 kt 20141110.00
Part C:        20.0 hPa  90° 78 kt 20141110.00
Part C:        10.0 hPa  20° 18 kt 20141110.00
Part D: 11     93.1 hPa 355° 18 kt 20141110.00
Part D: 11 22  91.5 hPa  10° 15 kt 20141110.00
Part D: 22 33  85.2 hPa 175°  2 kt 20141110.00
Part D: 33 44  83.7 hPa  65°  2 kt 20141110.00
Part D: 44 55  82.3 hPa  35° 10 kt 20141110.00
Part D: 55 66  75.9 hPa 115° 14 kt 20141110.00
Part D: 66 77  70.3 hPa 275° 36 kt 20141110.00
Part D: 77 88  69.2 hPa 270° 41 kt 20141110.00
Part D: 88 99  54.7 hPa 285° 22 kt 20141110.00
Part D: 99 11  51.2 hPa 315°  8 kt 20141110.00
Part D: 11 22  48.9 hPa  65°  2 kt 20141110.00
Part D: 22 33  48.1 hPa 110°  6 kt 20141110.00
Part D: 33 44  46.4 hPa  85° 15 kt 20141110.00
Part D: 44 55  44.8 hPa  90° 27 kt 20141110.00
Part D: 55 66  40.9 hPa  90° 45 kt 20141110.00
Part D: 66 77  36.8 hPa  90° 63 kt 20141110.00
Part D: 77 88  27.8 hPa  90° 75 kt 20141110.00
Part D: 88 99  23.0 hPa  85° 78 kt 20141110.00
Part D: 99 11  22.2 hPa  85° 85 kt 20141110.00
Part D: 11 22  15.9 hPa  95° 68 kt 20141110.00
Part D: 22 33  14.2 hPa 110° 71 kt 20141110.00
Part D: 33 44  13.0 hPa  85° 59 kt 20141110.00
Part D: 44 55  11.5 hPa  45° 20 kt 20141110.00
Part D: 55 66  11.2 hPa  60° 18 kt 20141110.00
Part D: 66 77  11.0 hPa  10° 12 kt 20141110.00
Part D: 77 88  10.2 hPa  10° 20 kt 20141110.00
Part D: 88 99   9.6 hPa  90° 11 kt 20141110.00
Part D: 99 11   9.4 hPa 170° 13 kt 20141110.00
Part D: 11 22   9.2 hPa 185°  7 kt 20141110.00
Part D: 22 33   8.9 hPa 235° 18 kt 20141110.00
Part D: 33 44   8.6 hPa 210° 31 kt 20141110.00
Part D: 44 55   8.3 hPa 265° 19 kt 20141110.00
Part D: 55 66   8.1 hPa 260° 16 kt 20141110.00
Part D: 66 77   7.9 hPa 300° 26 kt 20141110.00
Part D: 77 88   7.5 hPa 305° 37 kt 20141110.00
Part D: 88 99   7.2 hPa 295° 13 kt 20141110.00
Part D: 99 11   6.8 hPa 270° 41 kt 20141110.00
Part A:       100.0 hPa  60°  5 kt 20141110.12
Part C:        70.0 hPa 280° 45 kt 20141110.12
Part D: 11     97.7 hPa  60° 14 kt 20141110.12
Part D: 11 22  96.0 hPa  50° 14 kt 20141110.12
Part D: 22 33  94.4 hPa  45° 22 kt 20141110.12
Part D: 33 44  92.7 hPa  60° 23 kt 20141110.12
Part D: 44 55  89.3 hPa  80° 12 kt 20141110.12
Part D: 55 66  88.3 hPa  65° 11 kt 20141110.12
Part D: 66 77  87.3 hPa  55° 15 kt 20141110.12
Part D: 77 88  84.4 hPa 100° 29 kt 20141110.12
Part D: 88 99  78.8 hPa 155° 17 kt 20141110.12
Part D: 99 11  77.6 hPa 165° 14 kt 20141110.12
Part D: 11 22  76.4 hPa 230°  7 kt 20141110.12
Part D: 22 33  75.0 hPa 280° 19 kt 20141110.12
Part D: 33 44  72.2 hPa 285° 37 kt 20141110.12
Part D: 44 55  70.9 hPa 285° 43 kt 20141110.12
Part D: 55 66  69.7 hPa 280° 45 kt 20141110.12
Part D: 66 77  68.8 hPa 280° 47 kt 20141110.12
Part D: 77 88  63.0 hPa 280° 38 kt 20141110.12
Part D: 88 99  62.0 hPa 280° 40 kt 20141110.12
Part D: 99 11  61.0 hPa 270° 39 kt 20141110.12
Part D: 11 22  60.1 hPa 275° 36 kt 20141110.12
Part D: 22 33  59.2 hPa 275° 36 kt 20141110.12
Part D: 33 44  58.4 hPa 275° 33 kt 20141110.12
Part D: 44 55  57.5 hPa 270° 32 kt 20141110.12
Part D: 55 66  56.6 hPa 275° 29 kt 20141110.12
Part A:       100.0 hPa  75° 25 kt 20141111.00
Part C:        70.0 hPa 265° 56 kt 20141111.00
Part C:        50.0 hPa 125°  4 kt 20141111.00
Part C:        30.0 hPa  90° 68 kt 20141111.00
Part C:        20.0 hPa  85° 62 kt 20141111.00
Part C:        10.0 hPa  15° 15 kt 20141111.00
Part D: 11     96.9 hPa  70° 34 kt 20141111.00
Part D: 11 22  89.1 hPa  90° 19 kt 20141111.00
Part D: 22 33  84.6 hPa 115° 25 kt 20141111.00
Part D: 33 44  81.4 hPa 160°  8 kt 20141111.00
Part D: 44 55  79.6 hPa 280° 17 kt 20141111.00
Part D: 55 66  64.1 hPa 270° 37 kt 20141111.00
Part D: 66 77  58.1 hPa 260° 28 kt 20141111.00
Part D: 77 88  54.3 hPa 230° 20 kt 20141111.00
Part D: 88 99  51.6 hPa 190°  6 kt 20141111.00
Part D: 99 11  50.8 hPa 130°  2 kt 20141111.00
Part D: 11 22  49.1 hPa  85° 10 kt 20141111.00
Part D: 22 33  47.7 hPa 105° 10 kt 20141111.00
Part D: 33 44  46.1 hPa  90° 22 kt 20141111.00
Part D: 44 55  39.7 hPa  95° 58 kt 20141111.00
Part D: 55 66  28.6 hPa  95° 72 kt 20141111.00
Part D: 66 77  20.7 hPa  90° 60 kt 20141111.00
Part D: 77 88  16.2 hPa  75° 60 kt 20141111.00
Part D: 88 99  13.9 hPa  80° 50 kt 20141111.00
Part D: 99 11  13.5 hPa  85° 58 kt 20141111.00
Part D: 11 22  12.5 hPa 100° 51 kt 20141111.00
Part D: 22 33  10.8 hPa  60° 23 kt 20141111.00
Part D: 33 44  10.0 hPa  15° 15 kt 20141111.00
Part D: 44 55   9.1 hPa 125°  3 kt 20141111.00
Part D: 55 66   8.9 hPa 140°  6 kt 20141111.00
Part D: 66 77   8.8 hPa  95°  6 kt 20141111.00
Part D: 77 88   8.5 hPa  95° 10 kt 20141111.00
Part D: 88 99   8.2 hPa  65° 25 kt 20141111.00
Part D: 99 11   8.0 hPa  65° 28 kt 20141111.00
Part D: 11 22   7.7 hPa 160°  7 kt 20141111.00
Part D: 22 33   7.5 hPa 240° 14 kt 20141111.00
Part A:       100.0 hPa 105° 25 kt 20141111.12
Part A:       100.0 hPa 155° 10 kt 20141112.00
Part C:        70.0 hPa 265° 36 kt 20141112.00
Part C:        50.0 hPa 130°  4 kt 20141112.00
Part C:        30.0 hPa 100° 61 kt 20141112.00
Part C:        20.0 hPa  90° 61 kt 20141112.00
Part C:        10.0 hPa  90° 24 kt 20141112.00
Part D: 11     96.3 hPa 220° 17 kt 20141112.00
Part D: 11 22  92.0 hPa 215° 14 kt 20141112.00
Part D: 22 33  85.8 hPa 285° 21 kt 20141112.00
Part D: 33 44  78.9 hPa 290° 36 kt 20141112.00
Part D: 44 55  71.1 hPa 260° 32 kt 20141112.00
Part D: 55 66  66.5 hPa 275° 29 kt 20141112.00
Part D: 66 77  59.9 hPa 290° 14 kt 20141112.00
Part D: 77 88  55.1 hPa 295°  9 kt 20141112.00
Part D: 88 99  53.3 hPa 360°  3 kt 20141112.00
Part D: 99 11  48.9 hPa 135°  9 kt 20141112.00
Part D: 11 22  44.0 hPa  90° 28 kt 20141112.00
Part D: 22 33  40.4 hPa 110° 45 kt 20141112.00
Part D: 33 44  37.8 hPa 105° 51 kt 20141112.00
Part D: 44 55  34.8 hPa 100° 45 kt 20141112.00
Part D: 55 66  26.7 hPa  90° 70 kt 20141112.00
Part D: 66 77  23.1 hPa  90° 67 kt 20141112.00
Part D: 77 88  22.2 hPa  90° 65 kt 20141112.00
Part D: 88 99  21.5 hPa  90° 64 kt 20141112.00
Part D: 99 11  20.7 hPa  90° 62 kt 20141112.00
Part D: 11 22  10.9 hPa 105° 26 kt 20141112.00
Part D: 22 33   9.3 hPa 110° 23 kt 20141112.00
Part D: 33 44   8.9 hPa 100° 15 kt 20141112.00
Part D: 44 55   8.6 hPa 120° 17 kt 20141112.00
Part D: 55 66   8.3 hPa 225°  8 kt 20141112.00
Part D: 66 77   8.1 hPa 245° 26 kt 20141112.00
Part D: 77 88   7.8 hPa 265° 35 kt 20141112.00
Part D: 88 99   7.7 hPa 270° 44 kt 20141112.00
Part D: 99 11   7.6 hPa 265° 33 kt 20141112.00
Part D: 11 22   7.3 hPa 255° 60 kt 20141112.00
Part D: 22 33   6.7 hPa 265° 42 kt 20141112.00
Part D: 33 44   6.6 hPa 265° 46 kt 20141112.00
Part A:       100.0 hPa 240° 11 kt 20141113.12
Part A:       100.0 hPa 260° 19 kt 20141114.00
Part C:        70.0 hPa 270° 17 kt 20141114.00
Part C:        50.0 hPa 230°  3 kt 20141114.00
Part C:        30.0 hPa  85° 62 kt 20141114.00
Part C:        20.0 hPa 100° 66 kt 20141114.00
Part C:        10.0 hPa 150°  6 kt 20141114.00
Part D: 11     91.0 hPa 290° 18 kt 20141114.00
Part D: 11 22  84.8 hPa 285° 12 kt 20141114.00
Part D: 22 33  82.1 hPa 250°  5 kt 20141114.00
Part D: 33 44  80.7 hPa 245° 16 kt 20141114.00
Part D: 44 55  78.1 hPa 295° 12 kt 20141114.00
Part D: 55 66  74.3 hPa 315°  5 kt 20141114.00
Part D: 66 77  73.1 hPa   5°  5 kt 20141114.00
Part D: 77 88  70.8 hPa 265° 13 kt 20141114.00
Part D: 88 99  68.2 hPa 235° 22 kt 20141114.00
Part D: 99 11  60.8 hPa 245° 32 kt 20141114.00
Part D: 11 22  53.8 hPa 260° 20 kt 20141114.00
Part D: 22 33  52.1 hPa 250° 21 kt 20141114.00
Part D: 33 44  50.5 hPa 240°  7 kt 20141114.00
Part D: 44 55  49.6 hPa 160°  1 kt 20141114.00
Part D: 55 66  48.8 hPa  90°  8 kt 20141114.00
Part D: 66 77  46.3 hPa  90° 20 kt 20141114.00
Part D: 77 88  41.8 hPa  95° 52 kt 20141114.00
Part D: 88 99  38.5 hPa  70° 52 kt 20141114.00
Part D: 99 11  33.4 hPa  95° 53 kt 20141114.00
Part D: 11 22  31.3 hPa  80° 60 kt 20141114.00
Part D: 22 33  26.3 hPa  95° 73 kt 20141114.00
Part D: 33 44  17.2 hPa  85° 64 kt 20141114.00
Part D: 44 55  16.6 hPa  75° 66 kt 20141114.00
Part D: 55 66  13.4 hPa  85° 57 kt 20141114.00
Part D: 66 77  12.7 hPa  90° 50 kt 20141114.00
Part D: 77 88  11.6 hPa  90° 21 kt 20141114.00
Part D: 88 99  10.1 hPa 160°  8 kt 20141114.00
Part D: 99 11   9.4 hPa 285° 21 kt 20141114.00
Part D: 11 22   9.1 hPa 260° 21 kt 20141114.00
Part D: 22 33   8.5 hPa 295° 24 kt 20141114.00
Part D: 33 44   8.1 hPa 260° 21 kt 20141114.00
Part D: 44 55   7.7 hPa 275° 35 kt 20141114.00
Part D: 55 66   7.4 hPa 260° 30 kt 20141114.00
Part D: 66 77   7.2 hPa 265° 47 kt 20141114.00
Part D: 77 88   6.9 hPa 260° 38 kt 20141114.00
Part A:       100.0 hPa 300° 21 kt 20141114.12
Part A:       100.0 hPa 325° 22 kt 20141115.00
Part D: 11     98.9 hPa 330° 18 kt 20141115.00
Part D: 11 22  94.6 hPa  10°  9 kt 20141115.00
Part D: 22 33  93.1 hPa  70° 10 kt 20141115.00
Part D: 33 44  91.8 hPa  85°  9 kt 20141115.00
Part D: 44 55  90.7 hPa 115°  9 kt 20141115.00
Part D: 55 66  88.7 hPa 155° 13 kt 20141115.00
Part A:       100.0 hPa 210°  6 kt 20141115.12
Part D: 11     99.0 hPa 190°  6 kt 20141115.12
Part D: 11 22  97.7 hPa 245°  3 kt 20141115.12
Part D: 22 33  96.3 hPa 200°  4 kt 20141115.12
Part D: 33 44  95.0 hPa 170°  3 kt 20141115.12
Part D: 44 55  93.8 hPa 125°  4 kt 20141115.12
Part D: 55 66  91.5 hPa 155°  7 kt 20141115.12
Part D: 66 77  90.5 hPa 150° 10 kt 20141115.12
Part D: 77 88  89.4 hPa 140° 16 kt 20141115.12
Part D: 88 99  88.4 hPa 140° 15 kt 20141115.12
Part D: 99 11  87.3 hPa 145° 16 kt 20141115.12
Part D: 11 22  85.3 hPa 165° 13 kt 20141115.12
Part A:       100.0 hPa  55° 11 kt 20141116.00
Part C:        70.0 hPa 280° 28 kt 20141116.00
Part C:        50.0 hPa 110° 14 kt 20141116.00
Part C:        30.0 hPa  90° 51 kt 20141116.00
Part C:        20.0 hPa  85° 55 kt 20141116.00
Part C:        10.0 hPa 135°  8 kt 20141116.00
Part D: 11     93.6 hPa 150°  8 kt 20141116.00
Part D: 11 22  86.0 hPa  70°  5 kt 20141116.00
Part D: 22 33  84.2 hPa  10°  8 kt 20141116.00
Part D: 33 44  80.3 hPa 300°  5 kt 20141116.00
Part D: 44 55  76.5 hPa 235° 15 kt 20141116.00
Part D: 55 66  75.0 hPa 260° 24 kt 20141116.00
Part D: 66 77  72.1 hPa 285° 22 kt 20141116.00
Part D: 77 88  69.2 hPa 275° 31 kt 20141116.00
Part D: 88 99  66.5 hPa 285° 34 kt 20141116.00
Part D: 99 11  62.6 hPa 300° 26 kt 20141116.00
Part D: 11 22  57.8 hPa  15°  7 kt 20141116.00
Part D: 22 33  54.5 hPa 115° 11 kt 20141116.00
Part D: 33 44  53.5 hPa 135° 11 kt 20141116.00
Part D: 44 55  47.5 hPa  90° 21 kt 20141116.00
Part D: 55 66  42.1 hPa  85° 46 kt 20141116.00
Part D: 66 77  39.4 hPa 100° 47 kt 20141116.00
Part D: 77 88  37.0 hPa  85° 51 kt 20141116.00
Part D: 88 99  35.8 hPa  90° 62 kt 20141116.00
Part D: 99 11  34.6 hPa  85° 52 kt 20141116.00
Part D: 11 22  32.8 hPa 105° 51 kt 20141116.00
Part D: 22 33  29.7 hPa  85° 51 kt 20141116.00
Part D: 33 44  28.4 hPa  85° 62 kt 20141116.00
Part D: 44 55  24.1 hPa  85° 65 kt 20141116.00
Part D: 55 66  19.5 hPa  85° 55 kt 20141116.00
Part D: 66 77  16.9 hPa  80° 61 kt 20141116.00
Part D: 77 88  13.9 hPa 100° 46 kt 20141116.00
Part D: 88 99  12.5 hPa  85° 53 kt 20141116.00
Part D: 99 11  11.9 hPa 100° 53 kt 20141116.00
Part D: 11 22  11.3 hPa 110° 29 kt 20141116.00
Part D: 22 33  10.8 hPa 120° 22 kt 20141116.00
Part D: 33 44   9.9 hPa 205°  5 kt 20141116.00
Part D: 44 55   9.7 hPa 245°  6 kt 20141116.00
Part D: 55 66   9.3 hPa 245°  4 kt 20141116.00
Part D: 66 77   8.8 hPa 280° 33 kt 20141116.00
Part D: 77 88   8.3 hPa 300° 33 kt 20141116.00
Part D: 88 99   8.0 hPa 290° 28 kt 20141116.00
Part D: 99 11   7.6 hPa 270° 51 kt 20141116.00
Part D: 11 22   6.7 hPa 260° 53 kt 20141116.00
Part D: 22 33   6.1 hPa 260° 50 kt 20141116.00
Part D: 33 44   5.1 hPa 280° 55 kt 20141116.00
Part A:       100.0 hPa  80° 16 kt 20141116.12
Part A:       100.0 hPa  90° 20 kt 20141117.00
Part C:        70.0 hPa 265° 19 kt 20141117.00
Part C:        50.0 hPa  80° 11 kt 20141117.00
Part C:        30.0 hPa  95° 46 kt 20141117.00
Part C:        20.0 hPa  85° 61 kt 20141117.00
Part C:        10.0 hPa 275° 34 kt 20141117.00
Part D: 11     87.3 hPa  55°  6 kt 20141117.00
Part D: 11 22  85.7 hPa  30°  4 kt 20141117.00
Part D: 22 33  81.4 hPa 250° 10 kt 20141117.00
Part D: 33 44  77.4 hPa 305° 17 kt 20141117.00
Part D: 44 55  72.6 hPa 340°  4 kt 20141117.00
Part D: 55 66  70.3 hPa 260° 19 kt 20141117.00
Part D: 66 77  67.9 hPa 265° 27 kt 20141117.00
Part D: 77 88  63.4 hPa 245° 15 kt 20141117.00
Part D: 88 99  56.5 hPa 235° 31 kt 20141117.00
Part D: 99 11  53.5 hPa 180° 21 kt 20141117.00
Part D: 11 22  50.9 hPa 100°  9 kt 20141117.00
Part D: 22 33  43.0 hPa  85° 37 kt 20141117.00
Part D: 33 44  41.5 hPa  95° 47 kt 20141117.00
Part D: 44 55  38.8 hPa  90° 37 kt 20141117.00
Part D: 55 66  35.9 hPa  70° 46 kt 20141117.00
Part D: 66 77  34.7 hPa  70° 47 kt 20141117.00
Part D: 77 88  33.5 hPa  90° 41 kt 20141117.00
Part D: 88 99  32.4 hPa  95° 38 kt 20141117.00
Part D: 99 11  31.2 hPa  95° 40 kt 20141117.00
Part D: 11 22  30.1 hPa  95° 45 kt 20141117.00
Part D: 22 33  28.1 hPa  85° 52 kt 20141117.00
Part D: 33 44  24.0 hPa  95° 66 kt 20141117.00
Part D: 44 55  21.6 hPa  80° 63 kt 20141117.00
Part D: 55 66  19.5 hPa  90° 61 kt 20141117.00
Part D: 66 77  17.1 hPa 105° 66 kt 20141117.00
Part D: 77 88  14.8 hPa  90° 78 kt 20141117.00
Part D: 88 99  14.1 hPa  80° 76 kt 20141117.00
Part D: 99 11  12.6 hPa  90° 71 kt 20141117.00
Part D: 11 22  12.0 hPa  80° 46 kt 20141117.00
Part D: 22 33  10.9 hPa  55° 15 kt 20141117.00
Part D: 33 44  10.5 hPa  15°  9 kt 20141117.00
Part D: 44 55  10.4 hPa 290° 13 kt 20141117.00
Part D: 55 66   9.8 hPa 260° 40 kt 20141117.00
Part D: 66 77   9.2 hPa 260° 44 kt 20141117.00
Part D: 77 88   8.2 hPa 260° 69 kt 20141117.00
Part D: 88 99   7.5 hPa 245° 57 kt 20141117.00
Part D: 99 11   7.3 hPa 250° 66 kt 20141117.00
Part D: 11 22   6.9 hPa 265° 56 kt 20141117.00
Part D: 22 33   6.4 hPa 245° 50 kt 20141117.00
Part D: 33 44   6.0 hPa 260° 56 kt 20141117.00
Part D: 44 55   5.9 hPa 260° 45 kt 20141117.00
Part D: 55 66   5.8 hPa 260° 53 kt 20141117.00
Part A:       100.0 hPa 145° 25 kt 20141117.12
Part A:       100.0 hPa 100° 40 kt 20141118.00
Part C:        70.0 hPa 250° 22 kt 20141118.00
Part C:        50.0 hPa  95° 11 kt 20141118.00
Part C:        30.0 hPa  80° 55 kt 20141118.00
Part C:        20.0 hPa  95° 69 kt 20141118.00
Part C:        10.0 hPa 275° 45 kt 20141118.00
Part D: 11     93.5 hPa  75° 33 kt 20141118.00
Part D: 11 22  85.4 hPa  25°  6 kt 20141118.00
Part D: 22 33  83.6 hPa 105°  2 kt 20141118.00
Part D: 33 44  81.9 hPa 210° 12 kt 20141118.00
Part D: 44 55  76.9 hPa 240° 33 kt 20141118.00
Part D: 55 66  69.1 hPa 250° 21 kt 20141118.00
Part D: 66 77  65.2 hPa 255° 27 kt 20141118.00
Part D: 77 88  61.0 hPa 290° 20 kt 20141118.00
Part D: 88 99  55.8 hPa 260° 13 kt 20141118.00
Part D: 99 11  54.2 hPa 275°  7 kt 20141118.00
Part D: 11 22  52.5 hPa 105°  5 kt 20141118.00
Part D: 22 33  51.7 hPa 120° 10 kt 20141118.00
Part D: 33 44  47.7 hPa  65° 12 kt 20141118.00
Part D: 44 55  44.1 hPa  75° 29 kt 20141118.00
Part D: 55 66  35.4 hPa 105° 58 kt 20141118.00
Part D: 66 77  33.8 hPa 105° 45 kt 20141118.00
Part D: 77 88  32.8 hPa  90° 45 kt 20141118.00
Part D: 88 99  30.4 hPa  80° 56 kt 20141118.00
Part D: 99 11  21.9 hPa  95° 67 kt 20141118.00
Part D: 11 22  20.5 hPa 100° 69 kt 20141118.00
Part D: 22 33  16.6 hPa  80° 80 kt 20141118.00
Part D: 33 44  15.6 hPa  85° 90 kt 20141118.00
Part D: 44 55  14.0 hPa  90° 67 kt 20141118.00
Part D: 55 66  13.3 hPa 105° 63 kt 20141118.00
Part D: 66 77  12.9 hPa 105° 44 kt 20141118.00
Part D: 77 88  11.5 hPa  80° 19 kt 20141118.00
Part D: 88 99  11.2 hPa  10°  5 kt 20141118.00
Part D: 99 11  10.8 hPa 310° 19 kt 20141118.00
Part D: 11 22  10.6 hPa 265° 24 kt 20141118.00
Part D: 22 33  10.2 hPa 285° 32 kt 20141118.00
Part D: 33 44  10.0 hPa 275° 45 kt 20141118.00
Part D: 44 55   8.9 hPa 285° 58 kt 20141118.00
Part D: 55 66   8.4 hPa 280° 51 kt 20141118.00
Part A:       100.0 hPa  95° 49 kt 20141118.12
Part C:        70.0 hPa 260° 17 kt 20141118.12
Part D: 11     97.4 hPa  95° 36 kt 20141118.12
Part D: 11 22  95.3 hPa  90° 14 kt 20141118.12
Part D: 22 33  91.5 hPa  10°  1 kt 20141118.12
Part D: 33 44  88.2 hPa 320°  7 kt 20141118.12
Part D: 44 55  86.6 hPa 300°  5 kt 20141118.12
Part D: 55 66  85.0 hPa 325°  3 kt 20141118.12
Part D: 66 77  83.4 hPa  15°  3 kt 20141118.12
Part D: 77 88  79.0 hPa 200° 15 kt 20141118.12
Part D: 88 99  77.5 hPa 195° 18 kt 20141118.12
Part D: 99 11  76.0 hPa 210° 16 kt 20141118.12
Part D: 11 22  73.0 hPa 240° 24 kt 20141118.12
Part D: 22 33  70.1 hPa 260° 17 kt 20141118.12
Part D: 33 44  67.4 hPa 250° 16 kt 20141118.12
Part D: 44 55  66.0 hPa 255° 23 kt 20141118.12
Part D: 55 66  64.6 hPa 240° 17 kt 20141118.12
Part D: 66 77  62.0 hPa 255° 19 kt 20141118.12
Part D: 77 88  60.9 hPa 270° 15 kt 20141118.12
Part D: 88 99  59.7 hPa 285° 19 kt 20141118.12
Part D: 99 11  58.6 hPa 270° 16 kt 20141118.12
Part D: 11 22  57.5 hPa 275° 11 kt 20141118.12
Part D: 22 33  55.0 hPa 265° 12 kt 20141118.12
Part D: 33 44  53.8 hPa 285° 13 kt 20141118.12
Part D: 44 55  52.9 hPa 300° 14 kt 20141118.12
Part D: 55 66  52.4 hPa 300° 14 kt 20141118.12
Part A:       100.0 hPa  95° 38 kt 20141119.00
Part C:        70.0 hPa 270° 26 kt 20141119.00
Part C:        50.0 hPa  90° 13 kt 20141119.00
Part C:        30.0 hPa  85° 54 kt 20141119.00
Part C:        20.0 hPa  95° 76 kt 20141119.00
Part C:        10.0 hPa 270° 35 kt 20141119.00
Part D: 11     97.6 hPa 100° 39 kt 20141119.00
Part D: 11 22  90.3 hPa  55°  7 kt 20141119.00
Part D: 22 33  77.5 hPa 270° 29 kt 20141119.00
Part D: 33 44  61.6 hPa 250° 12 kt 20141119.00
Part D: 44 55  57.5 hPa 340°  8 kt 20141119.00
Part D: 55 66  55.6 hPa 295°  4 kt 20141119.00
Part D: 66 77  54.7 hPa 285°  8 kt 20141119.00
Part D: 77 88  53.0 hPa 315°  7 kt 20141119.00
Part D: 88 99  52.2 hPa  20°  5 kt 20141119.00
Part D: 99 11  50.5 hPa  70° 13 kt 20141119.00
Part D: 11 22  49.7 hPa 100° 14 kt 20141119.00
Part D: 22 33  48.1 hPa 105° 18 kt 20141119.00
Part D: 33 44  43.5 hPa 115° 38 kt 20141119.00
Part D: 44 55  39.3 hPa  95° 51 kt 20141119.00
Part D: 55 66  33.8 hPa  85° 51 kt 20141119.00
Part D: 66 77  25.6 hPa  90° 69 kt 20141119.00
Part D: 77 88  20.6 hPa  95° 78 kt 20141119.00
Part D: 88 99  16.3 hPa  90° 85 kt 20141119.00
Part D: 99 11  14.4 hPa  85° 77 kt 20141119.00
Part D: 11 22  13.4 hPa  95° 71 kt 20141119.00
Part D: 22 33  12.1 hPa 125° 29 kt 20141119.00
Part D: 33 44  11.9 hPa  95° 20 kt 20141119.00
Part D: 44 55  11.6 hPa 355°  9 kt 20141119.00
Part D: 55 66  11.2 hPa 300° 16 kt 20141119.00
Part D: 66 77  10.8 hPa 300° 32 kt 20141119.00
Part D: 77 88   9.9 hPa 265° 40 kt 20141119.00
Part D: 88 99   9.4 hPa 260° 49 kt 20141119.00
Part D: 99 11   8.7 hPa 245° 34 kt 20141119.00
Part D: 11 22   8.1 hPa 250° 45 kt 20141119.00
Part D: 22 33   7.8 hPa 245° 33 kt 20141119.00
Part D: 33 44   7.6 hPa 270° 38 kt 20141119.00
Part D: 44 55   7.4 hPa 270° 44 kt 20141119.00
Part D: 55 66   7.2 hPa 250° 25 kt 20141119.00
Part D: 66 77   7.1 hPa 250° 49 kt 20141119.00
Part A:       100.0 hPa 100° 35 kt 20141119.12
Part C:        70.0 hPa 260° 30 kt 20141119.12
Part D: 11     98.9 hPa 100° 37 kt 20141119.12
Part D: 11 22  97.0 hPa  95° 39 kt 20141119.12
Part D: 22 33  95.1 hPa  90° 35 kt 20141119.12
Part D: 33 44  93.2 hPa  85° 21 kt 20141119.12
Part D: 44 55  91.4 hPa  60°  9 kt 20141119.12
Part D: 55 66  89.5 hPa  25° 13 kt 20141119.12
Part D: 66 77  87.8 hPa  25° 12 kt 20141119.12
Part D: 77 88  86.1 hPa  15°  8 kt 20141119.12
Part D: 88 99  82.9 hPa 185°  5 kt 20141119.12
Part D: 99 11  81.3 hPa 175°  7 kt 20141119.12
Part D: 11 22  78.3 hPa 245° 17 kt 20141119.12
Part D: 22 33  76.7 hPa 245° 21 kt 20141119.12
Part D: 33 44  75.2 hPa 250° 26 kt 20141119.12
Part D: 44 55  73.7 hPa 245° 28 kt 20141119.12
Part D: 55 66  70.3 hPa 255° 31 kt 20141119.12
Part D: 66 77  68.6 hPa 260° 25 kt 20141119.12
Part D: 77 88  67.0 hPa 260° 20 kt 20141119.12
Part D: 88 99  65.4 hPa 250° 16 kt 20141119.12
Part D: 99 11  64.0 hPa 235° 18 kt 20141119.12
Part D: 11 22  62.7 hPa 240° 13 kt 20141119.12
Part D: 22 33  61.6 hPa 265° 14 kt 20141119.12
Part D: 33 44  60.8 hPa 280° 10 kt 20141119.12
Part A:       100.0 hPa  95° 29 kt 20141120.00
Part C:        70.0 hPa 255° 15 kt 20141120.00
Part C:        50.0 hPa  85° 10 kt 20141120.00
Part C:        30.0 hPa  90° 64 kt 20141120.00
Part C:        20.0 hPa  85° 70 kt 20141120.00
Part C:        10.0 hPa 280° 30 kt 20141120.00
Part D: 11     91.8 hPa  20° 18 kt 20141120.00
Part D: 11 22  88.0 hPa 300°  2 kt 20141120.00
Part D: 22 33  84.6 hPa 215°  9 kt 20141120.00
Part D: 33 44  82.9 hPa 245° 18 kt 20141120.00
Part D: 44 55  78.4 hPa 225° 20 kt 20141120.00
Part D: 55 66  74.2 hPa 280° 17 kt 20141120.00
Part D: 66 77  67.2 hPa 235° 14 kt 20141120.00
Part D: 77 88  65.0 hPa 230°  8 kt 20141120.00
Part D: 88 99  64.0 hPa 245°  5 kt 20141120.00
Part D: 99 11  62.9 hPa 285°  7 kt 20141120.00
Part D: 11 22  59.0 hPa  80°  6 kt 20141120.00
Part D: 22 33  53.7 hPa 320°  7 kt 20141120.00
Part D: 33 44  52.0 hPa  15° 11 kt 20141120.00
Part D: 44 55  50.3 hPa  70° 11 kt 20141120.00
Part D: 55 66  47.9 hPa 150°  9 kt 20141120.00
Part D: 66 77  46.4 hPa 115° 13 kt 20141120.00
Part D: 77 88  42.1 hPa  95° 39 kt 20141120.00
Part D: 88 99  40.8 hPa  90° 38 kt 20141120.00
Part D: 99 11  39.4 hPa  95° 47 kt 20141120.00
Part D: 11 22  37.5 hPa  75° 53 kt 20141120.00
Part D: 22 33  32.3 hPa  75° 54 kt 20141120.00
Part D: 33 44  29.7 hPa  90° 64 kt 20141120.00
Part D: 44 55  24.1 hPa  90° 75 kt 20141120.00
Part D: 55 66  12.7 hPa  75° 44 kt 20141120.00
Part D: 66 77  12.3 hPa  60° 36 kt 20141120.00
Part D: 77 88  11.4 hPa  95°  4 kt 20141120.00
Part D: 88 99  11.2 hPa 200°  4 kt 20141120.00
Part D: 99 11  10.5 hPa 305° 30 kt 20141120.00
Part D: 11 22  10.1 hPa 285° 26 kt 20141120.00
Part D: 22 33   9.6 hPa 265° 46 kt 20141120.00
Part D: 33 44   9.1 hPa 245° 32 kt 20141120.00
Part D: 44 55   8.8 hPa 270° 50 kt 20141120.00
Part D: 55 66   8.2 hPa 270° 62 kt 20141120.00
Part D: 66 77   8.0 hPa 270° 56 kt 20141120.00
Part D: 77 88   7.6 hPa 265° 65 kt 20141120.00
Part D: 88 99   7.0 hPa 255° 58 kt 20141120.00
Part D: 99 11   6.9 hPa 250° 51 kt 20141120.00
Part A:       100.0 hPa  70° 21 kt 20141120.12
Part D: 11     97.3 hPa  55° 20 kt 20141120.12
Part D: 11 22  95.5 hPa  55° 21 kt 20141120.12
Part D: 22 33  92.2 hPa  65° 19 kt 20141120.12
Part D: 33 44  88.8 hPa 160° 11 kt 20141120.12
Part D: 44 55  87.1 hPa 170° 14 kt 20141120.12
Part D: 55 66  83.8 hPa 185° 23 kt 20141120.12
Part D: 66 77  82.3 hPa 175° 15 kt 20141120.12
Part D: 77 88  80.8 hPa 190°  7 kt 20141120.12
Part D: 88 99  79.4 hPa 245°  8 kt 20141120.12
Part D: 99 11  77.9 hPa 290°  6 kt 20141120.12
Part D: 11 22  76.4 hPa 305°  7 kt 20141120.12
Part D: 22 33  74.9 hPa 295°  8 kt 20141120.12
Part D: 33 44  73.6 hPa 290°  8 kt 20141120.12
Part D: 44 55  71.0 hPa 265°  8 kt 20141120.12
Part A:       100.0 hPa  60° 24 kt 20141121.00
Part C:        70.0 hPa 265° 19 kt 20141121.00
Part C:        50.0 hPa  80° 14 kt 20141121.00
Part C:        30.0 hPa 110° 72 kt 20141121.00
Part C:        20.0 hPa  95° 63 kt 20141121.00
Part C:        10.0 hPa 260° 38 kt 20141121.00
Part D: 11     91.7 hPa 360°  7 kt 20141121.00
Part D: 11 22  90.1 hPa  20°  6 kt 20141121.00
Part D: 22 33  82.9 hPa 255°  8 kt 20141121.00
Part D: 33 44  78.9 hPa 285° 17 kt 20141121.00
Part D: 44 55  75.0 hPa 265° 12 kt 20141121.00
Part D: 55 66  64.8 hPa 315° 10 kt 20141121.00
Part D: 66 77  59.8 hPa 265°  7 kt 20141121.00
Part D: 77 88  57.7 hPa 330°  2 kt 20141121.00
Part D: 88 99  55.7 hPa 280°  6 kt 20141121.00
Part D: 99 11  53.7 hPa 330°  6 kt 20141121.00
Part D: 11 22  51.9 hPa 350° 14 kt 20141121.00
Part D: 22 33  51.0 hPa  30° 11 kt 20141121.00
Part D: 33 44  49.3 hPa  95° 17 kt 20141121.00
Part D: 44 55  44.4 hPa  80° 51 kt 20141121.00
Part D: 55 66  39.5 hPa  80° 49 kt 20141121.00
Part D: 66 77  35.6 hPa  95° 60 kt 20141121.00
Part D: 77 88  34.4 hPa  95° 54 kt 20141121.00
Part D: 88 99  31.7 hPa 110° 66 kt 20141121.00
Part D: 99 11  29.5 hPa 105° 73 kt 20141121.00
Part D: 11 22  22.8 hPa  90° 69 kt 20141121.00
Part D: 22 33  19.4 hPa  95° 63 kt 20141121.00
Part D: 33 44  17.1 hPa  95° 70 kt 20141121.00
Part D: 44 55  15.3 hPa  75° 62 kt 20141121.00
Part D: 55 66  13.8 hPa  85° 55 kt 20141121.00
Part D: 66 77  12.9 hPa  55° 30 kt 20141121.00
Part D: 77 88  12.5 hPa  45° 37 kt 20141121.00
Part D: 88 99  11.6 hPa  15° 19 kt 20141121.00
Part D: 99 11  11.1 hPa 350° 10 kt 20141121.00
Part D: 11 22  10.7 hPa 330°  6 kt 20141121.00
Part D: 22 33  10.6 hPa 255° 11 kt 20141121.00
Part D: 33 44  10.0 hPa 255° 37 kt 20141121.00
Part D: 44 55   9.9 hPa 270° 40 kt 20141121.00
Part D: 55 66   9.7 hPa 265° 51 kt 20141121.00
Part D: 66 77   9.5 hPa 265° 43 kt 20141121.00
Part D: 77 88   8.7 hPa 260° 56 kt 20141121.00
Part D: 88 99   7.6 hPa 275° 58 kt 20141121.00
Part D: 99 11   6.5 hPa 280° 45 kt 20141121.00
Part D: 11 22   6.3 hPa 265° 75 kt 20141121.00
Part D: 22 33   6.1 hPa 270° 46 kt 20141121.00
Part D: 33 44   5.8 hPa 265° 57 kt 20141121.00
Part D: 44 55   5.7 hPa 250° 50 kt 20141121.00
Part D: 55 66   5.5 hPa 255° 65 kt 20141121.00
Part D: 66 77   5.4 hPa 265° 64 kt 20141121.00
Part A:       100.0 hPa  80° 18 kt 20141121.12
Part C:        70.0 hPa 280°  4 kt 20141121.12
Part C:        50.0 hPa 130° 17 kt 20141121.12
Part C:        30.0 hPa  90° 67 kt 20141121.12
Part C:        20.0 hPa  90° 59 kt 20141121.12
Part C:        10.0 hPa 260° 51 kt 20141121.12
Part D: 11     90.0 hPa  45° 11 kt 20141121.12
Part D: 11 22  86.5 hPa 280°  9 kt 20141121.12
Part D: 22 33  72.5 hPa 225°  9 kt 20141121.12
Part D: 33 44  69.9 hPa 280°  4 kt 20141121.12
Part D: 44 55  68.7 hPa 340°  8 kt 20141121.12
Part D: 55 66  66.4 hPa 325° 15 kt 20141121.12
Part D: 66 77  62.8 hPa 315°  7 kt 20141121.12
Part D: 77 88  61.6 hPa 290°  5 kt 20141121.12
Part D: 88 99  60.5 hPa 215°  8 kt 20141121.12
Part D: 99 11  58.4 hPa 230°  7 kt 20141121.12
Part D: 11 22  56.4 hPa 250°  7 kt 20141121.12
Part D: 22 33  55.4 hPa 185°  3 kt 20141121.12
Part D: 33 44  53.5 hPa 305°  8 kt 20141121.12
Part D: 44 55  52.5 hPa 360°  3 kt 20141121.12
Part D: 55 66  50.5 hPa 130° 18 kt 20141121.12
Part D: 66 77  46.0 hPa  70° 32 kt 20141121.12
Part D: 77 88  44.3 hPa  70° 44 kt 20141121.12
Part D: 88 99  40.5 hPa  95° 42 kt 20141121.12
Part D: 99 11  36.5 hPa 100° 57 kt 20141121.12
Part D: 11 22  30.3 hPa  95° 69 kt 20141121.12
Part D: 22 33  28.9 hPa  90° 60 kt 20141121.12
Part D: 33 44  23.9 hPa  90° 69 kt 20141121.12
Part D: 44 55  22.0 hPa  85° 58 kt 20141121.12
Part D: 55 66  18.0 hPa  95° 65 kt 20141121.12
Part D: 66 77  14.7 hPa  70° 63 kt 20141121.12
Part D: 77 88  13.1 hPa  90° 41 kt 20141121.12
Part D: 88 99  12.6 hPa  85° 33 kt 20141121.12
Part D: 99 11  12.4 hPa 110° 35 kt 20141121.12
Part D: 11 22  11.9 hPa 135° 13 kt 20141121.12
Part D: 22 33  10.7 hPa 260° 55 kt 20141121.12
Part D: 33 44  10.5 hPa 260° 49 kt 20141121.12
Part D: 44 55   8.3 hPa 265° 60 kt 20141121.12
Part D: 55 66   7.8 hPa 275° 35 kt 20141121.12
Part D: 66 77   7.6 hPa 270° 43 kt 20141121.12
Part D: 77 88   7.0 hPa 240° 20 kt 20141121.12
Part D: 88 99   6.9 hPa 220° 21 kt 20141121.12
Part D: 99 11   6.7 hPa 240° 21 kt 20141121.12
Part D: 11 22   6.4 hPa 245° 38 kt 20141121.12
Part D: 22 33   5.9 hPa 265° 34 kt 20141121.12
Part D: 33 44   5.6 hPa 270° 51 kt 20141121.12
Part D: 44 55   5.5 hPa 270° 46 kt 20141121.12
Part A:       100.0 hPa  75° 19 kt 20141122.00
Part C:        70.0 hPa 335°  9 kt 20141122.00
Part C:        50.0 hPa 130° 11 kt 20141122.00
Part C:        30.0 hPa  85° 67 kt 20141122.00
Part C:        20.0 hPa  90° 69 kt 20141122.00
Part C:        10.0 hPa 300° 28 kt 20141122.00
Part D: 11     90.4 hPa 320°  8 kt 20141122.00
Part D: 11 22  86.6 hPa 335° 12 kt 20141122.00
Part D: 22 33  81.9 hPa 310°  7 kt 20141122.00
Part D: 33 44  76.2 hPa 215° 15 kt 20141122.00
Part D: 44 55  75.0 hPa 210°  8 kt 20141122.00
Part D: 55 66  72.5 hPa 330°  3 kt 20141122.00
Part D: 66 77  69.1 hPa 345° 12 kt 20141122.00
Part D: 77 88  66.9 hPa 335°  8 kt 20141122.00
Part D: 88 99  64.6 hPa 360°  8 kt 20141122.00
Part D: 99 11  63.4 hPa 330°  2 kt 20141122.00
Part D: 11 22  62.3 hPa 250°  3 kt 20141122.00
Part D: 22 33  61.2 hPa 240°  9 kt 20141122.00
Part D: 33 44  55.5 hPa 315° 16 kt 20141122.00
Part D: 44 55  53.6 hPa 320°  4 kt 20141122.00
Part D: 55 66  52.7 hPa 135°  6 kt 20141122.00
Part D: 66 77  49.9 hPa 125° 11 kt 20141122.00
Part D: 77 88  46.6 hPa  80° 28 kt 20141122.00
Part D: 88 99  42.2 hPa 100° 41 kt 20141122.00
Part D: 99 11  38.1 hPa 115° 43 kt 20141122.00
Part D: 11 22  34.4 hPa 100° 52 kt 20141122.00
Part D: 22 33  33.3 hPa  95° 53 kt 20141122.00
Part D: 33 44  32.2 hPa  90° 62 kt 20141122.00
Part D: 44 55  24.7 hPa  85° 77 kt 20141122.00
Part D: 55 66  22.3 hPa  90° 68 kt 20141122.00
Part D: 66 77  15.9 hPa 105° 82 kt 20141122.00
Part D: 77 88  14.3 hPa  95° 66 kt 20141122.00
Part D: 88 99  12.8 hPa 115° 22 kt 20141122.00
Part D: 99 11  11.8 hPa 160° 12 kt 20141122.00
Part D: 11 22  11.2 hPa  85°  5 kt 20141122.00
Part D: 22 33  11.0 hPa 345°  9 kt 20141122.00
Part D: 33 44  10.6 hPa 310° 16 kt 20141122.00
Part D: 44 55  10.4 hPa 320° 21 kt 20141122.00
Part D: 55 66   9.5 hPa 280° 31 kt 20141122.00
Part D: 66 77   8.8 hPa 270° 50 kt 20141122.00
Part D: 77 88   8.4 hPa 275° 44 kt 20141122.00
Part D: 88 99   7.3 hPa 250° 24 kt 20141122.00
Part D: 99 11   7.0 hPa 275° 17 kt 20141122.00
Part D: 11 22   6.9 hPa 265° 10 kt 20141122.00
Part D: 22 33   6.5 hPa 265° 60 kt 20141122.00
Part A:       100.0 hPa  90° 13 kt 20141122.12
Part C:        70.0 hPa 300° 12 kt 20141122.12
Part C:        50.0 hPa 100° 23 kt 20141122.12
Part C:        30.0 hPa  85° 67 kt 20141122.12
Part C:        20.0 hPa  95° 78 kt 20141122.12
Part D: 11     98.0 hPa  90° 12 kt 20141122.12
Part D: 11 22  87.4 hPa 360° 10 kt 20141122.12
Part D: 22 33  82.1 hPa 310°  9 kt 20141122.12
Part D: 33 44  80.3 hPa 330°  9 kt 20141122.12
Part D: 44 55  73.4 hPa 285°  3 kt 20141122.12
Part D: 55 66  70.3 hPa 300° 13 kt 20141122.12
Part D: 66 77  67.3 hPa 330° 10 kt 20141122.12
Part D: 77 88  64.5 hPa 285° 16 kt 20141122.12
Part D: 88 99  62.1 hPa 280° 25 kt 20141122.12
Part D: 99 11  53.9 hPa 175° 21 kt 20141122.12
Part D: 11 22  52.9 hPa 150° 18 kt 20141122.12
Part D: 22 33  46.5 hPa  70° 28 kt 20141122.12
Part D: 33 44  42.3 hPa  90° 40 kt 20141122.12
Part D: 44 55  40.7 hPa  85° 34 kt 20141122.12
Part D: 55 66  38.4 hPa  90° 43 kt 20141122.12
Part D: 66 77  37.6 hPa  95° 39 kt 20141122.12
Part D: 77 88  29.6 hPa  85° 69 kt 20141122.12
Part D: 88 99  21.0 hPa 100° 79 kt 20141122.12
Part D: 99 11  17.3 hPa  80° 71 kt 20141122.12
Part D: 11 22  16.7 hPa  85° 77 kt 20141122.12
Part D: 22 33  15.2 hPa 110° 67 kt 20141122.12
Part D: 33 44  14.5 hPa  90° 60 kt 20141122.12
Part D: 44 55  13.8 hPa 105° 26 kt 20141122.12
Part D: 55 66  13.2 hPa 155°  8 kt 20141122.12
Part D: 66 77  12.8 hPa 165° 12 kt 20141122.12
Part A:       100.0 hPa  85° 30 kt 20141123.00
Part C:        70.0 hPa 280°  6 kt 20141123.00
Part C:        50.0 hPa  90° 10 kt 20141123.00
Part C:        30.0 hPa  85° 63 kt 20141123.00
Part C:        20.0 hPa  95° 77 kt 20141123.00
Part C:        10.0 hPa 290° 28 kt 20141123.00
Part D: 11     89.3 hPa  95° 19 kt 20141123.00
Part D: 11 22  84.9 hPa  65° 13 kt 20141123.00
Part D: 22 33  83.3 hPa  75° 12 kt 20141123.00
Part D: 33 44  80.4 hPa 125° 14 kt 20141123.00
Part D: 44 55  77.8 hPa 145°  8 kt 20141123.00
Part D: 55 66  75.5 hPa 195°  8 kt 20141123.00
Part D: 66 77  73.2 hPa 220°  2 kt 20141123.00
Part D: 77 88  72.2 hPa 330°  5 kt 20141123.00
Part D: 88 99  70.9 hPa 325°  9 kt 20141123.00
Part D: 99 11  68.6 hPa 250°  9 kt 20141123.00
Part D: 11 22  65.2 hPa 305°  6 kt 20141123.00
Part D: 22 33  64.1 hPa 275°  8 kt 20141123.00
Part D: 33 44  60.1 hPa 270° 24 kt 20141123.00
Part D: 44 55  54.8 hPa 225° 27 kt 20141123.00
Part D: 55 66  50.5 hPa 110° 10 kt 20141123.00
Part D: 66 77  48.0 hPa  65° 19 kt 20141123.00
Part D: 77 88  44.7 hPa  85° 29 kt 20141123.00
Part D: 88 99  41.8 hPa 110° 39 kt 20141123.00
Part D: 99 11  39.7 hPa  85° 40 kt 20141123.00
Part D: 11 22  38.3 hPa  90° 49 kt 20141123.00
Part D: 22 33  25.6 hPa  95° 66 kt 20141123.00
Part D: 33 44  24.3 hPa  95° 77 kt 20141123.00
Part D: 44 55  15.9 hPa  95° 82 kt 20141123.00
Part D: 55 66  14.6 hPa 100° 62 kt 20141123.00
Part D: 66 77  13.6 hPa 100° 16 kt 20141123.00
Part D: 77 88  13.4 hPa  15°  2 kt 20141123.00
Part D: 88 99  12.9 hPa 310° 17 kt 20141123.00
Part D: 99 11  11.0 hPa 295° 36 kt 20141123.00
Part D: 11 22  10.7 hPa 305° 39 kt 20141123.00
Part D: 22 33  10.3 hPa 320° 22 kt 20141123.00
Part D: 33 44   9.6 hPa 270° 33 kt 20141123.00
Part D: 44 55   9.1 hPa 270° 36 kt 20141123.00
Part D: 55 66   8.3 hPa 260° 13 kt 20141123.00
Part D: 66 77   7.0 hPa 255° 28 kt 20141123.00
Part D: 77 88   6.8 hPa 250° 39 kt 20141123.00
Part A:       100.0 hPa 115° 16 kt 20141123.12
Part D: 11     99.0 hPa 120° 15 kt 20141123.12
Part D: 11 22  97.1 hPa 110° 16 kt 20141123.12
Part D: 22 33  93.7 hPa  85° 19 kt 20141123.12
Part D: 33 44  92.2 hPa  90° 18 kt 20141123.12
Part D: 44 55  88.9 hPa  60°  9 kt 20141123.12
Part D: 55 66  85.4 hPa 315°  8 kt 20141123.12
Part D: 66 77  83.8 hPa 285°  9 kt 20141123.12
Part D: 77 88  80.9 hPa 290°  7 kt 20141123.12
Part D: 88 99  79.4 hPa 250°  4 kt 20141123.12
Part D: 99 11  77.8 hPa 210°  7 kt 20141123.12
Part D: 11 22  76.1 hPa 215°  1 kt 20141123.12
Part D: 22 33  74.2 hPa 310°  8 kt 20141123.12
Part A:       100.0 hPa  75° 19 kt 20141124.12
Part A:       100.0 hPa  70° 40 kt 20141125.00
Part C:        70.0 hPa 275° 24 kt 20141125.00
Part C:        50.0 hPa  45° 20 kt 20141125.00
Part C:        30.0 hPa  95° 57 kt 20141125.00
Part C:        20.0 hPa 100° 68 kt 20141125.00
Part C:        10.0 hPa   5°  6 kt 20141125.00
Part D: 11     93.3 hPa 105° 23 kt 20141125.00
Part D: 11 22  88.9 hPa 130°  9 kt 20141125.00
Part D: 22 33  87.5 hPa 160°  4 kt 20141125.00
Part D: 33 44  84.9 hPa 335°  7 kt 20141125.00
Part D: 44 55  82.2 hPa 250°  8 kt 20141125.00
Part D: 55 66  78.3 hPa 255° 21 kt 20141125.00
Part D: 66 77  75.9 hPa 275° 20 kt 20141125.00
Part D: 77 88  67.2 hPa 260° 23 kt 20141125.00
Part D: 88 99  60.0 hPa 255° 10 kt 20141125.00
Part D: 99 11  58.0 hPa 215° 12 kt 20141125.00
Part D: 11 22  53.3 hPa 355°  2 kt 20141125.00
Part D: 22 33  51.7 hPa  20° 13 kt 20141125.00
Part D: 33 44  48.6 hPa  80° 21 kt 20141125.00
Part D: 44 55  47.0 hPa 100° 30 kt 20141125.00
Part D: 55 66  44.0 hPa  80° 39 kt 20141125.00
Part D: 66 77  41.4 hPa 100° 43 kt 20141125.00
Part D: 77 88  39.4 hPa  90° 47 kt 20141125.00
Part D: 88 99  35.3 hPa 110° 47 kt 20141125.00
Part D: 99 11  31.5 hPa  95° 54 kt 20141125.00
Part D: 11 22  22.0 hPa  90° 70 kt 20141125.00
Part D: 22 33  21.3 hPa 100° 70 kt 20141125.00
Part D: 33 44  15.5 hPa  85° 77 kt 20141125.00
Part D: 44 55  15.0 hPa  90° 81 kt 20141125.00
Part D: 55 66  13.6 hPa  80° 24 kt 20141125.00
Part D: 66 77  13.1 hPa  45° 11 kt 20141125.00
Part D: 77 88  12.6 hPa   5° 12 kt 20141125.00
Part D: 88 99  12.2 hPa 360°  7 kt 20141125.00
Part D: 99 11  11.3 hPa 230° 13 kt 20141125.00
Part D: 11 22  10.9 hPa 240°  9 kt 20141125.00
Part D: 22 33  10.6 hPa 300°  5 kt 20141125.00
Part D: 33 44  10.4 hPa  10°  3 kt 20141125.00
Part D: 44 55  10.2 hPa 340°  7 kt 20141125.00
Part D: 55 66   9.9 hPa 305°  4 kt 20141125.00
Part D: 66 77   9.3 hPa 295° 25 kt 20141125.00
Part D: 77 88   9.1 hPa 315° 25 kt 20141125.00
Part D: 88 99   8.7 hPa 315° 30 kt 20141125.00
Part A:       100.0 hPa  95° 23 kt 20141125.12
Part A:       100.0 hPa 120° 23 kt 20141126.00
Part C:        70.0 hPa 265° 16 kt 20141126.00
Part C:        50.0 hPa 310°  3 kt 20141126.00
Part C:        30.0 hPa  70° 52 kt 20141126.00
Part C:        20.0 hPa  85° 76 kt 20141126.00
Part C:        10.0 hPa 350° 15 kt 20141126.00
Part D: 11     95.2 hPa  85° 29 kt 20141126.00
Part D: 11 22  93.1 hPa  85° 19 kt 20141126.00
Part D: 22 33  89.1 hPa  60° 11 kt 20141126.00
Part D: 33 44  87.1 hPa  55° 14 kt 20141126.00
Part D: 44 55  83.1 hPa 315°  5 kt 20141126.00
Part D: 55 66  81.3 hPa 235°  6 kt 20141126.00
Part D: 66 77  76.4 hPa 275° 10 kt 20141126.00
Part D: 77 88  75.0 hPa 290°  8 kt 20141126.00
Part D: 88 99  72.1 hPa 245° 11 kt 20141126.00
Part D: 99 11  68.2 hPa 280° 20 kt 20141126.00
Part D: 11 22  63.7 hPa 310° 11 kt 20141126.00
Part D: 22 33  61.6 hPa 240°  3 kt 20141126.00
Part D: 33 44  59.6 hPa 200° 12 kt 20141126.00
Part D: 44 55  56.8 hPa 205° 20 kt 20141126.00
Part D: 55 66  52.1 hPa 255°  7 kt 20141126.00
Part D: 66 77  47.8 hPa  95° 13 kt 20141126.00
Part D: 77 88  41.9 hPa  85° 44 kt 20141126.00
Part D: 88 99  39.8 hPa  85° 50 kt 20141126.00
Part D: 99 11  36.7 hPa 105° 46 kt 20141126.00
Part D: 11 22  35.4 hPa  85° 44 kt 20141126.00
Part D: 22 33  34.2 hPa  85° 43 kt 20141126.00
Part D: 33 44  33.1 hPa  85° 46 kt 20141126.00
Part D: 44 55  32.0 hPa  80° 49 kt 20141126.00
Part D: 55 66  30.4 hPa  75° 54 kt 20141126.00
Part D: 66 77  22.2 hPa  90° 74 kt 20141126.00
Part D: 77 88  21.4 hPa  85° 77 kt 20141126.00
Part D: 88 99  16.1 hPa  95° 81 kt 20141126.00
Part D: 99 11  14.4 hPa 100° 85 kt 20141126.00
Part D: 11 22  12.9 hPa  85° 55 kt 20141126.00
Part D: 22 33  11.8 hPa 110° 25 kt 20141126.00
Part D: 33 44  10.8 hPa  15° 19 kt 20141126.00
Part D: 44 55   9.5 hPa 280° 41 kt 20141126.00
Part D: 55 66   9.2 hPa 290° 54 kt 20141126.00
Part D: 66 77   8.3 hPa 290° 62 kt 20141126.00
Part D: 77 88   7.9 hPa 305° 42 kt 20141126.00
Part D: 88 99   7.6 hPa 275° 56 kt 20141126.00
Part D: 99 11   7.2 hPa 275° 35 kt 20141126.00
Part D: 11 22   7.1 hPa 275° 47 kt 20141126.00
Part D: 22 33   6.9 hPa 260° 32 kt 20141126.00
Part D: 33 44   6.8 hPa 250° 34 kt 20141126.00
Part D: 44 55   6.7 hPa 280° 25 kt 20141126.00
Part D: 55 66   6.6 hPa 260°  7 kt 20141126.00
Part D: 66 77   6.4 hPa 210° 15 kt 20141126.00
Part D: 77 88   6.2 hPa 235°  6 kt 20141126.00
Part A:       100.0 hPa  90° 26 kt 20141126.12
Part D: 11     98.4 hPa  90° 25 kt 20141126.12
Part D: 11 22  95.1 hPa  80° 28 kt 20141126.12
Part D: 22 33  93.6 hPa  80° 27 kt 20141126.12
Part D: 33 44  90.7 hPa  95° 39 kt 20141126.12
Part D: 44 55  84.0 hPa 210°  9 kt 20141126.12
Part A:       100.0 hPa  75° 49 kt 20141127.00
Part C:        70.0 hPa 260° 14 kt 20141127.00
Part C:        50.0 hPa 125°  9 kt 20141127.00
Part C:        30.0 hPa  90° 55 kt 20141127.00
Part C:        20.0 hPa  95° 76 kt 20141127.00
Part C:        10.0 hPa 310° 32 kt 20141127.00
Part D: 11     97.8 hPa  70° 53 kt 20141127.00
Part D: 11 22  93.0 hPa  85° 19 kt 20141127.00
Part D: 22 33  90.6 hPa 135°  7 kt 20141127.00
Part D: 33 44  86.0 hPa 270° 18 kt 20141127.00
Part D: 44 55  83.9 hPa 265° 27 kt 20141127.00
Part D: 55 66  78.8 hPa 255° 15 kt 20141127.00
Part D: 66 77  75.5 hPa 215° 13 kt 20141127.00
Part D: 77 88  70.7 hPa 250° 12 kt 20141127.00
Part D: 88 99  67.8 hPa 280° 16 kt 20141127.00
Part D: 99 11  63.7 hPa 265° 20 kt 20141127.00
Part D: 11 22  56.4 hPa 305°  9 kt 20141127.00
Part D: 22 33  54.0 hPa 305°  6 kt 20141127.00
Part D: 33 44  52.9 hPa 150°  7 kt 20141127.00
Part D: 44 55  51.8 hPa 160° 13 kt 20141127.00
Part D: 55 66  49.6 hPa 110°  9 kt 20141127.00
Part D: 66 77  48.6 hPa  65° 19 kt 20141127.00
Part D: 77 88  43.4 hPa  90° 37 kt 20141127.00
Part D: 88 99  39.9 hPa  85° 53 kt 20141127.00
Part D: 99 11  37.5 hPa  95° 45 kt 20141127.00
Part D: 11 22  28.5 hPa  95° 62 kt 20141127.00
Part D: 22 33  22.3 hPa  95° 75 kt 20141127.00
Part D: 33 44  21.2 hPa 100° 75 kt 20141127.00
Part D: 44 55  17.4 hPa  85° 87 kt 20141127.00
Part D: 55 66  17.1 hPa  90° 88 kt 20141127.00
Part D: 66 77  15.9 hPa  95° 82 kt 20141127.00
Part D: 77 88  14.3 hPa 115° 51 kt 20141127.00
Part D: 88 99  13.3 hPa 110° 21 kt 20141127.00
Part D: 99 11  12.2 hPa  60° 12 kt 20141127.00
Part D: 11 22  11.6 hPa  30° 19 kt 20141127.00
Part D: 22 33  11.0 hPa  45° 14 kt 20141127.00
Part D: 33 44  10.8 hPa 355° 12 kt 20141127.00
Part D: 44 55   9.9 hPa 295° 42 kt 20141127.00
Part D: 55 66   9.7 hPa 295° 47 kt 20141127.00
Part D: 66 77   9.4 hPa 260° 36 kt 20141127.00
Part D: 77 88   8.6 hPa 255° 34 kt 20141127.00
Part D: 88 99   7.9 hPa 280° 15 kt 20141127.00
Part D: 99 11   7.7 hPa 200° 14 kt 20141127.00
Part D: 11 22   7.6 hPa 185° 12 kt 20141127.00
Part D: 22 33   7.4 hPa 230°  7 kt 20141127.00
Part D: 33 44   7.3 hPa 275°  9 kt 20141127.00
Part D: 44 55   6.3 hPa 265° 68 kt 20141127.00
Part D: 55 66   6.1 hPa 265° 41 kt 20141127.00
Part D: 66 77   5.8 hPa 250° 50 kt 20141127.00
Part A:       100.0 hPa  90° 36 kt 20141127.12
Part D: 11     99.0 hPa  90° 28 kt 20141127.12
Part D: 11 22  97.2 hPa  80° 19 kt 20141127.12
Part D: 22 33  95.5 hPa  80°  5 kt 20141127.12
Part D: 33 44  93.8 hPa   5°  5 kt 20141127.12
Part D: 44 55  92.2 hPa 300°  9 kt 20141127.12
Part D: 55 66  88.7 hPa 285° 18 kt 20141127.12
Part D: 66 77  87.6 hPa 275° 21 kt 20141127.12
Part A:       100.0 hPa  75° 49 kt 20141128.00
Part C:        70.0 hPa 270°  6 kt 20141128.00
Part D: 11     98.3 hPa  85° 38 kt 20141128.00
Part D: 11 22  96.1 hPa  85° 22 kt 20141128.00
Part D: 22 33  94.2 hPa  95° 16 kt 20141128.00
Part D: 33 44  87.8 hPa   5°  3 kt 20141128.00
Part D: 44 55  86.4 hPa 305°  5 kt 20141128.00
Part D: 55 66  84.9 hPa 305°  9 kt 20141128.00
Part D: 66 77  83.5 hPa 305° 13 kt 20141128.00
Part D: 77 88  80.2 hPa 275° 20 kt 20141128.00
Part D: 88 99  76.7 hPa 275° 21 kt 20141128.00
Part D: 99 11  75.2 hPa 275° 18 kt 20141128.00
Part D: 11 22  73.6 hPa 255° 15 kt 20141128.00
Part D: 22 33  68.9 hPa 215°  4 kt 20141128.00
Part D: 33 44  67.4 hPa 175°  4 kt 20141128.00
Part D: 44 55  65.9 hPa 240°  2 kt 20141128.00
Part D: 55 66  64.6 hPa 235°  3 kt 20141128.00
Part D: 66 77  63.2 hPa 320°  6 kt 20141128.00
Part D: 77 88  61.9 hPa 350° 11 kt 20141128.00
Part D: 88 99  60.7 hPa 355° 11 kt 20141128.00
Part D: 99 11  58.2 hPa 360° 10 kt 20141128.00
Part D: 11 22  57.1 hPa  10° 11 kt 20141128.00
Part D: 22 33  55.3 hPa 335°  3 kt 20141128.00
Part D: 33 44  53.6 hPa 215°  9 kt 20141128.00
Part D: 44 55  53.1 hPa 200° 12 kt 20141128.00
Part A:       100.0 hPa  85° 44 kt 20141128.12
Part C:        70.0 hPa  15°  3 kt 20141128.12
Part C:        50.0 hPa  45°  4 kt 20141128.12
Part C:        30.0 hPa  90° 64 kt 20141128.12
Part C:        20.0 hPa  80° 70 kt 20141128.12
Part C:        10.0 hPa 250° 44 kt 20141128.12
Part D: 11     90.4 hPa 155° 12 kt 20141128.12
Part D: 11 22  84.2 hPa 260° 12 kt 20141128.12
Part D: 22 33  81.4 hPa 265° 20 kt 20141128.12
Part D: 33 44  72.4 hPa 160°  1 kt 20141128.12
Part D: 44 55  64.6 hPa 235°  6 kt 20141128.12
Part D: 55 66  60.7 hPa 175°  3 kt 20141128.12
Part D: 66 77  53.4 hPa 240° 10 kt 20141128.12
Part D: 77 88  51.5 hPa 205°  5 kt 20141128.12
Part D: 88 99  50.6 hPa  70°  3 kt 20141128.12
Part D: 99 11  49.7 hPa  40°  4 kt 20141128.12
Part D: 11 22  44.2 hPa  85° 34 kt 20141128.12
Part D: 22 33  42.9 hPa  80° 43 kt 20141128.12
Part D: 33 44  40.9 hPa 100° 41 kt 20141128.12
Part D: 44 55  35.1 hPa  85° 55 kt 20141128.12
Part D: 55 66  22.9 hPa  95° 70 kt 20141128.12
Part D: 66 77  17.1 hPa  90° 75 kt 20141128.12
Part D: 77 88  16.2 hPa  85° 77 kt 20141128.12
Part D: 88 99  13.8 hPa  95° 33 kt 20141128.12
Part D: 99 11  13.4 hPa 155°  8 kt 20141128.12
Part D: 11 22  12.9 hPa 110° 27 kt 20141128.12
Part D: 22 33  12.4 hPa 150°  9 kt 20141128.12
Part D: 33 44  11.6 hPa 235° 37 kt 20141128.12
Part D: 44 55  10.6 hPa 265° 60 kt 20141128.12
Part D: 55 66   9.5 hPa 265° 54 kt 20141128.12
Part D: 66 77   9.1 hPa 255° 42 kt 20141128.12
Part D: 77 88   8.9 hPa 265° 53 kt 20141128.12
Part D: 88 99   8.5 hPa 275° 38 kt 20141128.12
Part D: 99 11   8.1 hPa 280° 55 kt 20141128.12
Part D: 11 22   7.7 hPa 290° 67 kt 20141128.12
Part D: 22 33   7.5 hPa 270° 49 kt 20141128.12
Part D: 33 44   6.7 hPa 265° 58 kt 20141128.12
Part D: 44 55   6.1 hPa 265° 61 kt 20141128.12
Part A:       100.0 hPa 105° 51 kt 20141129.00
Part C:        70.0 hPa  80°  6 kt 20141129.00
Part C:        50.0 hPa 260° 17 kt 20141129.00
Part C:        30.0 hPa  90° 65 kt 20141129.00
Part C:        20.0 hPa  85° 87 kt 20141129.00
Part C:        10.0 hPa 275° 53 kt 20141129.00
Part D: 11     95.6 hPa 125° 20 kt 20141129.00
Part D: 11 22  93.7 hPa 135° 16 kt 20141129.00
Part D: 22 33  90.5 hPa 235°  5 kt 20141129.00
Part D: 33 44  85.3 hPa 280° 28 kt 20141129.00
Part D: 44 55  77.4 hPa 355°  4 kt 20141129.00
Part D: 55 66  76.2 hPa  45°  6 kt 20141129.00
Part D: 66 77  73.8 hPa  35°  9 kt 20141129.00
Part D: 77 88  71.6 hPa 100°  2 kt 20141129.00
Part D: 88 99  67.5 hPa 115° 10 kt 20141129.00
Part D: 99 11  64.0 hPa 205°  9 kt 20141129.00
Part D: 11 22  55.4 hPa 260° 20 kt 20141129.00
Part D: 22 33  52.6 hPa 255° 19 kt 20141129.00
Part D: 33 44  50.9 hPa 255° 18 kt 20141129.00
Part D: 44 55  48.3 hPa 255°  4 kt 20141129.00
Part D: 55 66  45.9 hPa 105° 22 kt 20141129.00
Part D: 66 77  43.6 hPa  80° 36 kt 20141129.00
Part D: 77 88  39.4 hPa  95° 45 kt 20141129.00
Part D: 88 99  33.7 hPa  90° 55 kt 20141129.00
Part D: 99 11  31.9 hPa  85° 60 kt 20141129.00
Part D: 11 22  28.7 hPa  95° 67 kt 20141129.00
Part D: 22 33  26.8 hPa  95° 80 kt 20141129.00
Part D: 33 44  16.5 hPa  95° 90 kt 20141129.00
Part D: 44 55  16.2 hPa  95° 91 kt 20141129.00
Part D: 55 66  14.9 hPa 105° 27 kt 20141129.00
Part D: 66 77  14.4 hPa 125° 10 kt 20141129.00
Part D: 77 88  13.8 hPa 235° 18 kt 20141129.00
Part D: 88 99  13.4 hPa 245° 32 kt 20141129.00
Part D: 99 11  11.8 hPa 275° 58 kt 20141129.00
Part D: 11 22  11.4 hPa 270° 71 kt 20141129.00
Part D: 22 33  10.1 hPa 275° 55 kt 20141129.00
Part D: 33 44   9.8 hPa 275° 48 kt 20141129.00
Part D: 44 55   9.3 hPa 275° 56 kt 20141129.00
Part D: 55 66   8.2 hPa 290° 36 kt 20141129.00
Part D: 66 77   7.9 hPa 265° 41 kt 20141129.00
Part D: 77 88   7.7 hPa 280° 51 kt 20141129.00
Part D: 88 99   7.4 hPa 290° 47 kt 20141129.00
Part A:       100.0 hPa 105° 25 kt 20141130.00
Part C:        70.0 hPa 220° 17 kt 20141130.00
Part C:        50.0 hPa  25°  5 kt 20141130.00
Part C:        30.0 hPa  85° 57 kt 20141130.00
Part C:        20.0 hPa  90° 67 kt 20141130.00
Part C:        10.0 hPa 280° 29 kt 20141130.00
Part D: 11     96.7 hPa 105° 10 kt 20141130.00
Part D: 11 22  93.1 hPa 285°  1 kt 20141130.00
Part D: 22 33  91.4 hPa 300°  5 kt 20141130.00
Part D: 33 44  89.9 hPa 295° 10 kt 20141130.00
Part D: 44 55  88.3 hPa 345°  6 kt 20141130.00
Part D: 55 66  79.7 hPa  50° 18 kt 20141130.00
Part D: 66 77  78.4 hPa  50° 14 kt 20141130.00
Part D: 77 88  75.7 hPa 160°  4 kt 20141130.00
Part D: 88 99  73.1 hPa 220° 16 kt 20141130.00
Part D: 99 11  68.3 hPa 220° 21 kt 20141130.00
Part D: 11 22  57.1 hPa 295° 21 kt 20141130.00
Part D: 22 33  56.0 hPa 295° 13 kt 20141130.00
Part D: 33 44  55.0 hPa 260°  4 kt 20141130.00
Part D: 44 55  46.1 hPa  70° 34 kt 20141130.00
Part D: 55 66  44.7 hPa  70° 38 kt 20141130.00
Part D: 66 77  42.5 hPa  90° 48 kt 20141130.00
Part D: 77 88  41.1 hPa  85° 45 kt 20141130.00
Part D: 88 99  39.7 hPa  85° 49 kt 20141130.00
Part D: 99 11  38.4 hPa  70° 50 kt 20141130.00
Part D: 11 22  35.9 hPa  90° 48 kt 20141130.00
Part D: 22 33  31.9 hPa  95° 61 kt 20141130.00
Part D: 33 44  29.8 hPa  85° 56 kt 20141130.00
Part D: 44 55  27.3 hPa  95° 67 kt 20141130.00
Part D: 55 66  16.2 hPa  75° 73 kt 20141130.00
Part D: 66 77  14.4 hPa  95° 29 kt 20141130.00
Part D: 77 88  13.9 hPa 160°  3 kt 20141130.00
Part D: 88 99  13.7 hPa 265°  9 kt 20141130.00
Part D: 99 11  12.2 hPa 270° 32 kt 20141130.00
Part D: 11 22  11.5 hPa 280° 22 kt 20141130.00
Part D: 22 33  11.3 hPa 315° 20 kt 20141130.00
Part D: 33 44  10.9 hPa 280° 18 kt 20141130.00
Part D: 44 55   9.4 hPa 280° 38 kt 20141130.00
Part D: 55 66   9.2 hPa 260° 32 kt 20141130.00
Part D: 66 77   8.7 hPa 285° 23 kt 20141130.00
Part D: 77 88   8.4 hPa 300° 30 kt 20141130.00
Part D: 88 99   8.1 hPa 280° 41 kt 20141130.00
Part D: 99 11   7.9 hPa 320° 26 kt 20141130.00
Part D: 11 22   7.7 hPa 325° 25 kt 20141130.00
Part D: 22 33   7.6 hPa 295° 33 kt 20141130.00
Part D: 33 44   7.3 hPa 295° 49 kt 20141130.00
Part D: 44 55   6.8 hPa 280° 25 kt 20141130.00
Part A:       100.0 hPa 170°  5 kt 20141130.12
Part C:        70.0 hPa 275° 12 kt 20141130.12
Part C:        50.0 hPa  60° 15 kt 20141130.12
Part D: 11     95.5 hPa 245° 19 kt 20141130.12
Part D: 11 22  92.5 hPa 275° 17 kt 20141130.12
Part D: 22 33  87.7 hPa 265°  3 kt 20141130.12
Part D: 33 44  86.1 hPa  20°  2 kt 20141130.12
Part D: 44 55  84.7 hPa  80°  8 kt 20141130.12
Part D: 55 66  82.1 hPa  95° 12 kt 20141130.12
Part D: 66 77  79.6 hPa 125° 14 kt 20141130.12
Part D: 77 88  76.2 hPa 170°  7 kt 20141130.12
Part D: 88 99  68.5 hPa 300° 22 kt 20141130.12
Part D: 99 11  64.4 hPa 280° 30 kt 20141130.12
Part D: 11 22  57.0 hPa 315° 16 kt 20141130.12
Part D: 22 33  55.2 hPa   5° 14 kt 20141130.12
Part D: 33 44  52.6 hPa  90°  8 kt 20141130.12
Part D: 44 55  51.6 hPa  60°  9 kt 20141130.12
Part D: 55 66  50.0 hPa  60° 15 kt 20141130.12
Part D: 66 77  48.3 hPa  85° 16 kt 20141130.12
Part D: 77 88  47.5 hPa  95° 22 kt 20141130.12
Part D: 88 99  45.9 hPa  90° 29 kt 20141130.12
Part D: 99 11  44.5 hPa  95° 34 kt 20141130.12
Part D: 11 22  43.7 hPa  95° 31 kt 20141130.12
Part D: 22 33  41.4 hPa  90° 44 kt 20141130.12
Part D: 33 44  38.0 hPa 100° 52 kt 20141130.12
Part D: 44 55  33.8 hPa  85° 54 kt 20141130.12
Interpoliere die QBO aus den RS Daten
 Jahr:        2014 Date:        1411
 Filepath: 
 ./qbo_data_new/qbo.dat
