Pararmeterliste beim QBO Aufruf:  -g -w -a 2014.09 --
2014.09
Kopiere RS Daten aus dem Archiv
 TTCC  51001 48698                                                                                                                                                                                                                                               
 8                                                                                                                                                                                                                                               
 TTCC 5111/ 48698 NIL=                                                                                                                                                                                                                                           
 =                                                                                                                                                                                                                                           
 TTCC  52001 48698                                                                                                                                                                                                                                               
 8                                                                                                                                                                                                                                               
 TTCC 5211/ 48698 NIL=                                                                                                                                                                                                                                           
 =                                                                                                                                                                                                                                           
 TTCC  53001 48698                                                                                                                                                                                                                                               
 8                                                                                                                                                                                                                                               
 TTCC 5311/ 48698 NIL=                                                                                                                                                                                                                                           
 =                                                                                                                                                                                                                                           
 TTCC  54001 48698                                                                                                                                                                                                                                               
 8                                                                                                                                                                                                                                               
 TTCC 5411/ 48698 NIL=                                                                                                                                                                                                                                           
 =                                                                                                                                                                                                                                           
 TTCC  5500/ 48698                                                                                                                                                                                                                                               
 8                                                                                                                                                                                                                                               
 TTCC 5511/ 48698 NIL=                                                                                                                                                                                                                                           
 =                                                                                                                                                                                                                                           
 TTCC  56001 48698                                                                                                                                                                                                                                               
 8                                                                                                                                                                                                                                               
 TTCC 5611/ 48698 NIL=                                                                                                                                                                                                                                           
 =                                                                                                                                                                                                                                           
 TTCC  57001 48698                                                                                                                                                                                                                                               
 8                                                                                                                                                                                                                                               
 TTCC 5711/ 48698 NIL=                                                                                                                                                                                                                                           
 =                                                                                                                                                                                                                                           
 TTCC  58001 48698                                                                                                                                                                                                                                               
 8                                                                                                                                                                                                                                               
 TTCC 5811/ 48698 NIL=                                                                                                                                                                                                                                           
 =                                                                                                                                                                                                                                           
 TTCC  59001 48698                                                                                                                                                                                                                                               
 8                                                                                                                                                                                                                                               
 TTCC 5911/ 48698 NIL=                                                                                                                                                                                                                                           
 =                                                                                                                                                                                                                                           
 TTCC  60002 48698                                                                                                                                                                                                                                               
 8                                                                                                                                                                                                                                               
 TTCC 6011/ 48698 NIL=                                                                                                                                                                                                                                           
 =                                                                                                                                                                                                                                           
 TTCC  61001 48698                                                                                                                                                                                                                                               
 8                                                                                                                                                                                                                                               
 TTCC 6111/ 48698 NIL=                                                                                                                                                                                                                                           
 =                                                                                                                                                                                                                                           
 TTCC  62001 48698                                                                                                                                                                                                                                               
 8                                                                                                                                                                                                                                               
 TTCC 6211/ 48698 NIL=                                                                                                                                                                                                                                           
 =                                                                                                                                                                                                                                           
 TTCC  63002 48698                                                                                                                                                                                                                                               
 8                                                                                                                                                                                                                                               
 TTCC 6311/ 48698 NIL=                                                                                                                                                                                                                                           
 =                                                                                                                                                                                                                                           
 TTCC  64001 48698                                                                                                                                                                                                                                               
 8                                                                                                                                                                                                                                               
 TTCC 6411/ 48698 NIL=                                                                                                                                                                                                                                           
 =                                                                                                                                                                                                                                           
 TTCC  65001 48698                                                                                                                                                                                                                                               
 8                                                                                                                                                                                                                                               
 TTCC 6511/ 48698 NIL=                                                                                                                                                                                                                                           
 =                                                                                                                                                                                                                                           
 TTCC  66001 48698                                                                                                                                                                                                                                               
 8                                                                                                                                                                                                                                               
 TTCC 6611/ 48698 NIL=                                                                                                                                                                                                                                           
 =                                                                                                                                                                                                                                           
 TTCC  67001 48698                                                                                                                                                                                                                                               
 8                                                                                                                                                                                                                                               
 TTCC 6711/ 48698 NIL=                                                                                                                                                                                                                                           
 =                                                                                                                                                                                                                                           
 TTCC  6800/ 48698                                                                                                                                                                                                                                               
 8                                                                                                                                                                                                                                               
 TTCC 6811/ 48698 NIL=                                                                                                                                                                                                                                           
 =                                                                                                                                                                                                                                           
 TTCC  69001 48698                                                                                                                                                                                                                                               
 8                                                                                                                                                                                                                                               
 TTCC 6911/ 48698 NIL=                                                                                                                                                                                                                                           
 =                                                                                                                                                                                                                                           
 TTCC  7000/ 48698                                                                                                                                                                                                                                               
 8                                                                                                                                                                                                                                               
 TTCC 7011/ 48698 NIL=                                                                                                                                                                                                                                           
 =                                                                                                                                                                                                                                           
 TTCC  71002 48698                                                                                                                                                                                                                                               
 8                                                                                                                                                                                                                                               
 TTCC 7111/ 48698 NIL=                                                                                                                                                                                                                                           
 =                                                                                                                                                                                                                                           
 TTCC  72001 48698                                                                                                                                                                                                                                               
 8                                                                                                                                                                                                                                               
 TTCC 7211/ 48698 NIL=                                                                                                                                                                                                                                           
 =                                                                                                                                                                                                                                           
 TTCC  73001 48698                                                                                                                                                                                                                                               
 8                                                                                                                                                                                                                                               
 TTCC 7311/ 48698 NIL=                                                                                                                                                                                                                                           
 =                                                                                                                                                                                                                                           
 TTCC  74001 48698                                                                                                                                                                                                                                               
 8                                                                                                                                                                                                                                               
 TTCC 7411/ 48698 NIL=                                                                                                                                                                                                                                           
 =                                                                                                                                                                                                                                           
 TTCC  75001 48698                                                                                                                                                                                                                                               
 8                                                                                                                                                                                                                                               
 TTCC 7511/ 48698 NIL=                                                                                                                                                                                                                                           
 =                                                                                                                                                                                                                                           
 TTCC  76001 48698                                                                                                                                                                                                                                               
 8                                                                                                                                                                                                                                               
 TTCC 7611/ 48698 NIL=                                                                                                                                                                                                                                           
 =                                                                                                                                                                                                                                           
 TTCC  7700/ 48698                                                                                                                                                                                                                                               
 8                                                                                                                                                                                                                                               
 TTCC 7711/ 48698 NIL=                                                                                                                                                                                                                                           
 =                                                                                                                                                                                                                                           
 TTCC  78001 48698                                                                                                                                                                                                                                               
 8                                                                                                                                                                                                                                               
 TTCC 7811/ 48698 NIL=                                                                                                                                                                                                                                           
 =                                                                                                                                                                                                                                           
 TTCC  79001 48698                                                                                                                                                                                                                                               
 8                                                                                                                                                                                                                                               
 TTCC 7911/ 48698 NIL=                                                                                                                                                                                                                                           
 =                                                                                                                                                                                                                                           
 TTCC  80001 48698                                                                                                                                                                                                                                               
 8                                                                                                                                                                                                                                               
 TTCC 8011/ 48698 NIL=                                                                                                                                                                                                                                           
 =                                                                                                                                                                                                                                           
Parse RS Daten
Part A:       100.0 hPa 265° 32 kt 20140901.00
Part C:        70.0 hPa 270° 19 kt 20140901.00
Part C:        50.0 hPa 250° 23 kt 20140901.00
Part C:        30.0 hPa  90° 54 kt 20140901.00
Part C:        20.0 hPa  95° 62 kt 20140901.00
Part C:        10.0 hPa  90° 66 kt 20140901.00
Part D: 11     93.8 hPa 240° 17 kt 20140901.00
Part D: 11 22  90.7 hPa 225°  7 kt 20140901.00
Part D: 22 33  87.7 hPa 260° 13 kt 20140901.00
Part D: 33 44  78.2 hPa 305° 25 kt 20140901.00
Part D: 44 55  71.9 hPa 300° 16 kt 20140901.00
Part D: 55 66  68.4 hPa 270° 21 kt 20140901.00
Part D: 66 77  63.2 hPa 300° 18 kt 20140901.00
Part D: 77 88  62.1 hPa 310° 14 kt 20140901.00
Part D: 88 99  59.9 hPa 275° 13 kt 20140901.00
Part D: 99 11  57.9 hPa 265° 20 kt 20140901.00
Part D: 11 22  56.9 hPa 275° 16 kt 20140901.00
Part D: 22 33  54.9 hPa 240° 15 kt 20140901.00
Part D: 33 44  53.1 hPa 230° 13 kt 20140901.00
Part D: 44 55  51.3 hPa 250° 19 kt 20140901.00
Part D: 55 66  49.6 hPa 250° 24 kt 20140901.00
Part D: 66 77  48.7 hPa 255° 18 kt 20140901.00
Part D: 77 88  45.4 hPa  35°  1 kt 20140901.00
Part D: 88 99  42.3 hPa  50° 12 kt 20140901.00
Part D: 99 11  40.8 hPa  60° 13 kt 20140901.00
Part D: 11 22  40.1 hPa  50° 15 kt 20140901.00
Part D: 22 33  38.7 hPa  90° 20 kt 20140901.00
Part D: 33 44  37.4 hPa  80° 33 kt 20140901.00
Part D: 44 55  33.5 hPa  95° 50 kt 20140901.00
Part D: 55 66  29.0 hPa  95° 57 kt 20140901.00
Part D: 66 77  25.5 hPa  95° 68 kt 20140901.00
Part D: 77 88  21.9 hPa 105° 61 kt 20140901.00
Part D: 88 99  15.6 hPa  75° 54 kt 20140901.00
Part D: 99 11  11.5 hPa  85° 61 kt 20140901.00
Part D: 11 22  10.4 hPa  85° 70 kt 20140901.00
Part D: 22 33   9.4 hPa  90° 53 kt 20140901.00
Part D: 33 44   7.4 hPa  85° 60 kt 20140901.00
Part D: 44 55   6.9 hPa  75° 44 kt 20140901.00
Part D: 55 66   6.8 hPa  60° 29 kt 20140901.00
Part D: 66 77   6.6 hPa  90° 29 kt 20140901.00
Part D: 77 88   6.5 hPa  75° 40 kt 20140901.00
Part D: 88 99   6.4 hPa  75° 27 kt 20140901.00
Part A:       100.0 hPa 300° 24 kt 20140902.00
Part C:        70.0 hPa 265° 26 kt 20140902.00
Part C:        50.0 hPa 285° 22 kt 20140902.00
Part C:        30.0 hPa  85° 60 kt 20140902.00
Part C:        20.0 hPa  90° 63 kt 20140902.00
Part C:        10.0 hPa  85° 70 kt 20140902.00
Part D: 11     94.9 hPa 305° 12 kt 20140902.00
Part D: 11 22  87.3 hPa 260° 10 kt 20140902.00
Part D: 22 33  84.6 hPa 280° 11 kt 20140902.00
Part D: 33 44  82.0 hPa 270° 12 kt 20140902.00
Part D: 44 55  76.9 hPa 250°  2 kt 20140902.00
Part D: 55 66  69.5 hPa 270° 27 kt 20140902.00
Part D: 66 77  64.1 hPa 305° 16 kt 20140902.00
Part D: 77 88  62.1 hPa 305° 13 kt 20140902.00
Part D: 88 99  61.1 hPa 285° 17 kt 20140902.00
Part D: 99 11  59.2 hPa 295° 21 kt 20140902.00
Part D: 11 22  55.5 hPa 270° 16 kt 20140902.00
Part D: 22 33  53.0 hPa 270° 27 kt 20140902.00
Part D: 33 44  50.5 hPa 285° 23 kt 20140902.00
Part D: 44 55  48.9 hPa 280° 20 kt 20140902.00
Part D: 55 66  45.7 hPa 315° 12 kt 20140902.00
Part D: 66 77  44.1 hPa 355° 12 kt 20140902.00
Part D: 77 88  43.4 hPa  15° 12 kt 20140902.00
Part D: 88 99  42.6 hPa   5° 10 kt 20140902.00
Part D: 99 11  37.8 hPa 105° 36 kt 20140902.00
Part D: 11 22  32.9 hPa  90° 59 kt 20140902.00
Part D: 22 33  31.8 hPa  80° 59 kt 20140902.00
Part D: 33 44  24.7 hPa  90° 67 kt 20140902.00
Part D: 44 55  22.5 hPa  90° 59 kt 20140902.00
Part D: 55 66  21.4 hPa  90° 69 kt 20140902.00
Part D: 66 77  17.7 hPa 100° 59 kt 20140902.00
Part D: 77 88  12.5 hPa  85° 71 kt 20140902.00
Part D: 88 99  11.8 hPa  95° 64 kt 20140902.00
Part D: 99 11   9.8 hPa  85° 72 kt 20140902.00
Part D: 11 22   8.4 hPa  85° 65 kt 20140902.00
Part D: 22 33   7.2 hPa  65° 43 kt 20140902.00
Part D: 33 44   7.1 hPa  60° 46 kt 20140902.00
Part A:       100.0 hPa  55°  4 kt 20140903.00
Part C:        70.0 hPa 260° 16 kt 20140903.00
Part C:        50.0 hPa  10°  3 kt 20140903.00
Part C:        30.0 hPa  90° 55 kt 20140903.00
Part C:        20.0 hPa  90° 54 kt 20140903.00
Part C:        10.0 hPa  85° 76 kt 20140903.00
Part D: 11     97.6 hPa 180°  3 kt 20140903.00
Part D: 11 22  93.8 hPa 170°  3 kt 20140903.00
Part D: 22 33  92.0 hPa 245°  3 kt 20140903.00
Part D: 33 44  90.4 hPa 190°  3 kt 20140903.00
Part D: 44 55  85.9 hPa 250° 13 kt 20140903.00
Part D: 55 66  83.1 hPa 260° 10 kt 20140903.00
Part D: 66 77  80.4 hPa 295°  3 kt 20140903.00
Part D: 77 88  79.1 hPa 245° 11 kt 20140903.00
Part D: 88 99  75.3 hPa 260° 27 kt 20140903.00
Part D: 99 11  68.9 hPa 270° 13 kt 20140903.00
Part D: 11 22  64.9 hPa  45°  2 kt 20140903.00
Part D: 22 33  63.0 hPa 220°  9 kt 20140903.00
Part D: 33 44  59.8 hPa 245° 17 kt 20140903.00
Part D: 44 55  55.7 hPa 255° 26 kt 20140903.00
Part D: 55 66  53.7 hPa 240° 15 kt 20140903.00
Part D: 66 77  51.0 hPa 330°  4 kt 20140903.00
Part D: 77 88  50.1 hPa  15°  3 kt 20140903.00
Part D: 88 99  46.0 hPa 100° 15 kt 20140903.00
Part D: 99 11  41.4 hPa 140° 32 kt 20140903.00
Part D: 11 22  36.5 hPa  90° 49 kt 20140903.00
Part D: 22 33  32.2 hPa  95° 53 kt 20140903.00
Part D: 33 44  31.1 hPa  95° 53 kt 20140903.00
Part D: 44 55  30.1 hPa  90° 55 kt 20140903.00
Part D: 55 66  28.5 hPa  85° 62 kt 20140903.00
Part D: 66 77  25.9 hPa  80° 68 kt 20140903.00
Part D: 77 88  25.0 hPa  85° 72 kt 20140903.00
Part D: 88 99  20.9 hPa  95° 55 kt 20140903.00
Part D: 99 11  15.5 hPa  90° 71 kt 20140903.00
Part D: 11 22  14.2 hPa  85° 77 kt 20140903.00
Part D: 22 33  12.8 hPa  85° 70 kt 20140903.00
Part D: 33 44   7.9 hPa  90° 86 kt 20140903.00
Part D: 44 55   7.3 hPa  95° 52 kt 20140903.00
Part D: 55 66   7.1 hPa 100° 55 kt 20140903.00
Part D: 66 77   6.8 hPa  70° 51 kt 20140903.00
Part A:       100.0 hPa 110°  9 kt 20140904.00
Part C:        70.0 hPa 230° 25 kt 20140904.00
Part C:        50.0 hPa 315° 10 kt 20140904.00
Part C:        30.0 hPa  95° 65 kt 20140904.00
Part C:        20.0 hPa  95° 59 kt 20140904.00
Part C:        10.0 hPa  95° 85 kt 20140904.00
Part D: 11     98.2 hPa 150°  8 kt 20140904.00
Part D: 11 22  89.3 hPa 215° 20 kt 20140904.00
Part D: 22 33  85.2 hPa 250° 27 kt 20140904.00
Part D: 33 44  71.5 hPa 230° 20 kt 20140904.00
Part D: 44 55  70.5 hPa 230° 28 kt 20140904.00
Part D: 55 66  66.6 hPa 235° 12 kt 20140904.00
Part D: 66 77  64.7 hPa 265° 17 kt 20140904.00
Part D: 77 88  61.2 hPa 275° 28 kt 20140904.00
Part D: 88 99  58.4 hPa 275° 35 kt 20140904.00
Part D: 99 11  54.1 hPa 275° 25 kt 20140904.00
Part D: 11 22  51.6 hPa 280° 14 kt 20140904.00
Part D: 22 33  50.2 hPa 320° 10 kt 20140904.00
Part D: 33 44  49.4 hPa 295°  9 kt 20140904.00
Part D: 44 55  47.9 hPa 280°  7 kt 20140904.00
Part D: 55 66  47.2 hPa 255°  8 kt 20140904.00
Part D: 66 77  45.8 hPa 235°  5 kt 20140904.00
Part D: 77 88  44.4 hPa 265°  2 kt 20140904.00
Part D: 88 99  42.4 hPa  75° 16 kt 20140904.00
Part D: 99 11  41.7 hPa  80°  8 kt 20140904.00
Part D: 11 22  38.5 hPa  55° 35 kt 20140904.00
Part D: 22 33  36.1 hPa  70° 38 kt 20140904.00
Part D: 33 44  32.9 hPa  85° 64 kt 20140904.00
Part D: 44 55  26.8 hPa  90° 72 kt 20140904.00
Part D: 55 66  24.7 hPa  95° 63 kt 20140904.00
Part D: 66 77  23.1 hPa  95° 75 kt 20140904.00
Part D: 77 88  19.7 hPa  90° 48 kt 20140904.00
Part D: 88 99  19.0 hPa  90° 65 kt 20140904.00
Part D: 99 11  17.5 hPa 105° 65 kt 20140904.00
Part D: 11 22  17.1 hPa 100° 71 kt 20140904.00
Part D: 22 33  16.5 hPa 100° 62 kt 20140904.00
Part D: 33 44  15.2 hPa  95° 76 kt 20140904.00
Part D: 44 55  12.8 hPa  80° 78 kt 20140904.00
Part D: 55 66  11.4 hPa  80° 64 kt 20140904.00
Part D: 66 77  10.8 hPa  85° 79 kt 20140904.00
Part D: 77 88  10.3 hPa  95° 85 kt 20140904.00
Part D: 88 99   9.8 hPa  95° 85 kt 20140904.00
Part D: 99 11   9.6 hPa 105° 74 kt 20140904.00
Part D: 11 22   9.3 hPa  90° 80 kt 20140904.00
Part D: 22 33   8.8 hPa  95° 68 kt 20140904.00
Part D: 33 44   8.0 hPa  90° 75 kt 20140904.00
Part D: 44 55   7.3 hPa  80° 49 kt 20140904.00
Part D: 55 66   6.3 hPa 145° 22 kt 20140904.00
Part D: 66 77   6.2 hPa 135° 22 kt 20140904.00
Part D: 77 88   5.9 hPa 155° 13 kt 20140904.00
Part A:       100.0 hPa   5°  7 kt 20140905.00
Part A:       100.0 hPa 295° 17 kt 20140906.00
Part C:        70.0 hPa 305° 24 kt 20140906.00
Part C:        50.0 hPa 255° 15 kt 20140906.00
Part C:        30.0 hPa  95° 73 kt 20140906.00
Part C:        20.0 hPa  90° 62 kt 20140906.00
Part C:        10.0 hPa  90° 66 kt 20140906.00
Part D: 11     93.8 hPa 265° 33 kt 20140906.00
Part D: 11 22  87.2 hPa 300° 17 kt 20140906.00
Part D: 22 33  84.4 hPa 280° 25 kt 20140906.00
Part D: 33 44  81.7 hPa 290° 25 kt 20140906.00
Part D: 44 55  78.0 hPa 280° 25 kt 20140906.00
Part D: 55 66  71.9 hPa 290° 22 kt 20140906.00
Part D: 66 77  68.4 hPa 325° 24 kt 20140906.00
Part D: 77 88  64.2 hPa 295° 23 kt 20140906.00
Part D: 88 99  55.5 hPa 300°  4 kt 20140906.00
Part D: 99 11  53.7 hPa 235° 11 kt 20140906.00
Part D: 11 22  50.4 hPa 270° 14 kt 20140906.00
Part D: 22 33  48.8 hPa 250° 20 kt 20140906.00
Part D: 33 44  43.2 hPa  50°  1 kt 20140906.00
Part D: 44 55  42.5 hPa 155°  4 kt 20140906.00
Part D: 55 66  40.4 hPa 120° 11 kt 20140906.00
Part D: 66 77  35.2 hPa 100° 56 kt 20140906.00
Part D: 77 88  33.4 hPa  90° 70 kt 20140906.00
Part D: 88 99  31.7 hPa  95° 74 kt 20140906.00
Part D: 99 11  25.6 hPa  85° 69 kt 20140906.00
Part D: 11 22  13.3 hPa  85° 58 kt 20140906.00
Part D: 22 33   9.8 hPa  80° 62 kt 20140906.00
Part D: 33 44   9.2 hPa  85° 57 kt 20140906.00
Part D: 44 55   8.7 hPa  80° 45 kt 20140906.00
Part D: 55 66   8.6 hPa  80° 54 kt 20140906.00
Part D: 66 77   7.8 hPa 100° 42 kt 20140906.00
Part D: 77 88   7.4 hPa 105° 35 kt 20140906.00
Part D: 88 99   7.2 hPa 105° 42 kt 20140906.00
Part D: 99 11   7.1 hPa 110° 32 kt 20140906.00
Part D: 11 22   6.9 hPa  85° 32 kt 20140906.00
Part A:       100.0 hPa 240° 21 kt 20140907.00
Part C:        70.0 hPa 255° 35 kt 20140907.00
Part C:        50.0 hPa 215° 15 kt 20140907.00
Part C:        30.0 hPa  85° 66 kt 20140907.00
Part C:        20.0 hPa 110° 58 kt 20140907.00
Part C:        10.0 hPa  85° 57 kt 20140907.00
Part D: 11     95.0 hPa 260° 22 kt 20140907.00
Part D: 11 22  86.6 hPa 245°  6 kt 20140907.00
Part D: 22 33  82.7 hPa 265° 14 kt 20140907.00
Part D: 33 44  77.8 hPa 245° 13 kt 20140907.00
Part D: 44 55  75.5 hPa 270° 20 kt 20140907.00
Part D: 55 66  63.8 hPa 240° 36 kt 20140907.00
Part D: 66 77  61.8 hPa 245° 35 kt 20140907.00
Part D: 77 88  59.7 hPa 255° 29 kt 20140907.00
Part D: 88 99  57.8 hPa 255° 19 kt 20140907.00
Part D: 99 11  56.0 hPa 245° 17 kt 20140907.00
Part D: 11 22  55.1 hPa 255° 15 kt 20140907.00
Part D: 22 33  53.4 hPa 235° 15 kt 20140907.00
Part D: 33 44  51.7 hPa 220° 10 kt 20140907.00
Part D: 44 55  50.1 hPa 215° 14 kt 20140907.00
Part D: 55 66  49.3 hPa 240° 17 kt 20140907.00
Part D: 66 77  47.8 hPa 240° 10 kt 20140907.00
Part D: 77 88  47.1 hPa 195°  7 kt 20140907.00
Part D: 88 99  45.6 hPa 150°  7 kt 20140907.00
Part D: 99 11  42.1 hPa 120° 25 kt 20140907.00
Part D: 11 22  38.8 hPa  70° 44 kt 20140907.00
Part D: 22 33  35.1 hPa  85° 56 kt 20140907.00
Part D: 33 44  30.7 hPa  85° 69 kt 20140907.00
Part D: 44 55  19.8 hPa 105° 57 kt 20140907.00
Part D: 55 66  11.8 hPa  90° 52 kt 20140907.00
Part D: 66 77   9.1 hPa  80° 63 kt 20140907.00
Part D: 77 88   8.8 hPa  80° 57 kt 20140907.00
Part D: 88 99   7.9 hPa  95° 63 kt 20140907.00
Part D: 99 11   7.2 hPa 110° 32 kt 20140907.00
Part D: 11 22   6.6 hPa 140° 29 kt 20140907.00
Part D: 22 33   6.1 hPa  60° 13 kt 20140907.00
Part D: 33 44   6.0 hPa  75°  8 kt 20140907.00
Part D: 44 55   5.9 hPa 265°  8 kt 20140907.00
Part D: 55 66   5.7 hPa  60° 13 kt 20140907.00
Part D: 66 77   5.5 hPa  45° 22 kt 20140907.00
Part A:       100.0 hPa 270° 19 kt 20140908.00
Part C:        70.0 hPa 265° 32 kt 20140908.00
Part C:        50.0 hPa 270° 10 kt 20140908.00
Part C:        30.0 hPa  95° 64 kt 20140908.00
Part C:        20.0 hPa  85° 67 kt 20140908.00
Part C:        10.0 hPa 100° 63 kt 20140908.00
Part D: 11     94.4 hPa 250° 12 kt 20140908.00
Part D: 11 22  89.0 hPa 230° 17 kt 20140908.00
Part D: 22 33  82.1 hPa 305° 10 kt 20140908.00
Part D: 33 44  77.9 hPa 265° 32 kt 20140908.00
Part D: 44 55  75.3 hPa 270° 43 kt 20140908.00
Part D: 55 66  60.9 hPa 310° 11 kt 20140908.00
Part D: 66 77  59.0 hPa 270° 14 kt 20140908.00
Part D: 77 88  57.1 hPa 255° 15 kt 20140908.00
Part D: 88 99  50.2 hPa 275° 10 kt 20140908.00
Part D: 99 11  47.7 hPa  45°  1 kt 20140908.00
Part D: 11 22  46.9 hPa  80°  4 kt 20140908.00
Part D: 22 33  46.1 hPa 135°  2 kt 20140908.00
Part D: 33 44  45.3 hPa 115°  6 kt 20140908.00
Part D: 44 55  41.7 hPa  75° 14 kt 20140908.00
Part D: 55 66  40.4 hPa 105° 16 kt 20140908.00
Part D: 66 77  38.3 hPa  90° 28 kt 20140908.00
Part D: 77 88  34.6 hPa  80° 53 kt 20140908.00
Part D: 88 99  31.8 hPa  95° 64 kt 20140908.00
Part D: 99 11  16.1 hPa  80° 56 kt 20140908.00
Part D: 11 22  12.2 hPa  85° 63 kt 20140908.00
Part D: 22 33  10.0 hPa 100° 63 kt 20140908.00
Part D: 33 44   8.3 hPa 105° 69 kt 20140908.00
Part D: 44 55   7.5 hPa  65° 44 kt 20140908.00
Part D: 55 66   7.2 hPa  45° 45 kt 20140908.00
Part D: 66 77   6.9 hPa  85° 26 kt 20140908.00
Part D: 77 88   6.7 hPa  95° 29 kt 20140908.00
Part D: 88 99   6.6 hPa  75° 29 kt 20140908.00
Part D: 99 11   6.4 hPa  80° 19 kt 20140908.00
Part D: 11 22   6.3 hPa 120°  8 kt 20140908.00
Part A:       100.0 hPa 275° 15 kt 20140909.00
Part C:        70.0 hPa 265° 19 kt 20140909.00
Part C:        50.0 hPa 220°  7 kt 20140909.00
Part C:        30.0 hPa  80° 59 kt 20140909.00
Part C:        20.0 hPa 100° 63 kt 20140909.00
Part C:        10.0 hPa  75° 50 kt 20140909.00
Part D: 11     98.5 hPa 260° 15 kt 20140909.00
Part D: 11 22  79.2 hPa 255° 35 kt 20140909.00
Part D: 22 33  58.3 hPa 300° 15 kt 20140909.00
Part D: 33 44  56.5 hPa 315° 13 kt 20140909.00
Part D: 44 55  55.6 hPa 325° 16 kt 20140909.00
Part D: 55 66  53.9 hPa 295° 13 kt 20140909.00
Part D: 66 77  52.2 hPa 245°  7 kt 20140909.00
Part D: 77 88  51.4 hPa 215°  7 kt 20140909.00
Part D: 88 99  50.5 hPa 240°  7 kt 20140909.00
Part D: 99 11  48.9 hPa 170°  7 kt 20140909.00
Part D: 11 22  48.2 hPa 210°  5 kt 20140909.00
Part D: 22 33  46.6 hPa  85°  2 kt 20140909.00
Part D: 33 44  45.1 hPa 120°  3 kt 20140909.00
Part D: 44 55  44.3 hPa  90° 10 kt 20140909.00
Part D: 55 66  39.4 hPa 100° 29 kt 20140909.00
Part D: 66 77  37.4 hPa  95° 35 kt 20140909.00
Part D: 77 88  33.9 hPa  85° 50 kt 20140909.00
Part D: 88 99  30.6 hPa  80° 60 kt 20140909.00
Part D: 99 11  24.9 hPa  95° 65 kt 20140909.00
Part D: 11 22  13.0 hPa  85° 70 kt 20140909.00
Part D: 22 33  11.9 hPa  90° 53 kt 20140909.00
Part D: 33 44  11.1 hPa  80° 51 kt 20140909.00
Part D: 44 55   8.0 hPa  70° 45 kt 20140909.00
Part D: 55 66   7.7 hPa  75° 37 kt 20140909.00
Part D: 66 77   7.4 hPa  80° 49 kt 20140909.00
Part D: 77 88   7.1 hPa 110° 36 kt 20140909.00
Part D: 88 99   6.9 hPa  80° 29 kt 20140909.00
Part D: 99 11   6.7 hPa  80° 39 kt 20140909.00
Part D: 11 22   6.5 hPa  50° 32 kt 20140909.00
Part D: 22 33   6.4 hPa  10° 35 kt 20140909.00
Part D: 33 44   6.3 hPa 360° 17 kt 20140909.00
Part D: 44 55   6.2 hPa  30° 16 kt 20140909.00
Part D: 55 66   6.1 hPa  35° 17 kt 20140909.00
Part A:       100.0 hPa  55° 11 kt 20140910.00
Part C:        70.0 hPa 225° 14 kt 20140910.00
Part C:        50.0 hPa 260° 11 kt 20140910.00
Part C:        30.0 hPa  90° 54 kt 20140910.00
Part C:        20.0 hPa  85° 68 kt 20140910.00
Part D: 11     94.9 hPa 345°  8 kt 20140910.00
Part D: 11 22  90.5 hPa 270° 22 kt 20140910.00
Part D: 22 33  86.5 hPa 265° 33 kt 20140910.00
Part D: 33 44  79.5 hPa 255° 28 kt 20140910.00
Part D: 44 55  74.7 hPa 260° 23 kt 20140910.00
Part D: 55 66  66.6 hPa 195°  9 kt 20140910.00
Part D: 66 77  64.5 hPa 225° 15 kt 20140910.00
Part D: 77 88  62.6 hPa 205° 13 kt 20140910.00
Part D: 88 99  61.6 hPa 225° 11 kt 20140910.00
Part D: 99 11  60.6 hPa 185°  5 kt 20140910.00
Part D: 11 22  59.7 hPa 185°  4 kt 20140910.00
Part D: 22 33  58.8 hPa 220°  9 kt 20140910.00
Part D: 33 44  57.9 hPa 220° 11 kt 20140910.00
Part D: 44 55  57.0 hPa 180°  8 kt 20140910.00
Part D: 55 66  54.3 hPa 245° 22 kt 20140910.00
Part D: 66 77  51.0 hPa 255° 12 kt 20140910.00
Part D: 77 88  48.6 hPa 225°  6 kt 20140910.00
Part D: 88 99  47.0 hPa 285°  3 kt 20140910.00
Part D: 99 11  43.9 hPa 345° 12 kt 20140910.00
Part D: 11 22  43.2 hPa  15° 10 kt 20140910.00
Part D: 22 33  41.8 hPa  60° 16 kt 20140910.00
Part D: 33 44  37.1 hPa  65° 32 kt 20140910.00
Part D: 44 55  34.0 hPa 100° 47 kt 20140910.00
Part D: 55 66  22.7 hPa  90° 72 kt 20140910.00
Part D: 66 77  22.3 hPa  90° 75 kt 20140910.00
Part D: 77 88  21.1 hPa  95° 66 kt 20140910.00
Part D: 88 99  15.5 hPa  90° 72 kt 20140910.00
Part D: 99 11  14.5 hPa  95° 62 kt 20140910.00
Part D: 11 22  12.3 hPa  80° 57 kt 20140910.00
Part A:       100.0 hPa 305° 20 kt 20140911.00
Part C:        70.0 hPa 320°  4 kt 20140911.00
Part C:        50.0 hPa 265° 23 kt 20140911.00
Part C:        30.0 hPa  95° 66 kt 20140911.00
Part C:        20.0 hPa  90° 65 kt 20140911.00
Part C:        10.0 hPa 105° 62 kt 20140911.00
Part D: 11     96.6 hPa 300° 31 kt 20140911.00
Part D: 11 22  92.9 hPa 290° 35 kt 20140911.00
Part D: 22 33  84.3 hPa 310° 16 kt 20140911.00
Part D: 33 44  80.4 hPa 315° 15 kt 20140911.00
Part D: 44 55  79.2 hPa 340° 11 kt 20140911.00
Part D: 55 66  76.9 hPa 355°  8 kt 20140911.00
Part D: 66 77  75.7 hPa  25°  6 kt 20140911.00
Part D: 77 88  72.3 hPa 325°  8 kt 20140911.00
Part D: 88 99  71.2 hPa 345°  7 kt 20140911.00
Part D: 99 11  68.0 hPa 275° 12 kt 20140911.00
Part D: 11 22  64.0 hPa 305° 17 kt 20140911.00
Part D: 22 33  61.0 hPa 285° 16 kt 20140911.00
Part D: 33 44  52.9 hPa 265° 33 kt 20140911.00
Part D: 44 55  51.4 hPa 270° 33 kt 20140911.00
Part D: 55 66  48.0 hPa 250° 10 kt 20140911.00
Part D: 66 77  44.9 hPa 200° 10 kt 20140911.00
Part D: 77 88  43.5 hPa 225°  2 kt 20140911.00
Part D: 88 99  42.2 hPa 130°  6 kt 20140911.00
Part D: 99 11  40.2 hPa  75° 21 kt 20140911.00
Part D: 11 22  37.6 hPa 105° 41 kt 20140911.00
Part D: 22 33  33.5 hPa  90° 54 kt 20140911.00
Part D: 33 44  25.2 hPa  90° 72 kt 20140911.00
Part D: 44 55  24.3 hPa  90° 73 kt 20140911.00
Part D: 55 66  20.8 hPa  85° 63 kt 20140911.00
Part D: 66 77  16.9 hPa 100° 69 kt 20140911.00
Part D: 77 88  14.8 hPa 100° 57 kt 20140911.00
Part D: 88 99  13.8 hPa  85° 53 kt 20140911.00
Part D: 99 11  11.1 hPa  90° 50 kt 20140911.00
Part D: 11 22  10.0 hPa 105° 62 kt 20140911.00
Part D: 22 33   8.8 hPa 110° 57 kt 20140911.00
Part D: 33 44   7.4 hPa  70° 38 kt 20140911.00
Part D: 44 55   7.3 hPa  40° 40 kt 20140911.00
Part D: 55 66   7.2 hPa  50° 40 kt 20140911.00
Part D: 66 77   6.9 hPa  15° 46 kt 20140911.00
Part D: 77 88   6.8 hPa  10° 42 kt 20140911.00
Part D: 88 99   6.4 hPa  50° 31 kt 20140911.00
Part A:       100.0 hPa 325° 16 kt 20140912.00
Part C:        70.0 hPa 225° 15 kt 20140912.00
Part C:        50.0 hPa 205° 12 kt 20140912.00
Part C:        30.0 hPa  85° 64 kt 20140912.00
Part C:        20.0 hPa  95° 66 kt 20140912.00
Part C:        10.0 hPa 100° 57 kt 20140912.00
Part D: 11     96.0 hPa 320° 22 kt 20140912.00
Part D: 11 22  90.0 hPa 310° 11 kt 20140912.00
Part D: 22 33  86.1 hPa   5°  9 kt 20140912.00
Part D: 33 44  79.1 hPa 100°  9 kt 20140912.00
Part D: 44 55  70.6 hPa 220° 15 kt 20140912.00
Part D: 55 66  64.0 hPa 260° 18 kt 20140912.00
Part D: 66 77  57.2 hPa 275° 28 kt 20140912.00
Part D: 77 88  53.6 hPa 340°  8 kt 20140912.00
Part D: 88 99  51.9 hPa 240°  8 kt 20140912.00
Part D: 99 11  49.4 hPa 195° 12 kt 20140912.00
Part D: 11 22  47.8 hPa 210° 16 kt 20140912.00
Part D: 22 33  44.7 hPa 180° 12 kt 20140912.00
Part D: 33 44  42.4 hPa 105° 12 kt 20140912.00
Part D: 44 55  38.4 hPa 100° 26 kt 20140912.00
Part D: 55 66  34.5 hPa  85° 60 kt 20140912.00
Part D: 66 77  29.0 hPa  85° 69 kt 20140912.00
Part D: 77 88  26.6 hPa  85° 74 kt 20140912.00
Part D: 88 99  19.8 hPa  95° 63 kt 20140912.00
Part D: 99 11  15.7 hPa  85° 57 kt 20140912.00
Part D: 11 22  13.3 hPa  95° 73 kt 20140912.00
Part D: 22 33  12.8 hPa 100° 80 kt 20140912.00
Part D: 33 44  11.1 hPa 105° 62 kt 20140912.00
Part D: 44 55   8.7 hPa  90° 41 kt 20140912.00
Part D: 55 66   7.9 hPa  65° 47 kt 20140912.00
Part D: 66 77   7.7 hPa  60° 30 kt 20140912.00
Part A:       100.0 hPa  60° 27 kt 20140913.00
Part C:        70.0 hPa 285° 30 kt 20140913.00
Part C:        50.0 hPa 225° 25 kt 20140913.00
Part C:        30.0 hPa  80° 64 kt 20140913.00
Part C:        20.0 hPa 100° 65 kt 20140913.00
Part D: 11     87.7 hPa 160° 20 kt 20140913.00
Part D: 11 22  83.9 hPa 140° 16 kt 20140913.00
Part D: 22 33  81.4 hPa 145° 12 kt 20140913.00
Part D: 33 44  80.1 hPa 180°  3 kt 20140913.00
Part D: 44 55  77.6 hPa 310° 22 kt 20140913.00
Part D: 55 66  76.4 hPa 310° 30 kt 20140913.00
Part D: 66 77  67.7 hPa 275° 29 kt 20140913.00
Part D: 77 88  61.5 hPa 270° 39 kt 20140913.00
Part D: 88 99  58.6 hPa 260° 32 kt 20140913.00
Part D: 99 11  55.9 hPa 240° 22 kt 20140913.00
Part D: 11 22  51.5 hPa 210° 20 kt 20140913.00
Part D: 22 33  48.9 hPa 230° 29 kt 20140913.00
Part D: 33 44  45.8 hPa 195°  5 kt 20140913.00
Part D: 44 55  45.1 hPa  45°  5 kt 20140913.00
Part D: 55 66  44.5 hPa  30° 12 kt 20140913.00
Part D: 66 77  43.1 hPa  60° 18 kt 20140913.00
Part D: 77 88  39.0 hPa  60° 40 kt 20140913.00
Part D: 88 99  36.3 hPa  75° 58 kt 20140913.00
Part D: 99 11  34.1 hPa 100° 60 kt 20140913.00
Part D: 11 22  31.0 hPa  85° 58 kt 20140913.00
Part D: 22 33  27.0 hPa  90° 71 kt 20140913.00
Part D: 33 44  23.6 hPa  95° 75 kt 20140913.00
Part D: 44 55  20.8 hPa 100° 63 kt 20140913.00
Part D: 55 66  15.8 hPa 105° 54 kt 20140913.00
Part D: 66 77  15.0 hPa 100° 62 kt 20140913.00
Part D: 77 88  13.7 hPa 105° 58 kt 20140913.00
Part D: 99 11   6.5 hPa  95°  8 kt 20140913.00
Part D: 11 22   6.3 hPa 135° 12 kt 20140913.00
Part D: 22 33   6.0 hPa  75°  7 kt 20140913.00
Part D: 33 44   5.9 hPa 150°  8 kt 20140913.00
Part D: 44 55   5.8 hPa  65°  9 kt 20140913.00
Part D: 55 66   5.6 hPa 320°  9 kt 20140913.00
Part D: 66 77   5.5 hPa  10° 10 kt 20140913.00
Part A:       100.0 hPa  75° 28 kt 20140914.00
Part C:        70.0 hPa 275° 40 kt 20140914.00
Part C:        50.0 hPa 315° 18 kt 20140914.00
Part C:        30.0 hPa  90° 68 kt 20140914.00
Part C:        20.0 hPa  85° 63 kt 20140914.00
Part C:        10.0 hPa  80° 71 kt 20140914.00
Part D: 11     97.2 hPa  80° 20 kt 20140914.00
Part D: 11 22  95.4 hPa  95°  9 kt 20140914.00
Part D: 22 33  93.4 hPa 225°  3 kt 20140914.00
Part D: 33 44  88.3 hPa 355°  6 kt 20140914.00
Part D: 44 55  85.4 hPa  20°  9 kt 20140914.00
Part D: 55 66  82.5 hPa 305° 11 kt 20140914.00
Part D: 66 77  79.8 hPa 280° 30 kt 20140914.00
Part D: 77 88  75.7 hPa 265° 47 kt 20140914.00
Part D: 88 99  68.0 hPa 275° 36 kt 20140914.00
Part D: 99 11  64.7 hPa 270° 24 kt 20140914.00
Part D: 11 22  60.5 hPa 265° 36 kt 20140914.00
Part D: 22 33  56.6 hPa 270° 22 kt 20140914.00
Part D: 33 44  52.0 hPa 290° 15 kt 20140914.00
Part D: 44 55  51.0 hPa 315° 18 kt 20140914.00
Part D: 55 66  46.7 hPa 350° 12 kt 20140914.00
Part D: 66 77  45.1 hPa  80°  7 kt 20140914.00
Part D: 77 88  43.5 hPa 110° 19 kt 20140914.00
Part D: 88 99  37.9 hPa  90° 45 kt 20140914.00
Part D: 99 11  35.3 hPa 105° 64 kt 20140914.00
Part D: 11 22  31.2 hPa  85° 69 kt 20140914.00
Part D: 22 33  27.9 hPa  95° 58 kt 20140914.00
Part D: 33 44  24.6 hPa  85° 67 kt 20140914.00
Part D: 44 55  15.1 hPa 105° 53 kt 20140914.00
Part D: 55 66  13.7 hPa  95° 60 kt 20140914.00
Part D: 66 77  11.6 hPa  85° 54 kt 20140914.00
Part D: 77 88  10.0 hPa  80° 72 kt 20140914.00
Part D: 88 99   9.0 hPa  85° 67 kt 20140914.00
Part D: 99 11   8.6 hPa  85° 68 kt 20140914.00
Part D: 11 22   8.3 hPa  80° 65 kt 20140914.00
Part D: 22 33   8.0 hPa  65° 57 kt 20140914.00
Part D: 33 44   7.2 hPa  80° 43 kt 20140914.00
Part D: 44 55   6.9 hPa 100° 25 kt 20140914.00
Part A:       100.0 hPa  60° 28 kt 20140915.00
Part C:        70.0 hPa 270° 19 kt 20140915.00
Part C:        50.0 hPa 270°  6 kt 20140915.00
Part C:        30.0 hPa  95° 54 kt 20140915.00
Part C:        20.0 hPa  85° 46 kt 20140915.00
Part C:        10.0 hPa 105° 65 kt 20140915.00
Part D: 11     95.0 hPa  60° 19 kt 20140915.00
Part D: 11 22  89.1 hPa 190°  6 kt 20140915.00
Part D: 22 33  87.3 hPa 225° 12 kt 20140915.00
Part D: 33 44  85.4 hPa 215°  8 kt 20140915.00
Part D: 44 55  83.6 hPa 265° 22 kt 20140915.00
Part D: 55 66  81.8 hPa 285° 25 kt 20140915.00
Part D: 66 77  77.0 hPa 275° 33 kt 20140915.00
Part D: 77 88  72.5 hPa 250° 31 kt 20140915.00
Part D: 88 99  69.8 hPa 270° 18 kt 20140915.00
Part D: 99 11  67.2 hPa 270° 24 kt 20140915.00
Part D: 11 22  59.8 hPa 315° 23 kt 20140915.00
Part D: 22 33  56.2 hPa 260°  9 kt 20140915.00
Part D: 33 44  54.4 hPa 270° 19 kt 20140915.00
Part D: 44 55  51.7 hPa 265° 10 kt 20140915.00
Part D: 55 66  50.9 hPa 265° 10 kt 20140915.00
Part D: 66 77  49.2 hPa  55°  2 kt 20140915.00
Part D: 77 88  47.5 hPa  75° 13 kt 20140915.00
Part D: 88 99  42.1 hPa 120° 19 kt 20140915.00
Part D: 99 11  40.7 hPa 100° 20 kt 20140915.00
Part D: 11 22  39.3 hPa  95° 26 kt 20140915.00
Part D: 22 33  36.9 hPa 100° 50 kt 20140915.00
Part D: 33 44  33.9 hPa  75° 53 kt 20140915.00
Part D: 44 55  32.2 hPa  90° 58 kt 20140915.00
Part D: 55 66  17.9 hPa 100° 50 kt 20140915.00
Part D: 66 77  15.7 hPa 105° 53 kt 20140915.00
Part D: 77 88  13.3 hPa  80° 58 kt 20140915.00
Part D: 88 99  10.9 hPa  95° 65 kt 20140915.00
Part D: 99 11   9.7 hPa 115° 63 kt 20140915.00
Part D: 11 22   8.5 hPa  90° 68 kt 20140915.00
Part D: 22 33   8.4 hPa  80° 56 kt 20140915.00
Part D: 33 44   8.3 hPa  95° 58 kt 20140915.00
Part D: 44 55   8.0 hPa  85° 65 kt 20140915.00
Part D: 55 66   7.4 hPa  55° 35 kt 20140915.00
Part D: 66 77   7.2 hPa  40° 42 kt 20140915.00
Part D: 77 88   7.0 hPa  60° 42 kt 20140915.00
Part D: 88 99   6.6 hPa  30° 34 kt 20140915.00
Part A:       100.0 hPa  90° 12 kt 20140916.00
Part C:        70.0 hPa 285° 21 kt 20140916.00
Part C:        50.0 hPa 290°  1 kt 20140916.00
Part C:        30.0 hPa  95° 54 kt 20140916.00
Part C:        20.0 hPa  90° 63 kt 20140916.00
Part C:        10.0 hPa  85° 53 kt 20140916.00
Part D: 11     92.4 hPa 295° 25 kt 20140916.00
Part D: 11 22  89.5 hPa 295° 31 kt 20140916.00
Part D: 22 33  85.1 hPa 275° 27 kt 20140916.00
Part D: 33 44  80.1 hPa 295° 29 kt 20140916.00
Part D: 44 55  71.2 hPa 285° 21 kt 20140916.00
Part D: 55 66  64.9 hPa 235° 15 kt 20140916.00
Part D: 66 77  62.7 hPa 270° 14 kt 20140916.00
Part D: 77 88  56.3 hPa 290° 12 kt 20140916.00
Part D: 88 99  52.9 hPa 330° 13 kt 20140916.00
Part D: 99 11  49.6 hPa 110°  1 kt 20140916.00
Part D: 11 22  47.8 hPa 205°  8 kt 20140916.00
Part D: 22 33  47.0 hPa 215°  7 kt 20140916.00
Part D: 33 44  44.5 hPa 185° 17 kt 20140916.00
Part D: 44 55  43.8 hPa 175° 10 kt 20140916.00
Part D: 55 66  41.8 hPa  65° 10 kt 20140916.00
Part D: 66 77  41.1 hPa  55°  9 kt 20140916.00
Part D: 77 88  38.5 hPa 105° 30 kt 20140916.00
Part D: 88 99  37.2 hPa 110° 32 kt 20140916.00
Part D: 99 11  33.5 hPa  65° 48 kt 20140916.00
Part D: 11 22  31.7 hPa  90° 60 kt 20140916.00
Part D: 22 33  30.0 hPa  95° 54 kt 20140916.00
Part D: 33 44  25.6 hPa  85° 59 kt 20140916.00
Part D: 44 55  24.7 hPa  90° 65 kt 20140916.00
Part D: 55 66  23.0 hPa  90° 58 kt 20140916.00
Part D: 66 77  14.0 hPa  90° 67 kt 20140916.00
Part D: 77 88  12.5 hPa  90° 71 kt 20140916.00
Part D: 88 99   9.5 hPa  75° 46 kt 20140916.00
Part D: 99 11   8.4 hPa  65° 48 kt 20140916.00
Part D: 11 22   8.1 hPa  70° 54 kt 20140916.00
Part D: 22 33   7.7 hPa  60° 44 kt 20140916.00
Part D: 33 44   7.1 hPa  85° 44 kt 20140916.00
Part A:       100.0 hPa 100° 34 kt 20140917.00
Part C:        70.0 hPa 295° 13 kt 20140917.00
Part C:        50.0 hPa 225° 19 kt 20140917.00
Part C:        30.0 hPa  90° 54 kt 20140917.00
Part C:        20.0 hPa  85° 57 kt 20140917.00
Part C:        10.0 hPa  90° 62 kt 20140917.00
Part D: 11     95.2 hPa 100° 18 kt 20140917.00
Part D: 11 22  93.2 hPa 180°  7 kt 20140917.00
Part D: 22 33  91.3 hPa 210° 15 kt 20140917.00
Part D: 33 44  89.9 hPa 215° 16 kt 20140917.00
Part D: 44 55  87.1 hPa 270° 22 kt 20140917.00
Part D: 55 66  84.4 hPa 280° 25 kt 20140917.00
Part D: 66 77  81.7 hPa 295° 23 kt 20140917.00
Part D: 77 88  78.9 hPa 285° 17 kt 20140917.00
Part D: 88 99  75.1 hPa 270° 27 kt 20140917.00
Part D: 99 11  68.3 hPa 295° 13 kt 20140917.00
Part D: 11 22  67.2 hPa 275° 12 kt 20140917.00
Part D: 22 33  64.9 hPa 335°  7 kt 20140917.00
Part D: 33 44  61.0 hPa 240° 10 kt 20140917.00
Part D: 44 55  56.5 hPa 235° 26 kt 20140917.00
Part D: 55 66  51.1 hPa 220° 13 kt 20140917.00
Part D: 66 77  49.5 hPa 230° 22 kt 20140917.00
Part D: 77 88  47.2 hPa 245° 14 kt 20140917.00
Part D: 88 99  45.8 hPa  40°  4 kt 20140917.00
Part D: 99 11  45.0 hPa  25° 11 kt 20140917.00
Part D: 11 22  42.1 hPa  65° 35 kt 20140917.00
Part D: 22 33  40.1 hPa  80° 32 kt 20140917.00
Part D: 33 44  34.4 hPa 105° 60 kt 20140917.00
Part D: 44 55  31.6 hPa  95° 53 kt 20140917.00
Part D: 55 66  23.7 hPa  95° 66 kt 20140917.00
Part D: 66 77  19.2 hPa  80° 57 kt 20140917.00
Part D: 77 88  17.1 hPa  85° 70 kt 20140917.00
Part D: 88 99  15.1 hPa  85° 72 kt 20140917.00
Part D: 99 11  11.6 hPa  95° 60 kt 20140917.00
Part D: 11 22   8.4 hPa  95° 70 kt 20140917.00
Part D: 22 33   7.3 hPa 105° 34 kt 20140917.00
Part D: 33 44   6.4 hPa  20° 16 kt 20140917.00
Part D: 44 55   6.3 hPa  40° 21 kt 20140917.00
Part D: 55 66   6.0 hPa  55° 10 kt 20140917.00
Part D: 66 77   5.8 hPa  40°  6 kt 20140917.00
Part D: 77 88   5.7 hPa 355° 12 kt 20140917.00
Part D: 88 99   5.5 hPa 360° 21 kt 20140917.00
Part D: 99 11   5.4 hPa 345° 27 kt 20140917.00
Part D: 11 22   4.7 hPa  40° 19 kt 20140917.00
Part A:       100.0 hPa 115° 28 kt 20140918.00
Part A:       100.0 hPa  80° 10 kt 20140919.00
Part C:        70.0 hPa 260°  8 kt 20140919.00
Part C:        50.0 hPa 105° 15 kt 20140919.00
Part C:        30.0 hPa  95° 65 kt 20140919.00
Part C:        20.0 hPa  90° 67 kt 20140919.00
Part C:        10.0 hPa 100° 62 kt 20140919.00
Part D: 11     97.7 hPa 155°  3 kt 20140919.00
Part D: 11 22  96.1 hPa 165°  5 kt 20140919.00
Part D: 22 33  93.2 hPa  40°  4 kt 20140919.00
Part D: 33 44  89.0 hPa 350°  5 kt 20140919.00
Part D: 44 55  86.4 hPa 310° 19 kt 20140919.00
Part D: 55 66  79.1 hPa 290° 17 kt 20140919.00
Part D: 66 77  76.8 hPa 305° 23 kt 20140919.00
Part D: 77 88  72.4 hPa 325°  9 kt 20140919.00
Part D: 88 99  71.4 hPa 315°  6 kt 20140919.00
Part D: 99 11  69.3 hPa 255°  8 kt 20140919.00
Part D: 11 22  68.3 hPa 280°  3 kt 20140919.00
Part D: 22 33  67.3 hPa 270°  2 kt 20140919.00
Part D: 33 44  64.0 hPa 285° 29 kt 20140919.00
Part D: 44 55  57.2 hPa 315° 20 kt 20140919.00
Part D: 55 66  54.7 hPa 335° 17 kt 20140919.00
Part D: 66 77  53.0 hPa  20°  6 kt 20140919.00
Part D: 77 88  50.6 hPa  85° 12 kt 20140919.00
Part D: 88 99  49.9 hPa 110° 16 kt 20140919.00
Part D: 99 11  46.1 hPa 155° 22 kt 20140919.00
Part D: 11 22  44.7 hPa 135° 29 kt 20140919.00
Part D: 22 33  42.6 hPa 155° 27 kt 20140919.00
Part D: 33 44  40.6 hPa 105° 24 kt 20140919.00
Part D: 44 55  36.5 hPa  95° 47 kt 20140919.00
Part D: 55 66  32.1 hPa  80° 54 kt 20140919.00
Part D: 66 77  31.1 hPa  85° 62 kt 20140919.00
Part D: 77 88  24.0 hPa  85° 74 kt 20140919.00
Part D: 88 99  17.3 hPa  85° 57 kt 20140919.00
Part D: 99 11  14.0 hPa  85° 54 kt 20140919.00
Part D: 11 22  13.3 hPa  90° 61 kt 20140919.00
Part D: 22 33  10.9 hPa 100° 55 kt 20140919.00
Part D: 33 44  10.1 hPa  95° 66 kt 20140919.00
Part D: 44 55   9.1 hPa 100° 50 kt 20140919.00
Part D: 55 66   8.6 hPa  90° 58 kt 20140919.00
Part D: 66 77   7.9 hPa  75° 47 kt 20140919.00
Part D: 77 88   7.0 hPa  75° 32 kt 20140919.00
Part D: 88 99   6.6 hPa  90° 35 kt 20140919.00
Part A:       100.0 hPa  60° 33 kt 20140921.00
Part C:        70.0 hPa 260° 21 kt 20140921.00
Part C:        50.0 hPa 265° 32 kt 20140921.00
Part C:        30.0 hPa  85° 64 kt 20140921.00
Part C:        20.0 hPa  95° 67 kt 20140921.00
Part D: 11     97.0 hPa  55° 45 kt 20140921.00
Part D: 11 22  93.0 hPa  70° 19 kt 20140921.00
Part D: 22 33  91.1 hPa 105° 10 kt 20140921.00
Part D: 33 44  89.3 hPa 105°  3 kt 20140921.00
Part D: 44 55  85.8 hPa 255° 12 kt 20140921.00
Part D: 55 66  83.0 hPa 265° 18 kt 20140921.00
Part D: 66 77  74.2 hPa 325° 11 kt 20140921.00
Part D: 77 88  70.8 hPa 265° 18 kt 20140921.00
Part D: 88 99  68.7 hPa 250° 29 kt 20140921.00
Part D: 99 11  64.3 hPa 260° 44 kt 20140921.00
Part D: 11 22  59.3 hPa 260° 35 kt 20140921.00
Part D: 22 33  53.6 hPa 295° 22 kt 20140921.00
Part D: 33 44  49.1 hPa 260° 31 kt 20140921.00
Part D: 44 55  45.1 hPa 290°  9 kt 20140921.00
Part D: 55 66  42.8 hPa 330° 15 kt 20140921.00
Part D: 66 77  42.1 hPa 355° 16 kt 20140921.00
Part D: 77 88  41.4 hPa  10° 16 kt 20140921.00
Part D: 88 99  39.3 hPa  55° 23 kt 20140921.00
Part D: 99 11  38.6 hPa  70° 34 kt 20140921.00
Part D: 11 22  35.6 hPa  90° 53 kt 20140921.00
Part D: 22 33  32.3 hPa 105° 64 kt 20140921.00
Part D: 33 44  30.6 hPa  85° 64 kt 20140921.00
Part D: 44 55  23.7 hPa  90° 76 kt 20140921.00
Part D: 55 66  23.2 hPa  95° 76 kt 20140921.00
Part D: 66 77  20.6 hPa  95° 68 kt 20140921.00
Part D: 77 88  13.0 hPa 100° 64 kt 20140921.00
Part D: 88 99  11.1 hPa  95° 62 kt 20140921.00
Part D: 11 22   6.5 hPa 105° 10 kt 20140921.00
Part D: 22 33   6.4 hPa  45°  6 kt 20140921.00
Part D: 33 44   6.2 hPa  70° 12 kt 20140921.00
Part D: 44 55   5.9 hPa  15° 15 kt 20140921.00
Part A:       100.0 hPa 100° 26 kt 20140922.00
Part C:        70.0 hPa 280° 30 kt 20140922.00
Part C:        50.0 hPa 245° 17 kt 20140922.00
Part C:        30.0 hPa  95° 66 kt 20140922.00
Part C:        20.0 hPa  90° 71 kt 20140922.00
Part C:        10.0 hPa  85° 64 kt 20140922.00
Part D: 11     94.4 hPa  85° 12 kt 20140922.00
Part D: 11 22  90.2 hPa 170°  8 kt 20140922.00
Part D: 22 33  80.2 hPa 350° 11 kt 20140922.00
Part D: 33 44  76.4 hPa 275° 17 kt 20140922.00
Part D: 44 55  67.9 hPa 285° 40 kt 20140922.00
Part D: 55 66  65.6 hPa 295° 41 kt 20140922.00
Part D: 66 77  63.5 hPa 300° 47 kt 20140922.00
Part D: 77 88  61.5 hPa 305° 46 kt 20140922.00
Part D: 88 99  59.5 hPa 315° 38 kt 20140922.00
Part D: 99 11  57.4 hPa 320° 34 kt 20140922.00
Part D: 11 22  55.5 hPa 330° 21 kt 20140922.00
Part D: 22 33  52.6 hPa 250°  8 kt 20140922.00
Part D: 33 44  50.9 hPa 235° 17 kt 20140922.00
Part D: 44 55  49.1 hPa 250° 15 kt 20140922.00
Part D: 55 66  48.3 hPa 250° 12 kt 20140922.00
Part D: 66 77  46.7 hPa 185°  4 kt 20140922.00
Part D: 77 88  44.3 hPa  80°  8 kt 20140922.00
Part D: 88 99  39.9 hPa 110° 41 kt 20140922.00
Part D: 99 11  34.4 hPa  90° 59 kt 20140922.00
Part D: 11 22  23.9 hPa  90° 79 kt 20140922.00
Part D: 22 33  23.0 hPa  85° 81 kt 20140922.00
Part D: 33 44  18.1 hPa 100° 66 kt 20140922.00
Part D: 44 55  14.2 hPa  90° 61 kt 20140922.00
Part D: 55 66  13.4 hPa  90° 65 kt 20140922.00
Part D: 66 77  11.3 hPa  85° 71 kt 20140922.00
Part D: 77 88   8.9 hPa  95° 57 kt 20140922.00
Part D: 88 99   7.7 hPa  85° 44 kt 20140922.00
Part D: 99 11   7.4 hPa  90° 52 kt 20140922.00
Part D: 11 22   6.6 hPa  95° 32 kt 20140922.00
Part D: 22 33   6.0 hPa  75° 20 kt 20140922.00
Part D: 33 44   5.5 hPa 100° 29 kt 20140922.00
Part A:       100.0 hPa 115° 14 kt 20140923.00
Part C:        70.0 hPa 265° 27 kt 20140923.00
Part C:        50.0 hPa 275° 13 kt 20140923.00
Part C:        30.0 hPa  85° 64 kt 20140923.00
Part C:        20.0 hPa 100° 71 kt 20140923.00
Part C:        10.0 hPa  85° 63 kt 20140923.00
Part D: 11     95.1 hPa 240°  7 kt 20140923.00
Part D: 11 22  90.1 hPa 275°  4 kt 20140923.00
Part D: 22 33  88.5 hPa 320°  3 kt 20140923.00
Part D: 33 44  84.3 hPa 350°  7 kt 20140923.00
Part D: 44 55  82.9 hPa  50°  9 kt 20140923.00
Part D: 55 66  79.0 hPa 300° 15 kt 20140923.00
Part D: 66 77  73.8 hPa 265° 21 kt 20140923.00
Part D: 77 88  71.3 hPa 275° 30 kt 20140923.00
Part D: 88 99  62.5 hPa 250°  9 kt 20140923.00
Part D: 99 11  60.5 hPa 230°  5 kt 20140923.00
Part D: 11 22  54.6 hPa 255° 25 kt 20140923.00
Part D: 22 33  53.6 hPa 270° 27 kt 20140923.00
Part D: 33 44  51.7 hPa 285° 13 kt 20140923.00
Part D: 44 55  50.0 hPa 275° 13 kt 20140923.00
Part D: 55 66  47.6 hPa 255°  4 kt 20140923.00
Part D: 66 77  46.1 hPa 295°  6 kt 20140923.00
Part D: 77 88  44.6 hPa 155°  4 kt 20140923.00
Part D: 88 99  43.8 hPa 110°  3 kt 20140923.00
Part D: 99 11  41.6 hPa 130° 21 kt 20140923.00
Part D: 11 22  37.3 hPa  90° 33 kt 20140923.00
Part D: 22 33  36.1 hPa 100° 43 kt 20140923.00
Part D: 33 44  32.5 hPa  80° 63 kt 20140923.00
Part D: 44 55  29.2 hPa  90° 69 kt 20140923.00
Part D: 55 66  21.9 hPa  95° 81 kt 20140923.00
Part D: 66 77  19.3 hPa  95° 65 kt 20140923.00
Part D: 77 88  18.6 hPa  95° 62 kt 20140923.00
Part D: 88 99  17.9 hPa  95° 60 kt 20140923.00
Part D: 99 11  13.4 hPa  80° 62 kt 20140923.00
Part D: 11 22   9.0 hPa  80° 53 kt 20140923.00
Part D: 22 33   7.3 hPa  95° 31 kt 20140923.00
Part D: 33 44   7.1 hPa 100° 35 kt 20140923.00
Part A:       100.0 hPa 130° 23 kt 20140924.00
Part C:        70.0 hPa 260° 25 kt 20140924.00
Part C:        50.0 hPa 250° 16 kt 20140924.00
Part C:        30.0 hPa  95° 70 kt 20140924.00
Part C:        20.0 hPa  90° 69 kt 20140924.00
Part C:        10.0 hPa  80° 72 kt 20140924.00
Part D: 11     97.2 hPa 160° 13 kt 20140924.00
Part D: 11 22  94.0 hPa 165°  3 kt 20140924.00
Part D: 22 33  84.9 hPa 360° 12 kt 20140924.00
Part D: 33 44  79.7 hPa 190°  3 kt 20140924.00
Part D: 44 55  78.5 hPa 270°  6 kt 20140924.00
Part D: 55 66  77.3 hPa 285°  8 kt 20140924.00
Part D: 66 77  70.9 hPa 260° 26 kt 20140924.00
Part D: 77 88  65.2 hPa 235° 10 kt 20140924.00
Part D: 88 99  54.6 hPa 235° 26 kt 20140924.00
Part D: 99 11  48.6 hPa 265°  8 kt 20140924.00
Part D: 11 22  46.2 hPa 330°  6 kt 20140924.00
Part D: 22 33  45.3 hPa  30°  4 kt 20140924.00
Part D: 33 44  43.7 hPa  80° 13 kt 20140924.00
Part D: 44 55  39.4 hPa  85° 32 kt 20140924.00
Part D: 55 66  36.7 hPa  75° 45 kt 20140924.00
Part D: 66 77  34.9 hPa  90° 60 kt 20140924.00
Part D: 77 88  29.4 hPa 100° 72 kt 20140924.00
Part D: 88 99  28.4 hPa 100° 79 kt 20140924.00
Part D: 99 11  19.3 hPa  85° 65 kt 20140924.00
Part D: 11 22  14.8 hPa  80° 71 kt 20140924.00
Part D: 22 33  11.2 hPa  80° 81 kt 20140924.00
Part D: 33 44   9.8 hPa  85° 66 kt 20140924.00
Part D: 44 55   8.6 hPa 100° 72 kt 20140924.00
Part D: 55 66   8.2 hPa 100° 77 kt 20140924.00
Part D: 66 77   8.0 hPa  95° 74 kt 20140924.00
Part D: 77 88   7.7 hPa  95° 50 kt 20140924.00
Part D: 88 99   7.6 hPa 105° 47 kt 20140924.00
Part D: 99 11   7.2 hPa  85° 36 kt 20140924.00
Part D: 11 22   6.3 hPa 150° 24 kt 20140924.00
Part A:       100.0 hPa  50° 19 kt 20140925.00
Part C:        70.0 hPa 265° 32 kt 20140925.00
Part C:        50.0 hPa 320° 16 kt 20140925.00
Part C:        30.0 hPa  95° 68 kt 20140925.00
Part C:        20.0 hPa  80° 61 kt 20140925.00
Part C:        10.0 hPa 100° 52 kt 20140925.00
Part D: 11     93.3 hPa  70°  8 kt 20140925.00
Part D: 11 22  89.2 hPa  70° 19 kt 20140925.00
Part D: 22 33  75.0 hPa 255° 33 kt 20140925.00
Part D: 33 44  65.9 hPa 275° 26 kt 20140925.00
Part D: 44 55  63.7 hPa 260° 23 kt 20140925.00
Part D: 55 66  61.6 hPa 240° 25 kt 20140925.00
Part D: 66 77  59.6 hPa 260° 20 kt 20140925.00
Part D: 77 88  57.7 hPa 285° 18 kt 20140925.00
Part D: 88 99  56.7 hPa 315° 20 kt 20140925.00
Part D: 99 11  49.5 hPa 315° 14 kt 20140925.00
Part D: 11 22  47.8 hPa 295° 14 kt 20140925.00
Part D: 22 33  47.0 hPa 335°  8 kt 20140925.00
Part D: 33 44  46.3 hPa  15°  7 kt 20140925.00
Part D: 44 55  44.2 hPa 120° 14 kt 20140925.00
Part D: 55 66  40.8 hPa  95° 36 kt 20140925.00
Part D: 66 77  35.6 hPa 105° 55 kt 20140925.00
Part D: 77 88  31.6 hPa  95° 61 kt 20140925.00
Part D: 88 99  29.4 hPa  85° 71 kt 20140925.00
Part D: 99 11  26.2 hPa  90° 59 kt 20140925.00
Part D: 11 22  23.4 hPa  75° 65 kt 20140925.00
Part D: 22 33  19.6 hPa  75° 59 kt 20140925.00
Part D: 33 44  17.5 hPa  85° 73 kt 20140925.00
Part D: 44 55  16.0 hPa  90° 59 kt 20140925.00
Part D: 55 66  14.2 hPa  90° 48 kt 20140925.00
Part D: 66 77   9.9 hPa 100° 54 kt 20140925.00
Part D: 77 88   9.5 hPa  95° 60 kt 20140925.00
Part D: 88 99   7.8 hPa  70° 44 kt 20140925.00
Part D: 99 11   7.5 hPa  60° 41 kt 20140925.00
Part D: 11 22   6.7 hPa  75° 29 kt 20140925.00
Part D: 22 33   6.4 hPa  50° 15 kt 20140925.00
Part D: 33 44   6.2 hPa 340°  9 kt 20140925.00
Part D: 44 55   5.9 hPa 320° 19 kt 20140925.00
Part D: 55 66   5.7 hPa 320° 28 kt 20140925.00
Part D: 66 77   5.4 hPa 355° 26 kt 20140925.00
Part D: 77 88   5.1 hPa 265°  3 kt 20140925.00
Part D: 88 99   5.0 hPa 335° 12 kt 20140925.00
Part A:       100.0 hPa 100° 30 kt 20140926.00
Part C:        70.0 hPa 280° 34 kt 20140926.00
Part C:        50.0 hPa 190° 10 kt 20140926.00
Part C:        30.0 hPa  80° 61 kt 20140926.00
Part C:        20.0 hPa  95° 51 kt 20140926.00
Part C:        10.0 hPa  90° 55 kt 20140926.00
Part D: 11     98.7 hPa 100° 32 kt 20140926.00
Part D: 11 22  96.8 hPa  85° 14 kt 20140926.00
Part D: 22 33  94.5 hPa 285°  9 kt 20140926.00
Part D: 33 44  92.3 hPa 265° 19 kt 20140926.00
Part D: 44 55  88.5 hPa 265° 36 kt 20140926.00
Part D: 55 66  84.3 hPa 290° 31 kt 20140926.00
Part D: 66 77  77.8 hPa 280° 33 kt 20140926.00
Part D: 77 88  74.1 hPa 280° 33 kt 20140926.00
Part D: 88 99  56.6 hPa 345° 23 kt 20140926.00
Part D: 99 11  55.7 hPa 360° 20 kt 20140926.00
Part D: 11 22  53.9 hPa   5°  9 kt 20140926.00
Part D: 22 33  49.6 hPa 205° 13 kt 20140926.00
Part D: 33 44  48.8 hPa 225° 15 kt 20140926.00
Part D: 44 55  38.3 hPa  90° 47 kt 20140926.00
Part D: 55 66  33.9 hPa  80° 49 kt 20140926.00
Part D: 66 77  26.5 hPa  95° 55 kt 20140926.00
Part D: 77 88  25.6 hPa  90° 54 kt 20140926.00
Part D: 88 99  24.7 hPa  95° 54 kt 20140926.00
Part D: 99 11  23.8 hPa  95° 58 kt 20140926.00
Part D: 11 22  23.0 hPa  95° 57 kt 20140926.00
Part D: 22 33  22.2 hPa  95° 54 kt 20140926.00
Part D: 33 44  14.0 hPa  90° 56 kt 20140926.00
Part D: 44 55  13.2 hPa  80° 61 kt 20140926.00
Part D: 55 66  11.6 hPa  85° 51 kt 20140926.00
Part D: 66 77  10.2 hPa  90° 59 kt 20140926.00
Part D: 77 88   9.0 hPa  85° 76 kt 20140926.00
Part D: 88 99   8.8 hPa  85° 76 kt 20140926.00
Part D: 99 11   7.5 hPa  90° 65 kt 20140926.00
Part D: 11 22   7.1 hPa  80° 54 kt 20140926.00
Part D: 22 33   6.9 hPa  90° 48 kt 20140926.00
Part D: 33 44   6.6 hPa  90° 18 kt 20140926.00
Part D: 44 55   6.5 hPa  95° 24 kt 20140926.00
Part D: 55 66   6.4 hPa  85° 12 kt 20140926.00
Part D: 66 77   6.2 hPa 355° 10 kt 20140926.00
Part A:       100.0 hPa  75° 29 kt 20140928.00
Part C:        70.0 hPa 275° 17 kt 20140928.00
Part C:        50.0 hPa 220°  7 kt 20140928.00
Part C:        30.0 hPa 100° 53 kt 20140928.00
Part C:        20.0 hPa  80° 67 kt 20140928.00
Part C:        10.0 hPa 100° 68 kt 20140928.00
Part D: 11     97.2 hPa  45°  8 kt 20140928.00
Part D: 11 22  95.3 hPa 280°  8 kt 20140928.00
Part D: 22 33  92.3 hPa 250° 24 kt 20140928.00
Part D: 33 44  86.8 hPa 265° 15 kt 20140928.00
Part D: 44 55  78.6 hPa 270° 41 kt 20140928.00
Part D: 55 66  70.2 hPa 275° 17 kt 20140928.00
Part D: 66 77  65.8 hPa 245° 20 kt 20140928.00
Part D: 77 88  59.5 hPa 265° 13 kt 20140928.00
Part D: 88 99  57.6 hPa 240° 15 kt 20140928.00
Part D: 99 11  55.7 hPa 195° 12 kt 20140928.00
Part D: 11 22  51.2 hPa 215° 10 kt 20140928.00
Part D: 22 33  49.5 hPa 225°  3 kt 20140928.00
Part D: 33 44  48.7 hPa 355°  7 kt 20140928.00
Part D: 44 55  47.9 hPa 355° 13 kt 20140928.00
Part D: 55 66  47.1 hPa   5° 18 kt 20140928.00
Part D: 66 77  45.6 hPa  15° 15 kt 20140928.00
Part D: 77 88  43.4 hPa  40° 15 kt 20140928.00
Part D: 88 99  40.5 hPa  80° 39 kt 20140928.00
Part D: 99 11  39.1 hPa  95° 38 kt 20140928.00
Part D: 11 22  33.6 hPa 105° 50 kt 20140928.00
Part D: 22 33  30.2 hPa 100° 54 kt 20140928.00
Part D: 33 44  29.2 hPa  95° 54 kt 20140928.00
Part D: 44 55  21.3 hPa  80° 65 kt 20140928.00
Part D: 55 66  16.0 hPa  85° 74 kt 20140928.00
Part D: 66 77  13.8 hPa  90° 62 kt 20140928.00
Part D: 77 88  13.4 hPa  90° 69 kt 20140928.00
Part D: 88 99  12.2 hPa  95° 66 kt 20140928.00
Part D: 99 11   9.5 hPa 100° 77 kt 20140928.00
Part D: 11 22   8.5 hPa  95° 68 kt 20140928.00
Part A:       100.0 hPa  50° 32 kt 20140929.00
Part C:        70.0 hPa 230° 22 kt 20140929.00
Part C:        50.0 hPa 340° 10 kt 20140929.00
Part C:        30.0 hPa  85° 62 kt 20140929.00
Part C:        20.0 hPa  90° 71 kt 20140929.00
Part C:        10.0 hPa  85° 76 kt 20140929.00
Part D: 11     97.8 hPa  60° 20 kt 20140929.00
Part D: 11 22  96.1 hPa  35°  8 kt 20140929.00
Part D: 22 33  94.4 hPa 325°  7 kt 20140929.00
Part D: 33 44  89.4 hPa 140°  9 kt 20140929.00
Part D: 44 55  86.4 hPa 230° 11 kt 20140929.00
Part D: 55 66  82.3 hPa 260° 23 kt 20140929.00
Part D: 66 77  79.6 hPa 270° 27 kt 20140929.00
Part D: 77 88  75.7 hPa 275° 15 kt 20140929.00
Part D: 88 99  69.7 hPa 230° 22 kt 20140929.00
Part D: 99 11  63.0 hPa 255° 17 kt 20140929.00
Part D: 11 22  60.9 hPa 305°  7 kt 20140929.00
Part D: 22 33  59.0 hPa 285° 13 kt 20140929.00
Part D: 33 44  57.0 hPa 340°  8 kt 20140929.00
Part D: 44 55  55.3 hPa 290° 11 kt 20140929.00
Part D: 55 66  50.0 hPa 340° 10 kt 20140929.00
Part D: 66 77  49.1 hPa  10° 11 kt 20140929.00
Part D: 77 88  46.7 hPa 100° 13 kt 20140929.00
Part D: 88 99  44.4 hPa  80° 17 kt 20140929.00
Part D: 99 11  42.9 hPa 105° 30 kt 20140929.00
Part D: 11 22  40.7 hPa 135° 25 kt 20140929.00
Part D: 22 33  36.7 hPa 100° 42 kt 20140929.00
Part D: 33 44  35.4 hPa  85° 45 kt 20140929.00
Part D: 44 55  31.5 hPa  75° 59 kt 20140929.00
Part D: 55 66  25.4 hPa  80° 65 kt 20140929.00
Part D: 66 77  22.8 hPa  80° 59 kt 20140929.00
Part D: 77 88  20.1 hPa  90° 71 kt 20140929.00
Part D: 88 99  18.4 hPa 100° 68 kt 20140929.00
Part D: 99 11  14.8 hPa  95° 65 kt 20140929.00
Part D: 11 22  13.2 hPa  80° 83 kt 20140929.00
Part D: 22 33  13.0 hPa  80° 75 kt 20140929.00
Part D: 33 44  11.8 hPa  80° 83 kt 20140929.00
Part D: 44 55   9.6 hPa  90° 74 kt 20140929.00
Part D: 55 66   8.6 hPa  90° 71 kt 20140929.00
Part D: 66 77   7.7 hPa 120° 43 kt 20140929.00
Part D: 77 88   7.5 hPa 125° 52 kt 20140929.00
Part D: 88 99   6.9 hPa 100° 42 kt 20140929.00
Part D: 99 11   6.6 hPa 110° 14 kt 20140929.00
Part A:       100.0 hPa 105° 11 kt 20140930.00
Part C:        70.0 hPa 255° 14 kt 20140930.00
Part C:        50.0 hPa 280° 11 kt 20140930.00
Part C:        30.0 hPa  95° 62 kt 20140930.00
Part C:        20.0 hPa  90° 72 kt 20140930.00
Part C:        10.0 hPa  95° 70 kt 20140930.00
Part D: 11     97.1 hPa  70° 19 kt 20140930.00
Part D: 11 22  93.5 hPa 295°  4 kt 20140930.00
Part D: 22 33  91.8 hPa 260°  8 kt 20140930.00
Part D: 33 44  90.1 hPa 270° 12 kt 20140930.00
Part D: 44 55  77.5 hPa 240°  5 kt 20140930.00
Part D: 55 66  74.9 hPa 235° 15 kt 20140930.00
Part D: 66 77  72.5 hPa 250°  8 kt 20140930.00
Part D: 77 88  66.2 hPa 280° 17 kt 20140930.00
Part D: 88 99  64.2 hPa 290°  7 kt 20140930.00
Part D: 99 11  63.3 hPa 290°  8 kt 20140930.00
Part D: 11 22  58.1 hPa 215°  6 kt 20140930.00
Part D: 22 33  54.4 hPa 240° 17 kt 20140930.00
Part D: 33 44  51.9 hPa 275° 17 kt 20140930.00
Part D: 44 55  49.5 hPa 275° 10 kt 20140930.00
Part D: 55 66  47.8 hPa 180°  3 kt 20140930.00
Part D: 66 77  47.0 hPa 165° 10 kt 20140930.00
Part D: 77 88  46.2 hPa 185° 15 kt 20140930.00
Part D: 88 99  43.2 hPa 145° 20 kt 20140930.00
Part D: 99 11  40.5 hPa  95° 29 kt 20140930.00
Part D: 11 22  36.4 hPa  90° 37 kt 20140930.00
Part D: 22 33  31.9 hPa  95° 57 kt 20140930.00
Part D: 33 44  30.8 hPa  95° 64 kt 20140930.00
Part D: 44 55  21.4 hPa  85° 76 kt 20140930.00
Part D: 55 66  20.7 hPa  90° 77 kt 20140930.00
Part D: 66 77  20.3 hPa  90° 70 kt 20140930.00
Part D: 77 88  17.6 hPa  95° 78 kt 20140930.00
Part D: 88 99  16.9 hPa 100° 73 kt 20140930.00
Part D: 99 11  14.4 hPa 100° 65 kt 20140930.00
Part D: 11 22  12.3 hPa  90° 69 kt 20140930.00
Part D: 22 33   9.1 hPa 100° 73 kt 20140930.00
Part D: 33 44   8.6 hPa 115° 59 kt 20140930.00
Part D: 44 55   8.4 hPa 120° 75 kt 20140930.00
Part D: 55 66   8.1 hPa 110° 55 kt 20140930.00
Part D: 66 77   8.0 hPa 130° 49 kt 20140930.00
Interpoliere die QBO aus den RS Daten
 Jahr:        2014 Date:        1409
 Filepath: 
 ./qbo_data_new/qbo.dat
