Pararmeterliste beim QBO Aufruf:  -g -w -a 2014.10 --
2014.10
Kopiere RS Daten aus dem Archiv
 TTCC  51001 48698                                                                                                                                                                                                                                               
 8                                                                                                                                                                                                                                               
 TTCC 5111/ 48698 NIL=                                                                                                                                                                                                                                           
 =                                                                                                                                                                                                                                           
 TTCC  52001 48698                                                                                                                                                                                                                                               
 8                                                                                                                                                                                                                                               
 TTCC 5211/ 48698 NIL=                                                                                                                                                                                                                                           
 =                                                                                                                                                                                                                                           
 TTCC  53001 48698                                                                                                                                                                                                                                               
 8                                                                                                                                                                                                                                               
 TTCC 5311/ 48698 NIL=                                                                                                                                                                                                                                           
 =                                                                                                                                                                                                                                           
 TTCC  54005 48698                                                                                                                                                                                                                                               
 8                                                                                                                                                                                                                                               
 TTCC 5411/ 48698 NIL=                                                                                                                                                                                                                                           
 =                                                                                                                                                                                                                                           
 TTCC  55001 48698                                                                                                                                                                                                                                               
 8                                                                                                                                                                                                                                               
 TTCC 5511/ 48698 NIL=                                                                                                                                                                                                                                           
 =                                                                                                                                                                                                                                           
 TTCC  5600/ 48698                                                                                                                                                                                                                                               
 8                                                                                                                                                                                                                                               
 TTCC 5611/ 48698 NIL=                                                                                                                                                                                                                                           
 =                                                                                                                                                                                                                                           
 TTCC  57001 48698                                                                                                                                                                                                                                               
 8                                                                                                                                                                                                                                               
 TTCC 5711/ 48698 NIL=                                                                                                                                                                                                                                           
 =                                                                                                                                                                                                                                           
 TTCC  58001 48698                                                                                                                                                                                                                                               
 8                                                                                                                                                                                                                                               
 TTCC 5811/ 48698 NIL=                                                                                                                                                                                                                                           
 =                                                                                                                                                                                                                                           
 TTCC  59001 48698                                                                                                                                                                                                                                               
 8                                                                                                                                                                                                                                               
 TTCC 5911/ 48698 NIL=                                                                                                                                                                                                                                           
 =                                                                                                                                                                                                                                           
 TTCC  60001 48698                                                                                                                                                                                                                                               
 8                                                                                                                                                                                                                                               
 TTCC 6011/ 48698 NIL=                                                                                                                                                                                                                                           
 =                                                                                                                                                                                                                                           
 TTCC  61001 48698                                                                                                                                                                                                                                               
 8                                                                                                                                                                                                                                               
 TTCC 6111/ 48698 NIL=                                                                                                                                                                                                                                           
 =                                                                                                                                                                                                                                           
 TTCC  62001 48698                                                                                                                                                                                                                                               
 8                                                                                                                                                                                                                                               
 TTCC 6211/ 48698 NIL=                                                                                                                                                                                                                                           
 =                                                                                                                                                                                                                                           
 TTCC  63001 48698                                                                                                                                                                                                                                               
 8                                                                                                                                                                                                                                               
 TTCC 6311/ 48698 NIL=                                                                                                                                                                                                                                           
 =                                                                                                                                                                                                                                           
 TTCC  64001 48698                                                                                                                                                                                                                                               
 8                                                                                                                                                                                                                                               
 TTCC 6411/ 48698 NIL=                                                                                                                                                                                                                                           
 =                                                                                                                                                                                                                                           
 TTCC  65001 48698                                                                                                                                                                                                                                               
 8                                                                                                                                                                                                                                               
 TTCC 6511/ 48698 NIL=                                                                                                                                                                                                                                           
 =                                                                                                                                                                                                                                           
 TTCC  66001 48698                                                                                                                                                                                                                                               
 8                                                                                                                                                                                                                                               
 TTCC 6611/ 48698 NIL=                                                                                                                                                                                                                                           
 =                                                                                                                                                                                                                                           
 TTCC  67001 48698                                                                                                                                                                                                                                               
 8                                                                                                                                                                                                                                               
 TTCC 6711/ 48698 NIL=                                                                                                                                                                                                                                           
 =                                                                                                                                                                                                                                           
 TTCC  68001 48698                                                                                                                                                                                                                                               
 8                                                                                                                                                                                                                                               
 TTCC 6811/ 48698 NIL=                                                                                                                                                                                                                                           
 =                                                                                                                                                                                                                                           
 TTCC  69001 48698                                                                                                                                                                                                                                               
 8                                                                                                                                                                                                                                               
 TTCC 6911/ 48698 NIL=                                                                                                                                                                                                                                           
 =                                                                                                                                                                                                                                           
 TTCC  70002 48698                                                                                                                                                                                                                                               
 8                                                                                                                                                                                                                                               
 TTCC 7011/ 48698 NIL=                                                                                                                                                                                                                                           
 =                                                                                                                                                                                                                                           
 TTCC  71001 48698                                                                                                                                                                                                                                               
 8                                                                                                                                                                                                                                               
 TTCC 7111/ 48698 NIL=                                                                                                                                                                                                                                           
 =                                                                                                                                                                                                                                           
 TTCC  7200/ 48698                                                                                                                                                                                                                                               
 8                                                                                                                                                                                                                                               
 TTCC 7211/ 48698 NIL=                                                                                                                                                                                                                                           
 =                                                                                                                                                                                                                                           
 TTCC  73001 48698                                                                                                                                                                                                                                               
 8                                                                                                                                                                                                                                               
 TTCC 7311/ 48698 NIL=                                                                                                                                                                                                                                           
 =                                                                                                                                                                                                                                           
 TTCC  74001 48698                                                                                                                                                                                                                                               
 8                                                                                                                                                                                                                                               
 TTCC 7411/ 48698 NIL=                                                                                                                                                                                                                                           
 =                                                                                                                                                                                                                                           
 TTCC  75001 48698                                                                                                                                                                                                                                               
 8                                                                                                                                                                                                                                               
 TTCC 7511/ 48698 NIL=                                                                                                                                                                                                                                           
 =                                                                                                                                                                                                                                           
 TTCC  76007 48698                                                                                                                                                                                                                                               
 8                                                                                                                                                                                                                                               
 TTCC 7611/ 48698 NIL=                                                                                                                                                                                                                                           
 =                                                                                                                                                                                                                                           
 TTCC  77001 48698                                                                                                                                                                                                                                               
 8                                                                                                                                                                                                                                               
 TTCC 7711/ 48698 NIL=                                                                                                                                                                                                                                           
 =                                                                                                                                                                                                                                           
 TTCC  78001 48698                                                                                                                                                                                                                                               
 8                                                                                                                                                                                                                                               
 TTCC 7811/ 48698 NIL=                                                                                                                                                                                                                                           
 =                                                                                                                                                                                                                                           
 TTCC  79001 48698                                                                                                                                                                                                                                               
 8                                                                                                                                                                                                                                               
 TTCC 7911/ 48698 NIL=                                                                                                                                                                                                                                           
 =                                                                                                                                                                                                                                           
 TTCC  80001 48698                                                                                                                                                                                                                                               
 8                                                                                                                                                                                                                                               
 TTCC 8011/ 48698 NIL=                                                                                                                                                                                                                                           
 =                                                                                                                                                                                                                                           
 TTCC  81001 48698                                                                                                                                                                                                                                               
 8                                                                                                                                                                                                                                               
 TTCC 8111/ 48698 NIL=                                                                                                                                                                                                                                           
 =                                                                                                                                                                                                                                           
Parse RS Daten
Part A:       100.0 hPa  80° 20 kt 20141001.00
Part C:        70.0 hPa 295° 26 kt 20141001.00
Part C:        50.0 hPa 245°  7 kt 20141001.00
Part C:        30.0 hPa  90° 63 kt 20141001.00
Part C:        20.0 hPa  90° 70 kt 20141001.00
Part C:        10.0 hPa  80° 66 kt 20141001.00
Part D: 11     96.7 hPa  20°  9 kt 20141001.00
Part D: 11 22  95.1 hPa 345°  7 kt 20141001.00
Part D: 22 33  93.5 hPa 310°  9 kt 20141001.00
Part D: 33 44  90.4 hPa 280° 11 kt 20141001.00
Part D: 44 55  87.4 hPa 275° 20 kt 20141001.00
Part D: 55 66  80.5 hPa 270° 18 kt 20141001.00
Part D: 66 77  69.5 hPa 295° 25 kt 20141001.00
Part D: 77 88  63.8 hPa 260° 20 kt 20141001.00
Part D: 88 99  61.7 hPa 260° 29 kt 20141001.00
Part D: 99 11  57.7 hPa 280° 26 kt 20141001.00
Part D: 11 22  55.9 hPa 260° 21 kt 20141001.00
Part D: 22 33  51.4 hPa 295° 11 kt 20141001.00
Part D: 33 44  48.0 hPa 195°  4 kt 20141001.00
Part D: 44 55  44.0 hPa 110° 17 kt 20141001.00
Part D: 55 66  41.0 hPa  70° 28 kt 20141001.00
Part D: 66 77  39.6 hPa  60° 29 kt 20141001.00
Part D: 77 88  36.4 hPa  95° 38 kt 20141001.00
Part D: 88 99  32.7 hPa  95° 58 kt 20141001.00
Part D: 99 11  29.4 hPa  80° 62 kt 20141001.00
Part D: 11 22  28.4 hPa  80° 68 kt 20141001.00
Part D: 22 33  25.5 hPa  90° 63 kt 20141001.00
Part D: 33 44  15.6 hPa  90° 74 kt 20141001.00
Part D: 44 55   9.0 hPa  85° 62 kt 20141001.00
Part D: 55 66   8.2 hPa  90° 27 kt 20141001.00
Part D: 66 77   7.8 hPa 110° 23 kt 20141001.00
Part D: 77 88   7.7 hPa 115° 14 kt 20141001.00
Part D: 88 99   7.6 hPa 155° 17 kt 20141001.00
Part D: 99 11   7.2 hPa 135°  7 kt 20141001.00
Part D: 11 22   7.0 hPa 250°  8 kt 20141001.00
Part A:       100.0 hPa 155° 19 kt 20141002.00
Part C:        70.0 hPa 300° 26 kt 20141002.00
Part C:        50.0 hPa 240° 12 kt 20141002.00
Part C:        30.0 hPa  80° 68 kt 20141002.00
Part C:        20.0 hPa  90° 76 kt 20141002.00
Part C:        10.0 hPa  90° 51 kt 20141002.00
Part D: 11     88.2 hPa 275° 17 kt 20141002.00
Part D: 11 22  80.0 hPa 285° 38 kt 20141002.00
Part D: 22 33  71.4 hPa 300° 25 kt 20141002.00
Part D: 33 44  67.2 hPa 300° 14 kt 20141002.00
Part D: 44 55  64.1 hPa 255° 23 kt 20141002.00
Part D: 55 66  56.4 hPa 275° 11 kt 20141002.00
Part D: 66 77  53.0 hPa 255° 18 kt 20141002.00
Part D: 77 88  51.3 hPa 265° 15 kt 20141002.00
Part D: 88 99  47.9 hPa 215° 13 kt 20141002.00
Part D: 99 11  46.3 hPa  95°  5 kt 20141002.00
Part D: 11 22  45.6 hPa  70°  7 kt 20141002.00
Part D: 22 33  44.2 hPa 110°  6 kt 20141002.00
Part D: 33 44  40.8 hPa  75° 34 kt 20141002.00
Part D: 44 55  38.2 hPa 105° 45 kt 20141002.00
Part D: 55 66  34.6 hPa 100° 57 kt 20141002.00
Part D: 66 77  31.9 hPa  95° 57 kt 20141002.00
Part D: 77 88  30.2 hPa  80° 67 kt 20141002.00
Part D: 88 99  27.7 hPa  95° 63 kt 20141002.00
Part D: 99 11  21.4 hPa  95° 80 kt 20141002.00
Part D: 11 22  16.8 hPa 100° 65 kt 20141002.00
Part D: 22 33  13.9 hPa 100° 58 kt 20141002.00
Part D: 33 44  11.3 hPa  95° 51 kt 20141002.00
Part D: 44 55   9.6 hPa  95° 57 kt 20141002.00
Part D: 55 66   7.6 hPa  20°  8 kt 20141002.00
Part D: 66 77   7.4 hPa  65°  9 kt 20141002.00
Part D: 77 88   6.8 hPa 195°  8 kt 20141002.00
Part D: 88 99   6.7 hPa 180° 12 kt 20141002.00
Part A:       100.0 hPa 155° 21 kt 20141003.00
Part C:        70.0 hPa 265° 13 kt 20141003.00
Part C:        50.0 hPa 230° 14 kt 20141003.00
Part C:        30.0 hPa  80° 66 kt 20141003.00
Part C:        20.0 hPa  90° 68 kt 20141003.00
Part C:        10.0 hPa  90° 57 kt 20141003.00
Part D: 11     98.0 hPa 170° 11 kt 20141003.00
Part D: 11 22  92.2 hPa 290° 35 kt 20141003.00
Part D: 22 33  78.2 hPa 275° 18 kt 20141003.00
Part D: 33 44  75.6 hPa 275° 11 kt 20141003.00
Part D: 44 55  72.0 hPa 250° 19 kt 20141003.00
Part D: 55 66  65.0 hPa 285° 11 kt 20141003.00
Part D: 66 77  58.7 hPa 290° 12 kt 20141003.00
Part D: 77 88  55.9 hPa 230°  5 kt 20141003.00
Part D: 88 99  55.0 hPa 255° 10 kt 20141003.00
Part D: 99 11  53.2 hPa 245° 15 kt 20141003.00
Part D: 11 22  48.9 hPa 210°  7 kt 20141003.00
Part D: 22 33  48.0 hPa 160°  4 kt 20141003.00
Part D: 33 44  44.8 hPa  80°  5 kt 20141003.00
Part D: 44 55  41.8 hPa 130° 30 kt 20141003.00
Part D: 55 66  41.1 hPa 140° 29 kt 20141003.00
Part D: 66 77  39.0 hPa 100° 47 kt 20141003.00
Part D: 77 88  35.9 hPa  85° 52 kt 20141003.00
Part D: 88 99  32.9 hPa  80° 64 kt 20141003.00
Part D: 99 11  28.0 hPa  85° 75 kt 20141003.00
Part D: 11 22  22.3 hPa  90° 76 kt 20141003.00
Part D: 22 33  18.3 hPa  90° 62 kt 20141003.00
Part D: 33 44  15.8 hPa  75° 57 kt 20141003.00
Part D: 44 55  10.7 hPa  85° 55 kt 20141003.00
Part D: 55 66   8.6 hPa  85° 68 kt 20141003.00
Part D: 66 77   8.0 hPa 100° 42 kt 20141003.00
Part D: 77 88   7.8 hPa 105° 53 kt 20141003.00
Part D: 88 99   7.6 hPa  95° 52 kt 20141003.00
Part D: 99 11   7.5 hPa 100° 41 kt 20141003.00
Part D: 11 22   7.1 hPa  80° 29 kt 20141003.00
Part D: 22 33   7.0 hPa  75° 15 kt 20141003.00
Part D: 33 44   6.8 hPa  40° 15 kt 20141003.00
Part D: 44 55   6.7 hPa  65° 17 kt 20141003.00
Part A:       100.0 hPa  60° 21 kt 20141004.00
Part C:        70.0 hPa 355° 15 kt 20141004.00
Part C:        50.0 hPa 265° 11 kt 20141004.00
Part D: 11     93.6 hPa  25° 14 kt 20141004.00
Part D: 11 22  92.2 hPa   5° 16 kt 20141004.00
Part D: 22 33  89.3 hPa 350° 17 kt 20141004.00
Part D: 33 44  84.3 hPa 270° 11 kt 20141004.00
Part D: 44 55  81.2 hPa 280°  4 kt 20141004.00
Part D: 55 66  79.9 hPa 315°  8 kt 20141004.00
Part D: 66 77  76.2 hPa 350° 14 kt 20141004.00
Part D: 77 88  75.0 hPa 355° 12 kt 20141004.00
Part D: 88 99  72.9 hPa 360° 13 kt 20141004.00
Part D: 99 11  70.7 hPa 355° 17 kt 20141004.00
Part D: 11 22  67.1 hPa 325° 10 kt 20141004.00
Part D: 22 33  66.0 hPa 320° 14 kt 20141004.00
Part D: 33 44  61.8 hPa 290°  8 kt 20141004.00
Part D: 44 55  60.7 hPa 295°  7 kt 20141004.00
Part D: 55 66  58.6 hPa 280° 15 kt 20141004.00
Part D: 66 77  56.5 hPa 230°  9 kt 20141004.00
Part D: 77 88  54.6 hPa 265°  8 kt 20141004.00
Part D: 88 99  52.8 hPa 235° 14 kt 20141004.00
Part D: 99 11  52.0 hPa 240° 15 kt 20141004.00
Part D: 11 22  49.4 hPa 295° 10 kt 20141004.00
Part D: 22 33  47.8 hPa 265°  5 kt 20141004.00
Part D: 33 44  47.0 hPa 240°  4 kt 20141004.00
Part D: 44 55  44.9 hPa  95° 14 kt 20141004.00
Part A:       100.0 hPa  80° 27 kt 20141005.00
Part C:        70.0 hPa 215°  5 kt 20141005.00
Part C:        50.0 hPa 250° 18 kt 20141005.00
Part C:        30.0 hPa  95° 60 kt 20141005.00
Part C:        20.0 hPa  85° 74 kt 20141005.00
Part C:        10.0 hPa  90° 76 kt 20141005.00
Part D: 11     97.8 hPa  65° 13 kt 20141005.00
Part D: 11 22  95.5 hPa 345°  8 kt 20141005.00
Part D: 22 33  91.7 hPa 280° 10 kt 20141005.00
Part D: 33 44  86.2 hPa 315° 11 kt 20141005.00
Part D: 44 55  84.4 hPa 345° 14 kt 20141005.00
Part D: 55 66  82.7 hPa 340° 18 kt 20141005.00
Part D: 66 77  81.0 hPa   5° 15 kt 20141005.00
Part D: 77 88  78.1 hPa 325°  2 kt 20141005.00
Part D: 88 99  76.9 hPa  85°  3 kt 20141005.00
Part D: 99 11  75.8 hPa 185°  6 kt 20141005.00
Part D: 11 22  65.9 hPa 285° 10 kt 20141005.00
Part D: 22 33  63.8 hPa 250° 13 kt 20141005.00
Part D: 33 44  61.8 hPa 245° 22 kt 20141005.00
Part D: 44 55  52.2 hPa 270° 26 kt 20141005.00
Part D: 55 66  48.7 hPa 240° 15 kt 20141005.00
Part D: 66 77  47.1 hPa 240°  6 kt 20141005.00
Part D: 77 88  46.3 hPa 160°  9 kt 20141005.00
Part D: 88 99  44.1 hPa 140° 12 kt 20141005.00
Part D: 99 11  42.7 hPa 115°  6 kt 20141005.00
Part D: 11 22  40.7 hPa  70° 14 kt 20141005.00
Part D: 22 33  37.3 hPa 105° 51 kt 20141005.00
Part D: 33 44  32.6 hPa  85° 47 kt 20141005.00
Part D: 44 55  30.5 hPa  95° 58 kt 20141005.00
Part D: 55 66  26.0 hPa  90° 69 kt 20141005.00
Part D: 66 77  23.9 hPa  95° 63 kt 20141005.00
Part D: 77 88  20.7 hPa  85° 78 kt 20141005.00
Part D: 88 99  15.5 hPa  90° 82 kt 20141005.00
Part D: 99 11  12.8 hPa  95° 77 kt 20141005.00
Part D: 11 22   9.4 hPa  85° 85 kt 20141005.00
Part D: 22 33   8.3 hPa 100° 52 kt 20141005.00
Part D: 33 44   7.9 hPa  85° 54 kt 20141005.00
Part D: 44 55   7.3 hPa 120° 40 kt 20141005.00
Part D: 55 66   7.0 hPa 105° 31 kt 20141005.00
Part A:       100.0 hPa 335° 18 kt 20141007.00
Part C:        70.0 hPa 285°  8 kt 20141007.00
Part C:        50.0 hPa 170°  6 kt 20141007.00
Part C:        30.0 hPa  95° 64 kt 20141007.00
Part C:        20.0 hPa  95° 72 kt 20141007.00
Part C:        10.0 hPa  85° 55 kt 20141007.00
Part D: 11     97.6 hPa 295° 14 kt 20141007.00
Part D: 11 22  91.0 hPa 280° 18 kt 20141007.00
Part D: 22 33  84.2 hPa 325° 22 kt 20141007.00
Part D: 33 44  77.4 hPa 350°  6 kt 20141007.00
Part D: 44 55  66.0 hPa 235° 17 kt 20141007.00
Part D: 55 66  63.8 hPa 250° 21 kt 20141007.00
Part D: 66 77  60.7 hPa 255° 30 kt 20141007.00
Part D: 77 88  51.6 hPa 205° 13 kt 20141007.00
Part D: 88 99  50.8 hPa 165° 10 kt 20141007.00
Part D: 99 11  47.5 hPa 190° 15 kt 20141007.00
Part D: 11 22  44.4 hPa 125° 14 kt 20141007.00
Part D: 22 33  42.2 hPa  95° 17 kt 20141007.00
Part D: 33 44  38.7 hPa 110° 37 kt 20141007.00
Part D: 44 55  36.1 hPa  80° 51 kt 20141007.00
Part D: 55 66  34.3 hPa  80° 59 kt 20141007.00
Part D: 66 77  29.4 hPa 100° 65 kt 20141007.00
Part D: 77 88  23.6 hPa 100° 74 kt 20141007.00
Part D: 88 99  18.6 hPa  95° 62 kt 20141007.00
Part D: 99 11  11.3 hPa  75° 57 kt 20141007.00
Part D: 11 22   9.0 hPa  75° 44 kt 20141007.00
Part D: 22 33   8.6 hPa 105° 33 kt 20141007.00
Part D: 33 44   8.4 hPa  75° 28 kt 20141007.00
Part D: 44 55   8.1 hPa  55° 21 kt 20141007.00
Part D: 55 66   7.8 hPa  80° 13 kt 20141007.00
Part D: 66 77   7.7 hPa  90° 17 kt 20141007.00
Part A:       100.0 hPa  35° 22 kt 20141008.00
Part C:        70.0 hPa 285° 23 kt 20141008.00
Part C:        50.0 hPa 210° 26 kt 20141008.00
Part C:        30.0 hPa  75° 65 kt 20141008.00
Part C:        20.0 hPa  85° 68 kt 20141008.00
Part C:        10.0 hPa 100° 54 kt 20141008.00
Part D: 11     95.1 hPa 360° 10 kt 20141008.00
Part D: 11 22  91.0 hPa 330° 18 kt 20141008.00
Part D: 22 33  83.5 hPa  30°  6 kt 20141008.00
Part D: 33 44  82.2 hPa  40°  5 kt 20141008.00
Part D: 44 55  79.8 hPa 280°  2 kt 20141008.00
Part D: 55 66  77.3 hPa 205°  5 kt 20141008.00
Part D: 66 77  74.7 hPa 300°  8 kt 20141008.00
Part D: 77 88  73.4 hPa 310° 12 kt 20141008.00
Part D: 88 99  69.7 hPa 285° 24 kt 20141008.00
Part D: 99 11  66.4 hPa 260° 25 kt 20141008.00
Part D: 11 22  61.3 hPa 240° 29 kt 20141008.00
Part D: 22 33  56.3 hPa 230° 24 kt 20141008.00
Part D: 33 44  54.4 hPa 240° 31 kt 20141008.00
Part D: 44 55  51.7 hPa 200° 27 kt 20141008.00
Part D: 55 66  47.2 hPa 205° 14 kt 20141008.00
Part D: 66 77  46.4 hPa 190° 14 kt 20141008.00
Part D: 77 88  44.8 hPa  75° 10 kt 20141008.00
Part D: 88 99  43.4 hPa  50° 22 kt 20141008.00
Part D: 99 11  41.9 hPa  75° 33 kt 20141008.00
Part D: 11 22  41.1 hPa  80° 28 kt 20141008.00
Part D: 22 33  37.7 hPa  70° 45 kt 20141008.00
Part D: 33 44  34.0 hPa  95° 55 kt 20141008.00
Part D: 44 55  29.6 hPa  80° 66 kt 20141008.00
Part D: 55 66  28.7 hPa  75° 66 kt 20141008.00
Part D: 66 77  27.7 hPa  80° 73 kt 20141008.00
Part D: 77 88  25.9 hPa  90° 65 kt 20141008.00
Part D: 88 99  22.9 hPa  85° 58 kt 20141008.00
Part D: 99 11  20.7 hPa  85° 71 kt 20141008.00
Part D: 11 22  17.3 hPa  95° 54 kt 20141008.00
Part D: 22 33  15.7 hPa 100° 60 kt 20141008.00
Part D: 33 44  12.8 hPa 100° 45 kt 20141008.00
Part D: 44 55  11.7 hPa  85° 45 kt 20141008.00
Part D: 55 66   9.7 hPa 100° 55 kt 20141008.00
Part D: 66 77   9.4 hPa 105° 48 kt 20141008.00
Part D: 77 88   8.9 hPa  80° 45 kt 20141008.00
Part D: 88 99   8.4 hPa  85° 31 kt 20141008.00
Part D: 99 11   7.7 hPa  65° 27 kt 20141008.00
Part D: 11 22   7.4 hPa  35° 17 kt 20141008.00
Part D: 22 33   7.3 hPa  10°  7 kt 20141008.00
Part D: 33 44   7.2 hPa 330° 10 kt 20141008.00
Part D: 44 55   6.9 hPa 330° 19 kt 20141008.00
Part D: 55 66   6.4 hPa 305°  7 kt 20141008.00
Part D: 66 77   6.3 hPa 280° 12 kt 20141008.00
Part D: 77 88   6.0 hPa 280° 16 kt 20141008.00
Part A:       100.0 hPa 185° 13 kt 20141009.00
Part C:        70.0 hPa 285°  7 kt 20141009.00
Part C:        50.0 hPa 300° 13 kt 20141009.00
Part C:        30.0 hPa  95° 64 kt 20141009.00
Part C:        20.0 hPa 100° 71 kt 20141009.00
Part C:        10.0 hPa  80° 63 kt 20141009.00
Part D: 11     98.7 hPa 210° 19 kt 20141009.00
Part D: 11 22  91.1 hPa 260° 11 kt 20141009.00
Part D: 22 33  78.9 hPa 235°  3 kt 20141009.00
Part D: 33 44  72.9 hPa 325° 15 kt 20141009.00
Part D: 44 55  70.7 hPa 310°  7 kt 20141009.00
Part D: 55 66  68.5 hPa 240° 12 kt 20141009.00
Part D: 66 77  66.4 hPa 240° 10 kt 20141009.00
Part D: 77 88  64.2 hPa 250°  9 kt 20141009.00
Part D: 88 99  62.2 hPa 260° 13 kt 20141009.00
Part D: 99 11  60.2 hPa 275°  8 kt 20141009.00
Part D: 11 22  57.5 hPa 300° 13 kt 20141009.00
Part D: 22 33  54.8 hPa 255° 11 kt 20141009.00
Part D: 33 44  51.4 hPa 245°  3 kt 20141009.00
Part D: 44 55  49.8 hPa 305° 15 kt 20141009.00
Part D: 55 66  48.1 hPa 310°  9 kt 20141009.00
Part D: 66 77  46.5 hPa  25°  9 kt 20141009.00
Part D: 77 88  42.5 hPa 105° 32 kt 20141009.00
Part D: 88 99  38.5 hPa 100° 47 kt 20141009.00
Part D: 99 11  32.1 hPa 100° 67 kt 20141009.00
Part D: 11 22  24.8 hPa  85° 62 kt 20141009.00
Part D: 22 33  23.5 hPa  85° 60 kt 20141009.00
Part D: 33 44  21.1 hPa  95° 75 kt 20141009.00
Part D: 44 55  19.7 hPa 100° 68 kt 20141009.00
Part D: 55 66  14.0 hPa  85° 60 kt 20141009.00
Part D: 66 77  12.3 hPa  80° 72 kt 20141009.00
Part D: 77 88   9.5 hPa  90° 59 kt 20141009.00
Part D: 88 99   9.2 hPa  90° 46 kt 20141009.00
Part D: 99 11   8.9 hPa  95° 55 kt 20141009.00
Part D: 11 22   8.8 hPa 100° 49 kt 20141009.00
Part D: 22 33   8.3 hPa  95° 57 kt 20141009.00
Part D: 33 44   7.9 hPa 120° 36 kt 20141009.00
Part D: 44 55   7.3 hPa  70°  3 kt 20141009.00
Part D: 55 66   7.1 hPa 305° 16 kt 20141009.00
Part D: 66 77   6.8 hPa 315°  6 kt 20141009.00
Part D: 77 88   6.6 hPa 265° 12 kt 20141009.00
Part D: 88 99   6.4 hPa 280° 19 kt 20141009.00
Part D: 99 11   6.3 hPa 305° 16 kt 20141009.00
Part D: 11 22   6.2 hPa 275°  7 kt 20141009.00
Part A:       100.0 hPa 260°  9 kt 20141010.00
Part C:        70.0 hPa  45°  3 kt 20141010.00
Part C:        50.0 hPa 285° 15 kt 20141010.00
Part C:        30.0 hPa  85° 73 kt 20141010.00
Part C:        20.0 hPa  80° 79 kt 20141010.00
Part C:        10.0 hPa 115° 59 kt 20141010.00
Part D: 11     91.5 hPa 350° 18 kt 20141010.00
Part D: 11 22  90.0 hPa 360° 19 kt 20141010.00
Part D: 22 33  83.4 hPa  30° 17 kt 20141010.00
Part D: 33 44  78.8 hPa  90°  5 kt 20141010.00
Part D: 44 55  76.1 hPa  70°  7 kt 20141010.00
Part D: 55 66  74.9 hPa 105°  5 kt 20141010.00
Part D: 66 77  73.8 hPa  70°  6 kt 20141010.00
Part D: 77 88  68.9 hPa 275°  5 kt 20141010.00
Part D: 88 99  66.5 hPa 270°  9 kt 20141010.00
Part D: 99 11  64.3 hPa 270° 14 kt 20141010.00
Part D: 11 22  60.2 hPa 280° 12 kt 20141010.00
Part D: 22 33  57.4 hPa 350°  2 kt 20141010.00
Part D: 33 44  55.5 hPa 270° 10 kt 20141010.00
Part D: 44 55  50.9 hPa 280° 19 kt 20141010.00
Part D: 55 66  48.3 hPa 260°  2 kt 20141010.00
Part D: 66 77  47.4 hPa 100°  5 kt 20141010.00
Part D: 77 88  45.9 hPa 135° 11 kt 20141010.00
Part D: 88 99  43.6 hPa 135° 29 kt 20141010.00
Part D: 99 11  41.3 hPa 115° 29 kt 20141010.00
Part D: 11 22  34.7 hPa  70° 56 kt 20141010.00
Part D: 22 33  31.8 hPa  80° 70 kt 20141010.00
Part D: 33 44  30.7 hPa  85° 70 kt 20141010.00
Part D: 44 55  28.1 hPa  95° 72 kt 20141010.00
Part D: 55 66  26.6 hPa  85° 77 kt 20141010.00
Part D: 66 77  25.2 hPa  85° 72 kt 20141010.00
Part D: 77 88  20.0 hPa  80° 79 kt 20141010.00
Part D: 88 99  13.7 hPa 100° 70 kt 20141010.00
Part D: 99 11  12.6 hPa 120° 68 kt 20141010.00
Part D: 11 22  11.9 hPa 130° 62 kt 20141010.00
Part D: 22 33  11.0 hPa 120° 57 kt 20141010.00
Part D: 33 44  10.6 hPa 125° 53 kt 20141010.00
Part D: 44 55   9.7 hPa 105° 62 kt 20141010.00
Part D: 55 66   9.1 hPa 105° 39 kt 20141010.00
Part D: 66 77   8.8 hPa 100° 46 kt 20141010.00
Part D: 77 88   8.4 hPa  80° 31 kt 20141010.00
Part D: 88 99   7.9 hPa  65° 28 kt 20141010.00
Part D: 99 11   7.6 hPa  70° 37 kt 20141010.00
Part A:       100.0 hPa   5° 19 kt 20141011.00
Part C:        70.0 hPa 295°  7 kt 20141011.00
Part C:        50.0 hPa 245° 14 kt 20141011.00
Part C:        30.0 hPa  85° 73 kt 20141011.00
Part C:        20.0 hPa 100° 72 kt 20141011.00
Part C:        10.0 hPa  75° 58 kt 20141011.00
Part D: 11     94.6 hPa  40° 32 kt 20141011.00
Part D: 11 22  91.2 hPa  50° 42 kt 20141011.00
Part D: 22 33  84.9 hPa  75° 14 kt 20141011.00
Part D: 33 44  83.4 hPa  95°  4 kt 20141011.00
Part D: 44 55  82.0 hPa 140°  4 kt 20141011.00
Part D: 55 66  80.7 hPa  85°  9 kt 20141011.00
Part D: 66 77  78.3 hPa  65° 11 kt 20141011.00
Part D: 77 88  76.0 hPa  70° 19 kt 20141011.00
Part D: 88 99  73.6 hPa  60°  9 kt 20141011.00
Part D: 99 11  69.3 hPa 305° 11 kt 20141011.00
Part D: 11 22  67.2 hPa 315° 12 kt 20141011.00
Part D: 22 33  64.1 hPa 270° 15 kt 20141011.00
Part D: 33 44  59.0 hPa 260° 20 kt 20141011.00
Part D: 44 55  56.2 hPa 265° 26 kt 20141011.00
Part D: 55 66  51.8 hPa 260° 20 kt 20141011.00
Part D: 66 77  47.5 hPa 170°  9 kt 20141011.00
Part D: 77 88  44.6 hPa 140° 16 kt 20141011.00
Part D: 88 99  41.2 hPa  65° 28 kt 20141011.00
Part D: 99 11  37.8 hPa  95° 44 kt 20141011.00
Part D: 11 22  35.3 hPa  85° 52 kt 20141011.00
Part D: 22 33  33.0 hPa  90° 67 kt 20141011.00
Part D: 33 44  30.5 hPa  95° 74 kt 20141011.00
Part D: 44 55  29.5 hPa  80° 73 kt 20141011.00
Part D: 55 66  26.6 hPa  85° 77 kt 20141011.00
Part D: 66 77  25.3 hPa  95° 68 kt 20141011.00
Part D: 77 88  23.7 hPa  90° 69 kt 20141011.00
Part D: 88 99  18.9 hPa 105° 67 kt 20141011.00
Part D: 99 11  15.4 hPa  95° 57 kt 20141011.00
Part D: 11 22  11.5 hPa  75° 59 kt 20141011.00
Part D: 22 33   8.5 hPa  90° 55 kt 20141011.00
Part D: 33 44   8.1 hPa  80° 22 kt 20141011.00
Part D: 44 55   7.9 hPa 100° 12 kt 20141011.00
Part D: 55 66   7.7 hPa  90° 24 kt 20141011.00
Part D: 66 77   7.3 hPa  60° 33 kt 20141011.00
Part D: 77 88   7.0 hPa  90° 35 kt 20141011.00
Part D: 88 99   6.6 hPa  95° 19 kt 20141011.00
Part D: 99 11   6.1 hPa  60° 49 kt 20141011.00
Part D: 11 22   5.7 hPa  85° 34 kt 20141011.00
Part D: 22 33   5.6 hPa  65° 22 kt 20141011.00
Part D: 33 44   5.4 hPa 115°  7 kt 20141011.00
Part D: 44 55   5.3 hPa 145° 18 kt 20141011.00
Part A:       100.0 hPa 115° 20 kt 20141012.00
Part C:        70.0 hPa 335° 12 kt 20141012.00
Part C:        50.0 hPa 225° 19 kt 20141012.00
Part C:        30.0 hPa  80° 71 kt 20141012.00
Part C:        20.0 hPa  85° 65 kt 20141012.00
Part C:        10.0 hPa  85° 43 kt 20141012.00
Part D: 11     94.3 hPa  90°  4 kt 20141012.00
Part D: 11 22  90.4 hPa 280°  3 kt 20141012.00
Part D: 22 33  86.9 hPa 245°  7 kt 20141012.00
Part D: 33 44  84.0 hPa 275° 10 kt 20141012.00
Part D: 44 55  81.0 hPa 320°  4 kt 20141012.00
Part D: 55 66  79.6 hPa  20°  1 kt 20141012.00
Part D: 66 77  77.2 hPa   5°  7 kt 20141012.00
Part D: 77 88  76.2 hPa 345° 11 kt 20141012.00
Part D: 88 99  74.0 hPa  15°  7 kt 20141012.00
Part D: 99 11  73.0 hPa 350° 11 kt 20141012.00
Part D: 11 22  66.8 hPa  10°  3 kt 20141012.00
Part D: 22 33  64.6 hPa 250° 12 kt 20141012.00
Part D: 33 44  60.0 hPa 285° 13 kt 20141012.00
Part D: 44 55  49.2 hPa 225° 19 kt 20141012.00
Part D: 55 66  45.4 hPa 195°  5 kt 20141012.00
Part D: 66 77  44.1 hPa  75°  9 kt 20141012.00
Part D: 77 88  42.8 hPa  75° 15 kt 20141012.00
Part D: 88 99  41.4 hPa  60° 24 kt 20141012.00
Part D: 99 11  38.0 hPa  70° 46 kt 20141012.00
Part D: 11 22  36.1 hPa  90° 56 kt 20141012.00
Part D: 22 33  30.6 hPa  85° 71 kt 20141012.00
Part D: 33 44  30.1 hPa  80° 71 kt 20141012.00
Part D: 44 55  27.8 hPa 100° 63 kt 20141012.00
Part D: 55 66  25.0 hPa  90° 67 kt 20141012.00
Part D: 66 77  15.5 hPa  90° 50 kt 20141012.00
Part D: 77 88  12.4 hPa 100° 43 kt 20141012.00
Part D: 88 99   8.7 hPa  70° 49 kt 20141012.00
Part D: 99 11   8.3 hPa  50° 29 kt 20141012.00
Part D: 11 22   8.0 hPa  90° 21 kt 20141012.00
Part D: 22 33   7.8 hPa  75° 17 kt 20141012.00
Part D: 33 44   7.5 hPa  95° 16 kt 20141012.00
Part D: 44 55   7.4 hPa 110°  7 kt 20141012.00
Part D: 55 66   7.2 hPa 110° 20 kt 20141012.00
Part D: 66 77   6.6 hPa 185° 26 kt 20141012.00
Part D: 77 88   6.2 hPa 135° 13 kt 20141012.00
Part D: 88 99   6.1 hPa 150° 12 kt 20141012.00
Part D: 99 11   5.9 hPa 105° 21 kt 20141012.00
Part D: 11 22   5.8 hPa  15°  9 kt 20141012.00
Part A:       100.0 hPa 185° 25 kt 20141013.00
Part C:        70.0 hPa 270° 17 kt 20141013.00
Part C:        50.0 hPa 260° 18 kt 20141013.00
Part C:        30.0 hPa  85° 62 kt 20141013.00
Part C:        20.0 hPa 100° 69 kt 20141013.00
Part C:        10.0 hPa  95° 52 kt 20141013.00
Part D: 11     88.4 hPa  15°  6 kt 20141013.00
Part D: 11 22  87.0 hPa  15°  8 kt 20141013.00
Part D: 22 33  84.3 hPa  45° 14 kt 20141013.00
Part D: 33 44  81.6 hPa  35° 17 kt 20141013.00
Part D: 44 55  76.5 hPa  70° 22 kt 20141013.00
Part D: 55 66  75.4 hPa  65° 15 kt 20141013.00
Part D: 66 77  73.0 hPa 280°  6 kt 20141013.00
Part D: 77 88  70.5 hPa 265° 18 kt 20141013.00
Part D: 88 99  67.0 hPa 325° 14 kt 20141013.00
Part D: 99 11  64.7 hPa 245°  7 kt 20141013.00
Part D: 11 22  62.5 hPa 215° 14 kt 20141013.00
Part D: 22 33  60.3 hPa 225°  4 kt 20141013.00
Part D: 33 44  58.4 hPa 160°  5 kt 20141013.00
Part D: 44 55  55.5 hPa 245° 13 kt 20141013.00
Part D: 55 66  54.6 hPa 245°  7 kt 20141013.00
Part D: 66 77  50.8 hPa 255° 18 kt 20141013.00
Part D: 77 88  46.0 hPa 345°  7 kt 20141013.00
Part D: 88 99  42.9 hPa  85° 25 kt 20141013.00
Part D: 99 11  40.5 hPa  85° 31 kt 20141013.00
Part D: 11 22  36.6 hPa 100° 46 kt 20141013.00
Part D: 22 33  34.7 hPa  80° 50 kt 20141013.00
Part D: 33 44  33.5 hPa  85° 57 kt 20141013.00
Part D: 44 55  24.9 hPa  90° 66 kt 20141013.00
Part D: 55 66  20.6 hPa 100° 71 kt 20141013.00
Part D: 66 77  17.2 hPa  90° 56 kt 20141013.00
Part D: 77 88  14.2 hPa  95° 50 kt 20141013.00
Part D: 88 99  12.1 hPa 100° 51 kt 20141013.00
Part D: 99 11  11.2 hPa  90° 48 kt 20141013.00
Part D: 11 22  10.6 hPa  85° 58 kt 20141013.00
Part D: 22 33  10.2 hPa  90° 52 kt 20141013.00
Part D: 33 44   8.0 hPa  65° 39 kt 20141013.00
Part D: 44 55   7.8 hPa  65° 33 kt 20141013.00
Part D: 55 66   7.6 hPa  60° 25 kt 20141013.00
Part A:       100.0 hPa 330° 12 kt 20141014.00
Part C:        70.0 hPa  65°  7 kt 20141014.00
Part C:        50.0 hPa 305° 13 kt 20141014.00
Part C:        30.0 hPa 100° 66 kt 20141014.00
Part C:        20.0 hPa 100° 65 kt 20141014.00
Part C:        10.0 hPa  70° 68 kt 20141014.00
Part D: 11     99.0 hPa 345° 14 kt 20141014.00
Part D: 11 22  90.6 hPa 305°  9 kt 20141014.00
Part D: 22 33  89.0 hPa 340°  8 kt 20141014.00
Part D: 33 44  87.5 hPa  25° 12 kt 20141014.00
Part D: 44 55  83.3 hPa  60° 31 kt 20141014.00
Part D: 55 66  77.9 hPa  80° 29 kt 20141014.00
Part D: 66 77  75.2 hPa 135° 11 kt 20141014.00
Part D: 77 88  71.5 hPa  90°  4 kt 20141014.00
Part D: 88 99  70.4 hPa  65°  9 kt 20141014.00
Part D: 99 11  69.3 hPa  80°  5 kt 20141014.00
Part D: 11 22  67.0 hPa 220°  9 kt 20141014.00
Part D: 22 33  65.9 hPa 240°  9 kt 20141014.00
Part D: 33 44  63.5 hPa 190°  9 kt 20141014.00
Part D: 44 55  61.2 hPa 250° 16 kt 20141014.00
Part D: 55 66  57.0 hPa 285° 26 kt 20141014.00
Part D: 66 77  54.1 hPa 300° 16 kt 20141014.00
Part D: 77 88  52.3 hPa 310° 19 kt 20141014.00
Part D: 88 99  50.6 hPa 300° 10 kt 20141014.00
Part D: 99 11  48.9 hPa 320° 16 kt 20141014.00
Part D: 11 22  47.4 hPa 350°  9 kt 20141014.00
Part D: 22 33  46.5 hPa  55°  8 kt 20141014.00
Part D: 33 44  45.0 hPa 110° 18 kt 20141014.00
Part D: 44 55  43.5 hPa 130° 26 kt 20141014.00
Part D: 55 66  39.1 hPa 110° 44 kt 20141014.00
Part D: 66 77  36.5 hPa  95° 52 kt 20141014.00
Part D: 77 88  31.0 hPa  95° 70 kt 20141014.00
Part D: 88 99  25.1 hPa  80° 64 kt 20141014.00
Part D: 99 11  21.7 hPa  95° 63 kt 20141014.00
Part D: 11 22  20.9 hPa  95° 72 kt 20141014.00
Part D: 22 33  20.6 hPa 100° 64 kt 20141014.00
Part D: 33 44  12.8 hPa  80° 51 kt 20141014.00
Part D: 44 55  10.4 hPa  70° 53 kt 20141014.00
Part D: 55 66   9.8 hPa  70° 75 kt 20141014.00
Part D: 66 77   9.5 hPa  70° 77 kt 20141014.00
Part D: 77 88   8.4 hPa  80° 59 kt 20141014.00
Part A:       100.0 hPa  35° 35 kt 20141015.00
Part C:        70.0 hPa 250° 21 kt 20141015.00
Part C:        50.0 hPa 100° 16 kt 20141015.00
Part C:        30.0 hPa  75° 57 kt 20141015.00
Part C:        20.0 hPa  95° 74 kt 20141015.00
Part C:        10.0 hPa  95° 67 kt 20141015.00
Part D: 11     94.2 hPa  55° 49 kt 20141015.00
Part D: 11 22  84.9 hPa  95° 24 kt 20141015.00
Part D: 22 33  81.8 hPa 145°  9 kt 20141015.00
Part D: 33 44  78.5 hPa 205° 16 kt 20141015.00
Part D: 44 55  76.0 hPa 220° 24 kt 20141015.00
Part D: 55 66  71.2 hPa 250° 22 kt 20141015.00
Part D: 66 77  67.7 hPa 245° 17 kt 20141015.00
Part D: 77 88  61.5 hPa 290° 22 kt 20141015.00
Part D: 88 99  56.7 hPa 315° 12 kt 20141015.00
Part D: 99 11  55.8 hPa 345° 14 kt 20141015.00
Part D: 11 22  54.0 hPa 285°  5 kt 20141015.00
Part D: 22 33  53.2 hPa 300°  3 kt 20141015.00
Part D: 33 44  51.0 hPa  90° 13 kt 20141015.00
Part D: 44 55  49.2 hPa  95° 22 kt 20141015.00
Part D: 55 66  46.7 hPa 160° 12 kt 20141015.00
Part D: 66 77  43.7 hPa 110° 19 kt 20141015.00
Part D: 77 88  40.9 hPa 100° 33 kt 20141015.00
Part D: 88 99  37.5 hPa  75° 37 kt 20141015.00
Part D: 99 11  35.6 hPa  85° 53 kt 20141015.00
Part D: 11 22  32.7 hPa 100° 58 kt 20141015.00
Part D: 22 33  28.7 hPa  65° 57 kt 20141015.00
Part D: 33 44  27.2 hPa  75° 62 kt 20141015.00
Part D: 44 55  20.2 hPa  95° 73 kt 20141015.00
Part D: 55 66  19.4 hPa  95° 79 kt 20141015.00
Part D: 66 77  18.4 hPa  95° 68 kt 20141015.00
Part D: 77 88  12.8 hPa  80° 68 kt 20141015.00
Part D: 88 99  12.1 hPa  80° 62 kt 20141015.00
Part D: 99 11  11.3 hPa  85° 57 kt 20141015.00
Part D: 11 22   9.6 hPa 100° 69 kt 20141015.00
Part D: 22 33   9.0 hPa  95° 78 kt 20141015.00
Part D: 33 44   7.8 hPa  75° 31 kt 20141015.00
Part D: 44 55   7.7 hPa  70° 23 kt 20141015.00
Part D: 55 66   7.6 hPa  70° 39 kt 20141015.00
Part D: 66 77   7.3 hPa  80° 17 kt 20141015.00
Part D: 77 88   7.2 hPa  75° 16 kt 20141015.00
Part D: 88 99   7.1 hPa 100° 14 kt 20141015.00
Part D: 99 11   6.9 hPa 180°  9 kt 20141015.00
Part D: 11 22   6.7 hPa 175° 22 kt 20141015.00
Part D: 22 33   6.5 hPa 330°  1 kt 20141015.00
Part D: 33 44   6.4 hPa 305° 10 kt 20141015.00
Part D: 44 55   6.3 hPa 340° 17 kt 20141015.00
Part D: 55 66   6.1 hPa 330° 31 kt 20141015.00
Part A:       100.0 hPa  90° 31 kt 20141016.00
Part C:        70.0 hPa 350° 20 kt 20141016.00
Part C:        50.0 hPa 195° 13 kt 20141016.00
Part C:        30.0 hPa  75° 63 kt 20141016.00
Part C:        20.0 hPa  90° 74 kt 20141016.00
Part C:        10.0 hPa  90° 62 kt 20141016.00
Part D: 11     94.8 hPa  95° 27 kt 20141016.00
Part D: 11 22  81.0 hPa 170° 13 kt 20141016.00
Part D: 22 33  77.4 hPa 275°  3 kt 20141016.00
Part D: 33 44  74.1 hPa 345° 15 kt 20141016.00
Part D: 44 55  71.3 hPa 350° 25 kt 20141016.00
Part D: 55 66  67.7 hPa 300°  9 kt 20141016.00
Part D: 66 77  65.5 hPa 265° 20 kt 20141016.00
Part D: 77 88  63.3 hPa 275° 25 kt 20141016.00
Part D: 88 99  57.3 hPa 265° 14 kt 20141016.00
Part D: 99 11  55.4 hPa 240° 21 kt 20141016.00
Part D: 11 22  53.6 hPa 240° 29 kt 20141016.00
Part D: 22 33  51.9 hPa 235° 22 kt 20141016.00
Part D: 33 44  49.4 hPa 175° 12 kt 20141016.00
Part D: 44 55  47.7 hPa 210° 20 kt 20141016.00
Part D: 55 66  46.9 hPa 205° 22 kt 20141016.00
Part D: 66 77  45.3 hPa 175°  6 kt 20141016.00
Part D: 77 88  43.7 hPa  95°  7 kt 20141016.00
Part D: 88 99  41.5 hPa  80° 22 kt 20141016.00
Part D: 99 11  38.2 hPa  85° 45 kt 20141016.00
Part D: 11 22  36.3 hPa 100° 50 kt 20141016.00
Part D: 22 33  31.0 hPa  80° 62 kt 20141016.00
Part D: 33 44  28.5 hPa  95° 68 kt 20141016.00
Part D: 44 55  20.1 hPa  90° 75 kt 20141016.00
Part D: 55 66  19.1 hPa  85° 67 kt 20141016.00
Part D: 66 77  13.4 hPa  90° 59 kt 20141016.00
Part D: 77 88  11.0 hPa  95° 68 kt 20141016.00
Part D: 88 99   9.7 hPa  85° 67 kt 20141016.00
Part D: 99 11   8.7 hPa  80° 81 kt 20141016.00
Part D: 11 22   8.3 hPa  65° 54 kt 20141016.00
Part D: 22 33   7.9 hPa  65° 30 kt 20141016.00
Part D: 33 44   7.7 hPa  65° 42 kt 20141016.00
Part D: 44 55   7.3 hPa  85° 13 kt 20141016.00
Part D: 55 66   7.0 hPa 150° 34 kt 20141016.00
Part A:       100.0 hPa  85° 41 kt 20141017.00
Part C:        70.0 hPa 245° 12 kt 20141017.00
Part C:        50.0 hPa 290° 13 kt 20141017.00
Part C:        30.0 hPa  90° 69 kt 20141017.00
Part C:        20.0 hPa  90° 82 kt 20141017.00
Part C:        10.0 hPa  85° 68 kt 20141017.00
Part D: 11     85.3 hPa 130° 19 kt 20141017.00
Part D: 11 22  81.4 hPa 125°  8 kt 20141017.00
Part D: 22 33  79.6 hPa  65°  2 kt 20141017.00
Part D: 33 44  77.9 hPa  20° 11 kt 20141017.00
Part D: 44 55  74.4 hPa 360° 21 kt 20141017.00
Part D: 55 66  72.8 hPa  20° 14 kt 20141017.00
Part D: 66 77  69.8 hPa 250° 13 kt 20141017.00
Part D: 77 88  65.8 hPa 280° 24 kt 20141017.00
Part D: 88 99  64.5 hPa 275° 18 kt 20141017.00
Part D: 99 11  61.8 hPa 250° 31 kt 20141017.00
Part D: 11 22  58.1 hPa 260° 27 kt 20141017.00
Part D: 22 33  55.7 hPa 270° 27 kt 20141017.00
Part D: 33 44  52.3 hPa 295° 23 kt 20141017.00
Part D: 44 55  50.3 hPa 290° 14 kt 20141017.00
Part D: 55 66  47.6 hPa 325°  9 kt 20141017.00
Part D: 66 77  46.0 hPa 345° 14 kt 20141017.00
Part D: 77 88  44.3 hPa  30° 18 kt 20141017.00
Part D: 88 99  40.0 hPa  95° 34 kt 20141017.00
Part D: 99 11  36.8 hPa 100° 50 kt 20141017.00
Part D: 11 22  33.6 hPa  80° 56 kt 20141017.00
Part D: 22 33  29.6 hPa  95° 69 kt 20141017.00
Part D: 33 44  21.1 hPa  85° 79 kt 20141017.00
Part D: 44 55  17.1 hPa 100° 68 kt 20141017.00
Part D: 55 66  11.9 hPa  85° 64 kt 20141017.00
Part D: 66 77   9.3 hPa  85° 71 kt 20141017.00
Part D: 77 88   8.3 hPa  70° 41 kt 20141017.00
Part D: 88 99   7.9 hPa  85° 25 kt 20141017.00
Part D: 99 11   7.6 hPa  95° 23 kt 20141017.00
Part D: 11 22   7.2 hPa 200°  8 kt 20141017.00
Part D: 22 33   7.0 hPa 230° 11 kt 20141017.00
Part D: 33 44   6.9 hPa 190°  8 kt 20141017.00
Part D: 44 55   6.8 hPa 185° 16 kt 20141017.00
Part D: 55 66   6.7 hPa 160° 16 kt 20141017.00
Part D: 66 77   6.5 hPa 195° 31 kt 20141017.00
Part D: 77 88   6.4 hPa 170° 25 kt 20141017.00
Part D: 88 99   6.2 hPa 170° 16 kt 20141017.00
Part D: 99 11   6.0 hPa 210° 25 kt 20141017.00
Part D: 11 22   5.9 hPa 220° 19 kt 20141017.00
Part A:       100.0 hPa  55° 37 kt 20141018.00
Part C:        70.0 hPa 260° 31 kt 20141018.00
Part C:        50.0 hPa 305° 11 kt 20141018.00
Part C:        30.0 hPa 100° 64 kt 20141018.00
Part C:        20.0 hPa  90° 72 kt 20141018.00
Part C:        10.0 hPa  85° 61 kt 20141018.00
Part D: 11     88.2 hPa  85° 23 kt 20141018.00
Part D: 11 22  85.4 hPa  65° 20 kt 20141018.00
Part D: 22 33  79.4 hPa 315°  3 kt 20141018.00
Part D: 33 44  76.4 hPa 260° 17 kt 20141018.00
Part D: 44 55  70.6 hPa 255° 32 kt 20141018.00
Part D: 55 66  68.2 hPa 275° 31 kt 20141018.00
Part D: 66 77  66.0 hPa 265° 26 kt 20141018.00
Part D: 77 88  63.8 hPa 250° 32 kt 20141018.00
Part D: 88 99  61.7 hPa 250° 33 kt 20141018.00
Part D: 99 11  59.7 hPa 250° 29 kt 20141018.00
Part D: 11 22  54.1 hPa 295° 16 kt 20141018.00
Part D: 22 33  46.6 hPa  30° 12 kt 20141018.00
Part D: 33 44  45.0 hPa  90° 13 kt 20141018.00
Part D: 44 55  35.4 hPa  90° 49 kt 20141018.00
Part D: 55 66  34.3 hPa  90° 57 kt 20141018.00
Part D: 66 77  33.2 hPa  95° 59 kt 20141018.00
Part D: 77 88  19.4 hPa  90° 76 kt 20141018.00
Part D: 88 99   9.6 hPa  90° 53 kt 20141018.00
Part D: 99 11   9.4 hPa  80° 67 kt 20141018.00
Part D: 11 22   8.9 hPa  60° 37 kt 20141018.00
Part D: 22 33   8.2 hPa  30° 33 kt 20141018.00
Part D: 33 44   7.9 hPa  75° 15 kt 20141018.00
Part D: 44 55   7.7 hPa  75°  6 kt 20141018.00
Part D: 55 66   7.3 hPa   5°  9 kt 20141018.00
Part D: 66 77   6.5 hPa 150°  4 kt 20141018.00
Part D: 77 88   6.4 hPa 150° 18 kt 20141018.00
Part D: 88 99   6.2 hPa 100°  3 kt 20141018.00
Part D: 99 11   5.7 hPa 260° 21 kt 20141018.00
Part D: 11 22   5.6 hPa 275°  9 kt 20141018.00
Part D: 22 33   5.5 hPa 265° 19 kt 20141018.00
Part A:       100.0 hPa  80° 30 kt 20141019.00
Part C:        70.0 hPa 270° 11 kt 20141019.00
Part C:        50.0 hPa 220°  2 kt 20141019.00
Part C:        30.0 hPa  75° 62 kt 20141019.00
Part C:        20.0 hPa  90° 74 kt 20141019.00
Part C:        10.0 hPa  85° 53 kt 20141019.00
Part D: 11     92.9 hPa  55° 21 kt 20141019.00
Part D: 11 22  87.0 hPa  80° 22 kt 20141019.00
Part D: 22 33  80.9 hPa 205°  3 kt 20141019.00
Part D: 33 44  79.2 hPa 245°  8 kt 20141019.00
Part D: 44 55  77.9 hPa 210°  9 kt 20141019.00
Part D: 55 66  75.4 hPa 195° 10 kt 20141019.00
Part D: 66 77  74.1 hPa 230°  8 kt 20141019.00
Part D: 77 88  72.9 hPa 230°  9 kt 20141019.00
Part D: 88 99  69.4 hPa 275° 11 kt 20141019.00
Part D: 99 11  67.2 hPa 260° 22 kt 20141019.00
Part D: 11 22  59.0 hPa 305° 20 kt 20141019.00
Part D: 22 33  55.1 hPa 355°  9 kt 20141019.00
Part D: 33 44  53.3 hPa 190°  2 kt 20141019.00
Part D: 44 55  48.9 hPa 175°  1 kt 20141019.00
Part D: 55 66  47.1 hPa 190°  9 kt 20141019.00
Part D: 66 77  43.2 hPa 115° 32 kt 20141019.00
Part D: 77 88  39.7 hPa  80° 34 kt 20141019.00
Part D: 88 99  35.7 hPa  85° 51 kt 20141019.00
Part D: 99 11  31.5 hPa  85° 56 kt 20141019.00
Part D: 11 22  26.5 hPa  85° 78 kt 20141019.00
Part D: 22 33  22.2 hPa  90° 71 kt 20141019.00
Part D: 33 44  18.8 hPa  90° 78 kt 20141019.00
Part D: 44 55  18.1 hPa  95° 68 kt 20141019.00
Part D: 55 66  11.9 hPa  85° 54 kt 20141019.00
Part D: 66 77   9.7 hPa  90° 48 kt 20141019.00
Part D: 77 88   9.0 hPa  70° 27 kt 20141019.00
Part D: 88 99   8.2 hPa  75° 21 kt 20141019.00
Part D: 99 11   8.0 hPa  75° 30 kt 20141019.00
Part D: 11 22   7.9 hPa  95° 20 kt 20141019.00
Part D: 22 33   7.8 hPa  85°  7 kt 20141019.00
Part D: 33 44   7.5 hPa 305°  5 kt 20141019.00
Part D: 44 55   7.4 hPa 185°  1 kt 20141019.00
Part D: 55 66   7.3 hPa 160°  8 kt 20141019.00
Part D: 66 77   7.1 hPa 195°  4 kt 20141019.00
Part D: 77 88   6.9 hPa 245° 23 kt 20141019.00
Part D: 88 99   6.7 hPa 260° 37 kt 20141019.00
Part A:       100.0 hPa  65° 29 kt 20141020.00
Part C:        70.0 hPa 265° 29 kt 20141020.00
Part C:        50.0 hPa 250° 14 kt 20141020.00
Part C:        30.0 hPa  95° 59 kt 20141020.00
Part C:        20.0 hPa  85° 60 kt 20141020.00
Part D: 11     98.0 hPa  70° 35 kt 20141020.00
Part D: 11 22  91.4 hPa  80° 27 kt 20141020.00
Part D: 22 33  88.4 hPa  90° 17 kt 20141020.00
Part D: 33 44  85.5 hPa 110° 11 kt 20141020.00
Part D: 44 55  84.0 hPa 100°  8 kt 20141020.00
Part D: 55 66  82.6 hPa  60° 12 kt 20141020.00
Part D: 66 77  80.0 hPa  40° 12 kt 20141020.00
Part D: 77 88  78.7 hPa 320°  1 kt 20141020.00
Part D: 88 99  77.5 hPa 265° 10 kt 20141020.00
Part D: 99 11  68.0 hPa 270° 32 kt 20141020.00
Part D: 11 22  61.5 hPa 280° 14 kt 20141020.00
Part D: 22 33  59.3 hPa 255° 17 kt 20141020.00
Part D: 33 44  53.1 hPa 225° 11 kt 20141020.00
Part D: 44 55  51.3 hPa 250° 15 kt 20141020.00
Part D: 55 66  48.2 hPa 270°  6 kt 20141020.00
Part D: 66 77  47.4 hPa 290°  4 kt 20141020.00
Part D: 77 88  46.6 hPa 285°  5 kt 20141020.00
Part D: 88 99  45.8 hPa 350°  4 kt 20141020.00
Part D: 99 11  45.0 hPa  10°  4 kt 20141020.00
Part D: 11 22  43.5 hPa  60° 18 kt 20141020.00
Part D: 22 33  40.8 hPa  95° 38 kt 20141020.00
Part D: 33 44  33.0 hPa  80° 46 kt 20141020.00
Part D: 44 55  30.2 hPa  95° 58 kt 20141020.00
Part D: 55 66  29.1 hPa 100° 68 kt 20141020.00
Part D: 66 77  24.5 hPa 100° 75 kt 20141020.00
Part D: 77 88  23.7 hPa 105° 67 kt 20141020.00
Part D: 88 99  20.3 hPa  85° 61 kt 20141020.00
Part D: 99 11  19.3 hPa  85° 67 kt 20141020.00
Part D: 11 22  16.9 hPa  85° 47 kt 20141020.00
Part D: 22 33  16.0 hPa  85° 66 kt 20141020.00
Part A:       100.0 hPa 110° 12 kt 20141021.00
Part C:        70.0 hPa 250° 17 kt 20141021.00
Part C:        50.0 hPa 225°  8 kt 20141021.00
Part C:        30.0 hPa  90° 62 kt 20141021.00
Part C:        20.0 hPa  90° 65 kt 20141021.00
Part C:        10.0 hPa  95° 54 kt 20141021.00
Part D: 11     97.9 hPa 180°  4 kt 20141021.00
Part D: 11 22  95.8 hPa 230° 15 kt 20141021.00
Part D: 22 33  89.6 hPa 230° 20 kt 20141021.00
Part D: 33 44  85.5 hPa 210° 12 kt 20141021.00
Part D: 44 55  84.2 hPa 190°  2 kt 20141021.00
Part D: 55 66  82.9 hPa  45°  6 kt 20141021.00
Part D: 66 77  78.0 hPa  65° 12 kt 20141021.00
Part D: 77 88  75.8 hPa 210°  1 kt 20141021.00
Part D: 88 99  74.7 hPa 240° 12 kt 20141021.00
Part D: 99 11  71.2 hPa 240° 22 kt 20141021.00
Part D: 11 22  68.8 hPa 260° 14 kt 20141021.00
Part D: 22 33  64.5 hPa 280° 16 kt 20141021.00
Part D: 33 44  63.6 hPa 270° 18 kt 20141021.00
Part D: 44 55  57.8 hPa 270°  9 kt 20141021.00
Part D: 55 66  56.0 hPa 235° 14 kt 20141021.00
Part D: 66 77  53.4 hPa 300° 13 kt 20141021.00
Part D: 77 88  50.1 hPa 225°  8 kt 20141021.00
Part D: 88 99  46.2 hPa  25°  1 kt 20141021.00
Part D: 99 11  44.7 hPa  40° 18 kt 20141021.00
Part D: 11 22  41.9 hPa  80° 33 kt 20141021.00
Part D: 22 33  40.5 hPa  90° 31 kt 20141021.00
Part D: 33 44  33.2 hPa  95° 56 kt 20141021.00
Part D: 44 55  27.4 hPa  85° 69 kt 20141021.00
Part D: 55 66  22.0 hPa  80° 62 kt 20141021.00
Part D: 66 77  16.6 hPa  90° 54 kt 20141021.00
Part D: 77 88  16.0 hPa  90° 55 kt 20141021.00
Part D: 88 99  12.7 hPa 100° 73 kt 20141021.00
Part D: 99 11  11.4 hPa 100° 68 kt 20141021.00
Part D: 11 22  11.0 hPa 100° 72 kt 20141021.00
Part D: 22 33   8.9 hPa 105° 23 kt 20141021.00
Part D: 33 44   8.3 hPa 145° 14 kt 20141021.00
Part D: 44 55   7.9 hPa  85°  8 kt 20141021.00
Part D: 55 66   7.8 hPa 190°  5 kt 20141021.00
Part D: 66 77   7.7 hPa 230°  8 kt 20141021.00
Part D: 77 88   7.5 hPa 250° 24 kt 20141021.00
Part D: 88 99   7.3 hPa 250° 36 kt 20141021.00
Part D: 99 11   6.6 hPa 280° 38 kt 20141021.00
Part D: 11 22   6.2 hPa 290° 48 kt 20141021.00
Part D: 22 33   5.4 hPa 290° 26 kt 20141021.00
Part D: 33 44   4.7 hPa 260° 31 kt 20141021.00
Part D: 44 55   4.5 hPa 260° 32 kt 20141021.00
Part A:       100.0 hPa 110° 10 kt 20141022.00
Part A:       100.0 hPa 170°  6 kt 20141023.00
Part C:        70.0 hPa 250° 23 kt 20141023.00
Part C:        50.0 hPa 250°  1 kt 20141023.00
Part C:        30.0 hPa  85° 64 kt 20141023.00
Part C:        20.0 hPa  85° 76 kt 20141023.00
Part C:        10.0 hPa  90° 61 kt 20141023.00
Part D: 11     93.9 hPa 270° 12 kt 20141023.00
Part D: 11 22  88.7 hPa 220°  7 kt 20141023.00
Part D: 22 33  87.5 hPa 210°  5 kt 20141023.00
Part D: 33 44  85.1 hPa 140°  8 kt 20141023.00
Part D: 44 55  82.8 hPa  80°  9 kt 20141023.00
Part D: 55 66  80.6 hPa 270°  5 kt 20141023.00
Part D: 66 77  77.1 hPa 265° 25 kt 20141023.00
Part D: 77 88  70.8 hPa 245° 24 kt 20141023.00
Part D: 88 99  61.6 hPa 285° 17 kt 20141023.00
Part D: 99 11  57.4 hPa 245° 15 kt 20141023.00
Part D: 11 22  52.7 hPa 290° 13 kt 20141023.00
Part D: 22 33  50.5 hPa  70°  2 kt 20141023.00
Part D: 33 44  49.8 hPa 250°  3 kt 20141023.00
Part D: 44 55  48.3 hPa 175°  3 kt 20141023.00
Part D: 55 66  44.1 hPa 110° 22 kt 20141023.00
Part D: 66 77  42.9 hPa  90° 30 kt 20141023.00
Part D: 77 88  36.8 hPa  95° 44 kt 20141023.00
Part D: 88 99  31.4 hPa  85° 63 kt 20141023.00
Part D: 99 11  17.8 hPa  85° 78 kt 20141023.00
Part D: 11 22  16.7 hPa  85° 81 kt 20141023.00
Part D: 22 33  14.8 hPa  90° 67 kt 20141023.00
Part D: 33 44  11.4 hPa  90° 71 kt 20141023.00
Part D: 44 55  11.2 hPa  90° 77 kt 20141023.00
Part D: 55 66   9.9 hPa  90° 55 kt 20141023.00
Part D: 66 77   9.4 hPa  65° 29 kt 20141023.00
Part D: 77 88   9.1 hPa  90° 33 kt 20141023.00
Part D: 88 99   8.7 hPa 105° 18 kt 20141023.00
Part D: 99 11   8.3 hPa 120° 24 kt 20141023.00
Part D: 11 22   7.9 hPa 155° 24 kt 20141023.00
Part D: 22 33   7.8 hPa 175° 24 kt 20141023.00
Part D: 33 44   7.2 hPa 190° 16 kt 20141023.00
Part A:       100.0 hPa 270° 18 kt 20141024.00
Part C:        70.0 hPa 265° 24 kt 20141024.00
Part C:        50.0 hPa 190°  3 kt 20141024.00
Part C:        30.0 hPa  95° 57 kt 20141024.00
Part C:        20.0 hPa  90° 70 kt 20141024.00
Part C:        10.0 hPa  95° 58 kt 20141024.00
Part D: 11     98.9 hPa 270° 22 kt 20141024.00
Part D: 11 22  90.7 hPa 310° 11 kt 20141024.00
Part D: 22 33  86.5 hPa 340° 11 kt 20141024.00
Part D: 33 44  83.8 hPa   5° 10 kt 20141024.00
Part D: 44 55  82.5 hPa 285°  8 kt 20141024.00
Part D: 55 66  81.1 hPa 265° 17 kt 20141024.00
Part D: 66 77  74.5 hPa 255° 25 kt 20141024.00
Part D: 77 88  64.2 hPa 270° 34 kt 20141024.00
Part D: 88 99  58.1 hPa 255° 21 kt 20141024.00
Part D: 99 11  55.3 hPa 250° 13 kt 20141024.00
Part D: 11 22  52.6 hPa 280°  6 kt 20141024.00
Part D: 22 33  51.7 hPa  30°  2 kt 20141024.00
Part D: 33 44  50.0 hPa 190°  3 kt 20141024.00
Part D: 44 55  49.2 hPa 235°  4 kt 20141024.00
Part D: 55 66  47.5 hPa  70°  3 kt 20141024.00
Part D: 66 77  46.0 hPa  80° 21 kt 20141024.00
Part D: 77 88  43.7 hPa  60° 27 kt 20141024.00
Part D: 88 99  39.9 hPa  85° 44 kt 20141024.00
Part D: 99 11  36.6 hPa  90° 50 kt 20141024.00
Part D: 11 22  35.3 hPa  85° 59 kt 20141024.00
Part D: 22 33  30.7 hPa 100° 56 kt 20141024.00
Part D: 33 44  28.6 hPa  85° 58 kt 20141024.00
Part D: 44 55  19.4 hPa  95° 74 kt 20141024.00
Part D: 55 66  17.6 hPa  95° 77 kt 20141024.00
Part D: 66 77  13.6 hPa  80° 70 kt 20141024.00
Part D: 77 88  12.6 hPa  90° 75 kt 20141024.00
Part D: 88 99  11.7 hPa  90° 66 kt 20141024.00
Part D: 99 11  11.1 hPa  95° 69 kt 20141024.00
Part D: 11 22   9.3 hPa  85° 37 kt 20141024.00
Part D: 22 33   9.1 hPa 110° 30 kt 20141024.00
Part D: 33 44   8.8 hPa  85° 19 kt 20141024.00
Part D: 44 55   8.7 hPa  90° 18 kt 20141024.00
Part D: 55 66   8.5 hPa  55° 19 kt 20141024.00
Part D: 66 77   8.2 hPa  85° 12 kt 20141024.00
Part D: 77 88   8.1 hPa  75°  9 kt 20141024.00
Part D: 88 99   7.8 hPa  95° 13 kt 20141024.00
Part D: 99 11   7.6 hPa  70°  2 kt 20141024.00
Part D: 11 22   7.4 hPa 340°  3 kt 20141024.00
Part D: 22 33   7.2 hPa 220° 14 kt 20141024.00
Part D: 33 44   7.0 hPa 180° 11 kt 20141024.00
Part A:       100.0 hPa  10°  7 kt 20141025.00
Part C:        70.0 hPa 305° 28 kt 20141025.00
Part C:        50.0 hPa 170° 13 kt 20141025.00
Part C:        30.0 hPa  80° 57 kt 20141025.00
Part C:        20.0 hPa  85° 65 kt 20141025.00
Part C:        10.0 hPa  95° 75 kt 20141025.00
Part D: 11     94.2 hPa  45°  7 kt 20141025.00
Part D: 11 22  92.6 hPa  80°  5 kt 20141025.00
Part D: 22 33  85.3 hPa 100° 11 kt 20141025.00
Part D: 33 44  83.9 hPa 155°  1 kt 20141025.00
Part D: 44 55  82.4 hPa 265°  8 kt 20141025.00
Part D: 55 66  79.5 hPa 280° 24 kt 20141025.00
Part D: 66 77  75.6 hPa 295° 30 kt 20141025.00
Part D: 77 88  68.3 hPa 310° 23 kt 20141025.00
Part D: 88 99  62.5 hPa 245° 11 kt 20141025.00
Part D: 99 11  59.4 hPa 275° 19 kt 20141025.00
Part D: 11 22  56.3 hPa 265° 13 kt 20141025.00
Part D: 22 33  54.4 hPa 220° 10 kt 20141025.00
Part D: 33 44  52.6 hPa 205° 12 kt 20141025.00
Part D: 44 55  51.7 hPa 205° 14 kt 20141025.00
Part D: 55 66  50.1 hPa 170° 14 kt 20141025.00
Part D: 66 77  48.5 hPa 110° 10 kt 20141025.00
Part D: 77 88  46.1 hPa  85° 20 kt 20141025.00
Part D: 88 99  43.6 hPa 100° 30 kt 20141025.00
Part D: 99 11  41.2 hPa  95° 47 kt 20141025.00
Part D: 11 22  37.1 hPa 100° 51 kt 20141025.00
Part D: 22 33  29.9 hPa  80° 57 kt 20141025.00
Part D: 33 44  25.6 hPa  95° 64 kt 20141025.00
Part D: 44 55  19.6 hPa  80° 67 kt 20141025.00
Part D: 55 66  19.2 hPa  80° 73 kt 20141025.00
Part D: 66 77  16.3 hPa  90° 67 kt 20141025.00
Part D: 77 88  13.7 hPa  80° 60 kt 20141025.00
Part D: 88 99  11.0 hPa 100° 66 kt 20141025.00
Part D: 99 11  10.4 hPa 105° 69 kt 20141025.00
Part D: 11 22  10.1 hPa  95° 78 kt 20141025.00
Part D: 22 33   9.6 hPa  95° 55 kt 20141025.00
Part D: 33 44   9.2 hPa  90° 52 kt 20141025.00
Part D: 44 55   8.7 hPa 105° 25 kt 20141025.00
Part D: 55 66   8.1 hPa  50°  7 kt 20141025.00
Part D: 66 77   7.6 hPa  70° 11 kt 20141025.00
Part D: 77 88   7.1 hPa 155°  2 kt 20141025.00
Part D: 88 99   7.0 hPa 200°  3 kt 20141025.00
Part A:       100.0 hPa  70° 35 kt 20141026.00
Part C:        70.0 hPa   0°  0 kt 20141026.00
Part D: 11     98.3 hPa  70° 32 kt 20141026.00
Part D: 11 22  96.2 hPa  70° 33 kt 20141026.00
Part D: 22 33  94.2 hPa  75° 24 kt 20141026.00
Part D: 33 44  92.3 hPa  70° 27 kt 20141026.00
Part D: 44 55  88.5 hPa  30°  9 kt 20141026.00
Part D: 55 66  85.2 hPa 300° 16 kt 20141026.00
Part D: 66 77  83.8 hPa 290° 22 kt 20141026.00
Part D: 77 88  82.5 hPa 290° 25 kt 20141026.00
Part D: 88 99  78.6 hPa 270° 20 kt 20141026.00
Part D: 99 11  77.3 hPa 275° 19 kt 20141026.00
Part D: 11 22  76.1 hPa 270° 21 kt 20141026.00
Part D: 22 33  74.8 hPa 275° 20 kt 20141026.00
Part D: 33 44  72.6 hPa 295° 13 kt 20141026.00
Part D: 44 55  71.5 hPa 290°  7 kt 20141026.00
Part D: 55 66  70.5 hPa 320°  3 kt 20141026.00
Part D: 66 77  69.4 hPa 140°  3 kt 20141026.00
Part D: 77 88  68.2 hPa 250°  2 kt 20141026.00
Part D: 88 99  64.7 hPa 215° 14 kt 20141026.00
Part D: 99 11  63.7 hPa 235° 15 kt 20141026.00
Part D: 11 22  62.7 hPa 250° 17 kt 20141026.00
Part D: 22 33  61.3 hPa 270° 15 kt 20141026.00
Part A:       100.0 hPa 105° 17 kt 20141027.00
Part C:        70.0 hPa 255°  7 kt 20141027.00
Part C:        50.0 hPa 285° 11 kt 20141027.00
Part C:        30.0 hPa 100° 61 kt 20141027.00
Part C:        20.0 hPa  95° 64 kt 20141027.00
Part C:        10.0 hPa  80° 60 kt 20141027.00
Part D: 11     92.8 hPa 310°  2 kt 20141027.00
Part D: 11 22  89.0 hPa 285° 12 kt 20141027.00
Part D: 22 33  83.7 hPa 280° 26 kt 20141027.00
Part D: 33 44  72.5 hPa 285° 11 kt 20141027.00
Part D: 44 55  69.1 hPa 235° 16 kt 20141027.00
Part D: 55 66  68.0 hPa 240° 21 kt 20141027.00
Part D: 66 77  65.7 hPa 220° 21 kt 20141027.00
Part D: 77 88  58.5 hPa 280°  9 kt 20141027.00
Part D: 88 99  57.6 hPa 320°  8 kt 20141027.00
Part D: 99 11  54.8 hPa 260° 15 kt 20141027.00
Part D: 11 22  51.9 hPa 300° 11 kt 20141027.00
Part D: 22 33  48.3 hPa 335° 10 kt 20141027.00
Part D: 33 44  47.5 hPa  15°  8 kt 20141027.00
Part D: 44 55  44.5 hPa 100° 20 kt 20141027.00
Part D: 55 66  42.2 hPa  75° 21 kt 20141027.00
Part D: 66 77  38.5 hPa  95° 35 kt 20141027.00
Part D: 77 88  35.9 hPa  85° 39 kt 20141027.00
Part D: 88 99  31.2 hPa 100° 68 kt 20141027.00
Part D: 99 11  29.7 hPa 100° 60 kt 20141027.00
Part D: 11 22  25.9 hPa  90° 60 kt 20141027.00
Part D: 22 33  24.1 hPa 100° 70 kt 20141027.00
Part D: 33 44  23.3 hPa 105° 62 kt 20141027.00
Part D: 44 55  17.9 hPa  90° 68 kt 20141027.00
Part D: 55 66  16.3 hPa  85° 66 kt 20141027.00
Part D: 66 77  15.4 hPa  85° 57 kt 20141027.00
Part D: 77 88  13.4 hPa  80° 66 kt 20141027.00
Part D: 88 99   9.8 hPa  85° 50 kt 20141027.00
Part D: 99 11   9.0 hPa  75° 19 kt 20141027.00
Part D: 11 22   8.7 hPa  95° 17 kt 20141027.00
Part D: 22 33   8.4 hPa  80° 13 kt 20141027.00
Part D: 33 44   8.3 hPa  95°  4 kt 20141027.00
Part D: 44 55   8.0 hPa 270°  6 kt 20141027.00
Part D: 55 66   7.7 hPa  60°  3 kt 20141027.00
Part D: 66 77   7.3 hPa 160°  4 kt 20141027.00
Part D: 77 88   7.2 hPa  95°  5 kt 20141027.00
Part D: 88 99   6.8 hPa 180° 14 kt 20141027.00
Part D: 99 11   6.6 hPa 205° 33 kt 20141027.00
Part D: 11 22   6.5 hPa 180° 26 kt 20141027.00
Part A:       100.0 hPa 155° 20 kt 20141028.00
Part C:        70.0 hPa 270°  9 kt 20141028.00
Part C:        50.0 hPa  20° 16 kt 20141028.00
Part C:        30.0 hPa  85° 55 kt 20141028.00
Part C:        20.0 hPa  80° 70 kt 20141028.00
Part C:        10.0 hPa  35° 29 kt 20141028.00
Part D: 11     97.2 hPa 160° 26 kt 20141028.00
Part D: 11 22  89.9 hPa 320°  2 kt 20141028.00
Part D: 22 33  88.4 hPa 315°  4 kt 20141028.00
Part D: 33 44  85.4 hPa 260°  8 kt 20141028.00
Part D: 44 55  78.3 hPa 230° 18 kt 20141028.00
Part D: 55 66  69.8 hPa 275°  8 kt 20141028.00
Part D: 66 77  65.3 hPa 235° 18 kt 20141028.00
Part D: 77 88  63.2 hPa 220° 18 kt 20141028.00
Part D: 88 99  61.2 hPa 255° 11 kt 20141028.00
Part D: 99 11  56.1 hPa 265° 17 kt 20141028.00
Part D: 11 22  52.3 hPa 330° 14 kt 20141028.00
Part D: 22 33  50.5 hPa 360° 15 kt 20141028.00
Part D: 33 44  48.8 hPa  40° 20 kt 20141028.00
Part D: 44 55  45.5 hPa 120° 13 kt 20141028.00
Part D: 55 66  43.2 hPa  95° 19 kt 20141028.00
Part D: 66 77  39.7 hPa  80° 41 kt 20141028.00
Part D: 77 88  38.4 hPa  70° 38 kt 20141028.00
Part D: 88 99  35.2 hPa 100° 47 kt 20141028.00
Part D: 99 11  32.9 hPa  95° 54 kt 20141028.00
Part D: 11 22  31.7 hPa  95° 48 kt 20141028.00
Part D: 22 33  29.1 hPa  80° 65 kt 20141028.00
Part D: 33 44  27.6 hPa  75° 68 kt 20141028.00
Part D: 44 55  24.4 hPa  95° 65 kt 20141028.00
Part D: 55 66  18.8 hPa  80° 74 kt 20141028.00
Part D: 66 77  18.5 hPa  80° 75 kt 20141028.00
Part D: 77 88  16.0 hPa 105° 59 kt 20141028.00
Part D: 88 99  13.3 hPa 120° 51 kt 20141028.00
Part D: 99 11  11.8 hPa 115° 38 kt 20141028.00
Part D: 11 22   9.8 hPa  35° 31 kt 20141028.00
Part D: 22 33   9.2 hPa  20° 37 kt 20141028.00
Part D: 33 44   8.3 hPa  30° 20 kt 20141028.00
Part D: 44 55   7.7 hPa   5° 26 kt 20141028.00
Part D: 55 66   7.1 hPa 300° 19 kt 20141028.00
Part D: 66 77   6.8 hPa 265° 26 kt 20141028.00
Part D: 77 88   6.7 hPa 260° 29 kt 20141028.00
Part A:       100.0 hPa 275° 13 kt 20141029.00
Part C:        70.0 hPa 240° 12 kt 20141029.00
Part C:        50.0 hPa 125°  3 kt 20141029.00
Part C:        30.0 hPa  90° 61 kt 20141029.00
Part C:        20.0 hPa  95° 64 kt 20141029.00
Part C:        10.0 hPa  80° 51 kt 20141029.00
Part D: 11     98.0 hPa 290° 16 kt 20141029.00
Part D: 11 22  88.6 hPa 270° 12 kt 20141029.00
Part D: 22 33  85.9 hPa 290° 16 kt 20141029.00
Part D: 33 44  83.4 hPa 265°  2 kt 20141029.00
Part D: 44 55  76.4 hPa 230° 18 kt 20141029.00
Part D: 55 66  70.9 hPa 245° 11 kt 20141029.00
Part D: 66 77  67.3 hPa 165°  7 kt 20141029.00
Part D: 77 88  61.9 hPa 290°  9 kt 20141029.00
Part D: 88 99  60.9 hPa 285° 17 kt 20141029.00
Part D: 99 11  55.9 hPa 300° 21 kt 20141029.00
Part D: 11 22  53.1 hPa 320° 13 kt 20141029.00
Part D: 22 33  51.4 hPa 355°  4 kt 20141029.00
Part D: 33 44  48.8 hPa 180°  8 kt 20141029.00
Part D: 44 55  44.6 hPa  80° 21 kt 20141029.00
Part D: 55 66  43.1 hPa  65° 32 kt 20141029.00
Part D: 66 77  37.4 hPa  95° 45 kt 20141029.00
Part D: 77 88  33.6 hPa  85° 55 kt 20141029.00
Part D: 88 99  32.4 hPa  85° 56 kt 20141029.00
Part D: 99 11  28.1 hPa  90° 70 kt 20141029.00
Part D: 11 22  26.7 hPa  95° 73 kt 20141029.00
Part D: 22 33  19.8 hPa  95° 63 kt 20141029.00
Part D: 33 44  18.4 hPa  95° 69 kt 20141029.00
Part D: 44 55  13.8 hPa  75° 57 kt 20141029.00
Part D: 55 66  12.1 hPa  85° 49 kt 20141029.00
Part D: 66 77  11.2 hPa  75° 56 kt 20141029.00
Part D: 77 88   9.7 hPa  90° 51 kt 20141029.00
Part D: 88 99   9.3 hPa 105° 45 kt 20141029.00
Part D: 99 11   8.6 hPa  85° 34 kt 20141029.00
Part D: 11 22   8.4 hPa  85° 46 kt 20141029.00
Part D: 22 33   7.8 hPa 115° 21 kt 20141029.00
Part D: 33 44   7.5 hPa 110°  4 kt 20141029.00
Part D: 44 55   7.3 hPa 260° 19 kt 20141029.00
Part D: 55 66   7.0 hPa 235° 23 kt 20141029.00
Part D: 66 77   6.7 hPa 235° 31 kt 20141029.00
Part D: 77 88   6.5 hPa 215° 35 kt 20141029.00
Part D: 88 99   6.3 hPa 235° 31 kt 20141029.00
Part A:       100.0 hPa 160°  2 kt 20141030.00
Part C:        70.0 hPa 330° 18 kt 20141030.00
Part C:        50.0 hPa 170° 17 kt 20141030.00
Part C:        30.0 hPa  85° 65 kt 20141030.00
Part C:        20.0 hPa  90° 63 kt 20141030.00
Part C:        10.0 hPa  90° 61 kt 20141030.00
Part D: 11     94.4 hPa   0°  0 kt 20141030.00
Part D: 11 22  92.1 hPa 230°  8 kt 20141030.00
Part D: 22 33  85.1 hPa 270° 14 kt 20141030.00
Part D: 33 44  79.7 hPa 255° 20 kt 20141030.00
Part D: 44 55  74.2 hPa 325° 12 kt 20141030.00
Part D: 55 66  71.6 hPa 305° 16 kt 20141030.00
Part D: 66 77  70.4 hPa 325° 18 kt 20141030.00
Part D: 77 88  65.9 hPa 335° 30 kt 20141030.00
Part D: 88 99  63.7 hPa 350° 25 kt 20141030.00
Part D: 99 11  62.7 hPa 340° 18 kt 20141030.00
Part D: 11 22  59.7 hPa  15° 14 kt 20141030.00
Part D: 22 33  55.6 hPa 160°  3 kt 20141030.00
Part D: 33 44  53.7 hPa 285°  5 kt 20141030.00
Part D: 44 55  51.8 hPa 145° 13 kt 20141030.00
Part D: 55 66  50.8 hPa 170° 16 kt 20141030.00
Part D: 66 77  50.0 hPa 170° 17 kt 20141030.00
Part D: 77 88  46.0 hPa  85° 25 kt 20141030.00
Part D: 88 99  43.7 hPa  70° 23 kt 20141030.00
Part D: 99 11  42.0 hPa  85° 47 kt 20141030.00
Part D: 11 22  39.9 hPa  95° 54 kt 20141030.00
Part D: 22 33  38.6 hPa 105° 47 kt 20141030.00
Part D: 33 44  34.3 hPa  85° 55 kt 20141030.00
Part D: 44 55  31.6 hPa  75° 56 kt 20141030.00
Part D: 55 66  30.0 hPa  85° 65 kt 20141030.00
Part D: 66 77  28.0 hPa  85° 72 kt 20141030.00
Part D: 77 88  25.3 hPa  75° 67 kt 20141030.00
Part D: 88 99  22.7 hPa  95° 62 kt 20141030.00
Part D: 99 11  10.4 hPa  90° 54 kt 20141030.00
Part D: 11 22  10.0 hPa  90° 61 kt 20141030.00
Part D: 22 33   9.3 hPa  95° 41 kt 20141030.00
Part D: 33 44   8.8 hPa 130° 33 kt 20141030.00
Part D: 44 55   8.2 hPa 135° 20 kt 20141030.00
Part D: 55 66   7.9 hPa 170° 17 kt 20141030.00
Part D: 66 77   7.6 hPa 155°  7 kt 20141030.00
Part D: 77 88   7.5 hPa  95° 12 kt 20141030.00
Part D: 88 99   7.4 hPa  60°  4 kt 20141030.00
Part D: 99 11   7.3 hPa 345°  7 kt 20141030.00
Part D: 11 22   7.0 hPa 315° 17 kt 20141030.00
Part A:       100.0 hPa  80° 19 kt 20141031.00
Part C:        70.0 hPa 225° 10 kt 20141031.00
Part C:        50.0 hPa  40° 12 kt 20141031.00
Part C:        30.0 hPa 105° 65 kt 20141031.00
Part C:        20.0 hPa  85° 66 kt 20141031.00
Part C:        10.0 hPa  85° 59 kt 20141031.00
Part D: 11     96.3 hPa  90° 11 kt 20141031.00
Part D: 11 22  94.1 hPa  75° 12 kt 20141031.00
Part D: 22 33  92.0 hPa 100° 13 kt 20141031.00
Part D: 33 44  90.0 hPa 140°  5 kt 20141031.00
Part D: 44 55  88.2 hPa 155°  6 kt 20141031.00
Part D: 55 66  85.2 hPa 310°  9 kt 20141031.00
Part D: 66 77  82.5 hPa 330° 15 kt 20141031.00
Part D: 77 88  77.5 hPa 345° 24 kt 20141031.00
Part D: 88 99  73.6 hPa   0°  0 kt 20141031.00
Part D: 99 11  72.3 hPa 205° 10 kt 20141031.00
Part D: 11 22  69.9 hPa 230° 10 kt 20141031.00
Part D: 22 33  65.7 hPa 195°  4 kt 20141031.00
Part D: 33 44  64.6 hPa 100°  3 kt 20141031.00
Part D: 44 55  62.6 hPa 230° 10 kt 20141031.00
Part D: 55 66  58.6 hPa 285° 15 kt 20141031.00
Part D: 66 77  55.7 hPa 300° 14 kt 20141031.00
Part D: 77 88  51.8 hPa 355° 10 kt 20141031.00
Part D: 88 99  50.9 hPa  25° 10 kt 20141031.00
Part D: 99 11  47.5 hPa  80° 16 kt 20141031.00
Part D: 11 22  45.2 hPa  85° 32 kt 20141031.00
Part D: 22 33  40.0 hPa 110° 53 kt 20141031.00
Part D: 33 44  37.9 hPa  90° 48 kt 20141031.00
Part D: 44 55  35.0 hPa 105° 53 kt 20141031.00
Part D: 55 66  30.9 hPa 100° 67 kt 20141031.00
Part D: 66 77  18.6 hPa  75° 65 kt 20141031.00
Part D: 77 88  17.6 hPa  80° 73 kt 20141031.00
Part D: 88 99  12.9 hPa  90° 78 kt 20141031.00
Part D: 99 11  11.6 hPa 100° 83 kt 20141031.00
Part D: 11 22  10.9 hPa 105° 83 kt 20141031.00
Part D: 22 33  10.2 hPa  90° 61 kt 20141031.00
Part D: 33 44   9.6 hPa  95° 28 kt 20141031.00
Part D: 44 55   9.5 hPa  95° 41 kt 20141031.00
Part D: 55 66   8.9 hPa  70° 29 kt 20141031.00
Part D: 66 77   8.2 hPa  35° 22 kt 20141031.00
Part D: 77 88   7.9 hPa  35° 30 kt 20141031.00
Part D: 88 99   7.5 hPa  75° 21 kt 20141031.00
Interpoliere die QBO aus den RS Daten
 Jahr:        2014 Date:        1410
 Filepath: 
 ./qbo_data_new/qbo.dat
