Pararmeterliste beim QBO Aufruf:  -g -w -a 2014.07 --
2014.07
Kopiere RS Daten aus dem Archiv
 TTCC  5100/ 48698                                                                                                                                                                                                                                               
 8                                                                                                                                                                                                                                               
 TTCC 5111/ 48698 NIL=                                                                                                                                                                                                                                           
 =                                                                                                                                                                                                                                           
 TTCC  52001 48698                                                                                                                                                                                                                                               
 8                                                                                                                                                                                                                                               
 TTCC 5211/ 48698 NIL=                                                                                                                                                                                                                                           
 =                                                                                                                                                                                                                                           
 TTCC  53001 48698                                                                                                                                                                                                                                               
 8                                                                                                                                                                                                                                               
 TTCC 5311/ 48698 NIL=                                                                                                                                                                                                                                           
 =                                                                                                                                                                                                                                           
 TTCC  54001 48698                                                                                                                                                                                                                                               
 8                                                                                                                                                                                                                                               
 TTCC 5411/ 48698 NIL=                                                                                                                                                                                                                                           
 =                                                                                                                                                                                                                                           
 TTCC  55001 48698                                                                                                                                                                                                                                               
 8                                                                                                                                                                                                                                               
 TTCC 5511/ 48698 NIL=                                                                                                                                                                                                                                           
 =                                                                                                                                                                                                                                           
 TTCC  56001 48698                                                                                                                                                                                                                                               
 8                                                                                                                                                                                                                                               
 TTCC 5611/ 48698 NIL=                                                                                                                                                                                                                                           
 =                                                                                                                                                                                                                                           
 TTCC  57001 48698                                                                                                                                                                                                                                               
 8                                                                                                                                                                                                                                               
 TTCC 5711/ 48698 NIL=                                                                                                                                                                                                                                           
 =                                                                                                                                                                                                                                           
 TTCC  58001 48698                                                                                                                                                                                                                                               
 8                                                                                                                                                                                                                                               
 TTCC 5811/ 48698 NIL=                                                                                                                                                                                                                                           
 =                                                                                                                                                                                                                                           
 TTCC 5900/ 48698 NIL=                                                                                                                                                                                                                                           
 =                                                                                                                                                                                                                                           
 TTCC 5911/ 48698 NIL=                                                                                                                                                                                                                                           
 =                                                                                                                                                                                                                                           
 TTCC  60001 48698                                                                                                                                                                                                                                               
 8                                                                                                                                                                                                                                               
 TTCC 6011/ 48698 NIL=                                                                                                                                                                                                                                           
 =                                                                                                                                                                                                                                           
 TTCC  61001 48698                                                                                                                                                                                                                                               
 8                                                                                                                                                                                                                                               
 TTCC 6111/ 48698 NIL=                                                                                                                                                                                                                                           
 =                                                                                                                                                                                                                                           
 TTCC  6200/ 48698                                                                                                                                                                                                                                               
 8                                                                                                                                                                                                                                               
 TTCC 6211/ 48698 NIL=                                                                                                                                                                                                                                           
 =                                                                                                                                                                                                                                           
 TTCC  63001 48698                                                                                                                                                                                                                                               
 8                                                                                                                                                                                                                                               
 TTCC 6311/ 48698 NIL=                                                                                                                                                                                                                                           
 =                                                                                                                                                                                                                                           
 TTCC  64001 48698                                                                                                                                                                                                                                               
 8                                                                                                                                                                                                                                               
 TTCC 6411/ 48698 NIL=                                                                                                                                                                                                                                           
 =                                                                                                                                                                                                                                           
 TTCC  65001 48698                                                                                                                                                                                                                                               
 8                                                                                                                                                                                                                                               
 TTCC 6511/ 48698 NIL=                                                                                                                                                                                                                                           
 =                                                                                                                                                                                                                                           
 TTCC  66001 48698                                                                                                                                                                                                                                               
 8                                                                                                                                                                                                                                               
 TTCC 6611/ 48698 NIL=                                                                                                                                                                                                                                           
 =                                                                                                                                                                                                                                           
 TTCC  67001 48698                                                                                                                                                                                                                                               
 8                                                                                                                                                                                                                                               
 TTCC 6711/ 48698 NIL=                                                                                                                                                                                                                                           
 =                                                                                                                                                                                                                                           
 TTCC  6800/ 48698                                                                                                                                                                                                                                               
 8                                                                                                                                                                                                                                               
 TTCC 6811/ 48698 NIL=                                                                                                                                                                                                                                           
 =                                                                                                                                                                                                                                           
 TTCC  6900/ 48698                                                                                                                                                                                                                                               
 8                                                                                                                                                                                                                                               
 TTCC 6911/ 48698 NIL=                                                                                                                                                                                                                                           
 =                                                                                                                                                                                                                                           
 TTCC  70001 48698                                                                                                                                                                                                                                               
 8                                                                                                                                                                                                                                               
 TTCC 7011/ 48698 NIL=                                                                                                                                                                                                                                           
 =                                                                                                                                                                                                                                           
 TTCC  71001 48698                                                                                                                                                                                                                                               
 8                                                                                                                                                                                                                                               
 TTCC 7111/ 48698 NIL=                                                                                                                                                                                                                                           
 =                                                                                                                                                                                                                                           
 TTCC  72001 48698                                                                                                                                                                                                                                               
 8                                                                                                                                                                                                                                               
 TTCC 7211/ 48698 NIL=                                                                                                                                                                                                                                           
 =                                                                                                                                                                                                                                           
 TTCC  7300/ 48698                                                                                                                                                                                                                                               
 8                                                                                                                                                                                                                                               
 TTCC 7311/ 48698 NIL=                                                                                                                                                                                                                                           
 =                                                                                                                                                                                                                                           
 TTCC  74001 48698                                                                                                                                                                                                                                               
 8                                                                                                                                                                                                                                               
 TTCC 7411/ 48698 NIL=                                                                                                                                                                                                                                           
 =                                                                                                                                                                                                                                           
 TTCC  75001 48698                                                                                                                                                                                                                                               
 8                                                                                                                                                                                                                                               
 TTCC 7511/ 48698 NIL=                                                                                                                                                                                                                                           
 =                                                                                                                                                                                                                                           
 TTCC  76001 48698                                                                                                                                                                                                                                               
 8                                                                                                                                                                                                                                               
 TTCC 7611/ 48698 NIL=                                                                                                                                                                                                                                           
 =                                                                                                                                                                                                                                           
 TTCC  77001 48698                                                                                                                                                                                                                                               
 8                                                                                                                                                                                                                                               
 TTCC 7711/ 48698 NIL=                                                                                                                                                                                                                                           
 =                                                                                                                                                                                                                                           
 TTCC  78001 48698                                                                                                                                                                                                                                               
 8                                                                                                                                                                                                                                               
 TTCC 7811/ 48698 NIL=                                                                                                                                                                                                                                           
 =                                                                                                                                                                                                                                           
 TTCC  79001 48698                                                                                                                                                                                                                                               
 8                                                                                                                                                                                                                                               
 TTCC 7911/ 48698 NIL=                                                                                                                                                                                                                                           
 =                                                                                                                                                                                                                                           
 TTCC  80001 48698                                                                                                                                                                                                                                               
 8                                                                                                                                                                                                                                               
 TTCC 8011/ 48698 NIL=                                                                                                                                                                                                                                           
 =                                                                                                                                                                                                                                           
 TTCC  81007 48698                                                                                                                                                                                                                                               
 8                                                                                                                                                                                                                                               
 TTCC 8111/ 48698 NIL=                                                                                                                                                                                                                                           
 =                                                                                                                                                                                                                                           
Parse RS Daten
Part A:       100.0 hPa 290°  5 kt 20140701.00
Part D: 11     98.9 hPa 265°  7 kt 20140701.00
Part D: 11 22  97.7 hPa 260°  6 kt 20140701.00
Part D: 22 33  96.4 hPa 295° 10 kt 20140701.00
Part D: 33 44  94.2 hPa 320° 16 kt 20140701.00
Part D: 44 55  92.4 hPa 320° 12 kt 20140701.00
Part D: 55 66  90.8 hPa  15°  6 kt 20140701.00
Part D: 66 77  88.9 hPa  65° 17 kt 20140701.00
Part A:       100.0 hPa  50°  4 kt 20140702.00
Part C:        70.0 hPa 265° 17 kt 20140702.00
Part C:        50.0 hPa 215° 10 kt 20140702.00
Part C:        30.0 hPa  95° 64 kt 20140702.00
Part C:        20.0 hPa  95° 58 kt 20140702.00
Part C:        10.0 hPa 115° 51 kt 20140702.00
Part D: 11     97.7 hPa  65°  4 kt 20140702.00
Part D: 11 22  93.1 hPa  20° 11 kt 20140702.00
Part D: 22 33  87.2 hPa 185° 12 kt 20140702.00
Part D: 33 44  81.4 hPa 115°  9 kt 20140702.00
Part D: 44 55  76.5 hPa  70°  8 kt 20140702.00
Part D: 55 66  74.0 hPa  15°  4 kt 20140702.00
Part D: 66 77  72.8 hPa 285°  8 kt 20140702.00
Part D: 77 88  67.8 hPa 285° 23 kt 20140702.00
Part D: 88 99  60.4 hPa 260° 26 kt 20140702.00
Part D: 99 11  56.6 hPa 270° 14 kt 20140702.00
Part D: 11 22  51.3 hPa 240° 17 kt 20140702.00
Part D: 22 33  49.5 hPa 185°  7 kt 20140702.00
Part D: 33 44  46.8 hPa  90° 16 kt 20140702.00
Part D: 44 55  43.6 hPa 135° 14 kt 20140702.00
Part D: 55 66  41.3 hPa 140° 13 kt 20140702.00
Part D: 66 77  37.8 hPa  75° 40 kt 20140702.00
Part D: 77 88  35.8 hPa  80° 41 kt 20140702.00
Part D: 88 99  35.2 hPa  90° 54 kt 20140702.00
Part D: 99 11  32.7 hPa  85° 69 kt 20140702.00
Part D: 11 22  28.9 hPa  95° 61 kt 20140702.00
Part D: 22 33  23.8 hPa  90° 72 kt 20140702.00
Part D: 33 44  22.1 hPa 100° 55 kt 20140702.00
Part D: 44 55  17.0 hPa  85° 63 kt 20140702.00
Part D: 55 66  14.3 hPa  80° 44 kt 20140702.00
Part D: 66 77  12.8 hPa  75° 37 kt 20140702.00
Part D: 77 88  11.9 hPa  90° 58 kt 20140702.00
Part D: 88 99  11.2 hPa  90° 69 kt 20140702.00
Part D: 99 11  10.8 hPa  85° 75 kt 20140702.00
Part D: 11 22   9.8 hPa 110° 48 kt 20140702.00
Part D: 22 33   9.1 hPa 100° 72 kt 20140702.00
Part D: 33 44   8.6 hPa 115° 48 kt 20140702.00
Part D: 44 55   8.0 hPa  90° 13 kt 20140702.00
Part D: 55 66   7.8 hPa 170°  8 kt 20140702.00
Part D: 66 77   7.4 hPa 225°  8 kt 20140702.00
Part D: 77 88   6.9 hPa 220° 12 kt 20140702.00
Part D: 88 99   6.5 hPa 120° 15 kt 20140702.00
Part D: 99 11   6.4 hPa  85° 19 kt 20140702.00
Part D: 11 22   6.3 hPa 100° 14 kt 20140702.00
Part A:       100.0 hPa   5°  2 kt 20140703.00
Part C:        70.0 hPa 240° 14 kt 20140703.00
Part C:        50.0 hPa 275° 11 kt 20140703.00
Part C:        30.0 hPa  90° 63 kt 20140703.00
Part C:        20.0 hPa  80° 62 kt 20140703.00
Part C:        10.0 hPa  85° 44 kt 20140703.00
Part D: 11     88.1 hPa  65° 17 kt 20140703.00
Part D: 11 22  81.8 hPa  55°  1 kt 20140703.00
Part D: 22 33  77.0 hPa  50° 21 kt 20140703.00
Part D: 33 44  73.8 hPa  60°  7 kt 20140703.00
Part D: 44 55  71.4 hPa 270°  7 kt 20140703.00
Part D: 55 66  68.9 hPa 240° 16 kt 20140703.00
Part D: 66 77  64.7 hPa 255° 34 kt 20140703.00
Part D: 77 88  62.8 hPa 260° 41 kt 20140703.00
Part D: 88 99  60.9 hPa 260° 36 kt 20140703.00
Part D: 99 11  59.0 hPa 270° 36 kt 20140703.00
Part D: 11 22  57.3 hPa 265° 27 kt 20140703.00
Part D: 22 33  55.6 hPa 270° 27 kt 20140703.00
Part D: 33 44  53.9 hPa 280° 29 kt 20140703.00
Part D: 44 55  52.2 hPa 285° 20 kt 20140703.00
Part D: 55 66  50.5 hPa 275° 14 kt 20140703.00
Part D: 66 77  48.8 hPa 290°  5 kt 20140703.00
Part D: 77 88  48.0 hPa  10°  5 kt 20140703.00
Part D: 88 99  47.2 hPa 345°  4 kt 20140703.00
Part D: 99 11  45.6 hPa 280°  8 kt 20140703.00
Part D: 11 22  43.5 hPa 355°  3 kt 20140703.00
Part D: 22 33  42.0 hPa  40°  4 kt 20140703.00
Part D: 33 44  39.8 hPa  85° 12 kt 20140703.00
Part D: 44 55  39.1 hPa  75° 20 kt 20140703.00
Part D: 55 66  37.2 hPa 105° 25 kt 20140703.00
Part D: 66 77  34.9 hPa  95° 46 kt 20140703.00
Part D: 77 88  30.4 hPa  90° 60 kt 20140703.00
Part D: 88 99  27.9 hPa  90° 64 kt 20140703.00
Part D: 99 11  24.0 hPa  85° 66 kt 20140703.00
Part D: 11 22  19.3 hPa  85° 64 kt 20140703.00
Part D: 22 33  18.1 hPa  95° 52 kt 20140703.00
Part D: 33 44  17.5 hPa  90° 59 kt 20140703.00
Part D: 44 55  17.2 hPa 105° 49 kt 20140703.00
Part D: 55 66  16.6 hPa 100° 59 kt 20140703.00
Part D: 66 77  15.4 hPa 100° 52 kt 20140703.00
Part D: 77 88  14.2 hPa  85° 58 kt 20140703.00
Part D: 88 99  13.7 hPa  75° 47 kt 20140703.00
Part D: 99 11  13.5 hPa  90° 45 kt 20140703.00
Part D: 11 22  11.5 hPa 100° 58 kt 20140703.00
Part D: 22 33  11.3 hPa  90° 42 kt 20140703.00
Part D: 33 44  11.0 hPa 105° 47 kt 20140703.00
Part D: 44 55  10.4 hPa  95° 57 kt 20140703.00
Part D: 55 66  10.0 hPa  85° 44 kt 20140703.00
Part D: 66 77   9.0 hPa  80° 56 kt 20140703.00
Part D: 77 88   8.1 hPa  55° 31 kt 20140703.00
Part D: 88 99   8.0 hPa  55° 24 kt 20140703.00
Part A:       100.0 hPa  95°  7 kt 20140704.00
Part C:        70.0 hPa 255° 39 kt 20140704.00
Part C:        50.0 hPa 280°  8 kt 20140704.00
Part C:        30.0 hPa  95° 65 kt 20140704.00
Part C:        20.0 hPa  90° 62 kt 20140704.00
Part C:        10.0 hPa  80° 58 kt 20140704.00
Part D: 11     95.7 hPa  65°  6 kt 20140704.00
Part D: 11 22  86.9 hPa  25° 23 kt 20140704.00
Part D: 22 33  83.0 hPa  70° 15 kt 20140704.00
Part D: 33 44  80.4 hPa 330°  2 kt 20140704.00
Part D: 44 55  79.1 hPa 220°  6 kt 20140704.00
Part D: 55 66  76.2 hPa 255° 15 kt 20140704.00
Part D: 66 77  72.2 hPa 255° 39 kt 20140704.00
Part D: 77 88  61.4 hPa 270° 34 kt 20140704.00
Part D: 88 99  56.7 hPa 260° 16 kt 20140704.00
Part D: 99 11  46.8 hPa 240° 13 kt 20140704.00
Part D: 11 22  46.0 hPa 220° 11 kt 20140704.00
Part D: 22 33  45.2 hPa 250° 13 kt 20140704.00
Part D: 33 44  44.5 hPa 225°  7 kt 20140704.00
Part D: 44 55  42.3 hPa  75°  7 kt 20140704.00
Part D: 55 66  41.5 hPa  90° 16 kt 20140704.00
Part D: 66 77  39.5 hPa  75° 23 kt 20140704.00
Part D: 77 88  32.4 hPa  95° 57 kt 20140704.00
Part D: 88 99  31.3 hPa  95° 65 kt 20140704.00
Part D: 99 11  30.3 hPa  95° 63 kt 20140704.00
Part D: 11 22  29.8 hPa  90° 66 kt 20140704.00
Part D: 22 33  28.9 hPa 100° 56 kt 20140704.00
Part D: 33 44  20.0 hPa  90° 62 kt 20140704.00
Part D: 44 55  17.4 hPa 100° 54 kt 20140704.00
Part D: 55 66  13.2 hPa  90° 38 kt 20140704.00
Part D: 66 77  11.0 hPa  80° 50 kt 20140704.00
Part D: 77 88   9.9 hPa  80° 59 kt 20140704.00
Part D: 88 99   9.3 hPa  80° 78 kt 20140704.00
Part D: 99 11   8.5 hPa 105° 48 kt 20140704.00
Part D: 11 22   7.9 hPa 115° 48 kt 20140704.00
Part A:       100.0 hPa  50° 24 kt 20140705.00
Part C:        70.0 hPa 270° 40 kt 20140705.00
Part C:        50.0 hPa  40°  4 kt 20140705.00
Part C:        30.0 hPa  90° 58 kt 20140705.00
Part C:        20.0 hPa 100° 51 kt 20140705.00
Part C:        10.0 hPa  90° 79 kt 20140705.00
Part D: 11     92.0 hPa  65° 40 kt 20140705.00
Part D: 11 22  90.6 hPa  75° 37 kt 20140705.00
Part D: 22 33  86.9 hPa  20°  8 kt 20140705.00
Part D: 33 44  85.0 hPa  15° 12 kt 20140705.00
Part D: 44 55  81.9 hPa 240° 12 kt 20140705.00
Part D: 55 66  77.8 hPa 235° 23 kt 20140705.00
Part D: 66 77  74.1 hPa 255° 38 kt 20140705.00
Part D: 77 88  65.5 hPa 275° 30 kt 20140705.00
Part D: 88 99  60.7 hPa 250° 18 kt 20140705.00
Part D: 99 11  54.2 hPa 275° 14 kt 20140705.00
Part D: 11 22  52.5 hPa 315° 17 kt 20140705.00
Part D: 22 33  50.2 hPa  30°  5 kt 20140705.00
Part D: 33 44  48.7 hPa 285°  7 kt 20140705.00
Part D: 44 55  47.9 hPa 270° 16 kt 20140705.00
Part D: 55 66  46.3 hPa 245°  3 kt 20140705.00
Part D: 66 77  44.8 hPa 105°  5 kt 20140705.00
Part D: 77 88  38.1 hPa  95° 41 kt 20140705.00
Part D: 88 99  34.7 hPa  90° 56 kt 20140705.00
Part D: 99 11  28.3 hPa  85° 53 kt 20140705.00
Part D: 11 22  21.9 hPa  80° 67 kt 20140705.00
Part D: 22 33  19.9 hPa 100° 50 kt 20140705.00
Part D: 33 44   9.6 hPa  90° 83 kt 20140705.00
Part D: 44 55   8.6 hPa 100° 39 kt 20140705.00
Part D: 55 66   8.2 hPa 115° 49 kt 20140705.00
Part D: 66 77   7.3 hPa 115° 18 kt 20140705.00
Part D: 77 88   6.9 hPa  90° 10 kt 20140705.00
Part D: 88 99   6.4 hPa 130°  6 kt 20140705.00
Part D: 99 11   6.2 hPa  80°  8 kt 20140705.00
Part D: 11 22   6.1 hPa 105° 19 kt 20140705.00
Part D: 22 33   6.0 hPa  45° 12 kt 20140705.00
Part D: 33 44   5.7 hPa  80° 30 kt 20140705.00
Part A:       100.0 hPa  60° 32 kt 20140706.00
Part C:        70.0 hPa 275° 22 kt 20140706.00
Part C:        50.0 hPa 210°  9 kt 20140706.00
Part C:        30.0 hPa  85° 65 kt 20140706.00
Part C:        20.0 hPa  95° 54 kt 20140706.00
Part C:        10.0 hPa 100° 73 kt 20140706.00
Part D: 11     87.9 hPa 335°  8 kt 20140706.00
Part D: 11 22  84.9 hPa 315° 18 kt 20140706.00
Part D: 22 33  82.3 hPa 295° 16 kt 20140706.00
Part D: 33 44  78.5 hPa 285° 16 kt 20140706.00
Part D: 44 55  74.7 hPa 260° 29 kt 20140706.00
Part D: 55 66  67.5 hPa 280°  9 kt 20140706.00
Part D: 66 77  64.3 hPa 250° 25 kt 20140706.00
Part D: 77 88  62.3 hPa 265° 26 kt 20140706.00
Part D: 88 99  58.2 hPa 285° 27 kt 20140706.00
Part D: 99 11  56.4 hPa 275° 19 kt 20140706.00
Part D: 11 22  52.8 hPa 250° 22 kt 20140706.00
Part D: 22 33  50.3 hPa 195°  7 kt 20140706.00
Part D: 33 44  48.7 hPa 230° 20 kt 20140706.00
Part D: 44 55  46.3 hPa 235° 13 kt 20140706.00
Part D: 55 66  44.0 hPa 185°  8 kt 20140706.00
Part D: 66 77  40.6 hPa  85° 18 kt 20140706.00
Part D: 77 88  37.8 hPa  85° 39 kt 20140706.00
Part D: 88 99  34.6 hPa  75° 54 kt 20140706.00
Part D: 99 11  31.2 hPa  80° 65 kt 20140706.00
Part D: 11 22  28.0 hPa  90° 67 kt 20140706.00
Part D: 22 33  27.1 hPa  95° 58 kt 20140706.00
Part D: 33 44  23.0 hPa  95° 66 kt 20140706.00
Part D: 44 55  21.5 hPa 100° 58 kt 20140706.00
Part D: 55 66  15.9 hPa 100° 55 kt 20140706.00
Part D: 66 77  12.9 hPa  85° 65 kt 20140706.00
Part D: 77 88  10.7 hPa  90° 79 kt 20140706.00
Part D: 88 99  10.1 hPa  95° 72 kt 20140706.00
Part D: 99 11   9.6 hPa 100° 78 kt 20140706.00
Part A:       100.0 hPa  75° 44 kt 20140707.00
Part C:        70.0 hPa 265° 18 kt 20140707.00
Part C:        50.0 hPa 235°  9 kt 20140707.00
Part C:        30.0 hPa  95° 61 kt 20140707.00
Part C:        20.0 hPa  95° 69 kt 20140707.00
Part C:        10.0 hPa  80° 67 kt 20140707.00
Part D: 11     92.5 hPa  95° 31 kt 20140707.00
Part D: 11 22  85.1 hPa 190°  8 kt 20140707.00
Part D: 22 33  81.9 hPa 255° 18 kt 20140707.00
Part D: 33 44  75.6 hPa 270° 33 kt 20140707.00
Part D: 44 55  72.0 hPa 280° 26 kt 20140707.00
Part D: 55 66  68.8 hPa 245° 14 kt 20140707.00
Part D: 66 77  66.7 hPa 260° 26 kt 20140707.00
Part D: 77 88  58.1 hPa 295°  5 kt 20140707.00
Part D: 88 99  56.4 hPa 225°  5 kt 20140707.00
Part D: 99 11  55.5 hPa 245° 12 kt 20140707.00
Part D: 11 22  53.8 hPa 240° 18 kt 20140707.00
Part D: 22 33  49.5 hPa 245° 11 kt 20140707.00
Part D: 33 44  46.4 hPa 300°  4 kt 20140707.00
Part D: 44 55  45.7 hPa  10° 11 kt 20140707.00
Part D: 55 66  42.3 hPa  55° 22 kt 20140707.00
Part D: 66 77  40.3 hPa  80° 26 kt 20140707.00
Part D: 77 88  35.3 hPa  85° 48 kt 20140707.00
Part D: 88 99  32.9 hPa  90° 46 kt 20140707.00
Part D: 99 11  31.1 hPa  95° 57 kt 20140707.00
Part D: 11 22  28.7 hPa  90° 63 kt 20140707.00
Part D: 22 33  24.4 hPa  95° 51 kt 20140707.00
Part D: 33 44  20.3 hPa  95° 72 kt 20140707.00
Part D: 44 55  18.9 hPa  90° 63 kt 20140707.00
Part D: 55 66  14.4 hPa 100° 56 kt 20140707.00
Part D: 66 77  13.2 hPa  95° 63 kt 20140707.00
Part D: 77 88  13.0 hPa  90° 57 kt 20140707.00
Part D: 88 99  11.9 hPa  90° 63 kt 20140707.00
Part D: 99 11  10.9 hPa  95° 56 kt 20140707.00
Part D: 11 22   9.5 hPa  85° 79 kt 20140707.00
Part D: 22 33   8.7 hPa  90° 81 kt 20140707.00
Part D: 33 44   8.4 hPa  90° 65 kt 20140707.00
Part D: 44 55   7.8 hPa  70° 48 kt 20140707.00
Part D: 55 66   7.6 hPa  80° 55 kt 20140707.00
Part D: 66 77   6.9 hPa  45° 41 kt 20140707.00
Part D: 77 88   6.7 hPa  40° 20 kt 20140707.00
Part D: 88 99   6.4 hPa 360° 24 kt 20140707.00
Part D: 99 11   6.3 hPa 335° 18 kt 20140707.00
Part D: 11 22   6.2 hPa 350° 16 kt 20140707.00
Part D: 22 33   6.1 hPa 290° 10 kt 20140707.00
Part D: 33 44   5.9 hPa 280°  7 kt 20140707.00
Part D: 44 55   5.5 hPa 240° 19 kt 20140707.00
Part D: 55 66   5.1 hPa 275° 31 kt 20140707.00
Part D: 66 77   4.7 hPa 295° 15 kt 20140707.00
Part A:       100.0 hPa  75° 33 kt 20140708.00
Part C:        70.0 hPa 255° 25 kt 20140708.00
Part C:        50.0 hPa  10°  5 kt 20140708.00
Part C:        30.0 hPa  90° 57 kt 20140708.00
Part C:        20.0 hPa  90° 55 kt 20140708.00
Part C:        10.0 hPa  90° 70 kt 20140708.00
Part D: 11     93.2 hPa  65° 16 kt 20140708.00
Part D: 11 22  80.8 hPa 270° 21 kt 20140708.00
Part D: 22 33  75.7 hPa 275° 24 kt 20140708.00
Part D: 33 44  72.4 hPa 240° 13 kt 20140708.00
Part D: 44 55  69.5 hPa 255° 28 kt 20140708.00
Part D: 55 66  60.7 hPa 275° 11 kt 20140708.00
Part D: 66 77  51.4 hPa 220° 10 kt 20140708.00
Part D: 77 88  50.7 hPa 330°  3 kt 20140708.00
Part D: 88 99  49.1 hPa  35°  5 kt 20140708.00
Part D: 99 11  47.6 hPa 130°  5 kt 20140708.00
Part D: 11 22  40.2 hPa  85° 27 kt 20140708.00
Part D: 22 33  36.0 hPa 105° 44 kt 20140708.00
Part D: 33 44  32.9 hPa  75° 44 kt 20140708.00
Part D: 44 55  30.1 hPa  90° 56 kt 20140708.00
Part D: 55 66  23.9 hPa  95° 40 kt 20140708.00
Part D: 66 77  21.6 hPa  85° 66 kt 20140708.00
Part D: 77 88  19.7 hPa 100° 52 kt 20140708.00
Part D: 88 99  16.3 hPa 100° 73 kt 20140708.00
Part D: 99 11  12.6 hPa  80° 53 kt 20140708.00
Part D: 11 22  12.1 hPa  85° 66 kt 20140708.00
Part D: 22 33  11.7 hPa 100° 57 kt 20140708.00
Part D: 33 44  11.5 hPa  85° 70 kt 20140708.00
Part D: 44 55   8.8 hPa  90° 89 kt 20140708.00
Part D: 55 66   8.0 hPa 105° 47 kt 20140708.00
Part D: 66 77   6.5 hPa 100° 39 kt 20140708.00
Part D: 77 88   6.0 hPa  75° 22 kt 20140708.00
Part D: 88 99   5.6 hPa  45° 30 kt 20140708.00
Part A:       100.0 hPa  95° 32 kt 20140710.00
Part C:        70.0 hPa 260° 27 kt 20140710.00
Part C:        50.0 hPa 260° 14 kt 20140710.00
Part C:        30.0 hPa 100° 52 kt 20140710.00
Part C:        20.0 hPa  90° 54 kt 20140710.00
Part C:        10.0 hPa  95° 84 kt 20140710.00
Part D: 11     90.9 hPa 190° 23 kt 20140710.00
Part D: 11 22  85.7 hPa 235° 29 kt 20140710.00
Part D: 22 33  81.1 hPa 250° 21 kt 20140710.00
Part D: 33 44  73.8 hPa 255° 28 kt 20140710.00
Part D: 44 55  71.5 hPa 265° 26 kt 20140710.00
Part D: 55 66  69.3 hPa 260° 26 kt 20140710.00
Part D: 66 77  67.2 hPa 270° 24 kt 20140710.00
Part D: 77 88  65.2 hPa 270°  9 kt 20140710.00
Part D: 88 99  63.2 hPa 280° 16 kt 20140710.00
Part D: 99 11  61.3 hPa 270° 14 kt 20140710.00
Part D: 11 22  59.4 hPa 265° 13 kt 20140710.00
Part D: 22 33  57.6 hPa 265° 15 kt 20140710.00
Part D: 33 44  55.9 hPa 280° 13 kt 20140710.00
Part D: 44 55  54.4 hPa 265°  7 kt 20140710.00
Part D: 55 66  53.7 hPa 280°  9 kt 20140710.00
Part D: 66 77  51.5 hPa 270° 19 kt 20140710.00
Part D: 77 88  46.7 hPa 225°  5 kt 20140710.00
Part D: 88 99  46.0 hPa 220° 10 kt 20140710.00
Part D: 99 11  43.3 hPa  55° 20 kt 20140710.00
Part D: 11 22  40.4 hPa  90° 34 kt 20140710.00
Part D: 22 33  34.3 hPa  90° 34 kt 20140710.00
Part D: 33 44  33.2 hPa  90° 47 kt 20140710.00
Part D: 44 55  29.7 hPa 100° 54 kt 20140710.00
Part D: 55 66  23.7 hPa  90° 43 kt 20140710.00
Part D: 66 77  22.2 hPa  95° 53 kt 20140710.00
Part D: 77 88  12.6 hPa  90° 72 kt 20140710.00
Part D: 88 99  12.2 hPa  85° 79 kt 20140710.00
Part D: 99 11  11.4 hPa  90° 69 kt 20140710.00
Part D: 11 22  10.0 hPa  95° 85 kt 20140710.00
Part D: 22 33   9.6 hPa 100° 81 kt 20140710.00
Part D: 33 44   8.7 hPa 100° 91 kt 20140710.00
Part D: 44 55   8.1 hPa  80° 56 kt 20140710.00
Part D: 55 66   7.9 hPa  60° 39 kt 20140710.00
Part D: 66 77   7.3 hPa   5° 20 kt 20140710.00
Part D: 77 88   6.9 hPa 320° 10 kt 20140710.00
Part D: 88 99   6.8 hPa 330°  5 kt 20140710.00
Part D: 99 11   6.7 hPa 280°  7 kt 20140710.00
Part D: 11 22   6.6 hPa 340°  7 kt 20140710.00
Part D: 22 33   6.4 hPa 240°  9 kt 20140710.00
Part D: 33 44   6.0 hPa 270° 30 kt 20140710.00
Part D: 44 55   5.8 hPa 295° 29 kt 20140710.00
Part D: 55 66   5.4 hPa 300° 20 kt 20140710.00
Part A:       100.0 hPa 120° 60 kt 20140711.00
Part C:        70.0 hPa 355° 10 kt 20140711.00
Part C:        50.0 hPa 265° 23 kt 20140711.00
Part C:        30.0 hPa  95° 50 kt 20140711.00
Part C:        20.0 hPa  85° 67 kt 20140711.00
Part C:        10.0 hPa  80° 74 kt 20140711.00
Part D: 11     96.7 hPa 105° 39 kt 20140711.00
Part D: 11 22  89.9 hPa  50° 15 kt 20140711.00
Part D: 22 33  86.6 hPa   5° 15 kt 20140711.00
Part D: 33 44  81.0 hPa 330° 16 kt 20140711.00
Part D: 44 55  78.5 hPa 350° 11 kt 20140711.00
Part D: 55 66  73.8 hPa 305° 16 kt 20140711.00
Part D: 66 77  71.5 hPa 340° 15 kt 20140711.00
Part D: 77 88  69.3 hPa 360°  8 kt 20140711.00
Part D: 88 99  67.3 hPa  55° 12 kt 20140711.00
Part D: 99 11  65.2 hPa 245°  2 kt 20140711.00
Part D: 11 22  63.2 hPa 240° 17 kt 20140711.00
Part D: 22 33  61.2 hPa 250°  7 kt 20140711.00
Part D: 33 44  59.2 hPa 265° 19 kt 20140711.00
Part D: 44 55  57.3 hPa 250° 20 kt 20140711.00
Part D: 55 66  53.8 hPa 255° 28 kt 20140711.00
Part D: 66 77  48.8 hPa 275° 20 kt 20140711.00
Part D: 77 88  47.2 hPa 290° 19 kt 20140711.00
Part D: 88 99  42.6 hPa  15°  7 kt 20140711.00
Part D: 99 11  39.9 hPa  65° 19 kt 20140711.00
Part D: 11 22  39.2 hPa  85° 18 kt 20140711.00
Part D: 22 33  37.8 hPa  75° 23 kt 20140711.00
Part D: 33 44  35.7 hPa  85° 32 kt 20140711.00
Part D: 44 55  32.3 hPa  95° 39 kt 20140711.00
Part D: 55 66  29.7 hPa  95° 52 kt 20140711.00
Part D: 66 77  22.7 hPa  80° 56 kt 20140711.00
Part D: 77 88  19.6 hPa  85° 71 kt 20140711.00
Part D: 88 99  18.6 hPa  85° 63 kt 20140711.00
Part D: 99 11  15.0 hPa 105° 70 kt 20140711.00
Part D: 11 22  12.5 hPa  95° 66 kt 20140711.00
Part D: 22 33  12.1 hPa  90° 74 kt 20140711.00
Part D: 33 44   9.1 hPa  80° 85 kt 20140711.00
Part D: 44 55   8.1 hPa  95° 56 kt 20140711.00
Part D: 55 66   8.0 hPa 100° 49 kt 20140711.00
Part D: 66 77   7.0 hPa 325°  3 kt 20140711.00
Part D: 77 88   6.9 hPa 280°  8 kt 20140711.00
Part D: 88 99   6.8 hPa 285° 13 kt 20140711.00
Part D: 99 11   6.5 hPa 285°  8 kt 20140711.00
Part D: 11 22   6.4 hPa 340°  3 kt 20140711.00
Part D: 22 33   6.3 hPa  10°  8 kt 20140711.00
Part D: 33 44   6.0 hPa  45° 12 kt 20140711.00
Part D: 44 55   5.9 hPa  70° 24 kt 20140711.00
Part D: 55 66   5.8 hPa  70° 32 kt 20140711.00
Part D: 66 77   5.4 hPa 115° 29 kt 20140711.00
Part A:       100.0 hPa  60° 44 kt 20140713.00
Part C:        70.0 hPa 280° 17 kt 20140713.00
Part C:        50.0 hPa 205° 11 kt 20140713.00
Part C:        30.0 hPa 100° 58 kt 20140713.00
Part C:        20.0 hPa  80° 54 kt 20140713.00
Part C:        10.0 hPa  85° 63 kt 20140713.00
Part D: 11     95.3 hPa  50° 50 kt 20140713.00
Part D: 11 22  92.2 hPa  75° 37 kt 20140713.00
Part D: 22 33  90.9 hPa  75° 34 kt 20140713.00
Part D: 33 44  86.9 hPa  45°  2 kt 20140713.00
Part D: 44 55  85.0 hPa 255° 11 kt 20140713.00
Part D: 55 66  80.8 hPa 255° 30 kt 20140713.00
Part D: 66 77  75.4 hPa 265° 19 kt 20140713.00
Part D: 77 88  73.0 hPa 330°  4 kt 20140713.00
Part D: 88 99  70.9 hPa 285° 14 kt 20140713.00
Part D: 99 11  65.8 hPa 270° 35 kt 20140713.00
Part D: 11 22  58.9 hPa 285° 19 kt 20140713.00
Part D: 22 33  56.1 hPa 280°  9 kt 20140713.00
Part D: 33 44  50.1 hPa 200° 10 kt 20140713.00
Part D: 44 55  48.5 hPa 235° 18 kt 20140713.00
Part D: 55 66  47.8 hPa 235° 16 kt 20140713.00
Part D: 66 77  46.3 hPa 195° 10 kt 20140713.00
Part D: 77 88  45.5 hPa 205° 10 kt 20140713.00
Part D: 88 99  41.9 hPa  40° 15 kt 20140713.00
Part D: 99 11  40.6 hPa  65° 14 kt 20140713.00
Part D: 11 22  38.7 hPa  80° 28 kt 20140713.00
Part D: 22 33  36.8 hPa  75° 37 kt 20140713.00
Part D: 33 44  33.2 hPa  90° 51 kt 20140713.00
Part D: 44 55  30.7 hPa  95° 61 kt 20140713.00
Part D: 55 66  27.3 hPa  95° 52 kt 20140713.00
Part D: 66 77  20.2 hPa  80° 54 kt 20140713.00
Part D: 77 88  17.6 hPa  85° 65 kt 20140713.00
Part D: 88 99  17.0 hPa  90° 60 kt 20140713.00
Part D: 99 11  15.6 hPa  95° 58 kt 20140713.00
Part D: 11 22  12.3 hPa  85° 60 kt 20140713.00
Part D: 22 33  11.3 hPa  85° 71 kt 20140713.00
Part D: 33 44  10.5 hPa  85° 64 kt 20140713.00
Part D: 44 55   9.1 hPa  90° 80 kt 20140713.00
Part D: 55 66   8.7 hPa  90° 61 kt 20140713.00
Part D: 66 77   7.6 hPa  80° 52 kt 20140713.00
Part D: 77 88   7.2 hPa  55° 30 kt 20140713.00
Part D: 88 99   7.1 hPa  65° 40 kt 20140713.00
Part D: 99 11   6.4 hPa 105° 19 kt 20140713.00
Part D: 11 22   6.2 hPa 130° 24 kt 20140713.00
Part D: 22 33   5.9 hPa 275°  6 kt 20140713.00
Part D: 33 44   5.7 hPa 265° 16 kt 20140713.00
Part D: 44 55   5.5 hPa 280° 37 kt 20140713.00
Part A:       100.0 hPa  85° 18 kt 20140714.00
Part C:        70.0 hPa 245° 16 kt 20140714.00
Part C:        50.0 hPa 255° 18 kt 20140714.00
Part C:        30.0 hPa  90° 49 kt 20140714.00
Part C:        20.0 hPa  90° 52 kt 20140714.00
Part C:        10.0 hPa 100° 57 kt 20140714.00
Part D: 11     96.7 hPa 300°  4 kt 20140714.00
Part D: 11 22  94.5 hPa 255° 17 kt 20140714.00
Part D: 22 33  84.6 hPa 230° 19 kt 20140714.00
Part D: 33 44  82.2 hPa 260° 22 kt 20140714.00
Part D: 44 55  69.7 hPa 240° 16 kt 20140714.00
Part D: 55 66  66.7 hPa 270° 16 kt 20140714.00
Part D: 66 77  62.9 hPa 285° 24 kt 20140714.00
Part D: 77 88  61.0 hPa 295° 18 kt 20140714.00
Part D: 88 99  57.4 hPa 280° 20 kt 20140714.00
Part D: 99 11  53.9 hPa 240°  6 kt 20140714.00
Part D: 11 22  52.3 hPa 265° 21 kt 20140714.00
Part D: 22 33  44.7 hPa 110°  1 kt 20140714.00
Part D: 33 44  31.2 hPa  95° 47 kt 20140714.00
Part D: 44 55  30.2 hPa  90° 46 kt 20140714.00
Part D: 55 66  29.2 hPa  85° 51 kt 20140714.00
Part D: 66 77  28.3 hPa  75° 55 kt 20140714.00
Part D: 77 88  27.4 hPa  85° 55 kt 20140714.00
Part D: 88 99  26.5 hPa  85° 47 kt 20140714.00
Part D: 99 11  25.6 hPa  85° 43 kt 20140714.00
Part D: 11 22  24.8 hPa  85° 42 kt 20140714.00
Part D: 22 33  24.0 hPa  85° 46 kt 20140714.00
Part D: 33 44  23.3 hPa  85° 48 kt 20140714.00
Part D: 44 55  22.5 hPa  85° 51 kt 20140714.00
Part D: 55 66  21.7 hPa  85° 50 kt 20140714.00
Part D: 66 77  21.0 hPa  85° 51 kt 20140714.00
Part D: 77 88  20.2 hPa  85° 52 kt 20140714.00
Part D: 88 99  19.5 hPa  95° 54 kt 20140714.00
Part D: 99 11  17.9 hPa  95° 62 kt 20140714.00
Part D: 11 22  15.6 hPa 110° 62 kt 20140714.00
Part D: 22 33  14.6 hPa 105° 55 kt 20140714.00
Part D: 33 44  12.1 hPa  90° 78 kt 20140714.00
Part D: 44 55  10.3 hPa  95° 53 kt 20140714.00
Part D: 55 66   9.5 hPa  90° 75 kt 20140714.00
Part D: 66 77   9.1 hPa  75° 54 kt 20140714.00
Part D: 77 88   8.7 hPa  85° 48 kt 20140714.00
Part A:       100.0 hPa 235° 18 kt 20140715.00
Part C:        70.0 hPa 230° 17 kt 20140715.00
Part C:        50.0 hPa 250° 25 kt 20140715.00
Part C:        30.0 hPa  90° 62 kt 20140715.00
Part C:        20.0 hPa  95° 62 kt 20140715.00
Part C:        10.0 hPa  90° 75 kt 20140715.00
Part D: 11     97.8 hPa 245° 19 kt 20140715.00
Part D: 11 22  87.8 hPa 235° 30 kt 20140715.00
Part D: 22 33  78.4 hPa 270° 36 kt 20140715.00
Part D: 33 44  71.3 hPa 240° 17 kt 20140715.00
Part D: 44 55  70.2 hPa 230° 17 kt 20140715.00
Part D: 55 66  67.0 hPa 275° 16 kt 20140715.00
Part D: 66 77  63.7 hPa 270° 31 kt 20140715.00
Part D: 77 88  61.6 hPa 275° 23 kt 20140715.00
Part D: 88 99  58.0 hPa 255° 23 kt 20140715.00
Part D: 99 11  54.6 hPa 270° 30 kt 20140715.00
Part D: 11 22  49.4 hPa 250° 26 kt 20140715.00
Part D: 22 33  44.7 hPa 260° 13 kt 20140715.00
Part D: 33 44  44.0 hPa 280°  6 kt 20140715.00
Part D: 44 55  43.3 hPa 175°  3 kt 20140715.00
Part D: 55 66  40.7 hPa  55° 14 kt 20140715.00
Part D: 66 77  39.4 hPa  80° 18 kt 20140715.00
Part D: 77 88  36.9 hPa  65° 45 kt 20140715.00
Part D: 88 99  34.0 hPa  80° 58 kt 20140715.00
Part D: 99 11  31.7 hPa  95° 55 kt 20140715.00
Part D: 11 22  28.7 hPa  80° 60 kt 20140715.00
Part D: 22 33  28.2 hPa  90° 65 kt 20140715.00
Part D: 33 44  26.4 hPa 105° 59 kt 20140715.00
Part D: 44 55  20.4 hPa  95° 66 kt 20140715.00
Part D: 55 66  19.3 hPa  90° 62 kt 20140715.00
Part D: 66 77  15.7 hPa  85° 75 kt 20140715.00
Part D: 77 88  14.9 hPa  85° 79 kt 20140715.00
Part D: 88 99  13.9 hPa  90° 62 kt 20140715.00
Part D: 99 11  13.2 hPa  90° 58 kt 20140715.00
Part D: 11 22  11.8 hPa  85° 68 kt 20140715.00
Part D: 22 33  11.4 hPa  85° 61 kt 20140715.00
Part D: 33 44   9.6 hPa  85° 77 kt 20140715.00
Part D: 44 55   9.1 hPa  85° 62 kt 20140715.00
Part D: 55 66   8.1 hPa  75° 50 kt 20140715.00
Part D: 66 77   7.5 hPa  70° 28 kt 20140715.00
Part D: 77 88   7.2 hPa  85° 27 kt 20140715.00
Part D: 88 99   7.1 hPa 105° 16 kt 20140715.00
Part D: 99 11   7.0 hPa 110° 20 kt 20140715.00
Part D: 11 22   6.5 hPa 180° 13 kt 20140715.00
Part D: 22 33   6.2 hPa 240° 19 kt 20140715.00
Part D: 33 44   6.1 hPa 225° 26 kt 20140715.00
Part D: 44 55   5.6 hPa 205° 26 kt 20140715.00
Part D: 55 66   5.4 hPa 170° 14 kt 20140715.00
Part D: 66 77   5.1 hPa 120° 16 kt 20140715.00
Part D: 77 88   5.0 hPa 160° 12 kt 20140715.00
Part A:       100.0 hPa 175°  3 kt 20140716.00
Part C:        70.0 hPa 255° 30 kt 20140716.00
Part C:        50.0 hPa 280° 15 kt 20140716.00
Part C:        30.0 hPa  95° 62 kt 20140716.00
Part C:        20.0 hPa  95° 58 kt 20140716.00
Part C:        10.0 hPa  90° 79 kt 20140716.00
Part D: 11     89.4 hPa 290° 18 kt 20140716.00
Part D: 11 22  82.0 hPa 270° 30 kt 20140716.00
Part D: 22 33  73.8 hPa 245° 29 kt 20140716.00
Part D: 33 44  70.7 hPa 255° 34 kt 20140716.00
Part D: 44 55  68.2 hPa 255° 21 kt 20140716.00
Part D: 55 66  65.2 hPa 255° 32 kt 20140716.00
Part D: 66 77  63.2 hPa 275° 26 kt 20140716.00
Part D: 77 88  57.2 hPa 290° 27 kt 20140716.00
Part D: 88 99  54.4 hPa 315° 15 kt 20140716.00
Part D: 99 11  52.0 hPa 285° 15 kt 20140716.00
Part D: 11 22  48.7 hPa 280° 20 kt 20140716.00
Part D: 22 33  44.8 hPa 340°  7 kt 20140716.00
Part D: 33 44  44.1 hPa  55°  7 kt 20140716.00
Part D: 44 55  43.3 hPa  80° 12 kt 20140716.00
Part D: 55 66  42.6 hPa  65° 14 kt 20140716.00
Part D: 66 77  36.1 hPa  80° 45 kt 20140716.00
Part D: 77 88  34.9 hPa  90° 35 kt 20140716.00
Part D: 88 99  32.1 hPa  90° 52 kt 20140716.00
Part D: 99 11  30.6 hPa  90° 67 kt 20140716.00
Part D: 11 22  29.2 hPa  90° 57 kt 20140716.00
Part D: 22 33  27.2 hPa  75° 56 kt 20140716.00
Part D: 33 44  25.4 hPa  85° 70 kt 20140716.00
Part D: 44 55  24.6 hPa  90° 69 kt 20140716.00
Part D: 55 66  18.5 hPa  90° 66 kt 20140716.00
Part D: 66 77  17.2 hPa  90° 73 kt 20140716.00
Part D: 77 88  16.3 hPa  90° 66 kt 20140716.00
Part D: 88 99  13.9 hPa  90° 61 kt 20140716.00
Part D: 99 11  13.0 hPa  85° 70 kt 20140716.00
Part D: 11 22  11.8 hPa  90° 64 kt 20140716.00
Part D: 22 33  10.1 hPa  90° 80 kt 20140716.00
Part D: 33 44   9.4 hPa 105° 69 kt 20140716.00
Part D: 44 55   8.0 hPa 120° 35 kt 20140716.00
Part A:       100.0 hPa 325°  8 kt 20140717.00
Part C:        70.0 hPa 290° 21 kt 20140717.00
Part C:        50.0 hPa 320° 11 kt 20140717.00
Part C:        30.0 hPa 100° 66 kt 20140717.00
Part C:        20.0 hPa  85° 58 kt 20140717.00
Part C:        10.0 hPa  90° 67 kt 20140717.00
Part D: 11     98.1 hPa 260°  8 kt 20140717.00
Part D: 11 22  87.2 hPa 245° 33 kt 20140717.00
Part D: 22 33  73.9 hPa 275° 26 kt 20140717.00
Part D: 33 44  63.6 hPa 325°  8 kt 20140717.00
Part D: 44 55  62.5 hPa 360° 11 kt 20140717.00
Part D: 55 66  60.5 hPa 335°  9 kt 20140717.00
Part D: 66 77  58.5 hPa 320°  7 kt 20140717.00
Part D: 77 88  55.5 hPa  30°  7 kt 20140717.00
Part D: 88 99  53.6 hPa 335°  2 kt 20140717.00
Part D: 99 11  51.8 hPa 285° 12 kt 20140717.00
Part D: 11 22  48.4 hPa 345° 11 kt 20140717.00
Part D: 22 33  47.6 hPa   5°  9 kt 20140717.00
Part D: 33 44  45.9 hPa 125°  5 kt 20140717.00
Part D: 44 55  42.9 hPa 105°  6 kt 20140717.00
Part D: 55 66  38.6 hPa 115° 43 kt 20140717.00
Part D: 66 77  25.1 hPa  90° 54 kt 20140717.00
Part D: 77 88  18.4 hPa  90° 64 kt 20140717.00
Part D: 88 99  16.3 hPa  95° 52 kt 20140717.00
Part D: 99 11  15.0 hPa  95° 64 kt 20140717.00
Part D: 11 22  14.2 hPa  95° 50 kt 20140717.00
Part D: 22 33  13.0 hPa  95° 59 kt 20140717.00
Part D: 33 44  10.3 hPa  90° 80 kt 20140717.00
Part D: 44 55   8.6 hPa  95° 42 kt 20140717.00
Part D: 55 66   7.4 hPa  60° 18 kt 20140717.00
Part D: 66 77   7.1 hPa  60° 19 kt 20140717.00
Part D: 77 88   6.8 hPa  70° 26 kt 20140717.00
Part D: 88 99   6.5 hPa  70° 38 kt 20140717.00
Part D: 99 11   6.2 hPa  30° 37 kt 20140717.00
Part D: 11 22   5.8 hPa  80° 38 kt 20140717.00
Part D: 22 33   5.6 hPa  60° 18 kt 20140717.00
Part D: 33 44   5.5 hPa 100° 32 kt 20140717.00
Part D: 44 55   5.4 hPa  90° 39 kt 20140717.00
Part A:       100.0 hPa 270° 16 kt 20140719.00
Part A:       100.0 hPa 220°  8 kt 20140720.00
Part C:        70.0 hPa 270° 14 kt 20140720.00
Part C:        50.0 hPa 265° 12 kt 20140720.00
Part C:        30.0 hPa  90° 64 kt 20140720.00
Part C:        20.0 hPa  85° 62 kt 20140720.00
Part C:        10.0 hPa  90° 57 kt 20140720.00
Part C:        41.0 hPa  85° 63 kt 20140720.00
Part D: 11     95.9 hPa 260° 28 kt 20140720.00
Part D: 11 22  88.4 hPa 225° 23 kt 20140720.00
Part D: 22 33  84.2 hPa 225° 23 kt 20140720.00
Part D: 33 44  80.1 hPa 260°  4 kt 20140720.00
Part D: 44 55  77.5 hPa  55°  4 kt 20140720.00
Part D: 55 66  75.2 hPa 190°  3 kt 20140720.00
Part D: 66 77  71.8 hPa 285°  8 kt 20140720.00
Part D: 77 88  64.8 hPa 325° 11 kt 20140720.00
Part D: 88 99  57.1 hPa 275° 41 kt 20140720.00
Part D: 99 11  54.4 hPa 260° 24 kt 20140720.00
Part D: 11 22  50.8 hPa 280° 11 kt 20140720.00
Part D: 22 33  49.9 hPa 260° 12 kt 20140720.00
Part D: 33 44  48.2 hPa 290° 16 kt 20140720.00
Part D: 44 55  44.4 hPa 325°  6 kt 20140720.00
Part D: 55 66  40.9 hPa  95° 10 kt 20140720.00
Part D: 66 77  27.7 hPa  85° 66 kt 20140720.00
Part D: 77 88  20.7 hPa  85° 61 kt 20140720.00
Part D: 88 99  20.0 hPa  85° 62 kt 20140720.00
Part D: 99 11  19.3 hPa  85° 59 kt 20140720.00
Part D: 11 22  18.6 hPa  85° 58 kt 20140720.00
Part D: 22 33  18.0 hPa  95° 57 kt 20140720.00
Part D: 33 44  17.3 hPa 100° 57 kt 20140720.00
Part D: 44 55  16.7 hPa 100° 56 kt 20140720.00
Part D: 55 66  16.1 hPa 100° 49 kt 20140720.00
Part D: 66 77  15.6 hPa 100° 50 kt 20140720.00
Part D: 77 88  15.1 hPa  95° 52 kt 20140720.00
Part D: 88 99  12.4 hPa 110° 45 kt 20140720.00
Part D: 99 11  11.5 hPa 105° 55 kt 20140720.00
Part D: 11 22  10.7 hPa  90° 45 kt 20140720.00
Part D: 22 33  10.6 hPa  95° 40 kt 20140720.00
Part D: 33 44  10.0 hPa  90° 56 kt 20140720.00
Part D: 44 55   9.8 hPa  85° 63 kt 20140720.00
Part D: 55 66   9.2 hPa  70° 51 kt 20140720.00
Part D: 66 77   8.7 hPa  65° 24 kt 20140720.00
Part D: 77 88   8.4 hPa  55° 43 kt 20140720.00
Part D: 88 99   8.1 hPa  70° 28 kt 20140720.00
Part D: 99 11   7.8 hPa  55° 38 kt 20140720.00
Part D: 11 22   7.6 hPa  80° 23 kt 20140720.00
Part D: 22 33   7.3 hPa  45° 14 kt 20140720.00
Part A:       100.0 hPa 165° 17 kt 20140721.00
Part C:        70.0 hPa 350°  3 kt 20140721.00
Part C:        50.0 hPa 260° 19 kt 20140721.00
Part C:        30.0 hPa  95° 57 kt 20140721.00
Part C:        20.0 hPa  90° 64 kt 20140721.00
Part C:        10.0 hPa  90° 53 kt 20140721.00
Part D: 11     94.5 hPa 225°  5 kt 20140721.00
Part D: 11 22  91.5 hPa 285° 14 kt 20140721.00
Part D: 22 33  88.6 hPa 285° 16 kt 20140721.00
Part D: 33 44  84.5 hPa 290° 20 kt 20140721.00
Part D: 44 55  80.6 hPa 255° 12 kt 20140721.00
Part D: 55 66  78.1 hPa 105°  1 kt 20140721.00
Part D: 66 77  75.9 hPa 280°  9 kt 20140721.00
Part D: 77 88  70.3 hPa 340°  2 kt 20140721.00
Part D: 88 99  69.2 hPa 360°  5 kt 20140721.00
Part D: 99 11  67.2 hPa 270°  9 kt 20140721.00
Part D: 11 22  64.1 hPa 270° 27 kt 20140721.00
Part D: 22 33  61.2 hPa 280° 30 kt 20140721.00
Part D: 33 44  56.4 hPa 275° 20 kt 20140721.00
Part D: 44 55  54.7 hPa 255° 29 kt 20140721.00
Part D: 55 66  51.2 hPa 245° 14 kt 20140721.00
Part D: 66 77  49.5 hPa 270° 22 kt 20140721.00
Part D: 77 88  46.6 hPa 325°  9 kt 20140721.00
Part D: 88 99  45.8 hPa 335°  5 kt 20140721.00
Part D: 99 11  44.3 hPa 310°  6 kt 20140721.00
Part D: 11 22  43.6 hPa 340°  5 kt 20140721.00
Part D: 22 33  42.2 hPa  95° 10 kt 20140721.00
Part D: 33 44  41.4 hPa  90° 16 kt 20140721.00
Part D: 44 55  40.1 hPa 115° 20 kt 20140721.00
Part D: 55 66  38.0 hPa  95° 39 kt 20140721.00
Part D: 66 77  36.1 hPa  85° 46 kt 20140721.00
Part D: 77 88  33.1 hPa  90° 43 kt 20140721.00
Part D: 88 99  30.5 hPa  90° 57 kt 20140721.00
Part D: 99 11  20.2 hPa  90° 63 kt 20140721.00
Part D: 11 22  18.5 hPa 100° 72 kt 20140721.00
Part D: 22 33  17.8 hPa 105° 64 kt 20140721.00
Part D: 33 44  14.5 hPa  90° 65 kt 20140721.00
Part D: 44 55  12.8 hPa  90° 48 kt 20140721.00
Part D: 55 66  11.1 hPa  90° 60 kt 20140721.00
Part D: 66 77   9.7 hPa  90° 51 kt 20140721.00
Part D: 77 88   8.9 hPa  95° 54 kt 20140721.00
Part D: 88 99   8.6 hPa 100° 66 kt 20140721.00
Part D: 99 11   8.3 hPa 110° 55 kt 20140721.00
Part D: 11 22   7.8 hPa  80° 54 kt 20140721.00
Part D: 22 33   7.2 hPa  85° 36 kt 20140721.00
Part D: 33 44   6.9 hPa  60° 37 kt 20140721.00
Part D: 44 55   6.8 hPa  35° 36 kt 20140721.00
Part A:       100.0 hPa  60° 16 kt 20140722.00
Part C:        70.0 hPa  95°  8 kt 20140722.00
Part C:        50.0 hPa 285° 27 kt 20140722.00
Part C:        30.0 hPa  90° 65 kt 20140722.00
Part C:        20.0 hPa  85° 64 kt 20140722.00
Part C:        10.0 hPa  80° 78 kt 20140722.00
Part D: 11     92.4 hPa   5° 18 kt 20140722.00
Part D: 11 22  89.0 hPa 350° 12 kt 20140722.00
Part D: 22 33  86.1 hPa 345°  5 kt 20140722.00
Part D: 33 44  82.1 hPa  10°  5 kt 20140722.00
Part D: 44 55  80.7 hPa  35°  7 kt 20140722.00
Part D: 55 66  78.1 hPa 160°  8 kt 20140722.00
Part D: 66 77  76.8 hPa 140° 11 kt 20140722.00
Part D: 77 88  73.4 hPa 215°  7 kt 20140722.00
Part D: 88 99  70.9 hPa  75°  7 kt 20140722.00
Part D: 99 11  67.5 hPa 205° 13 kt 20140722.00
Part D: 11 22  61.4 hPa 270° 36 kt 20140722.00
Part D: 22 33  60.4 hPa 265° 43 kt 20140722.00
Part D: 33 44  51.8 hPa 290° 32 kt 20140722.00
Part D: 44 55  49.4 hPa 280° 24 kt 20140722.00
Part D: 55 66  47.7 hPa 275° 21 kt 20140722.00
Part D: 66 77  46.3 hPa 305° 13 kt 20140722.00
Part D: 77 88  44.9 hPa 290° 14 kt 20140722.00
Part D: 88 99  43.4 hPa 335°  2 kt 20140722.00
Part D: 99 11  42.8 hPa  90° 12 kt 20140722.00
Part D: 11 22  42.0 hPa 115° 18 kt 20140722.00
Part D: 22 33  39.3 hPa  90° 39 kt 20140722.00
Part D: 33 44  34.4 hPa  95° 51 kt 20140722.00
Part D: 44 55  33.2 hPa  90° 40 kt 20140722.00
Part D: 55 66  32.2 hPa  90° 56 kt 20140722.00
Part D: 66 77  29.7 hPa  95° 66 kt 20140722.00
Part D: 77 88  24.1 hPa  85° 55 kt 20140722.00
Part D: 88 99  15.0 hPa 100° 61 kt 20140722.00
Part D: 99 11  12.2 hPa  85° 69 kt 20140722.00
Part D: 11 22  11.3 hPa  85° 80 kt 20140722.00
Part D: 22 33   9.2 hPa  80° 87 kt 20140722.00
Part D: 33 44   8.4 hPa  85° 42 kt 20140722.00
Part D: 44 55   7.8 hPa  85° 61 kt 20140722.00
Part D: 55 66   6.8 hPa  75° 20 kt 20140722.00
Part D: 66 77   6.4 hPa  65° 18 kt 20140722.00
Part A:       100.0 hPa  20°  9 kt 20140724.00
Part C:        70.0 hPa 265° 26 kt 20140724.00
Part C:        50.0 hPa 265° 20 kt 20140724.00
Part C:        30.0 hPa 100° 53 kt 20140724.00
Part C:        20.0 hPa  90° 56 kt 20140724.00
Part C:        10.0 hPa  90° 70 kt 20140724.00
Part D: 11     83.1 hPa  35° 16 kt 20140724.00
Part D: 11 22  78.3 hPa 135°  3 kt 20140724.00
Part D: 22 33  76.0 hPa  50° 13 kt 20140724.00
Part D: 33 44  73.9 hPa 295°  5 kt 20140724.00
Part D: 44 55  66.4 hPa 275° 40 kt 20140724.00
Part D: 55 66  64.4 hPa 275° 34 kt 20140724.00
Part D: 66 77  60.5 hPa 275° 41 kt 20140724.00
Part D: 77 88  59.6 hPa 270° 35 kt 20140724.00
Part D: 88 99  57.8 hPa 270° 42 kt 20140724.00
Part D: 99 11  56.0 hPa 280° 36 kt 20140724.00
Part D: 11 22  54.3 hPa 275° 33 kt 20140724.00
Part D: 22 33  52.6 hPa 265° 29 kt 20140724.00
Part D: 33 44  51.1 hPa 270° 23 kt 20140724.00
Part D: 44 55  49.5 hPa 265° 20 kt 20140724.00
Part D: 55 66  47.9 hPa 270° 22 kt 20140724.00
Part D: 66 77  45.0 hPa 330°  5 kt 20140724.00
Part D: 77 88  43.6 hPa 305°  7 kt 20140724.00
Part D: 88 99  42.2 hPa  60°  4 kt 20140724.00
Part D: 99 11  40.9 hPa 100° 15 kt 20140724.00
Part D: 11 22  38.4 hPa  85° 27 kt 20140724.00
Part D: 22 33  35.9 hPa 105° 39 kt 20140724.00
Part D: 33 44  33.5 hPa  90° 37 kt 20140724.00
Part D: 44 55  30.7 hPa 100° 51 kt 20140724.00
Part D: 55 66  27.3 hPa  90° 56 kt 20140724.00
Part D: 66 77  25.4 hPa  90° 65 kt 20140724.00
Part D: 77 88  19.1 hPa  90° 62 kt 20140724.00
Part D: 88 99  17.6 hPa  90° 71 kt 20140724.00
Part D: 99 11  14.3 hPa  75° 66 kt 20140724.00
Part D: 11 22  10.1 hPa 100° 66 kt 20140724.00
Part D: 22 33   9.8 hPa  90° 79 kt 20140724.00
Part D: 33 44   8.8 hPa  90° 90 kt 20140724.00
Part D: 44 55   8.3 hPa  80° 52 kt 20140724.00
Part D: 55 66   8.0 hPa  75° 40 kt 20140724.00
Part D: 66 77   7.7 hPa  85° 59 kt 20140724.00
Part D: 77 88   7.3 hPa  70° 30 kt 20140724.00
Part D: 88 99   7.1 hPa  90° 18 kt 20140724.00
Part D: 99 11   6.8 hPa 170°  2 kt 20140724.00
Part D: 11 22   6.7 hPa 100° 27 kt 20140724.00
Part D: 22 33   6.6 hPa 135° 16 kt 20140724.00
Part D: 33 44   6.5 hPa 115° 15 kt 20140724.00
Part D: 44 55   5.8 hPa  65°  3 kt 20140724.00
Part D: 55 66   5.7 hPa 295°  7 kt 20140724.00
Part D: 66 77   5.6 hPa 280° 27 kt 20140724.00
Part A:       100.0 hPa 100° 46 kt 20140725.00
Part C:        70.0 hPa 255° 46 kt 20140725.00
Part C:        50.0 hPa 240° 19 kt 20140725.00
Part C:        30.0 hPa  75° 58 kt 20140725.00
Part C:        20.0 hPa 100° 64 kt 20140725.00
Part C:        10.0 hPa  95° 67 kt 20140725.00
Part D: 11     97.0 hPa  85° 44 kt 20140725.00
Part D: 11 22  90.3 hPa  65° 14 kt 20140725.00
Part D: 22 33  88.8 hPa  35° 24 kt 20140725.00
Part D: 33 44  83.4 hPa  70° 23 kt 20140725.00
Part D: 44 55  80.8 hPa  30° 10 kt 20140725.00
Part D: 55 66  79.6 hPa  10° 13 kt 20140725.00
Part D: 66 77  78.3 hPa 285°  6 kt 20140725.00
Part D: 77 88  75.6 hPa 230° 22 kt 20140725.00
Part D: 88 99  71.7 hPa 250° 43 kt 20140725.00
Part D: 99 11  67.3 hPa 265° 50 kt 20140725.00
Part D: 11 22  58.1 hPa 300° 18 kt 20140725.00
Part D: 22 33  56.2 hPa 215°  4 kt 20140725.00
Part D: 33 44  55.3 hPa 205° 12 kt 20140725.00
Part D: 44 55  52.7 hPa 235° 26 kt 20140725.00
Part D: 55 66  44.5 hPa 275°  3 kt 20140725.00
Part D: 66 77  43.8 hPa  65°  5 kt 20140725.00
Part D: 77 88  43.1 hPa  65°  8 kt 20140725.00
Part D: 88 99  42.4 hPa  90° 10 kt 20140725.00
Part D: 99 11  38.9 hPa  85° 36 kt 20140725.00
Part D: 11 22  35.8 hPa  65° 48 kt 20140725.00
Part D: 22 33  33.4 hPa  85° 51 kt 20140725.00
Part D: 33 44  28.4 hPa  85° 67 kt 20140725.00
Part D: 44 55  26.1 hPa  90° 57 kt 20140725.00
Part D: 55 66  22.7 hPa  80° 64 kt 20140725.00
Part D: 66 77  17.3 hPa 100° 56 kt 20140725.00
Part D: 77 88  16.1 hPa  95° 67 kt 20140725.00
Part D: 88 99  12.8 hPa  95° 51 kt 20140725.00
Part D: 99 11  10.9 hPa  95° 74 kt 20140725.00
Part D: 11 22  10.5 hPa  95° 83 kt 20140725.00
Part D: 22 33   9.7 hPa  95° 64 kt 20140725.00
Part D: 33 44   8.9 hPa  95° 73 kt 20140725.00
Part D: 44 55   8.5 hPa 105° 51 kt 20140725.00
Part D: 55 66   8.3 hPa 110° 41 kt 20140725.00
Part A:       100.0 hPa  40° 49 kt 20140726.00
Part C:        70.0 hPa 275° 42 kt 20140726.00
Part C:        50.0 hPa 275° 15 kt 20140726.00
Part C:        30.0 hPa  95° 70 kt 20140726.00
Part C:        20.0 hPa 100° 66 kt 20140726.00
Part C:        10.0 hPa  90° 58 kt 20140726.00
Part D: 11     91.8 hPa  95° 37 kt 20140726.00
Part D: 11 22  90.1 hPa 105° 29 kt 20140726.00
Part D: 22 33  87.4 hPa  95° 34 kt 20140726.00
Part D: 33 44  83.4 hPa  90°  8 kt 20140726.00
Part D: 44 55  80.4 hPa 260° 13 kt 20140726.00
Part D: 55 66  72.6 hPa 270° 42 kt 20140726.00
Part D: 66 77  58.0 hPa 275° 32 kt 20140726.00
Part D: 77 88  56.1 hPa 275° 27 kt 20140726.00
Part D: 88 99  54.1 hPa 255° 12 kt 20140726.00
Part D: 99 11  46.5 hPa 225°  8 kt 20140726.00
Part D: 11 22  45.7 hPa 205°  5 kt 20140726.00
Part D: 22 33  45.0 hPa 230°  3 kt 20140726.00
Part D: 33 44  43.5 hPa  20°  2 kt 20140726.00
Part D: 44 55  42.1 hPa  85° 20 kt 20140726.00
Part D: 55 66  40.7 hPa  80° 23 kt 20140726.00
Part D: 66 77  36.0 hPa  85° 62 kt 20140726.00
Part D: 77 88  32.0 hPa  90° 69 kt 20140726.00
Part D: 88 99  28.3 hPa  95° 74 kt 20140726.00
Part D: 99 11  24.3 hPa  85° 69 kt 20140726.00
Part D: 11 22  21.2 hPa 100° 69 kt 20140726.00
Part D: 22 33  19.4 hPa 100° 59 kt 20140726.00
Part D: 33 44  16.7 hPa  90° 68 kt 20140726.00
Part D: 44 55  15.6 hPa  85° 54 kt 20140726.00
Part D: 55 66  12.8 hPa  90° 45 kt 20140726.00
Part D: 66 77  11.3 hPa 100° 50 kt 20140726.00
Part D: 77 88  10.7 hPa  90° 42 kt 20140726.00
Part D: 88 99  10.3 hPa  80° 49 kt 20140726.00
Part D: 99 11   9.8 hPa  95° 62 kt 20140726.00
Part D: 11 22   9.3 hPa  90° 43 kt 20140726.00
Part D: 22 33   8.5 hPa  85° 68 kt 20140726.00
Part D: 33 44   8.1 hPa  60° 41 kt 20140726.00
Part D: 44 55   8.0 hPa  55° 50 kt 20140726.00
Part D: 55 66   7.3 hPa  65° 43 kt 20140726.00
Part D: 66 77   7.0 hPa  45° 29 kt 20140726.00
Part D: 77 88   6.8 hPa  40° 38 kt 20140726.00
Part D: 88 99   6.3 hPa  60° 27 kt 20140726.00
Part D: 99 11   6.1 hPa  55° 27 kt 20140726.00
Part A:       100.0 hPa 105° 44 kt 20140727.00
Part C:        70.0 hPa 270° 34 kt 20140727.00
Part C:        50.0 hPa 290° 16 kt 20140727.00
Part C:        30.0 hPa 100° 66 kt 20140727.00
Part C:        20.0 hPa  80° 59 kt 20140727.00
Part C:        10.0 hPa 100° 57 kt 20140727.00
Part D: 11     98.4 hPa 110° 45 kt 20140727.00
Part D: 11 22  92.7 hPa  10° 10 kt 20140727.00
Part D: 22 33  90.6 hPa 315°  6 kt 20140727.00
Part D: 33 44  81.1 hPa 275° 37 kt 20140727.00
Part D: 44 55  79.6 hPa 280° 45 kt 20140727.00
Part D: 55 66  71.3 hPa 275° 27 kt 20140727.00
Part D: 66 77  64.5 hPa 295° 22 kt 20140727.00
Part D: 77 88  61.5 hPa 265° 30 kt 20140727.00
Part D: 88 99  52.7 hPa 255° 20 kt 20140727.00
Part D: 99 11  48.1 hPa 340°  6 kt 20140727.00
Part D: 11 22  46.7 hPa  50° 18 kt 20140727.00
Part D: 22 33  46.0 hPa  40° 22 kt 20140727.00
Part D: 33 44  43.9 hPa  75° 19 kt 20140727.00
Part D: 44 55  36.0 hPa  95° 51 kt 20140727.00
Part D: 55 66  32.7 hPa  95° 65 kt 20140727.00
Part D: 66 77  31.7 hPa  95° 59 kt 20140727.00
Part D: 77 88  30.8 hPa 100° 66 kt 20140727.00
Part D: 88 99  21.7 hPa  85° 60 kt 20140727.00
Part D: 99 11  17.0 hPa  95° 65 kt 20140727.00
Part D: 11 22  14.2 hPa 105° 54 kt 20140727.00
Part D: 22 33  12.6 hPa 105° 45 kt 20140727.00
Part D: 33 44  10.2 hPa 100° 53 kt 20140727.00
Part D: 44 55   9.4 hPa  95° 69 kt 20140727.00
Part D: 55 66   8.3 hPa 105° 71 kt 20140727.00
Part A:       100.0 hPa 120° 37 kt 20140728.00
Part C:        70.0 hPa 245° 36 kt 20140728.00
Part C:        50.0 hPa  65° 16 kt 20140728.00
Part C:        30.0 hPa  85° 62 kt 20140728.00
Part C:        20.0 hPa 100° 61 kt 20140728.00
Part C:        10.0 hPa 105° 46 kt 20140728.00
Part D: 11     91.4 hPa  20°  7 kt 20140728.00
Part D: 11 22  87.5 hPa 280° 14 kt 20140728.00
Part D: 22 33  83.7 hPa 295° 28 kt 20140728.00
Part D: 33 44  75.1 hPa 285° 11 kt 20140728.00
Part D: 44 55  74.0 hPa 295°  7 kt 20140728.00
Part D: 55 66  72.8 hPa 250° 10 kt 20140728.00
Part D: 66 77  67.6 hPa 250° 39 kt 20140728.00
Part D: 77 88  64.5 hPa 240° 19 kt 20140728.00
Part D: 88 99  62.6 hPa 255° 32 kt 20140728.00
Part D: 99 11  58.1 hPa 275° 11 kt 20140728.00
Part D: 11 22  53.1 hPa 325°  6 kt 20140728.00
Part D: 22 33  52.3 hPa  45°  4 kt 20140728.00
Part D: 33 44  49.0 hPa  70° 16 kt 20140728.00
Part D: 44 55  46.0 hPa 125° 15 kt 20140728.00
Part D: 55 66  41.1 hPa  95° 20 kt 20140728.00
Part D: 66 77  38.1 hPa  85° 41 kt 20140728.00
Part D: 77 88  34.7 hPa  90° 56 kt 20140728.00
Part D: 88 99  21.1 hPa  95° 66 kt 20140728.00
Part D: 99 11  18.2 hPa 100° 53 kt 20140728.00
Part D: 11 22  16.7 hPa  95° 62 kt 20140728.00
Part D: 22 33  15.0 hPa  85° 49 kt 20140728.00
Part D: 33 44  13.3 hPa  70° 48 kt 20140728.00
Part D: 44 55  12.0 hPa  80° 39 kt 20140728.00
Part D: 55 66  11.4 hPa  90° 34 kt 20140728.00
Part D: 66 77  10.3 hPa 105° 40 kt 20140728.00
Part D: 77 88   9.4 hPa 100° 59 kt 20140728.00
Part D: 88 99   8.4 hPa 100° 57 kt 20140728.00
Part D: 99 11   8.1 hPa 105° 49 kt 20140728.00
Part D: 11 22   7.8 hPa  95° 57 kt 20140728.00
Part D: 22 33   7.6 hPa 110° 39 kt 20140728.00
Part D: 33 44   7.2 hPa  75° 37 kt 20140728.00
Part D: 44 55   6.6 hPa  95° 35 kt 20140728.00
Part D: 55 66   6.4 hPa  80° 25 kt 20140728.00
Part D: 66 77   6.2 hPa  55° 56 kt 20140728.00
Part D: 77 88   6.1 hPa  65° 29 kt 20140728.00
Part D: 88 99   5.8 hPa  80° 23 kt 20140728.00
Part D: 99 11   5.6 hPa  60° 17 kt 20140728.00
Part D: 11 22   5.4 hPa  85° 30 kt 20140728.00
Part D: 22 33   5.2 hPa  80° 36 kt 20140728.00
Part A:       100.0 hPa  40° 10 kt 20140729.00
Part C:        70.0 hPa 260° 32 kt 20140729.00
Part C:        50.0 hPa 120°  7 kt 20140729.00
Part C:        30.0 hPa  95° 59 kt 20140729.00
Part C:        20.0 hPa  90° 64 kt 20140729.00
Part C:        10.0 hPa  80° 68 kt 20140729.00
Part D: 11     97.7 hPa  10° 14 kt 20140729.00
Part D: 11 22  93.8 hPa  25° 16 kt 20140729.00
Part D: 22 33  90.3 hPa   5° 15 kt 20140729.00
Part D: 33 44  87.4 hPa 360° 14 kt 20140729.00
Part D: 44 55  86.1 hPa 360° 14 kt 20140729.00
Part D: 55 66  83.4 hPa 105°  6 kt 20140729.00
Part D: 66 77  77.8 hPa 220° 36 kt 20140729.00
Part D: 77 88  70.7 hPa 260° 32 kt 20140729.00
Part D: 88 99  62.5 hPa 265° 30 kt 20140729.00
Part D: 99 11  60.5 hPa 280° 26 kt 20140729.00
Part D: 11 22  57.7 hPa 275° 15 kt 20140729.00
Part D: 22 33  50.8 hPa 125°  7 kt 20140729.00
Part D: 33 44  47.6 hPa 255°  2 kt 20140729.00
Part D: 44 55  43.3 hPa  60° 32 kt 20140729.00
Part D: 55 66  38.7 hPa  95° 42 kt 20140729.00
Part D: 66 77  23.5 hPa  95° 58 kt 20140729.00
Part D: 77 88  22.7 hPa 100° 58 kt 20140729.00
Part D: 88 99  21.8 hPa 105° 58 kt 20140729.00
Part D: 99 11  20.1 hPa  90° 65 kt 20140729.00
Part D: 11 22  17.3 hPa  85° 59 kt 20140729.00
Part D: 22 33  11.9 hPa 100° 54 kt 20140729.00
Part D: 33 44  10.3 hPa  85° 67 kt 20140729.00
Part D: 44 55   9.4 hPa  80° 72 kt 20140729.00
Part D: 55 66   8.8 hPa  80° 65 kt 20140729.00
Part D: 66 77   8.2 hPa  95° 76 kt 20140729.00
Part D: 77 88   7.9 hPa 110° 48 kt 20140729.00
Part D: 88 99   7.7 hPa  85° 60 kt 20140729.00
Part D: 99 11   7.6 hPa 105° 68 kt 20140729.00
Part D: 11 22   7.4 hPa 100° 58 kt 20140729.00
Part A:       100.0 hPa  50° 26 kt 20140730.00
Part C:        70.0 hPa 280° 28 kt 20140730.00
Part C:        50.0 hPa  90°  2 kt 20140730.00
Part C:        30.0 hPa  85° 53 kt 20140730.00
Part C:        20.0 hPa  85° 63 kt 20140730.00
Part C:        10.0 hPa  85° 78 kt 20140730.00
Part D: 11     92.4 hPa  75° 10 kt 20140730.00
Part D: 11 22  89.3 hPa 160°  3 kt 20140730.00
Part D: 22 33  86.2 hPa 200° 17 kt 20140730.00
Part D: 33 44  81.2 hPa 190° 19 kt 20140730.00
Part D: 44 55  75.7 hPa 280° 25 kt 20140730.00
Part D: 55 66  66.3 hPa 285° 27 kt 20140730.00
Part D: 66 77  62.7 hPa 330°  9 kt 20140730.00
Part D: 77 88  61.7 hPa  10°  7 kt 20140730.00
Part D: 88 99  59.6 hPa  55° 12 kt 20140730.00
Part D: 99 11  57.6 hPa 115°  3 kt 20140730.00
Part D: 11 22  55.7 hPa 215°  8 kt 20140730.00
Part D: 22 33  53.8 hPa 275°  9 kt 20140730.00
Part D: 33 44  51.2 hPa 130°  5 kt 20140730.00
Part D: 44 55  50.3 hPa 170°  2 kt 20140730.00
Part D: 55 66  48.7 hPa  70°  6 kt 20140730.00
Part D: 66 77  46.2 hPa 100° 18 kt 20140730.00
Part D: 77 88  44.7 hPa 125° 16 kt 20140730.00
Part D: 88 99  41.8 hPa 100° 27 kt 20140730.00
Part D: 99 11  37.8 hPa  85° 50 kt 20140730.00
Part D: 11 22  32.8 hPa  90° 58 kt 20140730.00
Part D: 22 33  31.6 hPa  95° 50 kt 20140730.00
Part D: 33 44  27.9 hPa  80° 62 kt 20140730.00
Part D: 44 55  25.5 hPa  90° 55 kt 20140730.00
Part D: 55 66  19.5 hPa  85° 68 kt 20140730.00
Part D: 66 77  18.2 hPa 100° 72 kt 20140730.00
Part D: 77 88  14.9 hPa  85° 60 kt 20140730.00
Part D: 88 99  11.5 hPa 100° 58 kt 20140730.00
Part D: 99 11  10.9 hPa  90° 70 kt 20140730.00
Part D: 11 22   9.1 hPa  90° 93 kt 20140730.00
Part D: 22 33   9.0 hPa  90° 98 kt 20140730.00
Part D: 33 44   7.7 hPa  95° 64 kt 20140730.00
Part D: 44 55   7.4 hPa 115° 56 kt 20140730.00
Part D: 55 66   7.0 hPa 125° 65 kt 20140730.00
Part D: 66 77   6.8 hPa 110° 55 kt 20140730.00
Part D: 77 88   6.4 hPa 100° 45 kt 20140730.00
Part D: 88 99   6.0 hPa  85° 48 kt 20140730.00
Part A:       100.0 hPa  75° 15 kt 20140731.00
Part C:        70.0 hPa  15° 11 kt 20140731.00
Part D: 11     99.0 hPa  70° 16 kt 20140731.00
Part D: 11 22  96.8 hPa  90° 11 kt 20140731.00
Part D: 22 33  94.5 hPa   0°  0 kt 20140731.00
Part D: 33 44  88.1 hPa 350° 17 kt 20140731.00
Part D: 44 55  83.8 hPa 340° 27 kt 20140731.00
Part D: 55 66  81.9 hPa 325° 21 kt 20140731.00
Part D: 66 77  80.2 hPa 310° 25 kt 20140731.00
Part D: 77 88  78.3 hPa 310° 27 kt 20140731.00
Part D: 88 99  76.7 hPa 305° 29 kt 20140731.00
Part D: 99 11  71.9 hPa 340° 16 kt 20140731.00
Part D: 11 22  69.4 hPa  15° 10 kt 20140731.00
Part D: 22 33  67.1 hPa   5° 15 kt 20140731.00
Part D: 33 44  66.0 hPa 360° 12 kt 20140731.00
Part D: 44 55  64.9 hPa  15° 12 kt 20140731.00
Part D: 55 66  63.8 hPa  30° 11 kt 20140731.00
Part D: 66 77  62.8 hPa  45° 13 kt 20140731.00
Part D: 77 88  60.8 hPa 355°  5 kt 20140731.00
Part D: 88 99  59.9 hPa 305°  6 kt 20140731.00
Part D: 99 11  59.0 hPa 340°  4 kt 20140731.00
Part D: 11 22  58.1 hPa  45°  4 kt 20140731.00
Part D: 22 33  57.2 hPa  95°  7 kt 20140731.00
Interpoliere die QBO aus den RS Daten
 Jahr:        2014 Date:        1407
 Filepath: 
 ./qbo_data_new/qbo.dat
