Pararmeterliste beim QBO Aufruf:  -g -w -a 2012.02 --
2012.02
Kopiere RS Daten aus dem Archiv
 TTCC  5100/ 48698                                                                                                                                                                                                                                               
 8                                                                                                                                                                                                                                               
 TTCC  51111 48698                                                                                                                                                                                                                                               
 8                                                                                                                                                                                                                                               
 TTCC  5200/ 48698                                                                                                                                                                                                                                               
 8                                                                                                                                                                                                                                               
 TTCC  5211/ 48698                                                                                                                                                                                                                                               
 8                                                                                                                                                                                                                                               
 TTCC  5300/ 48698                                                                                                                                                                                                                                               
 8                                                                                                                                                                                                                                               
 TTCC  5311/ 48698                                                                                                                                                                                                                                               
 8                                                                                                                                                                                                                                               
 TTCC  54001 48698                                                                                                                                                                                                                                               
 8                                                                                                                                                                                                                                               
 TTCC  54117 48698                                                                                                                                                                                                                                               
 8                                                                                                                                                                                                                                               
 TTCC  55001 48698                                                                                                                                                                                                                                               
 8                                                                                                                                                                                                                                               
 TTCC  5511/ 48698                                                                                                                                                                                                                                               
 8                                                                                                                                                                                                                                               
 TTCC  56001 48698                                                                                                                                                                                                                                               
 8                                                                                                                                                                                                                                               
 TTCC  56117 48698                                                                                                                                                                                                                                               
 8                                                                                                                                                                                                                                               
 TTCC  57001 48698                                                                                                                                                                                                                                               
 8                                                                                                                                                                                                                                               
 TTCC 5711/ 48698 NIL=                                                                                                                                                                                                                                           
 =                                                                                                                                                                                                                                           
 TTCC  58001 48698                                                                                                                                                                                                                                               
 8                                                                                                                                                                                                                                               
 TTCC  58111 48698                                                                                                                                                                                                                                               
 8                                                                                                                                                                                                                                               
 TTCC  59001 48698                                                                                                                                                                                                                                               
 8                                                                                                                                                                                                                                               
 TTCC  5911/ 48698                                                                                                                                                                                                                                               
 8                                                                                                                                                                                                                                               
 TTCC  60001 48698                                                                                                                                                                                                                                               
 8                                                                                                                                                                                                                                               
 TTCC  60117 48698                                                                                                                                                                                                                                               
 8                                                                                                                                                                                                                                               
 TTCC  61001 48698                                                                                                                                                                                                                                               
 8                                                                                                                                                                                                                                               
 TTCC  61115 48698                                                                                                                                                                                                                                               
 8                                                                                                                                                                                                                                               
 TTCC  6200/ 48698                                                                                                                                                                                                                                               
 8                                                                                                                                                                                                                                               
 TTCC  62111 48698                                                                                                                                                                                                                                               
 8                                                                                                                                                                                                                                               
 TTCC  63001 48698                                                                                                                                                                                                                                               
 8                                                                                                                                                                                                                                               
 TTCC  6311/ 48698                                                                                                                                                                                                                                               
 8                                                                                                                                                                                                                                               
 TTCC  64001 48698                                                                                                                                                                                                                                               
 8                                                                                                                                                                                                                                               
 TTCC  6411/ 48698                                                                                                                                                                                                                                               
 8                                                                                                                                                                                                                                               
 TTCC  6500/ 48698                                                                                                                                                                                                                                               
 8                                                                                                                                                                                                                                               
 TTCC  6511/ 48698                                                                                                                                                                                                                                               
 8                                                                                                                                                                                                                                               
 TTCC  66001 48698                                                                                                                                                                                                                                               
 8                                                                                                                                                                                                                                               
 TTCC  6611/ 48698                                                                                                                                                                                                                                               
 8                                                                                                                                                                                                                                               
 TTCC  67001 48698                                                                                                                                                                                                                                               
 8                                                                                                                                                                                                                                               
 TTCC  6711/ 48698                                                                                                                                                                                                                                               
 8                                                                                                                                                                                                                                               
 TTCC  68007 48698                                                                                                                                                                                                                                               
 8                                                                                                                                                                                                                                               
 TTCC  6811/ 48698                                                                                                                                                                                                                                               
 8                                                                                                                                                                                                                                               
 TTCC  6900/ 48698                                                                                                                                                                                                                                               
 8                                                                                                                                                                                                                                               
 TTCC  6911/ 48698                                                                                                                                                                                                                                               
 8                                                                                                                                                                                                                                               
 TTCC  70001 48698                                                                                                                                                                                                                                               
 8                                                                                                                                                                                                                                               
 TTCC  7011/ 48698                                                                                                                                                                                                                                               
 8                                                                                                                                                                                                                                               
 TTCC  71007 48698                                                                                                                                                                                                                                               
 8                                                                                                                                                                                                                                               
 TTCC  7111/ 48698                                                                                                                                                                                                                                               
 8                                                                                                                                                                                                                                               
 TTCC  72007 48698                                                                                                                                                                                                                                               
 8                                                                                                                                                                                                                                               
 TTCC  7211/ 48698                                                                                                                                                                                                                                               
 8                                                                                                                                                                                                                                               
 TTCC  73001 48698                                                                                                                                                                                                                                               
 8                                                                                                                                                                                                                                               
 TTCC  73111 48698                                                                                                                                                                                                                                               
 8                                                                                                                                                                                                                                               
 TTCC  74001 48698                                                                                                                                                                                                                                               
 8                                                                                                                                                                                                                                               
 TTCC  7411/ 48698                                                                                                                                                                                                                                               
 8                                                                                                                                                                                                                                               
 TTCC  75001 48698                                                                                                                                                                                                                                               
 8                                                                                                                                                                                                                                               
 TTCC  75111 48698                                                                                                                                                                                                                                               
 8                                                                                                                                                                                                                                               
 TTCC  76007 48698                                                                                                                                                                                                                                               
 8                                                                                                                                                                                                                                               
 TTCC  7611/ 48698                                                                                                                                                                                                                                               
 8                                                                                                                                                                                                                                               
 TTCC  7700/ 48698                                                                                                                                                                                                                                               
 8                                                                                                                                                                                                                                               
 TTCC  7711/ 48698                                                                                                                                                                                                                                               
 8                                                                                                                                                                                                                                               
 TTCC  78001 48698                                                                                                                                                                                                                                               
 8                                                                                                                                                                                                                                               
 TTCC  78117 48698                                                                                                                                                                                                                                               
 8                                                                                                                                                                                                                                               
 TTCC  79001 48698                                                                                                                                                                                                                                               
 8                                                                                                                                                                                                                                               
 TTCC  7911/ 48698                                                                                                                                                                                                                                               
 8                                                                                                                                                                                                                                               
Parse RS Daten
Part A:       100.0 hPa  80° 67 kt 20120201.00
Part D: 11     96.7 hPa  85° 60 kt 20120201.00
Part D: 11 22  94.5 hPa  90° 59 kt 20120201.00
Part D: 22 33  92.4 hPa  95° 64 kt 20120201.00
Part D: 33 44  84.0 hPa 115° 28 kt 20120201.00
Part D: 44 55  82.1 hPa 120° 19 kt 20120201.00
Part D: 55 66  80.2 hPa 110° 12 kt 20120201.00
Part D: 66 77  78.3 hPa 110°  8 kt 20120201.00
Part D: 77 88  75.0 hPa 160° 14 kt 20120201.00
Part A:       100.0 hPa  90° 56 kt 20120201.12
Part C:        70.0 hPa 270° 33 kt 20120201.12
Part C:        50.0 hPa 190° 10 kt 20120201.12
Part C:        30.0 hPa  70° 37 kt 20120201.12
Part C:        20.0 hPa  85° 45 kt 20120201.12
Part C:        10.0 hPa  85° 40 kt 20120201.12
Part D: 11     87.0 hPa 140° 34 kt 20120201.12
Part D: 11 22  85.0 hPa 145° 36 kt 20120201.12
Part D: 22 33  79.5 hPa 170° 14 kt 20120201.12
Part D: 33 44  73.7 hPa 245° 29 kt 20120201.12
Part D: 44 55  69.1 hPa 275° 32 kt 20120201.12
Part D: 55 66  67.0 hPa 270° 17 kt 20120201.12
Part D: 66 77  65.1 hPa 260° 23 kt 20120201.12
Part D: 77 88  60.5 hPa 310° 19 kt 20120201.12
Part D: 88 99  56.2 hPa 260° 13 kt 20120201.12
Part D: 99 11  52.8 hPa 200° 10 kt 20120201.12
Part D: 11 22  48.4 hPa 175°  4 kt 20120201.12
Part D: 22 33  47.8 hPa 215°  2 kt 20120201.12
Part D: 33 44  45.8 hPa 140°  4 kt 20120201.12
Part D: 44 55  43.8 hPa 155°  9 kt 20120201.12
Part D: 55 66  40.5 hPa  70°  8 kt 20120201.12
Part D: 66 77  38.8 hPa  85° 16 kt 20120201.12
Part D: 77 88  37.7 hPa 110°  6 kt 20120201.12
Part D: 88 99  36.0 hPa 125° 14 kt 20120201.12
Part D: 99 11  32.6 hPa 110° 30 kt 20120201.12
Part D: 11 22  30.0 hPa  70° 37 kt 20120201.12
Part D: 22 33  26.6 hPa  95° 52 kt 20120201.12
Part D: 33 44  25.3 hPa  90° 55 kt 20120201.12
Part D: 44 55  21.4 hPa  90° 46 kt 20120201.12
Part D: 55 66  16.4 hPa  85° 62 kt 20120201.12
Part D: 66 77  15.3 hPa  85° 49 kt 20120201.12
Part D: 77 88  14.7 hPa  95° 60 kt 20120201.12
Part D: 88 99  14.2 hPa  90° 53 kt 20120201.12
Part D: 99 11  13.5 hPa 105° 62 kt 20120201.12
Part D: 11 22  13.1 hPa 105° 52 kt 20120201.12
Part D: 22 33  11.0 hPa 100° 52 kt 20120201.12
Part D: 33 44  10.5 hPa  95° 41 kt 20120201.12
Part D: 44 55   9.8 hPa  80° 42 kt 20120201.12
Part D: 55 66   9.4 hPa  75° 53 kt 20120201.12
Part D: 66 77   9.3 hPa 100° 41 kt 20120201.12
Part D: 77 88   9.1 hPa 100° 29 kt 20120201.12
Part D: 88 99   8.7 hPa 120° 25 kt 20120201.12
Part D: 99 11   8.3 hPa 115° 35 kt 20120201.12
Part D: 11 22   8.0 hPa 145° 22 kt 20120201.12
Part D: 22 33   7.7 hPa 125° 32 kt 20120201.12
Part D: 33 44   7.4 hPa 155° 11 kt 20120201.12
Part D: 44 55   7.2 hPa 190° 13 kt 20120201.12
Part D: 55 66   6.8 hPa 145° 30 kt 20120201.12
Part D: 66 77   6.3 hPa 120° 32 kt 20120201.12
Part D: 77 88   5.8 hPa  95° 43 kt 20120201.12
Part D: 88 99   5.6 hPa  70° 36 kt 20120201.12
Part A:       100.0 hPa  95° 76 kt 20120202.12
Part D: 11     97.3 hPa  95° 57 kt 20120202.12
Part D: 11 22  95.1 hPa  90° 40 kt 20120202.12
Part D: 22 33  93.0 hPa  85° 22 kt 20120202.12
Part D: 33 44  91.2 hPa  90° 15 kt 20120202.12
Part D: 44 55  89.4 hPa 110°  7 kt 20120202.12
Part D: 55 66  86.0 hPa 220° 15 kt 20120202.12
Part D: 66 77  85.1 hPa 225° 20 kt 20120202.12
Part A:       100.0 hPa 105° 33 kt 20120203.12
Part D: 11     98.6 hPa 105° 28 kt 20120203.12
Part D: 11 22  96.7 hPa 115° 16 kt 20120203.12
Part D: 22 33  92.8 hPa 215° 10 kt 20120203.12
Part D: 33 44  83.4 hPa 270° 45 kt 20120203.12
Part D: 44 55  81.8 hPa 270° 41 kt 20120203.12
Part D: 55 66  80.9 hPa 270° 41 kt 20120203.12
Part A:       100.0 hPa 105° 18 kt 20120204.00
Part C:        70.0 hPa 255° 23 kt 20120204.00
Part C:        50.0 hPa 280° 16 kt 20120204.00
Part C:        30.0 hPa 105° 32 kt 20120204.00
Part C:        20.0 hPa  95° 59 kt 20120204.00
Part C:        10.0 hPa  85° 73 kt 20120204.00
Part D: 11     97.3 hPa 130°  8 kt 20120204.00
Part D: 11 22  91.9 hPa 255° 16 kt 20120204.00
Part D: 22 33  87.9 hPa 280° 26 kt 20120204.00
Part D: 33 44  78.6 hPa 275° 34 kt 20120204.00
Part D: 44 55  67.4 hPa 245° 18 kt 20120204.00
Part D: 55 66  66.5 hPa 265° 13 kt 20120204.00
Part D: 66 77  56.3 hPa 230°  7 kt 20120204.00
Part D: 77 88  55.3 hPa 265° 17 kt 20120204.00
Part D: 88 99  52.8 hPa 285° 27 kt 20120204.00
Part D: 99 11  42.8 hPa 270°  4 kt 20120204.00
Part D: 11 22  40.1 hPa 140° 11 kt 20120204.00
Part D: 22 33  38.9 hPa 155° 15 kt 20120204.00
Part D: 33 44  35.4 hPa  30° 17 kt 20120204.00
Part D: 44 55  30.5 hPa 105° 32 kt 20120204.00
Part D: 55 66  27.5 hPa  80° 40 kt 20120204.00
Part D: 66 77  16.8 hPa  85° 69 kt 20120204.00
Part D: 77 88  13.1 hPa  85° 81 kt 20120204.00
Part D: 88 99  12.2 hPa  80° 73 kt 20120204.00
Part D: 99 11  10.6 hPa  90° 95 kt 20120204.00
Part D: 11 22   9.1 hPa  95° 51 kt 20120204.00
Part D: 22 33   8.8 hPa  90° 38 kt 20120204.00
Part D: 44 55   8.3 hPa  75° 24 kt 20120204.00
Part D: 55 66   7.7 hPa 125° 29 kt 20120204.00
Part D: 66 77   7.6 hPa  85° 20 kt 20120204.00
Part D: 77 88   7.3 hPa 115° 18 kt 20120204.00
Part D: 88 99   7.0 hPa  95° 21 kt 20120204.00
Part D: 99 11   6.3 hPa 135° 10 kt 20120204.00
Part D: 11 22   6.1 hPa  60° 13 kt 20120204.00
Part D: 22 33   6.0 hPa 100° 20 kt 20120204.00
Part D: 33 44   5.6 hPa  35° 17 kt 20120204.00
Part D: 44 55   5.4 hPa  95° 28 kt 20120204.00
Part D: 55 66   5.3 hPa  65° 20 kt 20120204.00
Part A:       100.0 hPa 190°  9 kt 20120204.12
Part C:        70.0 hPa 290° 19 kt 20120204.12
Part D: 11     98.7 hPa 220° 11 kt 20120204.12
Part D: 11 22  97.0 hPa 230° 10 kt 20120204.12
Part D: 22 33  95.3 hPa 265° 11 kt 20120204.12
Part D: 33 44  93.7 hPa 260° 17 kt 20120204.12
Part D: 44 55  91.9 hPa 265° 16 kt 20120204.12
Part D: 55 66  88.0 hPa 270° 28 kt 20120204.12
Part D: 66 77  86.3 hPa 265° 27 kt 20120204.12
Part D: 77 88  84.2 hPa 280° 32 kt 20120204.12
Part D: 88 99  82.5 hPa 280° 32 kt 20120204.12
Part D: 99 11  80.6 hPa 270° 31 kt 20120204.12
Part D: 11 22  79.1 hPa 260° 33 kt 20120204.12
Part D: 22 33  76.1 hPa 275° 28 kt 20120204.12
Part D: 33 44  73.0 hPa 285° 26 kt 20120204.12
Part D: 44 55  69.6 hPa 285° 18 kt 20120204.12
Part A:       100.0 hPa 105°  5 kt 20120205.00
Part C:        70.0 hPa 310°  8 kt 20120205.00
Part C:        50.0 hPa 290° 22 kt 20120205.00
Part C:        30.0 hPa  85° 43 kt 20120205.00
Part C:        20.0 hPa  95° 65 kt 20120205.00
Part C:        10.0 hPa  85° 74 kt 20120205.00
Part D: 11     97.0 hPa  75°  6 kt 20120205.00
Part D: 11 22  94.9 hPa  10°  4 kt 20120205.00
Part D: 22 33  90.5 hPa 315° 12 kt 20120205.00
Part D: 33 44  83.1 hPa 275° 19 kt 20120205.00
Part D: 44 55  76.0 hPa 270° 11 kt 20120205.00
Part D: 55 66  72.6 hPa 300° 18 kt 20120205.00
Part D: 66 77  71.0 hPa 300° 12 kt 20120205.00
Part D: 77 88  69.4 hPa 325°  5 kt 20120205.00
Part D: 88 99  67.8 hPa 265°  9 kt 20120205.00
Part D: 99 11  64.7 hPa 195° 11 kt 20120205.00
Part D: 11 22  62.1 hPa 210° 14 kt 20120205.00
Part D: 22 33  60.9 hPa 235° 10 kt 20120205.00
Part D: 33 44  58.8 hPa 270° 22 kt 20120205.00
Part D: 44 55  56.1 hPa 275° 27 kt 20120205.00
Part D: 55 66  51.1 hPa 290° 21 kt 20120205.00
Part D: 66 77  46.0 hPa 255° 12 kt 20120205.00
Part D: 77 88  41.6 hPa 315°  4 kt 20120205.00
Part D: 88 99  37.0 hPa  95° 17 kt 20120205.00
Part D: 99 11  33.4 hPa  85° 23 kt 20120205.00
Part D: 11 22  31.8 hPa 105° 33 kt 20120205.00
Part D: 22 33  29.7 hPa  80° 47 kt 20120205.00
Part D: 33 44  26.7 hPa  85° 48 kt 20120205.00
Part D: 44 55  25.8 hPa  85° 51 kt 20120205.00
Part D: 55 66  24.9 hPa  95° 52 kt 20120205.00
Part D: 66 77  22.5 hPa 100° 68 kt 20120205.00
Part D: 77 88  16.4 hPa  95° 72 kt 20120205.00
Part D: 88 99  15.3 hPa  95° 84 kt 20120205.00
Part D: 99 11  10.9 hPa 100° 94 kt 20120205.00
Part D: 11 22   9.6 hPa  85° 62 kt 20120205.00
Part D: 22 33   9.1 hPa  70° 66 kt 20120205.00
Part D: 33 44   7.8 hPa  90° 24 kt 20120205.00
Part D: 44 55   7.6 hPa 130° 24 kt 20120205.00
Part D: 55 66   7.3 hPa 105° 16 kt 20120205.00
Part D: 66 77   7.1 hPa 110° 12 kt 20120205.00
Part D: 77 88   6.8 hPa 100° 24 kt 20120205.00
Part D: 88 99   6.5 hPa 125° 16 kt 20120205.00
Part D: 99 11   6.3 hPa  95° 14 kt 20120205.00
Part D: 11 22   5.9 hPa 115°  6 kt 20120205.00
Part D: 22 33   5.8 hPa  55° 17 kt 20120205.00
Part D: 33 44   5.7 hPa  55° 13 kt 20120205.00
Part A:       100.0 hPa  20°  6 kt 20120205.12
Part D: 11     97.9 hPa 350°  8 kt 20120205.12
Part D: 11 22  96.4 hPa 340°  7 kt 20120205.12
Part D: 22 33  94.8 hPa 340°  9 kt 20120205.12
Part D: 33 44  91.5 hPa 300° 10 kt 20120205.12
Part D: 44 55  88.0 hPa 270° 11 kt 20120205.12
Part D: 55 66  86.4 hPa 260° 12 kt 20120205.12
Part D: 66 77  84.7 hPa 270° 16 kt 20120205.12
Part D: 77 88  83.1 hPa 260° 14 kt 20120205.12
Part D: 88 99  81.4 hPa 225° 10 kt 20120205.12
Part D: 99 11  79.7 hPa 165° 11 kt 20120205.12
Part D: 11 22  78.1 hPa 160° 10 kt 20120205.12
Part D: 22 33  76.6 hPa 230°  5 kt 20120205.12
Part D: 33 44  75.0 hPa 280° 11 kt 20120205.12
Part D: 44 55  73.6 hPa 290° 14 kt 20120205.12
Part D: 55 66  70.7 hPa 310°  7 kt 20120205.12
Part A:       100.0 hPa  15°  8 kt 20120206.00
Part C:        70.0 hPa 355°  8 kt 20120206.00
Part C:        50.0 hPa 235° 19 kt 20120206.00
Part C:        30.0 hPa  75° 43 kt 20120206.00
Part C:        20.0 hPa 100° 68 kt 20120206.00
Part C:        10.0 hPa  75° 48 kt 20120206.00
Part D: 11     99.0 hPa  30°  7 kt 20120206.00
Part D: 11 22  95.8 hPa  20° 10 kt 20120206.00
Part D: 22 33  92.7 hPa 305°  3 kt 20120206.00
Part D: 33 44  85.2 hPa 255° 21 kt 20120206.00
Part D: 44 55  75.8 hPa 180°  2 kt 20120206.00
Part D: 55 66  73.0 hPa 300° 13 kt 20120206.00
Part D: 66 77  71.7 hPa 310° 14 kt 20120206.00
Part D: 77 88  70.4 hPa 350°  9 kt 20120206.00
Part D: 88 99  69.2 hPa   5°  8 kt 20120206.00
Part D: 99 11  68.0 hPa 325° 13 kt 20120206.00
Part D: 11 22  65.8 hPa 250°  5 kt 20120206.00
Part D: 22 33  59.0 hPa 265° 28 kt 20120206.00
Part D: 33 44  54.3 hPa 255° 11 kt 20120206.00
Part D: 44 55  52.5 hPa 250° 20 kt 20120206.00
Part D: 55 66  45.3 hPa 230° 13 kt 20120206.00
Part D: 66 77  43.8 hPa 205°  6 kt 20120206.00
Part D: 77 88  41.6 hPa 165° 12 kt 20120206.00
Part D: 88 99  38.2 hPa  50° 20 kt 20120206.00
Part D: 99 11  36.4 hPa  75° 17 kt 20120206.00
Part D: 11 22  32.6 hPa 100° 23 kt 20120206.00
Part D: 22 33  29.7 hPa  75° 45 kt 20120206.00
Part D: 33 44  27.4 hPa  85° 55 kt 20120206.00
Part D: 44 55  21.8 hPa  85° 66 kt 20120206.00
Part D: 55 66  18.0 hPa  95° 74 kt 20120206.00
Part D: 66 77  15.0 hPa  90° 80 kt 20120206.00
Part D: 77 88  12.6 hPa  75° 78 kt 20120206.00
Part D: 88 99  11.5 hPa  80° 85 kt 20120206.00
Part D: 99 11  10.6 hPa  60° 63 kt 20120206.00
Part D: 11 22  10.0 hPa  75° 48 kt 20120206.00
Part D: 22 33   9.2 hPa  90° 49 kt 20120206.00
Part D: 33 44   9.1 hPa 100° 37 kt 20120206.00
Part D: 44 55   8.8 hPa 100° 40 kt 20120206.00
Part D: 55 66   8.3 hPa 135° 26 kt 20120206.00
Part D: 66 77   7.6 hPa 150° 11 kt 20120206.00
Part D: 77 88   7.3 hPa 190° 19 kt 20120206.00
Part D: 88 99   7.0 hPa 215° 15 kt 20120206.00
Part D: 99 11   6.7 hPa 130° 14 kt 20120206.00
Part D: 11 22   6.5 hPa 215° 12 kt 20120206.00
Part D: 22 33   6.3 hPa 270°  6 kt 20120206.00
Part A:       100.0 hPa 255° 14 kt 20120206.12
Part C:        70.0 hPa  65°  5 kt 20120206.12
Part D: 11     97.2 hPa 250° 13 kt 20120206.12
Part D: 11 22  92.9 hPa 270°  6 kt 20120206.12
Part D: 22 33  88.6 hPa 270° 15 kt 20120206.12
Part D: 33 44  86.6 hPa 275° 17 kt 20120206.12
Part D: 44 55  84.5 hPa 280° 19 kt 20120206.12
Part D: 55 66  80.6 hPa 325°  4 kt 20120206.12
Part D: 66 77  77.9 hPa 335°  8 kt 20120206.12
Part D: 77 88  76.2 hPa 325° 10 kt 20120206.12
Part D: 88 99  74.3 hPa 320° 14 kt 20120206.12
Part D: 99 11  72.4 hPa  95°  5 kt 20120206.12
Part D: 11 22  68.9 hPa 355°  9 kt 20120206.12
Part D: 22 33  67.3 hPa 350°  8 kt 20120206.12
Part D: 33 44  65.9 hPa 330°  4 kt 20120206.12
Part D: 44 55  64.5 hPa 310°  1 kt 20120206.12
Part D: 55 66  63.1 hPa  90°  1 kt 20120206.12
Part D: 66 77  62.0 hPa  50°  2 kt 20120206.12
Part D: 77 88  60.0 hPa 290° 14 kt 20120206.12
Part D: 88 99  59.0 hPa 275° 16 kt 20120206.12
Part D: 99 11  57.1 hPa 260° 19 kt 20120206.12
Part D: 11 22  54.7 hPa 230° 13 kt 20120206.12
Part D: 22 33  53.3 hPa 225° 20 kt 20120206.12
Part A:       100.0 hPa 300° 22 kt 20120207.00
Part C:        70.0 hPa  70°  7 kt 20120207.00
Part C:        50.0 hPa 255° 16 kt 20120207.00
Part C:        30.0 hPa  90° 44 kt 20120207.00
Part C:        20.0 hPa  90° 64 kt 20120207.00
Part C:        10.0 hPa  60° 39 kt 20120207.00
Part D: 11     97.3 hPa 315° 20 kt 20120207.00
Part D: 11 22  84.3 hPa 325° 20 kt 20120207.00
Part D: 22 33  80.2 hPa 345° 26 kt 20120207.00
Part D: 33 44  79.0 hPa 355° 26 kt 20120207.00
Part D: 44 55  76.1 hPa 340°  7 kt 20120207.00
Part D: 55 66  71.5 hPa 120°  5 kt 20120207.00
Part D: 66 77  69.2 hPa  90°  5 kt 20120207.00
Part D: 77 88  65.0 hPa 100°  4 kt 20120207.00
Part D: 88 99  63.0 hPa 245°  7 kt 20120207.00
Part D: 99 11  62.0 hPa 265° 16 kt 20120207.00
Part D: 11 22  60.2 hPa 265° 26 kt 20120207.00
Part D: 22 33  54.0 hPa 240° 18 kt 20120207.00
Part D: 33 44  47.5 hPa 295° 10 kt 20120207.00
Part D: 44 55  44.6 hPa 320°  8 kt 20120207.00
Part D: 55 66  43.2 hPa 335°  4 kt 20120207.00
Part D: 66 77  42.6 hPa 165°  4 kt 20120207.00
Part D: 77 88  38.8 hPa  70° 22 kt 20120207.00
Part D: 88 99  35.8 hPa 110° 23 kt 20120207.00
Part D: 99 11  32.0 hPa  85° 39 kt 20120207.00
Part D: 11 22  29.0 hPa 100° 47 kt 20120207.00
Part D: 22 33  27.7 hPa  85° 56 kt 20120207.00
Part D: 33 44  26.8 hPa  95° 48 kt 20120207.00
Part D: 44 55  25.0 hPa  90° 63 kt 20120207.00
Part D: 55 66  22.3 hPa 105° 66 kt 20120207.00
Part D: 66 77  20.9 hPa  95° 65 kt 20120207.00
Part D: 77 88  14.7 hPa  95° 76 kt 20120207.00
Part D: 88 99  13.3 hPa  90° 68 kt 20120207.00
Part D: 99 11  12.1 hPa  80° 81 kt 20120207.00
Part D: 11 22  11.2 hPa  85° 69 kt 20120207.00
Part D: 22 33  10.7 hPa  90° 52 kt 20120207.00
Part D: 33 44  10.0 hPa  60° 39 kt 20120207.00
Part D: 44 55   9.3 hPa  60° 46 kt 20120207.00
Part D: 55 66   8.9 hPa  75° 33 kt 20120207.00
Part D: 66 77   8.4 hPa  45° 11 kt 20120207.00
Part D: 77 88   8.2 hPa 290°  3 kt 20120207.00
Part D: 88 99   8.1 hPa 290°  8 kt 20120207.00
Part D: 99 11   7.8 hPa 350°  5 kt 20120207.00
Part D: 11 22   7.6 hPa 220°  8 kt 20120207.00
Part D: 22 33   7.2 hPa 215°  1 kt 20120207.00
Part D: 33 44   7.1 hPa 250° 24 kt 20120207.00
Part D: 44 55   7.0 hPa 250° 30 kt 20120207.00
Part D: 55 66   6.8 hPa 275° 13 kt 20120207.00
Part D: 66 77   6.7 hPa 245° 19 kt 20120207.00
Part D: 77 88   6.6 hPa 260° 27 kt 20120207.00
Part A:       100.0 hPa 145° 12 kt 20120208.00
Part C:        70.0 hPa 190° 12 kt 20120208.00
Part C:        50.0 hPa  10°  9 kt 20120208.00
Part C:        30.0 hPa  90° 37 kt 20120208.00
Part C:        20.0 hPa  95° 56 kt 20120208.00
Part C:        10.0 hPa  85° 43 kt 20120208.00
Part D: 11     97.5 hPa 115° 10 kt 20120208.00
Part D: 11 22  72.6 hPa 185° 19 kt 20120208.00
Part D: 22 33  65.3 hPa 135°  3 kt 20120208.00
Part D: 33 44  64.2 hPa 315°  6 kt 20120208.00
Part D: 44 55  62.2 hPa 315°  9 kt 20120208.00
Part D: 55 66  60.2 hPa 340° 13 kt 20120208.00
Part D: 66 77  59.2 hPa 360° 15 kt 20120208.00
Part D: 77 88  58.2 hPa   5° 12 kt 20120208.00
Part D: 88 99  57.2 hPa 340° 10 kt 20120208.00
Part D: 99 11  55.4 hPa 325° 12 kt 20120208.00
Part D: 11 22  54.5 hPa 325° 12 kt 20120208.00
Part D: 22 33  50.3 hPa 360°  8 kt 20120208.00
Part D: 33 44  47.8 hPa 360° 13 kt 20120208.00
Part D: 44 55  45.6 hPa  65° 12 kt 20120208.00
Part D: 55 66  33.7 hPa  85° 27 kt 20120208.00
Part D: 66 77  32.7 hPa  85° 31 kt 20120208.00
Part D: 77 88  30.7 hPa 110° 33 kt 20120208.00
Part D: 88 99  25.9 hPa  90° 48 kt 20120208.00
Part D: 99 11  18.0 hPa  90° 55 kt 20120208.00
Part D: 11 22  17.3 hPa  85° 69 kt 20120208.00
Part D: 22 33  16.7 hPa  95° 53 kt 20120208.00
Part D: 33 44  15.5 hPa  95° 69 kt 20120208.00
Part D: 44 55  15.2 hPa 105° 54 kt 20120208.00
Part D: 55 66  10.7 hPa  95° 79 kt 20120208.00
Part D: 66 77   9.6 hPa  90° 28 kt 20120208.00
Part D: 77 88   8.8 hPa  90° 43 kt 20120208.00
Part D: 88 99   8.1 hPa  85° 30 kt 20120208.00
Part A:       100.0 hPa 155° 17 kt 20120208.12
Part C:        70.0 hPa 115° 27 kt 20120208.12
Part C:        50.0 hPa 295°  4 kt 20120208.12
Part C:        30.0 hPa 110° 30 kt 20120208.12
Part C:        20.0 hPa  90° 55 kt 20120208.12
Part C:        10.0 hPa  80° 39 kt 20120208.12
Part D: 11     97.3 hPa 160° 18 kt 20120208.12
Part D: 11 22  94.3 hPa 135° 13 kt 20120208.12
Part D: 22 33  91.3 hPa 150° 11 kt 20120208.12
Part D: 33 44  88.3 hPa 115° 14 kt 20120208.12
Part D: 44 55  80.0 hPa 105° 24 kt 20120208.12
Part D: 55 66  77.4 hPa 130° 20 kt 20120208.12
Part D: 66 77  71.1 hPa 115° 25 kt 20120208.12
Part D: 77 88  66.9 hPa  60° 11 kt 20120208.12
Part D: 88 99  62.7 hPa 360° 18 kt 20120208.12
Part D: 99 11  60.6 hPa 350° 26 kt 20120208.12
Part D: 11 22  57.6 hPa 320° 13 kt 20120208.12
Part D: 22 33  53.1 hPa 340°  7 kt 20120208.12
Part D: 33 44  50.6 hPa 315°  7 kt 20120208.12
Part D: 44 55  49.9 hPa 280°  3 kt 20120208.12
Part D: 55 66  49.1 hPa 150°  5 kt 20120208.12
Part D: 66 77  47.7 hPa 175° 10 kt 20120208.12
Part D: 77 88  45.7 hPa 120°  6 kt 20120208.12
Part D: 88 99  44.9 hPa 145°  5 kt 20120208.12
Part D: 99 11  43.4 hPa 115° 14 kt 20120208.12
Part D: 11 22  40.5 hPa 150° 21 kt 20120208.12
Part D: 22 33  38.2 hPa 115° 14 kt 20120208.12
Part D: 33 44  37.1 hPa 135° 15 kt 20120208.12
Part D: 44 55  34.8 hPa  85° 20 kt 20120208.12
Part D: 55 66  33.7 hPa  55° 18 kt 20120208.12
Part D: 66 77  31.5 hPa 100° 26 kt 20120208.12
Part D: 77 88  29.3 hPa 110° 33 kt 20120208.12
Part D: 88 99  26.7 hPa  95° 38 kt 20120208.12
Part D: 99 11  25.8 hPa  90° 48 kt 20120208.12
Part D: 11 22  23.4 hPa 100° 49 kt 20120208.12
Part D: 22 33  20.2 hPa  90° 54 kt 20120208.12
Part D: 33 44  17.7 hPa  80° 66 kt 20120208.12
Part D: 44 55  12.6 hPa  95° 83 kt 20120208.12
Part D: 55 66  10.5 hPa  90° 41 kt 20120208.12
Part D: 66 77   9.5 hPa  80° 30 kt 20120208.12
Part D: 77 88   9.1 hPa 100° 26 kt 20120208.12
Part D: 88 99   8.1 hPa  95° 42 kt 20120208.12
Part D: 99 11   7.8 hPa 100° 28 kt 20120208.12
Part D: 11 22   7.6 hPa 125° 16 kt 20120208.12
Part D: 22 33   7.0 hPa 110° 13 kt 20120208.12
Part D: 33 44   6.9 hPa 160°  9 kt 20120208.12
Part D: 44 55   6.3 hPa  60° 20 kt 20120208.12
Part D: 55 66   6.0 hPa  60° 25 kt 20120208.12
Part D: 66 77   5.4 hPa 100° 21 kt 20120208.12
Part D: 77 88   5.2 hPa  85° 19 kt 20120208.12
Part A:       100.0 hPa 180° 26 kt 20120209.00
Part C:        70.0 hPa  40° 19 kt 20120209.00
Part C:        50.0 hPa 325° 15 kt 20120209.00
Part C:        30.0 hPa  85° 37 kt 20120209.00
Part C:        20.0 hPa  90° 50 kt 20120209.00
Part C:        10.0 hPa  75° 33 kt 20120209.00
Part D: 11     92.5 hPa 165° 21 kt 20120209.00
Part D: 11 22  84.6 hPa 110° 16 kt 20120209.00
Part D: 22 33  77.0 hPa  90° 19 kt 20120209.00
Part D: 33 44  71.9 hPa  50° 23 kt 20120209.00
Part D: 44 55  68.3 hPa   5° 17 kt 20120209.00
Part D: 55 66  66.4 hPa  40° 12 kt 20120209.00
Part D: 66 77  61.3 hPa 270°  5 kt 20120209.00
Part D: 77 88  59.3 hPa 250°  7 kt 20120209.00
Part D: 88 99  58.4 hPa 295°  5 kt 20120209.00
Part D: 99 11  57.5 hPa 305°  5 kt 20120209.00
Part D: 11 22  54.9 hPa 285° 10 kt 20120209.00
Part D: 22 33  51.6 hPa 320° 19 kt 20120209.00
Part D: 33 44  48.4 hPa 295°  9 kt 20120209.00
Part D: 44 55  44.5 hPa 175°  3 kt 20120209.00
Part D: 55 66  41.1 hPa 155° 13 kt 20120209.00
Part D: 66 77  39.8 hPa 160° 19 kt 20120209.00
Part D: 77 88  39.2 hPa 160° 23 kt 20120209.00
Part D: 88 99  36.7 hPa 110° 10 kt 20120209.00
Part D: 99 11  36.1 hPa  80° 12 kt 20120209.00
Part D: 11 22  33.9 hPa  65° 16 kt 20120209.00
Part D: 22 33  32.9 hPa 100° 24 kt 20120209.00
Part D: 33 44  29.2 hPa  75° 38 kt 20120209.00
Part D: 44 55  27.3 hPa  90° 50 kt 20120209.00
Part D: 55 66  22.4 hPa 105° 55 kt 20120209.00
Part D: 66 77  20.0 hPa  90° 50 kt 20120209.00
Part D: 77 88  18.3 hPa  85° 63 kt 20120209.00
Part D: 88 99  16.8 hPa  95° 62 kt 20120209.00
Part D: 99 11  12.8 hPa 100° 78 kt 20120209.00
Part D: 11 22  10.9 hPa 110° 64 kt 20120209.00
Part D: 22 33  10.5 hPa  95° 50 kt 20120209.00
Part D: 33 44   9.8 hPa  80° 25 kt 20120209.00
Part D: 44 55   9.2 hPa  60° 35 kt 20120209.00
Part D: 55 66   8.2 hPa  85° 27 kt 20120209.00
Part D: 66 77   7.7 hPa  75° 33 kt 20120209.00
Part D: 77 88   7.1 hPa  55° 24 kt 20120209.00
Part D: 88 99   7.0 hPa  70° 22 kt 20120209.00
Part D: 99 11   6.7 hPa  45° 18 kt 20120209.00
Part D: 11 22   6.6 hPa  60° 14 kt 20120209.00
Part D: 22 33   6.5 hPa  50° 25 kt 20120209.00
Part D: 33 44   6.2 hPa  55° 18 kt 20120209.00
Part A:       100.0 hPa 135° 20 kt 20120209.12
Part A:       100.0 hPa 115° 21 kt 20120210.00
Part C:        70.0 hPa 355° 16 kt 20120210.00
Part C:        50.0 hPa 205° 16 kt 20120210.00
Part C:        30.0 hPa  90° 38 kt 20120210.00
Part C:        20.0 hPa  95° 61 kt 20120210.00
Part C:        10.0 hPa  70° 55 kt 20120210.00
Part D: 11     93.9 hPa 100° 11 kt 20120210.00
Part D: 11 22  88.1 hPa  95° 24 kt 20120210.00
Part D: 22 33  82.0 hPa  60° 13 kt 20120210.00
Part D: 33 44  79.3 hPa   5° 19 kt 20120210.00
Part D: 44 55  78.0 hPa 360° 23 kt 20120210.00
Part D: 55 66  74.5 hPa 360° 24 kt 20120210.00
Part D: 66 77  67.6 hPa 305°  4 kt 20120210.00
Part D: 77 88  66.5 hPa 235°  5 kt 20120210.00
Part D: 88 99  64.4 hPa 215°  9 kt 20120210.00
Part D: 99 11  60.3 hPa 245° 15 kt 20120210.00
Part D: 11 22  56.5 hPa 260° 16 kt 20120210.00
Part D: 22 33  54.8 hPa 270°  5 kt 20120210.00
Part D: 33 44  51.3 hPa 205°  6 kt 20120210.00
Part D: 44 55  48.8 hPa 190° 20 kt 20120210.00
Part D: 55 66  48.1 hPa 185° 17 kt 20120210.00
Part D: 66 77  47.3 hPa 200° 13 kt 20120210.00
Part D: 77 88  46.6 hPa 235° 10 kt 20120210.00
Part D: 88 99  45.8 hPa 255° 11 kt 20120210.00
Part D: 99 11  44.3 hPa 250°  5 kt 20120210.00
Part D: 11 22  42.8 hPa 295°  6 kt 20120210.00
Part D: 22 33  40.7 hPa 335°  3 kt 20120210.00
Part D: 33 44  39.3 hPa  40° 13 kt 20120210.00
Part D: 44 55  38.6 hPa  10° 18 kt 20120210.00
Part D: 55 66  37.4 hPa 360° 22 kt 20120210.00
Part D: 66 77  36.7 hPa  15° 18 kt 20120210.00
Part D: 77 88  34.8 hPa  50° 18 kt 20120210.00
Part D: 88 99  33.6 hPa 115° 21 kt 20120210.00
Part D: 99 11  32.5 hPa  80° 26 kt 20120210.00
Part D: 11 22  31.1 hPa 105° 32 kt 20120210.00
Part D: 22 33  29.3 hPa  90° 39 kt 20120210.00
Part D: 33 44  25.4 hPa  95° 51 kt 20120210.00
Part D: 44 55  18.1 hPa  95° 64 kt 20120210.00
Part D: 55 66  12.3 hPa  90° 85 kt 20120210.00
Part D: 66 77  11.7 hPa  90° 92 kt 20120210.00
Part D: 77 88  10.5 hPa  75° 47 kt 20120210.00
Part D: 88 99  10.1 hPa  70° 56 kt 20120210.00
Part D: 99 11   9.4 hPa  95° 25 kt 20120210.00
Part D: 11 22   9.3 hPa 115° 24 kt 20120210.00
Part D: 22 33   8.1 hPa 165° 24 kt 20120210.00
Part D: 33 44   7.0 hPa 230° 24 kt 20120210.00
Part A:       100.0 hPa  80° 12 kt 20120210.12
Part C:        70.0 hPa 360° 25 kt 20120210.12
Part D: 11     98.6 hPa  70° 15 kt 20120210.12
Part D: 11 22  94.0 hPa  65° 27 kt 20120210.12
Part D: 22 33  91.9 hPa  70° 33 kt 20120210.12
Part D: 33 44  87.5 hPa 100° 21 kt 20120210.12
Part D: 44 55  85.6 hPa 110° 17 kt 20120210.12
Part D: 55 66  81.5 hPa  70°  9 kt 20120210.12
Part D: 66 77  79.9 hPa 350° 11 kt 20120210.12
Part D: 77 88  77.0 hPa 330° 21 kt 20120210.12
Part D: 88 99  74.8 hPa 350° 16 kt 20120210.12
Part D: 99 11  72.7 hPa 355° 20 kt 20120210.12
Part D: 11 22  71.7 hPa 350° 23 kt 20120210.12
Part D: 22 33  70.8 hPa 355° 26 kt 20120210.12
Part D: 33 44  69.9 hPa 360° 25 kt 20120210.12
Part D: 44 55  69.0 hPa  10° 23 kt 20120210.12
Part D: 55 66  65.5 hPa 195°  8 kt 20120210.12
Part A:       100.0 hPa  15° 16 kt 20120211.00
Part C:        70.0 hPa  45° 17 kt 20120211.00
Part C:        50.0 hPa 255° 19 kt 20120211.00
Part C:        30.0 hPa  85° 38 kt 20120211.00
Part C:        20.0 hPa 100° 63 kt 20120211.00
Part C:        10.0 hPa  85° 28 kt 20120211.00
Part D: 11     92.7 hPa  80° 20 kt 20120211.00
Part D: 11 22  86.6 hPa 145°  7 kt 20120211.00
Part D: 22 33  80.9 hPa 360°  6 kt 20120211.00
Part D: 33 44  78.8 hPa 340°  8 kt 20120211.00
Part D: 44 55  73.4 hPa  30° 19 kt 20120211.00
Part D: 55 66  67.4 hPa 100° 11 kt 20120211.00
Part D: 66 77  66.0 hPa 150°  8 kt 20120211.00
Part D: 77 88  59.6 hPa 215° 11 kt 20120211.00
Part D: 88 99  58.3 hPa 175° 13 kt 20120211.00
Part D: 99 11  55.1 hPa 320°  6 kt 20120211.00
Part D: 11 22  52.5 hPa 220° 12 kt 20120211.00
Part D: 22 33  50.7 hPa 245° 16 kt 20120211.00
Part D: 33 44  49.1 hPa 265° 24 kt 20120211.00
Part D: 44 55  47.4 hPa 270°  9 kt 20120211.00
Part D: 55 66  45.8 hPa 295° 16 kt 20120211.00
Part D: 66 77  40.0 hPa 255°  9 kt 20120211.00
Part D: 77 88  39.3 hPa 260°  4 kt 20120211.00
Part D: 88 99  38.0 hPa  90°  8 kt 20120211.00
Part D: 99 11  37.4 hPa  70° 15 kt 20120211.00
Part D: 11 22  35.7 hPa 125° 22 kt 20120211.00
Part D: 22 33  33.3 hPa 110° 26 kt 20120211.00
Part D: 33 44  32.1 hPa  95° 40 kt 20120211.00
Part D: 44 55  29.9 hPa  85° 38 kt 20120211.00
Part D: 55 66  26.5 hPa  95° 53 kt 20120211.00
Part D: 66 77  23.0 hPa 100° 59 kt 20120211.00
Part D: 77 88  20.1 hPa 100° 64 kt 20120211.00
Part D: 88 99  18.1 hPa  85° 53 kt 20120211.00
Part D: 99 11  16.9 hPa  80° 67 kt 20120211.00
Part D: 11 22  15.2 hPa  80° 70 kt 20120211.00
Part D: 22 33  11.9 hPa 100° 68 kt 20120211.00
Part D: 33 44   9.7 hPa  80° 16 kt 20120211.00
Part D: 44 55   9.5 hPa 100° 16 kt 20120211.00
Part D: 55 66   9.2 hPa 110° 14 kt 20120211.00
Part D: 66 77   8.2 hPa 335°  4 kt 20120211.00
Part D: 77 88   8.0 hPa 305°  3 kt 20120211.00
Part D: 88 99   7.7 hPa 340°  7 kt 20120211.00
Part A:       100.0 hPa  45° 11 kt 20120211.12
Part C:        70.0 hPa  60°  8 kt 20120211.12
Part C:        50.0 hPa 275° 11 kt 20120211.12
Part D: 11     96.2 hPa  65° 17 kt 20120211.12
Part D: 11 22  86.2 hPa 115° 13 kt 20120211.12
Part D: 22 33  84.5 hPa 100°  8 kt 20120211.12
Part D: 33 44  82.7 hPa  35° 11 kt 20120211.12
Part D: 44 55  81.0 hPa  25° 18 kt 20120211.12
Part D: 55 66  76.5 hPa  10° 17 kt 20120211.12
Part D: 66 77  70.8 hPa  45° 11 kt 20120211.12
Part D: 77 88  69.4 hPa  70°  7 kt 20120211.12
Part D: 88 99  66.7 hPa 160° 15 kt 20120211.12
Part D: 99 11  64.1 hPa 160°  7 kt 20120211.12
Part D: 11 22  62.8 hPa 180°  7 kt 20120211.12
Part D: 22 33  60.6 hPa 265°  5 kt 20120211.12
Part D: 33 44  58.6 hPa 290°  3 kt 20120211.12
Part D: 44 55  56.7 hPa 295° 13 kt 20120211.12
Part D: 55 66  54.9 hPa 325° 21 kt 20120211.12
Part D: 66 77  53.0 hPa 315° 23 kt 20120211.12
Part D: 77 88  51.2 hPa 325° 10 kt 20120211.12
Part D: 88 99  50.3 hPa 280° 11 kt 20120211.12
Part D: 99 11  49.3 hPa 265° 11 kt 20120211.12
Part D: 11 22  47.7 hPa 275° 10 kt 20120211.12
Part D: 22 33  45.3 hPa 320°  9 kt 20120211.12
Part D: 33 44  43.9 hPa 305° 11 kt 20120211.12
Part D: 44 55  41.7 hPa 325°  4 kt 20120211.12
Part D: 55 66  40.4 hPa 185°  2 kt 20120211.12
Part D: 66 77  38.6 hPa 140°  8 kt 20120211.12
Part A:       100.0 hPa 360° 11 kt 20120212.12
Part C:        70.0 hPa 135°  8 kt 20120212.12
Part C:        50.0 hPa 305°  7 kt 20120212.12
Part C:        30.0 hPa  75° 51 kt 20120212.12
Part C:        20.0 hPa  95° 52 kt 20120212.12
Part C:        10.0 hPa  95° 56 kt 20120212.12
Part D: 11     77.9 hPa  60°  5 kt 20120212.12
Part D: 11 22  71.3 hPa 150°  8 kt 20120212.12
Part D: 22 33  69.8 hPa 135°  8 kt 20120212.12
Part D: 33 44  66.7 hPa 165° 18 kt 20120212.12
Part D: 44 55  63.8 hPa 115° 11 kt 20120212.12
Part D: 55 66  62.4 hPa  40°  4 kt 20120212.12
Part D: 66 77  61.2 hPa  20° 16 kt 20120212.12
Part D: 77 88  60.2 hPa  10° 16 kt 20120212.12
Part D: 88 99  59.1 hPa  30° 16 kt 20120212.12
Part D: 99 11  57.0 hPa  20° 16 kt 20120212.12
Part D: 11 22  55.2 hPa  50°  8 kt 20120212.12
Part D: 22 33  53.6 hPa  95°  2 kt 20120212.12
Part D: 33 44  52.9 hPa 230°  4 kt 20120212.12
Part D: 44 55  51.2 hPa 280°  3 kt 20120212.12
Part D: 55 66  49.5 hPa 310° 10 kt 20120212.12
Part D: 66 77  47.8 hPa 325° 18 kt 20120212.12
Part D: 77 88  44.0 hPa 315°  7 kt 20120212.12
Part D: 88 99  42.7 hPa  55°  2 kt 20120212.12
Part D: 99 11  41.4 hPa 145°  8 kt 20120212.12
Part D: 11 22  38.8 hPa 105° 20 kt 20120212.12
Part D: 22 33  37.6 hPa 120° 27 kt 20120212.12
Part D: 33 44  35.9 hPa  90° 27 kt 20120212.12
Part D: 44 55  33.2 hPa  75° 31 kt 20120212.12
Part D: 55 66  21.7 hPa  95° 57 kt 20120212.12
Part D: 66 77  18.4 hPa  85° 53 kt 20120212.12
Part D: 77 88  15.0 hPa  95° 63 kt 20120212.12
Part D: 88 99  14.5 hPa  90° 63 kt 20120212.12
Part D: 99 11  14.0 hPa  90° 64 kt 20120212.12
Part D: 11 22  13.6 hPa  95° 67 kt 20120212.12
Part D: 22 33  13.2 hPa  95° 63 kt 20120212.12
Part D: 33 44  11.0 hPa  95° 77 kt 20120212.12
Part D: 44 55  10.2 hPa  95° 62 kt 20120212.12
Part D: 55 66   9.9 hPa  90° 54 kt 20120212.12
Part D: 66 77   9.4 hPa  75° 43 kt 20120212.12
Part D: 77 88   9.3 hPa  75° 33 kt 20120212.12
Part D: 88 99   9.0 hPa  65° 45 kt 20120212.12
Part D: 99 11   8.8 hPa  90° 33 kt 20120212.12
Part D: 11 22   8.4 hPa  85° 12 kt 20120212.12
Part D: 22 33   8.1 hPa  75° 20 kt 20120212.12
Part D: 33 44   7.8 hPa  85° 16 kt 20120212.12
Part D: 44 55   7.6 hPa  70° 16 kt 20120212.12
Part D: 55 66   6.4 hPa 125° 21 kt 20120212.12
Part A:       100.0 hPa  45° 29 kt 20120213.00
Part C:        70.0 hPa 155° 16 kt 20120213.00
Part C:        50.0 hPa 305°  6 kt 20120213.00
Part C:        30.0 hPa 100° 56 kt 20120213.00
Part C:        20.0 hPa  95° 59 kt 20120213.00
Part C:        10.0 hPa  95° 73 kt 20120213.00
Part D: 11     94.2 hPa  35° 30 kt 20120213.00
Part D: 11 22  78.6 hPa  15°  4 kt 20120213.00
Part D: 22 33  76.7 hPa 240°  8 kt 20120213.00
Part D: 33 44  73.2 hPa 130°  7 kt 20120213.00
Part D: 44 55  69.7 hPa 155° 18 kt 20120213.00
Part D: 55 66  68.0 hPa 155° 27 kt 20120213.00
Part D: 66 77  66.4 hPa 150° 25 kt 20120213.00
Part D: 77 88  64.8 hPa  90°  9 kt 20120213.00
Part D: 88 99  60.6 hPa   5° 24 kt 20120213.00
Part D: 99 11  58.2 hPa  15° 13 kt 20120213.00
Part D: 11 22  57.1 hPa 335° 12 kt 20120213.00
Part D: 22 33  54.8 hPa 230°  2 kt 20120213.00
Part D: 33 44  53.8 hPa 210°  4 kt 20120213.00
Part D: 44 55  51.9 hPa 290° 10 kt 20120213.00
Part D: 55 66  51.1 hPa 295°  8 kt 20120213.00
Part D: 66 77  49.0 hPa 250°  4 kt 20120213.00
Part D: 77 88  48.2 hPa  75°  7 kt 20120213.00
Part D: 88 99  46.5 hPa 160°  5 kt 20120213.00
Part D: 99 11  44.8 hPa 140° 14 kt 20120213.00
Part D: 11 22  43.2 hPa 155° 17 kt 20120213.00
Part D: 22 33  41.0 hPa 120° 11 kt 20120213.00
Part D: 33 44  39.8 hPa  90° 14 kt 20120213.00
Part D: 44 55  34.6 hPa  65° 31 kt 20120213.00
Part D: 55 66  32.6 hPa  85° 50 kt 20120213.00
Part D: 66 77  31.1 hPa  95° 46 kt 20120213.00
Part D: 77 88  30.0 hPa 100° 56 kt 20120213.00
Part D: 88 99  25.8 hPa 105° 60 kt 20120213.00
Part D: 99 11  23.7 hPa  90° 59 kt 20120213.00
Part D: 11 22  21.8 hPa 100° 55 kt 20120213.00
Part D: 22 33  15.8 hPa  80° 66 kt 20120213.00
Part D: 33 44  11.0 hPa  90° 78 kt 20120213.00
Part D: 44 55  10.6 hPa  90° 79 kt 20120213.00
Part D: 55 66  10.2 hPa 100° 69 kt 20120213.00
Part D: 66 77   9.2 hPa  80° 45 kt 20120213.00
Part D: 77 88   8.7 hPa  80° 52 kt 20120213.00
Part D: 88 99   8.2 hPa 105° 30 kt 20120213.00
Part D: 99 11   8.0 hPa  85° 29 kt 20120213.00
Part D: 11 22   7.8 hPa 105° 22 kt 20120213.00
Part D: 22 33   7.6 hPa 125° 27 kt 20120213.00
Part D: 33 44   7.5 hPa 105° 34 kt 20120213.00
Part D: 44 55   7.2 hPa 125° 30 kt 20120213.00
Part D: 55 66   7.0 hPa  75° 33 kt 20120213.00
Part A:       100.0 hPa  40° 27 kt 20120213.12
Part D: 11     98.9 hPa  40° 27 kt 20120213.12
Part D: 11 22  97.1 hPa  45° 29 kt 20120213.12
Part D: 22 33  95.3 hPa  55° 30 kt 20120213.12
Part D: 33 44  93.0 hPa  55° 23 kt 20120213.12
Part D: 44 55  86.9 hPa  75° 13 kt 20120213.12
Part D: 55 66  85.8 hPa  90° 10 kt 20120213.12
Part A:       100.0 hPa  90° 28 kt 20120214.00
Part C:        70.0 hPa  60° 19 kt 20120214.00
Part C:        50.0 hPa 245°  6 kt 20120214.00
Part C:        30.0 hPa 100° 42 kt 20120214.00
Part C:        20.0 hPa  90° 58 kt 20120214.00
Part C:        10.0 hPa  95° 69 kt 20120214.00
Part D: 11     94.6 hPa 110° 16 kt 20120214.00
Part D: 11 22  90.7 hPa  90° 12 kt 20120214.00
Part D: 22 33  84.7 hPa 135° 11 kt 20120214.00
Part D: 33 44  79.4 hPa  45° 11 kt 20120214.00
Part D: 44 55  75.9 hPa 100° 18 kt 20120214.00
Part D: 55 66  69.0 hPa  50° 24 kt 20120214.00
Part D: 66 77  65.8 hPa  40° 21 kt 20120214.00
Part D: 77 88  63.7 hPa  65° 22 kt 20120214.00
Part D: 88 99  60.5 hPa 110°  9 kt 20120214.00
Part D: 99 11  51.4 hPa 265°  6 kt 20120214.00
Part D: 11 22  48.9 hPa 200°  7 kt 20120214.00
Part D: 22 33  45.1 hPa 255°  9 kt 20120214.00
Part D: 33 44  42.1 hPa 355°  8 kt 20120214.00
Part D: 44 55  40.7 hPa  20°  7 kt 20120214.00
Part D: 55 66  39.6 hPa  45° 16 kt 20120214.00
Part D: 66 77  39.1 hPa  35° 18 kt 20120214.00
Part D: 77 88  34.2 hPa  95° 26 kt 20120214.00
Part D: 88 99  31.1 hPa 110° 38 kt 20120214.00
Part D: 99 11  29.1 hPa  95° 44 kt 20120214.00
Part D: 11 22  25.7 hPa  90° 55 kt 20120214.00
Part D: 22 33  24.8 hPa  75° 49 kt 20120214.00
Part D: 33 44  21.3 hPa  90° 60 kt 20120214.00
Part D: 44 55  16.4 hPa  90° 67 kt 20120214.00
Part D: 55 66  15.9 hPa  90° 61 kt 20120214.00
Part D: 66 77  13.1 hPa  85° 66 kt 20120214.00
Part D: 77 88  11.2 hPa  90° 79 kt 20120214.00
Part D: 88 99  10.3 hPa  95° 70 kt 20120214.00
Part D: 99 11   9.2 hPa  90° 63 kt 20120214.00
Part D: 11 22   8.4 hPa  95° 32 kt 20120214.00
Part D: 22 33   7.9 hPa  90° 42 kt 20120214.00
Part D: 33 44   7.5 hPa  65° 34 kt 20120214.00
Part D: 44 55   7.2 hPa  35° 27 kt 20120214.00
Part D: 55 66   7.1 hPa  55° 21 kt 20120214.00
Part D: 66 77   6.8 hPa  75° 35 kt 20120214.00
Part D: 77 88   6.5 hPa  95° 30 kt 20120214.00
Part D: 88 99   6.3 hPa  90° 18 kt 20120214.00
Part D: 99 11   6.2 hPa 110° 29 kt 20120214.00
Part D: 11 22   6.1 hPa 140° 22 kt 20120214.00
Part D: 22 33   5.9 hPa  70° 16 kt 20120214.00
Part D: 33 44   5.7 hPa 165° 16 kt 20120214.00
Part D: 44 55   5.6 hPa 100° 11 kt 20120214.00
Part D: 55 66   5.4 hPa  95° 11 kt 20120214.00
Part D: 66 77   5.3 hPa  75°  2 kt 20120214.00
Part A:       100.0 hPa 145° 35 kt 20120214.12
Part D: 11     98.2 hPa 145° 36 kt 20120214.12
Part D: 11 22  94.3 hPa 140° 24 kt 20120214.12
Part D: 22 33  90.8 hPa 155° 19 kt 20120214.12
Part D: 33 44  87.8 hPa 140° 14 kt 20120214.12
Part D: 44 55  86.4 hPa 135° 13 kt 20120214.12
Part D: 55 66  85.0 hPa 140° 13 kt 20120214.12
Part D: 66 77  83.9 hPa 140° 12 kt 20120214.12
Part A:       100.0 hPa 150° 26 kt 20120215.00
Part D: 11     97.6 hPa 150° 28 kt 20120215.00
Part D: 11 22  95.3 hPa 145° 30 kt 20120215.00
Part D: 22 33  93.2 hPa 145° 25 kt 20120215.00
Part D: 33 44  91.1 hPa 145° 19 kt 20120215.00
Part D: 44 55  88.8 hPa 110° 14 kt 20120215.00
Part A:       100.0 hPa 115° 21 kt 20120215.12
Part D: 11     97.5 hPa 105° 19 kt 20120215.12
Part D: 11 22  96.1 hPa 110° 20 kt 20120215.12
Part D: 22 33  94.5 hPa 105° 21 kt 20120215.12
Part D: 33 44  91.7 hPa 110° 25 kt 20120215.12
Part D: 44 55  90.2 hPa 110° 22 kt 20120215.12
Part A:       100.0 hPa  85° 28 kt 20120216.00
Part C:        70.0 hPa 135° 20 kt 20120216.00
Part C:        50.0 hPa 310° 21 kt 20120216.00
Part C:        30.0 hPa  85° 47 kt 20120216.00
Part C:        20.0 hPa  85° 59 kt 20120216.00
Part C:        10.0 hPa  85° 45 kt 20120216.00
Part D: 11     89.0 hPa  85° 29 kt 20120216.00
Part D: 11 22  80.6 hPa 110° 35 kt 20120216.00
Part D: 22 33  74.5 hPa  85° 37 kt 20120216.00
Part D: 33 44  71.0 hPa 120° 20 kt 20120216.00
Part D: 44 55  67.7 hPa 165° 10 kt 20120216.00
Part D: 55 66  63.4 hPa 295° 18 kt 20120216.00
Part D: 66 77  61.6 hPa 275° 18 kt 20120216.00
Part D: 77 88  57.8 hPa 300° 17 kt 20120216.00
Part D: 88 99  53.1 hPa 310° 29 kt 20120216.00
Part D: 99 11  50.6 hPa 315° 22 kt 20120216.00
Part D: 11 22  49.0 hPa 300° 20 kt 20120216.00
Part D: 22 33  46.7 hPa 350°  5 kt 20120216.00
Part D: 33 44  44.3 hPa 205°  8 kt 20120216.00
Part D: 44 55  42.1 hPa 205° 14 kt 20120216.00
Part D: 55 66  39.2 hPa 155° 10 kt 20120216.00
Part D: 66 77  32.7 hPa  85° 31 kt 20120216.00
Part D: 77 88  30.0 hPa  85° 47 kt 20120216.00
Part D: 88 99  27.1 hPa 105° 58 kt 20120216.00
Part D: 99 11  25.7 hPa  95° 52 kt 20120216.00
Part D: 11 22  23.0 hPa  90° 57 kt 20120216.00
Part D: 22 33  21.1 hPa  85° 51 kt 20120216.00
Part D: 33 44  19.7 hPa  80° 58 kt 20120216.00
Part D: 44 55  17.0 hPa  95° 55 kt 20120216.00
Part D: 55 66  11.7 hPa  80° 66 kt 20120216.00
Part D: 66 77  10.9 hPa  85° 73 kt 20120216.00
Part D: 77 88  10.0 hPa  85° 45 kt 20120216.00
Part D: 88 99   9.7 hPa 100° 51 kt 20120216.00
Part D: 99 11   9.1 hPa 100° 32 kt 20120216.00
Part D: 11 22   8.8 hPa 115° 18 kt 20120216.00
Part D: 22 33   8.4 hPa 185° 16 kt 20120216.00
Part D: 33 44   8.1 hPa 195° 24 kt 20120216.00
Part D: 44 55   7.8 hPa 195° 12 kt 20120216.00
Part D: 55 66   7.5 hPa 280°  7 kt 20120216.00
Part D: 66 77   7.2 hPa 310° 12 kt 20120216.00
Part D: 77 88   6.7 hPa 290°  6 kt 20120216.00
Part A:       100.0 hPa  95° 38 kt 20120217.00
Part C:        70.0 hPa 305° 29 kt 20120217.00
Part C:        50.0 hPa 200° 12 kt 20120217.00
Part C:        30.0 hPa  90° 36 kt 20120217.00
Part C:        20.0 hPa  95° 57 kt 20120217.00
Part C:        10.0 hPa 105° 50 kt 20120217.00
Part D: 11     89.8 hPa  85° 44 kt 20120217.00
Part D: 11 22  86.6 hPa 100° 50 kt 20120217.00
Part D: 22 33  77.8 hPa  85° 14 kt 20120217.00
Part D: 33 44  76.4 hPa  25°  4 kt 20120217.00
Part D: 44 55  74.9 hPa 310° 10 kt 20120217.00
Part D: 55 66  63.1 hPa 350° 28 kt 20120217.00
Part D: 66 77  62.0 hPa 360° 27 kt 20120217.00
Part D: 77 88  61.0 hPa  10° 24 kt 20120217.00
Part D: 88 99  58.0 hPa  60° 13 kt 20120217.00
Part D: 99 11  55.8 hPa 170°  5 kt 20120217.00
Part D: 11 22  53.8 hPa 210° 15 kt 20120217.00
Part D: 22 33  51.1 hPa 185°  5 kt 20120217.00
Part D: 33 44  49.4 hPa 210° 13 kt 20120217.00
Part D: 44 55  46.1 hPa 195°  7 kt 20120217.00
Part D: 55 66  44.7 hPa  50°  1 kt 20120217.00
Part D: 66 77  43.2 hPa 350°  5 kt 20120217.00
Part D: 77 88  42.4 hPa 360°  8 kt 20120217.00
Part D: 88 99  40.9 hPa  60°  3 kt 20120217.00
Part D: 99 11  38.8 hPa  20° 12 kt 20120217.00
Part D: 11 22  38.2 hPa  65° 10 kt 20120217.00
Part D: 22 33  36.3 hPa 100° 15 kt 20120217.00
Part D: 33 44  35.0 hPa  60° 13 kt 20120217.00
Part D: 44 55  33.7 hPa  70° 25 kt 20120217.00
Part D: 55 66  30.4 hPa  95° 38 kt 20120217.00
Part D: 66 77  25.9 hPa  95° 55 kt 20120217.00
Part D: 77 88  11.0 hPa 100° 71 kt 20120217.00
Part D: 88 99   9.3 hPa  90° 36 kt 20120217.00
Part D: 99 11   8.5 hPa  25° 17 kt 20120217.00
Part D: 11 22   7.9 hPa  75° 14 kt 20120217.00
Part D: 22 33   7.5 hPa  70°  6 kt 20120217.00
Part D: 33 44   7.2 hPa  15°  6 kt 20120217.00
Part D: 44 55   6.2 hPa 355°  9 kt 20120217.00
Part D: 55 66   6.1 hPa   5° 12 kt 20120217.00
Part D: 66 77   5.9 hPa 325°  9 kt 20120217.00
Part D: 77 88   5.5 hPa  85°  9 kt 20120217.00
Part D: 88 99   5.2 hPa 130° 25 kt 20120217.00
Part A:       100.0 hPa 100° 41 kt 20120217.12
Part D: 11     97.0 hPa 105° 37 kt 20120217.12
Part D: 11 22  95.2 hPa 105° 38 kt 20120217.12
Part D: 22 33  93.4 hPa 105° 38 kt 20120217.12
Part D: 33 44  91.6 hPa 100° 37 kt 20120217.12
Part D: 44 55  89.4 hPa 110° 37 kt 20120217.12
Part A:       100.0 hPa  90° 33 kt 20120218.00
Part C:        70.0 hPa 105° 10 kt 20120218.00
Part D: 11     97.9 hPa  80° 32 kt 20120218.00
Part D: 11 22  96.2 hPa  80° 31 kt 20120218.00
Part D: 22 33  94.6 hPa  75° 35 kt 20120218.00
Part D: 33 44  93.0 hPa  85° 35 kt 20120218.00
Part D: 44 55  91.4 hPa  90° 34 kt 20120218.00
Part D: 55 66  88.3 hPa  75° 17 kt 20120218.00
Part D: 66 77  84.5 hPa  40° 24 kt 20120218.00
Part D: 77 88  82.7 hPa  45° 25 kt 20120218.00
Part D: 88 99  80.9 hPa  40° 24 kt 20120218.00
Part D: 99 11  79.1 hPa  50° 21 kt 20120218.00
Part D: 11 22  77.4 hPa  75° 22 kt 20120218.00
Part D: 22 33  75.7 hPa  70° 11 kt 20120218.00
Part D: 33 44  74.3 hPa 135° 16 kt 20120218.00
Part D: 44 55  73.1 hPa 165° 10 kt 20120218.00
Part D: 55 66  72.2 hPa 145°  9 kt 20120218.00
Part D: 66 77  70.5 hPa 105° 10 kt 20120218.00
Part D: 77 88  68.9 hPa 110° 11 kt 20120218.00
Part D: 88 99  68.0 hPa 115° 10 kt 20120218.00
Part D: 99 11  67.1 hPa 110° 10 kt 20120218.00
Part D: 11 22  66.3 hPa 115° 12 kt 20120218.00
Part D: 22 33  65.5 hPa 125° 12 kt 20120218.00
Part D: 33 44  63.6 hPa 115° 17 kt 20120218.00
Part A:       100.0 hPa  90° 29 kt 20120218.12
Part A:       100.0 hPa  80° 32 kt 20120219.00
Part A:       100.0 hPa 145°  9 kt 20120219.12
Part D: 11     98.7 hPa 180° 10 kt 20120219.12
Part D: 11 22  96.8 hPa 205° 10 kt 20120219.12
Part D: 22 33  93.0 hPa 250° 10 kt 20120219.12
Part D: 33 44  89.0 hPa 165°  2 kt 20120219.12
Part D: 44 55  87.2 hPa 170°  3 kt 20120219.12
Part D: 55 66  85.4 hPa 165°  3 kt 20120219.12
Part D: 66 77  84.0 hPa 120°  2 kt 20120219.12
Part A:       100.0 hPa   5°  7 kt 20120220.00
Part C:        70.0 hPa  40° 18 kt 20120220.00
Part C:        50.0 hPa 275° 15 kt 20120220.00
Part C:        30.0 hPa  90° 49 kt 20120220.00
Part C:        20.0 hPa  80° 57 kt 20120220.00
Part C:        10.0 hPa  80° 58 kt 20120220.00
Part D: 11     98.5 hPa 330°  9 kt 20120220.00
Part D: 11 22  95.9 hPa 305° 15 kt 20120220.00
Part D: 22 33  83.1 hPa 305° 14 kt 20120220.00
Part D: 33 44  79.0 hPa 350°  6 kt 20120220.00
Part D: 44 55  77.7 hPa 325° 11 kt 20120220.00
Part D: 55 66  75.0 hPa 355° 17 kt 20120220.00
Part D: 66 77  72.5 hPa  15° 18 kt 20120220.00
Part D: 77 88  66.7 hPa 120° 12 kt 20120220.00
Part D: 88 99  64.6 hPa 155° 25 kt 20120220.00
Part D: 99 11  59.6 hPa 175° 14 kt 20120220.00
Part D: 11 22  54.8 hPa 285° 15 kt 20120220.00
Part D: 22 33  54.0 hPa 290° 21 kt 20120220.00
Part D: 33 44  49.7 hPa 270° 14 kt 20120220.00
Part D: 44 55  46.4 hPa 305° 12 kt 20120220.00
Part D: 55 66  45.0 hPa 245° 11 kt 20120220.00
Part D: 66 77  42.2 hPa 175° 15 kt 20120220.00
Part D: 77 88  40.2 hPa 120°  7 kt 20120220.00
Part D: 88 99  39.5 hPa 120°  3 kt 20120220.00
Part D: 99 11  38.8 hPa  90°  3 kt 20120220.00
Part D: 11 22  38.2 hPa 125°  5 kt 20120220.00
Part D: 22 33  36.9 hPa  60° 10 kt 20120220.00
Part D: 33 44  35.6 hPa  75° 13 kt 20120220.00
Part D: 44 55  33.3 hPa  55° 23 kt 20120220.00
Part D: 55 66  29.1 hPa 100° 54 kt 20120220.00
Part D: 66 77  28.0 hPa 105° 42 kt 20120220.00
Part D: 77 88  26.5 hPa  85° 45 kt 20120220.00
Part D: 88 99  25.2 hPa  95° 56 kt 20120220.00
Part D: 99 11  19.2 hPa  85° 63 kt 20120220.00
Part D: 11 22  17.0 hPa 100° 56 kt 20120220.00
Part D: 22 33  12.5 hPa  75° 65 kt 20120220.00
Part D: 33 44  11.6 hPa  80° 70 kt 20120220.00
Part D: 44 55   9.9 hPa  80° 59 kt 20120220.00
Part D: 55 66   9.3 hPa  90° 46 kt 20120220.00
Part D: 66 77   8.4 hPa  80° 33 kt 20120220.00
Part D: 77 88   7.7 hPa 105° 19 kt 20120220.00
Part D: 88 99   7.6 hPa 125° 15 kt 20120220.00
Part D: 99 11   7.2 hPa 110° 16 kt 20120220.00
Part D: 11 22   6.9 hPa  80°  8 kt 20120220.00
Part D: 22 33   6.8 hPa  85° 12 kt 20120220.00
Part D: 33 44   6.7 hPa  60° 10 kt 20120220.00
Part D: 44 55   6.3 hPa  60° 12 kt 20120220.00
Part A:       100.0 hPa 355°  3 kt 20120221.00
Part C:        70.0 hPa 115° 25 kt 20120221.00
Part D: 11     95.5 hPa  20° 13 kt 20120221.00
Part D: 11 22  92.1 hPa  30° 21 kt 20120221.00
Part D: 22 33  90.5 hPa  35° 26 kt 20120221.00
Part D: 33 44  88.8 hPa  45° 28 kt 20120221.00
Part D: 44 55  87.2 hPa  45° 30 kt 20120221.00
Part D: 55 66  84.2 hPa  50° 13 kt 20120221.00
Part D: 66 77  82.6 hPa  20° 12 kt 20120221.00
Part D: 77 88  79.5 hPa  65° 11 kt 20120221.00
Part D: 88 99  76.4 hPa  65° 21 kt 20120221.00
Part D: 99 11  74.9 hPa  75° 20 kt 20120221.00
Part D: 11 22  73.4 hPa  90° 22 kt 20120221.00
Part D: 22 33  72.0 hPa 105° 24 kt 20120221.00
Part D: 33 44  70.7 hPa 120° 23 kt 20120221.00
Part D: 44 55  69.9 hPa 115° 25 kt 20120221.00
Part A:       100.0 hPa  85°  9 kt 20120221.12
Part A:       100.0 hPa  15° 15 kt 20120222.00
Part C:        70.0 hPa  50° 23 kt 20120222.00
Part D: 11     96.6 hPa  25° 18 kt 20120222.00
Part D: 11 22  94.3 hPa  30° 19 kt 20120222.00
Part D: 22 33  92.0 hPa  35° 18 kt 20120222.00
Part D: 33 44  89.8 hPa  45° 19 kt 20120222.00
Part D: 44 55  85.3 hPa  85° 21 kt 20120222.00
Part D: 55 66  82.9 hPa 105° 20 kt 20120222.00
Part D: 66 77  80.9 hPa 115° 27 kt 20120222.00
Part D: 77 88  77.1 hPa 145° 25 kt 20120222.00
Part D: 88 99  75.5 hPa 150° 26 kt 20120222.00
Part D: 99 11  72.4 hPa 115° 20 kt 20120222.00
Part D: 11 22  69.5 hPa  45° 26 kt 20120222.00
Part D: 22 33  68.1 hPa  50° 27 kt 20120222.00
Part D: 33 44  66.8 hPa  45° 26 kt 20120222.00
Part D: 44 55  64.2 hPa  45° 12 kt 20120222.00
Part D: 55 66  63.0 hPa  35°  9 kt 20120222.00
Part D: 66 77  61.0 hPa 355°  8 kt 20120222.00
Part D: 77 88  59.1 hPa 360° 18 kt 20120222.00
Part D: 88 99  58.0 hPa 355° 21 kt 20120222.00
Part D: 99 11  57.1 hPa 360° 17 kt 20120222.00
Part D: 11 22  56.1 hPa 345° 11 kt 20120222.00
Part D: 22 33  54.2 hPa 285° 17 kt 20120222.00
Part D: 33 44  53.0 hPa 285° 17 kt 20120222.00
Part A:       100.0 hPa  45°  5 kt 20120223.00
Part C:        70.0 hPa  55° 26 kt 20120223.00
Part C:        50.0 hPa 255° 35 kt 20120223.00
Part C:        30.0 hPa 100° 40 kt 20120223.00
Part C:        20.0 hPa  95° 67 kt 20120223.00
Part C:        10.0 hPa  70° 59 kt 20120223.00
Part D: 11     95.4 hPa  95°  4 kt 20120223.00
Part D: 11 22  93.2 hPa 125°  2 kt 20120223.00
Part D: 22 33  81.1 hPa  75° 26 kt 20120223.00
Part D: 33 44  65.4 hPa  60° 13 kt 20120223.00
Part D: 44 55  62.8 hPa 210° 12 kt 20120223.00
Part D: 55 66  56.3 hPa 230° 38 kt 20120223.00
Part D: 66 77  48.0 hPa 240° 19 kt 20120223.00
Part D: 77 88  43.7 hPa 295° 18 kt 20120223.00
Part D: 88 99  39.0 hPa 255°  4 kt 20120223.00
Part D: 99 11  37.7 hPa 135°  9 kt 20120223.00
Part D: 11 22  35.3 hPa  95° 15 kt 20120223.00
Part D: 22 33  33.1 hPa 115° 35 kt 20120223.00
Part D: 33 44  27.1 hPa  85° 52 kt 20120223.00
Part D: 44 55  24.8 hPa  85° 64 kt 20120223.00
Part D: 55 66  21.7 hPa 100° 65 kt 20120223.00
Part D: 66 77  11.4 hPa  90° 89 kt 20120223.00
Part D: 77 88   9.9 hPa  65° 58 kt 20120223.00
Part D: 88 99   8.1 hPa 100° 10 kt 20120223.00
Part D: 99 11   7.6 hPa  15°  9 kt 20120223.00
Part D: 11 22   7.2 hPa  45° 11 kt 20120223.00
Part D: 33 44   6.8 hPa 320° 14 kt 20120223.00
Part D: 44 55   6.4 hPa 360° 13 kt 20120223.00
Part D: 55 66   6.1 hPa 315° 25 kt 20120223.00
Part D: 66 77   6.0 hPa 320° 11 kt 20120223.00
Part D: 77 88   5.6 hPa 315° 28 kt 20120223.00
Part D: 88 99   5.4 hPa 275° 17 kt 20120223.00
Part D: 99 11   5.0 hPa 230° 21 kt 20120223.00
Part A:       100.0 hPa 155° 10 kt 20120223.12
Part C:        70.0 hPa 105° 24 kt 20120223.12
Part C:        50.0 hPa 255° 24 kt 20120223.12
Part C:        30.0 hPa  80° 43 kt 20120223.12
Part C:        20.0 hPa 100° 63 kt 20120223.12
Part C:        10.0 hPa  80° 49 kt 20120223.12
Part D: 11     89.1 hPa 100° 19 kt 20120223.12
Part D: 11 22  82.9 hPa  75° 24 kt 20120223.12
Part D: 22 33  71.4 hPa 100° 30 kt 20120223.12
Part D: 33 44  66.9 hPa 165°  1 kt 20120223.12
Part D: 44 55  65.6 hPa 240° 14 kt 20120223.12
Part D: 55 66  59.4 hPa 260° 38 kt 20120223.12
Part D: 66 77  49.4 hPa 255° 20 kt 20120223.12
Part D: 77 88  45.0 hPa 305° 15 kt 20120223.12
Part D: 88 99  36.2 hPa 130° 19 kt 20120223.12
Part D: 99 11  31.4 hPa  80° 34 kt 20120223.12
Part D: 11 22  26.4 hPa  80° 53 kt 20120223.12
Part D: 22 33  22.7 hPa 100° 61 kt 20120223.12
Part D: 33 44  15.1 hPa  90° 81 kt 20120223.12
Part D: 44 55  12.9 hPa  80° 68 kt 20120223.12
Part D: 55 66   9.8 hPa  75° 41 kt 20120223.12
Part D: 66 77   8.4 hPa 150° 23 kt 20120223.12
Part D: 77 88   8.0 hPa 210° 32 kt 20120223.12
Part D: 88 99   7.8 hPa 205° 37 kt 20120223.12
Part D: 99 11   7.4 hPa 170°  8 kt 20120223.12
Part D: 11 22   6.1 hPa  80° 17 kt 20120223.12
Part D: 22 33   5.9 hPa  70° 22 kt 20120223.12
Part D: 33 44   5.6 hPa  20° 23 kt 20120223.12
Part D: 44 55   5.3 hPa  50° 30 kt 20120223.12
Part D: 55 66   5.1 hPa  10° 23 kt 20120223.12
Part D: 66 77   5.0 hPa 360° 22 kt 20120223.12
Part D: 77 88   4.8 hPa   5° 21 kt 20120223.12
Part D: 88 99   4.7 hPa  20° 28 kt 20120223.12
Part A:       100.0 hPa 125° 12 kt 20120224.00
Part C:        70.0 hPa 230°  3 kt 20120224.00
Part C:        50.0 hPa 255° 31 kt 20120224.00
Part C:        30.0 hPa 100° 42 kt 20120224.00
Part C:        20.0 hPa  75° 71 kt 20120224.00
Part C:        10.0 hPa  85° 50 kt 20120224.00
Part D: 11     95.8 hPa  95°  7 kt 20120224.00
Part D: 11 22  92.8 hPa 135°  7 kt 20120224.00
Part D: 22 33  87.0 hPa  70° 18 kt 20120224.00
Part D: 33 44  80.6 hPa  95° 26 kt 20120224.00
Part D: 44 55  76.8 hPa  65° 35 kt 20120224.00
Part D: 55 66  69.2 hPa 230° 12 kt 20120224.00
Part D: 66 77  64.0 hPa 245° 45 kt 20120224.00
Part D: 77 88  47.9 hPa 260° 16 kt 20120224.00
Part D: 88 99  46.5 hPa 300° 17 kt 20120224.00
Part D: 99 11  40.4 hPa 245°  5 kt 20120224.00
Part D: 11 22  39.1 hPa  90°  6 kt 20120224.00
Part D: 22 33  36.6 hPa  75° 15 kt 20120224.00
Part D: 33 44  33.4 hPa  75° 28 kt 20120224.00
Part D: 44 55  31.3 hPa  80° 40 kt 20120224.00
Part D: 55 66  29.8 hPa 100° 42 kt 20120224.00
Part D: 66 77  27.9 hPa 105° 53 kt 20120224.00
Part D: 77 88  20.4 hPa  80° 76 kt 20120224.00
Part D: 88 99  18.8 hPa  70° 64 kt 20120224.00
Part D: 99 11  17.6 hPa  85° 78 kt 20120224.00
Part D: 11 22  17.0 hPa  80° 66 kt 20120224.00
Part D: 22 33  12.5 hPa  95° 77 kt 20120224.00
Part D: 33 44  11.2 hPa 100° 87 kt 20120224.00
Part D: 44 55   8.4 hPa  55° 12 kt 20120224.00
Part D: 55 66   8.0 hPa 345°  7 kt 20120224.00
Part D: 66 77   7.4 hPa 135°  8 kt 20120224.00
Part D: 77 88   7.2 hPa 170°  7 kt 20120224.00
Part D: 88 99   7.1 hPa 130°  9 kt 20120224.00
Part D: 99 11   6.8 hPa 305°  8 kt 20120224.00
Part D: 11 22   6.6 hPa 170°  4 kt 20120224.00
Part D: 22 33   6.4 hPa 225°  7 kt 20120224.00
Part D: 33 44   6.2 hPa 105° 11 kt 20120224.00
Part D: 44 55   5.9 hPa 175° 16 kt 20120224.00
Part D: 55 66   5.8 hPa 120°  9 kt 20120224.00
Part A:       100.0 hPa 135° 23 kt 20120225.00
Part C:        70.0 hPa 255° 27 kt 20120225.00
Part C:        50.0 hPa 275° 13 kt 20120225.00
Part C:        30.0 hPa  95° 53 kt 20120225.00
Part C:        20.0 hPa  90° 51 kt 20120225.00
Part C:        10.0 hPa 100° 65 kt 20120225.00
Part D: 11     97.4 hPa 145° 23 kt 20120225.00
Part D: 11 22  92.8 hPa 130° 16 kt 20120225.00
Part D: 22 33  84.9 hPa  65° 24 kt 20120225.00
Part D: 33 44  72.8 hPa 280°  9 kt 20120225.00
Part D: 44 55  56.9 hPa 280° 26 kt 20120225.00
Part D: 55 66  52.1 hPa 290° 18 kt 20120225.00
Part D: 66 77  49.5 hPa 270° 10 kt 20120225.00
Part D: 77 88  47.7 hPa  10°  3 kt 20120225.00
Part D: 88 99  46.0 hPa  15°  3 kt 20120225.00
Part D: 99 11  45.1 hPa 100°  7 kt 20120225.00
Part D: 11 22  44.3 hPa 135° 10 kt 20120225.00
Part D: 22 33  36.1 hPa  75° 16 kt 20120225.00
Part D: 33 44  33.7 hPa 100° 34 kt 20120225.00
Part D: 44 55  21.1 hPa  75° 57 kt 20120225.00
Part D: 55 66  19.1 hPa  95° 60 kt 20120225.00
Part D: 66 77  15.5 hPa  85° 53 kt 20120225.00
Part D: 77 88  14.9 hPa  80° 56 kt 20120225.00
Part D: 88 99  14.4 hPa  80° 54 kt 20120225.00
Part D: 99 11  13.9 hPa  80° 58 kt 20120225.00
Part D: 11 22  13.4 hPa  80° 61 kt 20120225.00
Part D: 22 33  12.9 hPa  80° 62 kt 20120225.00
Part D: 33 44  12.5 hPa  85° 62 kt 20120225.00
Part D: 44 55  12.0 hPa  85° 65 kt 20120225.00
Part D: 55 66  11.6 hPa  85° 63 kt 20120225.00
Part D: 66 77  11.2 hPa  85° 65 kt 20120225.00
Part D: 77 88  10.7 hPa  95° 64 kt 20120225.00
Part D: 88 99  10.3 hPa 100° 66 kt 20120225.00
Part D: 99 11  10.1 hPa 100° 70 kt 20120225.00
Part D: 11 22   9.4 hPa 100° 49 kt 20120225.00
Part A:       100.0 hPa 140° 30 kt 20120225.12
Part C:        70.0 hPa 260° 39 kt 20120225.12
Part C:        50.0 hPa 260° 15 kt 20120225.12
Part C:        30.0 hPa  85° 45 kt 20120225.12
Part C:        20.0 hPa  95° 54 kt 20120225.12
Part C:        10.0 hPa  85° 59 kt 20120225.12
Part D: 11     96.2 hPa 145° 24 kt 20120225.12
Part D: 11 22  88.1 hPa  80° 23 kt 20120225.12
Part D: 22 33  80.6 hPa  95° 40 kt 20120225.12
Part D: 33 44  63.8 hPa 270° 31 kt 20120225.12
Part D: 44 55  58.2 hPa 270° 24 kt 20120225.12
Part D: 55 66  56.0 hPa 255° 17 kt 20120225.12
Part D: 66 77  48.4 hPa 250° 11 kt 20120225.12
Part D: 77 88  46.6 hPa 310°  2 kt 20120225.12
Part D: 88 99  45.7 hPa 315°  3 kt 20120225.12
Part D: 99 11  44.0 hPa 110°  2 kt 20120225.12
Part D: 11 22  43.2 hPa  70°  6 kt 20120225.12
Part D: 22 33  41.0 hPa 110° 16 kt 20120225.12
Part D: 33 44  38.2 hPa  60° 20 kt 20120225.12
Part D: 44 55  36.3 hPa  40° 30 kt 20120225.12
Part D: 55 66  32.0 hPa  90° 47 kt 20120225.12
Part D: 66 77  27.7 hPa 100° 57 kt 20120225.12
Part D: 77 88  22.6 hPa  90° 61 kt 20120225.12
Part D: 88 99  19.5 hPa  95° 53 kt 20120225.12
Part D: 99 11  18.9 hPa  95° 52 kt 20120225.12
Part D: 11 22  17.7 hPa 100° 47 kt 20120225.12
Part D: 22 33  15.1 hPa  80° 56 kt 20120225.12
Part D: 33 44  14.5 hPa  70° 53 kt 20120225.12
Part D: 44 55  13.3 hPa  85° 62 kt 20120225.12
Part D: 55 66   9.7 hPa  85° 53 kt 20120225.12
Part D: 66 77   9.0 hPa  95° 43 kt 20120225.12
Part D: 77 88   8.7 hPa  85° 33 kt 20120225.12
Part D: 88 99   8.0 hPa  75° 45 kt 20120225.12
Part D: 99 11   7.8 hPa  50° 29 kt 20120225.12
Part D: 11 22   7.5 hPa  70° 34 kt 20120225.12
Part D: 22 33   7.3 hPa  55° 29 kt 20120225.12
Part D: 33 44   6.7 hPa  65° 13 kt 20120225.12
Part D: 44 55   6.6 hPa  40° 21 kt 20120225.12
Part D: 55 66   6.0 hPa  80° 27 kt 20120225.12
Part D: 66 77   5.9 hPa  80° 13 kt 20120225.12
Part D: 77 88   5.8 hPa  60° 17 kt 20120225.12
Part D: 88 99   5.7 hPa  70° 22 kt 20120225.12
Part D: 99 11   5.5 hPa  65° 12 kt 20120225.12
Part D: 11 22   5.3 hPa 105° 10 kt 20120225.12
Part A:       100.0 hPa 100° 34 kt 20120226.00
Part C:        70.0 hPa 285° 31 kt 20120226.00
Part D: 11     90.8 hPa  70° 25 kt 20120226.00
Part D: 11 22  86.9 hPa  60° 31 kt 20120226.00
Part D: 22 33  83.4 hPa  85° 37 kt 20120226.00
Part D: 33 44  82.1 hPa  90° 35 kt 20120226.00
Part D: 44 55  78.5 hPa  80° 14 kt 20120226.00
Part D: 55 66  76.3 hPa 335°  4 kt 20120226.00
Part D: 66 77  73.7 hPa 275° 21 kt 20120226.00
Part D: 77 88  72.4 hPa 275° 33 kt 20120226.00
Part D: 88 99  71.4 hPa 275° 32 kt 20120226.00
Part D: 99 11  68.9 hPa 290° 28 kt 20120226.00
Part D: 11 22  67.3 hPa 285° 25 kt 20120226.00
Part D: 22 33  66.5 hPa 285° 23 kt 20120226.00
Part D: 33 44  63.9 hPa 270° 21 kt 20120226.00
Part D: 44 55  62.3 hPa 280° 18 kt 20120226.00
Part D: 55 66  61.5 hPa 275° 14 kt 20120226.00
Part D: 66 77  60.1 hPa 265° 18 kt 20120226.00
Part D: 77 88  59.4 hPa 265° 16 kt 20120226.00
Part D: 88 99  58.7 hPa 265° 14 kt 20120226.00
Part D: 99 11  56.5 hPa 250°  9 kt 20120226.00
Part D: 11 22  55.9 hPa 270° 13 kt 20120226.00
Part D: 22 33  55.2 hPa 270° 10 kt 20120226.00
Part D: 33 44  54.6 hPa 265°  7 kt 20120226.00
Part D: 44 55  53.5 hPa 290° 12 kt 20120226.00
Part D: 55 66  52.3 hPa 285° 13 kt 20120226.00
Part A:       100.0 hPa 105° 15 kt 20120226.12
Part A:       100.0 hPa  80° 32 kt 20120228.00
Part C:        70.0 hPa 225° 12 kt 20120228.00
Part C:        50.0 hPa 325°  6 kt 20120228.00
Part C:        30.0 hPa  85° 39 kt 20120228.00
Part C:        20.0 hPa 100° 62 kt 20120228.00
Part C:        10.0 hPa  80° 72 kt 20120228.00
Part D: 11     92.9 hPa 105° 43 kt 20120228.00
Part D: 11 22  83.6 hPa 235°  3 kt 20120228.00
Part D: 22 33  82.5 hPa 280°  5 kt 20120228.00
Part D: 33 44  79.4 hPa 275° 15 kt 20120228.00
Part D: 44 55  69.8 hPa 225° 12 kt 20120228.00
Part D: 55 66  65.7 hPa 295° 10 kt 20120228.00
Part D: 66 77  60.9 hPa 330°  2 kt 20120228.00
Part D: 77 88  60.0 hPa   5°  3 kt 20120228.00
Part D: 88 99  55.0 hPa 255°  3 kt 20120228.00
Part D: 99 11  54.3 hPa 300°  6 kt 20120228.00
Part D: 11 22  49.0 hPa 335°  9 kt 20120228.00
Part D: 22 33  45.2 hPa  10° 13 kt 20120228.00
Part D: 33 44  42.5 hPa 105°  8 kt 20120228.00
Part D: 44 55  38.7 hPa 130° 11 kt 20120228.00
Part D: 55 66  36.2 hPa  55° 21 kt 20120228.00
Part D: 66 77  32.2 hPa  90° 40 kt 20120228.00
Part D: 77 88  27.6 hPa  90° 55 kt 20120228.00
Part D: 88 99  13.9 hPa 100° 78 kt 20120228.00
Part D: 99 11  10.6 hPa  85° 94 kt 20120228.00
Part D: 11 22   9.5 hPa  95° 53 kt 20120228.00
Part D: 22 33   8.4 hPa  60° 39 kt 20120228.00
Part D: 33 44   8.2 hPa  40° 35 kt 20120228.00
Part D: 44 55   7.4 hPa  20° 24 kt 20120228.00
Part D: 55 66   7.1 hPa  50° 26 kt 20120228.00
Part D: 66 77   6.6 hPa 355°  3 kt 20120228.00
Part D: 77 88   6.4 hPa 170°  3 kt 20120228.00
Part D: 88 99   6.3 hPa 200°  6 kt 20120228.00
Part D: 99 11   5.8 hPa 235° 10 kt 20120228.00
Part D: 11 22   5.6 hPa 285°  7 kt 20120228.00
Part A:       100.0 hPa 110° 33 kt 20120228.12
Part C:        70.0 hPa 355°  8 kt 20120228.12
Part D: 11     91.0 hPa 110° 42 kt 20120228.12
Part D: 11 22  85.4 hPa  45°  2 kt 20120228.12
Part D: 22 33  83.8 hPa 280°  3 kt 20120228.12
Part D: 33 44  82.3 hPa 265°  8 kt 20120228.12
Part D: 44 55  80.8 hPa 270° 11 kt 20120228.12
Part D: 55 66  78.1 hPa 285° 10 kt 20120228.12
Part D: 66 77  76.8 hPa 285°  8 kt 20120228.12
Part D: 77 88  75.5 hPa 265°  7 kt 20120228.12
Part D: 88 99  74.2 hPa 245°  2 kt 20120228.12
Part D: 99 11  73.0 hPa 190°  5 kt 20120228.12
Part D: 11 22  71.9 hPa 110°  6 kt 20120228.12
Part D: 22 33  70.6 hPa  25°  7 kt 20120228.12
Part D: 33 44  69.4 hPa 335° 11 kt 20120228.12
Part D: 44 55  68.3 hPa 325° 14 kt 20120228.12
Part D: 55 66  67.2 hPa 315° 14 kt 20120228.12
Part D: 66 77  66.0 hPa 315° 17 kt 20120228.12
Part D: 77 88  64.9 hPa 305° 12 kt 20120228.12
Part D: 88 99  63.9 hPa 275° 10 kt 20120228.12
Part D: 99 11  62.8 hPa 250°  8 kt 20120228.12
Part D: 11 22  61.8 hPa 245°  8 kt 20120228.12
Part D: 22 33  60.8 hPa 250°  7 kt 20120228.12
Part D: 33 44  59.8 hPa 235°  7 kt 20120228.12
Part A:       100.0 hPa  85° 17 kt 20120229.00
Part C:        70.0 hPa  30° 10 kt 20120229.00
Part C:        50.0 hPa 250° 12 kt 20120229.00
Part C:        30.0 hPa  95° 45 kt 20120229.00
Part C:        20.0 hPa  80° 63 kt 20120229.00
Part C:        10.0 hPa  90° 77 kt 20120229.00
Part D: 11     94.0 hPa  95° 26 kt 20120229.00
Part D: 11 22  89.7 hPa 110° 29 kt 20120229.00
Part D: 22 33  87.1 hPa  75° 18 kt 20120229.00
Part D: 33 44  84.3 hPa  40°  7 kt 20120229.00
Part D: 44 55  82.9 hPa   5°  9 kt 20120229.00
Part D: 55 66  80.2 hPa 355° 13 kt 20120229.00
Part D: 66 77  78.8 hPa   5° 11 kt 20120229.00
Part D: 77 88  73.7 hPa 100° 15 kt 20120229.00
Part D: 88 99  70.1 hPa  30° 10 kt 20120229.00
Part D: 99 11  66.8 hPa 185°  4 kt 20120229.00
Part D: 11 22  64.5 hPa 190° 15 kt 20120229.00
Part D: 22 33  61.2 hPa 145° 10 kt 20120229.00
Part D: 33 44  59.3 hPa 210°  6 kt 20120229.00
Part D: 44 55  57.5 hPa 300° 10 kt 20120229.00
Part D: 55 66  54.7 hPa 265° 18 kt 20120229.00
Part D: 66 77  50.3 hPa 250° 13 kt 20120229.00
Part D: 77 88  47.1 hPa 300° 16 kt 20120229.00
Part D: 88 99  45.0 hPa 325° 13 kt 20120229.00
Part D: 99 11  42.2 hPa  85°  4 kt 20120229.00
Part D: 11 22  40.7 hPa 145° 10 kt 20120229.00
Part D: 22 33  36.6 hPa  95° 25 kt 20120229.00
Part D: 33 44  33.7 hPa 100° 40 kt 20120229.00
Part D: 44 55  27.8 hPa  95° 58 kt 20120229.00
Part D: 55 66  26.8 hPa  90° 59 kt 20120229.00
Part D: 66 77  26.0 hPa  90° 63 kt 20120229.00
Part D: 77 88  22.0 hPa 105° 65 kt 20120229.00
Part D: 88 99  19.3 hPa  75° 63 kt 20120229.00
Part D: 99 11  15.0 hPa  95° 68 kt 20120229.00
Part D: 11 22  12.5 hPa 100° 71 kt 20120229.00
Part D: 22 33  10.7 hPa  95° 86 kt 20120229.00
Part D: 33 44   8.6 hPa  65° 58 kt 20120229.00
Part D: 44 55   7.9 hPa 105° 34 kt 20120229.00
Part D: 55 66   7.8 hPa 105° 39 kt 20120229.00
Part D: 66 77   7.5 hPa 115° 29 kt 20120229.00
Part D: 77 88   7.4 hPa 110° 40 kt 20120229.00
Part D: 88 99   7.1 hPa 100° 27 kt 20120229.00
Part D: 99 11   6.9 hPa 110° 30 kt 20120229.00
Part D: 11 22   6.6 hPa  95° 41 kt 20120229.00
Part D: 22 33   6.4 hPa 115° 41 kt 20120229.00
Part D: 33 44   6.2 hPa 165° 20 kt 20120229.00
Part D: 44 55   5.9 hPa  70° 15 kt 20120229.00
Part D: 55 66   5.7 hPa  50° 19 kt 20120229.00
Part D: 66 77   5.6 hPa  75° 24 kt 20120229.00
Part D: 77 88   5.4 hPa  35° 22 kt 20120229.00
Interpoliere die QBO aus den RS Daten
 Jahr:        2012 Date:        1202
 Filepath: 
 ./qbo_data_new/qbo.dat
