Pararmeterliste beim QBO Aufruf:  -g -w -a 2012.01 --
2012.01
Kopiere RS Daten aus dem Archiv
 TTCC  5100/ 48698                                                                                                                                                                                                                                               
 8                                                                                                                                                                                                                                               
 TTCC  5111/ 48698                                                                                                                                                                                                                                               
 8                                                                                                                                                                                                                                               
 TTCC  52001 48698                                                                                                                                                                                                                                               
 8                                                                                                                                                                                                                                               
 TTCC  5211/ 48698                                                                                                                                                                                                                                               
 8                                                                                                                                                                                                                                               
 TTCC  53001 48698                                                                                                                                                                                                                                               
 8                                                                                                                                                                                                                                               
 TTCC  53111 48698                                                                                                                                                                                                                                               
 8                                                                                                                                                                                                                                               
 TTCC  54002 48698                                                                                                                                                                                                                                               
 8                                                                                                                                                                                                                                               
 TTCC  54111 48698                                                                                                                                                                                                                                               
 8                                                                                                                                                                                                                                               
 TTCC  55002 48698                                                                                                                                                                                                                                               
 8                                                                                                                                                                                                                                               
 TTCC  55117 48698                                                                                                                                                                                                                                               
 8                                                                                                                                                                                                                                               
 TTCC  56001 48698                                                                                                                                                                                                                                               
 8                                                                                                                                                                                                                                               
 TTCC  56112 48698                                                                                                                                                                                                                                               
 8                                                                                                                                                                                                                                               
 TTCC  57001 48698                                                                                                                                                                                                                                               
 8                                                                                                                                                                                                                                               
 TTCC  57117 48698                                                                                                                                                                                                                                               
 8                                                                                                                                                                                                                                               
 TTCC  58001 48698                                                                                                                                                                                                                                               
 8                                                                                                                                                                                                                                               
 TTCC  5811/ 48698                                                                                                                                                                                                                                               
 8                                                                                                                                                                                                                                               
 TTCC  59001 48698                                                                                                                                                                                                                                               
 8                                                                                                                                                                                                                                               
 TTCC  59117 48698                                                                                                                                                                                                                                               
 8                                                                                                                                                                                                                                               
 TTCC  60001 48698                                                                                                                                                                                                                                               
 8                                                                                                                                                                                                                                               
 TTCC  6011/ 48698                                                                                                                                                                                                                                               
 8                                                                                                                                                                                                                                               
 TTCC  61001 48698                                                                                                                                                                                                                                               
 8                                                                                                                                                                                                                                               
 TTCC  6111/ 48698                                                                                                                                                                                                                                               
 8                                                                                                                                                                                                                                               
 TTCC  6200/ 48698                                                                                                                                                                                                                                               
 8                                                                                                                                                                                                                                               
 TTCC  62111 48698                                                                                                                                                                                                                                               
 8                                                                                                                                                                                                                                               
 TTCC  63001 48698                                                                                                                                                                                                                                               
 8                                                                                                                                                                                                                                               
 TTCC  63115 48698                                                                                                                                                                                                                                               
 8                                                                                                                                                                                                                                               
 TTCC  64001 48698                                                                                                                                                                                                                                               
 8                                                                                                                                                                                                                                               
 TTCC  6411/ 48698                                                                                                                                                                                                                                               
 8                                                                                                                                                                                                                                               
 TTCC  65001 48698                                                                                                                                                                                                                                               
 8                                                                                                                                                                                                                                               
 TTCC  65111 48698                                                                                                                                                                                                                                               
 8                                                                                                                                                                                                                                               
 TTCC  66001 48698                                                                                                                                                                                                                                               
 8                                                                                                                                                                                                                                               
 TTCC  6611/ 48698                                                                                                                                                                                                                                               
 8                                                                                                                                                                                                                                               
 TTCC  67001 48698                                                                                                                                                                                                                                               
 8                                                                                                                                                                                                                                               
 TTCC  6711/ 48698                                                                                                                                                                                                                                               
 8                                                                                                                                                                                                                                               
 TTCC  68001 48698                                                                                                                                                                                                                                               
 8                                                                                                                                                                                                                                               
 TTCC  6811/ 48698                                                                                                                                                                                                                                               
 8                                                                                                                                                                                                                                               
 TTCC  6900/ 48698                                                                                                                                                                                                                                               
 8                                                                                                                                                                                                                                               
 TTCC  69117 48698                                                                                                                                                                                                                                               
 8                                                                                                                                                                                                                                               
 TTCC  70001 48698                                                                                                                                                                                                                                               
 8                                                                                                                                                                                                                                               
 TTCC  7011/ 48698                                                                                                                                                                                                                                               
 8                                                                                                                                                                                                                                               
 TTCC  71001 48698                                                                                                                                                                                                                                               
 8                                                                                                                                                                                                                                               
 TTCC  7111/ 48698                                                                                                                                                                                                                                               
 8                                                                                                                                                                                                                                               
 TTCC  72001 48698                                                                                                                                                                                                                                               
 8                                                                                                                                                                                                                                               
 TTCC  72117 48698                                                                                                                                                                                                                                               
 8                                                                                                                                                                                                                                               
 TTCC  73001 48698                                                                                                                                                                                                                                               
 8                                                                                                                                                                                                                                               
 TTCC  7311/ 48698                                                                                                                                                                                                                                               
 8                                                                                                                                                                                                                                               
 TTCC  74001 48698                                                                                                                                                                                                                                               
 8                                                                                                                                                                                                                                               
 TTCC  74117 48698                                                                                                                                                                                                                                               
 8                                                                                                                                                                                                                                               
 TTCC  75001 48698                                                                                                                                                                                                                                               
 8                                                                                                                                                                                                                                               
 TTCC  75111 48698                                                                                                                                                                                                                                               
 8                                                                                                                                                                                                                                               
 TTCC  7600/ 48698                                                                                                                                                                                                                                               
 8                                                                                                                                                                                                                                               
 TTCC  76111 48698                                                                                                                                                                                                                                               
 8                                                                                                                                                                                                                                               
 TTCC  7700/ 48698                                                                                                                                                                                                                                               
 8                                                                                                                                                                                                                                               
 TTCC  7711/ 48698                                                                                                                                                                                                                                               
 8                                                                                                                                                                                                                                               
 TTCC  78001 48698                                                                                                                                                                                                                                               
 8                                                                                                                                                                                                                                               
 TTCC  7811/ 48698                                                                                                                                                                                                                                               
 8                                                                                                                                                                                                                                               
 TTCC  7900/ 48698                                                                                                                                                                                                                                               
 8                                                                                                                                                                                                                                               
 TTCC  79111 48698                                                                                                                                                                                                                                               
 8                                                                                                                                                                                                                                               
 TTCC  80001 48698                                                                                                                                                                                                                                               
 8                                                                                                                                                                                                                                               
 TTCC  80111 48698                                                                                                                                                                                                                                               
 8                                                                                                                                                                                                                                               
 TTCC  81001 48698                                                                                                                                                                                                                                               
 8                                                                                                                                                                                                                                               
 TTCC  81117 48698                                                                                                                                                                                                                                               
 8                                                                                                                                                                                                                                               
Parse RS Daten
Part A:       100.0 hPa 265° 20 kt 20120102.00
Part C:        70.0 hPa 210° 17 kt 20120102.00
Part C:        50.0 hPa 310° 12 kt 20120102.00
Part C:        30.0 hPa 105° 44 kt 20120102.00
Part C:        20.0 hPa 100° 59 kt 20120102.00
Part C:        10.0 hPa  90° 28 kt 20120102.00
Part D: 11     98.7 hPa 270° 22 kt 20120102.00
Part D: 11 22  96.6 hPa 285° 22 kt 20120102.00
Part D: 22 33  90.3 hPa 260° 11 kt 20120102.00
Part D: 33 44  88.1 hPa 290° 17 kt 20120102.00
Part D: 44 55  83.5 hPa 295° 23 kt 20120102.00
Part D: 55 66  77.5 hPa 230° 12 kt 20120102.00
Part D: 66 77  74.1 hPa 155° 18 kt 20120102.00
Part D: 77 88  71.2 hPa 205° 22 kt 20120102.00
Part D: 88 99  68.6 hPa 220° 12 kt 20120102.00
Part D: 99 11  65.3 hPa 320° 10 kt 20120102.00
Part D: 11 22  61.2 hPa 310° 15 kt 20120102.00
Part D: 22 33  59.2 hPa 285° 15 kt 20120102.00
Part D: 33 44  45.0 hPa 330° 11 kt 20120102.00
Part D: 44 55  43.6 hPa 350°  2 kt 20120102.00
Part D: 55 66  42.9 hPa  40°  3 kt 20120102.00
Part D: 66 77  41.5 hPa  30°  6 kt 20120102.00
Part D: 77 88  39.4 hPa  70°  6 kt 20120102.00
Part D: 88 99  36.0 hPa  80° 23 kt 20120102.00
Part D: 99 11  33.0 hPa 105° 40 kt 20120102.00
Part D: 11 22  30.3 hPa 110° 43 kt 20120102.00
Part D: 22 33  28.2 hPa  90° 55 kt 20120102.00
Part D: 33 44  26.3 hPa  95° 46 kt 20120102.00
Part D: 44 55  22.4 hPa  90° 59 kt 20120102.00
Part D: 55 66  21.6 hPa 100° 61 kt 20120102.00
Part D: 66 77  21.3 hPa 100° 66 kt 20120102.00
Part D: 77 88  20.1 hPa 100° 58 kt 20120102.00
Part D: 88 99  18.3 hPa 100° 64 kt 20120102.00
Part D: 99 11  17.6 hPa  95° 58 kt 20120102.00
Part D: 11 22  17.0 hPa 100° 53 kt 20120102.00
Part D: 22 33  16.0 hPa  90° 71 kt 20120102.00
Part D: 33 44  14.9 hPa  80° 62 kt 20120102.00
Part D: 44 55  14.3 hPa  80° 70 kt 20120102.00
Part D: 55 66  13.8 hPa  75° 61 kt 20120102.00
Part D: 66 77  13.6 hPa  75° 54 kt 20120102.00
Part D: 77 88  12.2 hPa  90° 53 kt 20120102.00
Part D: 88 99  11.3 hPa  90° 31 kt 20120102.00
Part D: 99 11  10.2 hPa  65° 26 kt 20120102.00
Part D: 11 22   9.7 hPa 110° 37 kt 20120102.00
Part A:       100.0 hPa 265° 27 kt 20120102.12
Part A:       100.0 hPa 265° 31 kt 20120103.00
Part C:        70.0 hPa 335° 11 kt 20120103.00
Part C:        50.0 hPa 360°  4 kt 20120103.00
Part C:        30.0 hPa  75° 55 kt 20120103.00
Part C:        20.0 hPa 100° 66 kt 20120103.00
Part C:        10.0 hPa  80° 28 kt 20120103.00
Part D: 11     96.9 hPa 270° 31 kt 20120103.00
Part D: 11 22  81.0 hPa 255° 15 kt 20120103.00
Part D: 22 33  76.0 hPa 290°  7 kt 20120103.00
Part D: 33 44  73.7 hPa 330°  9 kt 20120103.00
Part D: 44 55  71.4 hPa 350° 12 kt 20120103.00
Part D: 55 66  63.0 hPa 305° 13 kt 20120103.00
Part D: 66 77  59.0 hPa 280° 15 kt 20120103.00
Part D: 77 88  55.3 hPa 300° 19 kt 20120103.00
Part D: 88 99  53.6 hPa 285° 16 kt 20120103.00
Part D: 99 11  51.9 hPa 290°  7 kt 20120103.00
Part D: 11 22  51.2 hPa 360°  5 kt 20120103.00
Part D: 22 33  50.4 hPa  15°  5 kt 20120103.00
Part D: 33 44  49.5 hPa 325°  3 kt 20120103.00
Part D: 44 55  47.3 hPa 280° 11 kt 20120103.00
Part D: 55 66  44.4 hPa 205° 18 kt 20120103.00
Part D: 66 77  43.7 hPa 210° 22 kt 20120103.00
Part D: 77 88  40.4 hPa 170°  9 kt 20120103.00
Part D: 88 99  39.7 hPa 185°  8 kt 20120103.00
Part D: 99 11  36.1 hPa  90° 20 kt 20120103.00
Part D: 11 22  34.3 hPa  90° 34 kt 20120103.00
Part D: 22 33  31.0 hPa  85° 51 kt 20120103.00
Part D: 33 44  29.5 hPa  75° 61 kt 20120103.00
Part D: 44 55  20.3 hPa 105° 70 kt 20120103.00
Part D: 55 66  17.3 hPa  90° 53 kt 20120103.00
Part D: 66 77  16.8 hPa  95° 60 kt 20120103.00
Part D: 77 88  11.2 hPa  90° 42 kt 20120103.00
Part D: 88 99  10.5 hPa  95° 31 kt 20120103.00
Part D: 99 11   9.5 hPa  80° 39 kt 20120103.00
Part A:       100.0 hPa 265° 30 kt 20120103.12
Part A:       100.0 hPa 275° 30 kt 20120104.00
Part C:        70.0 hPa 360° 18 kt 20120104.00
Part C:        50.0 hPa 180°  8 kt 20120104.00
Part C:        30.0 hPa  95° 57 kt 20120104.00
Part C:        20.0 hPa  85° 59 kt 20120104.00
Part D: 11     93.6 hPa 290° 26 kt 20120104.00
Part D: 11 22  85.0 hPa 240° 17 kt 20120104.00
Part D: 22 33  81.1 hPa 230° 16 kt 20120104.00
Part D: 33 44  70.8 hPa 350° 20 kt 20120104.00
Part D: 44 55  69.3 hPa  10° 18 kt 20120104.00
Part D: 55 66  67.6 hPa  40°  9 kt 20120104.00
Part D: 66 77  66.2 hPa 340°  5 kt 20120104.00
Part D: 77 88  64.7 hPa 305°  9 kt 20120104.00
Part D: 88 99  59.6 hPa 330°  4 kt 20120104.00
Part D: 99 11  57.6 hPa 275°  2 kt 20120104.00
Part D: 11 22  53.7 hPa 205° 12 kt 20120104.00
Part D: 22 33  43.3 hPa 100° 10 kt 20120104.00
Part D: 33 44  40.6 hPa  50° 13 kt 20120104.00
Part D: 44 55  39.1 hPa  45° 18 kt 20120104.00
Part D: 55 66  33.2 hPa  95° 39 kt 20120104.00
Part D: 66 77  31.4 hPa  85° 44 kt 20120104.00
Part D: 77 88  29.7 hPa  95° 60 kt 20120104.00
Part D: 88 99  27.2 hPa 100° 47 kt 20120104.00
Part D: 99 11  22.8 hPa  75° 58 kt 20120104.00
Part D: 11 22  20.9 hPa  90° 60 kt 20120104.00
Part D: 22 33  18.1 hPa  80° 56 kt 20120104.00
Part D: 33 44  15.7 hPa 100° 68 kt 20120104.00
Part D: 44 55  12.0 hPa 100° 74 kt 20120104.00
Part D: 55 66  11.7 hPa 100° 55 kt 20120104.00
Part A:       100.0 hPa 300° 27 kt 20120104.12
Part A:       100.0 hPa 325° 23 kt 20120105.00
Part C:        70.0 hPa 185° 13 kt 20120105.00
Part C:        50.0 hPa   5° 14 kt 20120105.00
Part C:        30.0 hPa  95° 48 kt 20120105.00
Part C:        20.0 hPa  85° 65 kt 20120105.00
Part D: 11     81.5 hPa 285° 19 kt 20120105.00
Part D: 11 22  78.6 hPa 260°  3 kt 20120105.00
Part D: 22 33  77.3 hPa 310°  1 kt 20120105.00
Part D: 33 44  74.8 hPa  20°  5 kt 20120105.00
Part D: 44 55  73.6 hPa  20°  8 kt 20120105.00
Part D: 55 66  68.7 hPa 185° 21 kt 20120105.00
Part D: 66 77  66.6 hPa 225° 14 kt 20120105.00
Part D: 77 88  63.5 hPa 180°  7 kt 20120105.00
Part D: 88 99  59.8 hPa 190° 13 kt 20120105.00
Part D: 99 11  55.0 hPa 180°  3 kt 20120105.00
Part D: 11 22  54.1 hPa  80°  2 kt 20120105.00
Part D: 22 33  52.4 hPa  15°  2 kt 20120105.00
Part D: 33 44  50.7 hPa  15° 10 kt 20120105.00
Part D: 44 55  48.3 hPa 355° 22 kt 20120105.00
Part D: 55 66  45.9 hPa 360° 27 kt 20120105.00
Part D: 66 77  42.9 hPa 360° 34 kt 20120105.00
Part D: 77 88  37.9 hPa  80° 28 kt 20120105.00
Part D: 88 99  36.7 hPa  85° 32 kt 20120105.00
Part D: 99 11  35.5 hPa 110° 28 kt 20120105.00
Part D: 11 22  32.8 hPa  90° 32 kt 20120105.00
Part D: 22 33  29.6 hPa  95° 50 kt 20120105.00
Part D: 33 44  28.2 hPa 100° 58 kt 20120105.00
Part D: 44 55  26.4 hPa 105° 52 kt 20120105.00
Part D: 55 66  23.3 hPa 105° 60 kt 20120105.00
Part D: 66 77  21.3 hPa  85° 57 kt 20120105.00
Part D: 77 88  19.9 hPa  85° 66 kt 20120105.00
Part D: 88 99  18.8 hPa 105° 69 kt 20120105.00
Part D: 99 11  13.4 hPa  85° 74 kt 20120105.00
Part D: 11 22  12.7 hPa  90° 82 kt 20120105.00
Part D: 22 33  11.7 hPa  85° 54 kt 20120105.00
Part A:       100.0 hPa 280° 13 kt 20120105.12
Part C:        70.0 hPa 100° 14 kt 20120105.12
Part D: 11     94.7 hPa 265° 14 kt 20120105.12
Part D: 11 22  92.4 hPa 270° 14 kt 20120105.12
Part D: 22 33  88.6 hPa 265° 17 kt 20120105.12
Part D: 33 44  86.9 hPa 275° 21 kt 20120105.12
Part D: 44 55  83.6 hPa 270° 16 kt 20120105.12
Part D: 55 66  82.0 hPa 265° 11 kt 20120105.12
Part D: 66 77  78.9 hPa 270°  5 kt 20120105.12
Part D: 77 88  75.7 hPa  95°  9 kt 20120105.12
Part D: 88 99  74.2 hPa  75° 10 kt 20120105.12
Part D: 99 11  71.5 hPa  55° 12 kt 20120105.12
Part D: 11 22  67.4 hPa 135° 27 kt 20120105.12
Part D: 22 33  56.7 hPa  65° 14 kt 20120105.12
Part D: 33 44  55.8 hPa  30°  7 kt 20120105.12
Part D: 44 55  55.0 hPa 350°  5 kt 20120105.12
Part D: 55 66  67.2 hPa 110° 59 kt 20120105.12
Part D: 66 77  53.8 hPa 335°  4 kt 20120105.12
Part A:       100.0 hPa 225°  6 kt 20120106.00
Part C:        70.0 hPa 135° 21 kt 20120106.00
Part C:        50.0 hPa 345° 16 kt 20120106.00
Part C:        30.0 hPa  85° 55 kt 20120106.00
Part C:        20.0 hPa  90° 74 kt 20120106.00
Part C:        10.0 hPa  95° 58 kt 20120106.00
Part D: 11     96.6 hPa 215°  8 kt 20120106.00
Part D: 11 22  88.4 hPa 220° 14 kt 20120106.00
Part D: 22 33  86.4 hPa 200°  7 kt 20120106.00
Part D: 33 44  82.6 hPa 125° 13 kt 20120106.00
Part D: 44 55  77.4 hPa  80° 13 kt 20120106.00
Part D: 55 66  69.4 hPa 140° 22 kt 20120106.00
Part D: 66 77  66.5 hPa 125° 23 kt 20120106.00
Part D: 77 88  62.6 hPa  60°  5 kt 20120106.00
Part D: 88 99  61.4 hPa  70°  7 kt 20120106.00
Part D: 99 11  59.0 hPa 330° 16 kt 20120106.00
Part D: 11 22  56.8 hPa 310° 19 kt 20120106.00
Part D: 22 33  54.0 hPa 315° 27 kt 20120106.00
Part D: 33 44  49.7 hPa 350° 15 kt 20120106.00
Part D: 44 55  46.3 hPa 305°  7 kt 20120106.00
Part D: 55 66  45.5 hPa 320°  6 kt 20120106.00
Part D: 66 77  43.0 hPa 105°  9 kt 20120106.00
Part D: 77 88  40.7 hPa 130° 18 kt 20120106.00
Part D: 88 99  38.7 hPa 165° 23 kt 20120106.00
Part D: 99 11  36.3 hPa 145° 30 kt 20120106.00
Part D: 11 22  33.3 hPa  80° 34 kt 20120106.00
Part D: 22 33  29.0 hPa  85° 61 kt 20120106.00
Part D: 33 44  28.0 hPa  85° 54 kt 20120106.00
Part D: 44 55  22.6 hPa  80° 69 kt 20120106.00
Part D: 55 66  18.5 hPa  95° 78 kt 20120106.00
Part D: 66 77  16.0 hPa  80° 72 kt 20120106.00
Part D: 77 88  13.2 hPa  80° 88 kt 20120106.00
Part D: 88 99  12.1 hPa  90° 80 kt 20120106.00
Part D: 99 11  11.8 hPa  95° 64 kt 20120106.00
Part D: 11 22  11.2 hPa 120° 53 kt 20120106.00
Part D: 22 33  10.5 hPa 100° 62 kt 20120106.00
Part D: 33 44   9.5 hPa  90° 54 kt 20120106.00
Part D: 44 55   9.4 hPa  85° 54 kt 20120106.00
Part A:       100.0 hPa 205° 17 kt 20120106.12
Part C:        70.0 hPa 105° 22 kt 20120106.12
Part C:        50.0 hPa 295°  1 kt 20120106.12
Part C:        30.0 hPa  80° 54 kt 20120106.12
Part C:        20.0 hPa  90° 72 kt 20120106.12
Part D: 11     81.2 hPa 155°  9 kt 20120106.12
Part D: 11 22  76.1 hPa 100° 10 kt 20120106.12
Part D: 22 33  72.8 hPa 140° 19 kt 20120106.12
Part D: 33 44  69.5 hPa 100° 24 kt 20120106.12
Part D: 44 55  64.5 hPa  60° 13 kt 20120106.12
Part D: 55 66  60.4 hPa 355° 12 kt 20120106.12
Part D: 66 77  58.4 hPa 340° 16 kt 20120106.12
Part D: 77 88  52.8 hPa 260°  9 kt 20120106.12
Part D: 88 99  51.0 hPa 275°  5 kt 20120106.12
Part D: 99 11  49.1 hPa  60°  2 kt 20120106.12
Part D: 11 22  45.6 hPa 135°  9 kt 20120106.12
Part D: 22 33  42.4 hPa 215° 20 kt 20120106.12
Part D: 33 44  40.8 hPa 195° 16 kt 20120106.12
Part D: 44 55  36.7 hPa 110° 13 kt 20120106.12
Part D: 55 66  35.4 hPa  60° 24 kt 20120106.12
Part D: 66 77  34.1 hPa  45° 39 kt 20120106.12
Part D: 77 88  32.9 hPa  65° 45 kt 20120106.12
Part D: 88 99  30.2 hPa  85° 54 kt 20120106.12
Part D: 99 11  28.7 hPa  70° 56 kt 20120106.12
Part D: 11 22  26.7 hPa  95° 54 kt 20120106.12
Part D: 22 33  20.2 hPa  90° 72 kt 20120106.12
Part D: 33 44  15.4 hPa  80° 76 kt 20120106.12
Part D: 44 55  11.8 hPa  95° 62 kt 20120106.12
Part D: 55 66  11.4 hPa  90° 54 kt 20120106.12
Part A:       100.0 hPa 255° 16 kt 20120107.00
Part C:        70.0 hPa  70° 21 kt 20120107.00
Part C:        50.0 hPa 175° 12 kt 20120107.00
Part C:        30.0 hPa  95° 56 kt 20120107.00
Part C:        20.0 hPa  95° 71 kt 20120107.00
Part C:        10.0 hPa  90° 51 kt 20120107.00
Part D: 11     97.8 hPa 250° 17 kt 20120107.00
Part D: 11 22  89.5 hPa 210° 15 kt 20120107.00
Part D: 22 33  80.3 hPa 115° 10 kt 20120107.00
Part D: 33 44  77.7 hPa  70° 18 kt 20120107.00
Part D: 44 55  72.8 hPa  95° 23 kt 20120107.00
Part D: 55 66  67.2 hPa  40° 24 kt 20120107.00
Part D: 66 77  63.3 hPa  25° 15 kt 20120107.00
Part D: 77 88  61.3 hPa  60°  7 kt 20120107.00
Part D: 88 99  60.3 hPa  35°  5 kt 20120107.00
Part D: 99 11  58.4 hPa 295°  1 kt 20120107.00
Part D: 11 22  55.7 hPa 225°  7 kt 20120107.00
Part D: 22 33  50.3 hPa 180° 11 kt 20120107.00
Part D: 33 44  48.7 hPa 170° 15 kt 20120107.00
Part D: 44 55  46.3 hPa 210° 23 kt 20120107.00
Part D: 55 66  42.4 hPa 205° 18 kt 20120107.00
Part D: 66 77  38.3 hPa  75° 23 kt 20120107.00
Part D: 77 88  36.3 hPa  45° 28 kt 20120107.00
Part D: 88 99  31.7 hPa  90° 47 kt 20120107.00
Part D: 99 11  30.0 hPa  95° 56 kt 20120107.00
Part D: 11 22  23.5 hPa 100° 68 kt 20120107.00
Part D: 22 33  13.2 hPa  95° 78 kt 20120107.00
Part D: 33 44  11.2 hPa  95° 55 kt 20120107.00
Part D: 44 55  10.4 hPa  95° 62 kt 20120107.00
Part D: 55 66   8.8 hPa  45° 22 kt 20120107.00
Part D: 66 77   8.4 hPa  20° 15 kt 20120107.00
Part D: 77 88   7.7 hPa  65° 16 kt 20120107.00
Part D: 88 99   7.2 hPa  65°  8 kt 20120107.00
Part D: 99 11   6.5 hPa 105° 14 kt 20120107.00
Part D: 11 22   6.3 hPa  85° 19 kt 20120107.00
Part D: 22 33   6.0 hPa  80° 40 kt 20120107.00
Part A:       100.0 hPa 240° 16 kt 20120107.12
Part C:        70.0 hPa  90° 24 kt 20120107.12
Part D: 11     99.3 hPa 235° 16 kt 20120107.12
Part D: 11 22  97.1 hPa 225° 18 kt 20120107.12
Part D: 22 33  91.1 hPa 215° 28 kt 20120107.12
Part D: 33 44  87.5 hPa 190° 21 kt 20120107.12
Part D: 44 55  86.0 hPa 175° 18 kt 20120107.12
Part D: 55 66  83.5 hPa 155° 19 kt 20120107.12
Part D: 66 77  81.5 hPa 135° 17 kt 20120107.12
Part D: 77 88  80.5 hPa 115° 17 kt 20120107.12
Part D: 88 99  79.5 hPa 105° 16 kt 20120107.12
Part D: 99 11  78.5 hPa 100° 16 kt 20120107.12
Part D: 11 22  77.6 hPa  95° 15 kt 20120107.12
Part D: 22 33  76.6 hPa  80° 17 kt 20120107.12
Part D: 33 44  75.7 hPa  70° 17 kt 20120107.12
Part D: 44 55  74.1 hPa  90° 22 kt 20120107.12
Part D: 55 66  72.6 hPa 100° 27 kt 20120107.12
Part D: 66 77  71.9 hPa 100° 29 kt 20120107.12
Part D: 77 88  70.6 hPa  95° 27 kt 20120107.12
Part D: 88 99  69.9 hPa  90° 24 kt 20120107.12
Part D: 99 11  69.3 hPa  70° 21 kt 20120107.12
Part D: 11 22  67.2 hPa  50° 26 kt 20120107.12
Part D: 22 33  66.4 hPa  60° 27 kt 20120107.12
Part D: 33 44  65.2 hPa  65° 20 kt 20120107.12
Part A:       100.0 hPa 260° 16 kt 20120108.00
Part C:        70.0 hPa  65° 27 kt 20120108.00
Part C:        50.0 hPa 250° 11 kt 20120108.00
Part C:        30.0 hPa  95° 59 kt 20120108.00
Part C:        20.0 hPa  85° 59 kt 20120108.00
Part C:        10.0 hPa  65° 52 kt 20120108.00
Part D: 11     91.3 hPa 195°  7 kt 20120108.00
Part D: 11 22  88.0 hPa 105°  9 kt 20120108.00
Part D: 22 33  83.7 hPa  85° 18 kt 20120108.00
Part D: 33 44  79.2 hPa  30° 18 kt 20120108.00
Part D: 44 55  75.1 hPa  50° 28 kt 20120108.00
Part D: 55 66  72.6 hPa  85° 28 kt 20120108.00
Part D: 66 77  69.0 hPa  55° 27 kt 20120108.00
Part D: 77 88  64.7 hPa 115° 10 kt 20120108.00
Part D: 88 99  63.7 hPa 155°  7 kt 20120108.00
Part D: 99 11  58.8 hPa 245° 21 kt 20120108.00
Part D: 11 22  56.0 hPa 260° 15 kt 20120108.00
Part D: 22 33  50.8 hPa 230° 13 kt 20120108.00
Part D: 33 44  48.2 hPa 300° 12 kt 20120108.00
Part D: 44 55  46.7 hPa 315° 16 kt 20120108.00
Part D: 55 66  45.2 hPa 340° 10 kt 20120108.00
Part D: 66 77  43.8 hPa 335° 17 kt 20120108.00
Part D: 77 88  41.6 hPa 325°  9 kt 20120108.00
Part D: 88 99  38.7 hPa  25° 11 kt 20120108.00
Part D: 99 11  36.7 hPa  25° 23 kt 20120108.00
Part D: 11 22  34.8 hPa  85° 39 kt 20120108.00
Part D: 22 33  33.5 hPa 105° 39 kt 20120108.00
Part D: 33 44  30.6 hPa  90° 58 kt 20120108.00
Part D: 44 55  29.0 hPa 100° 60 kt 20120108.00
Part D: 55 66  27.1 hPa  85° 60 kt 20120108.00
Part D: 66 77  25.4 hPa 100° 52 kt 20120108.00
Part D: 77 88  22.7 hPa  95° 65 kt 20120108.00
Part D: 88 99  21.6 hPa  85° 57 kt 20120108.00
Part D: 99 11  18.0 hPa  80° 63 kt 20120108.00
Part D: 11 22  13.0 hPa  75° 68 kt 20120108.00
Part D: 22 33  10.6 hPa  75° 48 kt 20120108.00
Part D: 33 44  10.2 hPa  60° 57 kt 20120108.00
Part D: 44 55   9.2 hPa 100° 43 kt 20120108.00
Part D: 55 66   9.0 hPa  80° 23 kt 20120108.00
Part D: 66 77   8.4 hPa 110° 12 kt 20120108.00
Part D: 77 88   8.1 hPa 100° 14 kt 20120108.00
Part D: 88 99   7.7 hPa 150°  8 kt 20120108.00
Part D: 99 11   7.4 hPa 110° 24 kt 20120108.00
Part D: 11 22   7.3 hPa 135° 21 kt 20120108.00
Part D: 22 33   7.0 hPa 115° 24 kt 20120108.00
Part D: 33 44   6.8 hPa 135° 26 kt 20120108.00
Part D: 44 55   6.7 hPa 140° 27 kt 20120108.00
Part A:       100.0 hPa 250° 35 kt 20120108.12
Part D: 11     97.4 hPa 250° 33 kt 20120108.12
Part D: 11 22  93.1 hPa 260° 28 kt 20120108.12
Part D: 22 33  91.1 hPa 260° 28 kt 20120108.12
Part D: 33 44  89.1 hPa 255° 29 kt 20120108.12
Part D: 44 55  86.1 hPa 255° 23 kt 20120108.12
Part A:       100.0 hPa 285° 20 kt 20120109.00
Part C:        70.0 hPa  90° 23 kt 20120109.00
Part C:        50.0 hPa 300° 21 kt 20120109.00
Part C:        30.0 hPa  90° 47 kt 20120109.00
Part C:        20.0 hPa  95° 63 kt 20120109.00
Part C:        10.0 hPa 110° 47 kt 20120109.00
Part D: 11     98.4 hPa 285° 18 kt 20120109.00
Part D: 11 22  89.8 hPa 355° 14 kt 20120109.00
Part D: 22 33  87.0 hPa  25° 20 kt 20120109.00
Part D: 33 44  83.1 hPa  20° 31 kt 20120109.00
Part D: 44 55  74.6 hPa 105° 24 kt 20120109.00
Part D: 55 66  67.5 hPa  85° 24 kt 20120109.00
Part D: 66 77  66.2 hPa 125° 12 kt 20120109.00
Part D: 77 88  63.8 hPa 170° 20 kt 20120109.00
Part D: 88 99  58.0 hPa 265° 10 kt 20120109.00
Part D: 99 11  52.9 hPa 300° 21 kt 20120109.00
Part D: 11 22  50.6 hPa 300° 22 kt 20120109.00
Part D: 22 33  46.7 hPa 300° 14 kt 20120109.00
Part D: 33 44  44.4 hPa 185°  3 kt 20120109.00
Part D: 44 55  43.8 hPa 195°  2 kt 20120109.00
Part D: 55 66  43.1 hPa 250°  6 kt 20120109.00
Part D: 66 77  41.8 hPa 290° 10 kt 20120109.00
Part D: 77 88  39.9 hPa 355° 10 kt 20120109.00
Part D: 88 99  36.2 hPa 140° 31 kt 20120109.00
Part D: 99 11  35.6 hPa 145° 34 kt 20120109.00
Part D: 11 22  30.8 hPa  85° 44 kt 20120109.00
Part D: 22 33  29.3 hPa  95° 52 kt 20120109.00
Part D: 33 44  27.9 hPa  85° 52 kt 20120109.00
Part D: 44 55  26.5 hPa 100° 53 kt 20120109.00
Part D: 55 66  23.7 hPa  90° 58 kt 20120109.00
Part D: 66 77  22.1 hPa  85° 67 kt 20120109.00
Part D: 77 88  19.4 hPa  95° 61 kt 20120109.00
Part D: 88 99  17.8 hPa 105° 67 kt 20120109.00
Part D: 99 11  15.0 hPa  90° 65 kt 20120109.00
Part D: 11 22  11.9 hPa 100° 75 kt 20120109.00
Part D: 22 33  10.4 hPa 105° 51 kt 20120109.00
Part D: 33 44   9.7 hPa 110° 43 kt 20120109.00
Part D: 44 55   9.2 hPa  85° 43 kt 20120109.00
Part D: 55 66   7.9 hPa  95° 20 kt 20120109.00
Part D: 66 77   7.7 hPa  75° 15 kt 20120109.00
Part D: 77 88   7.3 hPa  95° 30 kt 20120109.00
Part D: 88 99   7.1 hPa  50° 21 kt 20120109.00
Part D: 99 11   6.7 hPa  70° 35 kt 20120109.00
Part D: 11 22   6.5 hPa  40° 37 kt 20120109.00
Part A:       100.0 hPa 295° 10 kt 20120109.12
Part C:        70.0 hPa 100° 23 kt 20120109.12
Part D: 11     97.9 hPa 305° 11 kt 20120109.12
Part D: 11 22  94.2 hPa 340° 12 kt 20120109.12
Part D: 22 33  90.9 hPa 350° 18 kt 20120109.12
Part D: 33 44  89.1 hPa   5° 18 kt 20120109.12
Part D: 44 55  87.3 hPa  15° 21 kt 20120109.12
Part D: 55 66  85.5 hPa  10° 25 kt 20120109.12
Part D: 66 77  83.7 hPa  25° 24 kt 20120109.12
Part D: 77 88  81.8 hPa  30° 27 kt 20120109.12
Part D: 88 99  79.9 hPa  45° 30 kt 20120109.12
Part D: 99 11  78.1 hPa  55° 30 kt 20120109.12
Part D: 11 22  76.4 hPa  75° 26 kt 20120109.12
Part D: 22 33  73.0 hPa 105° 26 kt 20120109.12
Part D: 33 44  71.4 hPa 110° 23 kt 20120109.12
Part D: 44 55  69.0 hPa  95° 23 kt 20120109.12
Part A:       100.0 hPa 355°  8 kt 20120110.00
Part C:        70.0 hPa  95° 16 kt 20120110.00
Part C:        50.0 hPa 280° 19 kt 20120110.00
Part C:        30.0 hPa  85° 46 kt 20120110.00
Part C:        20.0 hPa  95° 63 kt 20120110.00
Part C:        10.0 hPa  90° 31 kt 20120110.00
Part D: 11     98.6 hPa  10°  9 kt 20120110.00
Part D: 11 22  87.7 hPa  45° 19 kt 20120110.00
Part D: 22 33  77.1 hPa 105° 26 kt 20120110.00
Part D: 33 44  73.8 hPa  70° 26 kt 20120110.00
Part D: 44 55  70.1 hPa  95° 17 kt 20120110.00
Part D: 55 66  66.5 hPa 185°  3 kt 20120110.00
Part D: 66 77  64.8 hPa 285°  9 kt 20120110.00
Part D: 77 88  62.2 hPa 285° 16 kt 20120110.00
Part D: 88 99  58.8 hPa 250° 16 kt 20120110.00
Part D: 99 11  54.6 hPa 280° 24 kt 20120110.00
Part D: 11 22  51.3 hPa 290° 18 kt 20120110.00
Part D: 22 33  48.3 hPa 270° 21 kt 20120110.00
Part D: 33 44  43.9 hPa 230° 12 kt 20120110.00
Part D: 44 55  42.7 hPa 265° 14 kt 20120110.00
Part D: 55 66  40.1 hPa 295°  4 kt 20120110.00
Part D: 66 77  39.4 hPa 145°  5 kt 20120110.00
Part D: 77 88  38.1 hPa 175°  9 kt 20120110.00
Part D: 88 99  36.3 hPa 170° 18 kt 20120110.00
Part D: 99 11  32.8 hPa  70° 35 kt 20120110.00
Part D: 11 22  31.4 hPa  60° 42 kt 20120110.00
Part D: 22 33  29.4 hPa  90° 49 kt 20120110.00
Part D: 33 44  27.6 hPa  85° 62 kt 20120110.00
Part D: 44 55  24.7 hPa  80° 53 kt 20120110.00
Part D: 55 66  22.2 hPa  95° 67 kt 20120110.00
Part D: 66 77  18.7 hPa 100° 61 kt 20120110.00
Part D: 77 88  17.2 hPa  95° 67 kt 20120110.00
Part D: 88 99  14.9 hPa  90° 61 kt 20120110.00
Part D: 99 11  14.0 hPa  90° 64 kt 20120110.00
Part D: 11 22   9.7 hPa  90° 29 kt 20120110.00
Part D: 22 33   9.1 hPa  65° 31 kt 20120110.00
Part D: 33 44   8.8 hPa  85° 31 kt 20120110.00
Part D: 44 55   8.2 hPa  40° 20 kt 20120110.00
Part D: 55 66   7.8 hPa  85° 13 kt 20120110.00
Part D: 66 77   7.3 hPa  60°  7 kt 20120110.00
Part D: 77 88   7.1 hPa  75° 19 kt 20120110.00
Part D: 88 99   6.8 hPa 295°  4 kt 20120110.00
Part D: 99 11   6.7 hPa  55° 15 kt 20120110.00
Part D: 11 22   6.4 hPa  20° 13 kt 20120110.00
Part D: 22 33   6.0 hPa  45°  7 kt 20120110.00
Part A:       100.0 hPa   5°  5 kt 20120110.12
Part D: 11     99.2 hPa   5°  6 kt 20120110.12
Part D: 11 22  97.3 hPa  10°  6 kt 20120110.12
Part D: 22 33  95.6 hPa  40°  9 kt 20120110.12
Part D: 33 44  94.0 hPa  60° 14 kt 20120110.12
Part D: 44 55  92.4 hPa  60° 17 kt 20120110.12
Part D: 55 66  89.5 hPa  70° 18 kt 20120110.12
Part D: 66 77  88.0 hPa 100° 22 kt 20120110.12
Part D: 77 88  86.6 hPa  90° 23 kt 20120110.12
Part D: 88 99  85.2 hPa 100° 29 kt 20120110.12
Part D: 99 11  82.5 hPa 110° 26 kt 20120110.12
Part D: 11 22  81.0 hPa 115° 30 kt 20120110.12
Part D: 22 33  80.2 hPa 115° 31 kt 20120110.12
Part A:       100.0 hPa 140°  8 kt 20120111.00
Part C:        70.0 hPa  30° 15 kt 20120111.00
Part C:        50.0 hPa 265° 29 kt 20120111.00
Part C:        30.0 hPa 100° 55 kt 20120111.00
Part C:        20.0 hPa  85° 62 kt 20120111.00
Part C:        10.0 hPa  95° 41 kt 20120111.00
Part D: 11     93.5 hPa 100° 16 kt 20120111.00
Part D: 11 22  82.9 hPa  80° 33 kt 20120111.00
Part D: 22 33  80.5 hPa 100° 32 kt 20120111.00
Part D: 33 44  75.0 hPa  75° 32 kt 20120111.00
Part D: 44 55  71.0 hPa  65° 18 kt 20120111.00
Part D: 55 66  70.2 hPa  35° 15 kt 20120111.00
Part D: 66 77  67.7 hPa   5° 11 kt 20120111.00
Part D: 77 88  66.7 hPa 335° 12 kt 20120111.00
Part D: 88 99  64.8 hPa 325° 17 kt 20120111.00
Part D: 99 11  63.8 hPa 315° 11 kt 20120111.00
Part D: 11 22  61.0 hPa 260° 17 kt 20120111.00
Part D: 22 33  56.9 hPa 270° 28 kt 20120111.00
Part D: 33 44  52.3 hPa 275° 36 kt 20120111.00
Part D: 44 55  47.9 hPa 255° 26 kt 20120111.00
Part D: 55 66  45.3 hPa 255° 15 kt 20120111.00
Part D: 66 77  42.7 hPa 305° 14 kt 20120111.00
Part D: 77 88  41.3 hPa 260°  9 kt 20120111.00
Part D: 88 99  40.0 hPa 240°  4 kt 20120111.00
Part D: 99 11  39.4 hPa 190°  6 kt 20120111.00
Part D: 11 22  38.2 hPa 220°  7 kt 20120111.00
Part D: 22 33  37.1 hPa 110°  8 kt 20120111.00
Part D: 33 44  35.6 hPa 100° 22 kt 20120111.00
Part D: 44 55  34.0 hPa  60° 23 kt 20120111.00
Part D: 55 66  33.0 hPa  75° 35 kt 20120111.00
Part D: 66 77  31.9 hPa  95° 53 kt 20120111.00
Part D: 77 88  27.3 hPa 100° 59 kt 20120111.00
Part D: 88 99  26.1 hPa 100° 63 kt 20120111.00
Part D: 99 11  24.0 hPa 110° 65 kt 20120111.00
Part D: 11 22  20.1 hPa  80° 61 kt 20120111.00
Part D: 22 33  18.5 hPa  90° 69 kt 20120111.00
Part D: 33 44  14.3 hPa  85° 71 kt 20120111.00
Part D: 44 55  14.1 hPa  95° 62 kt 20120111.00
Part D: 55 66  13.8 hPa  85° 69 kt 20120111.00
Part D: 66 77  11.3 hPa 105° 53 kt 20120111.00
Part D: 77 88  10.6 hPa 115° 38 kt 20120111.00
Part D: 88 99   9.7 hPa  90° 38 kt 20120111.00
Part A:       100.0 hPa 145°  9 kt 20120111.12
Part D: 11     96.2 hPa 160° 15 kt 20120111.12
Part D: 11 22  92.8 hPa 150° 18 kt 20120111.12
Part D: 22 33  91.1 hPa 145° 19 kt 20120111.12
Part D: 33 44  83.0 hPa 115° 31 kt 20120111.12
Part D: 44 55  79.9 hPa 130° 38 kt 20120111.12
Part D: 55 66  78.4 hPa 130° 38 kt 20120111.12
Part D: 66 77  76.9 hPa 125° 40 kt 20120111.12
Part D: 77 88  73.9 hPa 100° 32 kt 20120111.12
Part D: 88 99  73.1 hPa 100° 30 kt 20120111.12
Part A:       100.0 hPa  90° 14 kt 20120112.00
Part A:       100.0 hPa  45° 11 kt 20120112.12
Part C:        70.0 hPa  75° 16 kt 20120112.12
Part C:        50.0 hPa 315° 13 kt 20120112.12
Part C:        30.0 hPa  80° 55 kt 20120112.12
Part C:        20.0 hPa  85° 50 kt 20120112.12
Part C:        10.0 hPa 100° 57 kt 20120112.12
Part D: 11     91.0 hPa 155° 14 kt 20120112.12
Part D: 11 22  81.4 hPa 110° 24 kt 20120112.12
Part D: 22 33  76.2 hPa  15°  9 kt 20120112.12
Part D: 33 44  68.5 hPa 100° 12 kt 20120112.12
Part D: 44 55  64.1 hPa 260° 18 kt 20120112.12
Part D: 55 66  63.0 hPa 260° 26 kt 20120112.12
Part D: 66 77  53.5 hPa 270° 13 kt 20120112.12
Part D: 77 88  50.8 hPa 305° 16 kt 20120112.12
Part D: 88 99  47.7 hPa 275°  9 kt 20120112.12
Part D: 99 11  45.4 hPa 335°  9 kt 20120112.12
Part D: 11 22  41.1 hPa 100°  2 kt 20120112.12
Part D: 22 33  37.6 hPa  60° 10 kt 20120112.12
Part D: 33 44  34.4 hPa 120° 30 kt 20120112.12
Part D: 44 55  31.0 hPa  80° 54 kt 20120112.12
Part D: 55 66  22.2 hPa  85° 51 kt 20120112.12
Part D: 66 77  13.6 hPa 100° 69 kt 20120112.12
Part D: 77 88  12.2 hPa 100° 77 kt 20120112.12
Part D: 88 99  10.7 hPa 110° 57 kt 20120112.12
Part D: 99 11   9.7 hPa 100° 71 kt 20120112.12
Part D: 11 22   8.9 hPa 105° 45 kt 20120112.12
Part D: 22 33   8.2 hPa  80° 49 kt 20120112.12
Part D: 33 44   7.8 hPa  60° 31 kt 20120112.12
Part D: 44 55   7.6 hPa  40° 35 kt 20120112.12
Part D: 55 66   7.2 hPa  50° 44 kt 20120112.12
Part D: 66 77   6.5 hPa  55° 25 kt 20120112.12
Part D: 77 88   6.1 hPa  85° 42 kt 20120112.12
Part D: 88 99   5.6 hPa  65° 23 kt 20120112.12
Part D: 99 11   5.4 hPa 105° 30 kt 20120112.12
Part D: 11 22   4.8 hPa  80° 41 kt 20120112.12
Part D: 22 33   4.5 hPa  95° 55 kt 20120112.12
Part A:       100.0 hPa 100° 66 kt 20120113.00
Part C:        70.0 hPa 260° 34 kt 20120113.00
Part C:        50.0 hPa 245°  6 kt 20120113.00
Part C:        30.0 hPa  90° 54 kt 20120113.00
Part C:        20.0 hPa  90° 62 kt 20120113.00
Part C:        10.0 hPa  90° 53 kt 20120113.00
Part D: 11     89.8 hPa  75° 25 kt 20120113.00
Part D: 11 22  88.2 hPa  80° 23 kt 20120113.00
Part D: 22 33  77.3 hPa 205°  7 kt 20120113.00
Part D: 33 44  74.8 hPa 245° 21 kt 20120113.00
Part D: 44 55  70.3 hPa 265° 35 kt 20120113.00
Part D: 55 66  62.1 hPa 265° 31 kt 20120113.00
Part D: 66 77  57.2 hPa 270° 19 kt 20120113.00
Part D: 77 88  52.1 hPa 215°  5 kt 20120113.00
Part D: 88 99  51.3 hPa 255°  5 kt 20120113.00
Part D: 99 11  49.7 hPa 230°  5 kt 20120113.00
Part D: 11 22  48.0 hPa 310°  7 kt 20120113.00
Part D: 22 33  47.2 hPa 260°  2 kt 20120113.00
Part D: 33 44  45.6 hPa   5°  4 kt 20120113.00
Part D: 44 55  44.1 hPa  35°  4 kt 20120113.00
Part D: 55 66  43.4 hPa  15°  7 kt 20120113.00
Part D: 66 77  40.6 hPa 360°  4 kt 20120113.00
Part D: 77 88  40.0 hPa  20°  5 kt 20120113.00
Part D: 88 99  38.7 hPa  65°  8 kt 20120113.00
Part D: 99 11  35.1 hPa 120° 26 kt 20120113.00
Part D: 11 22  31.9 hPa  85° 52 kt 20120113.00
Part D: 22 33  27.4 hPa  85° 57 kt 20120113.00
Part D: 33 44  24.0 hPa  90° 61 kt 20120113.00
Part D: 44 55  16.6 hPa 100° 68 kt 20120113.00
Part D: 55 66  12.6 hPa  90° 77 kt 20120113.00
Part D: 66 77  12.0 hPa  85° 68 kt 20120113.00
Part D: 77 88  11.0 hPa  80° 48 kt 20120113.00
Part D: 88 99  10.4 hPa  65° 43 kt 20120113.00
Part D: 99 11  10.1 hPa  90° 56 kt 20120113.00
Part D: 11 22   9.1 hPa  80° 39 kt 20120113.00
Part D: 22 33   8.5 hPa  95° 52 kt 20120113.00
Part D: 33 44   8.1 hPa 110° 36 kt 20120113.00
Part D: 44 55   8.0 hPa 110° 32 kt 20120113.00
Part D: 55 66   7.9 hPa  85° 26 kt 20120113.00
Part D: 66 77   7.7 hPa  95° 35 kt 20120113.00
Part D: 77 88   7.1 hPa 135° 23 kt 20120113.00
Part D: 88 99   7.0 hPa 110° 32 kt 20120113.00
Part D: 99 11   6.9 hPa 135° 31 kt 20120113.00
Part D: 11 22   6.8 hPa 130° 18 kt 20120113.00
Part D: 22 33   6.6 hPa 115° 40 kt 20120113.00
Part D: 33 44   6.3 hPa 140° 33 kt 20120113.00
Part D: 44 55   6.1 hPa 135° 54 kt 20120113.00
Part D: 55 66   5.8 hPa 120° 51 kt 20120113.00
Part D: 66 77   5.5 hPa 145° 39 kt 20120113.00
Part D: 77 88   5.2 hPa 115° 56 kt 20120113.00
Part A:       100.0 hPa  70° 33 kt 20120113.12
Part C:        70.0 hPa 215° 24 kt 20120113.12
Part C:        50.0 hPa 200°  4 kt 20120113.12
Part D: 11     96.9 hPa  55° 23 kt 20120113.12
Part D: 11 22  92.9 hPa  70° 19 kt 20120113.12
Part D: 22 33  88.7 hPa 130° 10 kt 20120113.12
Part D: 33 44  84.8 hPa 175° 17 kt 20120113.12
Part D: 44 55  78.1 hPa 155° 21 kt 20120113.12
Part D: 55 66  74.8 hPa 165° 21 kt 20120113.12
Part D: 66 77  68.3 hPa 250° 30 kt 20120113.12
Part D: 77 88  65.3 hPa 270° 26 kt 20120113.12
Part D: 88 99  62.7 hPa 260° 23 kt 20120113.12
Part D: 99 11  59.8 hPa 250° 21 kt 20120113.12
Part D: 11 22  58.1 hPa 260° 18 kt 20120113.12
Part D: 22 33  55.5 hPa 260°  7 kt 20120113.12
Part D: 33 44  52.9 hPa 225°  7 kt 20120113.12
Part D: 44 55  52.0 hPa 235°  4 kt 20120113.12
Part D: 55 66  51.2 hPa 220°  3 kt 20120113.12
Part D: 66 77  50.3 hPa 180°  4 kt 20120113.12
Part D: 77 88  48.7 hPa 250°  3 kt 20120113.12
Part D: 88 99  47.9 hPa 335°  9 kt 20120113.12
Part D: 99 11  47.1 hPa 350° 12 kt 20120113.12
Part D: 11 22  44.8 hPa 335°  9 kt 20120113.12
Part D: 22 33  44.0 hPa 350°  6 kt 20120113.12
Part D: 33 44  41.9 hPa  80°  3 kt 20120113.12
Part D: 44 55  40.5 hPa 145°  3 kt 20120113.12
Part D: 55 66  39.8 hPa 125°  3 kt 20120113.12
Part D: 66 77  38.8 hPa  60°  7 kt 20120113.12
Part A:       100.0 hPa  85° 32 kt 20120114.00
Part C:        70.0 hPa 250° 23 kt 20120114.00
Part C:        50.0 hPa 290°  1 kt 20120114.00
Part C:        30.0 hPa  95° 54 kt 20120114.00
Part C:        20.0 hPa  95° 67 kt 20120114.00
Part C:        10.0 hPa  80° 51 kt 20120114.00
Part D: 11     97.5 hPa  85° 23 kt 20120114.00
Part D: 11 22  92.9 hPa   5° 10 kt 20120114.00
Part D: 22 33  91.2 hPa 355° 15 kt 20120114.00
Part D: 33 44  83.7 hPa  20°  9 kt 20120114.00
Part D: 44 55  79.8 hPa 165° 14 kt 20120114.00
Part D: 55 66  70.1 hPa 250° 24 kt 20120114.00
Part D: 66 77  51.0 hPa 280°  4 kt 20120114.00
Part D: 77 88  50.2 hPa 250°  1 kt 20120114.00
Part D: 88 99  48.6 hPa 340°  8 kt 20120114.00
Part D: 99 11  47.8 hPa 340° 10 kt 20120114.00
Part D: 11 22  46.3 hPa  40°  6 kt 20120114.00
Part D: 22 33  40.7 hPa  10°  5 kt 20120114.00
Part D: 33 44  38.8 hPa 125° 14 kt 20120114.00
Part D: 44 55  36.5 hPa 120° 23 kt 20120114.00
Part D: 55 66  33.0 hPa  85° 33 kt 20120114.00
Part D: 66 77  30.4 hPa  95° 53 kt 20120114.00
Part D: 77 88  20.2 hPa  95° 68 kt 20120114.00
Part D: 88 99  17.8 hPa  85° 70 kt 20120114.00
Part D: 99 11  16.6 hPa  80° 75 kt 20120114.00
Part D: 11 22   9.9 hPa  85° 51 kt 20120114.00
Part D: 22 33   8.9 hPa  90° 44 kt 20120114.00
Part D: 33 44   7.9 hPa 125° 22 kt 20120114.00
Part D: 44 55   6.7 hPa  40° 12 kt 20120114.00
Part D: 55 66   6.4 hPa  20° 17 kt 20120114.00
Part D: 66 77   6.0 hPa  80° 22 kt 20120114.00
Part D: 77 88   5.5 hPa  15° 25 kt 20120114.00
Part D: 88 99   5.1 hPa  65° 20 kt 20120114.00
Part D: 99 11   4.9 hPa  95° 32 kt 20120114.00
Part D: 11 22   4.6 hPa 110° 44 kt 20120114.00
Part A:       100.0 hPa  95° 22 kt 20120115.00
Part C:        70.0 hPa 225° 13 kt 20120115.00
Part C:        50.0 hPa 320°  7 kt 20120115.00
Part C:        30.0 hPa  80° 48 kt 20120115.00
Part C:        20.0 hPa  90° 59 kt 20120115.00
Part C:        10.0 hPa 105° 46 kt 20120115.00
Part D: 11     96.7 hPa 130° 11 kt 20120115.00
Part D: 11 22  92.8 hPa 190° 10 kt 20120115.00
Part D: 22 33  87.9 hPa 330°  3 kt 20120115.00
Part D: 33 44  86.5 hPa 360°  5 kt 20120115.00
Part D: 44 55  82.5 hPa 275° 11 kt 20120115.00
Part D: 55 66  78.5 hPa 250° 26 kt 20120115.00
Part D: 66 77  74.9 hPa 245° 20 kt 20120115.00
Part D: 77 88  71.3 hPa 195° 19 kt 20120115.00
Part D: 88 99  68.9 hPa 255° 13 kt 20120115.00
Part D: 99 11  63.6 hPa 300° 19 kt 20120115.00
Part D: 11 22  57.8 hPa 320° 14 kt 20120115.00
Part D: 22 33  56.0 hPa 350° 11 kt 20120115.00
Part D: 33 44  54.4 hPa 310°  7 kt 20120115.00
Part D: 44 55  49.7 hPa 325°  5 kt 20120115.00
Part D: 55 66  48.0 hPa 215°  7 kt 20120115.00
Part D: 66 77  45.7 hPa 300°  4 kt 20120115.00
Part D: 77 88  45.1 hPa 275°  4 kt 20120115.00
Part D: 88 99  43.8 hPa 350°  5 kt 20120115.00
Part D: 99 11  43.2 hPa 350°  2 kt 20120115.00
Part D: 11 22  41.3 hPa   5°  8 kt 20120115.00
Part D: 22 33  38.8 hPa  80° 10 kt 20120115.00
Part D: 33 44  34.0 hPa  60° 23 kt 20120115.00
Part D: 44 55  32.9 hPa  85° 38 kt 20120115.00
Part D: 55 66  25.8 hPa 110° 55 kt 20120115.00
Part D: 66 77  23.3 hPa  95° 54 kt 20120115.00
Part D: 77 88  21.1 hPa 100° 59 kt 20120115.00
Part D: 88 99  18.5 hPa  95° 67 kt 20120115.00
Part D: 99 11  17.8 hPa  95° 64 kt 20120115.00
Part D: 11 22  13.1 hPa  85° 60 kt 20120115.00
Part D: 22 33  11.7 hPa  85° 68 kt 20120115.00
Part D: 33 44  11.3 hPa  90° 71 kt 20120115.00
Part D: 44 55  10.6 hPa  95° 44 kt 20120115.00
Part D: 55 66   9.4 hPa 100° 58 kt 20120115.00
Part D: 66 77   8.8 hPa  95° 35 kt 20120115.00
Part D: 77 88   8.7 hPa  95° 24 kt 20120115.00
Part D: 88 99   8.2 hPa  75° 35 kt 20120115.00
Part D: 99 11   7.9 hPa  60° 20 kt 20120115.00
Part D: 11 22   7.4 hPa   5° 21 kt 20120115.00
Part D: 22 33   6.8 hPa  85° 19 kt 20120115.00
Part D: 33 44   6.7 hPa  60° 21 kt 20120115.00
Part C:        70.0 hPa 290° 13 kt 20120115.12
Part C:        50.0 hPa 285°  4 kt 20120115.12
Part C:        30.0 hPa  90° 42 kt 20120115.12
Part C:        20.0 hPa  85° 54 kt 20120115.12
Part C:        10.0 hPa  90° 64 kt 20120115.12
Part D: 11     97.0 hPa 145° 13 kt 20120115.12
Part D: 11 22  93.5 hPa 185° 14 kt 20120115.12
Part D: 22 33  90.5 hPa 195° 14 kt 20120115.12
Part D: 33 44  86.0 hPa 115°  2 kt 20120115.12
Part D: 44 55  84.6 hPa  60°  4 kt 20120115.12
Part D: 55 66  81.7 hPa 350°  4 kt 20120115.12
Part D: 66 77  77.7 hPa 285° 16 kt 20120115.12
Part D: 77 88  73.8 hPa 265° 15 kt 20120115.12
Part D: 88 99  66.7 hPa 310° 13 kt 20120115.12
Part D: 99 11  64.4 hPa 305° 23 kt 20120115.12
Part D: 11 22  61.3 hPa 285° 10 kt 20120115.12
Part D: 22 33  60.2 hPa 330°  8 kt 20120115.12
Part D: 33 44  58.3 hPa  10°  7 kt 20120115.12
Part D: 44 55  57.4 hPa  15°  5 kt 20120115.12
Part D: 55 66  56.5 hPa 315°  4 kt 20120115.12
Part D: 66 77  54.0 hPa 195°  6 kt 20120115.12
Part D: 77 88  52.3 hPa 225°  5 kt 20120115.12
Part D: 88 99  50.6 hPa 295°  7 kt 20120115.12
Part D: 99 11  49.1 hPa 255°  4 kt 20120115.12
Part D: 11 22  48.4 hPa 270°  4 kt 20120115.12
Part D: 22 33  47.6 hPa 225°  8 kt 20120115.12
Part D: 33 44  45.0 hPa 240°  8 kt 20120115.12
Part D: 44 55  41.1 hPa 350°  5 kt 20120115.12
Part D: 55 66  39.2 hPa  80°  9 kt 20120115.12
Part D: 66 77  38.0 hPa 100°  6 kt 20120115.12
Part D: 77 88  34.6 hPa  65° 13 kt 20120115.12
Part D: 88 99  33.0 hPa  95° 34 kt 20120115.12
Part D: 99 11  29.3 hPa  90° 47 kt 20120115.12
Part D: 11 22  24.1 hPa  85° 56 kt 20120115.12
Part D: 22 33  23.3 hPa  80° 48 kt 20120115.12
Part D: 33 44  18.4 hPa  90° 57 kt 20120115.12
Part D: 44 55  17.6 hPa 105° 55 kt 20120115.12
Part D: 55 66  14.3 hPa  95° 65 kt 20120115.12
Part D: 66 77  13.8 hPa  85° 60 kt 20120115.12
Part D: 77 88  11.9 hPa  90° 77 kt 20120115.12
Part D: 88 99  11.5 hPa  90° 84 kt 20120115.12
Part D: 99 11  11.0 hPa  85° 69 kt 20120115.12
Part A:       100.0 hPa  45° 23 kt 20120116.00
Part C:        70.0 hPa 325° 27 kt 20120116.00
Part C:        50.0 hPa 235° 18 kt 20120116.00
Part C:        30.0 hPa 100° 51 kt 20120116.00
Part C:        20.0 hPa  85° 64 kt 20120116.00
Part C:        10.0 hPa 105° 59 kt 20120116.00
Part D: 11     89.3 hPa  15°  3 kt 20120116.00
Part D: 11 22  85.6 hPa 315°  7 kt 20120116.00
Part D: 22 33  81.4 hPa 285° 16 kt 20120116.00
Part D: 33 44  77.3 hPa 325° 14 kt 20120116.00
Part D: 44 55  73.6 hPa 315° 28 kt 20120116.00
Part D: 55 66  65.8 hPa 315°  9 kt 20120116.00
Part D: 66 77  62.6 hPa 185° 14 kt 20120116.00
Part D: 77 88  61.6 hPa 180° 18 kt 20120116.00
Part D: 88 99  57.9 hPa 270°  7 kt 20120116.00
Part D: 99 11  52.9 hPa 270° 15 kt 20120116.00
Part D: 11 22  48.8 hPa 225° 20 kt 20120116.00
Part D: 22 33  45.8 hPa 250° 10 kt 20120116.00
Part D: 33 44  44.3 hPa 290°  4 kt 20120116.00
Part D: 44 55  42.9 hPa 335° 10 kt 20120116.00
Part D: 55 66  41.0 hPa  15°  8 kt 20120116.00
Part D: 66 77  38.3 hPa  60° 10 kt 20120116.00
Part D: 77 88  37.1 hPa  45° 11 kt 20120116.00
Part D: 88 99  34.1 hPa 100° 37 kt 20120116.00
Part D: 99 11  32.5 hPa 120° 42 kt 20120116.00
Part D: 11 22  30.4 hPa 100° 52 kt 20120116.00
Part D: 22 33  23.9 hPa  90° 62 kt 20120116.00
Part D: 33 44  21.4 hPa  75° 64 kt 20120116.00
Part D: 44 55  19.3 hPa  85° 67 kt 20120116.00
Part D: 55 66  13.4 hPa  75° 80 kt 20120116.00
Part D: 66 77  11.9 hPa  90° 84 kt 20120116.00
Part D: 77 88   9.8 hPa 105° 54 kt 20120116.00
Part D: 88 99   9.5 hPa 100° 49 kt 20120116.00
Part D: 99 11   9.2 hPa 100° 48 kt 20120116.00
Part A:       100.0 hPa  85° 24 kt 20120116.12
Part A:       100.0 hPa  80° 24 kt 20120117.00
Part C:        70.0 hPa  70° 12 kt 20120117.00
Part C:        50.0 hPa 265° 17 kt 20120117.00
Part C:        30.0 hPa  85° 54 kt 20120117.00
Part C:        20.0 hPa  85° 71 kt 20120117.00
Part C:        10.0 hPa  95° 53 kt 20120117.00
Part D: 11     95.0 hPa  40° 14 kt 20120117.00
Part D: 11 22  92.9 hPa  65°  6 kt 20120117.00
Part D: 22 33  91.1 hPa  35°  5 kt 20120117.00
Part D: 33 44  81.8 hPa 335°  9 kt 20120117.00
Part D: 44 55  78.1 hPa 355° 13 kt 20120117.00
Part D: 55 66  73.1 hPa  15° 19 kt 20120117.00
Part D: 66 77  69.6 hPa  80° 13 kt 20120117.00
Part D: 77 88  68.1 hPa  90°  8 kt 20120117.00
Part D: 88 99  65.3 hPa 240° 11 kt 20120117.00
Part D: 99 11  61.6 hPa 220° 13 kt 20120117.00
Part D: 11 22  57.5 hPa 235° 25 kt 20120117.00
Part D: 22 33  52.2 hPa 270° 23 kt 20120117.00
Part D: 33 44  47.5 hPa 255° 10 kt 20120117.00
Part D: 44 55  46.7 hPa 240° 10 kt 20120117.00
Part D: 55 66  44.3 hPa 330°  7 kt 20120117.00
Part D: 66 77  43.6 hPa 355° 14 kt 20120117.00
Part D: 77 88  42.9 hPa 355° 14 kt 20120117.00
Part D: 88 99  38.1 hPa  75° 11 kt 20120117.00
Part D: 99 11  36.9 hPa  60° 21 kt 20120117.00
Part D: 11 22  34.5 hPa  95° 30 kt 20120117.00
Part D: 22 33  31.8 hPa  90° 53 kt 20120117.00
Part D: 33 44  25.3 hPa  85° 64 kt 20120117.00
Part D: 44 55  18.7 hPa  90° 82 kt 20120117.00
Part D: 55 66  18.1 hPa  90° 72 kt 20120117.00
Part D: 66 77  16.5 hPa 100° 77 kt 20120117.00
Part D: 77 88  15.4 hPa  95° 68 kt 20120117.00
Part D: 88 99  12.7 hPa  90° 80 kt 20120117.00
Part D: 99 11  10.5 hPa 100° 55 kt 20120117.00
Part D: 11 22   9.5 hPa  85° 44 kt 20120117.00
Part D: 22 33   8.0 hPa  65° 39 kt 20120117.00
Part D: 33 44   7.5 hPa  90° 34 kt 20120117.00
Part A:       100.0 hPa 100° 30 kt 20120117.12
Part A:       100.0 hPa  75° 31 kt 20120118.00
Part C:        70.0 hPa 205° 32 kt 20120118.00
Part C:        50.0 hPa 360° 11 kt 20120118.00
Part C:        30.0 hPa 105° 49 kt 20120118.00
Part C:        20.0 hPa  90° 71 kt 20120118.00
Part C:        10.0 hPa  75° 56 kt 20120118.00
Part D: 11     98.3 hPa  65° 29 kt 20120118.00
Part D: 11 22  86.9 hPa 100° 10 kt 20120118.00
Part D: 22 33  78.0 hPa 195° 20 kt 20120118.00
Part D: 33 44  71.7 hPa 205° 38 kt 20120118.00
Part D: 44 55  63.6 hPa 210° 19 kt 20120118.00
Part D: 55 66  59.5 hPa 300°  6 kt 20120118.00
Part D: 66 77  58.2 hPa   5°  4 kt 20120118.00
Part D: 77 88  56.9 hPa 105°  5 kt 20120118.00
Part D: 88 99  54.5 hPa  55°  4 kt 20120118.00
Part D: 99 11  52.3 hPa 340°  9 kt 20120118.00
Part D: 11 22  51.2 hPa 355° 11 kt 20120118.00
Part D: 22 33  49.3 hPa  25° 12 kt 20120118.00
Part D: 33 44  47.5 hPa  15°  5 kt 20120118.00
Part D: 44 55  42.9 hPa  95° 15 kt 20120118.00
Part D: 55 66  38.7 hPa  90°  8 kt 20120118.00
Part D: 66 77  38.0 hPa  85°  9 kt 20120118.00
Part D: 77 88  36.7 hPa 115° 11 kt 20120118.00
Part D: 88 99  33.3 hPa  75° 36 kt 20120118.00
Part D: 99 11  31.8 hPa  95° 47 kt 20120118.00
Part D: 11 22  30.9 hPa 105° 52 kt 20120118.00
Part D: 22 33  26.9 hPa  90° 60 kt 20120118.00
Part D: 33 44  24.4 hPa 100° 61 kt 20120118.00
Part D: 44 55  21.2 hPa  85° 70 kt 20120118.00
Part D: 55 66  15.5 hPa  90° 78 kt 20120118.00
Part D: 66 77  12.4 hPa  90° 78 kt 20120118.00
Part D: 77 88  11.9 hPa  80° 70 kt 20120118.00
Part D: 88 99  10.6 hPa  70° 67 kt 20120118.00
Part D: 99 11  10.2 hPa  80° 59 kt 20120118.00
Part D: 11 22   9.6 hPa  80° 52 kt 20120118.00
Part A:       100.0 hPa  85° 41 kt 20120118.12
Part A:       100.0 hPa  75° 49 kt 20120120.00
Part C:        70.0 hPa  70° 13 kt 20120120.00
Part C:        50.0 hPa 230° 14 kt 20120120.00
Part C:        30.0 hPa  85° 37 kt 20120120.00
Part C:        20.0 hPa  85° 51 kt 20120120.00
Part C:        10.0 hPa  95° 46 kt 20120120.00
Part D: 11     94.3 hPa  80° 40 kt 20120120.00
Part D: 11 22  91.3 hPa  45° 26 kt 20120120.00
Part D: 22 33  88.4 hPa   5° 23 kt 20120120.00
Part D: 33 44  87.1 hPa 355° 21 kt 20120120.00
Part D: 44 55  79.2 hPa 330° 10 kt 20120120.00
Part D: 55 66  77.8 hPa 335° 10 kt 20120120.00
Part D: 66 77  74.1 hPa  25°  4 kt 20120120.00
Part D: 77 88  71.8 hPa  75°  8 kt 20120120.00
Part D: 88 99  69.5 hPa  70° 15 kt 20120120.00
Part D: 99 11  68.3 hPa  45° 14 kt 20120120.00
Part D: 11 22  62.2 hPa  90° 17 kt 20120120.00
Part D: 22 33  60.3 hPa 175° 11 kt 20120120.00
Part D: 33 44  58.5 hPa 190° 26 kt 20120120.00
Part D: 44 55  51.0 hPa 215° 19 kt 20120120.00
Part D: 55 66  46.4 hPa 300° 14 kt 20120120.00
Part D: 66 77  45.0 hPa 305° 19 kt 20120120.00
Part D: 77 88  43.6 hPa 290°  9 kt 20120120.00
Part D: 88 99  42.8 hPa 265°  3 kt 20120120.00
Part D: 99 11  41.3 hPa 340°  8 kt 20120120.00
Part D: 11 22  40.7 hPa  15°  9 kt 20120120.00
Part D: 22 33  40.0 hPa 360° 14 kt 20120120.00
Part D: 33 44  39.3 hPa   5° 13 kt 20120120.00
Part D: 44 55  35.6 hPa  65° 16 kt 20120120.00
Part D: 55 66  34.9 hPa  90° 19 kt 20120120.00
Part D: 66 77  32.8 hPa 120° 34 kt 20120120.00
Part D: 77 88  31.7 hPa 105° 29 kt 20120120.00
Part D: 88 99  30.2 hPa  85° 37 kt 20120120.00
Part D: 99 11  27.7 hPa  95° 45 kt 20120120.00
Part D: 11 22  18.5 hPa  85° 54 kt 20120120.00
Part D: 22 33  17.6 hPa 100° 67 kt 20120120.00
Part D: 33 44  15.8 hPa  90° 59 kt 20120120.00
Part D: 44 55  15.2 hPa  90° 66 kt 20120120.00
Part D: 55 66  14.2 hPa  85° 58 kt 20120120.00
Part D: 66 77  13.9 hPa  85° 64 kt 20120120.00
Part D: 77 88  13.2 hPa  80° 58 kt 20120120.00
Part D: 88 99  11.1 hPa 100° 77 kt 20120120.00
Part D: 99 11  10.3 hPa 100° 45 kt 20120120.00
Part A:       100.0 hPa  80° 52 kt 20120120.12
Part A:       100.0 hPa  95° 54 kt 20120121.12
Part A:       100.0 hPa 100° 65 kt 20120122.00
Part C:        70.0 hPa  70° 24 kt 20120122.00
Part C:        50.0 hPa 260° 28 kt 20120122.00
Part C:        30.0 hPa  95° 52 kt 20120122.00
Part C:        20.0 hPa  85° 64 kt 20120122.00
Part C:        10.0 hPa  85° 54 kt 20120122.00
Part D: 11     90.4 hPa  95° 44 kt 20120122.00
Part D: 11 22  86.0 hPa  80° 15 kt 20120122.00
Part D: 22 33  80.7 hPa  60° 23 kt 20120122.00
Part D: 33 44  76.9 hPa  45° 26 kt 20120122.00
Part D: 44 55  73.4 hPa  75° 30 kt 20120122.00
Part D: 55 66  66.8 hPa   5° 13 kt 20120122.00
Part D: 66 77  65.7 hPa 340° 12 kt 20120122.00
Part D: 77 88  63.8 hPa 285° 22 kt 20120122.00
Part D: 88 99  60.9 hPa 275° 38 kt 20120122.00
Part D: 99 11  59.0 hPa 280° 49 kt 20120122.00
Part D: 11 22  52.8 hPa 260° 26 kt 20120122.00
Part D: 22 33  47.8 hPa 270° 25 kt 20120122.00
Part D: 33 44  39.6 hPa 230° 16 kt 20120122.00
Part D: 44 55  37.6 hPa 120°  9 kt 20120122.00
Part D: 55 66  35.8 hPa 190°  8 kt 20120122.00
Part D: 66 77  34.0 hPa  90°  9 kt 20120122.00
Part D: 77 88  31.7 hPa  70° 37 kt 20120122.00
Part D: 88 99  28.6 hPa 105° 59 kt 20120122.00
Part D: 99 11  27.7 hPa 105° 53 kt 20120122.00
Part D: 11 22  26.7 hPa 100° 63 kt 20120122.00
Part D: 22 33  22.4 hPa  75° 64 kt 20120122.00
Part D: 33 44  16.9 hPa 100° 62 kt 20120122.00
Part D: 44 55  14.6 hPa  90° 70 kt 20120122.00
Part D: 55 66  13.9 hPa  90° 63 kt 20120122.00
Part D: 66 77  13.2 hPa  90° 77 kt 20120122.00
Part D: 77 88  11.8 hPa  85° 68 kt 20120122.00
Part D: 88 99  11.2 hPa 100° 89 kt 20120122.00
Part D: 99 11  10.8 hPa  95° 67 kt 20120122.00
Part D: 11 22  10.0 hPa  85° 54 kt 20120122.00
Part D: 22 33   9.3 hPa  75° 50 kt 20120122.00
Part D: 33 44   8.8 hPa  90° 64 kt 20120122.00
Part D: 44 55   8.3 hPa  95° 42 kt 20120122.00
Part D: 55 66   8.1 hPa  50° 14 kt 20120122.00
Part A:       100.0 hPa  95° 72 kt 20120122.12
Part C:        70.0 hPa  95° 14 kt 20120122.12
Part D: 11     97.7 hPa  95° 72 kt 20120122.12
Part D: 11 22  96.3 hPa  95° 71 kt 20120122.12
Part D: 22 33  94.8 hPa  95° 69 kt 20120122.12
Part D: 33 44  93.4 hPa  95° 69 kt 20120122.12
Part D: 44 55  90.6 hPa  95° 46 kt 20120122.12
Part D: 55 66  88.2 hPa 100° 29 kt 20120122.12
Part D: 66 77  86.9 hPa  95° 25 kt 20120122.12
Part D: 77 88  85.6 hPa  95° 23 kt 20120122.12
Part D: 88 99  82.9 hPa 100° 26 kt 20120122.12
Part D: 99 11  81.5 hPa  95° 24 kt 20120122.12
Part D: 11 22  78.7 hPa  70° 31 kt 20120122.12
Part D: 22 33  77.3 hPa  80° 29 kt 20120122.12
Part D: 33 44  75.9 hPa  80° 31 kt 20120122.12
Part D: 44 55  73.4 hPa 105° 24 kt 20120122.12
Part D: 55 66  72.2 hPa 100° 20 kt 20120122.12
Part D: 66 77  71.0 hPa 100° 16 kt 20120122.12
Part D: 77 88  69.9 hPa  95° 13 kt 20120122.12
Part A:       100.0 hPa 105° 72 kt 20120123.00
Part C:        70.0 hPa 295° 21 kt 20120123.00
Part C:        50.0 hPa 260° 23 kt 20120123.00
Part C:        30.0 hPa 100° 43 kt 20120123.00
Part C:        20.0 hPa  90° 71 kt 20120123.00
Part C:        10.0 hPa 110° 58 kt 20120123.00
Part D: 11     95.0 hPa  95° 69 kt 20120123.00
Part D: 11 22  85.3 hPa  75° 45 kt 20120123.00
Part D: 22 33  80.4 hPa  85° 35 kt 20120123.00
Part D: 33 44  78.6 hPa  85° 43 kt 20120123.00
Part D: 44 55  75.8 hPa  80° 25 kt 20120123.00
Part D: 55 66  74.6 hPa  65° 14 kt 20120123.00
Part D: 66 77  73.3 hPa  25°  7 kt 20120123.00
Part D: 77 88  72.1 hPa 305° 11 kt 20120123.00
Part D: 88 99  65.8 hPa 280° 46 kt 20120123.00
Part D: 99 11  58.7 hPa 280° 27 kt 20120123.00
Part D: 11 22  51.7 hPa 260° 23 kt 20120123.00
Part D: 22 33  46.7 hPa 260° 11 kt 20120123.00
Part D: 33 44  45.9 hPa 270° 15 kt 20120123.00
Part D: 44 55  42.3 hPa 195° 14 kt 20120123.00
Part D: 55 66  38.5 hPa 170°  7 kt 20120123.00
Part D: 66 77  37.9 hPa 170°  7 kt 20120123.00
Part D: 77 88  35.6 hPa  50° 16 kt 20120123.00
Part D: 88 99  31.3 hPa  85° 38 kt 20120123.00
Part D: 99 11  27.9 hPa 105° 59 kt 20120123.00
Part D: 11 22  19.8 hPa  90° 75 kt 20120123.00
Part D: 22 33  19.1 hPa  80° 68 kt 20120123.00
Part D: 33 44  16.7 hPa  85° 76 kt 20120123.00
Part D: 44 55  16.0 hPa  75° 68 kt 20120123.00
Part D: 55 66  14.0 hPa  80° 76 kt 20120123.00
Part D: 66 77  12.6 hPa  80° 73 kt 20120123.00
Part D: 77 88  11.4 hPa 105° 93 kt 20120123.00
Part D: 88 99  11.0 hPa 105° 70 kt 20120123.00
Part D: 99 11  10.6 hPa 105° 54 kt 20120123.00
Part D: 11 22   8.9 hPa  95° 41 kt 20120123.00
Part D: 22 33   8.3 hPa  85° 14 kt 20120123.00
Part D: 33 44   7.9 hPa  50°  8 kt 20120123.00
Part D: 44 55   7.8 hPa  30°  8 kt 20120123.00
Part D: 55 66   7.3 hPa 225° 12 kt 20120123.00
Part D: 66 77   7.1 hPa 285° 22 kt 20120123.00
Part D: 77 88   6.7 hPa 290° 15 kt 20120123.00
Part D: 88 99   6.3 hPa 235° 33 kt 20120123.00
Part A:       100.0 hPa  95° 84 kt 20120123.12
Part A:       100.0 hPa 105° 83 kt 20120124.00
Part C:        70.0 hPa 280° 42 kt 20120124.00
Part C:        50.0 hPa 200° 15 kt 20120124.00
Part C:        30.0 hPa  95° 48 kt 20120124.00
Part C:        20.0 hPa  95° 54 kt 20120124.00
Part C:        10.0 hPa  75° 56 kt 20120124.00
Part D: 11     86.2 hPa  75° 47 kt 20120124.00
Part D: 11 22  81.4 hPa 295°  3 kt 20120124.00
Part D: 22 33  73.9 hPa 285° 45 kt 20120124.00
Part D: 33 44  68.7 hPa 275° 43 kt 20120124.00
Part D: 44 55  59.4 hPa 280° 28 kt 20120124.00
Part D: 55 66  52.3 hPa 225° 15 kt 20120124.00
Part D: 66 77  48.5 hPa 195° 18 kt 20120124.00
Part D: 77 88  44.9 hPa 210°  5 kt 20120124.00
Part D: 88 99  43.5 hPa 195°  5 kt 20120124.00
Part D: 99 11  42.7 hPa 155°  4 kt 20120124.00
Part D: 11 22  40.1 hPa  60°  9 kt 20120124.00
Part D: 22 33  38.9 hPa  90°  7 kt 20120124.00
Part D: 33 44  36.5 hPa  35°  8 kt 20120124.00
Part D: 44 55  32.4 hPa 100° 41 kt 20120124.00
Part D: 55 66  28.0 hPa  85° 49 kt 20120124.00
Part D: 66 77  26.7 hPa 100° 50 kt 20120124.00
Part D: 77 88  23.8 hPa  90° 46 kt 20120124.00
Part D: 88 99  17.9 hPa  85° 62 kt 20120124.00
Part D: 99 11  17.3 hPa  90° 69 kt 20120124.00
Part D: 11 22  16.4 hPa  80° 55 kt 20120124.00
Part D: 22 33  14.5 hPa  90° 67 kt 20120124.00
Part D: 33 44  14.0 hPa  90° 55 kt 20120124.00
Part D: 44 55  13.1 hPa  95° 64 kt 20120124.00
Part D: 55 66  12.4 hPa  85° 57 kt 20120124.00
Part D: 66 77  10.9 hPa  75° 64 kt 20120124.00
Part D: 77 88  10.5 hPa  90° 73 kt 20120124.00
Part D: 88 99   9.6 hPa  65° 44 kt 20120124.00
Part D: 99 11   9.3 hPa  90° 40 kt 20120124.00
Part D: 11 22   8.9 hPa  95° 52 kt 20120124.00
Part D: 22 33   8.1 hPa  95° 22 kt 20120124.00
Part D: 33 44   7.7 hPa  55° 11 kt 20120124.00
Part D: 44 55   6.3 hPa 340°  9 kt 20120124.00
Part D: 55 66   6.2 hPa  10°  9 kt 20120124.00
Part D: 66 77   6.1 hPa  60°  7 kt 20120124.00
Part D: 77 88   6.0 hPa  60°  2 kt 20120124.00
Part D: 88 99   5.9 hPa  10°  6 kt 20120124.00
Part D: 99 11   5.8 hPa 290°  7 kt 20120124.00
Part D: 11 22   5.7 hPa   5°  9 kt 20120124.00
Part D: 22 33   5.6 hPa  75°  9 kt 20120124.00
Part D: 33 44   5.2 hPa 100° 36 kt 20120124.00
Part D: 44 55   5.1 hPa 115° 22 kt 20120124.00
Part D: 55 66   5.0 hPa 115° 21 kt 20120124.00
Part A:       100.0 hPa 100° 85 kt 20120124.12
Part C:        70.0 hPa 270° 29 kt 20120124.12
Part D: 11     97.8 hPa 100° 92 kt 20120124.12
Part D: 11 22  96.0 hPa 100° 88 kt 20120124.12
Part D: 22 33  88.2 hPa 125° 33 kt 20120124.12
Part D: 33 44  86.5 hPa 130° 22 kt 20120124.12
Part D: 44 55  82.7 hPa 220°  3 kt 20120124.12
Part D: 55 66  79.3 hPa 280° 21 kt 20120124.12
Part D: 66 77  77.7 hPa 275° 31 kt 20120124.12
Part D: 77 88  76.0 hPa 270° 33 kt 20120124.12
Part D: 88 99  74.3 hPa 265° 33 kt 20120124.12
Part D: 99 11  72.8 hPa 255° 27 kt 20120124.12
Part D: 11 22  71.4 hPa 260° 24 kt 20120124.12
Part D: 22 33  68.6 hPa 280° 32 kt 20120124.12
Part D: 33 44  65.6 hPa 275° 27 kt 20120124.12
Part A:       100.0 hPa 106°  0 kt 20120125.00
Part C:        70.0 hPa 280° 33 kt 20120125.00
Part C:        50.0 hPa 305°  5 kt 20120125.00
Part C:        30.0 hPa  80° 33 kt 20120125.00
Part C:        20.0 hPa  95° 59 kt 20120125.00
Part C:        10.0 hPa  90° 58 kt 20120125.00
Part D: 11     88.1 hPa 100° 32 kt 20120125.00
Part D: 11 22  82.8 hPa  50°  5 kt 20120125.00
Part D: 22 33  78.6 hPa 280° 26 kt 20120125.00
Part D: 33 44  69.6 hPa 280° 32 kt 20120125.00
Part D: 44 55  62.7 hPa 275° 25 kt 20120125.00
Part D: 55 66  58.9 hPa 250° 14 kt 20120125.00
Part D: 66 77  49.7 hPa 320°  3 kt 20120125.00
Part D: 77 88  47.2 hPa   5° 10 kt 20120125.00
Part D: 88 99  46.4 hPa 355°  8 kt 20120125.00
Part D: 99 11  45.7 hPa  15°  9 kt 20120125.00
Part D: 11 22  37.0 hPa 115° 16 kt 20120125.00
Part D: 22 33  34.1 hPa 130° 27 kt 20120125.00
Part D: 33 44  30.8 hPa  75° 32 kt 20120125.00
Part D: 44 55  26.4 hPa 105° 38 kt 20120125.00
Part D: 55 66  18.4 hPa  95° 71 kt 20120125.00
Part D: 66 77  17.1 hPa  85° 59 kt 20120125.00
Part D: 77 88  10.8 hPa  95° 92 kt 20120125.00
Part D: 88 99  10.4 hPa 100° 61 kt 20120125.00
Part D: 99 11   9.2 hPa  90° 49 kt 20120125.00
Part D: 11 22   8.1 hPa 130° 14 kt 20120125.00
Part D: 22 33   6.9 hPa 185° 13 kt 20120125.00
Part D: 33 44   6.5 hPa 225°  5 kt 20120125.00
Part D: 44 55   6.0 hPa 155° 27 kt 20120125.00
Part D: 55 66   5.8 hPa 210°  8 kt 20120125.00
Part D: 66 77   5.6 hPa 155°  6 kt 20120125.00
Part D: 77 88   5.5 hPa 170° 21 kt 20120125.00
Part D: 88 99   5.0 hPa 125° 15 kt 20120125.00
Part D: 99 11   4.9 hPa 155° 25 kt 20120125.00
Part D: 11 22   4.6 hPa 155° 20 kt 20120125.00
Part A:       100.0 hPa 105° 88 kt 20120125.12
Part C:        70.0 hPa 275° 34 kt 20120125.12
Part C:        50.0 hPa 355°  4 kt 20120125.12
Part C:        30.0 hPa  85° 35 kt 20120125.12
Part C:        20.0 hPa  80° 58 kt 20120125.12
Part C:        10.0 hPa  95° 61 kt 20120125.12
Part D: 11     89.0 hPa 100° 19 kt 20120125.12
Part D: 11 22  85.6 hPa 235°  2 kt 20120125.12
Part D: 22 33  83.9 hPa 280° 11 kt 20120125.12
Part D: 33 44  80.5 hPa 275° 35 kt 20120125.12
Part D: 44 55  67.2 hPa 255° 30 kt 20120125.12
Part D: 55 66  62.6 hPa 240° 39 kt 20120125.12
Part D: 66 77  60.3 hPa 230° 34 kt 20120125.12
Part D: 77 88  53.3 hPa 280°  9 kt 20120125.12
Part D: 88 99  52.4 hPa 330°  5 kt 20120125.12
Part D: 99 11  51.5 hPa 295°  7 kt 20120125.12
Part D: 11 22  50.5 hPa 290°  4 kt 20120125.12
Part D: 22 33  49.6 hPa  25°  6 kt 20120125.12
Part D: 33 44  44.4 hPa  10° 14 kt 20120125.12
Part D: 44 55  39.4 hPa  50° 22 kt 20120125.12
Part D: 55 66  37.3 hPa  70° 21 kt 20120125.12
Part D: 66 77  34.7 hPa 145° 12 kt 20120125.12
Part D: 77 88  30.7 hPa  95° 34 kt 20120125.12
Part D: 88 99  28.5 hPa  90° 41 kt 20120125.12
Part D: 99 11  26.0 hPa  90° 36 kt 20120125.12
Part D: 11 22  23.9 hPa  70° 48 kt 20120125.12
Part D: 22 33  21.5 hPa  70° 52 kt 20120125.12
Part D: 33 44  19.0 hPa  80° 65 kt 20120125.12
Part D: 44 55  16.3 hPa  85° 70 kt 20120125.12
Part D: 55 66  14.7 hPa  95° 73 kt 20120125.12
Part D: 66 77  14.2 hPa 100° 84 kt 20120125.12
Part D: 77 88  12.7 hPa  90° 69 kt 20120125.12
Part D: 88 99  12.3 hPa  95° 76 kt 20120125.12
Part D: 99 11  12.1 hPa  95° 92 kt 20120125.12
Part D: 11 22  11.7 hPa  96°  0 kt 20120125.12
Part D: 22 33  10.8 hPa  85° 93 kt 20120125.12
Part D: 33 44   9.7 hPa  90° 67 kt 20120125.12
Part D: 44 55   9.2 hPa  90° 61 kt 20120125.12
Part A:       100.0 hPa 110° 93 kt 20120126.00
Part A:       100.0 hPa 110° 81 kt 20120126.12
Part C:        70.0 hPa 250° 30 kt 20120126.12
Part C:        50.0 hPa 340°  9 kt 20120126.12
Part C:        30.0 hPa  65° 34 kt 20120126.12
Part C:        20.0 hPa  95° 68 kt 20120126.12
Part C:        10.0 hPa 105° 56 kt 20120126.12
Part D: 11     88.6 hPa 195° 17 kt 20120126.12
Part D: 11 22  84.3 hPa 280° 31 kt 20120126.12
Part D: 22 33  79.3 hPa 290° 19 kt 20120126.12
Part D: 33 44  74.6 hPa 265° 32 kt 20120126.12
Part D: 44 55  71.7 hPa 250° 35 kt 20120126.12
Part D: 55 66  64.4 hPa 295° 13 kt 20120126.12
Part D: 66 77  62.2 hPa 275° 11 kt 20120126.12
Part D: 77 88  56.2 hPa 295°  8 kt 20120126.12
Part D: 88 99  55.1 hPa 195°  3 kt 20120126.12
Part D: 99 11  53.2 hPa 265°  5 kt 20120126.12
Part D: 11 22  50.4 hPa 345°  9 kt 20120126.12
Part D: 22 33  46.8 hPa 310°  7 kt 20120126.12
Part D: 33 44  45.1 hPa 325° 10 kt 20120126.12
Part D: 44 55  43.5 hPa 280°  7 kt 20120126.12
Part D: 55 66  40.5 hPa 190° 17 kt 20120126.12
Part D: 66 77  35.7 hPa 205°  9 kt 20120126.12
Part D: 77 88  34.5 hPa 100°  2 kt 20120126.12
Part D: 88 99  33.8 hPa  75°  6 kt 20120126.12
Part D: 99 11  31.9 hPa  65° 29 kt 20120126.12
Part D: 11 22  28.9 hPa  80° 37 kt 20120126.12
Part D: 22 33  28.4 hPa  80° 47 kt 20120126.12
Part D: 33 44  26.9 hPa  90° 42 kt 20120126.12
Part D: 44 55  23.2 hPa  85° 58 kt 20120126.12
Part D: 55 66  18.6 hPa  95° 72 kt 20120126.12
Part D: 66 77  14.8 hPa  95° 86 kt 20120126.12
Part D: 77 88  11.1 hPa 100° 79 kt 20120126.12
Part D: 88 99   9.9 hPa 105° 53 kt 20120126.12
Part D: 99 11   9.8 hPa 110° 46 kt 20120126.12
Part D: 11 22   9.5 hPa 105° 53 kt 20120126.12
Part D: 22 33   8.9 hPa  85° 15 kt 20120126.12
Part D: 33 44   8.8 hPa  85° 15 kt 20120126.12
Part A:       100.0 hPa 110° 75 kt 20120127.00
Part D: 11     96.6 hPa 115° 53 kt 20120127.00
Part D: 11 22  93.8 hPa 115° 23 kt 20120127.00
Part D: 22 33  91.5 hPa 165° 13 kt 20120127.00
Part D: 33 44  89.4 hPa 215° 16 kt 20120127.00
Part D: 44 55  87.5 hPa 245° 22 kt 20120127.00
Part D: 55 66  85.8 hPa 260° 24 kt 20120127.00
Part D: 66 77  82.0 hPa 290° 22 kt 20120127.00
Part D: 77 88  80.9 hPa 290° 26 kt 20120127.00
Part D: 88 99  79.8 hPa 285° 28 kt 20120127.00
Part D: 99 11  77.3 hPa 280° 22 kt 20120127.00
Part D: 11 22  76.1 hPa 280° 20 kt 20120127.00
Part D: 22 33  74.9 hPa 285° 17 kt 20120127.00
Part D: 33 44  73.9 hPa 280° 21 kt 20120127.00
Part D: 44 55  72.9 hPa 280° 24 kt 20120127.00
Part D: 55 66  72.1 hPa 285° 20 kt 20120127.00
Part D: 66 77  70.8 hPa 285° 16 kt 20120127.00
Part A:       100.0 hPa 130° 58 kt 20120127.12
Part D: 11     97.9 hPa 130° 59 kt 20120127.12
Part D: 11 22  94.7 hPa 135° 64 kt 20120127.12
Part D: 22 33  92.5 hPa 135° 64 kt 20120127.12
Part D: 33 44  90.1 hPa 130° 49 kt 20120127.12
Part D: 44 55  87.9 hPa 125° 30 kt 20120127.12
Part D: 55 66  86.8 hPa 125° 24 kt 20120127.12
Part D: 66 77  85.6 hPa 120° 18 kt 20120127.12
Part D: 77 88  82.9 hPa 130° 11 kt 20120127.12
Part D: 88 99  77.3 hPa  40°  5 kt 20120127.12
Part A:       100.0 hPa 125° 56 kt 20120128.00
Part C:        70.0 hPa 285° 14 kt 20120128.00
Part C:        50.0 hPa 155° 12 kt 20120128.00
Part C:        30.0 hPa  95° 37 kt 20120128.00
Part C:        20.0 hPa 100° 59 kt 20120128.00
Part C:        10.0 hPa  75° 68 kt 20120128.00
Part D: 11     92.8 hPa  95° 31 kt 20120128.00
Part D: 11 22  87.4 hPa  75° 26 kt 20120128.00
Part D: 22 33  72.5 hPa 270°  7 kt 20120128.00
Part D: 33 44  69.0 hPa 295° 14 kt 20120128.00
Part D: 44 55  67.0 hPa 285° 10 kt 20120128.00
Part D: 55 66  65.1 hPa 245°  6 kt 20120128.00
Part D: 66 77  63.2 hPa 325°  4 kt 20120128.00
Part D: 77 88  62.2 hPa 315°  5 kt 20120128.00
Part D: 88 99  58.3 hPa 195° 10 kt 20120128.00
Part D: 99 11  52.3 hPa 185°  8 kt 20120128.00
Part D: 11 22  50.8 hPa 160° 12 kt 20120128.00
Part D: 22 33  47.8 hPa 180°  4 kt 20120128.00
Part D: 33 44  46.4 hPa 125°  6 kt 20120128.00
Part D: 44 55  44.3 hPa  35°  4 kt 20120128.00
Part D: 55 66  43.0 hPa 340°  9 kt 20120128.00
Part D: 66 77  41.7 hPa  10° 11 kt 20120128.00
Part D: 77 88  40.5 hPa  30° 15 kt 20120128.00
Part D: 88 99  36.3 hPa  55° 23 kt 20120128.00
Part D: 99 11  32.6 hPa 100° 32 kt 20120128.00
Part D: 11 22  27.8 hPa  85° 38 kt 20120128.00
Part D: 22 33  26.1 hPa 100° 53 kt 20120128.00
Part D: 33 44  24.9 hPa  85° 57 kt 20120128.00
Part D: 44 55  22.4 hPa  85° 64 kt 20120128.00
Part D: 55 66  21.4 hPa  80° 54 kt 20120128.00
Part D: 66 77  19.3 hPa 105° 62 kt 20120128.00
Part D: 77 88  14.6 hPa  90° 77 kt 20120128.00
Part D: 88 99  12.0 hPa 100° 72 kt 20120128.00
Part D: 99 11   9.9 hPa  75° 67 kt 20120128.00
Part D: 11 22   9.4 hPa  80° 49 kt 20120128.00
Part D: 22 33   9.2 hPa  85° 52 kt 20120128.00
Part D: 33 44   8.3 hPa  65° 18 kt 20120128.00
Part D: 44 55   8.0 hPa 100° 17 kt 20120128.00
Part D: 55 66   7.6 hPa 105° 10 kt 20120128.00
Part A:       100.0 hPa  95° 55 kt 20120128.12
Part A:       100.0 hPa  90° 58 kt 20120129.12
Part C:        70.0 hPa 255°  6 kt 20120129.12
Part C:        50.0 hPa 350°  9 kt 20120129.12
Part C:        30.0 hPa  85° 32 kt 20120129.12
Part C:        20.0 hPa  80° 57 kt 20120129.12
Part C:        10.0 hPa  90° 59 kt 20120129.12
Part D: 11     96.1 hPa  95° 64 kt 20120129.12
Part D: 11 22  86.8 hPa 160°  8 kt 20120129.12
Part D: 22 33  63.6 hPa 170°  6 kt 20120129.12
Part D: 33 44  61.6 hPa 170°  7 kt 20120129.12
Part D: 44 55  59.7 hPa 165°  7 kt 20120129.12
Part D: 55 66  55.2 hPa  65°  7 kt 20120129.12
Part D: 66 77  52.6 hPa 360° 10 kt 20120129.12
Part D: 77 88  48.6 hPa 340°  9 kt 20120129.12
Part D: 88 99  40.8 hPa  15° 10 kt 20120129.12
Part D: 99 11  38.3 hPa 100° 10 kt 20120129.12
Part D: 11 22  36.5 hPa 140°  7 kt 20120129.12
Part D: 22 33  34.1 hPa 110° 20 kt 20120129.12
Part D: 33 44  33.0 hPa 130° 20 kt 20120129.12
Part D: 44 55  29.5 hPa  80° 34 kt 20120129.12
Part D: 55 66  26.4 hPa 100° 47 kt 20120129.12
Part D: 66 77  23.9 hPa  85° 61 kt 20120129.12
Part D: 77 88  11.8 hPa  95° 75 kt 20120129.12
Part D: 88 99  11.4 hPa  95° 78 kt 20120129.12
Part D: 99 11  11.1 hPa 100° 82 kt 20120129.12
Part D: 11 22  10.9 hPa  95° 88 kt 20120129.12
Part D: 22 33  10.4 hPa  95° 60 kt 20120129.12
Part D: 33 44   9.6 hPa  95° 46 kt 20120129.12
Part D: 44 55   9.3 hPa 105° 64 kt 20120129.12
Part D: 55 66   8.8 hPa 115° 49 kt 20120129.12
Part D: 66 77   8.6 hPa  85° 30 kt 20120129.12
Part D: 77 88   8.3 hPa 110° 41 kt 20120129.12
Part D: 88 99   7.6 hPa  90° 20 kt 20120129.12
Part D: 99 11   5.9 hPa  60° 26 kt 20120129.12
Part D: 11 22   5.5 hPa  60° 35 kt 20120129.12
Part A:       100.0 hPa 100° 60 kt 20120130.00
Part C:        70.0 hPa 340° 21 kt 20120130.00
Part C:        50.0 hPa 230° 13 kt 20120130.00
Part C:        30.0 hPa  85° 35 kt 20120130.00
Part C:        20.0 hPa  85° 61 kt 20120130.00
Part C:        10.0 hPa 105° 57 kt 20120130.00
Part D: 11     92.6 hPa 110° 26 kt 20120130.00
Part D: 11 22  86.0 hPa 360°  3 kt 20120130.00
Part D: 22 33  84.6 hPa 355°  6 kt 20120130.00
Part D: 33 44  83.1 hPa  15°  9 kt 20120130.00
Part D: 44 55  80.3 hPa   5° 11 kt 20120130.00
Part D: 55 66  75.1 hPa 340° 14 kt 20120130.00
Part D: 66 77  70.2 hPa 340° 22 kt 20120130.00
Part D: 77 88  68.0 hPa  15° 12 kt 20120130.00
Part D: 88 99  66.9 hPa  45° 12 kt 20120130.00
Part D: 99 11  63.7 hPa  15°  6 kt 20120130.00
Part D: 11 22  51.3 hPa 240°  8 kt 20120130.00
Part D: 22 33  35.6 hPa 130°  6 kt 20120130.00
Part D: 33 44  35.0 hPa  70°  6 kt 20120130.00
Part D: 44 55  34.5 hPa 100°  8 kt 20120130.00
Part D: 55 66  33.4 hPa  70° 18 kt 20120130.00
Part D: 66 77  32.4 hPa  70° 22 kt 20120130.00
Part D: 77 88  31.4 hPa  70° 30 kt 20120130.00
Part D: 88 99  29.9 hPa  85° 36 kt 20120130.00
Part D: 99 11  28.0 hPa 115° 44 kt 20120130.00
Part D: 11 22  26.2 hPa 100° 57 kt 20120130.00
Part D: 22 33  22.9 hPa  95° 71 kt 20120130.00
Part D: 33 44  11.2 hPa  95° 91 kt 20120130.00
Part D: 44 55  10.2 hPa 110° 59 kt 20120130.00
Part D: 55 66   8.9 hPa  95° 47 kt 20120130.00
Part D: 66 77   8.3 hPa 110° 47 kt 20120130.00
Part D: 77 88   8.2 hPa 125° 21 kt 20120130.00
Part D: 88 99   7.0 hPa 105° 17 kt 20120130.00
Part D: 99 11   6.8 hPa  95° 13 kt 20120130.00
Part D: 11 22   6.6 hPa 135° 15 kt 20120130.00
Part D: 22 33   6.1 hPa 145° 32 kt 20120130.00
Part D: 33 44   6.0 hPa 125° 31 kt 20120130.00
Part A:       100.0 hPa 115° 48 kt 20120130.12
Part C:        70.0 hPa  75° 23 kt 20120130.12
Part C:        50.0 hPa 270° 24 kt 20120130.12
Part C:        30.0 hPa  80° 38 kt 20120130.12
Part C:        20.0 hPa  95° 64 kt 20120130.12
Part C:        10.0 hPa 110° 46 kt 20120130.12
Part D: 11     93.1 hPa 140° 41 kt 20120130.12
Part D: 11 22  82.8 hPa 120° 18 kt 20120130.12
Part D: 22 33  80.0 hPa  65°  9 kt 20120130.12
Part D: 33 44  73.9 hPa  20° 20 kt 20120130.12
Part D: 44 55  67.3 hPa 105° 25 kt 20120130.12
Part D: 55 66  62.0 hPa  80° 13 kt 20120130.12
Part D: 66 77  57.8 hPa 180°  4 kt 20120130.12
Part D: 77 88  55.9 hPa 270°  6 kt 20120130.12
Part D: 88 99  52.1 hPa 270° 21 kt 20120130.12
Part D: 99 11  47.6 hPa 255° 22 kt 20120130.12
Part D: 11 22  42.6 hPa 305° 12 kt 20120130.12
Part D: 22 33  40.4 hPa 330° 12 kt 20120130.12
Part D: 33 44  39.0 hPa  25°  7 kt 20120130.12
Part D: 44 55  38.3 hPa  75° 10 kt 20120130.12
Part D: 55 66  35.1 hPa 125°  8 kt 20120130.12
Part D: 66 77  33.9 hPa  65° 11 kt 20120130.12
Part D: 77 88  29.3 hPa  90° 35 kt 20120130.12
Part D: 88 99  24.5 hPa  90° 67 kt 20120130.12
Part D: 99 11  14.7 hPa 100° 78 kt 20120130.12
Part D: 11 22  11.5 hPa 105° 92 kt 20120130.12
Part D: 22 33  11.3 hPa 110° 96 kt 20120130.12
Part D: 33 44  10.4 hPa 110° 70 kt 20120130.12
Part D: 44 55   9.5 hPa 110° 37 kt 20120130.12
Part D: 55 66   9.3 hPa  95° 47 kt 20120130.12
Part D: 66 77   8.5 hPa  85° 27 kt 20120130.12
Part D: 77 88   7.5 hPa  25° 37 kt 20120130.12
Part D: 88 99   6.8 hPa  40° 26 kt 20120130.12
Part D: 99 11   6.3 hPa  10° 22 kt 20120130.12
Part D: 11 22   5.5 hPa  10° 13 kt 20120130.12
Part D: 22 33   5.1 hPa  55° 27 kt 20120130.12
Part D: 33 44   4.7 hPa  50° 26 kt 20120130.12
Part D: 44 55   4.3 hPa  65° 30 kt 20120130.12
Part A:       100.0 hPa  95° 68 kt 20120131.00
Part C:        70.0 hPa  90° 15 kt 20120131.00
Part C:        50.0 hPa 280° 24 kt 20120131.00
Part C:        30.0 hPa 105° 43 kt 20120131.00
Part C:        20.0 hPa  95° 58 kt 20120131.00
Part C:        10.0 hPa  85° 58 kt 20120131.00
Part D: 11     90.4 hPa  90° 39 kt 20120131.00
Part D: 11 22  79.2 hPa  55° 33 kt 20120131.00
Part D: 22 33  76.8 hPa  35° 36 kt 20120131.00
Part D: 33 44  74.5 hPa  50° 37 kt 20120131.00
Part D: 44 55  68.9 hPa 105° 11 kt 20120131.00
Part D: 55 66  67.8 hPa 100° 10 kt 20120131.00
Part D: 66 77  65.7 hPa 255°  1 kt 20120131.00
Part D: 77 88  63.6 hPa 275° 20 kt 20120131.00
Part D: 88 99  60.8 hPa 270° 39 kt 20120131.00
Part D: 99 11  57.9 hPa 260° 44 kt 20120131.00
Part D: 11 22  49.2 hPa 290° 24 kt 20120131.00
Part D: 22 33  45.4 hPa 270° 12 kt 20120131.00
Part D: 33 44  44.7 hPa 305° 12 kt 20120131.00
Part D: 44 55  41.4 hPa 350°  6 kt 20120131.00
Part D: 55 66  40.8 hPa  90°  6 kt 20120131.00
Part D: 66 77  38.8 hPa 145° 16 kt 20120131.00
Part D: 77 88  35.7 hPa 100° 23 kt 20120131.00
Part D: 88 99  34.5 hPa  70° 21 kt 20120131.00
Part D: 99 11  32.3 hPa  65° 38 kt 20120131.00
Part D: 11 22  28.8 hPa 115° 52 kt 20120131.00
Part D: 22 33  27.0 hPa  95° 60 kt 20120131.00
Part D: 33 44  25.3 hPa 105° 66 kt 20120131.00
Part D: 44 55  23.9 hPa 100° 60 kt 20120131.00
Part D: 55 66  15.5 hPa  80° 65 kt 20120131.00
Part D: 66 77  14.4 hPa  80° 71 kt 20120131.00
Part D: 77 88  11.4 hPa  85° 67 kt 20120131.00
Part D: 88 99  11.2 hPa  90° 77 kt 20120131.00
Part D: 99 11  10.7 hPa  75° 63 kt 20120131.00
Part D: 11 22  10.2 hPa  80° 67 kt 20120131.00
Part D: 22 33   9.5 hPa  80° 37 kt 20120131.00
Part D: 33 44   8.7 hPa  70° 38 kt 20120131.00
Part D: 44 55   8.5 hPa  80° 35 kt 20120131.00
Part D: 55 66   7.9 hPa  60° 24 kt 20120131.00
Part D: 66 77   7.8 hPa  80° 29 kt 20120131.00
Part D: 77 88   7.3 hPa  55° 26 kt 20120131.00
Part D: 88 99   7.1 hPa  75° 24 kt 20120131.00
Part D: 99 11   6.8 hPa  70° 14 kt 20120131.00
Part D: 11 22   6.7 hPa  45° 15 kt 20120131.00
Part D: 22 33   6.5 hPa  85°  5 kt 20120131.00
Part D: 33 44   6.3 hPa  25°  7 kt 20120131.00
Part A:       100.0 hPa  85° 67 kt 20120131.12
Part C:        70.0 hPa 175° 24 kt 20120131.12
Part D: 11     97.6 hPa  90° 65 kt 20120131.12
Part D: 11 22  94.3 hPa  95° 63 kt 20120131.12
Part D: 22 33  92.6 hPa 100° 69 kt 20120131.12
Part D: 33 44  89.3 hPa  95° 53 kt 20120131.12
Part D: 44 55  87.4 hPa  95° 42 kt 20120131.12
Part D: 55 66  85.7 hPa  90° 33 kt 20120131.12
Part D: 66 77  84.0 hPa  90° 25 kt 20120131.12
Part D: 77 88  82.6 hPa  85° 26 kt 20120131.12
Part D: 88 99  81.2 hPa  75° 24 kt 20120131.12
Part D: 99 11  79.7 hPa  55° 26 kt 20120131.12
Part D: 11 22  76.8 hPa  75° 31 kt 20120131.12
Part D: 22 33  73.8 hPa 130° 20 kt 20120131.12
Part D: 33 44  71.2 hPa 170° 23 kt 20120131.12
Part D: 44 55  69.9 hPa 180° 24 kt 20120131.12
Part D: 55 66  68.5 hPa 190° 24 kt 20120131.12
Part D: 66 77  65.9 hPa 240° 15 kt 20120131.12
Part D: 77 88  64.8 hPa 250° 20 kt 20120131.12
Part D: 88 99  63.7 hPa 280° 23 kt 20120131.12
Part D: 99 11  62.8 hPa 280° 30 kt 20120131.12
Part D: 11 22  62.2 hPa 280° 33 kt 20120131.12
Interpoliere die QBO aus den RS Daten
 Jahr:        2012 Date:        1201
 Filepath: 
 ./qbo_data_new/qbo.dat
