Pararmeterliste beim QBO Aufruf:  -g -w -a 2006.06 --
2006.06
Kopiere RS Daten aus dem Archiv
 TTCC 51002 48698                                                                                                                                                                                                                                                
 8                                                                                                                                                                                                                                                
 TTCC 51111 48698                                                                                                                                                                                                                                                
 8                                                                                                                                                                                                                                                
 TTCC 52001 48698                                                                                                                                                                                                                                                
 8                                                                                                                                                                                                                                                
 TTCC 5211/ 48698 NIL=                                                                                                                                                                                                                                           
 =                                                                                                                                                                                                                                           
 TTCC 53001 48698                                                                                                                                                                                                                                                
 8                                                                                                                                                                                                                                                
 TTCC 5311/ 48698 NIL=                                                                                                                                                                                                                                           
 =                                                                                                                                                                                                                                           
 TTCC 54002 48698                                                                                                                                                                                                                                                
 8                                                                                                                                                                                                                                                
 TTCC 54115 48698                                                                                                                                                                                                                                                
 8                                                                                                                                                                                                                                                
 TTCC 55001 48698                                                                                                                                                                                                                                                
 8                                                                                                                                                                                                                                                
 TTCC 55121 48698 NIL=                                                                                                                                                                                                                                           
 =                                                                                                                                                                                                                                           
 TTCC 56002 48698                                                                                                                                                                                                                                                
 8                                                                                                                                                                                                                                                
 TTCC 56112 48698                                                                                                                                                                                                                                                
 8                                                                                                                                                                                                                                                
 TTCC 57001 48698                                                                                                                                                                                                                                                
 8                                                                                                                                                                                                                                                
 TTCC 5711/ 48698 NIL=                                                                                                                                                                                                                                           
 =                                                                                                                                                                                                                                           
 TTCC 58002 48698                                                                                                                                                                                                                                                
 8                                                                                                                                                                                                                                                
 TTCC 58113 48698                                                                                                                                                                                                                                                
 8                                                                                                                                                                                                                                                
 TTCC 59001 48698                                                                                                                                                                                                                                                
 8                                                                                                                                                                                                                                                
 TTCC 5912/ 48698 NIL=                                                                                                                                                                                                                                           
 =                                                                                                                                                                                                                                           
 TTCC 6000/ 48698 NIL=                                                                                                                                                                                                                                           
 =                                                                                                                                                                                                                                           
 TTCC  6012/ 48698 NIL=                                                                                                                                                                                                                                          
 =                                                                                                                                                                                                                                          
 TTCC 61003 48698                                                                                                                                                                                                                                                
 8                                                                                                                                                                                                                                                
 TTCC 6111/ 48698 NIL=                                                                                                                                                                                                                                           
 =                                                                                                                                                                                                                                           
 TTCC 62001 48698                                                                                                                                                                                                                                                
 8                                                                                                                                                                                                                                                
 TTCC 62127 48698                                                                                                                                                                                                                                                
 8                                                                                                                                                                                                                                                
 TTCC 63001 48698                                                                                                                                                                                                                                                
 8                                                                                                                                                                                                                                                
 TTCC 63112 48698                                                                                                                                                                                                                                                
 8                                                                                                                                                                                                                                                
 TTCC 64001 48698                                                                                                                                                                                                                                                
 8                                                                                                                                                                                                                                                
 TTCC 6412/ 48698 NIL=                                                                                                                                                                                                                                           
 =                                                                                                                                                                                                                                           
 TTCC 6500/ 48698 NIL=                                                                                                                                                                                                                                           
 =                                                                                                                                                                                                                                           
 TTCC 6511/ 48698 NIL=                                                                                                                                                                                                                                           
 =                                                                                                                                                                                                                                           
 TTCC 66001 48698                                                                                                                                                                                                                                                
 8                                                                                                                                                                                                                                                
 TTCC 66113 48698                                                                                                                                                                                                                                                
 8                                                                                                                                                                                                                                                
 TTCC 67003 48698                                                                                                                                                                                                                                                
 8                                                                                                                                                                                                                                                
 TTCC 6711/ 48698 NIL=                                                                                                                                                                                                                                           
 =                                                                                                                                                                                                                                           
 TTCC 68003 48698                                                                                                                                                                                                                                                
 8                                                                                                                                                                                                                                                
 TTCC 6811/ 48698 NIL=                                                                                                                                                                                                                                           
 =                                                                                                                                                                                                                                           
 TTCC 6900/ 48698 NIL=                                                                                                                                                                                                                                           
 =                                                                                                                                                                                                                                           
 TTCC 6912/ 48698 NIL=                                                                                                                                                                                                                                           
 =                                                                                                                                                                                                                                           
 TTCC 70003 48698                                                                                                                                                                                                                                                
 8                                                                                                                                                                                                                                                
 TTCC 7011/ 48698 NIL=                                                                                                                                                                                                                                           
 =                                                                                                                                                                                                                                           
 TTCC 7100/ 48698 NIL=                                                                                                                                                                                                                                           
 =                                                                                                                                                                                                                                           
 TTCC 7111/ 48698 NIL=                                                                                                                                                                                                                                           
 =                                                                                                                                                                                                                                           
 TTCC 72003 48698                                                                                                                                                                                                                                                
 8                                                                                                                                                                                                                                                
 TTCC 7211/ 48698 NIL=                                                                                                                                                                                                                                           
 =                                                                                                                                                                                                                                           
 TTCC 73005 48698                                                                                                                                                                                                                                                
 8                                                                                                                                                                                                                                                
 TTCC 7311/ 48698                                                                                                                                                                                                                                                
 8                                                                                                                                                                                                                                                
 TTCC 74001 48698                                                                                                                                                                                                                                                
 8                                                                                                                                                                                                                                                
 TTCC 7412/ 48698 NIL=                                                                                                                                                                                                                                           
 =                                                                                                                                                                                                                                           
 TTCC 75001 48698                                                                                                                                                                                                                                                
 8                                                                                                                                                                                                                                                
 TTCC 7511/ 48698 NIL=                                                                                                                                                                                                                                           
 =                                                                                                                                                                                                                                           
 TTCC 76001 48698                                                                                                                                                                                                                                                
 8                                                                                                                                                                                                                                                
 TTCC 7611/ 48698 NIL=                                                                                                                                                                                                                                           
 =                                                                                                                                                                                                                                           
 TTCC 7700/ 48698                                                                                                                                                                                                                                                
 8                                                                                                                                                                                                                                                
 TTCC 7711/ 48698 NIL=                                                                                                                                                                                                                                           
 =                                                                                                                                                                                                                                           
 TTCC 78001 48698                                                                                                                                                                                                                                                
 8                                                                                                                                                                                                                                                
 TTCC 78111 48698                                                                                                                                                                                                                                                
 8                                                                                                                                                                                                                                                
 TTCC 79001 48698                                                                                                                                                                                                                                                
 8                                                                                                                                                                                                                                                
 TTCC 79111 48698                                                                                                                                                                                                                                                
 8                                                                                                                                                                                                                                                
 TTCC 80005 48698                                                                                                                                                                                                                                                
 8                                                                                                                                                                                                                                                
 TTCC 80113 48698                                                                                                                                                                                                                                                
 8                                                                                                                                                                                                                                                
Parse RS Daten
Part A:       100.0 hPa 145° 10 kt 20060601.00
Part C:        70.0 hPa  75° 30 kt 20060601.00
Part C:        50.0 hPa 255° 16 kt 20060601.00
Part C:        30.0 hPa 250° 34 kt 20060601.00
Part C:        20.0 hPa 230° 24 kt 20060601.00
Part D: 11     92.0 hPa  70° 21 kt 20060601.00
Part D: 11 22  88.9 hPa  70° 27 kt 20060601.00
Part D: 22 33  84.7 hPa  80° 23 kt 20060601.00
Part D: 33 44  78.3 hPa 160° 10 kt 20060601.00
Part D: 44 55  76.2 hPa 110°  6 kt 20060601.00
Part D: 55 66  74.5 hPa  65° 11 kt 20060601.00
Part D: 66 77  71.3 hPa  65° 28 kt 20060601.00
Part D: 77 88  68.9 hPa  80° 33 kt 20060601.00
Part D: 88 99  60.4 hPa  80° 44 kt 20060601.00
Part D: 99 11  56.6 hPa  80° 39 kt 20060601.00
Part D: 11 22  54.4 hPa  95° 21 kt 20060601.00
Part D: 22 33  52.2 hPa 145° 14 kt 20060601.00
Part D: 33 44  51.3 hPa 190° 10 kt 20060601.00
Part D: 44 55  50.1 hPa 255° 15 kt 20060601.00
Part D: 55 66  49.2 hPa 270° 24 kt 20060601.00
Part D: 66 77  46.8 hPa 260° 39 kt 20060601.00
Part D: 77 88  45.8 hPa 265° 42 kt 20060601.00
Part D: 88 99  43.3 hPa 270° 24 kt 20060601.00
Part D: 99 11  39.1 hPa 255° 33 kt 20060601.00
Part D: 11 22  37.6 hPa 270° 35 kt 20060601.00
Part D: 22 33  35.8 hPa 285° 23 kt 20060601.00
Part D: 33 44  33.9 hPa 320° 10 kt 20060601.00
Part D: 44 55  33.1 hPa 305°  3 kt 20060601.00
Part D: 55 66  32.3 hPa 255° 11 kt 20060601.00
Part D: 66 77  29.7 hPa 250° 35 kt 20060601.00
Part D: 77 88  26.5 hPa 270° 25 kt 20060601.00
Part D: 88 99  24.4 hPa 260° 39 kt 20060601.00
Part D: 99 11  23.2 hPa 265° 19 kt 20060601.00
Part D: 11 22  21.5 hPa 260° 25 kt 20060601.00
Part D: 22 33  20.6 hPa 235° 21 kt 20060601.00
Part D: 33 44  18.8 hPa 235° 35 kt 20060601.00
Part D: 44 55  15.8 hPa 270° 34 kt 20060601.00
Part D: 55 66  13.2 hPa 270° 12 kt 20060601.00
Part D: 66 77  11.6 hPa 255°  2 kt 20060601.00
Part D: 77 88  10.8 hPa  75°  9 kt 20060601.00
Part D: 88 99  10.3 hPa  75° 18 kt 20060601.00
Part D: 99 11  10.2 hPa  85° 16 kt 20060601.00
Part A:       100.0 hPa  65° 13 kt 20060601.12
Part C:        70.0 hPa  55° 29 kt 20060601.12
Part C:        50.0 hPa 275° 36 kt 20060601.12
Part C:        30.0 hPa 250° 42 kt 20060601.12
Part C:        20.0 hPa 260° 32 kt 20060601.12
Part C:        10.0 hPa 180°  9 kt 20060601.12
Part D: 11     93.4 hPa  50° 21 kt 20060601.12
Part D: 11 22  88.1 hPa  70° 31 kt 20060601.12
Part D: 22 33  86.8 hPa  75° 30 kt 20060601.12
Part D: 33 44  82.1 hPa 135° 19 kt 20060601.12
Part D: 44 55  79.6 hPa 155° 15 kt 20060601.12
Part D: 55 66  78.5 hPa 150° 12 kt 20060601.12
Part D: 66 77  74.9 hPa 115°  8 kt 20060601.12
Part D: 77 88  73.0 hPa  55° 14 kt 20060601.12
Part D: 88 99  71.2 hPa  50° 22 kt 20060601.12
Part D: 99 11  67.4 hPa  65° 44 kt 20060601.12
Part D: 11 22  62.2 hPa  80° 49 kt 20060601.12
Part D: 22 33  60.9 hPa  90° 48 kt 20060601.12
Part D: 33 44  57.8 hPa  85° 44 kt 20060601.12
Part D: 44 55  54.4 hPa 130° 17 kt 20060601.12
Part D: 55 66  53.3 hPa 185° 10 kt 20060601.12
Part D: 66 77  53.2 hPa 195°  9 kt 20060601.12
Part D: 77 88  52.3 hPa 255° 16 kt 20060601.12
Part D: 88 99  47.7 hPa 285° 47 kt 20060601.12
Part D: 99 11  41.8 hPa 280° 20 kt 20060601.12
Part D: 11 22  40.7 hPa 295° 13 kt 20060601.12
Part D: 22 33  38.5 hPa 255° 30 kt 20060601.12
Part D: 33 44  37.2 hPa 270° 21 kt 20060601.12
Part D: 44 55  35.9 hPa 265° 12 kt 20060601.12
Part D: 55 66  34.2 hPa 215°  7 kt 20060601.12
Part D: 66 77  33.6 hPa 200° 10 kt 20060601.12
Part D: 77 88  32.5 hPa 185° 12 kt 20060601.12
Part D: 88 99  32.1 hPa 205° 13 kt 20060601.12
Part D: 99 11  31.6 hPa 235° 21 kt 20060601.12
Part D: 11 22  29.8 hPa 250° 42 kt 20060601.12
Part D: 22 33  28.1 hPa 260° 31 kt 20060601.12
Part D: 33 44  26.9 hPa 265° 44 kt 20060601.12
Part D: 44 55  25.5 hPa 275° 43 kt 20060601.12
Part D: 55 66  23.3 hPa 270° 41 kt 20060601.12
Part D: 66 77  21.0 hPa 265° 25 kt 20060601.12
Part D: 77 88  20.4 hPa 255° 31 kt 20060601.12
Part D: 88 99  18.5 hPa 265° 37 kt 20060601.12
Part D: 99 11  16.9 hPa 265° 35 kt 20060601.12
Part D: 11 22  15.3 hPa 280° 24 kt 20060601.12
Part D: 22 33  13.9 hPa 330° 15 kt 20060601.12
Part D: 33 44  13.3 hPa 335°  5 kt 20060601.12
Part D: 44 55  11.5 hPa 230° 10 kt 20060601.12
Part D: 55 66  10.9 hPa 185°  2 kt 20060601.12
Part D: 66 77   9.2 hPa 130° 16 kt 20060601.12
Part D: 77 88   8.4 hPa 110° 12 kt 20060601.12
Part D: 88 99   8.1 hPa  60°  7 kt 20060601.12
Part D: 99 11   7.9 hPa  75° 10 kt 20060601.12
Part D: 11 22   7.8 hPa  90° 15 kt 20060601.12
Part D: 22 33   7.1 hPa 100° 25 kt 20060601.12
Part D: 33 44   6.6 hPa 110°  9 kt 20060601.12
Part D: 44 55   6.4 hPa 105° 16 kt 20060601.12
Part A:       100.0 hPa  30° 12 kt 20060602.00
Part C:        70.0 hPa 105° 31 kt 20060602.00
Part C:        50.0 hPa 295° 29 kt 20060602.00
Part C:        30.0 hPa 285° 41 kt 20060602.00
Part C:        20.0 hPa 270° 27 kt 20060602.00
Part C:        10.0 hPa 250° 20 kt 20060602.00
Part D: 11     94.6 hPa  35° 20 kt 20060602.00
Part D: 11 22  88.3 hPa 110° 12 kt 20060602.00
Part D: 22 33  86.2 hPa  90°  8 kt 20060602.00
Part D: 33 44  84.2 hPa  60° 12 kt 20060602.00
Part D: 44 55  76.4 hPa  40° 25 kt 20060602.00
Part D: 55 66  73.1 hPa  65° 36 kt 20060602.00
Part D: 66 77  69.1 hPa 115° 29 kt 20060602.00
Part D: 77 88  65.5 hPa 100° 30 kt 20060602.00
Part D: 88 99  62.4 hPa  85° 45 kt 20060602.00
Part D: 99 11  58.7 hPa 130° 22 kt 20060602.00
Part D: 11 22  57.4 hPa 160° 14 kt 20060602.00
Part D: 22 33  56.5 hPa 205°  9 kt 20060602.00
Part D: 33 44  56.1 hPa 220° 10 kt 20060602.00
Part D: 44 55  54.7 hPa 260° 18 kt 20060602.00
Part D: 55 66  50.9 hPa 290° 30 kt 20060602.00
Part D: 66 77  45.2 hPa 320° 12 kt 20060602.00
Part D: 77 88  44.8 hPa 315° 10 kt 20060602.00
Part D: 88 99  42.9 hPa 255° 18 kt 20060602.00
Part D: 99 11  40.7 hPa 240° 23 kt 20060602.00
Part D: 11 22  37.5 hPa 255° 41 kt 20060602.00
Part D: 22 33  35.4 hPa 260° 22 kt 20060602.00
Part D: 33 44  34.8 hPa 250° 16 kt 20060602.00
Part D: 44 55  34.2 hPa 245° 20 kt 20060602.00
Part D: 55 66  30.6 hPa 275° 43 kt 20060602.00
Part D: 66 77  29.8 hPa 290° 40 kt 20060602.00
Part D: 77 88  27.6 hPa 295° 38 kt 20060602.00
Part D: 88 99  25.7 hPa 275° 37 kt 20060602.00
Part D: 99 11  24.5 hPa 290° 22 kt 20060602.00
Part D: 11 22  21.7 hPa 260° 20 kt 20060602.00
Part D: 22 33  20.6 hPa 255° 26 kt 20060602.00
Part D: 33 44  18.8 hPa 290° 29 kt 20060602.00
Part D: 44 55  17.3 hPa 295° 35 kt 20060602.00
Part D: 55 66  15.7 hPa 310° 24 kt 20060602.00
Part D: 66 77  14.1 hPa  20°  6 kt 20060602.00
Part D: 77 88  13.8 hPa  70° 11 kt 20060602.00
Part D: 88 99  13.6 hPa  55°  4 kt 20060602.00
Part D: 99 11  13.5 hPa 330°  3 kt 20060602.00
Part D: 11 22  13.2 hPa 250° 11 kt 20060602.00
Part D: 22 33  13.0 hPa 250° 17 kt 20060602.00
Part D: 33 44  11.5 hPa 235° 15 kt 20060602.00
Part D: 44 55  11.3 hPa 205° 12 kt 20060602.00
Part D: 55 66  11.0 hPa 160° 11 kt 20060602.00
Part D: 66 77  10.9 hPa 155° 11 kt 20060602.00
Part D: 77 88  10.6 hPa 205° 13 kt 20060602.00
Part D: 88 99  10.0 hPa 250° 20 kt 20060602.00
Part D: 99 11   9.6 hPa 255° 21 kt 20060602.00
Part A:       100.0 hPa  45° 19 kt 20060603.00
Part C:        70.0 hPa 135° 28 kt 20060603.00
Part C:        50.0 hPa  20°  7 kt 20060603.00
Part C:        30.0 hPa 330° 15 kt 20060603.00
Part C:        20.0 hPa 255° 24 kt 20060603.00
Part C:        10.0 hPa 275° 23 kt 20060603.00
Part D: 11     91.7 hPa  40°  7 kt 20060603.00
Part D: 11 22  87.1 hPa  50° 11 kt 20060603.00
Part D: 22 33  85.4 hPa  80° 12 kt 20060603.00
Part D: 33 44  79.7 hPa  70° 21 kt 20060603.00
Part D: 44 55  70.8 hPa 130° 29 kt 20060603.00
Part D: 55 66  68.4 hPa 130° 24 kt 20060603.00
Part D: 66 77  66.5 hPa 110° 21 kt 20060603.00
Part D: 77 88  65.5 hPa 100° 26 kt 20060603.00
Part D: 88 99  63.7 hPa 105° 37 kt 20060603.00
Part D: 99 11  58.1 hPa  85°  9 kt 20060603.00
Part D: 11 22  57.3 hPa  35°  6 kt 20060603.00
Part D: 22 33  55.7 hPa 350° 11 kt 20060603.00
Part D: 33 44  54.5 hPa 350° 15 kt 20060603.00
Part D: 44 55  51.1 hPa 330°  8 kt 20060603.00
Part D: 55 66  47.7 hPa 100°  3 kt 20060603.00
Part D: 66 77  47.5 hPa 165°  2 kt 20060603.00
Part D: 77 88  46.2 hPa 260° 11 kt 20060603.00
Part D: 88 99  43.4 hPa 255° 28 kt 20060603.00
Part D: 99 11  39.4 hPa 280° 28 kt 20060603.00
Part D: 11 22  35.4 hPa 270° 44 kt 20060603.00
Part D: 22 33  33.6 hPa 285° 34 kt 20060603.00
Part D: 33 44  30.8 hPa 340° 17 kt 20060603.00
Part D: 44 55  30.0 hPa 330° 15 kt 20060603.00
Part D: 55 66  28.7 hPa 295° 25 kt 20060603.00
Part D: 66 77  26.1 hPa 335° 14 kt 20060603.00
Part D: 77 88  25.5 hPa 295°  8 kt 20060603.00
Part D: 88 99  24.8 hPa 255° 10 kt 20060603.00
Part D: 99 11  24.3 hPa 235° 13 kt 20060603.00
Part D: 11 22  23.0 hPa 255° 16 kt 20060603.00
Part D: 22 33  22.0 hPa 245° 23 kt 20060603.00
Part D: 33 44  20.6 hPa 260° 32 kt 20060603.00
Part D: 44 55  19.4 hPa 255° 21 kt 20060603.00
Part D: 55 66  18.6 hPa 210°  9 kt 20060603.00
Part D: 66 77  18.0 hPa 175° 10 kt 20060603.00
Part D: 77 88  17.8 hPa 165°  8 kt 20060603.00
Part D: 88 99  17.5 hPa 155° 10 kt 20060603.00
Part D: 99 11  17.3 hPa 160° 12 kt 20060603.00
Part D: 11 22  16.8 hPa 215° 17 kt 20060603.00
Part D: 22 33  16.4 hPa 210° 20 kt 20060603.00
Part D: 33 44  14.9 hPa 240° 44 kt 20060603.00
Part D: 44 55  13.2 hPa 265° 46 kt 20060603.00
Part D: 55 66  12.7 hPa 275° 41 kt 20060603.00
Part D: 66 77  11.6 hPa 285° 24 kt 20060603.00
Part D: 77 88   9.8 hPa 275° 21 kt 20060603.00
Part D: 88 99   9.6 hPa 275° 22 kt 20060603.00
Part A:       100.0 hPa  70° 19 kt 20060604.00
Part C:        70.0 hPa 100° 31 kt 20060604.00
Part C:        50.0 hPa  85° 12 kt 20060604.00
Part C:        30.0 hPa 270° 24 kt 20060604.00
Part C:        20.0 hPa 280° 39 kt 20060604.00
Part D: 11     97.5 hPa  90° 17 kt 20060604.00
Part D: 11 22  94.7 hPa 115° 17 kt 20060604.00
Part D: 22 33  89.6 hPa  90° 21 kt 20060604.00
Part D: 33 44  79.8 hPa 130° 19 kt 20060604.00
Part D: 44 55  73.8 hPa 115° 35 kt 20060604.00
Part D: 55 66  72.1 hPa 115° 32 kt 20060604.00
Part D: 66 77  68.4 hPa  90° 33 kt 20060604.00
Part D: 77 88  63.7 hPa 115° 27 kt 20060604.00
Part D: 88 99  61.6 hPa 110° 25 kt 20060604.00
Part D: 99 11  59.3 hPa  60° 16 kt 20060604.00
Part D: 11 22  58.3 hPa  30° 18 kt 20060604.00
Part D: 22 33  56.5 hPa  15° 27 kt 20060604.00
Part D: 33 44  53.5 hPa  25° 25 kt 20060604.00
Part D: 44 55  51.5 hPa  60° 24 kt 20060604.00
Part D: 55 66  49.8 hPa  90° 10 kt 20060604.00
Part D: 66 77  49.1 hPa 150°  5 kt 20060604.00
Part D: 77 88  47.9 hPa 225° 10 kt 20060604.00
Part D: 88 99  45.9 hPa 250° 24 kt 20060604.00
Part D: 99 11  44.1 hPa 240° 12 kt 20060604.00
Part D: 11 22  41.1 hPa  20°  2 kt 20060604.00
Part D: 22 33  40.7 hPa 310°  2 kt 20060604.00
Part D: 33 44  40.0 hPa 235° 11 kt 20060604.00
Part D: 44 55  38.9 hPa 225° 18 kt 20060604.00
Part D: 55 66  36.9 hPa 240° 30 kt 20060604.00
Part D: 66 77  35.1 hPa 270° 24 kt 20060604.00
Part D: 77 88  32.7 hPa 275° 14 kt 20060604.00
Part D: 88 99  31.2 hPa 270° 38 kt 20060604.00
Part D: 99 11  27.2 hPa 245° 22 kt 20060604.00
Part D: 11 22  25.0 hPa 275° 32 kt 20060604.00
Part D: 22 33  21.0 hPa 285° 28 kt 20060604.00
Part D: 33 44  19.3 hPa 280° 43 kt 20060604.00
Part A:       100.0 hPa 115° 23 kt 20060604.12
Part C:        70.0 hPa 110°  6 kt 20060604.12
Part C:        50.0 hPa 285° 10 kt 20060604.12
Part D: 11     94.6 hPa 110° 23 kt 20060604.12
Part D: 11 22  90.7 hPa  80° 12 kt 20060604.12
Part D: 22 33  88.9 hPa  30° 10 kt 20060604.12
Part D: 33 44  77.3 hPa   0°  0 kt 20060604.12
Part D: 44 55  67.9 hPa 110° 12 kt 20060604.12
Part D: 55 66  63.5 hPa  95° 25 kt 20060604.12
Part D: 66 77  57.2 hPa 100° 38 kt 20060604.12
Part D: 77 88  56.1 hPa 100° 23 kt 20060604.12
Part D: 88 99  55.4 hPa  95° 22 kt 20060604.12
Part D: 99 11  52.6 hPa 200° 19 kt 20060604.12
Part D: 11 22  50.7 hPa 240° 10 kt 20060604.12
Part D: 22 33  50.4 hPa 260°  8 kt 20060604.12
Part D: 33 44  49.8 hPa 290° 12 kt 20060604.12
Part D: 44 55  48.9 hPa 325° 22 kt 20060604.12
Part D: 55 66  46.7 hPa 335° 10 kt 20060604.12
Part D: 66 77  45.5 hPa 285°  9 kt 20060604.12
Part A:       100.0 hPa 105° 14 kt 20060605.00
Part C:        70.0 hPa  90° 13 kt 20060605.00
Part C:        50.0 hPa 260° 15 kt 20060605.00
Part C:        30.0 hPa 275° 25 kt 20060605.00
Part C:        20.0 hPa 265° 37 kt 20060605.00
Part C:        10.0 hPa  75° 16 kt 20060605.00
Part D: 11     91.1 hPa  55° 10 kt 20060605.00
Part D: 11 22  90.9 hPa  50°  9 kt 20060605.00
Part D: 22 33  88.6 hPa  40° 17 kt 20060605.00
Part D: 33 44  86.2 hPa  50° 22 kt 20060605.00
Part D: 44 55  78.7 hPa 150° 17 kt 20060605.00
Part D: 55 66  76.1 hPa 155° 13 kt 20060605.00
Part D: 66 77  71.3 hPa  95° 10 kt 20060605.00
Part D: 77 88  67.8 hPa  75° 26 kt 20060605.00
Part D: 88 99  62.5 hPa  70° 45 kt 20060605.00
Part D: 99 11  58.8 hPa  80° 32 kt 20060605.00
Part D: 11 22  56.8 hPa 110° 16 kt 20060605.00
Part D: 22 33  56.3 hPa 125° 14 kt 20060605.00
Part D: 33 44  54.9 hPa 175° 14 kt 20060605.00
Part D: 44 55  52.3 hPa 185° 17 kt 20060605.00
Part D: 55 66  51.2 hPa 225° 11 kt 20060605.00
Part D: 66 77  50.5 hPa 255° 13 kt 20060605.00
Part D: 77 88  48.7 hPa 260° 12 kt 20060605.00
Part D: 88 99  46.1 hPa 175°  3 kt 20060605.00
Part D: 99 11  44.7 hPa 215° 10 kt 20060605.00
Part D: 11 22  42.3 hPa 255° 24 kt 20060605.00
Part D: 22 33  40.2 hPa 260° 42 kt 20060605.00
Part D: 33 44  37.0 hPa 280° 26 kt 20060605.00
Part D: 44 55  34.4 hPa 275° 18 kt 20060605.00
Part D: 55 66  32.1 hPa 250° 21 kt 20060605.00
Part D: 66 77  29.8 hPa 275° 24 kt 20060605.00
Part D: 77 88  27.4 hPa 285° 35 kt 20060605.00
Part D: 88 99  25.3 hPa 320° 24 kt 20060605.00
Part D: 99 11  24.0 hPa 305° 17 kt 20060605.00
Part D: 11 22  22.1 hPa 270° 34 kt 20060605.00
Part D: 22 33  20.8 hPa 270° 38 kt 20060605.00
Part D: 33 44  19.6 hPa 265° 36 kt 20060605.00
Part D: 44 55  17.6 hPa 285° 43 kt 20060605.00
Part D: 55 66  16.6 hPa 295° 28 kt 20060605.00
Part D: 66 77  15.9 hPa 320° 19 kt 20060605.00
Part D: 77 88  15.2 hPa 325° 12 kt 20060605.00
Part D: 88 99  14.7 hPa 290° 13 kt 20060605.00
Part D: 99 11  13.2 hPa 245°  9 kt 20060605.00
Part D: 11 22  11.8 hPa 110°  4 kt 20060605.00
Part D: 22 33  11.5 hPa  50° 10 kt 20060605.00
Part D: 33 44   9.7 hPa  75°  9 kt 20060605.00
Part A:       100.0 hPa 120° 23 kt 20060606.00
Part C:        70.0 hPa  65° 30 kt 20060606.00
Part C:        50.0 hPa 295°  3 kt 20060606.00
Part C:        30.0 hPa 265° 26 kt 20060606.00
Part C:        20.0 hPa 265° 36 kt 20060606.00
Part D: 11     95.9 hPa  55° 14 kt 20060606.00
Part D: 11 22  93.6 hPa  40° 11 kt 20060606.00
Part D: 22 33  88.8 hPa  70° 27 kt 20060606.00
Part D: 33 44  83.0 hPa  70°  4 kt 20060606.00
Part D: 44 55  82.2 hPa  45°  3 kt 20060606.00
Part D: 55 66  77.9 hPa  50° 18 kt 20060606.00
Part D: 66 77  63.7 hPa  80° 50 kt 20060606.00
Part D: 77 88  59.0 hPa  80° 27 kt 20060606.00
Part D: 88 99  52.8 hPa 110°  6 kt 20060606.00
Part D: 99 11  51.1 hPa 190°  1 kt 20060606.00
Part D: 11 22  48.2 hPa 235° 12 kt 20060606.00
Part D: 22 33  45.7 hPa 265° 31 kt 20060606.00
Part D: 33 44  44.5 hPa 260° 32 kt 20060606.00
Part D: 44 55  42.6 hPa 260° 21 kt 20060606.00
Part D: 55 66  40.5 hPa 290°  4 kt 20060606.00
Part D: 66 77  39.4 hPa 260° 14 kt 20060606.00
Part D: 77 88  38.7 hPa 255° 20 kt 20060606.00
Part D: 88 99  36.9 hPa 225°  5 kt 20060606.00
Part D: 99 11  36.1 hPa 235° 10 kt 20060606.00
Part D: 11 22  34.4 hPa 250° 27 kt 20060606.00
Part D: 22 33  31.8 hPa 240° 22 kt 20060606.00
Part D: 33 44  29.3 hPa 270° 29 kt 20060606.00
Part D: 44 55  28.7 hPa 280° 25 kt 20060606.00
Part D: 55 66  25.8 hPa 280° 13 kt 20060606.00
Part D: 66 77  24.6 hPa 275° 31 kt 20060606.00
Part D: 77 88  22.0 hPa 290° 40 kt 20060606.00
Part D: 88 99  17.8 hPa 245° 20 kt 20060606.00
Part D: 99 11  16.8 hPa 250° 33 kt 20060606.00
Part D: 11 22  15.5 hPa 255° 28 kt 20060606.00
Part D: 22 33  14.5 hPa 290° 22 kt 20060606.00
Part D: 33 44  13.8 hPa 285° 14 kt 20060606.00
Part D: 44 55  13.0 hPa 240° 19 kt 20060606.00
Part D: 55 66  12.3 hPa 230° 16 kt 20060606.00
Part D: 66 77  10.8 hPa 270°  7 kt 20060606.00
Part D: 77 88  10.1 hPa 325°  7 kt 20060606.00
Part A:       100.0 hPa  30° 25 kt 20060606.12
Part C:        70.0 hPa 130° 22 kt 20060606.12
Part C:        50.0 hPa 345°  8 kt 20060606.12
Part C:        30.0 hPa 275° 24 kt 20060606.12
Part C:        20.0 hPa 275° 25 kt 20060606.12
Part D: 11     95.2 hPa  25° 34 kt 20060606.12
Part D: 11 22  87.0 hPa  70° 29 kt 20060606.12
Part D: 22 33  81.4 hPa 135° 14 kt 20060606.12
Part D: 33 44  79.6 hPa 170°  9 kt 20060606.12
Part D: 44 55  78.4 hPa 190° 10 kt 20060606.12
Part D: 55 66  76.0 hPa 145° 13 kt 20060606.12
Part D: 66 77  69.4 hPa 130° 23 kt 20060606.12
Part D: 77 88  65.9 hPa 105° 34 kt 20060606.12
Part D: 88 99  60.8 hPa 100° 41 kt 20060606.12
Part D: 99 11  57.8 hPa  80° 49 kt 20060606.12
Part D: 11 22  54.6 hPa  90° 20 kt 20060606.12
Part D: 22 33  53.4 hPa  85° 19 kt 20060606.12
Part D: 33 44  49.8 hPa 335°  7 kt 20060606.12
Part D: 44 55  48.8 hPa 280° 13 kt 20060606.12
Part D: 55 66  47.6 hPa 270° 25 kt 20060606.12
Part D: 66 77  42.9 hPa 280° 32 kt 20060606.12
Part D: 77 88  40.9 hPa 305° 15 kt 20060606.12
Part D: 88 99  38.6 hPa 260° 20 kt 20060606.12
Part D: 99 11  38.0 hPa 260° 10 kt 20060606.12
Part D: 11 22  37.5 hPa 270°  6 kt 20060606.12
Part D: 22 33  37.0 hPa 285° 10 kt 20060606.12
Part D: 33 44  35.5 hPa 290° 29 kt 20060606.12
Part D: 44 55  32.7 hPa 270° 16 kt 20060606.12
Part D: 55 66  28.3 hPa 270° 19 kt 20060606.12
Part D: 66 77  27.3 hPa 235° 20 kt 20060606.12
Part D: 77 88  25.4 hPa 265° 31 kt 20060606.12
Part D: 88 99  24.2 hPa 290° 24 kt 20060606.12
Part D: 99 11  21.7 hPa 295° 20 kt 20060606.12
Part D: 11 22  20.7 hPa 280° 24 kt 20060606.12
Part D: 22 33  19.0 hPa 280° 17 kt 20060606.12
Part D: 33 44  17.3 hPa 270° 31 kt 20060606.12
Part A:       100.0 hPa  50° 12 kt 20060607.00
Part C:        70.0 hPa  75° 47 kt 20060607.00
Part C:        50.0 hPa  20° 10 kt 20060607.00
Part C:        30.0 hPa 270° 23 kt 20060607.00
Part C:        20.0 hPa 295° 29 kt 20060607.00
Part C:        10.0 hPa 255° 17 kt 20060607.00
Part D: 11     96.5 hPa  50° 23 kt 20060607.00
Part D: 11 22  89.8 hPa  85° 30 kt 20060607.00
Part D: 22 33  85.2 hPa  70° 14 kt 20060607.00
Part D: 33 44  83.5 hPa  40° 12 kt 20060607.00
Part D: 44 55  82.4 hPa  30° 12 kt 20060607.00
Part D: 55 66  78.4 hPa  75° 16 kt 20060607.00
Part D: 66 77  70.9 hPa  70° 44 kt 20060607.00
Part D: 77 88  69.0 hPa  80° 50 kt 20060607.00
Part D: 88 99  64.3 hPa 110° 44 kt 20060607.00
Part D: 99 11  61.9 hPa 105° 37 kt 20060607.00
Part D: 11 22  59.1 hPa  85° 48 kt 20060607.00
Part D: 22 33  58.2 hPa  80° 47 kt 20060607.00
Part D: 33 44  56.4 hPa  85° 34 kt 20060607.00
Part D: 44 55  55.1 hPa  55° 19 kt 20060607.00
Part D: 55 66  54.4 hPa  40° 20 kt 20060607.00
Part D: 66 77  51.6 hPa  30° 25 kt 20060607.00
Part D: 77 88  50.0 hPa  20° 10 kt 20060607.00
Part D: 88 99  49.6 hPa 340°  6 kt 20060607.00
Part D: 99 11  48.6 hPa 275° 10 kt 20060607.00
Part D: 11 22  45.0 hPa 255° 20 kt 20060607.00
Part D: 22 33  42.4 hPa 280°  1 kt 20060607.00
Part D: 33 44  40.0 hPa 265° 21 kt 20060607.00
Part D: 44 55  38.1 hPa 250°  6 kt 20060607.00
Part D: 55 66  37.8 hPa 270°  6 kt 20060607.00
Part D: 66 77  36.6 hPa 325° 11 kt 20060607.00
Part D: 77 88  35.4 hPa 280° 17 kt 20060607.00
Part D: 88 99  34.7 hPa 270° 24 kt 20060607.00
Part D: 99 11  33.2 hPa 255° 11 kt 20060607.00
Part D: 11 22  30.6 hPa 275° 25 kt 20060607.00
Part D: 22 33  27.6 hPa 245° 25 kt 20060607.00
Part D: 33 44  26.5 hPa 250° 36 kt 20060607.00
Part D: 44 55  24.2 hPa 245° 23 kt 20060607.00
Part D: 55 66  21.5 hPa 255° 32 kt 20060607.00
Part D: 66 77  19.9 hPa 295° 29 kt 20060607.00
Part D: 77 88  17.7 hPa 290° 34 kt 20060607.00
Part D: 88 99  16.8 hPa 295° 30 kt 20060607.00
Part D: 99 11  15.0 hPa 260° 19 kt 20060607.00
Part D: 11 22  13.1 hPa 255° 20 kt 20060607.00
Part D: 22 33  11.8 hPa 285° 33 kt 20060607.00
Part D: 33 44  10.8 hPa 285° 23 kt 20060607.00
Part D: 44 55  10.4 hPa 275° 15 kt 20060607.00
Part D: 55 66  10.0 hPa 255° 17 kt 20060607.00
Part D: 66 77   8.9 hPa 260° 14 kt 20060607.00
Part A:       100.0 hPa  90° 10 kt 20060608.00
Part C:        70.0 hPa  90° 46 kt 20060608.00
Part C:        50.0 hPa 250° 27 kt 20060608.00
Part C:        30.0 hPa 265° 18 kt 20060608.00
Part C:        20.0 hPa 270° 37 kt 20060608.00
Part D: 11     92.7 hPa  80° 30 kt 20060608.00
Part D: 11 22  91.0 hPa  80° 30 kt 20060608.00
Part D: 22 33  78.2 hPa 130° 31 kt 20060608.00
Part D: 33 44  75.3 hPa 100° 27 kt 20060608.00
Part D: 44 55  74.6 hPa  95° 28 kt 20060608.00
Part D: 55 66  68.0 hPa  95° 59 kt 20060608.00
Part D: 66 77  62.7 hPa  85° 65 kt 20060608.00
Part D: 77 88  57.7 hPa 115°  8 kt 20060608.00
Part D: 88 99  57.0 hPa 175°  4 kt 20060608.00
Part D: 99 11  55.5 hPa 250° 10 kt 20060608.00
Part D: 11 22  51.0 hPa 255° 31 kt 20060608.00
Part D: 22 33  47.9 hPa 240° 33 kt 20060608.00
Part D: 33 44  45.8 hPa 260° 29 kt 20060608.00
Part D: 44 55  43.3 hPa 245° 34 kt 20060608.00
Part D: 55 66  37.3 hPa 285° 20 kt 20060608.00
Part D: 66 77  35.9 hPa 255° 24 kt 20060608.00
Part D: 77 88  34.2 hPa 260° 12 kt 20060608.00
Part D: 88 99  32.6 hPa 255° 23 kt 20060608.00
Part D: 99 11  31.2 hPa 275° 25 kt 20060608.00
Part D: 11 22  30.0 hPa 265° 18 kt 20060608.00
Part D: 22 33  28.3 hPa 280° 24 kt 20060608.00
Part D: 33 44  27.1 hPa 315° 25 kt 20060608.00
Part D: 44 55  24.8 hPa 275° 19 kt 20060608.00
Part D: 55 66  21.8 hPa 290° 32 kt 20060608.00
Part D: 66 77  20.8 hPa 275° 26 kt 20060608.00
Part D: 77 88  19.6 hPa 270° 40 kt 20060608.00
Part D: 88 99  19.2 hPa 270° 40 kt 20060608.00
Part A:       100.0 hPa  95° 36 kt 20060608.12
Part C:        70.0 hPa  75° 42 kt 20060608.12
Part C:        50.0 hPa 245° 23 kt 20060608.12
Part C:        30.0 hPa 285° 20 kt 20060608.12
Part D: 11     91.9 hPa  80° 46 kt 20060608.12
Part D: 11 22  88.2 hPa  60° 42 kt 20060608.12
Part D: 22 33  79.3 hPa  85° 28 kt 20060608.12
Part D: 33 44  75.1 hPa  75° 24 kt 20060608.12
Part D: 44 55  71.7 hPa  70° 33 kt 20060608.12
Part D: 55 66  66.7 hPa  85° 55 kt 20060608.12
Part D: 66 77  62.5 hPa  85° 50 kt 20060608.12
Part D: 77 88  58.3 hPa 110°  5 kt 20060608.12
Part D: 88 99  57.7 hPa 150°  3 kt 20060608.12
Part D: 99 11  56.0 hPa 220° 12 kt 20060608.12
Part D: 11 22  50.8 hPa 250° 24 kt 20060608.12
Part D: 22 33  48.6 hPa 225° 24 kt 20060608.12
Part D: 33 44  45.2 hPa 260° 31 kt 20060608.12
Part D: 44 55  41.1 hPa 275° 46 kt 20060608.12
Part D: 55 66  39.3 hPa 270° 31 kt 20060608.12
Part D: 66 77  37.2 hPa 260° 29 kt 20060608.12
Part D: 77 88  34.7 hPa 270° 29 kt 20060608.12
Part D: 88 99  31.9 hPa 300° 21 kt 20060608.12
Part D: 99 11  31.3 hPa 290° 17 kt 20060608.12
Part D: 11 22  30.6 hPa 275° 20 kt 20060608.12
Part D: 22 33  28.8 hPa 320° 18 kt 20060608.12
Part A:       100.0 hPa  75° 44 kt 20060609.00
Part C:        70.0 hPa  65° 44 kt 20060609.00
Part C:        50.0 hPa 265° 39 kt 20060609.00
Part C:        30.0 hPa 285° 21 kt 20060609.00
Part C:        20.0 hPa 275° 45 kt 20060609.00
Part C:        10.0 hPa 275°  8 kt 20060609.00
Part D: 11     82.5 hPa  90° 27 kt 20060609.00
Part D: 11 22  71.2 hPa  65° 46 kt 20060609.00
Part D: 22 33  68.4 hPa  75° 46 kt 20060609.00
Part D: 33 44  64.1 hPa 125° 41 kt 20060609.00
Part D: 44 55  59.8 hPa 120° 15 kt 20060609.00
Part D: 55 66  57.9 hPa 155°  5 kt 20060609.00
Part D: 66 77  57.8 hPa 160°  5 kt 20060609.00
Part D: 77 88  55.3 hPa 265° 13 kt 20060609.00
Part D: 88 99  53.4 hPa 275° 18 kt 20060609.00
Part D: 99 11  52.0 hPa 260° 19 kt 20060609.00
Part D: 11 22  47.7 hPa 265° 46 kt 20060609.00
Part D: 22 33  46.3 hPa 260° 42 kt 20060609.00
Part D: 33 44  41.8 hPa 330° 24 kt 20060609.00
Part D: 44 55  41.3 hPa 325° 21 kt 20060609.00
Part D: 55 66  39.8 hPa 290° 20 kt 20060609.00
Part D: 66 77  37.2 hPa 285° 23 kt 20060609.00
Part D: 77 88  36.1 hPa 260° 22 kt 20060609.00
Part D: 88 99  32.8 hPa 285° 16 kt 20060609.00
Part D: 99 11  31.3 hPa 325° 10 kt 20060609.00
Part D: 11 22  30.4 hPa 285° 16 kt 20060609.00
Part D: 22 33  30.0 hPa 285° 21 kt 20060609.00
Part D: 33 44  28.7 hPa 290°  8 kt 20060609.00
Part D: 44 55  28.7 hPa 290°  8 kt 20060609.00
Part D: 55 66  27.2 hPa 265° 21 kt 20060609.00
Part D: 66 77  25.6 hPa 265° 37 kt 20060609.00
Part D: 77 88  20.7 hPa 270° 46 kt 20060609.00
Part D: 88 99  19.0 hPa 275° 40 kt 20060609.00
Part D: 99 11  18.2 hPa 265° 35 kt 20060609.00
Part D: 11 22  17.1 hPa 255° 39 kt 20060609.00
Part D: 22 33  14.8 hPa 280° 46 kt 20060609.00
Part D: 33 44  12.9 hPa 300° 21 kt 20060609.00
Part D: 44 55  11.8 hPa 280° 14 kt 20060609.00
Part D: 55 66  11.5 hPa 250° 16 kt 20060609.00
Part D: 66 77  10.9 hPa 235° 16 kt 20060609.00
Part D: 77 88  10.5 hPa 255° 19 kt 20060609.00
Part D: 88 99   9.8 hPa 295°  3 kt 20060609.00
Part D: 99 11   9.8 hPa 355°  3 kt 20060609.00
Part D: 11 22   9.1 hPa  65° 16 kt 20060609.00
Part D: 22 33   9.1 hPa  65° 17 kt 20060609.00
Part D: 33 44   8.4 hPa  35° 10 kt 20060609.00
Part A:       100.0 hPa  90° 17 kt 20060611.00
Part C:        70.0 hPa 105° 33 kt 20060611.00
Part C:        50.0 hPa 255° 26 kt 20060611.00
Part C:        30.0 hPa 285° 43 kt 20060611.00
Part D: 11     97.4 hPa  60° 11 kt 20060611.00
Part D: 11 22  96.4 hPa  50° 12 kt 20060611.00
Part D: 22 33  89.8 hPa  55° 29 kt 20060611.00
Part D: 33 44  86.1 hPa  45° 31 kt 20060611.00
Part D: 44 55  83.9 hPa  50° 38 kt 20060611.00
Part D: 55 66  82.8 hPa  65° 42 kt 20060611.00
Part D: 66 77  80.6 hPa  90° 35 kt 20060611.00
Part D: 77 88  74.2 hPa 100° 28 kt 20060611.00
Part D: 88 99  67.1 hPa 110° 41 kt 20060611.00
Part D: 99 11  65.9 hPa 115° 39 kt 20060611.00
Part D: 11 22  61.2 hPa  80°  8 kt 20060611.00
Part D: 22 33  60.7 hPa 150°  4 kt 20060611.00
Part D: 33 44  60.0 hPa 240° 11 kt 20060611.00
Part D: 44 55  57.8 hPa 245° 21 kt 20060611.00
Part D: 55 66  55.8 hPa 255° 19 kt 20060611.00
Part D: 66 77  54.9 hPa 245° 17 kt 20060611.00
Part D: 77 88  53.4 hPa 230° 20 kt 20060611.00
Part D: 88 99  51.7 hPa 230° 18 kt 20060611.00
Part D: 99 11  50.4 hPa 255° 23 kt 20060611.00
Part D: 11 22  47.9 hPa 245° 29 kt 20060611.00
Part D: 22 33  46.6 hPa 260° 33 kt 20060611.00
Part D: 33 44  43.3 hPa 270° 20 kt 20060611.00
Part D: 44 55  42.2 hPa 265° 19 kt 20060611.00
Part D: 55 66  41.4 hPa 240° 17 kt 20060611.00
Part D: 66 77  39.0 hPa 215°  3 kt 20060611.00
Part D: 77 88  36.1 hPa 225° 10 kt 20060611.00
Part D: 88 99  35.7 hPa 250° 17 kt 20060611.00
Part D: 99 11  30.5 hPa 285° 44 kt 20060611.00
Part D: 11 22  27.5 hPa 295° 22 kt 20060611.00
Part A:       100.0 hPa 105° 31 kt 20060612.00
Part C:        70.0 hPa  80° 20 kt 20060612.00
Part C:        50.0 hPa 295° 21 kt 20060612.00
Part C:        30.0 hPa 300° 18 kt 20060612.00
Part C:        20.0 hPa 280° 39 kt 20060612.00
Part C:        10.0 hPa  75° 23 kt 20060612.00
Part D: 11     94.7 hPa 120° 12 kt 20060612.00
Part D: 11 22  91.2 hPa  85° 13 kt 20060612.00
Part D: 22 33  86.7 hPa 140° 22 kt 20060612.00
Part D: 33 44  85.2 hPa 145° 26 kt 20060612.00
Part D: 44 55  79.7 hPa 125° 15 kt 20060612.00
Part D: 55 66  76.7 hPa  90° 12 kt 20060612.00
Part D: 66 77  75.5 hPa  75° 15 kt 20060612.00
Part D: 77 88  65.5 hPa  70° 32 kt 20060612.00
Part D: 88 99  62.0 hPa  75° 11 kt 20060612.00
Part D: 99 11  60.7 hPa  25°  5 kt 20060612.00
Part D: 11 22  59.3 hPa 290° 10 kt 20060612.00
Part D: 22 33  55.0 hPa 280° 25 kt 20060612.00
Part D: 33 44  51.5 hPa 275° 20 kt 20060612.00
Part D: 44 55  50.0 hPa 295° 21 kt 20060612.00
Part D: 55 66  48.2 hPa 290° 25 kt 20060612.00
Part D: 66 77  46.2 hPa 325° 19 kt 20060612.00
Part D: 77 88  44.9 hPa 325° 17 kt 20060612.00
Part D: 88 99  43.7 hPa 295° 12 kt 20060612.00
Part D: 99 11  42.6 hPa 315°  9 kt 20060612.00
Part D: 11 22  40.8 hPa  20°  8 kt 20060612.00
Part D: 22 33  38.5 hPa 190°  3 kt 20060612.00
Part D: 33 44  36.7 hPa 250° 13 kt 20060612.00
Part D: 44 55  34.7 hPa 275° 27 kt 20060612.00
Part D: 55 66  33.9 hPa 280° 24 kt 20060612.00
Part D: 66 77  31.9 hPa 280° 20 kt 20060612.00
Part D: 77 88  30.1 hPa 300° 19 kt 20060612.00
Part D: 88 99  29.5 hPa 295° 16 kt 20060612.00
Part D: 99 11  29.1 hPa 280° 15 kt 20060612.00
Part D: 11 22  28.2 hPa 255° 20 kt 20060612.00
Part D: 22 33  25.9 hPa 245° 27 kt 20060612.00
Part D: 33 44  21.0 hPa 275° 41 kt 20060612.00
Part D: 44 55  19.4 hPa 285° 38 kt 20060612.00
Part D: 55 66  18.0 hPa 275° 33 kt 20060612.00
Part D: 66 77  14.8 hPa 295° 25 kt 20060612.00
Part D: 77 88  13.6 hPa 270° 18 kt 20060612.00
Part D: 88 99  12.7 hPa 265° 13 kt 20060612.00
Part D: 99 11  12.3 hPa 280° 11 kt 20060612.00
Part D: 11 22  12.1 hPa 315° 15 kt 20060612.00
Part D: 22 33  10.8 hPa  10°  7 kt 20060612.00
Part D: 33 44  10.7 hPa  30°  8 kt 20060612.00
Part D: 44 55  10.3 hPa  70° 19 kt 20060612.00
Part D: 55 66  10.1 hPa  70° 23 kt 20060612.00
Part D: 66 77   9.5 hPa  60°  9 kt 20060612.00
Part A:       100.0 hPa  80° 26 kt 20060612.12
Part C:        70.0 hPa  50° 21 kt 20060612.12
Part D: 11     93.6 hPa 145° 24 kt 20060612.12
Part D: 11 22  85.9 hPa 130° 22 kt 20060612.12
Part D: 22 33  83.2 hPa 135° 14 kt 20060612.12
Part D: 33 44  78.4 hPa  70°  9 kt 20060612.12
Part D: 44 55  78.1 hPa  60°  9 kt 20060612.12
Part D: 55 66  76.2 hPa  25° 11 kt 20060612.12
Part D: 66 77  64.6 hPa  70° 37 kt 20060612.12
Part D: 77 88  60.9 hPa  90° 14 kt 20060612.12
Part A:       100.0 hPa 145° 13 kt 20060613.00
Part C:        70.0 hPa  90° 35 kt 20060613.00
Part C:        50.0 hPa  80° 16 kt 20060613.00
Part C:        30.0 hPa 265° 19 kt 20060613.00
Part C:        20.0 hPa 270° 38 kt 20060613.00
Part C:        10.0 hPa 270° 13 kt 20060613.00
Part D: 11     93.8 hPa 115°  2 kt 20060613.00
Part D: 11 22  91.1 hPa 340° 10 kt 20060613.00
Part D: 22 33  87.9 hPa  25° 10 kt 20060613.00
Part D: 33 44  85.8 hPa  40° 12 kt 20060613.00
Part D: 44 55  82.5 hPa   5° 12 kt 20060613.00
Part D: 55 66  77.0 hPa  15° 14 kt 20060613.00
Part D: 66 77  72.7 hPa  65° 17 kt 20060613.00
Part D: 77 88  71.9 hPa  75° 21 kt 20060613.00
Part D: 88 99  69.6 hPa  90° 37 kt 20060613.00
Part D: 99 11  64.5 hPa 115° 40 kt 20060613.00
Part D: 11 22  61.1 hPa  90° 16 kt 20060613.00
Part D: 22 33  59.2 hPa  50° 11 kt 20060613.00
Part D: 33 44  58.2 hPa  15° 10 kt 20060613.00
Part D: 44 55  57.4 hPa 350° 10 kt 20060613.00
Part D: 55 66  54.7 hPa 325° 13 kt 20060613.00
Part D: 66 77  51.6 hPa  10°  9 kt 20060613.00
Part D: 77 88  47.3 hPa 185° 17 kt 20060613.00
Part D: 88 99  45.4 hPa 215° 24 kt 20060613.00
Part D: 99 11  43.4 hPa 215° 14 kt 20060613.00
Part D: 11 22  42.6 hPa 245° 20 kt 20060613.00
Part D: 22 33  40.2 hPa 245° 19 kt 20060613.00
Part D: 33 44  38.8 hPa 275° 24 kt 20060613.00
Part D: 44 55  37.4 hPa 250° 21 kt 20060613.00
Part D: 55 66  33.8 hPa 280° 20 kt 20060613.00
Part D: 66 77  31.7 hPa 270° 29 kt 20060613.00
Part D: 77 88  29.7 hPa 270° 18 kt 20060613.00
Part D: 88 99  28.7 hPa 280° 23 kt 20060613.00
Part D: 99 11  27.7 hPa 255° 28 kt 20060613.00
Part D: 11 22  26.3 hPa 255° 36 kt 20060613.00
Part D: 22 33  21.6 hPa 280° 38 kt 20060613.00
Part D: 33 44  19.6 hPa 265° 42 kt 20060613.00
Part D: 44 55  18.6 hPa 265° 28 kt 20060613.00
Part D: 55 66  15.6 hPa 260° 38 kt 20060613.00
Part D: 66 77  14.1 hPa 260° 19 kt 20060613.00
Part D: 77 88  13.5 hPa 270° 24 kt 20060613.00
Part D: 88 99  12.5 hPa 255° 21 kt 20060613.00
Part D: 99 11  11.5 hPa 215° 28 kt 20060613.00
Part D: 11 22  11.2 hPa 225° 35 kt 20060613.00
Part D: 22 33  10.4 hPa 245° 35 kt 20060613.00
Part D: 33 44  10.0 hPa 270° 13 kt 20060613.00
Part D: 44 55   9.8 hPa 280° 15 kt 20060613.00
Part A:       100.0 hPa 110° 27 kt 20060613.12
Part C:        70.0 hPa  85° 28 kt 20060613.12
Part C:        50.0 hPa 180°  8 kt 20060613.12
Part C:        30.0 hPa 275° 22 kt 20060613.12
Part C:        20.0 hPa 270° 40 kt 20060613.12
Part D: 11     93.0 hPa  75°  6 kt 20060613.12
Part D: 11 22  92.0 hPa  15°  3 kt 20060613.12
Part D: 22 33  80.8 hPa  40°  9 kt 20060613.12
Part D: 33 44  75.8 hPa  10° 11 kt 20060613.12
Part D: 44 55  70.6 hPa  80° 25 kt 20060613.12
Part D: 55 66  65.6 hPa  95° 27 kt 20060613.12
Part D: 66 77  61.6 hPa  80° 54 kt 20060613.12
Part D: 77 88  56.8 hPa 105° 14 kt 20060613.12
Part D: 88 99  54.0 hPa 100° 11 kt 20060613.12
Part D: 99 11  53.2 hPa 110° 10 kt 20060613.12
Part D: 11 22  51.1 hPa 115° 10 kt 20060613.12
Part D: 22 33  49.0 hPa 225° 12 kt 20060613.12
Part D: 33 44  47.4 hPa 250° 13 kt 20060613.12
Part D: 44 55  44.6 hPa 260° 26 kt 20060613.12
Part D: 55 66  42.8 hPa 260° 19 kt 20060613.12
Part D: 66 77  38.5 hPa 295° 18 kt 20060613.12
Part D: 77 88  37.9 hPa 280° 17 kt 20060613.12
Part D: 88 99  36.8 hPa 260° 24 kt 20060613.12
Part D: 99 11  33.4 hPa 275° 33 kt 20060613.12
Part D: 11 22  32.3 hPa 290° 24 kt 20060613.12
Part D: 22 33  30.6 hPa 280° 21 kt 20060613.12
Part D: 33 44  28.1 hPa 245° 36 kt 20060613.12
Part D: 44 55  25.1 hPa 275° 44 kt 20060613.12
Part D: 55 66  22.4 hPa 285° 28 kt 20060613.12
Part D: 66 77  20.1 hPa 270° 40 kt 20060613.12
Part D: 77 88  17.9 hPa 285° 28 kt 20060613.12
Part D: 88 99  14.7 hPa 245° 23 kt 20060613.12
Part D: 99 11  13.3 hPa 270° 24 kt 20060613.12
Part D: 11 22  12.4 hPa 260° 21 kt 20060613.12
Part A:       100.0 hPa  50° 19 kt 20060614.00
Part C:        70.0 hPa  95° 31 kt 20060614.00
Part C:        50.0 hPa 305°  8 kt 20060614.00
Part C:        30.0 hPa 255° 31 kt 20060614.00
Part C:        20.0 hPa 280° 33 kt 20060614.00
Part C:        10.0 hPa 260° 32 kt 20060614.00
Part D: 11     98.4 hPa  55° 15 kt 20060614.00
Part D: 11 22  96.2 hPa  25° 10 kt 20060614.00
Part D: 22 33  91.3 hPa  15° 11 kt 20060614.00
Part D: 33 44  88.2 hPa  30°  8 kt 20060614.00
Part D: 44 55  82.8 hPa  85° 15 kt 20060614.00
Part D: 55 66  78.5 hPa  80° 18 kt 20060614.00
Part D: 66 77  74.7 hPa  90° 19 kt 20060614.00
Part D: 77 88  71.6 hPa  95° 36 kt 20060614.00
Part D: 88 99  67.6 hPa 110° 19 kt 20060614.00
Part D: 99 11  66.6 hPa 105° 18 kt 20060614.00
Part D: 11 22  62.1 hPa 100° 40 kt 20060614.00
Part D: 22 33  57.6 hPa  85° 18 kt 20060614.00
Part D: 33 44  55.8 hPa  65° 15 kt 20060614.00
Part D: 44 55  52.7 hPa  65° 14 kt 20060614.00
Part D: 55 66  51.4 hPa  30°  6 kt 20060614.00
Part D: 66 77  51.1 hPa   5°  5 kt 20060614.00
Part D: 77 88  48.8 hPa 290° 11 kt 20060614.00
Part D: 88 99  45.6 hPa 290° 28 kt 20060614.00
Part D: 99 11  42.4 hPa 285° 18 kt 20060614.00
Part D: 11 22  40.3 hPa 325°  4 kt 20060614.00
Part D: 22 33  39.2 hPa 245° 11 kt 20060614.00
Part D: 33 44  36.9 hPa 245° 28 kt 20060614.00
Part D: 44 55  36.2 hPa 255° 33 kt 20060614.00
Part D: 55 66  32.4 hPa 295° 12 kt 20060614.00
Part D: 66 77  31.9 hPa 285°  9 kt 20060614.00
Part D: 77 88  31.2 hPa 255° 14 kt 20060614.00
Part D: 88 99  29.7 hPa 255° 34 kt 20060614.00
Part D: 99 11  27.8 hPa 250° 34 kt 20060614.00
Part D: 11 22  26.7 hPa 270° 42 kt 20060614.00
Part D: 22 33  25.3 hPa 280° 40 kt 20060614.00
Part D: 33 44  22.4 hPa 270° 27 kt 20060614.00
Part D: 44 55  21.6 hPa 260° 35 kt 20060614.00
Part D: 55 66  19.9 hPa 285° 33 kt 20060614.00
Part D: 66 77  18.3 hPa 265° 36 kt 20060614.00
Part D: 77 88  15.1 hPa 275° 41 kt 20060614.00
Part D: 88 99  13.9 hPa 275° 33 kt 20060614.00
Part D: 99 11  13.5 hPa 295° 32 kt 20060614.00
Part D: 11 22  11.2 hPa 285° 25 kt 20060614.00
Part D: 22 33   9.7 hPa 260° 34 kt 20060614.00
Part D: 33 44   9.4 hPa 255° 25 kt 20060614.00
Part D: 44 55   9.0 hPa 225° 13 kt 20060614.00
Part D: 55 66   8.7 hPa 215° 13 kt 20060614.00
Part D: 66 77   8.3 hPa 250° 27 kt 20060614.00
Part D: 77 88   8.1 hPa 265° 24 kt 20060614.00
Part D: 88 99   7.8 hPa 255° 13 kt 20060614.00
Part D: 99 11   7.6 hPa 210°  7 kt 20060614.00
Part D: 11 22   7.5 hPa 185° 10 kt 20060614.00
Part D: 22 33   7.3 hPa 185° 16 kt 20060614.00
Part D: 33 44   7.0 hPa 215° 13 kt 20060614.00
Part D: 44 55   6.5 hPa 210° 12 kt 20060614.00
Part D: 55 66   6.3 hPa 165° 14 kt 20060614.00
Part A:       100.0 hPa 125° 21 kt 20060616.00
Part C:        70.0 hPa  65° 48 kt 20060616.00
Part C:        50.0 hPa 260° 32 kt 20060616.00
Part C:        30.0 hPa 280° 18 kt 20060616.00
Part C:        20.0 hPa 275° 47 kt 20060616.00
Part C:        10.0 hPa 275° 16 kt 20060616.00
Part D: 11     96.4 hPa 135° 23 kt 20060616.00
Part D: 11 22  93.9 hPa 125° 19 kt 20060616.00
Part D: 22 33  89.9 hPa 110° 19 kt 20060616.00
Part D: 33 44  83.8 hPa 130° 23 kt 20060616.00
Part D: 44 55  81.4 hPa 120° 20 kt 20060616.00
Part D: 55 66  75.6 hPa 105° 43 kt 20060616.00
Part D: 66 77  71.3 hPa  65° 45 kt 20060616.00
Part D: 77 88  66.1 hPa  60° 58 kt 20060616.00
Part D: 88 99  59.7 hPa  70° 10 kt 20060616.00
Part D: 99 11  58.7 hPa   5°  3 kt 20060616.00
Part D: 11 22  57.1 hPa 285° 10 kt 20060616.00
Part D: 22 33  52.8 hPa 270° 33 kt 20060616.00
Part D: 33 44  49.8 hPa 260° 31 kt 20060616.00
Part D: 44 55  47.7 hPa 255° 13 kt 20060616.00
Part D: 55 66  47.3 hPa 265° 10 kt 20060616.00
Part D: 66 77  46.9 hPa 270° 12 kt 20060616.00
Part D: 77 88  44.9 hPa 260° 18 kt 20060616.00
Part D: 88 99  42.5 hPa 300° 16 kt 20060616.00
Part D: 99 11  41.2 hPa 290° 17 kt 20060616.00
Part D: 11 22  40.3 hPa 305° 18 kt 20060616.00
Part D: 22 33  34.8 hPa 250° 22 kt 20060616.00
Part D: 33 44  32.8 hPa 270° 34 kt 20060616.00
Part D: 44 55  31.8 hPa 285° 31 kt 20060616.00
Part D: 55 66  27.5 hPa 270° 10 kt 20060616.00
Part D: 66 77  25.1 hPa 265° 40 kt 20060616.00
Part D: 77 88  23.4 hPa 280° 42 kt 20060616.00
Part D: 88 99  19.8 hPa 275° 47 kt 20060616.00
Part D: 99 11  15.4 hPa 280° 47 kt 20060616.00
Part D: 11 22  14.2 hPa 275° 30 kt 20060616.00
Part D: 22 33  13.3 hPa 285° 26 kt 20060616.00
Part D: 33 44  12.8 hPa 255° 24 kt 20060616.00
Part D: 44 55  11.7 hPa 265° 13 kt 20060616.00
Part D: 55 66  11.1 hPa 250° 17 kt 20060616.00
Part D: 66 77  10.7 hPa 275° 12 kt 20060616.00
Part D: 77 88  10.1 hPa 270° 17 kt 20060616.00
Part D: 88 99   9.5 hPa 290° 13 kt 20060616.00
Part D: 99 11   8.5 hPa 290°  4 kt 20060616.00
Part D: 11 22   8.4 hPa 240°  2 kt 20060616.00
Part D: 22 33   7.6 hPa  40° 10 kt 20060616.00
Part D: 33 44   7.3 hPa  75° 20 kt 20060616.00
Part D: 44 55   6.9 hPa  75° 13 kt 20060616.00
Part D: 55 66   6.1 hPa  85° 49 kt 20060616.00
Part A:       100.0 hPa  95° 25 kt 20060616.12
Part C:        70.0 hPa  65° 44 kt 20060616.12
Part C:        50.0 hPa 285° 27 kt 20060616.12
Part C:        30.0 hPa 250° 21 kt 20060616.12
Part D: 11     92.9 hPa  85° 30 kt 20060616.12
Part D: 11 22  81.2 hPa  90° 21 kt 20060616.12
Part D: 22 33  73.5 hPa  95° 46 kt 20060616.12
Part D: 33 44  69.5 hPa  65° 46 kt 20060616.12
Part D: 44 55  66.7 hPa  65° 61 kt 20060616.12
Part D: 55 66  61.3 hPa  90°  7 kt 20060616.12
Part D: 66 77  60.6 hPa 180°  4 kt 20060616.12
Part D: 77 88  59.1 hPa 270° 11 kt 20060616.12
Part D: 88 99  49.0 hPa 275° 29 kt 20060616.12
Part D: 99 11  46.8 hPa 285° 14 kt 20060616.12
Part D: 11 22  46.3 hPa 290° 17 kt 20060616.12
Part D: 22 33  44.5 hPa 280° 24 kt 20060616.12
Part D: 33 44  42.7 hPa 300° 22 kt 20060616.12
Part D: 44 55  39.4 hPa 305° 28 kt 20060616.12
Part D: 55 66  36.2 hPa 275° 26 kt 20060616.12
Part D: 66 77  34.1 hPa 275° 39 kt 20060616.12
Part D: 77 88  31.8 hPa 285° 29 kt 20060616.12
Part D: 88 99  30.4 hPa 260° 19 kt 20060616.12
Part D: 99 11  29.8 hPa 250° 23 kt 20060616.12
Part D: 11 22  28.9 hPa 245° 28 kt 20060616.12
Part A:       100.0 hPa  80° 19 kt 20060617.00
Part C:        70.0 hPa  80° 46 kt 20060617.00
Part C:        50.0 hPa 270° 22 kt 20060617.00
Part C:        30.0 hPa 255° 36 kt 20060617.00
Part D: 11     95.6 hPa 100° 20 kt 20060617.00
Part D: 11 22  88.2 hPa  70° 27 kt 20060617.00
Part D: 22 33  76.8 hPa  70° 38 kt 20060617.00
Part D: 33 44  73.3 hPa  45° 43 kt 20060617.00
Part D: 44 55  70.9 hPa  70° 50 kt 20060617.00
Part D: 55 66  65.8 hPa 130° 10 kt 20060617.00
Part D: 66 77  64.3 hPa 185°  6 kt 20060617.00
Part D: 77 88  62.8 hPa 250° 10 kt 20060617.00
Part D: 88 99  58.0 hPa 260° 36 kt 20060617.00
Part D: 99 11  52.8 hPa 255° 30 kt 20060617.00
Part D: 11 22  48.1 hPa 290° 22 kt 20060617.00
Part D: 22 33  46.2 hPa 255° 13 kt 20060617.00
Part D: 33 44  44.3 hPa 295° 17 kt 20060617.00
Part D: 44 55  42.1 hPa 300° 11 kt 20060617.00
Part D: 55 66  41.5 hPa 290° 10 kt 20060617.00
Part D: 66 77  39.6 hPa 255° 21 kt 20060617.00
Part D: 77 88  37.0 hPa 265° 37 kt 20060617.00
Part D: 88 99  35.2 hPa 280° 26 kt 20060617.00
Part D: 99 11  33.2 hPa 275° 22 kt 20060617.00
Part D: 11 22  31.7 hPa 290° 15 kt 20060617.00
Part D: 22 33  31.0 hPa 260° 21 kt 20060617.00
Part D: 33 44  30.0 hPa 255° 37 kt 20060617.00
Part D: 44 55  29.3 hPa 255° 31 kt 20060617.00
Part A:       100.0 hPa 105° 20 kt 20060618.00
Part C:        70.0 hPa 115° 26 kt 20060618.00
Part C:        50.0 hPa 305° 14 kt 20060618.00
Part C:        30.0 hPa 290° 28 kt 20060618.00
Part D: 11     96.2 hPa  60° 24 kt 20060618.00
Part D: 11 22  92.0 hPa  55° 35 kt 20060618.00
Part D: 22 33  90.2 hPa  65° 40 kt 20060618.00
Part D: 33 44  85.2 hPa  80° 33 kt 20060618.00
Part D: 44 55  80.9 hPa  70° 41 kt 20060618.00
Part D: 55 66  78.2 hPa  95° 44 kt 20060618.00
Part D: 66 77  75.3 hPa 115° 40 kt 20060618.00
Part D: 77 88  70.7 hPa 120° 30 kt 20060618.00
Part D: 88 99  67.3 hPa 120°  7 kt 20060618.00
Part D: 99 11  66.3 hPa 175°  4 kt 20060618.00
Part D: 11 22  64.7 hPa 280° 11 kt 20060618.00
Part D: 22 33  60.3 hPa 260° 22 kt 20060618.00
Part D: 33 44  57.3 hPa 275° 29 kt 20060618.00
Part D: 44 55  53.4 hPa 305° 16 kt 20060618.00
Part D: 55 66  51.3 hPa 275° 14 kt 20060618.00
Part D: 66 77  49.3 hPa 315° 14 kt 20060618.00
Part D: 77 88  44.4 hPa 360°  8 kt 20060618.00
Part D: 88 99  43.3 hPa 345°  4 kt 20060618.00
Part D: 99 11  42.5 hPa 260° 14 kt 20060618.00
Part D: 11 22  40.9 hPa 260° 30 kt 20060618.00
Part D: 22 33  38.6 hPa 265° 33 kt 20060618.00
Part D: 33 44  31.0 hPa 295° 19 kt 20060618.00
Part D: 44 55  28.8 hPa 290° 35 kt 20060618.00
Part A:       100.0 hPa  70° 24 kt 20060620.00
Part C:        70.0 hPa 245° 11 kt 20060620.00
Part C:        50.0 hPa 240°  7 kt 20060620.00
Part C:        30.0 hPa 255° 36 kt 20060620.00
Part D: 11     94.0 hPa  40° 38 kt 20060620.00
Part D: 11 22  89.5 hPa  70° 31 kt 20060620.00
Part D: 22 33  82.3 hPa  95° 53 kt 20060620.00
Part D: 33 44  76.8 hPa  80° 29 kt 20060620.00
Part D: 44 55  73.3 hPa 110° 10 kt 20060620.00
Part D: 55 66  72.1 hPa 195°  4 kt 20060620.00
Part D: 66 77  70.0 hPa 245° 11 kt 20060620.00
Part D: 77 88  67.8 hPa 260° 17 kt 20060620.00
Part D: 88 99  65.1 hPa 230° 11 kt 20060620.00
Part D: 99 11  63.6 hPa 160° 12 kt 20060620.00
Part D: 11 22  58.8 hPa 105° 30 kt 20060620.00
Part D: 22 33  55.4 hPa 105° 20 kt 20060620.00
Part D: 33 44  53.2 hPa 155° 11 kt 20060620.00
Part D: 44 55  51.4 hPa 120° 10 kt 20060620.00
Part D: 55 66  50.6 hPa 180°  6 kt 20060620.00
Part D: 66 77  49.3 hPa 270° 10 kt 20060620.00
Part D: 77 88  47.8 hPa 290° 24 kt 20060620.00
Part D: 88 99  42.8 hPa 275° 44 kt 20060620.00
Part D: 99 11  37.9 hPa 260° 35 kt 20060620.00
Part D: 11 22  34.8 hPa 270° 25 kt 20060620.00
Part D: 22 33  33.0 hPa 235° 21 kt 20060620.00
Part D: 33 44  31.7 hPa 230° 16 kt 20060620.00
Part D: 44 55  30.0 hPa 255° 36 kt 20060620.00
Part D: 55 66  28.8 hPa 250° 40 kt 20060620.00
Part A:       100.0 hPa  50° 32 kt 20060622.00
Part C:        70.0 hPa 155°  9 kt 20060622.00
Part C:        50.0 hPa 300° 40 kt 20060622.00
Part C:        30.0 hPa 245° 16 kt 20060622.00
Part D: 11     87.2 hPa 100° 39 kt 20060622.00
Part D: 11 22  79.5 hPa  75° 37 kt 20060622.00
Part D: 22 33  73.4 hPa 110°  8 kt 20060622.00
Part D: 33 44  70.9 hPa 145° 10 kt 20060622.00
Part D: 44 55  69.1 hPa 140° 10 kt 20060622.00
Part D: 55 66  67.4 hPa 115° 12 kt 20060622.00
Part D: 66 77  65.9 hPa 110° 17 kt 20060622.00
Part D: 77 88  64.5 hPa  65° 14 kt 20060622.00
Part D: 88 99  63.3 hPa 355° 10 kt 20060622.00
Part D: 99 11  61.5 hPa 310° 16 kt 20060622.00
Part D: 11 22  56.1 hPa 275° 42 kt 20060622.00
Part D: 22 33  53.4 hPa 285° 45 kt 20060622.00
Part D: 33 44  49.9 hPa 300° 40 kt 20060622.00
Part D: 44 55  49.1 hPa 310° 38 kt 20060622.00
Part D: 55 66  47.5 hPa 325° 27 kt 20060622.00
Part D: 66 77  45.3 hPa 310°  9 kt 20060622.00
Part D: 77 88  45.0 hPa 300°  8 kt 20060622.00
Part D: 88 99  44.3 hPa 275° 12 kt 20060622.00
Part D: 99 11  41.1 hPa 255° 25 kt 20060622.00
Part D: 11 22  40.1 hPa 265° 29 kt 20060622.00
Part D: 22 33  37.7 hPa 280° 26 kt 20060622.00
Part D: 33 44  32.4 hPa 270°  3 kt 20060622.00
Part D: 44 55  31.2 hPa 225° 10 kt 20060622.00
Part D: 55 66  26.8 hPa 280° 33 kt 20060622.00
Part D: 66 77  22.3 hPa 295° 24 kt 20060622.00
Part D: 77 88  21.1 hPa 260° 28 kt 20060622.00
Part D: 88 99  20.1 hPa 255° 29 kt 20060622.00
Part A:       100.0 hPa  75° 18 kt 20060623.00
Part C:        70.0 hPa 260° 18 kt 20060623.00
Part C:        50.0 hPa  90°  6 kt 20060623.00
Part D: 11     96.9 hPa  95° 16 kt 20060623.00
Part D: 11 22  82.0 hPa 100° 39 kt 20060623.00
Part D: 22 33  77.5 hPa 110° 11 kt 20060623.00
Part D: 33 44  74.6 hPa  40°  1 kt 20060623.00
Part D: 44 55  71.5 hPa 270° 10 kt 20060623.00
Part D: 55 66  66.0 hPa 275° 31 kt 20060623.00
Part D: 66 77  62.7 hPa 285° 25 kt 20060623.00
Part D: 77 88  59.7 hPa 315° 17 kt 20060623.00
Part D: 88 99  58.5 hPa 310° 14 kt 20060623.00
Part D: 99 11  56.6 hPa 265° 16 kt 20060623.00
Part D: 11 22  54.8 hPa 280°  9 kt 20060623.00
Part D: 22 33  50.9 hPa 100°  3 kt 20060623.00
Part D: 33 44  49.5 hPa  70°  9 kt 20060623.00
Part D: 44 55  47.0 hPa  30°  3 kt 20060623.00
Part D: 55 66  45.2 hPa 305° 13 kt 20060623.00
Part D: 66 77  42.6 hPa 270° 24 kt 20060623.00
Part A:       100.0 hPa  75° 26 kt 20060623.12
Part D: 11     96.3 hPa 105° 25 kt 20060623.12
Part D: 11 22  91.5 hPa 105° 32 kt 20060623.12
Part D: 22 33  87.0 hPa  85° 41 kt 20060623.12
Part D: 33 44  84.6 hPa  80° 37 kt 20060623.12
Part D: 44 55  81.9 hPa  80°  8 kt 20060623.12
Part D: 55 66  80.6 hPa   5°  3 kt 20060623.12
Part D: 66 77  77.9 hPa 285°  6 kt 20060623.12
Part A:       100.0 hPa  65° 40 kt 20060624.00
Part C:        70.0 hPa 275°  9 kt 20060624.00
Part C:        50.0 hPa  90° 26 kt 20060624.00
Part C:        30.0 hPa 310° 15 kt 20060624.00
Part C:        20.0 hPa 290° 21 kt 20060624.00
Part C:        10.0 hPa 290°  6 kt 20060624.00
Part D: 11     90.3 hPa  70° 37 kt 20060624.00
Part D: 11 22  86.7 hPa  95° 21 kt 20060624.00
Part D: 22 33  82.5 hPa 155° 11 kt 20060624.00
Part D: 33 44  81.3 hPa 180° 12 kt 20060624.00
Part D: 44 55  75.2 hPa 205° 18 kt 20060624.00
Part D: 55 66  71.3 hPa 250°  9 kt 20060624.00
Part D: 66 77  68.6 hPa 300° 11 kt 20060624.00
Part D: 77 88  66.1 hPa 320° 17 kt 20060624.00
Part D: 88 99  64.0 hPa 350° 18 kt 20060624.00
Part D: 99 11  60.3 hPa  90° 14 kt 20060624.00
Part D: 11 22  58.2 hPa 110° 20 kt 20060624.00
Part D: 22 33  56.1 hPa 170° 16 kt 20060624.00
Part D: 33 44  53.9 hPa 155° 17 kt 20060624.00
Part D: 44 55  51.1 hPa 100° 19 kt 20060624.00
Part D: 55 66  50.0 hPa  90° 26 kt 20060624.00
Part D: 66 77  48.2 hPa 130°  8 kt 20060624.00
Part D: 77 88  47.7 hPa 190°  5 kt 20060624.00
Part D: 88 99  46.6 hPa 275° 11 kt 20060624.00
Part D: 99 11  40.4 hPa 275° 47 kt 20060624.00
Part D: 11 22  37.3 hPa 285° 46 kt 20060624.00
Part D: 22 33  34.7 hPa 305° 25 kt 20060624.00
Part D: 33 44  31.2 hPa 280° 26 kt 20060624.00
Part D: 44 55  29.2 hPa 325°  6 kt 20060624.00
Part D: 55 66  28.8 hPa  30°  3 kt 20060624.00
Part D: 66 77  27.2 hPa 255° 12 kt 20060624.00
Part D: 77 88  24.2 hPa 275° 36 kt 20060624.00
Part D: 88 99  20.6 hPa 300° 21 kt 20060624.00
Part D: 99 11  17.6 hPa 280° 24 kt 20060624.00
Part D: 11 22  16.9 hPa 265° 15 kt 20060624.00
Part D: 22 33  13.5 hPa 195° 24 kt 20060624.00
Part D: 33 44  12.5 hPa 215° 30 kt 20060624.00
Part D: 44 55  11.6 hPa 210° 20 kt 20060624.00
Part D: 55 66  10.4 hPa 245° 10 kt 20060624.00
Part D: 66 77  10.1 hPa 260°  6 kt 20060624.00
Part D: 77 88   9.8 hPa 360° 10 kt 20060624.00
Part D: 88 99   9.7 hPa   5° 12 kt 20060624.00
Part A:       100.0 hPa  75° 38 kt 20060625.00
Part C:        70.0 hPa  25°  8 kt 20060625.00
Part C:        50.0 hPa 125° 10 kt 20060625.00
Part C:        30.0 hPa 250° 30 kt 20060625.00
Part C:        20.0 hPa 265° 27 kt 20060625.00
Part C:        10.0 hPa 320° 18 kt 20060625.00
Part D: 11     98.4 hPa  70° 41 kt 20060625.00
Part D: 11 22  95.1 hPa  75° 37 kt 20060625.00
Part D: 22 33  91.5 hPa 105° 18 kt 20060625.00
Part D: 33 44  89.4 hPa 160°  9 kt 20060625.00
Part D: 44 55  88.7 hPa 170° 10 kt 20060625.00
Part D: 55 66  84.0 hPa 220° 21 kt 20060625.00
Part D: 66 77  80.2 hPa 260°  7 kt 20060625.00
Part D: 77 88  75.4 hPa 290°  4 kt 20060625.00
Part D: 88 99  69.1 hPa  35° 13 kt 20060625.00
Part D: 99 11  65.8 hPa  95° 16 kt 20060625.00
Part D: 11 22  63.9 hPa 105° 19 kt 20060625.00
Part D: 22 33  59.9 hPa  70° 32 kt 20060625.00
Part D: 33 44  58.0 hPa  75° 19 kt 20060625.00
Part D: 44 55  55.1 hPa 120° 19 kt 20060625.00
Part D: 55 66  51.6 hPa 100° 27 kt 20060625.00
Part D: 66 77  50.0 hPa 125° 10 kt 20060625.00
Part D: 77 88  49.4 hPa 195°  4 kt 20060625.00
Part D: 88 99  48.6 hPa 265° 11 kt 20060625.00
Part D: 99 11  46.6 hPa 275° 36 kt 20060625.00
Part D: 11 22  44.0 hPa 280° 44 kt 20060625.00
Part D: 22 33  42.4 hPa 285° 35 kt 20060625.00
Part D: 33 44  38.1 hPa 255° 31 kt 20060625.00
Part D: 44 55  36.9 hPa 265° 40 kt 20060625.00
Part D: 55 66  34.6 hPa 270° 27 kt 20060625.00
Part D: 66 77  32.9 hPa 255° 15 kt 20060625.00
Part D: 77 88  32.1 hPa 270° 14 kt 20060625.00
Part D: 88 99  31.8 hPa 275° 14 kt 20060625.00
Part D: 99 11  30.5 hPa 250° 23 kt 20060625.00
Part D: 11 22  27.5 hPa 270° 41 kt 20060625.00
Part D: 22 33  25.2 hPa 305° 22 kt 20060625.00
Part D: 33 44  24.1 hPa 280° 28 kt 20060625.00
Part D: 44 55  22.7 hPa 290° 18 kt 20060625.00
Part D: 55 66  21.6 hPa 275° 17 kt 20060625.00
Part D: 66 77  19.4 hPa 255° 25 kt 20060625.00
Part D: 77 88  15.7 hPa 260° 24 kt 20060625.00
Part D: 88 99  13.7 hPa 230° 33 kt 20060625.00
Part D: 99 11  12.1 hPa 285° 20 kt 20060625.00
Part D: 11 22  11.8 hPa 295° 18 kt 20060625.00
Part D: 22 33  11.5 hPa 290° 19 kt 20060625.00
Part D: 33 44  11.0 hPa 315° 18 kt 20060625.00
Part D: 44 55  10.6 hPa 305° 18 kt 20060625.00
Part D: 55 66   9.7 hPa 330° 19 kt 20060625.00
Part D: 66 77   9.3 hPa  10° 18 kt 20060625.00
Part D: 77 88   8.7 hPa   5° 15 kt 20060625.00
Part D: 88 99   8.1 hPa  95° 14 kt 20060625.00
Part D: 99 11   7.3 hPa 120° 37 kt 20060625.00
Part D: 11 22   6.9 hPa 130° 29 kt 20060625.00
Part A:       100.0 hPa  60° 10 kt 20060626.00
Part C:        70.0 hPa  95°  6 kt 20060626.00
Part C:        50.0 hPa 285° 41 kt 20060626.00
Part C:        30.0 hPa 280° 19 kt 20060626.00
Part C:        20.0 hPa 280° 40 kt 20060626.00
Part C:        10.0 hPa 260°  6 kt 20060626.00
Part D: 11     96.3 hPa  40° 11 kt 20060626.00
Part D: 11 22  90.1 hPa  90°  9 kt 20060626.00
Part D: 22 33  86.7 hPa 220° 12 kt 20060626.00
Part D: 33 44  81.2 hPa 215° 18 kt 20060626.00
Part D: 44 55  74.5 hPa 160°  5 kt 20060626.00
Part D: 55 66  69.7 hPa  90°  6 kt 20060626.00
Part D: 66 77  67.7 hPa  40° 24 kt 20060626.00
Part D: 77 88  66.8 hPa  40° 30 kt 20060626.00
Part D: 88 99  61.9 hPa  75° 38 kt 20060626.00
Part D: 99 11  56.7 hPa 125° 20 kt 20060626.00
Part D: 11 22  54.3 hPa 185°  8 kt 20060626.00
Part D: 22 33  53.7 hPa 215°  7 kt 20060626.00
Part D: 33 44  52.6 hPa 270° 13 kt 20060626.00
Part D: 44 55  49.2 hPa 285° 44 kt 20060626.00
Part D: 55 66  45.5 hPa 265° 44 kt 20060626.00
Part D: 66 77  42.1 hPa 280° 35 kt 20060626.00
Part D: 77 88  38.0 hPa 260° 41 kt 20060626.00
Part D: 88 99  35.1 hPa 270° 26 kt 20060626.00
Part D: 99 11  33.7 hPa 250° 32 kt 20060626.00
Part D: 11 22  29.3 hPa 280° 22 kt 20060626.00
Part D: 22 33  28.2 hPa 305° 13 kt 20060626.00
Part D: 33 44  27.4 hPa 265°  9 kt 20060626.00
Part D: 44 55  27.3 hPa 250°  8 kt 20060626.00
Part D: 55 66  25.9 hPa 165° 10 kt 20060626.00
Part D: 66 77  25.7 hPa 170° 11 kt 20060626.00
Part D: 77 88  24.7 hPa 250° 20 kt 20060626.00
Part D: 88 99  22.9 hPa 245° 38 kt 20060626.00
Part D: 99 11  19.6 hPa 280° 42 kt 20060626.00
Part D: 11 22  17.9 hPa 285° 40 kt 20060626.00
Part D: 22 33  16.2 hPa 275° 18 kt 20060626.00
Part D: 33 44  15.1 hPa 270° 27 kt 20060626.00
Part D: 44 55  14.8 hPa 275° 31 kt 20060626.00
Part D: 55 66  14.3 hPa 285° 25 kt 20060626.00
Part D: 66 77  13.5 hPa 335° 16 kt 20060626.00
Part D: 77 88  13.3 hPa 315° 12 kt 20060626.00
Part D: 88 99  13.1 hPa 280° 14 kt 20060626.00
Part D: 99 11  11.6 hPa 245° 19 kt 20060626.00
Part D: 11 22  11.0 hPa 195°  5 kt 20060626.00
Part D: 22 33  10.7 hPa 225° 10 kt 20060626.00
Part D: 33 44  10.6 hPa 255° 15 kt 20060626.00
Part D: 44 55  10.5 hPa 260° 16 kt 20060626.00
Part D: 55 66   9.3 hPa 350°  3 kt 20060626.00
Part D: 66 77   8.8 hPa  50°  4 kt 20060626.00
Part D: 77 88   8.1 hPa  95°  4 kt 20060626.00
Part D: 88 99   7.9 hPa  85° 11 kt 20060626.00
Part D: 99 11   7.5 hPa  50° 30 kt 20060626.00
Part D: 11 22   7.0 hPa  60° 32 kt 20060626.00
Part D: 22 33   6.7 hPa  80° 30 kt 20060626.00
Part A:       100.0 hPa 150° 21 kt 20060627.00
Part A:       100.0 hPa  85° 17 kt 20060628.00
Part C:        70.0 hPa  85° 25 kt 20060628.00
Part C:        50.0 hPa 285° 35 kt 20060628.00
Part C:        30.0 hPa 255° 16 kt 20060628.00
Part C:        20.0 hPa 260° 31 kt 20060628.00
Part C:        10.0 hPa 340°  9 kt 20060628.00
Part D: 11     97.6 hPa  75° 18 kt 20060628.00
Part D: 11 22  94.8 hPa  30° 14 kt 20060628.00
Part D: 22 33  91.1 hPa  20° 12 kt 20060628.00
Part D: 33 44  84.0 hPa  40°  7 kt 20060628.00
Part D: 44 55  81.6 hPa  70°  8 kt 20060628.00
Part D: 55 66  75.0 hPa  40° 23 kt 20060628.00
Part D: 66 77  71.0 hPa  80° 24 kt 20060628.00
Part D: 77 88  67.7 hPa  90° 26 kt 20060628.00
Part D: 88 99  64.7 hPa  85° 20 kt 20060628.00
Part D: 99 11  60.6 hPa 195°  5 kt 20060628.00
Part D: 11 22  60.5 hPa 205°  5 kt 20060628.00
Part D: 22 33  59.1 hPa 270° 11 kt 20060628.00
Part D: 33 44  51.9 hPa 270° 44 kt 20060628.00
Part D: 44 55  45.6 hPa 305° 42 kt 20060628.00
Part D: 55 66  41.8 hPa 300° 19 kt 20060628.00
Part D: 66 77  40.4 hPa 330° 16 kt 20060628.00
Part D: 77 88  39.2 hPa 320° 15 kt 20060628.00
Part D: 88 99  38.4 hPa 290° 16 kt 20060628.00
Part D: 99 11  37.9 hPa 290° 16 kt 20060628.00
Part D: 11 22  37.1 hPa 330° 12 kt 20060628.00
Part D: 22 33  35.4 hPa 265° 16 kt 20060628.00
Part D: 33 44  32.7 hPa 255°  5 kt 20060628.00
Part D: 44 55  32.4 hPa 300°  4 kt 20060628.00
Part D: 55 66  30.7 hPa 265°  5 kt 20060628.00
Part D: 66 77  27.2 hPa 265° 43 kt 20060628.00
Part D: 77 88  25.6 hPa 275° 34 kt 20060628.00
Part D: 88 99  21.8 hPa 240° 16 kt 20060628.00
Part D: 99 11  19.5 hPa 265° 37 kt 20060628.00
Part D: 11 22  15.1 hPa 260° 37 kt 20060628.00
Part D: 22 33  14.2 hPa 275° 39 kt 20060628.00
Part D: 33 44  13.0 hPa 290° 34 kt 20060628.00
Part D: 44 55  10.5 hPa 310° 16 kt 20060628.00
Part D: 55 66  10.3 hPa 335° 11 kt 20060628.00
Part D: 66 77   9.9 hPa  10°  6 kt 20060628.00
Part D: 77 88   9.2 hPa 340°  9 kt 20060628.00
Part D: 88 99   7.6 hPa  75° 29 kt 20060628.00
Part A:       100.0 hPa  75° 23 kt 20060628.12
Part C:        70.0 hPa  55° 36 kt 20060628.12
Part C:        50.0 hPa 270° 57 kt 20060628.12
Part C:        30.0 hPa 280° 30 kt 20060628.12
Part C:        10.0 hPa  15° 13 kt 20060628.12
Part D: 11     93.3 hPa  55° 24 kt 20060628.12
Part D: 11 22  81.1 hPa  90° 22 kt 20060628.12
Part D: 22 33  78.3 hPa  65° 18 kt 20060628.12
Part D: 33 44  77.4 hPa  50° 18 kt 20060628.12
Part D: 44 55  71.6 hPa  60° 39 kt 20060628.12
Part D: 55 66  66.6 hPa  45° 31 kt 20060628.12
Part D: 66 77  61.7 hPa  80° 12 kt 20060628.12
Part D: 77 88  60.1 hPa  25°  4 kt 20060628.12
Part D: 88 99  60.0 hPa  15°  4 kt 20060628.12
Part D: 99 11  58.7 hPa 275° 12 kt 20060628.12
Part D: 11 22  57.9 hPa 265° 17 kt 20060628.12
Part D: 22 33  52.2 hPa 265° 57 kt 20060628.12
Part D: 33 44  47.1 hPa 280° 55 kt 20060628.12
Part D: 44 55  43.1 hPa 275° 20 kt 20060628.12
Part D: 55 66  40.3 hPa 265° 11 kt 20060628.12
Part D: 66 77  37.6 hPa 270° 19 kt 20060628.12
Part D: 77 88  33.9 hPa 255° 29 kt 20060628.12
Part D: 88 99  31.9 hPa 265° 31 kt 20060628.12
Part D: 99 11  27.5 hPa 310° 19 kt 20060628.12
Part D: 11 22  26.8 hPa 305° 17 kt 20060628.12
Part D: 22 33  25.1 hPa 265° 21 kt 20060628.12
Part D: 33 44  20.0 hPa 255° 45 kt 20060628.12
Part D: 44 55  10.7 hPa 355° 14 kt 20060628.12
Part D: 55 66   9.0 hPa  35° 17 kt 20060628.12
Part A:       100.0 hPa 115° 29 kt 20060629.00
Part C:        70.0 hPa  65° 16 kt 20060629.00
Part C:        50.0 hPa 290° 33 kt 20060629.00
Part C:        30.0 hPa 265° 28 kt 20060629.00
Part C:        20.0 hPa 265° 42 kt 20060629.00
Part C:        10.0 hPa 100° 21 kt 20060629.00
Part D: 11     93.4 hPa  95° 36 kt 20060629.00
Part D: 11 22  88.8 hPa 125° 19 kt 20060629.00
Part D: 22 33  84.9 hPa  75° 15 kt 20060629.00
Part D: 33 44  83.4 hPa  65° 18 kt 20060629.00
Part D: 44 55  80.2 hPa  90° 20 kt 20060629.00
Part D: 55 66  75.5 hPa  85° 33 kt 20060629.00
Part D: 66 77  72.6 hPa  95° 17 kt 20060629.00
Part D: 77 88  71.3 hPa  80° 13 kt 20060629.00
Part D: 88 99  70.3 hPa  65° 15 kt 20060629.00
Part D: 99 11  66.5 hPa  50° 19 kt 20060629.00
Part D: 11 22  65.5 hPa  70° 14 kt 20060629.00
Part D: 22 33  64.1 hPa 135°  9 kt 20060629.00
Part D: 33 44  62.9 hPa 195° 11 kt 20060629.00
Part D: 44 55  60.4 hPa 245° 22 kt 20060629.00
Part D: 55 66  56.6 hPa 280° 37 kt 20060629.00
Part D: 66 77  53.6 hPa 280° 43 kt 20060629.00
Part D: 77 88  49.6 hPa 295° 29 kt 20060629.00
Part D: 88 99  44.6 hPa  55°  4 kt 20060629.00
Part D: 99 11  42.8 hPa 120°  2 kt 20060629.00
Part D: 11 22  40.0 hPa 220° 10 kt 20060629.00
Part D: 22 33  39.2 hPa 220° 15 kt 20060629.00
Part D: 33 44  37.9 hPa 255° 22 kt 20060629.00
Part D: 44 55  37.0 hPa 235° 18 kt 20060629.00
Part D: 55 66  34.6 hPa 245° 30 kt 20060629.00
Part D: 66 77  34.0 hPa 245° 28 kt 20060629.00
Part D: 77 88  32.9 hPa 215° 21 kt 20060629.00
Part D: 88 99  30.3 hPa 260° 29 kt 20060629.00
Part D: 99 11  27.6 hPa 265° 15 kt 20060629.00
Part D: 11 22  26.4 hPa 240°  7 kt 20060629.00
Part D: 22 33  24.9 hPa 260° 31 kt 20060629.00
Part D: 33 44  23.2 hPa 265° 36 kt 20060629.00
Part D: 44 55  20.9 hPa 260° 42 kt 20060629.00
Part D: 55 66  18.6 hPa 280° 45 kt 20060629.00
Part D: 66 77  17.5 hPa 290° 41 kt 20060629.00
Part D: 77 88  13.8 hPa 275° 20 kt 20060629.00
Part D: 88 99  13.2 hPa 295° 14 kt 20060629.00
Part D: 99 11  12.9 hPa 325° 10 kt 20060629.00
Part D: 11 22  12.7 hPa 350° 11 kt 20060629.00
Part D: 22 33  12.3 hPa  20° 20 kt 20060629.00
Part D: 33 44  11.7 hPa  15° 15 kt 20060629.00
Part D: 44 55  11.2 hPa  35° 15 kt 20060629.00
Part D: 55 66  10.9 hPa  70° 17 kt 20060629.00
Part D: 66 77   9.1 hPa 125° 35 kt 20060629.00
Part D: 77 88   8.8 hPa 110° 35 kt 20060629.00
Part D: 88 99   8.4 hPa 120° 32 kt 20060629.00
Part D: 99 11   7.8 hPa  95° 32 kt 20060629.00
Part D: 11 22   7.1 hPa 100° 26 kt 20060629.00
Part D: 22 33   6.8 hPa  80° 44 kt 20060629.00
Part D: 33 44   6.7 hPa  85° 36 kt 20060629.00
Part A:       100.0 hPa  25° 25 kt 20060629.12
Part C:        70.0 hPa 115° 18 kt 20060629.12
Part C:        50.0 hPa 245° 24 kt 20060629.12
Part C:        10.0 hPa  95° 10 kt 20060629.12
Part D: 11     94.6 hPa  30° 26 kt 20060629.12
Part D: 11 22  90.9 hPa  55° 31 kt 20060629.12
Part D: 22 33  88.0 hPa  85° 24 kt 20060629.12
Part D: 33 44  85.2 hPa  90° 19 kt 20060629.12
Part D: 44 55  82.4 hPa  80° 30 kt 20060629.12
Part D: 55 66  78.7 hPa 100° 29 kt 20060629.12
Part D: 66 77  74.5 hPa 105° 34 kt 20060629.12
Part D: 77 88  70.6 hPa 120° 22 kt 20060629.12
Part D: 88 99  69.5 hPa 105° 17 kt 20060629.12
Part D: 99 11  68.2 hPa  75° 22 kt 20060629.12
Part D: 11 22  66.7 hPa  75° 25 kt 20060629.12
Part D: 22 33  64.0 hPa  65°  4 kt 20060629.12
Part D: 33 44  63.7 hPa  15°  4 kt 20060629.12
Part D: 44 55  62.7 hPa 275° 10 kt 20060629.12
Part D: 55 66  60.3 hPa 280° 27 kt 20060629.12
Part D: 66 77  57.7 hPa 280° 26 kt 20060629.12
Part D: 77 88  52.8 hPa 260° 37 kt 20060629.12
Part D: 88 99  49.7 hPa 240° 22 kt 20060629.12
Part D: 99 11  47.8 hPa 185°  9 kt 20060629.12
Part D: 11 22  47.6 hPa 175°  8 kt 20060629.12
Part D: 22 33  46.8 hPa 155° 11 kt 20060629.12
Part D: 33 44  44.7 hPa 210° 26 kt 20060629.12
Part D: 44 55  43.3 hPa 225° 33 kt 20060629.12
Part D: 55 66  38.5 hPa 265° 23 kt 20060629.12
Part D: 66 77  35.8 hPa 260° 22 kt 20060629.12
Part D: 77 88  32.7 hPa 295° 18 kt 20060629.12
Part D: 99 11  13.9 hPa 315° 20 kt 20060629.12
Part D: 11 22  11.9 hPa  60° 16 kt 20060629.12
Part D: 22 33  10.9 hPa  90° 13 kt 20060629.12
Part D: 33 44   9.7 hPa  85° 10 kt 20060629.12
Part D: 44 55   8.5 hPa  20° 11 kt 20060629.12
Part A:       100.0 hPa  45° 28 kt 20060630.00
Part C:        70.0 hPa 125°  9 kt 20060630.00
Part C:        50.0 hPa 275° 15 kt 20060630.00
Part D: 11     97.5 hPa  45° 26 kt 20060630.00
Part D: 11 22  84.3 hPa 135° 23 kt 20060630.00
Part D: 22 33  78.3 hPa 135° 12 kt 20060630.00
Part D: 33 44  76.2 hPa 110° 11 kt 20060630.00
Part D: 44 55  73.7 hPa 155° 10 kt 20060630.00
Part D: 55 66  67.6 hPa 120°  4 kt 20060630.00
Part D: 66 77  67.1 hPa  85°  3 kt 20060630.00
Part D: 77 88  65.3 hPa 300° 11 kt 20060630.00
Part D: 88 99  63.9 hPa 285° 18 kt 20060630.00
Part D: 99 11  60.5 hPa 285° 34 kt 20060630.00
Part D: 11 22  51.1 hPa 295° 16 kt 20060630.00
Part D: 22 33  48.7 hPa 240° 16 kt 20060630.00
Part D: 33 44  47.5 hPa 230° 20 kt 20060630.00
Part A:       100.0 hPa  50° 30 kt 20060630.12
Part C:        70.0 hPa   5°  9 kt 20060630.12
Part C:        50.0 hPa 260° 21 kt 20060630.12
Part C:        30.0 hPa 255° 16 kt 20060630.12
Part D: 11     94.2 hPa  95° 19 kt 20060630.12
Part D: 11 22  85.6 hPa 125°  7 kt 20060630.12
Part D: 22 33  82.0 hPa  40°  3 kt 20060630.12
Part D: 33 44  74.8 hPa  70° 18 kt 20060630.12
Part D: 44 55  74.0 hPa  60° 16 kt 20060630.12
Part D: 55 66  70.5 hPa 360°  9 kt 20060630.12
Part D: 66 77  69.8 hPa  10° 10 kt 20060630.12
Part D: 77 88  66.9 hPa  25° 24 kt 20060630.12
Part D: 88 99  66.1 hPa  20° 22 kt 20060630.12
Part D: 99 11  64.6 hPa 345° 16 kt 20060630.12
Part D: 11 22  63.0 hPa 345° 14 kt 20060630.12
Part D: 22 33  59.7 hPa 285°  8 kt 20060630.12
Part D: 33 44  58.5 hPa 245° 14 kt 20060630.12
Part D: 44 55  53.4 hPa 260° 31 kt 20060630.12
Part D: 55 66  49.2 hPa 255° 17 kt 20060630.12
Part D: 66 77  48.3 hPa 260° 14 kt 20060630.12
Part D: 77 88  44.6 hPa 275° 43 kt 20060630.12
Part D: 88 99  38.6 hPa 280° 25 kt 20060630.12
Part D: 99 11  35.8 hPa 230°  9 kt 20060630.12
Part D: 11 22  35.1 hPa 200°  7 kt 20060630.12
Part D: 22 33  34.1 hPa 205° 11 kt 20060630.12
Part D: 33 44  31.3 hPa 295° 17 kt 20060630.12
Part D: 44 55  29.9 hPa 250° 17 kt 20060630.12
Part D: 55 66  27.4 hPa 265° 27 kt 20060630.12
Interpoliere die QBO aus den RS Daten
 Jahr:        2006 Date:         606
 Filepath: 
 ./qbo_data_new/qbo.dat
