Pararmeterliste beim QBO Aufruf:  -g -w -a 2011.12 --
2011.12
Kopiere RS Daten aus dem Archiv
 TTCC 51001 48698                                                                                                                                                                                                                                                
 8                                                                                                                                                                                                                                                
 TTCC 5111/ 48698 NIL=                                                                                                                                                                                                                                           
 =                                                                                                                                                                                                                                           
 TTCC 52001 48698                                                                                                                                                                                                                                                
 8                                                                                                                                                                                                                                                
 TTCC 5211/ 48698 NIL=                                                                                                                                                                                                                                           
 =                                                                                                                                                                                                                                           
 TTCC 53001 48698                                                                                                                                                                                                                                                
 8                                                                                                                                                                                                                                                
 TTCC 5311/ 48698 NIL=                                                                                                                                                                                                                                           
 =                                                                                                                                                                                                                                           
 TTCC 5400/ 48698 NIL=                                                                                                                                                                                                                                           
 =                                                                                                                                                                                                                                           
 TTCC 5411/ 48698 NIL=                                                                                                                                                                                                                                           
 =                                                                                                                                                                                                                                           
 TTCC 55001 48698                                                                                                                                                                                                                                                
 8                                                                                                                                                                                                                                                
 TTCC 5511/ 48698 NIL=                                                                                                                                                                                                                                           
 =                                                                                                                                                                                                                                           
 TTCC 56001 48698                                                                                                                                                                                                                                                
 8                                                                                                                                                                                                                                                
 TTCC 56111 48698                                                                                                                                                                                                                                                
 8                                                                                                                                                                                                                                                
 TTCC 57001 48698                                                                                                                                                                                                                                                
 8                                                                                                                                                                                                                                                
 TTCC 5711/ 48698 NIL=                                                                                                                                                                                                                                           
 =                                                                                                                                                                                                                                           
 TTCC 58001 48698                                                                                                                                                                                                                                                
 8                                                                                                                                                                                                                                                
 TTCC 58111 48698                                                                                                                                                                                                                                                
 8                                                                                                                                                                                                                                                
 TTCC 59001 48698                                                                                                                                                                                                                                                
 8                                                                                                                                                                                                                                                
 TTCC 59115 48698                                                                                                                                                                                                                                                
 8                                                                                                                                                                                                                                                
 TTCC 60001 48698                                                                                                                                                                                                                                                
 8                                                                                                                                                                                                                                                
 TTCC 60112 48698                                                                                                                                                                                                                                                
 8                                                                                                                                                                                                                                                
 TTCC 61002 48698                                                                                                                                                                                                                                                
 8                                                                                                                                                                                                                                                
 TTCC 6111/ 48698 NIL=                                                                                                                                                                                                                                           
 =                                                                                                                                                                                                                                           
 TTCC 62001 48698                                                                                                                                                                                                                                                
 8                                                                                                                                                                                                                                                
 TTCC 6211/ 48698                                                                                                                                                                                                                                                
 8                                                                                                                                                                                                                                                
 TTCC 63002 48698                                                                                                                                                                                                                                                
 8                                                                                                                                                                                                                                                
 TTCC 63117 48698 NIL=                                                                                                                                                                                                                                           
 =                                                                                                                                                                                                                                           
 TTCC 6511/ 48698 NIL=                                                                                                                                                                                                                                           
 =                                                                                                                                                                                                                                           
 TTCC 66001 48698                                                                                                                                                                                                                                                
 8                                                                                                                                                                                                                                                
 TTCC 66117 48698                                                                                                                                                                                                                                                
 8                                                                                                                                                                                                                                                
 TTCC 67001 48698                                                                                                                                                                                                                                                
 8                                                                                                                                                                                                                                                
 TTCC 67111 48698                                                                                                                                                                                                                                                
 8                                                                                                                                                                                                                                                
 TTCC 68001 48698                                                                                                                                                                                                                                                
 8                                                                                                                                                                                                                                                
 TTCC 6811/ 48698 NIL=                                                                                                                                                                                                                                           
 =                                                                                                                                                                                                                                           
 TTCC 6900/ 48698 NIL=                                                                                                                                                                                                                                           
 =                                                                                                                                                                                                                                           
 TTCC 6911/ 48698 NIL=                                                                                                                                                                                                                                           
 =                                                                                                                                                                                                                                           
 TTCC 70001 48698                                                                                                                                                                                                                                                
 8                                                                                                                                                                                                                                                
 TTCC 7011/ 48698 NIL=                                                                                                                                                                                                                                           
 =                                                                                                                                                                                                                                           
 TTCC 71001 48698                                                                                                                                                                                                                                                
 8                                                                                                                                                                                                                                                
 TTCC  7111/ 48698                                                                                                                                                                                                                                               
 8                                                                                                                                                                                                                                               
 TTCC  72002 48698                                                                                                                                                                                                                                               
 8                                                                                                                                                                                                                                               
 TTCC  7211/ 48698                                                                                                                                                                                                                                               
 8                                                                                                                                                                                                                                               
 TTCC  7300/ 48698                                                                                                                                                                                                                                               
 8                                                                                                                                                                                                                                               
 TTCC  7311/ 48698                                                                                                                                                                                                                                               
 8                                                                                                                                                                                                                                               
 TTCC  7400/ 48698                                                                                                                                                                                                                                               
 8                                                                                                                                                                                                                                               
 TTCC  7411/ 48698                                                                                                                                                                                                                                               
 8                                                                                                                                                                                                                                               
 TTCC  75001 48698                                                                                                                                                                                                                                               
 8                                                                                                                                                                                                                                               
 TTCC  7511/ 48698                                                                                                                                                                                                                                               
 8                                                                                                                                                                                                                                               
 TTCC  76001 48698                                                                                                                                                                                                                                               
 8                                                                                                                                                                                                                                               
 TTCC  7611/ 48698                                                                                                                                                                                                                                               
 8                                                                                                                                                                                                                                               
 TTCC  7700/ 48698                                                                                                                                                                                                                                               
 8                                                                                                                                                                                                                                               
 TTCC  7711/ 48698                                                                                                                                                                                                                                               
 8                                                                                                                                                                                                                                               
 TTCC  78001 48698                                                                                                                                                                                                                                               
 8                                                                                                                                                                                                                                               
 TTCC  7811/ 48698                                                                                                                                                                                                                                               
 8                                                                                                                                                                                                                                               
 TTCC  79001 48698                                                                                                                                                                                                                                               
 8                                                                                                                                                                                                                                               
 TTCC  79117 48698                                                                                                                                                                                                                                               
 8                                                                                                                                                                                                                                               
 TTCC  8000/ 48698                                                                                                                                                                                                                                               
 8                                                                                                                                                                                                                                               
 TTCC  8012/ 48698                                                                                                                                                                                                                                               
 8                                                                                                                                                                                                                                               
 TTCC  81001 48698                                                                                                                                                                                                                                               
 8                                                                                                                                                                                                                                               
 TTCC  81111 48698                                                                                                                                                                                                                                               
 8                                                                                                                                                                                                                                               
Parse RS Daten
Part A:       100.0 hPa  90° 52 kt 20111201.00
Part C:        70.0 hPa 275° 13 kt 20111201.00
Part C:        50.0 hPa 280° 17 kt 20111201.00
Part C:        30.0 hPa  90° 44 kt 20111201.00
Part C:        20.0 hPa  90° 55 kt 20111201.00
Part C:        10.0 hPa 165°  2 kt 20111201.00
Part D: 11     96.1 hPa 105° 48 kt 20111201.00
Part D: 11 22  90.5 hPa 100° 35 kt 20111201.00
Part D: 22 33  81.4 hPa  40° 23 kt 20111201.00
Part D: 33 44  76.7 hPa  90°  8 kt 20111201.00
Part D: 44 55  75.9 hPa 140°  4 kt 20111201.00
Part D: 55 66  74.3 hPa 220° 11 kt 20111201.00
Part D: 66 77  66.0 hPa 320° 10 kt 20111201.00
Part D: 77 88  60.5 hPa 260° 10 kt 20111201.00
Part D: 88 99  58.0 hPa 240° 15 kt 20111201.00
Part D: 99 11  53.5 hPa 245° 18 kt 20111201.00
Part D: 11 22  52.2 hPa 250° 16 kt 20111201.00
Part D: 22 33  48.4 hPa 295° 14 kt 20111201.00
Part D: 33 44  46.5 hPa 270°  8 kt 20111201.00
Part D: 44 55  44.3 hPa 230° 15 kt 20111201.00
Part D: 55 66  42.6 hPa 235° 23 kt 20111201.00
Part D: 66 77  41.4 hPa 240° 16 kt 20111201.00
Part D: 77 88  38.3 hPa 335°  8 kt 20111201.00
Part D: 88 99  37.2 hPa 345°  2 kt 20111201.00
Part D: 99 11  35.8 hPa 100° 12 kt 20111201.00
Part D: 11 22  34.4 hPa 120° 20 kt 20111201.00
Part D: 22 33  32.5 hPa  95° 28 kt 20111201.00
Part D: 33 44  30.4 hPa  95° 44 kt 20111201.00
Part D: 44 55  29.0 hPa  80° 46 kt 20111201.00
Part D: 55 66  25.7 hPa  90° 52 kt 20111201.00
Part D: 66 77  21.3 hPa  80° 55 kt 20111201.00
Part D: 77 88  18.6 hPa 105° 55 kt 20111201.00
Part D: 88 99  12.4 hPa  75° 65 kt 20111201.00
Part D: 99 11  11.3 hPa  50° 35 kt 20111201.00
Part D: 11 22  10.4 hPa  55°  6 kt 20111201.00
Part D: 22 33  10.1 hPa 130°  2 kt 20111201.00
Part D: 33 44   9.5 hPa 200°  8 kt 20111201.00
Part D: 44 55   8.8 hPa 275° 17 kt 20111201.00
Part D: 55 66   8.1 hPa 240° 32 kt 20111201.00
Part D: 66 77   7.1 hPa 255° 46 kt 20111201.00
Part A:       100.0 hPa  95° 45 kt 20111201.12
Part A:       100.0 hPa 115° 47 kt 20111202.00
Part C:        70.0 hPa 280° 19 kt 20111202.00
Part C:        50.0 hPa 245° 23 kt 20111202.00
Part C:        30.0 hPa 110° 38 kt 20111202.00
Part C:        20.0 hPa  90° 66 kt 20111202.00
Part C:        10.0 hPa 140° 16 kt 20111202.00
Part D: 11     93.0 hPa 110° 55 kt 20111202.00
Part D: 11 22  90.2 hPa 135° 28 kt 20111202.00
Part D: 22 33  86.5 hPa 165° 14 kt 20111202.00
Part D: 33 44  85.3 hPa 215°  6 kt 20111202.00
Part D: 44 55  82.7 hPa 280° 12 kt 20111202.00
Part D: 55 66  78.7 hPa 305° 23 kt 20111202.00
Part D: 66 77  77.1 hPa 300° 30 kt 20111202.00
Part D: 77 88  73.7 hPa 280° 22 kt 20111202.00
Part D: 88 99  65.9 hPa 270° 12 kt 20111202.00
Part D: 99 11  63.5 hPa 290° 11 kt 20111202.00
Part D: 11 22  61.3 hPa 275° 13 kt 20111202.00
Part D: 22 33  59.4 hPa 240° 16 kt 20111202.00
Part D: 33 44  55.9 hPa 280° 17 kt 20111202.00
Part D: 44 55  54.6 hPa 265° 18 kt 20111202.00
Part D: 55 66  53.5 hPa 230° 21 kt 20111202.00
Part D: 66 77  50.0 hPa 245° 23 kt 20111202.00
Part D: 77 88  48.8 hPa 240° 18 kt 20111202.00
Part D: 88 99  48.4 hPa 225° 16 kt 20111202.00
Part D: 99 11  48.1 hPa 220° 17 kt 20111202.00
Part D: 11 22  46.4 hPa 230° 31 kt 20111202.00
Part D: 22 33  44.0 hPa 230° 24 kt 20111202.00
Part D: 33 44  43.1 hPa 245° 15 kt 20111202.00
Part D: 44 55  42.6 hPa 270° 10 kt 20111202.00
Part D: 55 66  41.5 hPa 310° 15 kt 20111202.00
Part D: 66 77  39.7 hPa 335° 27 kt 20111202.00
Part D: 77 88  38.6 hPa 350° 19 kt 20111202.00
Part D: 88 99  36.5 hPa  30°  6 kt 20111202.00
Part D: 99 11  35.7 hPa  80°  6 kt 20111202.00
Part D: 11 22  34.8 hPa 115° 17 kt 20111202.00
Part D: 22 33  34.3 hPa 115° 21 kt 20111202.00
Part D: 33 44  33.4 hPa  90° 22 kt 20111202.00
Part D: 44 55  31.8 hPa  80° 33 kt 20111202.00
Part D: 55 66  30.7 hPa 105° 40 kt 20111202.00
Part D: 66 77  29.0 hPa 110° 36 kt 20111202.00
Part D: 77 88  26.4 hPa  85° 52 kt 20111202.00
Part D: 88 99  22.8 hPa  85° 64 kt 20111202.00
Part D: 99 11  13.2 hPa  95° 73 kt 20111202.00
Part D: 11 22  12.4 hPa  95° 69 kt 20111202.00
Part D: 22 33  11.4 hPa 110° 28 kt 20111202.00
Part D: 33 44  11.1 hPa 105° 30 kt 20111202.00
Part D: 44 55  10.0 hPa 140° 15 kt 20111202.00
Part D: 55 66   9.8 hPa 175°  9 kt 20111202.00
Part D: 66 77   9.6 hPa 220° 10 kt 20111202.00
Part D: 77 88   9.2 hPa 210° 14 kt 20111202.00
Part A:       100.0 hPa  85° 27 kt 20111203.00
Part C:        70.0 hPa 280° 24 kt 20111203.00
Part C:        50.0 hPa 250° 18 kt 20111203.00
Part C:        30.0 hPa  80° 50 kt 20111203.00
Part C:        20.0 hPa  85° 68 kt 20111203.00
Part C:        10.0 hPa  40° 13 kt 20111203.00
Part D: 11     98.7 hPa  80° 31 kt 20111203.00
Part D: 11 22  92.4 hPa  45°  4 kt 20111203.00
Part D: 22 33  91.5 hPa 345°  2 kt 20111203.00
Part D: 33 44  87.5 hPa 305° 11 kt 20111203.00
Part D: 44 55  84.2 hPa 280° 31 kt 20111203.00
Part D: 55 66  81.7 hPa 285° 45 kt 20111203.00
Part D: 66 77  71.0 hPa 285° 26 kt 20111203.00
Part D: 77 88  64.1 hPa 255° 18 kt 20111203.00
Part D: 88 99  62.3 hPa 240° 19 kt 20111203.00
Part D: 99 11  57.6 hPa 250° 22 kt 20111203.00
Part D: 11 22  56.0 hPa 235° 22 kt 20111203.00
Part D: 22 33  54.1 hPa 240° 31 kt 20111203.00
Part D: 33 44  48.7 hPa 260° 14 kt 20111203.00
Part D: 44 55  45.6 hPa 230° 31 kt 20111203.00
Part D: 55 66  43.8 hPa 200° 10 kt 20111203.00
Part D: 66 77  42.9 hPa 235°  3 kt 20111203.00
Part D: 77 88  41.7 hPa 320° 10 kt 20111203.00
Part D: 88 99  40.6 hPa 350°  9 kt 20111203.00
Part D: 99 11  39.6 hPa 115° 10 kt 20111203.00
Part D: 11 22  38.5 hPa 130° 10 kt 20111203.00
Part D: 22 33  37.9 hPa 115° 11 kt 20111203.00
Part D: 33 44  35.6 hPa  85° 25 kt 20111203.00
Part D: 44 55  33.8 hPa  85° 42 kt 20111203.00
Part D: 55 66  32.0 hPa  95° 40 kt 20111203.00
Part D: 66 77  30.7 hPa  80° 50 kt 20111203.00
Part D: 77 88  23.7 hPa  95° 67 kt 20111203.00
Part D: 88 99  22.5 hPa 100° 64 kt 20111203.00
Part D: 99 11  20.9 hPa  85° 65 kt 20111203.00
Part D: 11 22  16.5 hPa  95° 75 kt 20111203.00
Part D: 22 33  13.6 hPa  80° 82 kt 20111203.00
Part D: 33 44  12.2 hPa  85° 78 kt 20111203.00
Part D: 44 55  10.6 hPa  85° 27 kt 20111203.00
Part D: 55 66  10.3 hPa  65° 15 kt 20111203.00
Part D: 66 77   9.9 hPa  30° 12 kt 20111203.00
Part D: 77 88   9.5 hPa  40° 10 kt 20111203.00
Part D: 88 99   9.3 hPa  70° 13 kt 20111203.00
Part D: 99 11   9.0 hPa  70° 15 kt 20111203.00
Part D: 11 22   7.9 hPa 290°  3 kt 20111203.00
Part D: 22 33   7.7 hPa 255°  7 kt 20111203.00
Part D: 33 44   7.0 hPa 220° 20 kt 20111203.00
Part D: 44 55   6.6 hPa 225° 30 kt 20111203.00
Part D: 55 66   6.4 hPa 235° 24 kt 20111203.00
Part A:       100.0 hPa 100° 18 kt 20111203.12
Part A:       100.0 hPa 175° 10 kt 20111204.12
Part A:       100.0 hPa 265° 27 kt 20111205.00
Part C:        70.0 hPa 255° 24 kt 20111205.00
Part C:        50.0 hPa 315° 14 kt 20111205.00
Part C:        30.0 hPa  80° 45 kt 20111205.00
Part C:        20.0 hPa  90° 57 kt 20111205.00
Part C:        10.0 hPa 115° 27 kt 20111205.00
Part D: 11     90.4 hPa 275° 43 kt 20111205.00
Part D: 11 22  87.5 hPa 270° 45 kt 20111205.00
Part D: 22 33  68.7 hPa 255° 22 kt 20111205.00
Part D: 33 44  66.3 hPa 260° 15 kt 20111205.00
Part D: 44 55  63.6 hPa 305° 16 kt 20111205.00
Part D: 55 66  59.3 hPa 335° 11 kt 20111205.00
Part D: 66 77  58.4 hPa 340° 13 kt 20111205.00
Part D: 77 88  55.7 hPa 320° 14 kt 20111205.00
Part D: 88 99  51.1 hPa 325° 16 kt 20111205.00
Part D: 99 11  49.5 hPa 310° 15 kt 20111205.00
Part D: 11 22  48.4 hPa 315° 12 kt 20111205.00
Part D: 22 33  48.0 hPa 330° 11 kt 20111205.00
Part D: 33 44  45.4 hPa  75° 20 kt 20111205.00
Part D: 44 55  42.8 hPa 155° 22 kt 20111205.00
Part D: 55 66  40.8 hPa 170° 32 kt 20111205.00
Part D: 66 77  37.7 hPa 145°  8 kt 20111205.00
Part D: 77 88  36.4 hPa 115° 14 kt 20111205.00
Part D: 88 99  34.7 hPa 120° 28 kt 20111205.00
Part D: 99 11  33.3 hPa 100° 40 kt 20111205.00
Part D: 11 22  31.9 hPa  90° 44 kt 20111205.00
Part D: 22 33  29.3 hPa  80° 48 kt 20111205.00
Part D: 33 44  26.4 hPa  95° 47 kt 20111205.00
Part D: 44 55  23.7 hPa  95° 51 kt 20111205.00
Part D: 55 66  22.5 hPa  80° 52 kt 20111205.00
Part D: 66 77  19.9 hPa  90° 58 kt 20111205.00
Part D: 77 88  17.6 hPa  75° 64 kt 20111205.00
Part D: 88 99  12.2 hPa  90° 76 kt 20111205.00
Part D: 99 11  10.5 hPa 105° 31 kt 20111205.00
Part D: 11 22  10.0 hPa 115° 26 kt 20111205.00
Part D: 22 33   9.1 hPa 100° 13 kt 20111205.00
Part D: 33 44   8.5 hPa 160°  2 kt 20111205.00
Part D: 44 55   8.5 hPa 170°  2 kt 20111205.00
Part D: 55 66   8.2 hPa 260° 14 kt 20111205.00
Part D: 66 77   7.8 hPa 285° 31 kt 20111205.00
Part D: 77 88   7.1 hPa 310° 36 kt 20111205.00
Part D: 88 99   6.7 hPa 320° 24 kt 20111205.00
Part D: 99 11   6.5 hPa 305° 17 kt 20111205.00
Part D: 11 22   6.3 hPa 295° 18 kt 20111205.00
Part D: 22 33   6.0 hPa 255° 27 kt 20111205.00
Part D: 33 44   5.9 hPa 255° 23 kt 20111205.00
Part A:       100.0 hPa 265° 47 kt 20111205.12
Part A:       100.0 hPa 255° 39 kt 20111206.00
Part C:        70.0 hPa 290° 12 kt 20111206.00
Part C:        50.0 hPa 260° 20 kt 20111206.00
Part C:        30.0 hPa 105° 41 kt 20111206.00
Part C:        20.0 hPa  85° 72 kt 20111206.00
Part C:        10.0 hPa 110° 21 kt 20111206.00
Part D: 11     78.1 hPa 265° 24 kt 20111206.00
Part D: 11 22  73.1 hPa 305° 16 kt 20111206.00
Part D: 22 33  68.2 hPa 285°  9 kt 20111206.00
Part D: 33 44  59.8 hPa  30° 10 kt 20111206.00
Part D: 44 55  58.0 hPa 340°  3 kt 20111206.00
Part D: 55 66  54.2 hPa 190° 10 kt 20111206.00
Part D: 66 77  53.1 hPa 180° 11 kt 20111206.00
Part D: 77 88  51.8 hPa 235° 12 kt 20111206.00
Part D: 88 99  50.5 hPa 255° 20 kt 20111206.00
Part D: 99 11  48.6 hPa 280° 17 kt 20111206.00
Part D: 11 22  45.3 hPa 265° 16 kt 20111206.00
Part D: 22 33  41.0 hPa 155° 12 kt 20111206.00
Part D: 33 44  39.9 hPa  90°  5 kt 20111206.00
Part D: 44 55  38.8 hPa  15° 10 kt 20111206.00
Part D: 55 66  38.3 hPa   5° 12 kt 20111206.00
Part D: 66 77  36.5 hPa  65° 16 kt 20111206.00
Part D: 77 88  35.1 hPa  80° 24 kt 20111206.00
Part D: 88 99  32.8 hPa  70° 44 kt 20111206.00
Part D: 99 11  30.8 hPa 100° 44 kt 20111206.00
Part D: 11 22  28.9 hPa 105° 48 kt 20111206.00
Part D: 22 33  19.7 hPa  80° 72 kt 20111206.00
Part D: 33 44  15.2 hPa 100° 77 kt 20111206.00
Part D: 44 55  12.4 hPa  85° 49 kt 20111206.00
Part D: 55 66  10.1 hPa 110° 21 kt 20111206.00
Part D: 66 77   9.6 hPa  95° 24 kt 20111206.00
Part D: 77 88   9.3 hPa 100° 17 kt 20111206.00
Part D: 88 99   9.1 hPa 105° 20 kt 20111206.00
Part D: 99 11   8.8 hPa 110°  3 kt 20111206.00
Part D: 11 22   8.7 hPa 150°  2 kt 20111206.00
Part D: 22 33   8.3 hPa 300° 12 kt 20111206.00
Part D: 33 44   8.1 hPa 320° 20 kt 20111206.00
Part D: 44 55   7.8 hPa 325° 16 kt 20111206.00
Part D: 55 66   7.7 hPa 310° 12 kt 20111206.00
Part D: 66 77   7.5 hPa 275° 15 kt 20111206.00
Part D: 77 88   7.3 hPa 285° 13 kt 20111206.00
Part D: 88 99   6.9 hPa 260° 21 kt 20111206.00
Part D: 99 11   6.4 hPa 245° 36 kt 20111206.00
Part D: 11 22   6.3 hPa 250° 33 kt 20111206.00
Part A:       100.0 hPa 270° 43 kt 20111206.12
Part C:        70.0 hPa 300° 12 kt 20111206.12
Part C:        50.0 hPa 270° 23 kt 20111206.12
Part C:        30.0 hPa 105° 43 kt 20111206.12
Part C:        20.0 hPa 100° 75 kt 20111206.12
Part C:        10.0 hPa  15° 11 kt 20111206.12
Part D: 11     90.0 hPa 260° 26 kt 20111206.12
Part D: 11 22  86.3 hPa 280° 28 kt 20111206.12
Part D: 22 33  81.9 hPa 270° 27 kt 20111206.12
Part D: 33 44  78.9 hPa 290° 20 kt 20111206.12
Part D: 44 55  71.9 hPa 265° 13 kt 20111206.12
Part D: 55 66  69.8 hPa 300° 12 kt 20111206.12
Part D: 66 77  64.1 hPa 310°  3 kt 20111206.12
Part D: 77 88  63.8 hPa 285°  3 kt 20111206.12
Part D: 88 99  58.2 hPa 225° 14 kt 20111206.12
Part D: 99 11  52.0 hPa 260° 29 kt 20111206.12
Part D: 11 22  50.9 hPa 270° 27 kt 20111206.12
Part D: 22 33  47.7 hPa 260° 12 kt 20111206.12
Part D: 33 44  46.2 hPa 250° 15 kt 20111206.12
Part D: 44 55  43.7 hPa 190° 17 kt 20111206.12
Part D: 55 66  42.3 hPa 180° 19 kt 20111206.12
Part D: 66 77  40.0 hPa  75° 17 kt 20111206.12
Part D: 77 88  38.2 hPa  35° 25 kt 20111206.12
Part D: 88 99  36.0 hPa  60° 38 kt 20111206.12
Part D: 99 11  32.6 hPa  75° 39 kt 20111206.12
Part D: 11 22  31.1 hPa 110° 42 kt 20111206.12
Part D: 22 33  27.0 hPa  85° 54 kt 20111206.12
Part D: 33 44  23.3 hPa  80° 64 kt 20111206.12
Part D: 44 55  18.9 hPa 105° 76 kt 20111206.12
Part D: 55 66  16.7 hPa 110° 71 kt 20111206.12
Part D: 66 77  13.4 hPa  85° 60 kt 20111206.12
Part D: 77 88  12.8 hPa  90° 72 kt 20111206.12
Part D: 88 99  11.5 hPa  80° 22 kt 20111206.12
Part D: 99 11  11.2 hPa  60° 11 kt 20111206.12
Part D: 11 22  10.9 hPa  65° 15 kt 20111206.12
Part D: 22 33  10.5 hPa  10° 16 kt 20111206.12
Part D: 33 44  10.4 hPa 355° 16 kt 20111206.12
Part D: 44 55  10.2 hPa 350° 16 kt 20111206.12
Part D: 55 66  10.0 hPa  10° 11 kt 20111206.12
Part D: 66 77   9.6 hPa 115°  1 kt 20111206.12
Part D: 77 88   8.8 hPa 185°  7 kt 20111206.12
Part D: 88 99   8.6 hPa 255° 12 kt 20111206.12
Part D: 99 11   8.5 hPa 260° 14 kt 20111206.12
Part D: 11 22   8.3 hPa 235° 21 kt 20111206.12
Part D: 22 33   7.8 hPa 290° 16 kt 20111206.12
Part D: 33 44   7.5 hPa 295° 12 kt 20111206.12
Part D: 44 55   7.3 hPa 265° 16 kt 20111206.12
Part D: 55 66   6.7 hPa 255° 27 kt 20111206.12
Part D: 66 77   6.4 hPa 275° 32 kt 20111206.12
Part A:       100.0 hPa 280° 37 kt 20111207.00
Part C:        70.0 hPa 260° 12 kt 20111207.00
Part C:        50.0 hPa 270° 15 kt 20111207.00
Part C:        30.0 hPa  85° 46 kt 20111207.00
Part C:        20.0 hPa  80° 69 kt 20111207.00
Part C:        10.0 hPa 360° 20 kt 20111207.00
Part D: 11     91.0 hPa 275° 19 kt 20111207.00
Part D: 11 22  90.0 hPa 280° 17 kt 20111207.00
Part D: 22 33  88.0 hPa 295° 20 kt 20111207.00
Part D: 33 44  84.7 hPa 300° 20 kt 20111207.00
Part D: 44 55  78.8 hPa 355° 15 kt 20111207.00
Part D: 55 66  73.0 hPa 320°  7 kt 20111207.00
Part D: 66 77  71.0 hPa 265° 11 kt 20111207.00
Part D: 77 88  67.8 hPa 265°  6 kt 20111207.00
Part D: 88 99  67.5 hPa 260°  6 kt 20111207.00
Part D: 99 11  63.9 hPa 235° 12 kt 20111207.00
Part D: 11 22  61.6 hPa 255° 11 kt 20111207.00
Part D: 22 33  59.2 hPa 235° 14 kt 20111207.00
Part D: 33 44  54.7 hPa 260° 24 kt 20111207.00
Part D: 44 55  50.7 hPa 275° 19 kt 20111207.00
Part D: 55 66  49.4 hPa 270° 13 kt 20111207.00
Part D: 66 77  48.2 hPa 235° 15 kt 20111207.00
Part D: 77 88  47.4 hPa 225° 14 kt 20111207.00
Part D: 88 99  43.0 hPa 250° 14 kt 20111207.00
Part D: 99 11  41.7 hPa 180°  8 kt 20111207.00
Part D: 11 22  40.6 hPa  85°  7 kt 20111207.00
Part D: 22 33  39.7 hPa  25° 11 kt 20111207.00
Part D: 33 44  39.1 hPa  25° 17 kt 20111207.00
Part D: 44 55  38.1 hPa  65° 30 kt 20111207.00
Part D: 55 66  35.5 hPa  95° 51 kt 20111207.00
Part D: 66 77  32.8 hPa  95° 45 kt 20111207.00
Part D: 77 88  21.5 hPa  80° 74 kt 20111207.00
Part D: 88 99  18.6 hPa  85° 66 kt 20111207.00
Part D: 99 11  17.4 hPa 100° 64 kt 20111207.00
Part D: 11 22  14.9 hPa  80° 66 kt 20111207.00
Part D: 22 33  12.9 hPa  90° 69 kt 20111207.00
Part D: 33 44  12.2 hPa  85° 41 kt 20111207.00
Part D: 44 55  11.8 hPa  75° 31 kt 20111207.00
Part D: 55 66  11.3 hPa  85° 20 kt 20111207.00
Part D: 66 77  10.9 hPa  40° 15 kt 20111207.00
Part D: 77 88  10.7 hPa  10° 17 kt 20111207.00
Part D: 88 99   9.8 hPa 355° 24 kt 20111207.00
Part D: 99 11   9.5 hPa 360° 12 kt 20111207.00
Part D: 11 22   9.3 hPa 340°  8 kt 20111207.00
Part D: 22 33   9.2 hPa 300° 12 kt 20111207.00
Part D: 33 44   8.7 hPa 265° 11 kt 20111207.00
Part D: 44 55   8.5 hPa 230° 13 kt 20111207.00
Part D: 55 66   8.0 hPa 230° 26 kt 20111207.00
Part A:       100.0 hPa 300° 23 kt 20111207.12
Part A:       100.0 hPa 345° 16 kt 20111208.00
Part C:        70.0 hPa 265° 29 kt 20111208.00
Part C:        50.0 hPa 335° 12 kt 20111208.00
Part C:        30.0 hPa 100° 42 kt 20111208.00
Part C:        20.0 hPa  85° 62 kt 20111208.00
Part C:        10.0 hPa 355°  8 kt 20111208.00
Part D: 11     98.1 hPa 355° 13 kt 20111208.00
Part D: 11 22  94.0 hPa 345° 14 kt 20111208.00
Part D: 22 33  85.9 hPa  40° 18 kt 20111208.00
Part D: 33 44  81.0 hPa 135°  9 kt 20111208.00
Part D: 44 55  76.5 hPa 170°  6 kt 20111208.00
Part D: 55 66  73.5 hPa 265° 19 kt 20111208.00
Part D: 66 77  67.8 hPa 265° 32 kt 20111208.00
Part D: 77 88  63.6 hPa 255° 24 kt 20111208.00
Part D: 88 99  58.1 hPa 275° 16 kt 20111208.00
Part D: 99 11  55.0 hPa 315° 19 kt 20111208.00
Part D: 11 22  52.2 hPa 330° 15 kt 20111208.00
Part D: 22 33  51.2 hPa 360° 11 kt 20111208.00
Part D: 33 44  50.1 hPa 340° 12 kt 20111208.00
Part D: 44 55  49.4 hPa 315°  9 kt 20111208.00
Part D: 55 66  48.7 hPa 290° 10 kt 20111208.00
Part D: 66 77  47.7 hPa 290° 11 kt 20111208.00
Part D: 77 88  45.9 hPa 330° 13 kt 20111208.00
Part D: 88 99  43.7 hPa 335° 17 kt 20111208.00
Part D: 99 11  42.4 hPa 345°  9 kt 20111208.00
Part D: 11 22  41.0 hPa  85°  3 kt 20111208.00
Part D: 22 33  39.4 hPa  95° 17 kt 20111208.00
Part D: 33 44  37.9 hPa 115° 39 kt 20111208.00
Part D: 44 55  36.7 hPa 130° 31 kt 20111208.00
Part D: 55 66  34.3 hPa 130° 42 kt 20111208.00
Part D: 66 77  32.0 hPa 100° 34 kt 20111208.00
Part D: 77 88  22.5 hPa  80° 58 kt 20111208.00
Part D: 88 99  17.1 hPa  90° 68 kt 20111208.00
Part D: 99 11  15.5 hPa 100° 58 kt 20111208.00
Part D: 11 22  13.1 hPa  85° 52 kt 20111208.00
Part D: 22 33  12.6 hPa  80° 45 kt 20111208.00
Part D: 33 44  12.0 hPa 100° 22 kt 20111208.00
Part D: 44 55  11.6 hPa  70° 13 kt 20111208.00
Part D: 55 66  11.3 hPa  55° 11 kt 20111208.00
Part D: 66 77  10.8 hPa  60° 12 kt 20111208.00
Part D: 77 88   9.7 hPa 325°  7 kt 20111208.00
Part D: 88 99   8.3 hPa   5°  7 kt 20111208.00
Part D: 99 11   8.2 hPa  85° 11 kt 20111208.00
Part D: 11 22   8.1 hPa  70°  6 kt 20111208.00
Part D: 22 33   8.0 hPa  10°  4 kt 20111208.00
Part D: 33 44   7.9 hPa 285° 10 kt 20111208.00
Part D: 44 55   7.8 hPa 280° 19 kt 20111208.00
Part D: 55 66   7.5 hPa 265° 19 kt 20111208.00
Part D: 66 77   7.3 hPa 285° 16 kt 20111208.00
Part D: 77 88   7.0 hPa 255° 23 kt 20111208.00
Part A:       100.0 hPa   5° 23 kt 20111208.12
Part C:        70.0 hPa 280° 28 kt 20111208.12
Part C:        50.0 hPa 165°  1 kt 20111208.12
Part C:        30.0 hPa  95° 36 kt 20111208.12
Part C:        20.0 hPa 110° 51 kt 20111208.12
Part C:        10.0 hPa 115° 17 kt 20111208.12
Part D: 11     92.3 hPa 340°  4 kt 20111208.12
Part D: 11 22  89.4 hPa 200°  3 kt 20111208.12
Part D: 22 33  87.0 hPa 140° 10 kt 20111208.12
Part D: 33 44  83.0 hPa 125°  5 kt 20111208.12
Part D: 44 55  81.4 hPa  70° 11 kt 20111208.12
Part D: 55 66  79.8 hPa  40°  7 kt 20111208.12
Part D: 66 77  78.7 hPa 320°  5 kt 20111208.12
Part D: 77 88  77.5 hPa 280° 12 kt 20111208.12
Part D: 88 99  72.6 hPa 270° 28 kt 20111208.12
Part D: 99 11  70.8 hPa 275° 29 kt 20111208.12
Part D: 11 22  61.9 hPa 285° 20 kt 20111208.12
Part D: 22 33  59.8 hPa 310° 17 kt 20111208.12
Part D: 33 44  57.0 hPa 320° 12 kt 20111208.12
Part D: 44 55  50.2 hPa 205°  1 kt 20111208.12
Part D: 55 66  43.2 hPa 245°  5 kt 20111208.12
Part D: 66 77  42.0 hPa 155° 11 kt 20111208.12
Part D: 77 88  41.2 hPa 130° 13 kt 20111208.12
Part D: 88 99  40.0 hPa 120° 24 kt 20111208.12
Part D: 99 11  38.0 hPa 145° 29 kt 20111208.12
Part D: 11 22  37.2 hPa 135° 23 kt 20111208.12
Part D: 22 33  36.0 hPa  80° 26 kt 20111208.12
Part D: 33 44  34.9 hPa  65° 30 kt 20111208.12
Part D: 44 55  29.9 hPa  95° 36 kt 20111208.12
Part D: 55 66  27.8 hPa  95° 51 kt 20111208.12
Part D: 66 77  26.5 hPa 100° 50 kt 20111208.12
Part D: 77 88  25.1 hPa  85° 49 kt 20111208.12
Part D: 88 99  22.6 hPa 105° 43 kt 20111208.12
Part D: 99 11  20.6 hPa 110° 56 kt 20111208.12
Part D: 11 22  15.7 hPa  65° 47 kt 20111208.12
Part D: 22 33  12.0 hPa  95° 44 kt 20111208.12
Part D: 33 44  11.5 hPa 115° 36 kt 20111208.12
Part D: 44 55  10.1 hPa 120° 17 kt 20111208.12
Part D: 55 66   9.6 hPa 100° 13 kt 20111208.12
Part D: 66 77   9.2 hPa  85° 20 kt 20111208.12
Part D: 77 88   8.8 hPa  85° 17 kt 20111208.12
Part D: 88 99   8.5 hPa  90° 32 kt 20111208.12
Part D: 99 11   8.3 hPa  70° 20 kt 20111208.12
Part D: 11 22   8.0 hPa  10° 14 kt 20111208.12
Part D: 22 33   7.9 hPa 340° 19 kt 20111208.12
Part D: 33 44   7.6 hPa 315° 31 kt 20111208.12
Part D: 44 55   7.5 hPa 325° 25 kt 20111208.12
Part D: 55 66   7.2 hPa 300° 27 kt 20111208.12
Part D: 66 77   6.4 hPa 255° 43 kt 20111208.12
Part D: 77 88   6.2 hPa 250° 36 kt 20111208.12
Part A:       100.0 hPa  85° 13 kt 20111209.00
Part C:        70.0 hPa 285° 33 kt 20111209.00
Part C:        50.0 hPa 215° 14 kt 20111209.00
Part C:        30.0 hPa  95° 39 kt 20111209.00
Part C:        20.0 hPa  90° 62 kt 20111209.00
Part C:        10.0 hPa 115° 17 kt 20111209.00
Part D: 11     97.5 hPa 130°  5 kt 20111209.00
Part D: 11 22  93.4 hPa 175° 10 kt 20111209.00
Part D: 22 33  90.5 hPa 190° 19 kt 20111209.00
Part D: 33 44  84.9 hPa 200° 15 kt 20111209.00
Part D: 44 55  81.7 hPa 265° 10 kt 20111209.00
Part D: 55 66  77.8 hPa 280° 18 kt 20111209.00
Part D: 66 77  73.7 hPa 280° 33 kt 20111209.00
Part D: 77 88  57.9 hPa 300° 19 kt 20111209.00
Part D: 88 99  55.7 hPa 270°  8 kt 20111209.00
Part D: 99 11  55.6 hPa 270°  8 kt 20111209.00
Part D: 11 22  52.8 hPa 230° 18 kt 20111209.00
Part D: 22 33  52.5 hPa 230° 18 kt 20111209.00
Part D: 33 44  50.5 hPa 210° 13 kt 20111209.00
Part D: 44 55  46.4 hPa 285°  9 kt 20111209.00
Part D: 55 66  43.0 hPa 190°  5 kt 20111209.00
Part D: 66 77  42.0 hPa 125° 15 kt 20111209.00
Part D: 77 88  39.9 hPa 155° 26 kt 20111209.00
Part D: 88 99  38.6 hPa 130° 33 kt 20111209.00
Part D: 99 11  35.1 hPa  75° 26 kt 20111209.00
Part D: 11 22  33.9 hPa  70° 35 kt 20111209.00
Part D: 22 33  32.4 hPa  85° 39 kt 20111209.00
Part D: 33 44  31.2 hPa 100° 35 kt 20111209.00
Part D: 44 55  20.8 hPa  85° 55 kt 20111209.00
Part D: 55 66  19.6 hPa  95° 60 kt 20111209.00
Part D: 66 77  17.7 hPa  85° 56 kt 20111209.00
Part D: 77 88  16.3 hPa  90° 63 kt 20111209.00
Part D: 88 99  12.1 hPa  90° 56 kt 20111209.00
Part D: 99 11  10.3 hPa 110° 19 kt 20111209.00
Part D: 11 22  10.1 hPa 120° 17 kt 20111209.00
Part D: 22 33   9.4 hPa  70° 10 kt 20111209.00
Part D: 33 44   9.1 hPa  80° 17 kt 20111209.00
Part D: 44 55   8.9 hPa  70° 14 kt 20111209.00
Part D: 55 66   8.8 hPa  40° 10 kt 20111209.00
Part D: 66 77   8.7 hPa  15° 12 kt 20111209.00
Part D: 77 88   8.2 hPa 330° 10 kt 20111209.00
Part D: 88 99   8.0 hPa  75° 14 kt 20111209.00
Part D: 99 11   7.8 hPa  75° 11 kt 20111209.00
Part D: 11 22   7.7 hPa  20°  6 kt 20111209.00
Part D: 22 33   7.6 hPa 310° 10 kt 20111209.00
Part D: 33 44   7.4 hPa 285° 19 kt 20111209.00
Part D: 44 55   7.1 hPa 270° 42 kt 20111209.00
Part D: 55 66   6.8 hPa 255° 44 kt 20111209.00
Part A:       100.0 hPa 200° 24 kt 20111209.12
Part C:        70.0 hPa 305° 29 kt 20111209.12
Part C:        50.0 hPa 200° 16 kt 20111209.12
Part D: 11     97.3 hPa 205° 27 kt 20111209.12
Part D: 11 22  92.1 hPa 200° 31 kt 20111209.12
Part D: 22 33  88.9 hPa 190° 26 kt 20111209.12
Part D: 33 44  86.8 hPa 205° 15 kt 20111209.12
Part D: 44 55  85.2 hPa 240° 10 kt 20111209.12
Part D: 55 66  84.2 hPa 275° 13 kt 20111209.12
Part D: 66 77  82.1 hPa 290° 24 kt 20111209.12
Part D: 77 88  75.0 hPa 305° 38 kt 20111209.12
Part D: 88 99  67.1 hPa 290° 28 kt 20111209.12
Part D: 99 11  65.9 hPa 295° 26 kt 20111209.12
Part D: 11 22  63.6 hPa 300° 10 kt 20111209.12
Part D: 22 33  62.8 hPa 275°  6 kt 20111209.12
Part D: 33 44  61.0 hPa 265° 13 kt 20111209.12
Part D: 44 55  58.2 hPa 260°  8 kt 20111209.12
Part D: 55 66  55.9 hPa 225° 11 kt 20111209.12
Part D: 66 77  54.1 hPa 225° 11 kt 20111209.12
Part D: 77 88  52.4 hPa 200° 10 kt 20111209.12
Part D: 88 99  50.6 hPa 195° 16 kt 20111209.12
Part D: 99 11  48.6 hPa 240° 12 kt 20111209.12
Part A:       100.0 hPa 215° 20 kt 20111210.00
Part C:        70.0 hPa 230° 14 kt 20111210.00
Part C:        50.0 hPa 220° 11 kt 20111210.00
Part C:        30.0 hPa  90° 45 kt 20111210.00
Part C:        20.0 hPa  85° 65 kt 20111210.00
Part C:        10.0 hPa  70°  3 kt 20111210.00
Part D: 11     90.3 hPa 160° 10 kt 20111210.00
Part D: 11 22  88.9 hPa 210°  5 kt 20111210.00
Part D: 22 33  87.7 hPa 285° 10 kt 20111210.00
Part D: 33 44  80.2 hPa 285° 26 kt 20111210.00
Part D: 44 55  74.4 hPa 300° 10 kt 20111210.00
Part D: 55 66  70.1 hPa 230° 13 kt 20111210.00
Part D: 66 77  67.9 hPa 230° 16 kt 20111210.00
Part D: 77 88  66.2 hPa 200°  9 kt 20111210.00
Part D: 88 99  63.4 hPa 210° 21 kt 20111210.00
Part D: 99 11  59.1 hPa 230° 11 kt 20111210.00
Part D: 11 22  56.4 hPa 255° 11 kt 20111210.00
Part D: 22 33  54.3 hPa 255° 11 kt 20111210.00
Part D: 33 44  52.4 hPa 225° 11 kt 20111210.00
Part D: 44 55  48.1 hPa 235°  8 kt 20111210.00
Part D: 55 66  45.1 hPa 300°  1 kt 20111210.00
Part D: 66 77  41.1 hPa  65°  2 kt 20111210.00
Part D: 77 88  39.2 hPa 140° 15 kt 20111210.00
Part D: 88 99  38.1 hPa  85° 21 kt 20111210.00
Part D: 99 11  36.7 hPa  55° 29 kt 20111210.00
Part D: 11 22  35.5 hPa  35° 29 kt 20111210.00
Part D: 22 33  34.9 hPa  40° 29 kt 20111210.00
Part D: 33 44  33.0 hPa  95° 39 kt 20111210.00
Part D: 44 55  31.2 hPa 105° 44 kt 20111210.00
Part D: 55 66  30.2 hPa  90° 44 kt 20111210.00
Part D: 66 77  26.7 hPa 100° 63 kt 20111210.00
Part D: 77 88  25.2 hPa 105° 57 kt 20111210.00
Part D: 88 99  23.5 hPa  85° 60 kt 20111210.00
Part D: 99 11  12.9 hPa  90° 70 kt 20111210.00
Part D: 11 22  12.2 hPa  75° 39 kt 20111210.00
Part D: 22 33  11.5 hPa  50° 28 kt 20111210.00
Part D: 33 44  10.6 hPa  85°  8 kt 20111210.00
Part D: 44 55  10.2 hPa 150°  1 kt 20111210.00
Part D: 55 66   9.1 hPa 260°  7 kt 20111210.00
Part D: 66 77   8.3 hPa 250° 10 kt 20111210.00
Part A:       100.0 hPa 175° 14 kt 20111210.12
Part C:        70.0 hPa 245° 16 kt 20111210.12
Part C:        50.0 hPa 275°  6 kt 20111210.12
Part C:        30.0 hPa  75° 48 kt 20111210.12
Part C:        20.0 hPa  85° 61 kt 20111210.12
Part D: 11     97.9 hPa 150° 15 kt 20111210.12
Part D: 11 22  93.9 hPa 135° 22 kt 20111210.12
Part D: 22 33  90.1 hPa 115°  9 kt 20111210.12
Part D: 33 44  88.8 hPa  40°  3 kt 20111210.12
Part D: 44 55  87.1 hPa 315° 10 kt 20111210.12
Part D: 55 66  82.7 hPa 285° 20 kt 20111210.12
Part D: 66 77  76.4 hPa 240° 16 kt 20111210.12
Part D: 77 88  71.9 hPa 230° 14 kt 20111210.12
Part D: 88 99  68.9 hPa 260° 16 kt 20111210.12
Part D: 99 11  62.2 hPa 210° 10 kt 20111210.12
Part D: 11 22  48.7 hPa 230°  9 kt 20111210.12
Part D: 22 33  43.4 hPa 225°  3 kt 20111210.12
Part D: 33 44  40.5 hPa 115°  6 kt 20111210.12
Part D: 44 55  39.7 hPa 100° 14 kt 20111210.12
Part D: 55 66  38.4 hPa  65° 25 kt 20111210.12
Part D: 66 77  37.6 hPa  60° 28 kt 20111210.12
Part D: 77 88  36.2 hPa  95° 42 kt 20111210.12
Part D: 88 99  32.4 hPa 100° 48 kt 20111210.12
Part D: 99 11  31.5 hPa  95° 52 kt 20111210.12
Part D: 11 22  29.5 hPa  70° 48 kt 20111210.12
Part D: 22 33  25.6 hPa 100° 56 kt 20111210.12
Part D: 33 44  20.1 hPa  85° 61 kt 20111210.12
Part D: 44 55  13.7 hPa  95° 66 kt 20111210.12
Part D: 55 66  13.5 hPa  95° 65 kt 20111210.12
Part A:       100.0 hPa  45° 16 kt 20111211.00
Part C:        70.0 hPa 195° 13 kt 20111211.00
Part C:        50.0 hPa 355°  2 kt 20111211.00
Part C:        30.0 hPa  85° 44 kt 20111211.00
Part C:        20.0 hPa  90° 60 kt 20111211.00
Part D: 11     89.8 hPa 350° 15 kt 20111211.00
Part D: 11 22  82.8 hPa 330° 15 kt 20111211.00
Part D: 22 33  77.1 hPa 240° 12 kt 20111211.00
Part D: 33 44  71.5 hPa 195° 11 kt 20111211.00
Part D: 44 55  69.1 hPa 210° 11 kt 20111211.00
Part D: 55 66  66.3 hPa 180° 10 kt 20111211.00
Part D: 66 77  63.6 hPa 185°  9 kt 20111211.00
Part D: 77 88  57.7 hPa 330°  7 kt 20111211.00
Part D: 88 99  52.4 hPa 305°  3 kt 20111211.00
Part D: 99 11  50.2 hPa 270°  2 kt 20111211.00
Part D: 11 22  48.0 hPa 355° 11 kt 20111211.00
Part D: 22 33  44.5 hPa  20°  6 kt 20111211.00
Part D: 33 44  43.0 hPa  65° 12 kt 20111211.00
Part D: 44 55  41.0 hPa  30° 15 kt 20111211.00
Part D: 55 66  39.1 hPa  35° 26 kt 20111211.00
Part D: 66 77  35.7 hPa 120° 32 kt 20111211.00
Part D: 77 88  33.7 hPa  95° 43 kt 20111211.00
Part D: 88 99  30.0 hPa  85° 44 kt 20111211.00
Part D: 99 11  26.2 hPa 110° 61 kt 20111211.00
Part D: 11 22  21.6 hPa  85° 57 kt 20111211.00
Part D: 22 33  16.3 hPa  95° 57 kt 20111211.00
Part D: 33 44  14.6 hPa  80° 51 kt 20111211.00
Part D: 44 55  13.1 hPa  90° 71 kt 20111211.00
Part D: 55 66  12.3 hPa  75° 47 kt 20111211.00
Part D: 66 77  11.8 hPa  95° 44 kt 20111211.00
Part A:       100.0 hPa  10° 12 kt 20111211.12
Part A:       100.0 hPa  30° 14 kt 20111212.00
Part C:        70.0 hPa  10° 12 kt 20111212.00
Part C:        50.0 hPa 320° 12 kt 20111212.00
Part C:        30.0 hPa  75° 40 kt 20111212.00
Part C:        20.0 hPa  90° 60 kt 20111212.00
Part C:        10.0 hPa  80° 26 kt 20111212.00
Part D: 11     96.6 hPa  45° 12 kt 20111212.00
Part D: 11 22  91.2 hPa 160° 14 kt 20111212.00
Part D: 22 33  89.5 hPa 185° 15 kt 20111212.00
Part D: 33 44  81.9 hPa 220° 18 kt 20111212.00
Part D: 44 55  80.5 hPa 225° 17 kt 20111212.00
Part D: 55 66  74.4 hPa 180°  8 kt 20111212.00
Part D: 66 77  73.3 hPa 110°  4 kt 20111212.00
Part D: 77 88  70.5 hPa  15° 10 kt 20111212.00
Part D: 88 99  68.7 hPa   5° 18 kt 20111212.00
Part D: 99 11  63.8 hPa  15° 10 kt 20111212.00
Part D: 11 22  60.2 hPa 330°  5 kt 20111212.00
Part D: 22 33  55.2 hPa 295° 10 kt 20111212.00
Part D: 33 44  53.0 hPa 280° 14 kt 20111212.00
Part D: 44 55  51.0 hPa 290° 11 kt 20111212.00
Part D: 55 66  50.1 hPa 320° 11 kt 20111212.00
Part D: 66 77  48.6 hPa 320° 16 kt 20111212.00
Part D: 77 88  45.2 hPa 315°  3 kt 20111212.00
Part D: 88 99  42.3 hPa 175° 11 kt 20111212.00
Part D: 99 11  41.2 hPa 180° 19 kt 20111212.00
Part D: 11 22  38.7 hPa 140° 20 kt 20111212.00
Part D: 22 33  36.6 hPa 140° 31 kt 20111212.00
Part D: 33 44  34.5 hPa  90° 35 kt 20111212.00
Part D: 44 55  31.5 hPa  85° 44 kt 20111212.00
Part D: 55 66  29.1 hPa  85° 41 kt 20111212.00
Part D: 66 77  27.8 hPa  70° 50 kt 20111212.00
Part D: 77 88  21.7 hPa  95° 60 kt 20111212.00
Part D: 88 99  12.7 hPa  85° 64 kt 20111212.00
Part D: 99 11  12.2 hPa  95° 71 kt 20111212.00
Part D: 11 22   9.8 hPa  80° 25 kt 20111212.00
Part D: 22 33   9.3 hPa  85° 37 kt 20111212.00
Part D: 33 44   8.8 hPa  85° 19 kt 20111212.00
Part D: 44 55   8.6 hPa  70° 13 kt 20111212.00
Part D: 55 66   8.2 hPa  90° 27 kt 20111212.00
Part D: 66 77   7.5 hPa  70°  6 kt 20111212.00
Part D: 77 88   7.3 hPa 105° 19 kt 20111212.00
Part D: 88 99   7.2 hPa 105° 24 kt 20111212.00
Part D: 99 11   7.0 hPa 130°  7 kt 20111212.00
Part D: 11 22   6.9 hPa 165°  4 kt 20111212.00
Part D: 22 33   6.6 hPa 270° 12 kt 20111212.00
Part D: 33 44   6.5 hPa 275° 23 kt 20111212.00
Part A:       100.0 hPa   5°  6 kt 20111212.12
Part A:       100.0 hPa 145° 11 kt 20111213.00
Part C:        70.0 hPa  45° 14 kt 20111213.00
Part C:        50.0 hPa 290° 13 kt 20111213.00
Part C:        30.0 hPa 110° 45 kt 20111213.00
Part C:        20.0 hPa 100° 67 kt 20111213.00
Part D: 11     94.1 hPa   0°  0 kt 20111213.00
Part D: 11 22  91.2 hPa 165°  9 kt 20111213.00
Part D: 22 33  89.8 hPa 165° 17 kt 20111213.00
Part D: 33 44  83.7 hPa 195° 14 kt 20111213.00
Part D: 44 55  77.4 hPa 145° 19 kt 20111213.00
Part D: 55 66  73.2 hPa  70° 18 kt 20111213.00
Part D: 66 77  72.2 hPa  65° 23 kt 20111213.00
Part D: 77 88  66.6 hPa   5°  7 kt 20111213.00
Part D: 88 99  65.7 hPa 320°  4 kt 20111213.00
Part D: 99 11  63.9 hPa 260° 11 kt 20111213.00
Part D: 11 22  62.0 hPa 255° 23 kt 20111213.00
Part D: 22 33  59.0 hPa 260° 17 kt 20111213.00
Part D: 33 44  53.3 hPa 300° 24 kt 20111213.00
Part D: 44 55  49.7 hPa 290° 13 kt 20111213.00
Part D: 55 66  47.2 hPa 320°  8 kt 20111213.00
Part D: 66 77  46.1 hPa 280°  4 kt 20111213.00
Part D: 77 88  44.0 hPa 190° 11 kt 20111213.00
Part D: 88 99  43.0 hPa 215° 13 kt 20111213.00
Part D: 99 11  40.1 hPa 175°  6 kt 20111213.00
Part D: 11 22  39.0 hPa 130°  6 kt 20111213.00
Part D: 22 33  38.2 hPa 100° 12 kt 20111213.00
Part D: 33 44  37.2 hPa 150° 14 kt 20111213.00
Part D: 44 55  36.4 hPa 160° 18 kt 20111213.00
Part D: 55 66  35.0 hPa 100° 18 kt 20111213.00
Part D: 66 77  33.9 hPa  70° 28 kt 20111213.00
Part D: 77 88  32.5 hPa  90° 40 kt 20111213.00
Part D: 88 99  30.1 hPa 110° 45 kt 20111213.00
Part D: 99 11  26.5 hPa  95° 55 kt 20111213.00
Part D: 11 22  18.4 hPa  90° 76 kt 20111213.00
Part D: 22 33  18.0 hPa  90° 75 kt 20111213.00
Part A:       100.0 hPa 205° 11 kt 20111213.12
Part A:       100.0 hPa 115°  7 kt 20111214.00
Part A:       100.0 hPa  65° 21 kt 20111215.00
Part A:       100.0 hPa  65° 25 kt 20111215.12
Part A:       100.0 hPa  80° 28 kt 20111216.00
Part C:        70.0 hPa 270° 12 kt 20111216.00
Part C:        50.0 hPa 275° 17 kt 20111216.00
Part C:        30.0 hPa  95° 58 kt 20111216.00
Part C:        20.0 hPa  95° 52 kt 20111216.00
Part C:        10.0 hPa  45° 10 kt 20111216.00
Part D: 11     96.1 hPa  60° 18 kt 20111216.00
Part D: 11 22  83.1 hPa  75° 15 kt 20111216.00
Part D: 22 33  80.2 hPa 110° 14 kt 20111216.00
Part D: 33 44  78.0 hPa 170°  7 kt 20111216.00
Part D: 44 55  75.9 hPa 215° 10 kt 20111216.00
Part D: 55 66  70.9 hPa 240°  9 kt 20111216.00
Part D: 66 77  68.9 hPa 290° 14 kt 20111216.00
Part D: 77 88  66.2 hPa 305° 10 kt 20111216.00
Part D: 88 99  63.8 hPa 260° 20 kt 20111216.00
Part D: 99 11  61.7 hPa 250° 22 kt 20111216.00
Part D: 11 22  58.4 hPa 275° 26 kt 20111216.00
Part D: 22 33  51.6 hPa 290° 16 kt 20111216.00
Part D: 33 44  49.4 hPa 270° 17 kt 20111216.00
Part D: 44 55  45.6 hPa 330° 24 kt 20111216.00
Part D: 55 66  44.0 hPa 315° 24 kt 20111216.00
Part D: 66 77  42.1 hPa 335° 19 kt 20111216.00
Part D: 77 88  39.8 hPa  60°  7 kt 20111216.00
Part D: 88 99  39.5 hPa  80°  6 kt 20111216.00
Part D: 99 11  38.7 hPa 120° 12 kt 20111216.00
Part D: 11 22  36.6 hPa 120° 16 kt 20111216.00
Part D: 22 33  35.4 hPa 125° 28 kt 20111216.00
Part D: 33 44  33.2 hPa  95° 56 kt 20111216.00
Part D: 44 55  31.9 hPa  95° 63 kt 20111216.00
Part D: 55 66  29.4 hPa  95° 51 kt 20111216.00
Part D: 66 77  28.1 hPa  75° 55 kt 20111216.00
Part D: 77 88  25.2 hPa  90° 66 kt 20111216.00
Part D: 88 99  20.0 hPa 100° 52 kt 20111216.00
Part D: 99 11  13.5 hPa  90° 72 kt 20111216.00
Part D: 11 22  12.5 hPa  75° 66 kt 20111216.00
Part D: 22 33  11.5 hPa  55° 27 kt 20111216.00
Part D: 33 44  10.8 hPa  55° 17 kt 20111216.00
Part D: 44 55  10.4 hPa  35° 12 kt 20111216.00
Part D: 55 66  10.1 hPa  60° 11 kt 20111216.00
Part D: 66 77  10.0 hPa  35° 10 kt 20111216.00
Part D: 77 88   9.9 hPa  10° 11 kt 20111216.00
Part D: 88 99   9.3 hPa   5°  6 kt 20111216.00
Part D: 99 11   8.4 hPa 245°  4 kt 20111216.00
Part D: 11 22   7.4 hPa 240° 28 kt 20111216.00
Part D: 22 33   7.0 hPa 230° 21 kt 20111216.00
Part D: 33 44   7.0 hPa 225° 19 kt 20111216.00
Part A:       100.0 hPa  90° 33 kt 20111216.12
Part C:        70.0 hPa 275°  8 kt 20111216.12
Part D: 11     96.9 hPa  85° 23 kt 20111216.12
Part D: 11 22  93.4 hPa 105° 20 kt 20111216.12
Part D: 22 33  90.6 hPa 160° 19 kt 20111216.12
Part D: 33 44  82.7 hPa 160° 19 kt 20111216.12
Part D: 44 55  78.0 hPa 130°  9 kt 20111216.12
Part D: 55 66  74.3 hPa 265° 11 kt 20111216.12
Part D: 66 77  68.5 hPa 290°  6 kt 20111216.12
Part A:       100.0 hPa  90° 36 kt 20111217.00
Part C:        70.0 hPa 295°  8 kt 20111217.00
Part C:        50.0 hPa 275° 20 kt 20111217.00
Part C:        30.0 hPa  80° 56 kt 20111217.00
Part C:        20.0 hPa  95° 62 kt 20111217.00
Part C:        10.0 hPa  50°  8 kt 20111217.00
Part D: 11     93.6 hPa 100° 14 kt 20111217.00
Part D: 11 22  92.1 hPa 130° 11 kt 20111217.00
Part D: 22 33  90.9 hPa 160° 12 kt 20111217.00
Part D: 33 44  88.4 hPa 165° 17 kt 20111217.00
Part D: 44 55  87.1 hPa 155° 19 kt 20111217.00
Part D: 55 66  81.4 hPa 105°  4 kt 20111217.00
Part D: 66 77  80.7 hPa  25°  2 kt 20111217.00
Part D: 77 88  78.6 hPa 280° 11 kt 20111217.00
Part D: 88 99  77.6 hPa 285° 15 kt 20111217.00
Part D: 99 11  71.4 hPa 320°  8 kt 20111217.00
Part D: 11 22  71.1 hPa 315°  7 kt 20111217.00
Part D: 22 33  65.8 hPa 245° 13 kt 20111217.00
Part D: 33 44  63.2 hPa 250° 19 kt 20111217.00
Part D: 44 55  59.4 hPa 295° 21 kt 20111217.00
Part D: 55 66  55.7 hPa 280° 10 kt 20111217.00
Part D: 66 77  54.1 hPa 300° 14 kt 20111217.00
Part D: 77 88  50.3 hPa 275° 20 kt 20111217.00
Part D: 88 99  44.6 hPa 295° 10 kt 20111217.00
Part D: 99 11  43.5 hPa 240°  3 kt 20111217.00
Part D: 11 22  42.3 hPa 160° 10 kt 20111217.00
Part D: 22 33  41.0 hPa 180° 15 kt 20111217.00
Part D: 33 44  39.8 hPa 180° 14 kt 20111217.00
Part D: 44 55  37.7 hPa 125° 14 kt 20111217.00
Part D: 55 66  36.5 hPa  70° 17 kt 20111217.00
Part D: 66 77  34.9 hPa  65° 18 kt 20111217.00
Part D: 77 88  32.4 hPa  80° 46 kt 20111217.00
Part D: 88 99  31.0 hPa  90° 48 kt 20111217.00
Part D: 99 11  29.1 hPa  80° 64 kt 20111217.00
Part D: 11 22  27.7 hPa  95° 70 kt 20111217.00
Part D: 22 33  26.7 hPa 105° 63 kt 20111217.00
Part D: 33 44  23.3 hPa  80° 66 kt 20111217.00
Part D: 44 55  20.8 hPa  95° 67 kt 20111217.00
Part D: 55 66  19.7 hPa  90° 61 kt 20111217.00
Part D: 66 77  17.2 hPa  80° 69 kt 20111217.00
Part D: 77 88  14.2 hPa  90° 72 kt 20111217.00
Part D: 88 99  13.7 hPa  85° 69 kt 20111217.00
Part D: 99 11  12.3 hPa 110° 44 kt 20111217.00
Part D: 11 22  10.4 hPa  95° 25 kt 20111217.00
Part D: 22 33   9.7 hPa  45°  8 kt 20111217.00
Part D: 33 44   9.2 hPa  60°  4 kt 20111217.00
Part D: 44 55   8.9 hPa 120° 15 kt 20111217.00
Part D: 55 66   8.8 hPa 115° 19 kt 20111217.00
Part D: 66 77   8.4 hPa 125°  3 kt 20111217.00
Part D: 77 88   8.3 hPa 140°  3 kt 20111217.00
Part D: 88 99   8.1 hPa 245° 11 kt 20111217.00
Part D: 99 11   7.8 hPa 255° 14 kt 20111217.00
Part D: 11 22   7.6 hPa 305° 14 kt 20111217.00
Part A:       100.0 hPa 100° 29 kt 20111217.12
Part C:        70.0 hPa 335° 10 kt 20111217.12
Part C:        50.0 hPa 285° 13 kt 20111217.12
Part C:        30.0 hPa  90° 53 kt 20111217.12
Part C:        20.0 hPa 100° 64 kt 20111217.12
Part C:        10.0 hPa  85° 15 kt 20111217.12
Part D: 11     94.4 hPa 120° 12 kt 20111217.12
Part D: 11 22  91.9 hPa 120° 12 kt 20111217.12
Part D: 22 33  89.8 hPa 150° 10 kt 20111217.12
Part D: 33 44  82.7 hPa 140° 15 kt 20111217.12
Part D: 44 55  78.9 hPa  85°  3 kt 20111217.12
Part D: 55 66  78.5 hPa  65°  3 kt 20111217.12
Part D: 66 77  75.0 hPa 310° 10 kt 20111217.12
Part D: 77 88  69.0 hPa 350° 12 kt 20111217.12
Part D: 88 99  64.8 hPa 295° 18 kt 20111217.12
Part D: 99 11  61.3 hPa 305° 22 kt 20111217.12
Part D: 11 22  56.8 hPa 285° 14 kt 20111217.12
Part D: 22 33  54.7 hPa 320° 14 kt 20111217.12
Part D: 33 44  52.1 hPa 320°  8 kt 20111217.12
Part D: 44 55  50.3 hPa 285° 12 kt 20111217.12
Part D: 55 66  46.0 hPa 230°  9 kt 20111217.12
Part D: 66 77  45.6 hPa 240°  8 kt 20111217.12
Part D: 77 88  42.6 hPa 205° 20 kt 20111217.12
Part D: 88 99  41.8 hPa 195° 16 kt 20111217.12
Part D: 99 11  38.2 hPa 150° 12 kt 20111217.12
Part D: 11 22  36.6 hPa  85° 15 kt 20111217.12
Part D: 22 33  36.2 hPa  70° 17 kt 20111217.12
Part D: 33 44  33.2 hPa  80° 48 kt 20111217.12
Part D: 44 55  30.0 hPa  90° 53 kt 20111217.12
Part D: 55 66  27.6 hPa  80° 58 kt 20111217.12
Part D: 66 77  25.3 hPa  95° 57 kt 20111217.12
Part D: 77 88  22.6 hPa  85° 65 kt 20111217.12
Part D: 88 99  21.0 hPa 100° 64 kt 20111217.12
Part D: 99 11  16.7 hPa 100° 64 kt 20111217.12
Part D: 11 22  14.2 hPa  80° 65 kt 20111217.12
Part D: 22 33  13.4 hPa  90° 75 kt 20111217.12
Part D: 33 44  12.6 hPa  90° 50 kt 20111217.12
Part D: 44 55  11.7 hPa 110° 36 kt 20111217.12
Part D: 55 66  10.8 hPa 110° 33 kt 20111217.12
Part D: 66 77  10.1 hPa  80° 16 kt 20111217.12
Part D: 77 88   9.7 hPa 120° 11 kt 20111217.12
Part D: 88 99   9.5 hPa 120° 15 kt 20111217.12
Part D: 99 11   9.4 hPa 105° 21 kt 20111217.12
Part D: 11 22   9.3 hPa 100° 19 kt 20111217.12
Part D: 22 33   9.0 hPa  10° 10 kt 20111217.12
Part A:       100.0 hPa  85° 37 kt 20111218.00
Part C:        70.0 hPa 350° 11 kt 20111218.00
Part C:        50.0 hPa 220° 20 kt 20111218.00
Part C:        30.0 hPa  90° 56 kt 20111218.00
Part C:        20.0 hPa  85° 66 kt 20111218.00
Part C:        10.0 hPa  40° 12 kt 20111218.00
Part D: 11     93.9 hPa  40° 12 kt 20111218.00
Part D: 11 22  91.5 hPa  55°  9 kt 20111218.00
Part D: 22 33  89.5 hPa  45° 10 kt 20111218.00
Part D: 33 44  86.5 hPa  20° 12 kt 20111218.00
Part D: 44 55  79.1 hPa  45° 16 kt 20111218.00
Part D: 55 66  74.9 hPa   5° 13 kt 20111218.00
Part D: 66 77  71.4 hPa  15° 14 kt 20111218.00
Part D: 77 88  68.1 hPa 300° 15 kt 20111218.00
Part D: 88 99  66.3 hPa 280° 21 kt 20111218.00
Part D: 99 11  64.7 hPa 275° 19 kt 20111218.00
Part D: 11 22  60.1 hPa 225°  1 kt 20111218.00
Part D: 22 33  59.7 hPa 350°  1 kt 20111218.00
Part D: 33 44  54.1 hPa 190° 11 kt 20111218.00
Part D: 44 55  53.0 hPa 210° 15 kt 20111218.00
Part D: 55 66  48.7 hPa 220° 20 kt 20111218.00
Part D: 66 77  46.4 hPa 245° 17 kt 20111218.00
Part D: 77 88  42.5 hPa 210° 19 kt 20111218.00
Part D: 88 99  41.0 hPa 225° 16 kt 20111218.00
Part D: 99 11  39.5 hPa 200° 16 kt 20111218.00
Part D: 11 22  37.9 hPa 100° 12 kt 20111218.00
Part D: 22 33  37.2 hPa  75° 16 kt 20111218.00
Part D: 33 44  36.1 hPa  60° 22 kt 20111218.00
Part D: 44 55  33.6 hPa  90° 34 kt 20111218.00
Part D: 55 66  31.9 hPa  85° 52 kt 20111218.00
Part D: 66 77  26.9 hPa  95° 64 kt 20111218.00
Part D: 77 88  22.3 hPa  90° 71 kt 20111218.00
Part D: 88 99  21.4 hPa  75° 66 kt 20111218.00
Part D: 99 11  15.2 hPa  95° 60 kt 20111218.00
Part D: 11 22  13.5 hPa 105° 80 kt 20111218.00
Part D: 22 33  12.6 hPa  95° 44 kt 20111218.00
Part D: 33 44  11.0 hPa 110° 29 kt 20111218.00
Part D: 44 55  10.4 hPa  90° 14 kt 20111218.00
Part D: 55 66  10.2 hPa  55° 14 kt 20111218.00
Part D: 66 77   9.8 hPa  25° 11 kt 20111218.00
Part D: 77 88   9.2 hPa  25° 12 kt 20111218.00
Part D: 88 99   8.9 hPa  55° 13 kt 20111218.00
Part D: 99 11   8.6 hPa  30° 10 kt 20111218.00
Part D: 11 22   8.5 hPa  15°  9 kt 20111218.00
Part D: 22 33   8.4 hPa 325° 16 kt 20111218.00
Part D: 33 44   8.2 hPa 325° 21 kt 20111218.00
Part D: 44 55   7.9 hPa 305° 22 kt 20111218.00
Part D: 55 66   7.5 hPa 315° 18 kt 20111218.00
Part D: 66 77   7.2 hPa 290° 17 kt 20111218.00
Part D: 77 88   7.0 hPa 260° 13 kt 20111218.00
Part D: 88 99   6.5 hPa 270° 40 kt 20111218.00
Part D: 99 11   5.8 hPa 275° 26 kt 20111218.00
Part D: 11 22   5.5 hPa 235° 33 kt 20111218.00
Part D: 22 33   5.3 hPa 230° 25 kt 20111218.00
Part D: 33 44   5.2 hPa 210° 24 kt 20111218.00
Part D: 44 55   5.0 hPa 235° 24 kt 20111218.00
Part A:       100.0 hPa 100° 62 kt 20111219.12
Part A:       100.0 hPa  90° 73 kt 20111220.00
Part C:        70.0 hPa  80°  7 kt 20111220.00
Part C:        50.0 hPa 305° 17 kt 20111220.00
Part C:        30.0 hPa  90° 51 kt 20111220.00
Part C:        20.0 hPa 100° 54 kt 20111220.00
Part C:        10.0 hPa  60° 12 kt 20111220.00
Part D: 11     91.7 hPa  85° 49 kt 20111220.00
Part D: 11 22  87.8 hPa 110° 21 kt 20111220.00
Part D: 22 33  85.6 hPa 125° 18 kt 20111220.00
Part D: 33 44  81.7 hPa 105°  9 kt 20111220.00
Part D: 44 55  77.4 hPa 120° 18 kt 20111220.00
Part D: 55 66  75.1 hPa 160° 20 kt 20111220.00
Part D: 66 77  73.4 hPa 155° 13 kt 20111220.00
Part D: 77 88  71.9 hPa 105° 10 kt 20111220.00
Part D: 88 99  68.3 hPa 115°  2 kt 20111220.00
Part D: 99 11  68.2 hPa 130°  2 kt 20111220.00
Part D: 11 22  64.8 hPa 260° 13 kt 20111220.00
Part D: 22 33  60.2 hPa 270° 30 kt 20111220.00
Part D: 33 44  57.4 hPa 275° 24 kt 20111220.00
Part D: 44 55  55.6 hPa 300° 26 kt 20111220.00
Part D: 55 66  48.3 hPa 310° 17 kt 20111220.00
Part D: 66 77  45.4 hPa  35° 12 kt 20111220.00
Part D: 77 88  44.5 hPa  25° 13 kt 20111220.00
Part D: 88 99  43.5 hPa 335° 10 kt 20111220.00
Part D: 99 11  42.7 hPa 330° 11 kt 20111220.00
Part D: 11 22  39.8 hPa  20°  8 kt 20111220.00
Part D: 22 33  39.3 hPa  75° 10 kt 20111220.00
Part D: 33 44  38.9 hPa 105° 16 kt 20111220.00
Part D: 44 55  37.3 hPa 135° 25 kt 20111220.00
Part D: 55 66  32.8 hPa  85° 41 kt 20111220.00
Part D: 66 77  31.8 hPa  85° 49 kt 20111220.00
Part D: 77 88  24.4 hPa  95° 65 kt 20111220.00
Part D: 88 99  20.1 hPa 100° 54 kt 20111220.00
Part D: 99 11  14.8 hPa  85° 61 kt 20111220.00
Part D: 11 22  13.1 hPa  95° 76 kt 20111220.00
Part D: 22 33  12.2 hPa 105° 44 kt 20111220.00
Part D: 33 44  11.1 hPa  65° 33 kt 20111220.00
Part D: 44 55  10.7 hPa  80° 37 kt 20111220.00
Part D: 55 66  10.3 hPa  60° 17 kt 20111220.00
Part D: 66 77   9.9 hPa  55° 11 kt 20111220.00
Part D: 77 88   9.6 hPa  75° 10 kt 20111220.00
Part D: 88 99   9.4 hPa 360°  4 kt 20111220.00
Part D: 99 11   9.3 hPa 295° 10 kt 20111220.00
Part D: 11 22   9.2 hPa 285° 14 kt 20111220.00
Part D: 22 33   9.0 hPa 285°  9 kt 20111220.00
Part D: 33 44   8.6 hPa   0°  0 kt 20111220.00
Part D: 44 55   8.0 hPa 110° 14 kt 20111220.00
Part D: 55 66   7.4 hPa  10°  4 kt 20111220.00
Part D: 66 77   7.2 hPa  20°  7 kt 20111220.00
Part D: 77 88   7.1 hPa 280° 15 kt 20111220.00
Part D: 88 99   6.9 hPa 255° 20 kt 20111220.00
Part D: 99 11   6.7 hPa 270° 13 kt 20111220.00
Part D: 11 22   6.5 hPa 255° 19 kt 20111220.00
Part D: 22 33   5.9 hPa 310° 17 kt 20111220.00
Part A:       100.0 hPa  95° 67 kt 20111220.12
Part A:       100.0 hPa  85° 66 kt 20111221.00
Part C:        70.0 hPa 295° 11 kt 20111221.00
Part C:        50.0 hPa 240° 10 kt 20111221.00
Part C:        30.0 hPa 100° 57 kt 20111221.00
Part C:        20.0 hPa  95° 54 kt 20111221.00
Part C:        10.0 hPa  85° 33 kt 20111221.00
Part D: 11     88.3 hPa  95° 63 kt 20111221.00
Part D: 11 22  83.3 hPa  85° 32 kt 20111221.00
Part D: 22 33  80.4 hPa  65° 20 kt 20111221.00
Part D: 33 44  77.6 hPa  45° 17 kt 20111221.00
Part D: 44 55  71.6 hPa  75°  6 kt 20111221.00
Part D: 55 66  71.2 hPa  25°  4 kt 20111221.00
Part D: 66 77  70.0 hPa 295° 11 kt 20111221.00
Part D: 77 88  67.7 hPa 270° 19 kt 20111221.00
Part D: 88 99  64.8 hPa 265° 17 kt 20111221.00
Part D: 99 11  62.1 hPa 280° 26 kt 20111221.00
Part D: 11 22  53.4 hPa 330° 13 kt 20111221.00
Part D: 22 33  52.7 hPa 320° 10 kt 20111221.00
Part D: 33 44  52.0 hPa 285°  7 kt 20111221.00
Part D: 44 55  50.0 hPa 240° 10 kt 20111221.00
Part D: 55 66  49.1 hPa 240° 16 kt 20111221.00
Part D: 66 77  47.7 hPa 215° 19 kt 20111221.00
Part D: 77 88  46.8 hPa 215° 21 kt 20111221.00
Part D: 88 99  45.9 hPa 215° 19 kt 20111221.00
Part D: 99 11  44.7 hPa 180° 17 kt 20111221.00
Part D: 11 22  42.9 hPa 190° 10 kt 20111221.00
Part D: 22 33  42.0 hPa 155°  7 kt 20111221.00
Part D: 33 44  41.1 hPa 130° 14 kt 20111221.00
Part D: 44 55  39.2 hPa 140° 29 kt 20111221.00
Part D: 55 66  35.6 hPa  75° 35 kt 20111221.00
Part D: 66 77  30.7 hPa 100° 51 kt 20111221.00
Part D: 77 88  27.4 hPa 100° 59 kt 20111221.00
Part D: 88 99  26.6 hPa  85° 64 kt 20111221.00
Part D: 99 11  25.7 hPa  80° 64 kt 20111221.00
Part D: 11 22  22.5 hPa 100° 55 kt 20111221.00
Part D: 22 33  17.6 hPa  80° 52 kt 20111221.00
Part D: 33 44  15.6 hPa  90° 50 kt 20111221.00
Part D: 44 55  13.7 hPa  90° 54 kt 20111221.00
Part D: 55 66  13.1 hPa 100° 73 kt 20111221.00
Part D: 66 77  12.3 hPa  85° 39 kt 20111221.00
Part D: 77 88  11.8 hPa  95° 45 kt 20111221.00
Part D: 88 99  11.4 hPa 100° 39 kt 20111221.00
Part D: 99 11  10.5 hPa  75° 29 kt 20111221.00
Part D: 11 22  10.0 hPa  85° 33 kt 20111221.00
Part D: 22 33   9.7 hPa  60° 27 kt 20111221.00
Part D: 33 44   8.7 hPa  85°  9 kt 20111221.00
Part D: 44 55   8.4 hPa  85° 25 kt 20111221.00
Part D: 55 66   8.3 hPa  75° 23 kt 20111221.00
Part D: 66 77   8.2 hPa  10° 14 kt 20111221.00
Part D: 77 88   8.1 hPa 345° 17 kt 20111221.00
Part D: 88 99   8.0 hPa 315° 20 kt 20111221.00
Part D: 99 11   7.8 hPa 310° 23 kt 20111221.00
Part A:       100.0 hPa 105° 58 kt 20111222.00
Part C:        70.0 hPa 315°  9 kt 20111222.00
Part C:        50.0 hPa 210° 13 kt 20111222.00
Part C:        30.0 hPa 100° 51 kt 20111222.00
Part C:        20.0 hPa  95° 64 kt 20111222.00
Part A:       100.0 hPa 100° 62 kt 20111222.12
Part A:       100.0 hPa 100° 58 kt 20111223.12
Part A:       100.0 hPa  90° 64 kt 20111224.00
Part C:        70.0 hPa 280° 18 kt 20111225.00
Part C:        50.0 hPa 305° 13 kt 20111225.00
Part C:        30.0 hPa  90° 47 kt 20111225.00
Part C:        20.0 hPa 100° 62 kt 20111225.00
Part C:        10.0 hPa 115° 33 kt 20111225.00
Part D: 11     88.5 hPa 110° 35 kt 20111225.00
Part D: 11 22  84.5 hPa 235°  3 kt 20111225.00
Part D: 22 33  80.5 hPa 280° 29 kt 20111225.00
Part D: 33 44  78.8 hPa 285° 33 kt 20111225.00
Part D: 44 55  71.9 hPa 295° 19 kt 20111225.00
Part D: 55 66  65.7 hPa 240° 20 kt 20111225.00
Part D: 66 77  52.9 hPa 310° 15 kt 20111225.00
Part D: 77 88  46.5 hPa 295° 11 kt 20111225.00
Part D: 88 99  45.6 hPa 275° 10 kt 20111225.00
Part D: 99 11  43.7 hPa 285°  4 kt 20111225.00
Part D: 11 22  41.9 hPa 320°  4 kt 20111225.00
Part D: 22 33  40.3 hPa 135°  8 kt 20111225.00
Part D: 33 44  35.8 hPa  80° 35 kt 20111225.00
Part D: 44 55  32.2 hPa  90° 43 kt 20111225.00
Part D: 55 66  25.6 hPa  95° 58 kt 20111225.00
Part D: 66 77  24.8 hPa  95° 62 kt 20111225.00
Part D: 77 88  19.3 hPa 100° 62 kt 20111225.00
Part D: 88 99  16.6 hPa  90° 65 kt 20111225.00
Part D: 99 11  14.5 hPa  80° 65 kt 20111225.00
Part D: 11 22  12.6 hPa  80° 63 kt 20111225.00
Part D: 22 33  11.8 hPa  85° 54 kt 20111225.00
Part D: 33 44  11.4 hPa  85° 37 kt 20111225.00
Part D: 44 55  10.8 hPa  95° 45 kt 20111225.00
Part D: 55 66  10.1 hPa 115° 34 kt 20111225.00
Part D: 66 77   9.8 hPa 110° 28 kt 20111225.00
Part A:       100.0 hPa  95° 77 kt 20111226.00
Part C:        70.0 hPa 275° 17 kt 20111226.00
Part C:        50.0 hPa 225° 11 kt 20111226.00
Part C:        30.0 hPa 105° 46 kt 20111226.00
Part C:        20.0 hPa  90° 75 kt 20111226.00
Part C:        10.0 hPa  80° 19 kt 20111226.00
Part D: 11     92.5 hPa  80° 29 kt 20111226.00
Part D: 11 22  88.1 hPa 355°  9 kt 20111226.00
Part D: 22 33  84.7 hPa 325° 17 kt 20111226.00
Part D: 33 44  81.9 hPa 340° 21 kt 20111226.00
Part D: 44 55  79.3 hPa 340° 13 kt 20111226.00
Part D: 55 66  75.4 hPa 285° 22 kt 20111226.00
Part D: 66 77  72.9 hPa 295° 13 kt 20111226.00
Part D: 77 88  68.2 hPa 265° 21 kt 20111226.00
Part D: 88 99  64.9 hPa 280° 17 kt 20111226.00
Part D: 99 11  56.4 hPa 255°  9 kt 20111226.00
Part D: 11 22  54.6 hPa 275° 13 kt 20111226.00
Part D: 22 33  52.8 hPa 240° 10 kt 20111226.00
Part D: 33 44  47.2 hPa 210° 13 kt 20111226.00
Part D: 44 55  44.4 hPa 205°  5 kt 20111226.00
Part D: 55 66  42.4 hPa 360° 14 kt 20111226.00
Part D: 66 77  41.1 hPa  10° 20 kt 20111226.00
Part D: 77 88  39.8 hPa  35° 14 kt 20111226.00
Part D: 88 99  34.7 hPa  50° 36 kt 20111226.00
Part D: 99 11  33.6 hPa  70° 39 kt 20111226.00
Part D: 11 22  31.9 hPa 100° 48 kt 20111226.00
Part D: 22 33  30.8 hPa 110° 45 kt 20111226.00
Part D: 33 44  27.4 hPa  85° 55 kt 20111226.00
Part D: 44 55  24.0 hPa  90° 73 kt 20111226.00
Part D: 55 66  13.8 hPa  95° 80 kt 20111226.00
Part D: 66 77  13.1 hPa  95° 70 kt 20111226.00
Part D: 77 88  11.8 hPa  55° 29 kt 20111226.00
Part D: 88 99  11.1 hPa  75° 41 kt 20111226.00
Part D: 99 11  10.7 hPa  65° 30 kt 20111226.00
Part D: 11 22   9.4 hPa 115° 13 kt 20111226.00
Part C:        70.0 hPa 265° 29 kt 20111228.00
Part C:        50.0 hPa 175° 12 kt 20111228.00
Part C:        30.0 hPa  85° 49 kt 20111228.00
Part C:        20.0 hPa  85° 59 kt 20111228.00
Part D: 11     93.8 hPa 200°  7 kt 20111228.00
Part D: 11 22  88.0 hPa 260° 17 kt 20111228.00
Part D: 22 33  80.3 hPa 270° 39 kt 20111228.00
Part D: 33 44  76.8 hPa 285° 35 kt 20111228.00
Part D: 44 55  70.5 hPa 265° 30 kt 20111228.00
Part D: 55 66  64.4 hPa 285°  8 kt 20111228.00
Part D: 66 77  63.4 hPa 275°  6 kt 20111228.00
Part D: 77 88  61.4 hPa 315°  8 kt 20111228.00
Part D: 88 99  60.5 hPa 275°  3 kt 20111228.00
Part D: 99 11  58.6 hPa 340°  4 kt 20111228.00
Part D: 11 22  56.8 hPa 145°  3 kt 20111228.00
Part D: 22 33  55.0 hPa 190°  4 kt 20111228.00
Part D: 33 44  54.1 hPa 175° 12 kt 20111228.00
Part D: 44 55  52.4 hPa 180° 18 kt 20111228.00
Part D: 55 66  47.0 hPa 145°  4 kt 20111228.00
Part D: 66 77  45.5 hPa  40°  8 kt 20111228.00
Part D: 77 88  44.2 hPa  30° 10 kt 20111228.00
Part D: 88 99  42.8 hPa  50°  9 kt 20111228.00
Part D: 99 11  39.5 hPa  90° 10 kt 20111228.00
Part D: 11 22  37.7 hPa 125° 23 kt 20111228.00
Part D: 22 33  35.4 hPa 110° 28 kt 20111228.00
Part D: 33 44  33.6 hPa  70° 30 kt 20111228.00
Part D: 44 55  29.5 hPa  85° 52 kt 20111228.00
Part D: 55 66  27.6 hPa 100° 56 kt 20111228.00
Part D: 66 77  25.0 hPa  95° 59 kt 20111228.00
Part D: 77 88  22.2 hPa  85° 53 kt 20111228.00
Part D: 88 99  21.1 hPa  85° 60 kt 20111228.00
Part D: 99 11  12.6 hPa 105° 57 kt 20111228.00
Part D: 11 22  11.1 hPa 125° 44 kt 20111228.00
Part D: 22 33  10.5 hPa 135° 25 kt 20111228.00
Part D: 33 44  10.1 hPa 110° 28 kt 20111228.00
Part A:       100.0 hPa 105° 37 kt 20111228.12
Part A:       100.0 hPa  15°  9 kt 20111229.00
Part C:        70.0 hPa 255° 23 kt 20111229.00
Part C:        50.0 hPa  50° 10 kt 20111229.00
Part C:        30.0 hPa 105° 49 kt 20111229.00
Part C:        20.0 hPa  90° 59 kt 20111229.00
Part C:        10.0 hPa  95° 17 kt 20111229.00
Part D: 11     98.1 hPa 325° 13 kt 20111229.00
Part D: 11 22  96.6 hPa 300° 13 kt 20111229.00
Part D: 22 33  91.3 hPa 305° 27 kt 20111229.00
Part D: 33 44  84.4 hPa 320° 21 kt 20111229.00
Part D: 44 55  80.8 hPa 305° 16 kt 20111229.00
Part D: 55 66  76.6 hPa 280° 27 kt 20111229.00
Part D: 66 77  73.5 hPa 265° 32 kt 20111229.00
Part D: 77 88  68.8 hPa 250° 21 kt 20111229.00
Part D: 88 99  64.4 hPa 200°  9 kt 20111229.00
Part D: 99 11  61.8 hPa 185°  7 kt 20111229.00
Part D: 11 22  58.8 hPa 195°  7 kt 20111229.00
Part D: 22 33  58.0 hPa 220°  4 kt 20111229.00
Part D: 33 44  57.3 hPa  95°  2 kt 20111229.00
Part D: 44 55  56.6 hPa  10°  5 kt 20111229.00
Part D: 55 66  54.3 hPa 105°  7 kt 20111229.00
Part D: 66 77  53.6 hPa 105°  9 kt 20111229.00
Part D: 77 88  51.5 hPa  35° 11 kt 20111229.00
Part D: 88 99  49.6 hPa  50° 10 kt 20111229.00
Part D: 99 11  47.6 hPa  30° 11 kt 20111229.00
Part D: 11 22  43.3 hPa  70° 10 kt 20111229.00
Part D: 22 33  42.1 hPa  70° 16 kt 20111229.00
Part D: 33 44  40.5 hPa  50°  5 kt 20111229.00
Part D: 44 55  39.4 hPa 105°  7 kt 20111229.00
Part D: 55 66  37.8 hPa 125°  8 kt 20111229.00
Part D: 66 77  35.8 hPa  65° 16 kt 20111229.00
Part D: 77 88  34.8 hPa  55° 19 kt 20111229.00
Part D: 88 99  33.3 hPa  85° 37 kt 20111229.00
Part D: 99 11  30.2 hPa 110° 50 kt 20111229.00
Part D: 11 22  27.7 hPa  90° 41 kt 20111229.00
Part D: 22 33  22.6 hPa  80° 47 kt 20111229.00
Part D: 33 44  20.2 hPa  90° 58 kt 20111229.00
Part D: 44 55  17.6 hPa  90° 70 kt 20111229.00
Part D: 55 66  11.9 hPa  75° 58 kt 20111229.00
Part D: 66 77  11.0 hPa  95° 39 kt 20111229.00
Part D: 77 88  10.6 hPa 120° 21 kt 20111229.00
Part D: 88 99   9.9 hPa  90° 16 kt 20111229.00
Part A:       100.0 hPa 150°  8 kt 20111229.12
Part C:        70.0 hPa 280° 22 kt 20111229.12
Part D: 11     99.4 hPa 165°  8 kt 20111229.12
Part D: 11 22  96.5 hPa 245°  9 kt 20111229.12
Part D: 22 33  94.0 hPa 245° 15 kt 20111229.12
Part D: 33 44  91.8 hPa 255° 23 kt 20111229.12
Part D: 44 55  90.0 hPa 250° 25 kt 20111229.12
Part D: 55 66  88.1 hPa 250° 27 kt 20111229.12
Part D: 66 77  86.2 hPa 255° 21 kt 20111229.12
Part D: 77 88  84.3 hPa 275° 13 kt 20111229.12
Part D: 88 99  82.3 hPa 305°  7 kt 20111229.12
Part D: 99 11  80.4 hPa 335°  6 kt 20111229.12
Part D: 11 22  78.5 hPa 285° 15 kt 20111229.12
Part D: 22 33  76.6 hPa 280° 21 kt 20111229.12
Part D: 33 44  75.0 hPa 280° 21 kt 20111229.12
Part D: 44 55  73.4 hPa 270° 18 kt 20111229.12
Part D: 55 66  71.8 hPa 275° 18 kt 20111229.12
Part D: 66 77  70.0 hPa 280° 22 kt 20111229.12
Part A:       100.0 hPa  55° 13 kt 20111231.00
Part C:        70.0 hPa  15° 12 kt 20111231.00
Part C:        50.0 hPa 200° 13 kt 20111231.00
Part C:        30.0 hPa  75° 41 kt 20111231.00
Part C:        20.0 hPa  95° 65 kt 20111231.00
Part C:        10.0 hPa 105° 52 kt 20111231.00
Part D: 11     85.6 hPa 225°  7 kt 20111231.00
Part D: 11 22  78.1 hPa 305° 20 kt 20111231.00
Part D: 22 33  69.7 hPa  20° 12 kt 20111231.00
Part D: 33 44  64.0 hPa 355°  8 kt 20111231.00
Part D: 44 55  62.7 hPa   5°  4 kt 20111231.00
Part D: 55 66  60.7 hPa  95°  4 kt 20111231.00
Part D: 66 77  50.7 hPa 200° 10 kt 20111231.00
Part D: 77 88  49.1 hPa 205° 17 kt 20111231.00
Part D: 88 99  41.8 hPa 180° 11 kt 20111231.00
Part D: 99 11  34.4 hPa  95° 31 kt 20111231.00
Part D: 11 22  33.3 hPa  95° 40 kt 20111231.00
Part D: 22 33  32.1 hPa  85° 38 kt 20111231.00
Part D: 33 44  30.9 hPa  80° 36 kt 20111231.00
Part D: 44 55  29.9 hPa  75° 41 kt 20111231.00
Part D: 55 66  28.8 hPa  85° 50 kt 20111231.00
Part D: 66 77  27.9 hPa  85° 47 kt 20111231.00
Part D: 77 88  27.0 hPa  85° 50 kt 20111231.00
Part D: 88 99  26.2 hPa  90° 54 kt 20111231.00
Part D: 99 11  25.3 hPa  95° 57 kt 20111231.00
Part D: 11 22  24.4 hPa  90° 61 kt 20111231.00
Part D: 22 33  23.6 hPa  90° 63 kt 20111231.00
Part D: 33 44  22.8 hPa  90° 64 kt 20111231.00
Part D: 44 55  22.0 hPa  95° 66 kt 20111231.00
Part D: 55 66  21.2 hPa 100° 72 kt 20111231.00
Part D: 66 77  19.7 hPa  95° 63 kt 20111231.00
Part D: 77 88  14.9 hPa 100° 74 kt 20111231.00
Part D: 88 99  14.4 hPa  95° 68 kt 20111231.00
Part D: 99 11  13.9 hPa  95° 73 kt 20111231.00
Part D: 11 22  13.2 hPa  90° 67 kt 20111231.00
Part D: 22 33  12.7 hPa  90° 80 kt 20111231.00
Part D: 33 44  11.3 hPa  95° 45 kt 20111231.00
Part D: 44 55  10.0 hPa 105° 53 kt 20111231.00
Part D: 55 66   9.7 hPa  95° 44 kt 20111231.00
Part D: 66 77   9.4 hPa  95° 47 kt 20111231.00
Part A:       100.0 hPa  40°  6 kt 20111231.12
Part C:        20.0 hPa  90° 54 kt 20111231.12
Part C:        10.0 hPa  95° 56 kt 20111231.12
Part D: 11     97.8 hPa 340°  7 kt 20111231.12
Part D: 11 22  93.0 hPa 310° 16 kt 20111231.12
Part D: 22 33  89.7 hPa 300° 22 kt 20111231.12
Part D: 33 44  85.1 hPa 245° 20 kt 20111231.12
Part D: 44 55  80.7 hPa 255° 15 kt 20111231.12
Part D: 55 66  78.0 hPa 295° 24 kt 20111231.12
Part D: 66 77  73.9 hPa 320° 27 kt 20111231.12
Part D: 77 88  71.2 hPa 360° 19 kt 20111231.12
Part D: 88 99  67.5 hPa  30° 16 kt 20111231.12
Part D: 99 11  65.1 hPa  30°  6 kt 20111231.12
Part D: 11 22  61.7 hPa 170°  5 kt 20111231.12
Part D: 22 33  59.5 hPa 215° 13 kt 20111231.12
Part D: 33 44  56.6 hPa 185°  9 kt 20111231.12
Part D: 44 55  55.5 hPa 200°  9 kt 20111231.12
Part D: 55 66  53.6 hPa 195° 21 kt 20111231.12
Part D: 66 77  48.6 hPa 200°  7 kt 20111231.12
Part D: 77 88  46.9 hPa 255°  3 kt 20111231.12
Part D: 88 99  46.1 hPa 200°  4 kt 20111231.12
Part D: 99 11  44.5 hPa 275°  2 kt 20111231.12
Part D: 11 22  43.0 hPa 360°  8 kt 20111231.12
Part D: 22 33  41.5 hPa  95°  4 kt 20111231.12
Part D: 33 44  38.0 hPa  70° 10 kt 20111231.12
Part D: 44 55  36.0 hPa  95° 26 kt 20111231.12
Part D: 55 66  34.2 hPa  85° 24 kt 20111231.12
Part D: 66 77  30.6 hPa  70° 49 kt 20111231.12
Part D: 77 88  28.6 hPa 110° 49 kt 20111231.12
Part D: 88 99  26.2 hPa 100° 53 kt 20111231.12
Part D: 99 11  24.0 hPa  95° 60 kt 20111231.12
Part D: 11 22  17.2 hPa  90° 49 kt 20111231.12
Part D: 22 33  15.9 hPa  90° 66 kt 20111231.12
Part D: 33 44  14.4 hPa  95° 76 kt 20111231.12
Part D: 44 55  14.0 hPa  95° 64 kt 20111231.12
Part D: 55 66  12.3 hPa  95° 81 kt 20111231.12
Part D: 66 77  10.7 hPa  90° 35 kt 20111231.12
Part D: 77 88   9.9 hPa  95° 59 kt 20111231.12
Interpoliere die QBO aus den RS Daten
 Jahr:        2011 Date:        1112
 Filepath: 
 ./qbo_data_new/qbo.dat
