Pararmeterliste beim QBO Aufruf:  -g -w -a 2014.06 --
2014.06
Kopiere RS Daten aus dem Archiv
 TTCC  51001 48698                                                                                                                                                                                                                                               
 8                                                                                                                                                                                                                                               
 TTCC  5112/ 48698 NIL=                                                                                                                                                                                                                                          
 =                                                                                                                                                                                                                                          
 TTCC  52001 48698                                                                                                                                                                                                                                               
 8                                                                                                                                                                                                                                               
 TTCC  5212/ 48698                                                                                                                                                                                                                                               
 8                                                                                                                                                                                                                                               
 TTCC  53001 48698                                                                                                                                                                                                                                               
 8                                                                                                                                                                                                                                               
 TTCC  53121 48698                                                                                                                                                                                                                                               
 8                                                                                                                                                                                                                                               
 TTCC  54002 48698                                                                                                                                                                                                                                               
 8                                                                                                                                                                                                                                               
 TTCC  54121 48698                                                                                                                                                                                                                                               
 8                                                                                                                                                                                                                                               
 TTCC  55001 48698                                                                                                                                                                                                                                               
 8                                                                                                                                                                                                                                               
 TTCC  5512/ 48698                                                                                                                                                                                                                                               
 8                                                                                                                                                                                                                                               
 TTCC  56001 48698                                                                                                                                                                                                                                               
 8                                                                                                                                                                                                                                               
 TTCC  5612/ 48698                                                                                                                                                                                                                                               
 8                                                                                                                                                                                                                                               
 TTCC  57001 48698                                                                                                                                                                                                                                               
 8                                                                                                                                                                                                                                               
 TTCC  57125 48698                                                                                                                                                                                                                                               
 8                                                                                                                                                                                                                                               
 TTCC  58007 48698                                                                                                                                                                                                                                               
 8                                                                                                                                                                                                                                               
 TTCC  58121 48698                                                                                                                                                                                                                                               
 8                                                                                                                                                                                                                                               
 TTCC  59001 48698                                                                                                                                                                                                                                               
 8                                                                                                                                                                                                                                               
 TTCC  59121 48698                                                                                                                                                                                                                                               
 8                                                                                                                                                                                                                                               
 TTCC  60001 48698                                                                                                                                                                                                                                               
 8                                                                                                                                                                                                                                               
 TTCC  60127 48698                                                                                                                                                                                                                                               
 8                                                                                                                                                                                                                                               
 TTCC 6100/ 48698 NIL=                                                                                                                                                                                                                                           
 =                                                                                                                                                                                                                                           
 TTCC  61127 48698                                                                                                                                                                                                                                               
 8                                                                                                                                                                                                                                               
 TTCC  62001 48698                                                                                                                                                                                                                                               
 8                                                                                                                                                                                                                                               
 TTCC  62125 48698                                                                                                                                                                                                                                               
 8                                                                                                                                                                                                                                               
 TTCC  63001 48698                                                                                                                                                                                                                                               
 8                                                                                                                                                                                                                                               
 TTCC  6312/ 48698                                                                                                                                                                                                                                               
 8                                                                                                                                                                                                                                               
 TTCC  6400/ 48698                                                                                                                                                                                                                                               
 8                                                                                                                                                                                                                                               
 TTCC  64122 48698                                                                                                                                                                                                                                               
 8                                                                                                                                                                                                                                               
 TTCC  65007 48698                                                                                                                                                                                                                                               
 8                                                                                                                                                                                                                                               
 TTCC  65122 48698                                                                                                                                                                                                                                               
 8                                                                                                                                                                                                                                               
 TTCC  66001 48698                                                                                                                                                                                                                                               
 8                                                                                                                                                                                                                                               
 TTCC  66123 48698                                                                                                                                                                                                                                               
 8                                                                                                                                                                                                                                               
 TTCC  67001 48698                                                                                                                                                                                                                                               
 8                                                                                                                                                                                                                                               
 TTCC  67121 48698                                                                                                                                                                                                                                               
 8                                                                                                                                                                                                                                               
 TTCC  68001 48698                                                                                                                                                                                                                                               
 8                                                                                                                                                                                                                                               
 TTCC  68125 48698                                                                                                                                                                                                                                               
 8                                                                                                                                                                                                                                               
 TTCC  6900/ 48698                                                                                                                                                                                                                                               
 8                                                                                                                                                                                                                                               
 TTCC  6912/ 48698 NIL=                                                                                                                                                                                                                                          
 =                                                                                                                                                                                                                                          
 TTCC  70001 48698                                                                                                                                                                                                                                               
 8                                                                                                                                                                                                                                               
 TTCC 7011/ 48698 NIL=                                                                                                                                                                                                                                           
 =                                                                                                                                                                                                                                           
 TTCC  71001 48698                                                                                                                                                                                                                                               
 8                                                                                                                                                                                                                                               
 TTCC 7111/ 48698 NIL=                                                                                                                                                                                                                                           
 =                                                                                                                                                                                                                                           
 TTCC  72005 48698                                                                                                                                                                                                                                               
 8                                                                                                                                                                                                                                               
 TTCC 7211/ 48698 NIL=                                                                                                                                                                                                                                           
 =                                                                                                                                                                                                                                           
 TTCC  73001 48698                                                                                                                                                                                                                                               
 8                                                                                                                                                                                                                                               
 TTCC 7311/ 48698 NIL=                                                                                                                                                                                                                                           
 =                                                                                                                                                                                                                                           
 TTCC  74001 48698                                                                                                                                                                                                                                               
 8                                                                                                                                                                                                                                               
 TTCC 7411/ 48698 NIL=                                                                                                                                                                                                                                           
 =                                                                                                                                                                                                                                           
 TTCC  75001 48698                                                                                                                                                                                                                                               
 8                                                                                                                                                                                                                                               
 TTCC 7511/ 48698 NIL=                                                                                                                                                                                                                                           
 =                                                                                                                                                                                                                                           
 TTCC 7601/ 48698 NIL=                                                                                                                                                                                                                                           
 =                                                                                                                                                                                                                                           
 TTCC 7611/ 48698 NIL=                                                                                                                                                                                                                                           
 =                                                                                                                                                                                                                                           
 TTCC  77001 48698                                                                                                                                                                                                                                               
 8                                                                                                                                                                                                                                               
 TTCC 7711/ 48698 NIL=                                                                                                                                                                                                                                           
 =                                                                                                                                                                                                                                           
 TTCC  78007 48698                                                                                                                                                                                                                                               
 8                                                                                                                                                                                                                                               
 TTCC 7811/ 48698 NIL=                                                                                                                                                                                                                                           
 =                                                                                                                                                                                                                                           
 TTCC  79005 48698                                                                                                                                                                                                                                               
 8                                                                                                                                                                                                                                               
 TTCC 7911/ 48698 NIL=                                                                                                                                                                                                                                           
 =                                                                                                                                                                                                                                           
 TTCC  80001 48698                                                                                                                                                                                                                                               
 8                                                                                                                                                                                                                                               
 TTCC 8011/ 48698 NIL=                                                                                                                                                                                                                                           
 =                                                                                                                                                                                                                                           
Parse RS Daten
Part A:       100.0 hPa  50° 14 kt 20140601.00
Part C:        70.0 hPa 290°  4 kt 20140601.00
Part C:        50.0 hPa 285° 27 kt 20140601.00
Part C:        30.0 hPa  75° 36 kt 20140601.00
Part C:        20.0 hPa 105° 50 kt 20140601.00
Part C:        10.0 hPa  85° 65 kt 20140601.00
Part D: 11     97.2 hPa  40°  9 kt 20140601.00
Part D: 11 22  94.3 hPa 355°  5 kt 20140601.00
Part D: 22 33  91.2 hPa  10° 11 kt 20140601.00
Part D: 33 44  88.4 hPa 260°  3 kt 20140601.00
Part D: 44 55  85.6 hPa 235°  7 kt 20140601.00
Part D: 55 66  81.6 hPa 245° 19 kt 20140601.00
Part D: 66 77  76.6 hPa 155°  3 kt 20140601.00
Part D: 77 88  75.5 hPa 155°  6 kt 20140601.00
Part D: 88 99  73.1 hPa 185° 11 kt 20140601.00
Part D: 99 11  70.9 hPa 220°  3 kt 20140601.00
Part D: 11 22  68.7 hPa 305°  9 kt 20140601.00
Part D: 22 33  67.6 hPa 270° 13 kt 20140601.00
Part D: 33 44  61.5 hPa 305° 22 kt 20140601.00
Part D: 44 55  59.7 hPa 310° 24 kt 20140601.00
Part D: 55 66  51.9 hPa 260° 26 kt 20140601.00
Part D: 66 77  45.9 hPa 305° 24 kt 20140601.00
Part D: 77 88  43.7 hPa 305° 15 kt 20140601.00
Part D: 88 99  42.3 hPa 315°  9 kt 20140601.00
Part D: 99 11  41.0 hPa 165°  6 kt 20140601.00
Part D: 11 22  38.6 hPa 135° 16 kt 20140601.00
Part D: 22 33  35.5 hPa  85° 25 kt 20140601.00
Part D: 33 44  33.2 hPa 115° 30 kt 20140601.00
Part D: 44 55  31.2 hPa  70° 29 kt 20140601.00
Part D: 55 66  28.8 hPa  70° 44 kt 20140601.00
Part D: 66 77  26.9 hPa  90° 52 kt 20140601.00
Part D: 77 88  23.8 hPa  95° 41 kt 20140601.00
Part D: 88 99  20.8 hPa 100° 49 kt 20140601.00
Part D: 99 11  13.2 hPa  95° 60 kt 20140601.00
Part D: 11 22  11.7 hPa  90° 62 kt 20140601.00
Part D: 22 33  11.6 hPa  90° 69 kt 20140601.00
Part D: 33 44  11.2 hPa  90° 61 kt 20140601.00
Part D: 44 55   8.6 hPa  85° 75 kt 20140601.00
Part D: 55 66   8.3 hPa  95° 75 kt 20140601.00
Part D: 66 77   8.1 hPa  95° 57 kt 20140601.00
Part D: 77 88   7.8 hPa 105° 64 kt 20140601.00
Part D: 88 99   7.6 hPa  90° 49 kt 20140601.00
Part D: 99 11   7.3 hPa  95° 63 kt 20140601.00
Part D: 11 22   7.1 hPa 105° 49 kt 20140601.00
Part D: 22 33   6.6 hPa  60° 18 kt 20140601.00
Part D: 33 44   6.5 hPa  75° 27 kt 20140601.00
Part A:       100.0 hPa  70° 25 kt 20140601.12
Part A:       100.0 hPa  45° 30 kt 20140602.00
Part C:        70.0 hPa 275° 19 kt 20140602.00
Part C:        50.0 hPa 310° 15 kt 20140602.00
Part C:        30.0 hPa  75° 28 kt 20140602.00
Part C:        20.0 hPa  95° 44 kt 20140602.00
Part C:        10.0 hPa 110° 69 kt 20140602.00
Part D: 11     88.4 hPa  95°  6 kt 20140602.00
Part D: 11 22  83.7 hPa 200°  5 kt 20140602.00
Part D: 22 33  80.1 hPa 220° 11 kt 20140602.00
Part D: 33 44  77.6 hPa 245°  5 kt 20140602.00
Part D: 44 55  76.4 hPa 215°  4 kt 20140602.00
Part D: 55 66  75.3 hPa 215°  7 kt 20140602.00
Part D: 66 77  71.9 hPa 275° 13 kt 20140602.00
Part D: 77 88  69.7 hPa 275° 20 kt 20140602.00
Part D: 88 99  64.4 hPa 355° 10 kt 20140602.00
Part D: 99 11  62.4 hPa 300° 21 kt 20140602.00
Part D: 11 22  59.7 hPa 300° 32 kt 20140602.00
Part D: 22 33  52.0 hPa 320° 22 kt 20140602.00
Part D: 33 44  51.2 hPa 305° 19 kt 20140602.00
Part D: 44 55  48.7 hPa 320°  4 kt 20140602.00
Part D: 55 66  47.2 hPa 210° 14 kt 20140602.00
Part D: 66 77  45.1 hPa 200° 18 kt 20140602.00
Part D: 77 88  43.8 hPa 220° 17 kt 20140602.00
Part D: 88 99  41.7 hPa 220° 31 kt 20140602.00
Part D: 99 11  38.3 hPa 160° 16 kt 20140602.00
Part D: 11 22  36.6 hPa  95° 16 kt 20140602.00
Part D: 22 33  35.4 hPa 105° 29 kt 20140602.00
Part D: 33 44  28.7 hPa  90° 26 kt 20140602.00
Part D: 44 55  27.7 hPa  85° 38 kt 20140602.00
Part D: 55 66  26.8 hPa 105° 36 kt 20140602.00
Part D: 66 77  23.4 hPa  75° 38 kt 20140602.00
Part D: 77 88  21.9 hPa  95° 44 kt 20140602.00
Part D: 88 99  18.5 hPa  85° 53 kt 20140602.00
Part D: 99 11  16.3 hPa  85° 50 kt 20140602.00
Part D: 11 22  14.9 hPa  80° 57 kt 20140602.00
Part D: 22 33  11.7 hPa  80° 70 kt 20140602.00
Part D: 33 44  11.4 hPa  85° 79 kt 20140602.00
Part D: 44 55  10.3 hPa 110° 67 kt 20140602.00
Part D: 55 66   9.4 hPa 100° 72 kt 20140602.00
Part D: 66 77   9.1 hPa 100° 66 kt 20140602.00
Part D: 77 88   7.9 hPa  95° 80 kt 20140602.00
Part D: 88 99   7.7 hPa 110° 66 kt 20140602.00
Part D: 99 11   7.5 hPa 100° 62 kt 20140602.00
Part D: 11 22   7.0 hPa  70° 28 kt 20140602.00
Part D: 22 33   6.6 hPa 155°  3 kt 20140602.00
Part D: 33 44   6.4 hPa 265° 10 kt 20140602.00
Part A:       100.0 hPa  85° 31 kt 20140602.12
Part D: 11     96.6 hPa 115° 12 kt 20140602.12
Part D: 11 22  94.8 hPa 150°  6 kt 20140602.12
Part D: 22 33  93.1 hPa 170°  8 kt 20140602.12
Part D: 33 44  91.5 hPa 175°  9 kt 20140602.12
Part D: 44 55  89.9 hPa 220°  8 kt 20140602.12
Part D: 55 66  86.9 hPa 260° 10 kt 20140602.12
Part D: 66 77  85.3 hPa 260° 14 kt 20140602.12
Part D: 77 88  82.4 hPa 240° 11 kt 20140602.12
Part D: 88 99  79.1 hPa 265°  5 kt 20140602.12
Part A:       100.0 hPa  60° 19 kt 20140603.00
Part C:        70.0 hPa 280° 19 kt 20140603.00
Part C:        50.0 hPa 195° 20 kt 20140603.00
Part C:        30.0 hPa  90° 49 kt 20140603.00
Part C:        20.0 hPa  90° 60 kt 20140603.00
Part C:        10.0 hPa  90° 71 kt 20140603.00
Part D: 11     93.9 hPa 200°  4 kt 20140603.00
Part D: 11 22  92.3 hPa 245°  9 kt 20140603.00
Part D: 22 33  89.6 hPa 270°  8 kt 20140603.00
Part D: 33 44  87.0 hPa 250° 16 kt 20140603.00
Part D: 44 55  78.0 hPa 345° 14 kt 20140603.00
Part D: 55 66  72.4 hPa  35°  8 kt 20140603.00
Part D: 66 77  71.4 hPa 310°  9 kt 20140603.00
Part D: 77 88  69.5 hPa 280° 23 kt 20140603.00
Part D: 88 99  67.4 hPa 265° 23 kt 20140603.00
Part D: 99 11  63.3 hPa 300° 22 kt 20140603.00
Part D: 11 22  61.4 hPa 280° 13 kt 20140603.00
Part D: 22 33  60.6 hPa 245° 10 kt 20140603.00
Part D: 33 44  58.1 hPa 245° 16 kt 20140603.00
Part D: 44 55  53.0 hPa 220° 21 kt 20140603.00
Part D: 55 66  49.9 hPa 195° 19 kt 20140603.00
Part D: 66 77  47.7 hPa 220° 30 kt 20140603.00
Part D: 77 88  46.3 hPa 230° 41 kt 20140603.00
Part D: 88 99  39.8 hPa 260° 15 kt 20140603.00
Part D: 99 11  38.5 hPa 350°  5 kt 20140603.00
Part D: 11 22  37.9 hPa  40° 10 kt 20140603.00
Part D: 22 33  35.7 hPa  50° 23 kt 20140603.00
Part D: 33 44  33.1 hPa  50° 36 kt 20140603.00
Part D: 44 55  30.6 hPa  85° 48 kt 20140603.00
Part D: 55 66  28.2 hPa 100° 43 kt 20140603.00
Part D: 66 77  24.4 hPa 100° 55 kt 20140603.00
Part D: 77 88  22.5 hPa 105° 51 kt 20140603.00
Part D: 88 99  16.6 hPa  90° 66 kt 20140603.00
Part D: 99 11  10.9 hPa  90° 73 kt 20140603.00
Part D: 11 22   8.7 hPa  85° 60 kt 20140603.00
Part D: 22 33   8.4 hPa  95° 66 kt 20140603.00
Part D: 33 44   8.2 hPa 105° 50 kt 20140603.00
Part D: 44 55   8.0 hPa 100° 70 kt 20140603.00
Part D: 55 66   7.6 hPa 100° 61 kt 20140603.00
Part D: 66 77   7.5 hPa 105° 62 kt 20140603.00
Part D: 77 88   7.0 hPa  70° 11 kt 20140603.00
Part D: 88 99   6.9 hPa  35° 10 kt 20140603.00
Part D: 99 11   6.8 hPa  75°  6 kt 20140603.00
Part D: 11 22   6.7 hPa 320°  8 kt 20140603.00
Part D: 22 33   6.2 hPa 305° 36 kt 20140603.00
Part D: 33 44   5.6 hPa 280° 46 kt 20140603.00
Part D: 44 55   5.4 hPa 275° 59 kt 20140603.00
Part D: 55 66   5.1 hPa 270° 40 kt 20140603.00
Part D: 66 77   4.7 hPa  55° 60 kt 20140603.00
Part A:       100.0 hPa 110°  7 kt 20140603.12
Part C:        70.0 hPa 235° 20 kt 20140603.12
Part C:        50.0 hPa 240° 28 kt 20140603.12
Part C:        30.0 hPa  95° 39 kt 20140603.12
Part C:        20.0 hPa  90° 57 kt 20140603.12
Part C:        10.0 hPa  90° 66 kt 20140603.12
Part D: 11     97.6 hPa 145°  4 kt 20140603.12
Part D: 11 22  91.6 hPa 280°  6 kt 20140603.12
Part D: 22 33  87.1 hPa 315° 11 kt 20140603.12
Part D: 33 44  85.7 hPa 305°  9 kt 20140603.12
Part D: 44 55  81.4 hPa 345° 11 kt 20140603.12
Part D: 55 66  79.8 hPa  15° 12 kt 20140603.12
Part D: 66 77  75.8 hPa  55° 11 kt 20140603.12
Part D: 77 88  72.2 hPa 165° 13 kt 20140603.12
Part D: 88 99  70.9 hPa 225° 16 kt 20140603.12
Part D: 99 11  68.3 hPa 260° 27 kt 20140603.12
Part D: 11 22  63.9 hPa 265° 25 kt 20140603.12
Part D: 22 33  60.7 hPa 275° 13 kt 20140603.12
Part D: 33 44  57.6 hPa 230° 19 kt 20140603.12
Part D: 44 55  52.7 hPa 250° 30 kt 20140603.12
Part D: 55 66  47.7 hPa 235° 28 kt 20140603.12
Part D: 66 77  42.3 hPa 280° 35 kt 20140603.12
Part D: 77 88  40.2 hPa 265° 28 kt 20140603.12
Part D: 88 99  38.4 hPa 295° 14 kt 20140603.12
Part D: 99 11  37.2 hPa 325°  8 kt 20140603.12
Part D: 11 22  36.6 hPa  45°  8 kt 20140603.12
Part D: 22 33  35.4 hPa  85° 25 kt 20140603.12
Part D: 33 44  31.9 hPa  90° 44 kt 20140603.12
Part D: 44 55  26.6 hPa  70° 46 kt 20140603.12
Part D: 55 66  24.5 hPa  90° 55 kt 20140603.12
Part D: 66 77  23.7 hPa  90° 48 kt 20140603.12
Part D: 77 88  18.7 hPa  95° 62 kt 20140603.12
Part D: 88 99  13.9 hPa  90° 73 kt 20140603.12
Part D: 99 11  10.4 hPa  95° 65 kt 20140603.12
Part D: 11 22   8.5 hPa  85° 76 kt 20140603.12
Part D: 22 33   8.2 hPa  80° 67 kt 20140603.12
Part D: 33 44   7.8 hPa  75° 90 kt 20140603.12
Part D: 44 55   7.6 hPa  80° 76 kt 20140603.12
Part D: 55 66   7.3 hPa  80° 84 kt 20140603.12
Part D: 66 77   6.6 hPa  80° 32 kt 20140603.12
Part D: 77 88   6.2 hPa 175°  2 kt 20140603.12
Part D: 88 99   6.1 hPa 265°  9 kt 20140603.12
Part A:       100.0 hPa  60° 18 kt 20140604.00
Part C:        70.0 hPa 260° 29 kt 20140604.00
Part C:        50.0 hPa 260° 27 kt 20140604.00
Part C:        30.0 hPa 105° 40 kt 20140604.00
Part C:        20.0 hPa  80° 62 kt 20140604.00
Part D: 11     90.0 hPa  30° 17 kt 20140604.00
Part D: 11 22  86.2 hPa  50° 22 kt 20140604.00
Part D: 22 33  77.3 hPa 150° 10 kt 20140604.00
Part D: 33 44  73.5 hPa 250° 23 kt 20140604.00
Part D: 44 55  70.5 hPa 260° 29 kt 20140604.00
Part D: 55 66  65.0 hPa 230°  9 kt 20140604.00
Part D: 66 77  63.9 hPa 215° 21 kt 20140604.00
Part D: 77 88  59.9 hPa 210° 39 kt 20140604.00
Part D: 88 99  58.2 hPa 220° 29 kt 20140604.00
Part D: 99 11  40.9 hPa 295° 21 kt 20140604.00
Part D: 11 22  39.7 hPa 325° 18 kt 20140604.00
Part D: 22 33  38.5 hPa 340° 21 kt 20140604.00
Part D: 33 44  37.9 hPa 355° 17 kt 20140604.00
Part D: 44 55  36.4 hPa  40° 15 kt 20140604.00
Part D: 55 66  35.3 hPa  65° 28 kt 20140604.00
Part D: 66 77  32.9 hPa  75° 34 kt 20140604.00
Part D: 77 88  31.9 hPa  95° 35 kt 20140604.00
Part D: 88 99  30.9 hPa 105° 46 kt 20140604.00
Part D: 99 11  29.7 hPa 105° 39 kt 20140604.00
Part D: 11 22  26.0 hPa 100° 50 kt 20140604.00
Part D: 22 33  23.4 hPa 100° 51 kt 20140604.00
Part D: 33 44  22.7 hPa  95° 48 kt 20140604.00
Part D: 44 55  21.6 hPa  80° 54 kt 20140604.00
Part D: 55 66  20.2 hPa  80° 62 kt 20140604.00
Part D: 66 77  19.4 hPa  85° 64 kt 20140604.00
Part A:       100.0 hPa  65° 29 kt 20140604.12
Part C:        70.0 hPa 255° 24 kt 20140604.12
Part C:        50.0 hPa 290° 30 kt 20140604.12
Part C:        30.0 hPa 105° 43 kt 20140604.12
Part C:        20.0 hPa  85° 57 kt 20140604.12
Part C:        10.0 hPa  85° 68 kt 20140604.12
Part D: 11     91.2 hPa  60°  9 kt 20140604.12
Part D: 11 22  83.5 hPa  50° 25 kt 20140604.12
Part D: 22 33  80.2 hPa  20°  6 kt 20140604.12
Part D: 33 44  79.1 hPa 310°  3 kt 20140604.12
Part D: 44 55  76.9 hPa 290° 13 kt 20140604.12
Part D: 55 66  74.3 hPa 280° 27 kt 20140604.12
Part D: 66 77  63.6 hPa 235° 27 kt 20140604.12
Part D: 77 88  55.9 hPa 290° 30 kt 20140604.12
Part D: 88 99  38.4 hPa 325° 18 kt 20140604.12
Part D: 99 11  36.6 hPa  10°  9 kt 20140604.12
Part D: 11 22  35.4 hPa  85° 15 kt 20140604.12
Part D: 22 33  32.4 hPa 120° 41 kt 20140604.12
Part D: 33 44  31.4 hPa 120° 47 kt 20140604.12
Part D: 44 55  29.4 hPa 100° 39 kt 20140604.12
Part D: 55 66  20.9 hPa  85° 62 kt 20140604.12
Part D: 66 77  18.0 hPa  85° 50 kt 20140604.12
Part D: 77 88  16.8 hPa  90° 66 kt 20140604.12
Part D: 88 99  10.9 hPa  85° 69 kt 20140604.12
Part D: 99 11   7.6 hPa  90° 88 kt 20140604.12
Part D: 11 22   7.1 hPa  90° 45 kt 20140604.12
Part D: 22 33   6.7 hPa 130° 18 kt 20140604.12
Part D: 33 44   6.3 hPa 200° 19 kt 20140604.12
Part D: 44 55   5.9 hPa 125° 15 kt 20140604.12
Part D: 55 66   5.6 hPa 210° 16 kt 20140604.12
Part D: 66 77   5.4 hPa 195°  7 kt 20140604.12
Part D: 77 88   5.3 hPa 240°  3 kt 20140604.12
Part D: 88 99   5.2 hPa 110°  7 kt 20140604.12
Part D: 99 11   5.1 hPa 325° 10 kt 20140604.12
Part D: 11 22   4.9 hPa 300° 23 kt 20140604.12
Part D: 22 33   4.7 hPa 320° 21 kt 20140604.12
Part A:       100.0 hPa  75° 44 kt 20140605.00
Part C:        70.0 hPa 275° 32 kt 20140605.00
Part C:        50.0 hPa 280° 28 kt 20140605.00
Part C:        30.0 hPa  80° 54 kt 20140605.00
Part C:        20.0 hPa 100° 53 kt 20140605.00
Part C:        10.0 hPa  95° 69 kt 20140605.00
Part D: 11     85.0 hPa  45°  5 kt 20140605.00
Part D: 11 22  79.3 hPa 265° 31 kt 20140605.00
Part D: 22 33  59.0 hPa 295° 21 kt 20140605.00
Part D: 33 44  57.4 hPa 320° 24 kt 20140605.00
Part D: 44 55  59.1 hPa  60° 12 kt 20140605.00
Part D: 55 66  51.0 hPa  20° 14 kt 20140605.00
Part D: 66 77  49.2 hPa 360° 17 kt 20140605.00
Part D: 77 88  39.6 hPa 235°  7 kt 20140605.00
Part D: 88 99  37.7 hPa 135° 21 kt 20140605.00
Part D: 99 11  43.4 hPa   5° 16 kt 20140605.00
Part D: 11 22  43.0 hPa 150°  9 kt 20140605.00
Part D: 22 33  32.1 hPa 100° 46 kt 20140605.00
Part D: 33 44  22.7 hPa  90° 62 kt 20140605.00
Part D: 44 55  29.3 hPa 165°  5 kt 20140605.00
Part D: 55 66  28.6 hPa  35°  6 kt 20140605.00
Part D: 66 77  25.7 hPa 355° 14 kt 20140605.00
Part D: 77 88  24.5 hPa 105°  2 kt 20140605.00
Part D: 88 99  24.0 hPa  45°  1 kt 20140605.00
Part D: 99 11  21.3 hPa  20° 16 kt 20140605.00
Part D: 11 22  16.1 hPa  75° 18 kt 20140605.00
Part D: 22 33  14.8 hPa 275° 15 kt 20140605.00
Part D: 33 44   9.7 hPa  60° 41 kt 20140605.00
Part D: 44 55   8.3 hPa  85° 61 kt 20140605.00
Part D: 55 66   8.0 hPa  90° 77 kt 20140605.00
Part D: 66 77   7.5 hPa  80° 26 kt 20140605.00
Part D: 77 88   7.9 hPa 260° 23 kt 20140605.00
Part D: 88 99   7.2 hPa 345°  8 kt 20140605.00
Part D: 99 11   7.0 hPa 240°  9 kt 20140605.00
Part D: 11 22   6.8 hPa 265° 11 kt 20140605.00
Part D: 22 33  11.2 hPa 306°  1 kt 20140605.00
Part D: 33 44   6.2 hPa 265° 37 kt 20140605.00
Part D: 44 55   5.5 hPa 330° 14 kt 20140605.00
Part D: 55 66   8.5 hPa 270° 33 kt 20140605.00
Part A:       100.0 hPa  65° 52 kt 20140605.12
Part D: 11     96.7 hPa  60° 58 kt 20140605.12
Part D: 11 22  95.6 hPa  55° 60 kt 20140605.12
Part D: 22 33  93.4 hPa  40° 37 kt 20140605.12
Part D: 33 44  91.0 hPa  10° 20 kt 20140605.12
Part D: 44 55  89.8 hPa 350° 18 kt 20140605.12
Part D: 55 66  88.4 hPa 325° 17 kt 20140605.12
Part D: 66 77  87.2 hPa 300° 18 kt 20140605.12
Part D: 77 88  86.0 hPa 290° 15 kt 20140605.12
Part D: 88 99  84.7 hPa 275° 18 kt 20140605.12
Part A:       100.0 hPa  60° 53 kt 20140606.00
Part C:        70.0 hPa 270° 28 kt 20140606.00
Part C:        50.0 hPa 270° 21 kt 20140606.00
Part C:        30.0 hPa  75° 55 kt 20140606.00
Part C:        20.0 hPa  80° 57 kt 20140606.00
Part C:        10.0 hPa  90° 57 kt 20140606.00
Part D: 11     94.4 hPa  10°  6 kt 20140606.00
Part D: 11 22  92.5 hPa 295°  7 kt 20140606.00
Part D: 22 33  90.8 hPa 240° 11 kt 20140606.00
Part D: 33 44  85.5 hPa 255° 24 kt 20140606.00
Part D: 44 55  81.8 hPa 265° 30 kt 20140606.00
Part D: 55 66  73.7 hPa 275° 32 kt 20140606.00
Part D: 66 77  67.3 hPa 280° 19 kt 20140606.00
Part D: 77 88  56.8 hPa 260°  5 kt 20140606.00
Part D: 88 99  54.5 hPa 285° 22 kt 20140606.00
Part D: 99 11  52.9 hPa 280° 18 kt 20140606.00
Part D: 11 22  47.0 hPa 260° 27 kt 20140606.00
Part D: 22 33  42.3 hPa 250° 18 kt 20140606.00
Part D: 33 44  39.8 hPa 220° 13 kt 20140606.00
Part D: 44 55  38.5 hPa 195° 11 kt 20140606.00
Part D: 55 66  32.3 hPa  70° 55 kt 20140606.00
Part D: 66 77  30.5 hPa  70° 54 kt 20140606.00
Part D: 77 88  29.6 hPa  80° 52 kt 20140606.00
Part D: 88 99  27.4 hPa  95° 47 kt 20140606.00
Part D: 99 11  24.3 hPa  90° 58 kt 20140606.00
Part D: 11 22  21.5 hPa  75° 51 kt 20140606.00
Part D: 22 33  20.4 hPa  75° 57 kt 20140606.00
Part D: 33 44  16.1 hPa  85° 47 kt 20140606.00
Part D: 44 55  14.5 hPa  90° 69 kt 20140606.00
Part D: 55 66  13.5 hPa  95° 59 kt 20140606.00
Part D: 66 77  11.3 hPa 100° 52 kt 20140606.00
Part D: 77 88   9.4 hPa  85° 61 kt 20140606.00
Part D: 88 99   9.0 hPa  75° 40 kt 20140606.00
Part D: 99 11   8.6 hPa  70° 31 kt 20140606.00
Part D: 11 22   7.6 hPa  85° 59 kt 20140606.00
Part D: 22 33   7.0 hPa 155° 19 kt 20140606.00
Part D: 33 44   6.7 hPa 205° 18 kt 20140606.00
Part D: 44 55   6.5 hPa 140° 11 kt 20140606.00
Part D: 55 66   6.3 hPa 215° 12 kt 20140606.00
Part D: 66 77   6.1 hPa 235° 14 kt 20140606.00
Part D: 77 88   5.9 hPa 205° 22 kt 20140606.00
Part D: 88 99   5.8 hPa 245° 24 kt 20140606.00
Part D: 99 11   5.6 hPa 240° 24 kt 20140606.00
Part A:       100.0 hPa  60° 29 kt 20140606.12
Part D: 11     97.9 hPa  55° 21 kt 20140606.12
Part D: 11 22  93.1 hPa 200°  4 kt 20140606.12
Part D: 22 33  90.1 hPa 215° 16 kt 20140606.12
Part D: 33 44  87.4 hPa 200° 26 kt 20140606.12
Part D: 44 55  84.7 hPa 215° 28 kt 20140606.12
Part D: 55 66  83.5 hPa 220° 26 kt 20140606.12
Part D: 66 77  81.0 hPa 235° 28 kt 20140606.12
Part D: 77 88  79.1 hPa 235° 29 kt 20140606.12
Part A:       100.0 hPa 105°  6 kt 20140607.00
Part C:        70.0 hPa 285° 21 kt 20140607.00
Part C:        50.0 hPa 265° 16 kt 20140607.00
Part C:        30.0 hPa  95° 59 kt 20140607.00
Part C:        20.0 hPa  85° 52 kt 20140607.00
Part C:        10.0 hPa  85° 44 kt 20140607.00
Part D: 11     98.6 hPa 165°  4 kt 20140607.00
Part D: 11 22  95.7 hPa 195°  5 kt 20140607.00
Part D: 22 33  91.3 hPa 210° 18 kt 20140607.00
Part D: 33 44  87.1 hPa 235° 25 kt 20140607.00
Part D: 44 55  71.7 hPa 290° 23 kt 20140607.00
Part D: 55 66  67.4 hPa 265° 13 kt 20140607.00
Part D: 66 77  59.7 hPa 230° 16 kt 20140607.00
Part D: 77 88  57.1 hPa 265° 25 kt 20140607.00
Part D: 88 99  53.1 hPa 270° 19 kt 20140607.00
Part D: 99 11  51.5 hPa 280° 20 kt 20140607.00
Part D: 11 22  47.8 hPa 250° 30 kt 20140607.00
Part D: 22 33  44.4 hPa 260° 28 kt 20140607.00
Part D: 33 44  41.6 hPa 275° 25 kt 20140607.00
Part D: 44 55  39.6 hPa 265° 14 kt 20140607.00
Part D: 55 66  38.4 hPa 265°  5 kt 20140607.00
Part D: 66 77  37.2 hPa 120° 10 kt 20140607.00
Part D: 77 88  35.5 hPa  90° 29 kt 20140607.00
Part D: 88 99  34.4 hPa  85° 32 kt 20140607.00
Part D: 99 11  31.7 hPa  80° 56 kt 20140607.00
Part D: 11 22  27.9 hPa  95° 49 kt 20140607.00
Part D: 22 33  25.9 hPa  95° 57 kt 20140607.00
Part D: 33 44  23.1 hPa 105° 48 kt 20140607.00
Part D: 44 55  18.6 hPa  95° 67 kt 20140607.00
Part D: 55 66  17.4 hPa  85° 55 kt 20140607.00
Part D: 66 77  17.2 hPa  85° 50 kt 20140607.00
Part D: 77 88  16.1 hPa  85° 70 kt 20140607.00
Part D: 88 99  14.3 hPa  95° 63 kt 20140607.00
Part D: 99 11  13.5 hPa  95° 51 kt 20140607.00
Part D: 11 22  12.7 hPa  90° 63 kt 20140607.00
Part D: 22 33  12.3 hPa  90° 53 kt 20140607.00
Part D: 33 44   9.9 hPa  85° 43 kt 20140607.00
Part D: 44 55   8.5 hPa  85° 51 kt 20140607.00
Part D: 55 66   8.2 hPa  85° 67 kt 20140607.00
Part D: 66 77   7.5 hPa  70° 47 kt 20140607.00
Part D: 77 88   6.8 hPa 130°  3 kt 20140607.00
Part D: 88 99   6.6 hPa 135°  4 kt 20140607.00
Part D: 99 11   6.4 hPa 240° 21 kt 20140607.00
Part D: 11 22   6.3 hPa 220° 19 kt 20140607.00
Part D: 22 33   6.1 hPa 270° 27 kt 20140607.00
Part D: 33 44   5.7 hPa  15°  6 kt 20140607.00
Part D: 44 55   5.5 hPa 215° 10 kt 20140607.00
Part D: 55 66   5.4 hPa 315°  3 kt 20140607.00
Part D: 66 77   5.2 hPa  10°  7 kt 20140607.00
Part D: 77 88   5.0 hPa 105°  7 kt 20140607.00
Part A:       100.0 hPa 130° 21 kt 20140607.12
Part C:        70.0 hPa 310° 34 kt 20140607.12
Part C:        50.0 hPa 255° 16 kt 20140607.12
Part D: 11     93.2 hPa 180°  9 kt 20140607.12
Part D: 11 22  90.6 hPa 140°  5 kt 20140607.12
Part D: 22 33  89.3 hPa 135°  2 kt 20140607.12
Part D: 33 44  86.8 hPa  50°  3 kt 20140607.12
Part D: 44 55  81.0 hPa 295° 12 kt 20140607.12
Part D: 55 66  79.1 hPa 310° 13 kt 20140607.12
Part D: 66 77  73.3 hPa 310° 32 kt 20140607.12
Part D: 77 88  68.0 hPa 310° 27 kt 20140607.12
Part D: 88 99  65.2 hPa 270° 15 kt 20140607.12
Part D: 99 11  64.4 hPa 260° 15 kt 20140607.12
Part D: 11 22  63.1 hPa 270° 19 kt 20140607.12
Part D: 22 33  61.6 hPa 295° 20 kt 20140607.12
Part D: 33 44  58.6 hPa 250° 28 kt 20140607.12
Part D: 44 55  55.4 hPa 270° 24 kt 20140607.12
Part D: 55 66  53.7 hPa 275° 19 kt 20140607.12
Part D: 66 77  52.2 hPa 265° 25 kt 20140607.12
Part D: 77 88  50.6 hPa 260° 16 kt 20140607.12
Part D: 88 99  49.0 hPa 245° 25 kt 20140607.12
Part D: 99 11  46.8 hPa 250° 32 kt 20140607.12
Part D: 11 22  45.5 hPa 260° 36 kt 20140607.12
Part D: 22 33  44.1 hPa 260° 29 kt 20140607.12
Part D: 33 44  42.9 hPa 275° 31 kt 20140607.12
Part D: 44 55  41.6 hPa 275° 22 kt 20140607.12
Part A:       100.0 hPa 140° 14 kt 20140608.00
Part C:        70.0 hPa 275° 18 kt 20140608.00
Part D: 11     98.5 hPa 140° 14 kt 20140608.00
Part D: 11 22  96.1 hPa 145° 15 kt 20140608.00
Part D: 22 33  93.8 hPa 135° 15 kt 20140608.00
Part D: 33 44  91.5 hPa 170° 10 kt 20140608.00
Part D: 44 55  87.3 hPa 335°  2 kt 20140608.00
Part D: 55 66  85.3 hPa 315° 11 kt 20140608.00
Part D: 66 77  83.4 hPa 320° 17 kt 20140608.00
Part D: 77 88  81.5 hPa 315° 18 kt 20140608.00
Part D: 88 99  79.7 hPa 330° 25 kt 20140608.00
Part D: 99 11  78.0 hPa 330° 31 kt 20140608.00
Part D: 11 22  74.8 hPa 360° 26 kt 20140608.00
Part D: 22 33  72.3 hPa 315° 15 kt 20140608.00
Part D: 33 44  71.2 hPa 290° 16 kt 20140608.00
Part D: 44 55  69.0 hPa 270° 23 kt 20140608.00
Part D: 55 66  67.9 hPa 275° 25 kt 20140608.00
Part D: 66 77  65.7 hPa 275° 26 kt 20140608.00
Part A:       100.0 hPa 115°  5 kt 20140608.12
Part C:        70.0 hPa 265°  9 kt 20140608.12
Part C:        50.0 hPa 265° 23 kt 20140608.12
Part C:        30.0 hPa  90° 43 kt 20140608.12
Part C:        20.0 hPa 100° 66 kt 20140608.12
Part C:        10.0 hPa 105° 55 kt 20140608.12
Part D: 11     67.3 hPa 255° 23 kt 20140608.12
Part D: 11 22  65.2 hPa 265° 31 kt 20140608.12
Part D: 22 33  63.1 hPa 265° 32 kt 20140608.12
Part D: 33 44  55.3 hPa 270° 21 kt 20140608.12
Part D: 44 55  35.6 hPa  55° 33 kt 20140608.12
Part D: 55 66  32.4 hPa 110° 49 kt 20140608.12
Part D: 66 77  24.2 hPa  85° 48 kt 20140608.12
Part D: 77 88  23.4 hPa  80° 56 kt 20140608.12
Part D: 88 99  22.6 hPa  85° 59 kt 20140608.12
Part D: 99 11  21.8 hPa  90° 64 kt 20140608.12
Part D: 11 22  21.0 hPa  95° 66 kt 20140608.12
Part D: 22 33  20.3 hPa  95° 68 kt 20140608.12
Part D: 33 44  19.6 hPa  95° 64 kt 20140608.12
Part D: 44 55  18.9 hPa  90° 62 kt 20140608.12
Part D: 55 66  18.3 hPa  90° 67 kt 20140608.12
Part D: 66 77  17.7 hPa  85° 59 kt 20140608.12
Part D: 77 88  17.2 hPa  85° 53 kt 20140608.12
Part D: 88 99  16.6 hPa  80° 56 kt 20140608.12
Part D: 99 11  16.1 hPa  85° 58 kt 20140608.12
Part D: 11 22  15.5 hPa  85° 63 kt 20140608.12
Part D: 22 33  14.9 hPa  90° 61 kt 20140608.12
Part D: 33 44  14.4 hPa  85° 67 kt 20140608.12
Part D: 44 55  13.9 hPa  85° 67 kt 20140608.12
Part D: 55 66  13.5 hPa  85° 68 kt 20140608.12
Part D: 66 77  13.0 hPa 100° 61 kt 20140608.12
Part D: 77 88  12.2 hPa 105° 65 kt 20140608.12
Part D: 88 99  11.3 hPa 110° 51 kt 20140608.12
Part D: 99 11  10.8 hPa 105° 70 kt 20140608.12
Part D: 11 22  10.2 hPa 105° 53 kt 20140608.12
Part D: 22 33   8.0 hPa  95° 84 kt 20140608.12
Part D: 33 44   7.3 hPa  85° 50 kt 20140608.12
Part D: 44 55   7.1 hPa  70° 34 kt 20140608.12
Part D: 55 66   6.7 hPa 355° 19 kt 20140608.12
Part D: 66 77   6.4 hPa 325° 14 kt 20140608.12
Part D: 77 88   5.9 hPa 275° 23 kt 20140608.12
Part D: 88 99   5.5 hPa 260° 15 kt 20140608.12
Part D: 99 11   5.1 hPa 280° 13 kt 20140608.12
Part D: 11 22   4.7 hPa 255° 12 kt 20140608.12
Part A:       100.0 hPa 155°  9 kt 20140609.00
Part C:        70.0 hPa 255° 29 kt 20140609.00
Part C:        50.0 hPa 285° 24 kt 20140609.00
Part C:        30.0 hPa  80° 49 kt 20140609.00
Part C:        20.0 hPa  90° 60 kt 20140609.00
Part C:        10.0 hPa  90° 52 kt 20140609.00
Part D: 11     92.6 hPa  75° 11 kt 20140609.00
Part D: 11 22  89.6 hPa  25° 11 kt 20140609.00
Part D: 22 33  82.2 hPa  55° 20 kt 20140609.00
Part D: 33 44  78.2 hPa 105° 21 kt 20140609.00
Part D: 44 55  74.4 hPa 220° 11 kt 20140609.00
Part D: 55 66  70.8 hPa 260° 29 kt 20140609.00
Part D: 66 77  62.3 hPa 285° 23 kt 20140609.00
Part D: 77 88  59.4 hPa 300° 24 kt 20140609.00
Part D: 88 99  53.8 hPa 275° 22 kt 20140609.00
Part D: 99 11  46.4 hPa 280° 18 kt 20140609.00
Part D: 11 22  44.0 hPa 330°  7 kt 20140609.00
Part D: 22 33  42.5 hPa 285°  6 kt 20140609.00
Part D: 33 44  41.1 hPa 275° 20 kt 20140609.00
Part D: 44 55  38.4 hPa 340°  8 kt 20140609.00
Part D: 55 66  37.7 hPa  25°  7 kt 20140609.00
Part D: 66 77  35.8 hPa 100° 25 kt 20140609.00
Part D: 77 88  33.8 hPa 120° 51 kt 20140609.00
Part D: 88 99  30.4 hPa  85° 48 kt 20140609.00
Part D: 99 11  26.9 hPa  80° 62 kt 20140609.00
Part D: 11 22  18.6 hPa  90° 52 kt 20140609.00
Part D: 22 33  16.2 hPa 100° 61 kt 20140609.00
Part D: 33 44  13.5 hPa 105° 50 kt 20140609.00
Part D: 44 55   8.2 hPa  85° 76 kt 20140609.00
Part D: 55 66   8.0 hPa  85° 69 kt 20140609.00
Part D: 66 77   7.8 hPa  90° 59 kt 20140609.00
Part D: 77 88   7.7 hPa  95° 60 kt 20140609.00
Part A:       100.0 hPa 110° 11 kt 20140609.12
Part C:        70.0 hPa 260° 33 kt 20140609.12
Part C:        50.0 hPa 280° 26 kt 20140609.12
Part C:        30.0 hPa  75° 54 kt 20140609.12
Part C:        20.0 hPa  95° 54 kt 20140609.12
Part C:        10.0 hPa  70° 49 kt 20140609.12
Part D: 11     92.6 hPa  55° 21 kt 20140609.12
Part D: 11 22  88.4 hPa  70° 26 kt 20140609.12
Part D: 22 33  82.9 hPa  70° 42 kt 20140609.12
Part D: 33 44  77.5 hPa  95° 19 kt 20140609.12
Part D: 44 55  75.8 hPa 150° 11 kt 20140609.12
Part D: 55 66  69.7 hPa 260° 36 kt 20140609.12
Part D: 66 77  61.7 hPa 280° 28 kt 20140609.12
Part D: 77 88  60.5 hPa 280° 21 kt 20140609.12
Part D: 88 99  57.3 hPa 305° 25 kt 20140609.12
Part D: 99 11  51.7 hPa 265° 21 kt 20140609.12
Part D: 11 22  47.6 hPa 260° 20 kt 20140609.12
Part D: 22 33  45.3 hPa 260° 12 kt 20140609.12
Part D: 33 44  43.0 hPa 285° 19 kt 20140609.12
Part D: 44 55  40.2 hPa 340° 12 kt 20140609.12
Part D: 55 66  38.8 hPa   5°  4 kt 20140609.12
Part D: 66 77  37.5 hPa  85°  5 kt 20140609.12
Part D: 77 88  36.9 hPa 105°  7 kt 20140609.12
Part D: 88 99  35.7 hPa  95° 26 kt 20140609.12
Part D: 99 11  32.9 hPa  90° 49 kt 20140609.12
Part D: 11 22  29.9 hPa  75° 55 kt 20140609.12
Part D: 22 33  25.9 hPa 110° 59 kt 20140609.12
Part D: 33 44  17.3 hPa  95° 50 kt 20140609.12
Part D: 44 55  15.9 hPa  90° 57 kt 20140609.12
Part D: 55 66  13.5 hPa  85° 47 kt 20140609.12
Part D: 66 77  11.4 hPa  90° 53 kt 20140609.12
Part D: 77 88  10.1 hPa  70° 50 kt 20140609.12
Part D: 88 99   8.8 hPa  90° 65 kt 20140609.12
Part D: 99 11   8.7 hPa  90° 67 kt 20140609.12
Part D: 11 22   7.8 hPa  90° 46 kt 20140609.12
Part D: 22 33   7.2 hPa  90° 56 kt 20140609.12
Part D: 33 44   6.8 hPa  90° 44 kt 20140609.12
Part D: 44 55   6.7 hPa  75° 44 kt 20140609.12
Part D: 55 66   6.5 hPa  80° 33 kt 20140609.12
Part D: 66 77   6.3 hPa  85° 50 kt 20140609.12
Part A:       100.0 hPa  45° 13 kt 20140610.00
Part C:        70.0 hPa 275° 33 kt 20140610.00
Part C:        50.0 hPa 250° 13 kt 20140610.00
Part C:        30.0 hPa  80° 57 kt 20140610.00
Part C:        20.0 hPa  85° 56 kt 20140610.00
Part C:        10.0 hPa 100° 61 kt 20140610.00
Part D: 11     93.3 hPa  45° 27 kt 20140610.00
Part D: 11 22  86.9 hPa  75° 42 kt 20140610.00
Part D: 22 33  82.3 hPa 130° 17 kt 20140610.00
Part D: 33 44  80.8 hPa 185° 11 kt 20140610.00
Part D: 44 55  75.8 hPa 265° 30 kt 20140610.00
Part D: 55 66  73.4 hPa 280° 35 kt 20140610.00
Part D: 66 77  67.5 hPa 290° 29 kt 20140610.00
Part D: 77 88  60.9 hPa 275° 11 kt 20140610.00
Part D: 88 99  58.9 hPa 355°  9 kt 20140610.00
Part D: 99 11  58.0 hPa  15° 11 kt 20140610.00
Part D: 11 22  56.2 hPa 255°  6 kt 20140610.00
Part D: 22 33  48.4 hPa 235° 18 kt 20140610.00
Part D: 33 44  46.8 hPa 240° 26 kt 20140610.00
Part D: 44 55  43.7 hPa 260° 16 kt 20140610.00
Part D: 55 66  41.5 hPa 160°  4 kt 20140610.00
Part D: 66 77  38.9 hPa 105° 22 kt 20140610.00
Part D: 77 88  34.9 hPa  95° 40 kt 20140610.00
Part D: 88 99  33.7 hPa  75° 43 kt 20140610.00
Part D: 99 11  32.5 hPa  65° 48 kt 20140610.00
Part D: 11 22  30.2 hPa  80° 57 kt 20140610.00
Part D: 22 33  26.7 hPa 100° 50 kt 20140610.00
Part D: 33 44  25.7 hPa 100° 42 kt 20140610.00
Part D: 44 55  24.0 hPa  85° 47 kt 20140610.00
Part D: 55 66  22.0 hPa  95° 55 kt 20140610.00
Part D: 66 77  17.5 hPa  85° 48 kt 20140610.00
Part D: 77 88  13.2 hPa  90° 65 kt 20140610.00
Part D: 88 99   9.9 hPa 100° 61 kt 20140610.00
Part D: 99 11   8.1 hPa 100° 68 kt 20140610.00
Part D: 11 22   7.8 hPa  95° 48 kt 20140610.00
Part D: 22 33   6.8 hPa 150° 29 kt 20140610.00
Part D: 33 44   6.6 hPa 175° 27 kt 20140610.00
Part D: 44 55   6.3 hPa  80° 32 kt 20140610.00
Part A:       100.0 hPa  85° 11 kt 20140610.12
Part C:        70.0 hPa 285° 22 kt 20140610.12
Part D: 11     98.4 hPa  60° 13 kt 20140610.12
Part D: 11 22  96.6 hPa  50° 22 kt 20140610.12
Part D: 22 33  95.3 hPa  55° 28 kt 20140610.12
Part D: 33 44  91.6 hPa  60° 46 kt 20140610.12
Part D: 44 55  90.1 hPa  60° 54 kt 20140610.12
Part D: 55 66  86.1 hPa  75° 45 kt 20140610.12
Part D: 66 77  82.1 hPa  85° 31 kt 20140610.12
Part D: 77 88  80.2 hPa  90° 18 kt 20140610.12
Part D: 88 99  78.4 hPa 195°  4 kt 20140610.12
Part D: 99 11  76.8 hPa 250° 16 kt 20140610.12
Part D: 11 22  75.4 hPa 260° 18 kt 20140610.12
Part D: 22 33  74.2 hPa 260° 21 kt 20140610.12
Part D: 33 44  73.2 hPa 260° 23 kt 20140610.12
Part D: 44 55  72.2 hPa  65° 82 kt 20140610.12
Part D: 55 66  69.7 hPa 285° 20 kt 20140610.12
Part D: 66 77  69.0 hPa 285° 22 kt 20140610.12
Part D: 77 88  68.1 hPa 335° 17 kt 20140610.12
Part A:       100.0 hPa  70° 27 kt 20140611.12
Part C:        70.0 hPa 305° 23 kt 20140611.12
Part D: 11     98.0 hPa  70° 32 kt 20140611.12
Part D: 11 22  92.8 hPa  55° 44 kt 20140611.12
Part D: 22 33  91.4 hPa  60° 43 kt 20140611.12
Part D: 33 44  90.0 hPa  65° 41 kt 20140611.12
Part D: 44 55  88.5 hPa  75° 37 kt 20140611.12
Part D: 55 66  87.0 hPa  70° 33 kt 20140611.12
Part D: 66 77  82.4 hPa  90° 11 kt 20140611.12
Part D: 77 88  81.0 hPa 100°  6 kt 20140611.12
Part D: 88 99  79.6 hPa  45°  2 kt 20140611.12
Part D: 99 11  78.3 hPa 265°  4 kt 20140611.12
Part D: 11 22  76.9 hPa 270°  7 kt 20140611.12
Part D: 22 33  74.3 hPa 300° 23 kt 20140611.12
Part D: 33 44  73.1 hPa 305° 24 kt 20140611.12
Part D: 44 55  70.6 hPa 305° 24 kt 20140611.12
Part D: 55 66  69.5 hPa 310° 22 kt 20140611.12
Part D: 66 77  68.3 hPa 305° 22 kt 20140611.12
Part D: 77 88  66.0 hPa 320° 12 kt 20140611.12
Part D: 88 99  63.0 hPa 275° 23 kt 20140611.12
Part D: 99 11  62.0 hPa 275° 27 kt 20140611.12
Part D: 11 22  60.1 hPa 245° 19 kt 20140611.12
Part D: 22 33  59.2 hPa 245° 27 kt 20140611.12
Part D: 33 44  56.9 hPa 255° 36 kt 20140611.12
Part D: 44 55  55.3 hPa 265° 30 kt 20140611.12
Part A:       100.0 hPa  85° 39 kt 20140612.00
Part C:        70.0 hPa 320°  9 kt 20140612.00
Part C:        50.0 hPa 265° 35 kt 20140612.00
Part C:        30.0 hPa  85° 48 kt 20140612.00
Part C:        20.0 hPa  90° 50 kt 20140612.00
Part C:        10.0 hPa  85° 64 kt 20140612.00
Part D: 11     95.4 hPa  70° 31 kt 20140612.00
Part D: 11 22  87.8 hPa  95° 27 kt 20140612.00
Part D: 22 33  84.2 hPa 110° 22 kt 20140612.00
Part D: 33 44  81.1 hPa 110°  9 kt 20140612.00
Part D: 44 55  80.0 hPa 100°  6 kt 20140612.00
Part D: 55 66  74.7 hPa 350°  8 kt 20140612.00
Part D: 66 77  69.0 hPa 295°  8 kt 20140612.00
Part D: 77 88  67.2 hPa 260°  3 kt 20140612.00
Part D: 88 99  65.4 hPa 255° 21 kt 20140612.00
Part D: 99 11  61.2 hPa 255° 36 kt 20140612.00
Part D: 11 22  56.6 hPa 265° 37 kt 20140612.00
Part D: 22 33  47.1 hPa 260° 19 kt 20140612.00
Part D: 33 44  44.1 hPa 235° 13 kt 20140612.00
Part D: 44 55  41.6 hPa 255°  7 kt 20140612.00
Part D: 55 66  40.4 hPa 350°  4 kt 20140612.00
Part D: 66 77  39.8 hPa  45°  5 kt 20140612.00
Part D: 77 88  38.7 hPa  80° 13 kt 20140612.00
Part D: 88 99  38.2 hPa  65° 19 kt 20140612.00
Part D: 99 11  35.6 hPa  90° 43 kt 20140612.00
Part D: 11 22  33.2 hPa 100° 50 kt 20140612.00
Part D: 22 33  29.1 hPa  75° 48 kt 20140612.00
Part D: 33 44  26.1 hPa  85° 38 kt 20140612.00
Part D: 44 55  25.3 hPa  90° 46 kt 20140612.00
Part D: 55 66  17.9 hPa  90° 57 kt 20140612.00
Part D: 66 77  16.5 hPa  90° 49 kt 20140612.00
Part D: 77 88  11.4 hPa  95° 61 kt 20140612.00
Part D: 88 99  10.6 hPa  95° 60 kt 20140612.00
Part D: 99 11   9.4 hPa  85° 74 kt 20140612.00
Part D: 11 22   7.8 hPa  85° 83 kt 20140612.00
Part D: 22 33   7.2 hPa  90° 64 kt 20140612.00
Part D: 33 44   7.0 hPa  85° 80 kt 20140612.00
Part D: 44 55   6.5 hPa  85° 32 kt 20140612.00
Part D: 55 66   6.3 hPa 115° 26 kt 20140612.00
Part A:       100.0 hPa 100° 43 kt 20140612.12
Part C:        70.0 hPa 105°  3 kt 20140612.12
Part C:        50.0 hPa 275° 32 kt 20140612.12
Part D: 11     96.0 hPa  90° 39 kt 20140612.12
Part D: 11 22  91.6 hPa  90° 30 kt 20140612.12
Part D: 22 33  86.8 hPa  70° 22 kt 20140612.12
Part D: 33 44  83.8 hPa  40° 22 kt 20140612.12
Part D: 44 55  82.3 hPa  40° 19 kt 20140612.12
Part D: 55 66  78.4 hPa  10°  6 kt 20140612.12
Part D: 66 77  77.2 hPa   5°  7 kt 20140612.12
Part D: 77 88  75.9 hPa  40° 12 kt 20140612.12
Part D: 88 99  73.3 hPa  80°  7 kt 20140612.12
Part D: 99 11  72.0 hPa  65°  8 kt 20140612.12
Part D: 11 22  69.4 hPa 140°  2 kt 20140612.12
Part D: 22 33  67.1 hPa 240° 10 kt 20140612.12
Part D: 33 44  66.0 hPa 250°  9 kt 20140612.12
Part D: 44 55  64.0 hPa 245° 26 kt 20140612.12
Part D: 55 66  62.0 hPa 250° 28 kt 20140612.12
Part D: 66 77  60.1 hPa 265° 38 kt 20140612.12
Part D: 77 88  59.0 hPa 265° 40 kt 20140612.12
Part D: 88 99  55.1 hPa 270° 32 kt 20140612.12
Part D: 99 11  53.1 hPa 260° 35 kt 20140612.12
Part D: 11 22  51.2 hPa 265° 40 kt 20140612.12
Part D: 22 33  49.4 hPa 275° 34 kt 20140612.12
Part D: 33 44  45.8 hPa 280° 36 kt 20140612.12
Part A:       100.0 hPa  95° 53 kt 20140613.00
Part C:        70.0 hPa 260° 30 kt 20140613.00
Part C:        50.0 hPa 290° 25 kt 20140613.00
Part C:        30.0 hPa  85° 47 kt 20140613.00
Part C:        20.0 hPa 100° 46 kt 20140613.00
Part C:        10.0 hPa  90° 73 kt 20140613.00
Part D: 11     91.7 hPa 100° 28 kt 20140613.00
Part D: 11 22  90.3 hPa  85° 23 kt 20140613.00
Part D: 22 33  86.5 hPa 125°  3 kt 20140613.00
Part D: 33 44  84.4 hPa 265°  4 kt 20140613.00
Part D: 44 55  78.8 hPa 200°  8 kt 20140613.00
Part D: 55 66  75.4 hPa 250° 25 kt 20140613.00
Part D: 66 77  65.8 hPa 285° 29 kt 20140613.00
Part D: 77 88  54.4 hPa 260° 20 kt 20140613.00
Part D: 88 99  49.8 hPa 295° 23 kt 20140613.00
Part D: 99 11  42.7 hPa 330° 11 kt 20140613.00
Part D: 11 22  42.0 hPa 305°  7 kt 20140613.00
Part D: 22 33  40.7 hPa  20°  4 kt 20140613.00
Part D: 33 44  36.5 hPa  80° 29 kt 20140613.00
Part D: 44 55  33.6 hPa 110° 36 kt 20140613.00
Part D: 55 66  30.5 hPa  80° 45 kt 20140613.00
Part D: 66 77  28.6 hPa  70° 52 kt 20140613.00
Part D: 77 88  23.3 hPa 110° 38 kt 20140613.00
Part D: 88 99  21.9 hPa 105° 55 kt 20140613.00
Part D: 99 11  17.8 hPa  85° 45 kt 20140613.00
Part D: 11 22  10.7 hPa  90° 81 kt 20140613.00
Part D: 22 33  10.3 hPa  85° 68 kt 20140613.00
Part D: 33 44   9.3 hPa  90° 90 kt 20140613.00
Part D: 44 55   7.3 hPa 105° 64 kt 20140613.00
Part D: 55 66   6.5 hPa  60° 13 kt 20140613.00
Part D: 66 77   6.4 hPa  30° 11 kt 20140613.00
Part D: 77 88   6.3 hPa 345° 12 kt 20140613.00
Part D: 88 99   6.2 hPa 320° 13 kt 20140613.00
Part A:       100.0 hPa 100° 38 kt 20140613.12
Part A:       100.0 hPa  95° 61 kt 20140614.00
Part D: 11     95.5 hPa 100° 50 kt 20140614.00
Part D: 11 22  94.0 hPa  95° 48 kt 20140614.00
Part D: 22 33  86.5 hPa  85° 26 kt 20140614.00
Part D: 33 44  85.0 hPa  75° 26 kt 20140614.00
Part D: 44 55  83.6 hPa  80° 25 kt 20140614.00
Part D: 55 66  81.0 hPa 190°  4 kt 20140614.00
Part D: 66 77  79.7 hPa 240°  6 kt 20140614.00
Part D: 77 88  77.4 hPa 230° 13 kt 20140614.00
Part A:       100.0 hPa 110° 68 kt 20140614.12
Part C:        70.0 hPa 285° 24 kt 20140614.12
Part C:        50.0 hPa 270° 28 kt 20140614.12
Part C:        30.0 hPa  80° 57 kt 20140614.12
Part C:        20.0 hPa  85° 60 kt 20140614.12
Part D: 11     96.3 hPa 120° 67 kt 20140614.12
Part D: 11 22  87.0 hPa 100° 18 kt 20140614.12
Part D: 22 33  85.7 hPa 100° 15 kt 20140614.12
Part D: 33 44  83.1 hPa 140°  2 kt 20140614.12
Part D: 44 55  79.3 hPa 320°  8 kt 20140614.12
Part D: 55 66  76.9 hPa 335°  9 kt 20140614.12
Part D: 66 77  74.3 hPa 315° 15 kt 20140614.12
Part D: 77 88  70.9 hPa 295° 23 kt 20140614.12
Part D: 88 99  67.6 hPa 270° 31 kt 20140614.12
Part D: 99 11  65.4 hPa 275° 36 kt 20140614.12
Part D: 11 22  58.2 hPa 280° 27 kt 20140614.12
Part D: 22 33  54.2 hPa 265° 32 kt 20140614.12
Part D: 33 44  52.3 hPa 295° 26 kt 20140614.12
Part D: 44 55  49.9 hPa 265° 28 kt 20140614.12
Part D: 55 66  46.8 hPa 260° 13 kt 20140614.12
Part D: 66 77  44.5 hPa 265° 30 kt 20140614.12
Part D: 77 88  41.6 hPa 240° 22 kt 20140614.12
Part D: 88 99  39.5 hPa 200°  9 kt 20140614.12
Part D: 99 11  38.2 hPa 125° 14 kt 20140614.12
Part D: 11 22  35.7 hPa  85° 32 kt 20140614.12
Part D: 22 33  32.7 hPa  75° 47 kt 20140614.12
Part D: 33 44  29.1 hPa  95° 64 kt 20140614.12
Part D: 44 55  24.2 hPa  70° 60 kt 20140614.12
Part D: 55 66  21.3 hPa  85° 57 kt 20140614.12
Part D: 66 77  18.8 hPa  80° 64 kt 20140614.12
Part D: 77 88  18.2 hPa  70° 56 kt 20140614.12
Part D: 88 99  17.9 hPa  80° 47 kt 20140614.12
Part D: 99 11  17.3 hPa  85° 71 kt 20140614.12
Part D: 11 22  17.0 hPa  90° 57 kt 20140614.12
Part D: 22 33  15.7 hPa  95° 55 kt 20140614.12
Part D: 33 44  15.2 hPa  85° 68 kt 20140614.12
Part A:       100.0 hPa 120° 62 kt 20140615.00
Part C:        70.0 hPa 280° 21 kt 20140615.00
Part D: 11     99.1 hPa 120° 60 kt 20140615.00
Part D: 11 22  88.7 hPa 215° 11 kt 20140615.00
Part D: 22 33  86.8 hPa 240°  8 kt 20140615.00
Part D: 33 44  84.9 hPa 240° 16 kt 20140615.00
Part D: 44 55  81.1 hPa 275° 24 kt 20140615.00
Part D: 55 66  77.5 hPa 300° 18 kt 20140615.00
Part D: 66 77  74.4 hPa 270° 18 kt 20140615.00
Part D: 77 88  72.9 hPa 275° 17 kt 20140615.00
Part D: 88 99  71.3 hPa 290° 19 kt 20140615.00
Part D: 99 11  69.7 hPa 275° 21 kt 20140615.00
Part D: 11 22  68.1 hPa 280° 21 kt 20140615.00
Part D: 22 33  66.6 hPa 285° 22 kt 20140615.00
Part D: 33 44  65.2 hPa 285° 25 kt 20140615.00
Part D: 44 55  63.8 hPa 290° 14 kt 20140615.00
Part D: 55 66  61.2 hPa 265° 24 kt 20140615.00
Part D: 66 77  59.1 hPa 265° 33 kt 20140615.00
Part D: 77 88  58.1 hPa 265° 32 kt 20140615.00
Part D: 88 99  57.2 hPa 265° 34 kt 20140615.00
Part D: 99 11  56.3 hPa 265° 35 kt 20140615.00
Part D: 11 22  55.2 hPa 280° 27 kt 20140615.00
Part A:       100.0 hPa 105° 56 kt 20140615.12
Part C:        70.0 hPa 255° 24 kt 20140615.12
Part C:        50.0 hPa 275° 32 kt 20140615.12
Part C:        30.0 hPa  90° 61 kt 20140615.12
Part C:        20.0 hPa  95° 60 kt 20140615.12
Part D: 11     95.1 hPa  95° 47 kt 20140615.12
Part D: 11 22  86.7 hPa 130°  5 kt 20140615.12
Part D: 22 33  85.2 hPa 100°  2 kt 20140615.12
Part D: 33 44  76.2 hPa 310° 13 kt 20140615.12
Part D: 44 55  74.9 hPa 245° 11 kt 20140615.12
Part D: 55 66  70.9 hPa 250° 26 kt 20140615.12
Part D: 66 77  66.9 hPa 265° 21 kt 20140615.12
Part D: 77 88  64.4 hPa 305° 12 kt 20140615.12
Part D: 88 99  63.3 hPa 275° 14 kt 20140615.12
Part D: 99 11  61.2 hPa 275° 33 kt 20140615.12
Part D: 11 22  56.6 hPa 285° 41 kt 20140615.12
Part D: 22 33  48.0 hPa 270° 26 kt 20140615.12
Part D: 33 44  46.4 hPa 265° 32 kt 20140615.12
Part D: 44 55  44.0 hPa 255° 16 kt 20140615.12
Part D: 55 66  42.5 hPa 335° 11 kt 20140615.12
Part D: 66 77  41.2 hPa 305°  3 kt 20140615.12
Part D: 77 88  40.5 hPa  90°  7 kt 20140615.12
Part D: 88 99  38.6 hPa 145° 13 kt 20140615.12
Part D: 99 11  37.3 hPa 105° 18 kt 20140615.12
Part D: 11 22  33.0 hPa  80° 51 kt 20140615.12
Part D: 22 33  29.7 hPa  90° 62 kt 20140615.12
Part D: 33 44  26.7 hPa  75° 57 kt 20140615.12
Part D: 44 55  24.5 hPa  85° 61 kt 20140615.12
Part D: 55 66  23.2 hPa  85° 53 kt 20140615.12
Part D: 66 77  19.6 hPa 100° 59 kt 20140615.12
Part D: 77 88  18.1 hPa 110° 60 kt 20140615.12
Part D: 88 99  14.4 hPa  90° 57 kt 20140615.12
Part D: 99 11  12.7 hPa  85° 65 kt 20140615.12
Part D: 11 22  12.5 hPa  85° 66 kt 20140615.12
Part D: 22 33  11.3 hPa  85° 52 kt 20140615.12
Part D: 33 44  10.6 hPa  80° 64 kt 20140615.12
Part A:       100.0 hPa  90° 53 kt 20140616.00
Part C:        70.0 hPa 250° 27 kt 20140616.00
Part C:        50.0 hPa 265° 35 kt 20140616.00
Part C:        30.0 hPa  85° 67 kt 20140616.00
Part C:        20.0 hPa 105° 60 kt 20140616.00
Part C:        10.0 hPa  85° 63 kt 20140616.00
Part D: 11     91.0 hPa  45° 17 kt 20140616.00
Part D: 11 22  82.2 hPa  15° 22 kt 20140616.00
Part D: 22 33  79.6 hPa 360° 15 kt 20140616.00
Part D: 33 44  78.0 hPa 305°  7 kt 20140616.00
Part D: 44 55  74.9 hPa 245° 20 kt 20140616.00
Part D: 55 66  73.6 hPa 250° 32 kt 20140616.00
Part D: 66 77  67.3 hPa 255° 25 kt 20140616.00
Part D: 77 88  65.4 hPa 265° 17 kt 20140616.00
Part D: 88 99  62.5 hPa 260° 30 kt 20140616.00
Part D: 99 11  58.7 hPa 280° 24 kt 20140616.00
Part D: 11 22  55.4 hPa 265° 40 kt 20140616.00
Part D: 22 33  46.5 hPa 285° 21 kt 20140616.00
Part D: 33 44  43.9 hPa 265°  7 kt 20140616.00
Part D: 44 55  42.6 hPa 205°  7 kt 20140616.00
Part D: 55 66  39.9 hPa 345°  4 kt 20140616.00
Part D: 66 77  38.6 hPa  75°  8 kt 20140616.00
Part D: 77 88  37.4 hPa 105°  7 kt 20140616.00
Part D: 88 99  34.4 hPa  70° 47 kt 20140616.00
Part D: 99 11  31.4 hPa  95° 57 kt 20140616.00
Part D: 11 22  29.4 hPa  85° 69 kt 20140616.00
Part D: 22 33  28.5 hPa  80° 62 kt 20140616.00
Part D: 33 44  27.1 hPa  80° 69 kt 20140616.00
Part D: 44 55  25.9 hPa  90° 62 kt 20140616.00
Part D: 55 66  16.5 hPa  85° 62 kt 20140616.00
Part D: 66 77  13.8 hPa  85° 47 kt 20140616.00
Part D: 77 88  13.4 hPa  85° 55 kt 20140616.00
Part D: 88 99  13.2 hPa  85° 62 kt 20140616.00
Part D: 99 11  12.6 hPa  85° 56 kt 20140616.00
Part D: 11 22   9.5 hPa  85° 67 kt 20140616.00
Part D: 22 33   8.1 hPa  85° 60 kt 20140616.00
Part D: 33 44   7.8 hPa  90° 65 kt 20140616.00
Part D: 44 55   7.3 hPa  95° 30 kt 20140616.00
Part D: 55 66   6.9 hPa 125° 24 kt 20140616.00
Part D: 66 77   6.7 hPa 110° 21 kt 20140616.00
Part D: 77 88   6.5 hPa 130°  5 kt 20140616.00
Part D: 88 99   6.3 hPa 280° 13 kt 20140616.00
Part D: 99 11   6.0 hPa 300° 31 kt 20140616.00
Part D: 11 22   5.8 hPa 295° 20 kt 20140616.00
Part D: 22 33   5.7 hPa 295°  7 kt 20140616.00
Part D: 33 44   5.6 hPa 275° 13 kt 20140616.00
Part D: 44 55   5.4 hPa 310°  5 kt 20140616.00
Part D: 55 66   5.3 hPa 275° 13 kt 20140616.00
Part A:       100.0 hPa  50° 48 kt 20140616.12
Part C:        70.0 hPa 245° 39 kt 20140616.12
Part C:        50.0 hPa 300° 25 kt 20140616.12
Part C:        30.0 hPa  90° 59 kt 20140616.12
Part C:        41.0 hPa  65° 59 kt 20140616.12
Part D: 11     95.9 hPa  65° 59 kt 20140616.12
Part D: 11 22  92.7 hPa  75° 47 kt 20140616.12
Part D: 22 33  81.6 hPa  45°  9 kt 20140616.12
Part D: 33 44  78.6 hPa 290°  3 kt 20140616.12
Part D: 44 55  77.1 hPa 250°  8 kt 20140616.12
Part D: 55 66  70.8 hPa 250° 39 kt 20140616.12
Part D: 66 77  69.4 hPa 240° 39 kt 20140616.12
Part D: 77 88  65.6 hPa 250° 26 kt 20140616.12
Part D: 88 99  59.9 hPa 275° 49 kt 20140616.12
Part D: 99 11  54.8 hPa 280° 42 kt 20140616.12
Part D: 11 22  48.4 hPa 325° 14 kt 20140616.12
Part D: 22 33  46.7 hPa 305° 17 kt 20140616.12
Part D: 33 44  45.1 hPa 325°  9 kt 20140616.12
Part D: 44 55  43.5 hPa 270°  9 kt 20140616.12
Part D: 55 66  41.9 hPa 325°  5 kt 20140616.12
Part D: 66 77  41.1 hPa  15° 10 kt 20140616.12
Part D: 77 88  38.2 hPa  90° 12 kt 20140616.12
Part D: 88 99  34.9 hPa  85° 43 kt 20140616.12
Part D: 99 11  33.7 hPa  95° 53 kt 20140616.12
Part D: 11 22  32.5 hPa  95° 51 kt 20140616.12
Part D: 22 33  30.3 hPa  95° 59 kt 20140616.12
Part D: 33 44  28.2 hPa  95° 63 kt 20140616.12
Part D: 44 55  20.2 hPa  90° 48 kt 20140616.12
Part A:       100.0 hPa  75° 57 kt 20140617.00
Part C:        70.0 hPa 280° 21 kt 20140617.00
Part C:        50.0 hPa 305° 11 kt 20140617.00
Part C:        30.0 hPa  80° 61 kt 20140617.00
Part C:        20.0 hPa  80° 48 kt 20140617.00
Part C:        10.0 hPa  95° 65 kt 20140617.00
Part D: 11     97.8 hPa  75° 60 kt 20140617.00
Part D: 11 22  89.4 hPa  60° 17 kt 20140617.00
Part D: 22 33  87.5 hPa  40°  3 kt 20140617.00
Part D: 33 44  85.5 hPa 315°  3 kt 20140617.00
Part D: 44 55  81.9 hPa 275°  8 kt 20140617.00
Part D: 55 66  75.0 hPa 270° 24 kt 20140617.00
Part D: 66 77  71.1 hPa 260° 20 kt 20140617.00
Part D: 77 88  68.7 hPa 280° 19 kt 20140617.00
Part D: 88 99  67.4 hPa 280° 32 kt 20140617.00
Part D: 99 11  62.7 hPa 280° 45 kt 20140617.00
Part D: 11 22  57.6 hPa 265° 34 kt 20140617.00
Part D: 22 33  53.9 hPa 275° 16 kt 20140617.00
Part D: 33 44  51.9 hPa 290° 21 kt 20140617.00
Part D: 44 55  50.0 hPa 305° 11 kt 20140617.00
Part D: 55 66  47.6 hPa 210° 10 kt 20140617.00
Part D: 66 77  45.2 hPa 230° 21 kt 20140617.00
Part D: 77 88  43.7 hPa 220° 18 kt 20140617.00
Part D: 88 99  42.2 hPa 175°  8 kt 20140617.00
Part D: 99 11  41.5 hPa 145° 13 kt 20140617.00
Part D: 11 22  37.0 hPa  85° 36 kt 20140617.00
Part D: 22 33  34.4 hPa  95° 44 kt 20140617.00
Part D: 33 44  28.8 hPa  85° 62 kt 20140617.00
Part D: 44 55  27.8 hPa  95° 65 kt 20140617.00
Part D: 55 66  25.4 hPa  95° 50 kt 20140617.00
Part D: 66 77  20.8 hPa  85° 48 kt 20140617.00
Part D: 77 88  15.7 hPa  85° 62 kt 20140617.00
Part D: 88 99  14.3 hPa 100° 55 kt 20140617.00
Part D: 99 11   9.1 hPa  85° 62 kt 20140617.00
Part D: 11 22   8.2 hPa  85° 67 kt 20140617.00
Part D: 22 33   7.6 hPa  70° 38 kt 20140617.00
Part D: 33 44   7.0 hPa  65° 27 kt 20140617.00
Part D: 44 55   6.7 hPa  20° 29 kt 20140617.00
Part D: 55 66   6.2 hPa  50° 20 kt 20140617.00
Part A:       100.0 hPa  80° 58 kt 20140617.12
Part C:        70.0 hPa 275° 24 kt 20140617.12
Part C:        50.0 hPa 280°  8 kt 20140617.12
Part C:        30.0 hPa  85° 49 kt 20140617.12
Part C:        20.0 hPa  85° 54 kt 20140617.12
Part C:        10.0 hPa  95° 60 kt 20140617.12
Part C:        42.0 hPa  80° 77 kt 20140617.12
Part D: 11     89.1 hPa 120° 13 kt 20140617.12
Part D: 11 22  87.7 hPa 175°  6 kt 20140617.12
Part D: 22 33  80.2 hPa 265° 12 kt 20140617.12
Part D: 33 44  75.3 hPa 295° 28 kt 20140617.12
Part D: 44 55  69.2 hPa 275° 25 kt 20140617.12
Part D: 55 66  63.8 hPa 285° 37 kt 20140617.12
Part D: 66 77  59.9 hPa 275° 26 kt 20140617.12
Part D: 77 88  55.2 hPa 300° 12 kt 20140617.12
Part D: 88 99  53.5 hPa 280° 18 kt 20140617.12
Part D: 99 11  49.4 hPa 290°  4 kt 20140617.12
Part D: 11 22  48.7 hPa 240°  4 kt 20140617.12
Part D: 22 33  47.2 hPa 240° 16 kt 20140617.12
Part D: 33 44  44.4 hPa 280° 15 kt 20140617.12
Part D: 44 55  43.7 hPa 290° 14 kt 20140617.12
Part D: 55 66  42.4 hPa 355°  7 kt 20140617.12
Part D: 66 77  41.7 hPa  45°  5 kt 20140617.12
Part D: 77 88  41.1 hPa  40°  6 kt 20140617.12
Part D: 88 99  40.4 hPa 335°  7 kt 20140617.12
Part D: 99 11  39.2 hPa  10°  3 kt 20140617.12
Part D: 11 22  37.5 hPa  80° 20 kt 20140617.12
Part D: 22 33  36.1 hPa  85° 28 kt 20140617.12
Part D: 33 44  35.6 hPa  95° 43 kt 20140617.12
Part D: 44 55  35.1 hPa 105° 38 kt 20140617.12
Part D: 55 66  28.9 hPa  95° 61 kt 20140617.12
Part D: 66 77  28.1 hPa 110° 52 kt 20140617.12
Part D: 77 88  27.6 hPa 110° 56 kt 20140617.12
Part D: 88 99  25.5 hPa  95° 48 kt 20140617.12
Part D: 99 11  23.6 hPa  85° 57 kt 20140617.12
Part D: 11 22  22.1 hPa  95° 42 kt 20140617.12
Part D: 22 33  20.0 hPa  85° 54 kt 20140617.12
Part D: 33 44  19.8 hPa  95° 46 kt 20140617.12
Part D: 44 55  17.5 hPa  85° 57 kt 20140617.12
Part D: 55 66  16.9 hPa  90° 51 kt 20140617.12
Part D: 66 77  16.3 hPa  85° 64 kt 20140617.12
Part D: 77 88  15.9 hPa  90° 53 kt 20140617.12
Part D: 88 99  15.4 hPa 100° 54 kt 20140617.12
Part D: 99 11  12.3 hPa  90° 61 kt 20140617.12
Part D: 11 22   8.7 hPa  80° 77 kt 20140617.12
Part D: 22 33   8.1 hPa  80° 57 kt 20140617.12
Part D: 33 44   6.9 hPa  85° 37 kt 20140617.12
Part D: 44 55   6.5 hPa  90° 31 kt 20140617.12
Part A:       100.0 hPa 100° 37 kt 20140618.00
Part C:        70.0 hPa 270° 28 kt 20140618.00
Part C:        50.0 hPa 260° 12 kt 20140618.00
Part C:        30.0 hPa  80° 57 kt 20140618.00
Part C:        20.0 hPa  80° 49 kt 20140618.00
Part C:        10.0 hPa  85° 60 kt 20140618.00
Part D: 11     90.0 hPa 225°  6 kt 20140618.00
Part D: 11 22  85.4 hPa 335°  6 kt 20140618.00
Part D: 22 33  81.3 hPa 300° 22 kt 20140618.00
Part D: 33 44  77.6 hPa 345° 26 kt 20140618.00
Part D: 44 55  72.1 hPa 260° 27 kt 20140618.00
Part D: 55 66  54.9 hPa 230° 18 kt 20140618.00
Part D: 66 77  53.3 hPa 260° 13 kt 20140618.00
Part D: 77 88  48.8 hPa 255° 10 kt 20140618.00
Part D: 88 99  43.2 hPa 305°  5 kt 20140618.00
Part D: 99 11  42.6 hPa 190°  3 kt 20140618.00
Part D: 11 22  38.6 hPa 130° 19 kt 20140618.00
Part D: 22 33  36.1 hPa 115° 45 kt 20140618.00
Part D: 33 44  31.8 hPa  75° 56 kt 20140618.00
Part D: 44 55  24.0 hPa  95° 51 kt 20140618.00
Part D: 55 66  18.0 hPa  95° 58 kt 20140618.00
Part D: 66 77   8.9 hPa  90° 71 kt 20140618.00
Part D: 77 88   8.1 hPa  95° 31 kt 20140618.00
Part D: 88 99   7.3 hPa 115° 20 kt 20140618.00
Part D: 99 11   6.4 hPa 340°  3 kt 20140618.00
Part D: 11 22   6.0 hPa 340° 24 kt 20140618.00
Part D: 22 33   5.8 hPa 330° 28 kt 20140618.00
Part D: 33 44   5.3 hPa 300° 43 kt 20140618.00
Part D: 44 55   4.9 hPa 280° 42 kt 20140618.00
Part D: 55 66   4.7 hPa 310° 26 kt 20140618.00
Part A:       100.0 hPa 105° 25 kt 20140618.12
Part C:        70.0 hPa 265° 53 kt 20140618.12
Part C:        50.0 hPa 295° 16 kt 20140618.12
Part D: 11     97.4 hPa 110° 23 kt 20140618.12
Part D: 11 22  90.5 hPa 130°  9 kt 20140618.12
Part D: 22 33  89.1 hPa 120°  7 kt 20140618.12
Part D: 33 44  87.5 hPa 205°  2 kt 20140618.12
Part D: 44 55  86.0 hPa 275°  5 kt 20140618.12
Part D: 55 66  84.5 hPa 285°  5 kt 20140618.12
Part D: 66 77  80.2 hPa 350° 11 kt 20140618.12
Part D: 77 88  77.6 hPa 285° 15 kt 20140618.12
Part D: 88 99  73.6 hPa 265° 35 kt 20140618.12
Part D: 99 11  68.3 hPa 270° 59 kt 20140618.12
Part D: 11 22  64.7 hPa 280° 36 kt 20140618.12
Part D: 22 33  60.3 hPa 260° 30 kt 20140618.12
Part D: 33 44  58.3 hPa 270° 24 kt 20140618.12
Part D: 44 55  57.3 hPa 275° 22 kt 20140618.12
Part D: 55 66  56.4 hPa 260° 17 kt 20140618.12
Part D: 66 77  55.4 hPa 255° 22 kt 20140618.12
Part D: 77 88  54.5 hPa 250° 22 kt 20140618.12
Part D: 88 99  52.7 hPa 255° 19 kt 20140618.12
Part D: 99 11  50.2 hPa 295° 15 kt 20140618.12
Part D: 11 22  49.3 hPa 300° 17 kt 20140618.12
Part D: 22 33  46.7 hPa 315° 16 kt 20140618.12
Part D: 33 44  46.0 hPa 305° 17 kt 20140618.12
Part D: 44 55  44.9 hPa 320° 14 kt 20140618.12
Part A:       100.0 hPa  45° 33 kt 20140620.00
Part C:        70.0 hPa 270° 37 kt 20140620.00
Part C:        50.0 hPa 235°  8 kt 20140620.00
Part C:        30.0 hPa  90° 46 kt 20140620.00
Part C:        20.0 hPa  90° 55 kt 20140620.00
Part C:        10.0 hPa  95° 54 kt 20140620.00
Part D: 11     96.4 hPa  50° 45 kt 20140620.00
Part D: 11 22  89.8 hPa  15° 13 kt 20140620.00
Part D: 22 33  87.7 hPa 280°  7 kt 20140620.00
Part D: 33 44  85.8 hPa 290°  9 kt 20140620.00
Part D: 44 55  83.0 hPa 270° 18 kt 20140620.00
Part D: 55 66  76.4 hPa 270° 42 kt 20140620.00
Part D: 66 77  68.3 hPa 275° 37 kt 20140620.00
Part D: 77 88  62.0 hPa 315° 31 kt 20140620.00
Part D: 88 99  59.1 hPa 335° 21 kt 20140620.00
Part D: 99 11  57.2 hPa 320° 12 kt 20140620.00
Part D: 11 22  56.3 hPa 345°  4 kt 20140620.00
Part D: 22 33  55.4 hPa 150°  5 kt 20140620.00
Part D: 33 44  53.7 hPa 215° 14 kt 20140620.00
Part D: 44 55  52.1 hPa 240° 20 kt 20140620.00
Part D: 55 66  49.8 hPa 235°  7 kt 20140620.00
Part D: 66 77  48.3 hPa 185° 10 kt 20140620.00
Part D: 77 88  45.2 hPa 185° 16 kt 20140620.00
Part D: 88 99  43.2 hPa 205° 16 kt 20140620.00
Part D: 99 11  40.6 hPa 130°  6 kt 20140620.00
Part D: 11 22  39.9 hPa  95° 10 kt 20140620.00
Part D: 22 33  36.2 hPa  60° 32 kt 20140620.00
Part D: 33 44  35.0 hPa  75° 35 kt 20140620.00
Part D: 44 55  33.8 hPa  95° 38 kt 20140620.00
Part D: 55 66  30.7 hPa  95° 50 kt 20140620.00
Part D: 66 77  29.1 hPa  80° 47 kt 20140620.00
Part D: 77 88  26.2 hPa  80° 63 kt 20140620.00
Part D: 88 99  25.0 hPa  85° 49 kt 20140620.00
Part D: 99 11  22.1 hPa  85° 66 kt 20140620.00
Part D: 11 22  20.6 hPa  90° 53 kt 20140620.00
Part D: 22 33  15.7 hPa  90° 65 kt 20140620.00
Part D: 33 44  11.9 hPa  95° 53 kt 20140620.00
Part D: 44 55   8.4 hPa  90° 73 kt 20140620.00
Part D: 55 66   7.6 hPa  65° 11 kt 20140620.00
Part D: 66 77   7.3 hPa 275°  9 kt 20140620.00
Part D: 77 88   7.1 hPa 355° 16 kt 20140620.00
Part D: 88 99   6.9 hPa 330° 12 kt 20140620.00
Part D: 99 11   6.8 hPa   5° 20 kt 20140620.00
Part A:       100.0 hPa 130°  6 kt 20140621.00
Part C:        70.0 hPa 305° 16 kt 20140621.00
Part C:        50.0 hPa 240° 18 kt 20140621.00
Part C:        30.0 hPa  80° 51 kt 20140621.00
Part C:        20.0 hPa  90° 60 kt 20140621.00
Part C:        10.0 hPa  80° 64 kt 20140621.00
Part D: 11     99.1 hPa 175°  6 kt 20140621.00
Part D: 11 22  94.8 hPa 240° 19 kt 20140621.00
Part D: 22 33  87.8 hPa 275° 36 kt 20140621.00
Part D: 33 44  83.8 hPa 275° 44 kt 20140621.00
Part D: 44 55  72.3 hPa 290° 26 kt 20140621.00
Part D: 55 66  70.1 hPa 305° 17 kt 20140621.00
Part D: 66 77  64.6 hPa 285°  8 kt 20140621.00
Part D: 77 88  62.5 hPa 255°  9 kt 20140621.00
Part D: 88 99  60.6 hPa 290°  7 kt 20140621.00
Part D: 99 11  58.7 hPa 265°  7 kt 20140621.00
Part D: 11 22  56.9 hPa 290° 12 kt 20140621.00
Part D: 22 33  55.0 hPa 355°  7 kt 20140621.00
Part D: 33 44  54.1 hPa  25° 10 kt 20140621.00
Part D: 44 55  53.2 hPa 360°  5 kt 20140621.00
Part D: 55 66  50.7 hPa 240° 15 kt 20140621.00
Part D: 66 77  47.5 hPa 230° 23 kt 20140621.00
Part D: 77 88  45.2 hPa 245° 23 kt 20140621.00
Part D: 88 99  42.2 hPa 230° 12 kt 20140621.00
Part D: 99 11  39.3 hPa  60° 10 kt 20140621.00
Part D: 11 22  37.3 hPa  75° 22 kt 20140621.00
Part D: 22 33  34.4 hPa  90° 52 kt 20140621.00
Part D: 33 44  29.0 hPa  85° 65 kt 20140621.00
Part D: 44 55  26.2 hPa  90° 59 kt 20140621.00
Part D: 55 66  23.6 hPa  90° 72 kt 20140621.00
Part D: 66 77  21.6 hPa  95° 53 kt 20140621.00
Part D: 77 88  20.5 hPa  95° 61 kt 20140621.00
Part D: 88 99  17.0 hPa  80° 55 kt 20140621.00
Part D: 99 11  16.4 hPa  80° 59 kt 20140621.00
Part D: 11 22  13.8 hPa  95° 55 kt 20140621.00
Part D: 22 33  12.8 hPa  90° 62 kt 20140621.00
Part D: 33 44  11.9 hPa  90° 55 kt 20140621.00
Part D: 44 55   9.9 hPa  80° 65 kt 20140621.00
Part D: 55 66   8.6 hPa  85° 87 kt 20140621.00
Part D: 66 77   8.0 hPa  90° 61 kt 20140621.00
Part D: 77 88   7.2 hPa 125°  9 kt 20140621.00
Part D: 88 99   7.0 hPa 145°  8 kt 20140621.00
Part D: 99 11   6.8 hPa 115° 21 kt 20140621.00
Part D: 11 22   6.6 hPa 115° 28 kt 20140621.00
Part D: 22 33   6.4 hPa 155° 21 kt 20140621.00
Part D: 33 44   6.3 hPa 155° 11 kt 20140621.00
Part D: 44 55   6.1 hPa 205° 11 kt 20140621.00
Part D: 55 66   6.0 hPa 190° 20 kt 20140621.00
Part D: 66 77   5.8 hPa 220° 24 kt 20140621.00
Part D: 77 88   5.6 hPa 190° 23 kt 20140621.00
Part A:       100.0 hPa 185° 29 kt 20140622.00
Part C:        70.0 hPa 295° 17 kt 20140622.00
Part C:        50.0 hPa 275° 14 kt 20140622.00
Part D: 11     97.8 hPa 200° 24 kt 20140622.00
Part D: 11 22  93.5 hPa 235° 27 kt 20140622.00
Part D: 22 33  87.7 hPa 300° 20 kt 20140622.00
Part D: 33 44  84.9 hPa 295° 25 kt 20140622.00
Part D: 44 55  79.9 hPa 310° 36 kt 20140622.00
Part D: 55 66  76.5 hPa 325° 21 kt 20140622.00
Part D: 66 77  74.3 hPa 340° 20 kt 20140622.00
Part D: 77 88  67.7 hPa 265° 16 kt 20140622.00
Part D: 88 99  63.8 hPa 255° 22 kt 20140622.00
Part D: 99 11  61.0 hPa 270° 15 kt 20140622.00
Part D: 11 22  59.1 hPa 255° 19 kt 20140622.00
Part D: 22 33  57.2 hPa 255° 22 kt 20140622.00
Part D: 33 44  55.4 hPa 260° 23 kt 20140622.00
Part D: 44 55  54.6 hPa 260° 29 kt 20140622.00
Part D: 55 66  53.0 hPa 260° 31 kt 20140622.00
Part D: 66 77  50.7 hPa 275° 16 kt 20140622.00
Part D: 77 88  49.1 hPa 270° 16 kt 20140622.00
Part D: 88 99  47.6 hPa 280° 19 kt 20140622.00
Part D: 99 11  43.2 hPa 360° 10 kt 20140622.00
Part D: 11 22  41.8 hPa  10°  8 kt 20140622.00
Part D: 22 33  38.4 hPa  70° 17 kt 20140622.00
Part D: 33 44  37.2 hPa  85° 31 kt 20140622.00
Part D: 44 55  35.2 hPa  90° 54 kt 20140622.00
Part D: 55 66  33.0 hPa  85° 62 kt 20140622.00
Part D: 66 77  32.2 hPa  75° 65 kt 20140622.00
Part A:       100.0 hPa 330°  1 kt 20140623.00
Part C:        70.0 hPa 240° 32 kt 20140623.00
Part C:        50.0 hPa 345° 14 kt 20140623.00
Part C:        30.0 hPa  90° 56 kt 20140623.00
Part C:        20.0 hPa  95° 42 kt 20140623.00
Part C:        10.0 hPa  80° 61 kt 20140623.00
Part D: 11     91.6 hPa 305° 17 kt 20140623.00
Part D: 11 22  89.6 hPa 320° 16 kt 20140623.00
Part D: 22 33  84.0 hPa  10° 10 kt 20140623.00
Part D: 33 44  78.7 hPa 275° 12 kt 20140623.00
Part D: 44 55  75.0 hPa 225°  9 kt 20140623.00
Part D: 55 66  72.7 hPa 235° 28 kt 20140623.00
Part D: 66 77  63.2 hPa 260° 38 kt 20140623.00
Part D: 77 88  61.2 hPa 265° 33 kt 20140623.00
Part D: 88 99  59.2 hPa 280° 32 kt 20140623.00
Part D: 99 11  54.6 hPa 330° 23 kt 20140623.00
Part D: 11 22  51.9 hPa 330° 17 kt 20140623.00
Part D: 22 33  51.1 hPa 345° 19 kt 20140623.00
Part D: 33 44  47.9 hPa  75°  7 kt 20140623.00
Part D: 44 55  46.4 hPa  55° 17 kt 20140623.00
Part D: 55 66  43.4 hPa  85° 16 kt 20140623.00
Part D: 66 77  41.9 hPa  80° 26 kt 20140623.00
Part D: 77 88  37.3 hPa 120° 32 kt 20140623.00
Part D: 88 99  32.6 hPa  95° 49 kt 20140623.00
Part D: 99 11  28.9 hPa  85° 58 kt 20140623.00
Part D: 11 22  22.0 hPa  80° 47 kt 20140623.00
Part D: 22 33  20.2 hPa 100° 42 kt 20140623.00
Part D: 33 44  14.1 hPa  85° 60 kt 20140623.00
Part D: 44 55  12.9 hPa  85° 71 kt 20140623.00
Part D: 55 66  11.5 hPa  80° 60 kt 20140623.00
Part D: 66 77  10.7 hPa  75° 64 kt 20140623.00
Part D: 77 88   8.9 hPa  80° 76 kt 20140623.00
Part D: 88 99   8.0 hPa  65° 39 kt 20140623.00
Part D: 99 11   7.8 hPa  60° 48 kt 20140623.00
Part D: 11 22   7.0 hPa 100° 41 kt 20140623.00
Part D: 22 33   6.8 hPa  90° 38 kt 20140623.00
Part D: 33 44   6.6 hPa 100° 25 kt 20140623.00
Part A:       100.0 hPa  25° 17 kt 20140624.00
Part C:        70.0 hPa 250° 27 kt 20140624.00
Part C:        50.0 hPa 315°  4 kt 20140624.00
Part C:        30.0 hPa  80° 46 kt 20140624.00
Part C:        20.0 hPa  85° 49 kt 20140624.00
Part C:        10.0 hPa  90° 70 kt 20140624.00
Part D: 11     91.0 hPa 150°  7 kt 20140624.00
Part D: 11 22  82.9 hPa 280° 20 kt 20140624.00
Part D: 22 33  79.8 hPa 250° 30 kt 20140624.00
Part D: 33 44  77.5 hPa 250° 27 kt 20140624.00
Part D: 44 55  75.4 hPa 260° 28 kt 20140624.00
Part D: 55 66  73.3 hPa 250° 27 kt 20140624.00
Part D: 66 77  71.3 hPa 250° 24 kt 20140624.00
Part D: 77 88  69.1 hPa 250° 30 kt 20140624.00
Part D: 88 99  64.9 hPa 280° 22 kt 20140624.00
Part D: 99 11  62.8 hPa 275° 14 kt 20140624.00
Part D: 11 22  60.8 hPa 300° 15 kt 20140624.00
Part D: 22 33  53.3 hPa 130°  1 kt 20140624.00
Part D: 33 44  52.4 hPa 315°  2 kt 20140624.00
Part D: 44 55  51.6 hPa 265°  5 kt 20140624.00
Part D: 55 66  49.9 hPa 320°  4 kt 20140624.00
Part D: 66 77  48.4 hPa 270° 12 kt 20140624.00
Part D: 77 88  45.5 hPa 215°  3 kt 20140624.00
Part D: 88 99  44.1 hPa 230° 10 kt 20140624.00
Part D: 99 11  40.9 hPa 155° 14 kt 20140624.00
Part D: 11 22  36.7 hPa  95° 24 kt 20140624.00
Part D: 22 33  33.9 hPa  75° 35 kt 20140624.00
Part D: 33 44  31.2 hPa  85° 46 kt 20140624.00
Part D: 44 55  25.0 hPa  90° 47 kt 20140624.00
Part D: 55 66  23.1 hPa  95° 51 kt 20140624.00
Part D: 66 77  22.2 hPa  90° 50 kt 20140624.00
Part D: 77 88  21.1 hPa  85° 43 kt 20140624.00
Part D: 88 99  18.6 hPa  90° 61 kt 20140624.00
Part D: 99 11  16.7 hPa  90° 54 kt 20140624.00
Part D: 11 22  13.0 hPa  90° 71 kt 20140624.00
Part D: 22 33  11.6 hPa  85° 61 kt 20140624.00
Part D: 33 44   8.7 hPa  85° 75 kt 20140624.00
Part D: 44 55   7.9 hPa  90° 33 kt 20140624.00
Part D: 55 66   7.5 hPa 170° 10 kt 20140624.00
Part D: 66 77   7.4 hPa 200° 14 kt 20140624.00
Part D: 77 88   7.3 hPa 170° 11 kt 20140624.00
Part D: 88 99   6.5 hPa 275° 22 kt 20140624.00
Part D: 99 11   6.2 hPa 270° 35 kt 20140624.00
Part D: 11 22   5.9 hPa 280° 54 kt 20140624.00
Part D: 22 33   5.3 hPa 275° 41 kt 20140624.00
Part D: 33 44   5.0 hPa 290° 37 kt 20140624.00
Part D: 44 55   4.6 hPa 270° 58 kt 20140624.00
Part A:       100.0 hPa   5°  6 kt 20140625.00
Part C:        70.0 hPa 280° 42 kt 20140625.00
Part C:        50.0 hPa 285° 21 kt 20140625.00
Part C:        30.0 hPa 105° 50 kt 20140625.00
Part C:        20.0 hPa  80° 61 kt 20140625.00
Part C:        10.0 hPa  85° 48 kt 20140625.00
Part D: 11     98.0 hPa 310°  6 kt 20140625.00
Part D: 11 22  93.0 hPa 275° 15 kt 20140625.00
Part D: 22 33  89.9 hPa 265° 25 kt 20140625.00
Part D: 33 44  84.6 hPa 300° 19 kt 20140625.00
Part D: 44 55  75.8 hPa 280° 29 kt 20140625.00
Part D: 55 66  72.4 hPa 280° 43 kt 20140625.00
Part D: 66 77  65.5 hPa 260° 21 kt 20140625.00
Part D: 77 88  64.4 hPa 265° 18 kt 20140625.00
Part D: 88 99  60.4 hPa 105°  2 kt 20140625.00
Part D: 99 11  58.6 hPa 275° 11 kt 20140625.00
Part D: 11 22  57.8 hPa 255°  7 kt 20140625.00
Part D: 22 33  55.5 hPa 240°  6 kt 20140625.00
Part D: 33 44  53.9 hPa 275°  8 kt 20140625.00
Part D: 44 55  49.1 hPa 285° 20 kt 20140625.00
Part D: 55 66  45.2 hPa 260° 27 kt 20140625.00
Part D: 66 77  43.0 hPa 275° 11 kt 20140625.00
Part D: 77 88  40.9 hPa 350° 14 kt 20140625.00
Part D: 88 99  40.3 hPa 355° 16 kt 20140625.00
Part D: 99 11  39.7 hPa   5° 17 kt 20140625.00
Part D: 11 22  36.6 hPa  70° 26 kt 20140625.00
Part D: 22 33  34.9 hPa  90° 30 kt 20140625.00
Part D: 33 44  32.7 hPa  90° 57 kt 20140625.00
Part D: 44 55  28.2 hPa 100° 45 kt 20140625.00
Part D: 55 66  24.8 hPa  90° 48 kt 20140625.00
Part D: 66 77  21.3 hPa  80° 56 kt 20140625.00
Part D: 77 88  17.8 hPa  85° 64 kt 20140625.00
Part D: 88 99  14.8 hPa  80° 56 kt 20140625.00
Part D: 99 11  14.1 hPa  85° 62 kt 20140625.00
Part D: 11 22  11.2 hPa  95° 52 kt 20140625.00
Part D: 22 33  10.4 hPa  90° 47 kt 20140625.00
Part D: 33 44   9.1 hPa  80° 57 kt 20140625.00
Part D: 44 55   8.4 hPa  70° 32 kt 20140625.00
Part D: 55 66   8.1 hPa  85° 19 kt 20140625.00
Part D: 66 77   7.9 hPa  40° 17 kt 20140625.00
Part D: 77 88   7.8 hPa  20° 23 kt 20140625.00
Part D: 88 99   7.7 hPa   5° 17 kt 20140625.00
Part D: 99 11   7.3 hPa 335° 19 kt 20140625.00
Part D: 11 22   7.0 hPa 310° 24 kt 20140625.00
Part D: 22 33   6.8 hPa 310° 14 kt 20140625.00
Part D: 33 44   6.6 hPa 270° 36 kt 20140625.00
Part D: 44 55   6.5 hPa 295° 35 kt 20140625.00
Part A:       100.0 hPa 250° 21 kt 20140627.00
Part C:        70.0 hPa 190° 12 kt 20140627.00
Part C:        50.0 hPa 255° 16 kt 20140627.00
Part C:        30.0 hPa  90° 62 kt 20140627.00
Part C:        20.0 hPa  90° 65 kt 20140627.00
Part C:        10.0 hPa  80° 76 kt 20140627.00
Part D: 11     92.1 hPa 290° 31 kt 20140627.00
Part D: 11 22  85.2 hPa 295° 21 kt 20140627.00
Part D: 22 33  83.9 hPa 300° 24 kt 20140627.00
Part D: 33 44  80.1 hPa 320°  5 kt 20140627.00
Part D: 44 55  78.9 hPa  60°  5 kt 20140627.00
Part D: 55 66  77.7 hPa  95°  7 kt 20140627.00
Part D: 66 77  73.7 hPa 100° 13 kt 20140627.00
Part D: 77 88  71.2 hPa 180° 12 kt 20140627.00
Part D: 88 99  67.9 hPa 150°  3 kt 20140627.00
Part D: 99 11  66.9 hPa 360°  4 kt 20140627.00
Part D: 11 22  65.9 hPa 330°  5 kt 20140627.00
Part D: 22 33  64.9 hPa 330°  3 kt 20140627.00
Part D: 33 44  60.4 hPa 165°  4 kt 20140627.00
Part D: 44 55  58.7 hPa 240° 14 kt 20140627.00
Part D: 55 66  56.0 hPa 250° 25 kt 20140627.00
Part D: 66 77  54.2 hPa 255° 30 kt 20140627.00
Part D: 77 88  51.6 hPa 280° 15 kt 20140627.00
Part D: 88 99  48.4 hPa 250° 21 kt 20140627.00
Part D: 99 11  45.2 hPa 270°  6 kt 20140627.00
Part D: 11 22  42.8 hPa 250° 16 kt 20140627.00
Part D: 22 33  38.2 hPa  70° 11 kt 20140627.00
Part D: 33 44  36.4 hPa  95° 24 kt 20140627.00
Part D: 44 55  31.8 hPa  80° 58 kt 20140627.00
Part D: 55 66  30.8 hPa  85° 59 kt 20140627.00
Part D: 66 77  29.7 hPa  90° 61 kt 20140627.00
Part D: 77 88  28.2 hPa  95° 61 kt 20140627.00
Part D: 88 99  23.0 hPa  85° 67 kt 20140627.00
Part D: 99 11  21.1 hPa  90° 56 kt 20140627.00
Part D: 11 22  19.8 hPa  90° 64 kt 20140627.00
Part D: 22 33  17.2 hPa  95° 65 kt 20140627.00
Part D: 33 44  15.7 hPa  95° 51 kt 20140627.00
Part D: 44 55  14.0 hPa  90° 60 kt 20140627.00
Part D: 55 66  12.5 hPa  90° 58 kt 20140627.00
Part D: 66 77  10.6 hPa  75° 74 kt 20140627.00
Part D: 77 88  10.1 hPa  75° 77 kt 20140627.00
Part D: 88 99   8.6 hPa  85° 64 kt 20140627.00
Part D: 99 11   8.2 hPa  85° 72 kt 20140627.00
Part D: 11 22   7.5 hPa 105° 33 kt 20140627.00
Part D: 22 33   7.0 hPa 100° 15 kt 20140627.00
Part D: 33 44   6.8 hPa 100° 27 kt 20140627.00
Part D: 44 55   6.6 hPa  95° 16 kt 20140627.00
Part D: 55 66   6.3 hPa  95° 37 kt 20140627.00
Part A:       100.0 hPa 310° 25 kt 20140628.00
Part C:        70.0 hPa  30°  7 kt 20140628.00
Part D: 11     97.5 hPa 300° 26 kt 20140628.00
Part D: 11 22  94.7 hPa 305° 22 kt 20140628.00
Part D: 22 33  93.3 hPa 305° 18 kt 20140628.00
Part D: 33 44  90.7 hPa 325°  7 kt 20140628.00
Part D: 44 55  89.3 hPa  15°  5 kt 20140628.00
Part D: 55 66  88.0 hPa  45°  7 kt 20140628.00
Part D: 66 77  86.7 hPa  25°  5 kt 20140628.00
Part D: 77 88  85.4 hPa 330°  6 kt 20140628.00
Part D: 88 99  82.9 hPa 265° 13 kt 20140628.00
Part D: 99 11  81.6 hPa 260° 17 kt 20140628.00
Part D: 11 22  80.4 hPa 270° 15 kt 20140628.00
Part D: 22 33  79.2 hPa 300° 13 kt 20140628.00
Part D: 33 44  76.8 hPa 355° 16 kt 20140628.00
Part D: 44 55  74.5 hPa 335° 17 kt 20140628.00
Part D: 55 66  73.3 hPa 340° 23 kt 20140628.00
Part D: 66 77  72.2 hPa 340° 19 kt 20140628.00
Part D: 77 88  70.1 hPa  25°  7 kt 20140628.00
Part D: 88 99  67.9 hPa 145°  9 kt 20140628.00
Part D: 99 11  66.8 hPa 180° 10 kt 20140628.00
Part D: 11 22  64.5 hPa 200° 13 kt 20140628.00
Part A:       100.0 hPa 285° 11 kt 20140629.00
Part C:        70.0 hPa  40°  6 kt 20140629.00
Part C:        50.0 hPa 295° 20 kt 20140629.00
Part D: 11     96.6 hPa 255° 10 kt 20140629.00
Part D: 11 22  93.7 hPa 290°  1 kt 20140629.00
Part D: 22 33  92.2 hPa 170°  2 kt 20140629.00
Part D: 33 44  90.8 hPa 185°  6 kt 20140629.00
Part D: 44 55  89.3 hPa 165°  7 kt 20140629.00
Part D: 55 66  85.0 hPa 270° 10 kt 20140629.00
Part D: 66 77  80.9 hPa 325°  7 kt 20140629.00
Part D: 77 88  79.7 hPa   5° 11 kt 20140629.00
Part D: 88 99  78.4 hPa  20° 11 kt 20140629.00
Part D: 99 11  76.1 hPa 340°  7 kt 20140629.00
Part D: 11 22  73.8 hPa 350° 13 kt 20140629.00
Part D: 22 33  71.4 hPa   5°  5 kt 20140629.00
Part D: 33 44  70.2 hPa  40°  6 kt 20140629.00
Part D: 44 55  65.7 hPa 320°  7 kt 20140629.00
Part D: 55 66  63.7 hPa 265° 14 kt 20140629.00
Part D: 66 77  61.7 hPa 260° 32 kt 20140629.00
Part D: 77 88  58.0 hPa 240° 25 kt 20140629.00
Part D: 88 99  53.5 hPa 265° 29 kt 20140629.00
Part D: 99 11  51.7 hPa 270° 17 kt 20140629.00
Part D: 11 22  48.4 hPa 305° 21 kt 20140629.00
Part D: 22 33  45.9 hPa 300°  8 kt 20140629.00
Part D: 33 44  42.8 hPa 265° 10 kt 20140629.00
Part D: 44 55  41.4 hPa 300°  7 kt 20140629.00
Part A:       100.0 hPa 205° 12 kt 20140630.00
Part C:        70.0 hPa 275° 18 kt 20140630.00
Part C:        50.0 hPa 270° 35 kt 20140630.00
Part C:        30.0 hPa  85° 51 kt 20140630.00
Part C:        20.0 hPa  85° 63 kt 20140630.00
Part C:        10.0 hPa  85° 52 kt 20140630.00
Part C:        41.0 hPa  85° 70 kt 20140630.00
Part D: 11     94.2 hPa 145°  3 kt 20140630.00
Part D: 11 22  92.9 hPa 200°  4 kt 20140630.00
Part D: 22 33  87.9 hPa  65° 13 kt 20140630.00
Part D: 33 44  84.0 hPa  15°  1 kt 20140630.00
Part D: 44 55  81.4 hPa 340° 10 kt 20140630.00
Part D: 55 66  79.0 hPa 355° 25 kt 20140630.00
Part D: 66 77  76.8 hPa  20° 21 kt 20140630.00
Part D: 77 88  71.5 hPa 320°  9 kt 20140630.00
Part D: 88 99  70.5 hPa 275° 15 kt 20140630.00
Part D: 99 11  62.7 hPa 275° 43 kt 20140630.00
Part D: 11 22  56.5 hPa 275° 27 kt 20140630.00
Part D: 22 33  52.8 hPa 255° 30 kt 20140630.00
Part D: 33 44  50.7 hPa 270° 35 kt 20140630.00
Part D: 44 55  43.3 hPa 295°  8 kt 20140630.00
Part D: 55 66  36.3 hPa  90° 47 kt 20140630.00
Part D: 66 77  24.6 hPa  85° 57 kt 20140630.00
Part D: 77 88  22.8 hPa  95° 48 kt 20140630.00
Part D: 88 99  20.4 hPa  80° 59 kt 20140630.00
Part D: 99 11  19.7 hPa  85° 66 kt 20140630.00
Part D: 11 22  17.2 hPa  90° 60 kt 20140630.00
Part D: 22 33  16.0 hPa  90° 55 kt 20140630.00
Part D: 33 44  14.2 hPa  95° 70 kt 20140630.00
Part D: 44 55  13.6 hPa  95° 59 kt 20140630.00
Part D: 55 66  12.3 hPa  95° 78 kt 20140630.00
Part D: 66 77  11.4 hPa  95° 59 kt 20140630.00
Part D: 77 88  10.6 hPa  75° 66 kt 20140630.00
Part D: 88 99  10.0 hPa  85° 51 kt 20140630.00
Part D: 99 11   9.5 hPa  85° 45 kt 20140630.00
Part D: 11 22   9.2 hPa  90° 69 kt 20140630.00
Part D: 22 33   9.1 hPa  85° 70 kt 20140630.00
Part D: 33 44   8.8 hPa  85° 52 kt 20140630.00
Part D: 44 55   8.1 hPa  80° 43 kt 20140630.00
Part D: 55 66   7.5 hPa 150°  9 kt 20140630.00
Part D: 66 77   7.0 hPa 255°  9 kt 20140630.00
Part D: 77 88   6.7 hPa 270° 16 kt 20140630.00
Part D: 88 99   6.3 hPa 230°  8 kt 20140630.00
Interpoliere die QBO aus den RS Daten
 Jahr:        2014 Date:        1406
 Filepath: 
 ./qbo_data_new/qbo.dat
