Pararmeterliste beim QBO Aufruf:  -g -w -a 2013.06 --
2013.06
Kopiere RS Daten aus dem Archiv
 TTCC  51001 48698                                                                                                                                                                                                                                               
 8                                                                                                                                                                                                                                               
 TTCC  5112/ 48698                                                                                                                                                                                                                                               
 8                                                                                                                                                                                                                                               
 TTCC  5200/ 48698                                                                                                                                                                                                                                               
 8                                                                                                                                                                                                                                               
 TTCC  52121 48698                                                                                                                                                                                                                                               
 8                                                                                                                                                                                                                                               
 TTCC  53001 48698                                                                                                                                                                                                                                               
 8                                                                                                                                                                                                                                               
 TTCC  5312/ 48698                                                                                                                                                                                                                                               
 8                                                                                                                                                                                                                                               
 TTCC  54001 48698                                                                                                                                                                                                                                               
 8                                                                                                                                                                                                                                               
 TTCC  54127 48698                                                                                                                                                                                                                                               
 8                                                                                                                                                                                                                                               
 TTCC  55001 48698                                                                                                                                                                                                                                               
 8                                                                                                                                                                                                                                               
 TTCC  55122 48698                                                                                                                                                                                                                                               
 8                                                                                                                                                                                                                                               
 TTCC  56001 48698                                                                                                                                                                                                                                               
 8                                                                                                                                                                                                                                               
 TTCC  56127 48698                                                                                                                                                                                                                                               
 8                                                                                                                                                                                                                                               
 TTCC  5700/ 48698                                                                                                                                                                                                                                               
 8                                                                                                                                                                                                                                               
 TTCC 5711/ 48698 NIL=                                                                                                                                                                                                                                           
 =                                                                                                                                                                                                                                           
 TTCC  58001 48698                                                                                                                                                                                                                                               
 8                                                                                                                                                                                                                                               
 TTCC 5811/ 48698 NIL=                                                                                                                                                                                                                                           
 =                                                                                                                                                                                                                                           
 TTCC  59001 48698                                                                                                                                                                                                                                               
 8                                                                                                                                                                                                                                               
 TTCC  6000/ 48698                                                                                                                                                                                                                                               
 8                                                                                                                                                                                                                                               
 TTCC 6011/ 48698 NIL=                                                                                                                                                                                                                                           
 =                                                                                                                                                                                                                                           
 TTCC  6100/ 48698                                                                                                                                                                                                                                               
 8                                                                                                                                                                                                                                               
 TTCC 6111/ 48698 NIL=                                                                                                                                                                                                                                           
 =                                                                                                                                                                                                                                           
 TTCC  62001 48698                                                                                                                                                                                                                                               
 8                                                                                                                                                                                                                                               
 TTCC 6211/ 48698 NIL=                                                                                                                                                                                                                                           
 =                                                                                                                                                                                                                                           
 TTCC  63001 48698                                                                                                                                                                                                                                               
 8                                                                                                                                                                                                                                               
 TTCC 6311/ 48698 NIL=                                                                                                                                                                                                                                           
 =                                                                                                                                                                                                                                           
 TTCC  64002 48698                                                                                                                                                                                                                                               
 8                                                                                                                                                                                                                                               
 TTCC 6411/ 48698 NIL=                                                                                                                                                                                                                                           
 =                                                                                                                                                                                                                                           
 TTCC  65007 48698                                                                                                                                                                                                                                               
 8                                                                                                                                                                                                                                               
 TTCC 6511/ 48698 NIL=                                                                                                                                                                                                                                           
 =                                                                                                                                                                                                                                           
 TTCC  66001 48698                                                                                                                                                                                                                                               
 8                                                                                                                                                                                                                                               
 TTCC 6611/ 48698 NIL=                                                                                                                                                                                                                                           
 =                                                                                                                                                                                                                                           
 TTCC  67001 48698                                                                                                                                                                                                                                               
 8                                                                                                                                                                                                                                               
 TTCC 6711/ 48698 NIL=                                                                                                                                                                                                                                           
 =                                                                                                                                                                                                                                           
 TTCC  68001 48698                                                                                                                                                                                                                                               
 8                                                                                                                                                                                                                                               
 TTCC 6811/ 48698 NIL=                                                                                                                                                                                                                                           
 =                                                                                                                                                                                                                                           
 TTCC  69001 48698                                                                                                                                                                                                                                               
 8                                                                                                                                                                                                                                               
 TTCC 6911/ 48698 NIL=                                                                                                                                                                                                                                           
 =                                                                                                                                                                                                                                           
 TTCC  70001 48698                                                                                                                                                                                                                                               
 8                                                                                                                                                                                                                                               
 TTCC 7011/ 48698 NIL=                                                                                                                                                                                                                                           
 =                                                                                                                                                                                                                                           
 TTCC  71001 48698                                                                                                                                                                                                                                               
 8                                                                                                                                                                                                                                               
 TTCC 7111/ 48698 NIL=                                                                                                                                                                                                                                           
 =                                                                                                                                                                                                                                           
 TTCC  72001 48698                                                                                                                                                                                                                                               
 8                                                                                                                                                                                                                                               
 TTCC 7211/ 48698 NIL=                                                                                                                                                                                                                                           
 =                                                                                                                                                                                                                                           
 TTCC  73001 48698                                                                                                                                                                                                                                               
 8                                                                                                                                                                                                                                               
 TTCC 7311/ 48698 NIL=                                                                                                                                                                                                                                           
 =                                                                                                                                                                                                                                           
 TTCC  7400/ 48698                                                                                                                                                                                                                                               
 8                                                                                                                                                                                                                                               
 TTCC 7411/ 48698 NIL=                                                                                                                                                                                                                                           
 =                                                                                                                                                                                                                                           
 TTCC  75001 48698                                                                                                                                                                                                                                               
 8                                                                                                                                                                                                                                               
 TTCC 7511/ 48698 NIL=                                                                                                                                                                                                                                           
 =                                                                                                                                                                                                                                           
 TTCC  7600/ 48698                                                                                                                                                                                                                                               
 8                                                                                                                                                                                                                                               
 TTCC 7611/ 48698 NIL=                                                                                                                                                                                                                                           
 =                                                                                                                                                                                                                                           
 TTCC  77002 48698                                                                                                                                                                                                                                               
 8                                                                                                                                                                                                                                               
 TTCC 7711/ 48698 NIL=                                                                                                                                                                                                                                           
 =                                                                                                                                                                                                                                           
 TTCC  78001 48698                                                                                                                                                                                                                                               
 8                                                                                                                                                                                                                                               
 TTCC 7811/ 48698 NIL=                                                                                                                                                                                                                                           
 =                                                                                                                                                                                                                                           
 TTCC  79001 48698                                                                                                                                                                                                                                               
 8                                                                                                                                                                                                                                               
 TTCC 7911/ 48698 NIL=                                                                                                                                                                                                                                           
 =                                                                                                                                                                                                                                           
 TTCC  80001 48698                                                                                                                                                                                                                                               
 8                                                                                                                                                                                                                                               
 TTCC 8011/ 48698 NIL=                                                                                                                                                                                                                                           
 =                                                                                                                                                                                                                                           
Parse RS Daten
Part A:       100.0 hPa 330° 18 kt 20130601.00
Part C:        70.0 hPa  80° 15 kt 20130601.00
Part C:        50.0 hPa 100° 24 kt 20130601.00
Part C:        30.0 hPa 260° 29 kt 20130601.00
Part C:        20.0 hPa 285° 50 kt 20130601.00
Part C:        10.0 hPa 275° 32 kt 20130601.00
Part D: 11     89.4 hPa 255° 16 kt 20130601.00
Part D: 11 22  80.0 hPa 335°  1 kt 20130601.00
Part D: 22 33  78.3 hPa 330°  4 kt 20130601.00
Part D: 33 44  73.3 hPa  70° 19 kt 20130601.00
Part D: 44 55  57.3 hPa  75° 53 kt 20130601.00
Part D: 55 66  50.6 hPa 105° 26 kt 20130601.00
Part D: 66 77  48.1 hPa 125° 20 kt 20130601.00
Part D: 77 88  46.5 hPa 185° 16 kt 20130601.00
Part D: 88 99  40.3 hPa 250° 26 kt 20130601.00
Part D: 99 11  37.1 hPa 275° 17 kt 20130601.00
Part D: 11 22  34.8 hPa 215° 14 kt 20130601.00
Part D: 22 33  33.7 hPa 235°  1 kt 20130601.00
Part D: 33 44  30.5 hPa 250° 23 kt 20130601.00
Part D: 44 55  28.9 hPa 270° 30 kt 20130601.00
Part D: 55 66  22.9 hPa 285° 53 kt 20130601.00
Part D: 66 77  19.1 hPa 285° 30 kt 20130601.00
Part D: 77 88  16.3 hPa 280° 43 kt 20130601.00
Part D: 88 99  12.2 hPa 280° 22 kt 20130601.00
Part D: 99 11  11.5 hPa 275° 33 kt 20130601.00
Part D: 11 22  10.8 hPa 280° 43 kt 20130601.00
Part D: 22 33  10.2 hPa 280° 33 kt 20130601.00
Part D: 33 44   8.3 hPa 245° 38 kt 20130601.00
Part D: 44 55   8.1 hPa 245° 26 kt 20130601.00
Part D: 55 66   7.8 hPa 255° 52 kt 20130601.00
Part D: 66 77   7.6 hPa 240° 41 kt 20130601.00
Part D: 77 88   7.0 hPa 265° 49 kt 20130601.00
Part D: 88 99   6.2 hPa 270° 22 kt 20130601.00
Part D: 99 11   5.8 hPa 270° 17 kt 20130601.00
Part A:       100.0 hPa  10° 10 kt 20130601.12
Part D: 11     98.2 hPa  10° 16 kt 20130601.12
Part D: 11 22  96.3 hPa 355° 13 kt 20130601.12
Part D: 22 33  94.4 hPa 360° 14 kt 20130601.12
Part D: 33 44  92.7 hPa   5° 12 kt 20130601.12
Part D: 44 55  90.9 hPa 295°  7 kt 20130601.12
Part D: 55 66  89.2 hPa 280°  8 kt 20130601.12
Part D: 66 77  87.6 hPa 280° 11 kt 20130601.12
Part D: 77 88  86.0 hPa 275° 14 kt 20130601.12
Part D: 88 99  82.7 hPa 295°  9 kt 20130601.12
Part D: 99 11  81.1 hPa 320° 10 kt 20130601.12
Part D: 11 22  79.6 hPa 345°  6 kt 20130601.12
Part D: 22 33  76.6 hPa 360°  2 kt 20130601.12
Part D: 33 44  75.0 hPa 100° 17 kt 20130601.12
Part D: 44 55  73.5 hPa  95° 25 kt 20130601.12
Part D: 55 66  72.2 hPa 105° 27 kt 20130601.12
Part A:       100.0 hPa  10° 18 kt 20130602.00
Part D: 11     98.2 hPa  10° 16 kt 20130602.00
Part D: 11 22  94.1 hPa  40° 21 kt 20130602.00
Part D: 22 33  92.2 hPa  75° 20 kt 20130602.00
Part D: 33 44  84.7 hPa 170°  6 kt 20130602.00
Part D: 44 55  80.8 hPa 140° 12 kt 20130602.00
Part D: 55 66  79.6 hPa 130° 11 kt 20130602.00
Part D: 66 77  76.5 hPa 100° 20 kt 20130602.00
Part A:       100.0 hPa  35° 19 kt 20130602.12
Part D: 11     98.3 hPa  30° 20 kt 20130602.12
Part D: 11 22  96.2 hPa  30° 22 kt 20130602.12
Part D: 22 33  94.1 hPa  45° 25 kt 20130602.12
Part D: 33 44  90.3 hPa  70° 21 kt 20130602.12
Part D: 44 55  86.9 hPa 100° 29 kt 20130602.12
Part D: 55 66  83.4 hPa 110° 15 kt 20130602.12
Part D: 66 77  81.8 hPa 105° 14 kt 20130602.12
Part D: 77 88  79.0 hPa  80° 20 kt 20130602.12
Part D: 88 99  78.0 hPa  75° 24 kt 20130602.12
Part D: 99 11  77.1 hPa  75° 26 kt 20130602.12
Part D: 11 22  75.3 hPa 105° 39 kt 20130602.12
Part D: 22 33  74.4 hPa 100° 39 kt 20130602.12
Part D: 33 44  72.7 hPa  95° 39 kt 20130602.12
Part D: 44 55  71.9 hPa  90° 39 kt 20130602.12
Part D: 55 66  70.3 hPa  85° 43 kt 20130602.12
Part A:       100.0 hPa  40° 26 kt 20130603.00
Part C:        70.0 hPa  75° 46 kt 20130603.00
Part C:        50.0 hPa 300° 20 kt 20130603.00
Part C:        30.0 hPa 280° 41 kt 20130603.00
Part C:        20.0 hPa 265° 37 kt 20130603.00
Part C:        10.0 hPa 290° 20 kt 20130603.00
Part D: 11     89.8 hPa 125° 21 kt 20130603.00
Part D: 11 22  85.5 hPa  85° 18 kt 20130603.00
Part D: 22 33  78.6 hPa  75° 33 kt 20130603.00
Part D: 33 44  71.7 hPa  80° 40 kt 20130603.00
Part D: 44 55  69.5 hPa  70° 48 kt 20130603.00
Part D: 55 66  67.2 hPa  85° 55 kt 20130603.00
Part D: 66 77  64.0 hPa 115° 47 kt 20130603.00
Part D: 77 88  61.0 hPa 115° 44 kt 20130603.00
Part D: 88 99  55.7 hPa  80°  6 kt 20130603.00
Part D: 99 11  52.4 hPa 320° 18 kt 20130603.00
Part D: 11 22  47.5 hPa 280° 28 kt 20130603.00
Part D: 22 33  46.0 hPa 290° 19 kt 20130603.00
Part D: 33 44  45.2 hPa 310° 15 kt 20130603.00
Part D: 44 55  43.1 hPa 270° 11 kt 20130603.00
Part D: 55 66  41.8 hPa 275°  7 kt 20130603.00
Part D: 66 77  37.1 hPa 245° 31 kt 20130603.00
Part D: 77 88  35.8 hPa 255° 22 kt 20130603.00
Part D: 88 99  35.2 hPa 250° 15 kt 20130603.00
Part D: 99 11  34.1 hPa 260° 31 kt 20130603.00
Part D: 11 22  32.5 hPa 285° 22 kt 20130603.00
Part D: 22 33  30.9 hPa 285° 39 kt 20130603.00
Part D: 33 44  26.0 hPa 265° 35 kt 20130603.00
Part D: 44 55  24.2 hPa 250° 45 kt 20130603.00
Part D: 55 66  19.8 hPa 270° 35 kt 20130603.00
Part D: 66 77  18.5 hPa 265° 40 kt 20130603.00
Part D: 77 88  16.4 hPa 290° 37 kt 20130603.00
Part D: 88 99  14.0 hPa 270° 34 kt 20130603.00
Part D: 99 11  13.5 hPa 275° 27 kt 20130603.00
Part D: 11 22  13.0 hPa 305° 17 kt 20130603.00
Part D: 22 33  12.0 hPa 285° 24 kt 20130603.00
Part D: 33 44  10.4 hPa 325° 20 kt 20130603.00
Part D: 44 55  10.1 hPa 285° 19 kt 20130603.00
Part D: 55 66   9.7 hPa 285° 24 kt 20130603.00
Part D: 66 77   9.4 hPa 270° 19 kt 20130603.00
Part D: 77 88   8.7 hPa 260° 30 kt 20130603.00
Part D: 88 99   8.0 hPa 255° 21 kt 20130603.00
Part D: 99 11   7.6 hPa 290° 20 kt 20130603.00
Part D: 11 22   7.3 hPa 305° 31 kt 20130603.00
Part D: 22 33   7.0 hPa 280° 47 kt 20130603.00
Part D: 33 44   6.9 hPa 290° 51 kt 20130603.00
Part D: 44 55   6.8 hPa 300° 36 kt 20130603.00
Part D: 55 66   6.5 hPa 305° 39 kt 20130603.00
Part A:       100.0 hPa  70° 27 kt 20130603.12
Part A:       100.0 hPa  65° 32 kt 20130604.00
Part C:        70.0 hPa  95° 49 kt 20130604.00
Part C:        50.0 hPa 275° 21 kt 20130604.00
Part C:        30.0 hPa 265° 21 kt 20130604.00
Part C:        20.0 hPa 250° 29 kt 20130604.00
Part C:        10.0 hPa 265° 34 kt 20130604.00
Part D: 11     94.1 hPa 105° 20 kt 20130604.00
Part D: 11 22  85.8 hPa  70° 27 kt 20130604.00
Part D: 22 33  70.8 hPa  90° 49 kt 20130604.00
Part D: 33 44  60.9 hPa  90° 32 kt 20130604.00
Part D: 44 55  56.2 hPa 230°  6 kt 20130604.00
Part D: 55 66  45.4 hPa 350° 25 kt 20130604.00
Part D: 66 77  42.0 hPa 275°  2 kt 20130604.00
Part D: 77 88  40.0 hPa 315° 13 kt 20130604.00
Part D: 88 99  38.8 hPa 280° 19 kt 20130604.00
Part D: 99 11  37.7 hPa 290° 21 kt 20130604.00
Part D: 11 22  35.5 hPa 315°  8 kt 20130604.00
Part D: 22 33  33.9 hPa 245° 14 kt 20130604.00
Part D: 33 44  28.6 hPa 275° 23 kt 20130604.00
Part D: 44 55  24.5 hPa 310° 46 kt 20130604.00
Part D: 55 66  23.2 hPa 310° 35 kt 20130604.00
Part D: 66 77  21.8 hPa 320° 16 kt 20130604.00
Part D: 77 88  17.4 hPa 285° 25 kt 20130604.00
Part D: 88 99  14.9 hPa 285° 11 kt 20130604.00
Part D: 99 11  13.8 hPa 230° 23 kt 20130604.00
Part D: 11 22  12.3 hPa 245° 34 kt 20130604.00
Part D: 22 33   9.9 hPa 270° 36 kt 20130604.00
Part D: 33 44   8.3 hPa 330° 33 kt 20130604.00
Part D: 44 55   6.2 hPa  10° 30 kt 20130604.00
Part D: 55 66   6.1 hPa 350° 39 kt 20130604.00
Part D: 66 77   5.9 hPa  25° 21 kt 20130604.00
Part D: 77 88   5.5 hPa  60° 25 kt 20130604.00
Part A:       100.0 hPa  70° 30 kt 20130604.12
Part C:        70.0 hPa  85° 44 kt 20130604.12
Part D: 11     97.4 hPa  90° 28 kt 20130604.12
Part D: 11 22  95.4 hPa  95° 29 kt 20130604.12
Part D: 22 33  93.2 hPa  95° 30 kt 20130604.12
Part D: 33 44  91.1 hPa  90° 32 kt 20130604.12
Part D: 44 55  89.1 hPa  90° 31 kt 20130604.12
Part D: 55 66  87.1 hPa  85° 31 kt 20130604.12
Part D: 66 77  85.4 hPa  80° 31 kt 20130604.12
Part D: 77 88  83.7 hPa  75° 33 kt 20130604.12
Part D: 88 99  82.2 hPa  80° 32 kt 20130604.12
Part D: 99 11  80.8 hPa  90° 38 kt 20130604.12
Part D: 11 22  79.3 hPa  80° 36 kt 20130604.12
Part D: 22 33  77.9 hPa  65° 42 kt 20130604.12
Part D: 33 44  74.6 hPa  70° 48 kt 20130604.12
Part D: 44 55  73.1 hPa  75° 49 kt 20130604.12
Part D: 55 66  71.5 hPa  85° 48 kt 20130604.12
Part D: 66 77  70.1 hPa  85° 44 kt 20130604.12
Part D: 77 88  68.4 hPa  90° 50 kt 20130604.12
Part A:       100.0 hPa  75° 37 kt 20130605.00
Part C:        70.0 hPa 105° 37 kt 20130605.00
Part C:        50.0 hPa 280° 15 kt 20130605.00
Part C:        30.0 hPa 275° 33 kt 20130605.00
Part C:        20.0 hPa 270° 34 kt 20130605.00
Part C:        10.0 hPa 275° 28 kt 20130605.00
Part D: 11     97.6 hPa 100° 33 kt 20130605.00
Part D: 11 22  94.3 hPa  85° 26 kt 20130605.00
Part D: 22 33  84.1 hPa  80° 36 kt 20130605.00
Part D: 33 44  82.8 hPa  85° 28 kt 20130605.00
Part D: 44 55  72.9 hPa  80° 41 kt 20130605.00
Part D: 55 66  68.1 hPa 120° 30 kt 20130605.00
Part D: 66 77  62.7 hPa  95° 25 kt 20130605.00
Part D: 77 88  57.8 hPa 205°  5 kt 20130605.00
Part D: 88 99  55.1 hPa 305°  7 kt 20130605.00
Part D: 99 11  53.3 hPa 280° 16 kt 20130605.00
Part D: 11 22  44.3 hPa 295°  8 kt 20130605.00
Part D: 22 33  43.5 hPa 325°  7 kt 20130605.00
Part D: 33 44  41.5 hPa 190° 13 kt 20130605.00
Part D: 44 55  38.1 hPa 295°  7 kt 20130605.00
Part D: 55 66  37.4 hPa 245°  2 kt 20130605.00
Part D: 66 77  36.8 hPa 170°  9 kt 20130605.00
Part D: 77 88  36.1 hPa 215° 17 kt 20130605.00
Part D: 88 99  33.6 hPa 245° 33 kt 20130605.00
Part D: 99 11  33.0 hPa 245° 20 kt 20130605.00
Part D: 11 22  30.4 hPa 280° 37 kt 20130605.00
Part D: 22 33  29.0 hPa 285° 35 kt 20130605.00
Part D: 33 44  26.7 hPa 300° 15 kt 20130605.00
Part D: 44 55  25.8 hPa 250° 13 kt 20130605.00
Part D: 55 66  24.6 hPa 305°  7 kt 20130605.00
Part D: 66 77  22.9 hPa 250° 18 kt 20130605.00
Part D: 77 88  21.7 hPa 275°  8 kt 20130605.00
Part D: 88 99  20.2 hPa 270° 35 kt 20130605.00
Part D: 99 11  18.8 hPa 275° 29 kt 20130605.00
Part D: 11 22  15.0 hPa 270° 44 kt 20130605.00
Part D: 22 33  14.5 hPa 270° 34 kt 20130605.00
Part D: 33 44  13.8 hPa 275° 44 kt 20130605.00
Part D: 44 55   9.0 hPa 265° 24 kt 20130605.00
Part D: 55 66   7.8 hPa 275° 10 kt 20130605.00
Part D: 66 77   7.7 hPa 275° 19 kt 20130605.00
Part D: 77 88   7.4 hPa 280° 13 kt 20130605.00
Part D: 88 99   7.3 hPa 290° 10 kt 20130605.00
Part D: 99 11   7.0 hPa 155°  4 kt 20130605.00
Part D: 11 22   6.8 hPa  50°  7 kt 20130605.00
Part D: 22 33   6.7 hPa  95°  9 kt 20130605.00
Part D: 33 44   6.5 hPa  75°  9 kt 20130605.00
Part D: 44 55   6.4 hPa  95°  5 kt 20130605.00
Part D: 55 66   6.1 hPa  15°  2 kt 20130605.00
Part D: 66 77   6.0 hPa 230°  3 kt 20130605.00
Part A:       100.0 hPa  55° 21 kt 20130605.12
Part C:        70.0 hPa  75° 51 kt 20130605.12
Part C:        50.0 hPa 240° 30 kt 20130605.12
Part C:        30.0 hPa 280° 24 kt 20130605.12
Part C:        20.0 hPa 275° 23 kt 20130605.12
Part D: 11     96.2 hPa  80° 25 kt 20130605.12
Part D: 11 22  91.1 hPa  55° 32 kt 20130605.12
Part D: 22 33  86.0 hPa  60° 48 kt 20130605.12
Part D: 33 44  76.1 hPa  85° 58 kt 20130605.12
Part D: 44 55  70.2 hPa  75° 51 kt 20130605.12
Part D: 55 66  67.0 hPa  85° 37 kt 20130605.12
Part D: 66 77  63.1 hPa  70° 32 kt 20130605.12
Part D: 77 88  61.2 hPa  75° 10 kt 20130605.12
Part D: 88 99  60.2 hPa 155°  7 kt 20130605.12
Part D: 99 11  58.0 hPa 220° 22 kt 20130605.12
Part D: 11 22  55.2 hPa 245° 25 kt 20130605.12
Part D: 22 33  48.9 hPa 245° 26 kt 20130605.12
Part D: 33 44  45.5 hPa 265° 10 kt 20130605.12
Part D: 44 55  43.7 hPa 335°  5 kt 20130605.12
Part D: 55 66  42.7 hPa 290°  8 kt 20130605.12
Part D: 66 77  41.3 hPa 330° 20 kt 20130605.12
Part D: 77 88  39.5 hPa 360° 15 kt 20130605.12
Part D: 88 99  39.0 hPa  10° 14 kt 20130605.12
Part D: 99 11  37.2 hPa  55° 12 kt 20130605.12
Part D: 11 22  36.4 hPa  30°  6 kt 20130605.12
Part D: 22 33  36.0 hPa 360°  8 kt 20130605.12
Part D: 33 44  35.2 hPa 320° 10 kt 20130605.12
Part D: 44 55  34.4 hPa 305° 14 kt 20130605.12
Part D: 55 66  32.9 hPa 255° 25 kt 20130605.12
Part D: 66 77  30.5 hPa 275° 27 kt 20130605.12
Part D: 77 88  28.2 hPa 290° 36 kt 20130605.12
Part D: 88 99  26.1 hPa 340° 18 kt 20130605.12
Part D: 99 11  25.5 hPa   5° 12 kt 20130605.12
Part D: 11 22  25.3 hPa 335° 11 kt 20130605.12
Part D: 22 33  25.0 hPa 330° 11 kt 20130605.12
Part D: 33 44  24.7 hPa 290° 11 kt 20130605.12
Part D: 44 55  24.2 hPa 330°  6 kt 20130605.12
Part D: 55 66  23.2 hPa 275° 14 kt 20130605.12
Part D: 66 77  22.9 hPa 250° 15 kt 20130605.12
Part D: 77 88  22.0 hPa 260° 32 kt 20130605.12
Part D: 88 99  21.3 hPa 265° 34 kt 20130605.12
Part D: 99 11  20.2 hPa 270° 23 kt 20130605.12
Part D: 11 22  19.2 hPa 275° 32 kt 20130605.12
Part D: 22 33  18.3 hPa 275° 50 kt 20130605.12
Part D: 33 44  16.2 hPa 275° 60 kt 20130605.12
Part A:       100.0 hPa 105° 30 kt 20130606.00
Part C:        70.0 hPa  85° 38 kt 20130606.00
Part C:        50.0 hPa 255° 13 kt 20130606.00
Part C:        30.0 hPa 290° 13 kt 20130606.00
Part C:        20.0 hPa 270° 45 kt 20130606.00
Part C:        10.0 hPa 250° 21 kt 20130606.00
Part D: 11     85.5 hPa  95° 45 kt 20130606.00
Part D: 11 22  81.7 hPa  95° 33 kt 20130606.00
Part D: 22 33  74.8 hPa  75° 47 kt 20130606.00
Part D: 33 44  67.5 hPa  65° 23 kt 20130606.00
Part D: 44 55  65.3 hPa  15° 10 kt 20130606.00
Part D: 55 66  64.2 hPa 295° 10 kt 20130606.00
Part D: 66 77  61.2 hPa 285° 17 kt 20130606.00
Part D: 77 88  53.9 hPa 340° 17 kt 20130606.00
Part D: 88 99  49.8 hPa 255° 13 kt 20130606.00
Part D: 99 11  45.9 hPa 320°  4 kt 20130606.00
Part D: 11 22  45.2 hPa  65°  5 kt 20130606.00
Part D: 22 33  44.4 hPa  85°  8 kt 20130606.00
Part D: 33 44  43.8 hPa  45°  5 kt 20130606.00
Part D: 44 55  41.8 hPa  75°  7 kt 20130606.00
Part D: 55 66  40.5 hPa  65° 14 kt 20130606.00
Part D: 66 77  38.5 hPa 255°  4 kt 20130606.00
Part D: 77 88  36.0 hPa 290° 21 kt 20130606.00
Part D: 88 99  28.0 hPa  65°  5 kt 20130606.00
Part D: 99 11  26.7 hPa 230° 18 kt 20130606.00
Part D: 11 22  24.6 hPa 260° 30 kt 20130606.00
Part D: 22 33  22.9 hPa 265° 44 kt 20130606.00
Part D: 33 44  21.4 hPa 270° 29 kt 20130606.00
Part D: 44 55  18.5 hPa 275° 58 kt 20130606.00
Part D: 55 66  14.3 hPa 285° 28 kt 20130606.00
Part D: 66 77  12.4 hPa 265° 28 kt 20130606.00
Part D: 77 88   9.0 hPa 230° 28 kt 20130606.00
Part D: 88 99   7.7 hPa 255° 13 kt 20130606.00
Part D: 99 11   7.5 hPa 260° 27 kt 20130606.00
Part D: 11 22   6.4 hPa 255° 33 kt 20130606.00
Part A:       100.0 hPa  75° 21 kt 20130606.12
Part C:        70.0 hPa  90° 39 kt 20130606.12
Part D: 11     98.8 hPa  75° 23 kt 20130606.12
Part D: 11 22  96.4 hPa  80° 25 kt 20130606.12
Part D: 22 33  95.1 hPa  85° 28 kt 20130606.12
Part D: 33 44  93.9 hPa  85° 28 kt 20130606.12
Part D: 44 55  92.5 hPa  85° 28 kt 20130606.12
Part D: 55 66  89.0 hPa  80° 40 kt 20130606.12
Part D: 66 77  88.2 hPa  85° 46 kt 20130606.12
Part D: 77 88  87.1 hPa  85° 39 kt 20130606.12
Part D: 88 99  83.0 hPa 120° 23 kt 20130606.12
Part D: 99 11  82.1 hPa 115° 23 kt 20130606.12
Part D: 11 22  76.5 hPa  80° 40 kt 20130606.12
Part D: 22 33  75.5 hPa  85° 38 kt 20130606.12
Part D: 33 44  72.6 hPa  90° 43 kt 20130606.12
Part D: 44 55  71.6 hPa  90° 43 kt 20130606.12
Part D: 55 66  70.6 hPa  90° 41 kt 20130606.12
Part D: 66 77  69.0 hPa  90° 34 kt 20130606.12
Part D: 77 88  68.1 hPa  90° 25 kt 20130606.12
Part A:       100.0 hPa  55° 38 kt 20130608.00
Part C:        70.0 hPa  75° 46 kt 20130608.00
Part C:        50.0 hPa 220° 13 kt 20130608.00
Part C:        30.0 hPa 280° 22 kt 20130608.00
Part C:        20.0 hPa 270° 24 kt 20130608.00
Part C:        10.0 hPa 290° 37 kt 20130608.00
Part D: 11     93.3 hPa  75° 52 kt 20130608.00
Part D: 11 22  83.5 hPa 125° 14 kt 20130608.00
Part D: 22 33  78.6 hPa  55° 15 kt 20130608.00
Part D: 33 44  74.1 hPa  70° 38 kt 20130608.00
Part D: 44 55  65.2 hPa 110° 27 kt 20130608.00
Part D: 55 66  56.5 hPa 150° 15 kt 20130608.00
Part D: 66 77  54.9 hPa 100° 19 kt 20130608.00
Part D: 77 88  46.9 hPa 265° 18 kt 20130608.00
Part D: 88 99  40.8 hPa 295° 26 kt 20130608.00
Part D: 99 11  37.3 hPa 270° 36 kt 20130608.00
Part D: 11 22  28.3 hPa 290° 12 kt 20130608.00
Part D: 22 33  27.5 hPa 250° 18 kt 20130608.00
Part D: 33 44  26.1 hPa 245° 30 kt 20130608.00
Part D: 44 55  23.4 hPa 250° 17 kt 20130608.00
Part D: 55 66  20.8 hPa 290° 32 kt 20130608.00
Part D: 66 77  17.4 hPa 275° 44 kt 20130608.00
Part D: 77 88  15.7 hPa 260° 32 kt 20130608.00
Part D: 88 99  13.9 hPa 240° 41 kt 20130608.00
Part D: 99 11  10.0 hPa 290° 37 kt 20130608.00
Part D: 11 22   9.0 hPa 265° 29 kt 20130608.00
Part D: 22 33   8.8 hPa 280° 47 kt 20130608.00
Part D: 33 44   8.0 hPa 305° 29 kt 20130608.00
Part D: 44 55   7.5 hPa 250° 15 kt 20130608.00
Part D: 55 66   7.1 hPa 350°  8 kt 20130608.00
Part D: 66 77   6.9 hPa  25° 12 kt 20130608.00
Part D: 88 99   6.5 hPa  45° 16 kt 20130608.00
Part D: 99 11   6.4 hPa  55°  7 kt 20130608.00
Part D: 11 22   5.6 hPa 105° 62 kt 20130608.00
Part D: 22 33   5.5 hPa 115° 33 kt 20130608.00
Part A:       100.0 hPa  65° 34 kt 20130609.00
Part C:        70.0 hPa  75° 36 kt 20130609.00
Part C:        50.0 hPa 270° 22 kt 20130609.00
Part C:        30.0 hPa 260° 38 kt 20130609.00
Part C:        20.0 hPa 260° 46 kt 20130609.00
Part C:        10.0 hPa 275° 26 kt 20130609.00
Part D: 11     99.5 hPa  65° 34 kt 20130609.00
Part D: 11 22  88.0 hPa  90° 51 kt 20130609.00
Part D: 22 33  77.2 hPa  60° 51 kt 20130609.00
Part D: 33 44  76.0 hPa  65° 53 kt 20130609.00
Part D: 44 55  68.3 hPa  60° 26 kt 20130609.00
Part D: 55 66  63.9 hPa 155°  7 kt 20130609.00
Part D: 66 77  60.9 hPa 220°  8 kt 20130609.00
Part D: 77 88  57.1 hPa 145°  5 kt 20130609.00
Part D: 88 99  54.5 hPa 220° 11 kt 20130609.00
Part D: 99 11  49.6 hPa 275° 23 kt 20130609.00
Part D: 11 22  43.9 hPa 295° 19 kt 20130609.00
Part D: 22 33  40.2 hPa 350° 12 kt 20130609.00
Part D: 33 44  38.2 hPa 240° 17 kt 20130609.00
Part D: 44 55  35.7 hPa 240° 31 kt 20130609.00
Part D: 55 66  33.6 hPa 225° 42 kt 20130609.00
Part D: 66 77  29.9 hPa 260° 37 kt 20130609.00
Part D: 77 88  28.3 hPa 270° 21 kt 20130609.00
Part D: 88 99  26.6 hPa 275° 42 kt 20130609.00
Part D: 99 11  20.8 hPa 255° 35 kt 20130609.00
Part D: 11 22  20.2 hPa 260° 46 kt 20130609.00
Part D: 22 33  14.8 hPa 265° 38 kt 20130609.00
Part D: 44 55  13.7 hPa 275° 36 kt 20130609.00
Part D: 55 66  10.9 hPa 290° 15 kt 20130609.00
Part D: 66 77   9.9 hPa 270° 26 kt 20130609.00
Part D: 77 88   7.4 hPa 280°  8 kt 20130609.00
Part D: 88 99   7.3 hPa 240°  7 kt 20130609.00
Part D: 99 11   6.6 hPa 180° 16 kt 20130609.00
Part D: 11 22   6.4 hPa 215° 13 kt 20130609.00
Part D: 22 33   5.9 hPa 190° 23 kt 20130609.00
Part D: 33 44   5.6 hPa 200° 10 kt 20130609.00
Part D: 44 55   5.5 hPa 305° 12 kt 20130609.00
Part A:       100.0 hPa  50° 48 kt 20130611.00
Part D: 11     97.1 hPa  50° 48 kt 20130611.00
Part D: 11 22  95.1 hPa  50° 45 kt 20130611.00
Part D: 22 33  93.1 hPa  45° 41 kt 20130611.00
Part D: 33 44  91.0 hPa  55° 34 kt 20130611.00
Part D: 44 55  89.1 hPa  65° 37 kt 20130611.00
Part D: 55 66  87.5 hPa  65° 35 kt 20130611.00
Part D: 66 77  85.8 hPa  65° 39 kt 20130611.00
Part D: 77 88  80.8 hPa  90° 53 kt 20130611.00
Part D: 88 99  77.6 hPa 100° 35 kt 20130611.00
Part D: 99 11  74.5 hPa  85° 20 kt 20130611.00
Part D: 11 22  72.6 hPa  95° 18 kt 20130611.00
Part A:       100.0 hPa  65° 64 kt 20130612.00
Part C:        70.0 hPa 285° 24 kt 20130612.00
Part C:        50.0 hPa 135°  9 kt 20130612.00
Part C:        30.0 hPa 280° 35 kt 20130612.00
Part C:        20.0 hPa 260° 46 kt 20130612.00
Part C:        10.0 hPa 330° 15 kt 20130612.00
Part D: 11     84.6 hPa  85° 42 kt 20130612.00
Part D: 11 22  79.5 hPa  35° 17 kt 20130612.00
Part D: 22 33  78.2 hPa   5°  8 kt 20130612.00
Part D: 33 44  77.1 hPa 310° 11 kt 20130612.00
Part D: 44 55  69.0 hPa 275° 28 kt 20130612.00
Part D: 55 66  57.7 hPa 270°  2 kt 20130612.00
Part D: 66 77  56.8 hPa  25°  6 kt 20130612.00
Part D: 77 88  53.8 hPa 155°  8 kt 20130612.00
Part D: 88 99  52.0 hPa 140° 21 kt 20130612.00
Part D: 99 11  48.1 hPa 270° 15 kt 20130612.00
Part D: 11 22  43.8 hPa 270° 35 kt 20130612.00
Part D: 22 33  38.5 hPa 255° 22 kt 20130612.00
Part D: 33 44  33.4 hPa 300° 28 kt 20130612.00
Part D: 44 55  28.7 hPa 275° 32 kt 20130612.00
Part D: 55 66  25.2 hPa 265° 49 kt 20130612.00
Part D: 66 77  18.4 hPa 245° 39 kt 20130612.00
Part D: 77 88  13.8 hPa 270° 45 kt 20130612.00
Part D: 88 99  12.2 hPa 305° 32 kt 20130612.00
Part D: 99 11  10.6 hPa 305° 27 kt 20130612.00
Part D: 11 22  10.3 hPa 335° 16 kt 20130612.00
Part D: 22 33   9.1 hPa 240° 12 kt 20130612.00
Part D: 33 44   7.7 hPa 255° 48 kt 20130612.00
Part D: 44 55   6.8 hPa 215° 29 kt 20130612.00
Part D: 55 66   6.2 hPa 240° 31 kt 20130612.00
Part D: 66 77   6.0 hPa 245° 52 kt 20130612.00
Part D: 77 88   5.8 hPa 255° 39 kt 20130612.00
Part D: 88 99   5.6 hPa 270° 40 kt 20130612.00
Part A:       100.0 hPa  85° 72 kt 20130613.00
Part C:        70.0 hPa  30° 12 kt 20130613.00
Part C:        50.0 hPa 240° 24 kt 20130613.00
Part C:        30.0 hPa 265° 36 kt 20130613.00
Part C:        20.0 hPa 270° 36 kt 20130613.00
Part C:        10.0 hPa 280° 19 kt 20130613.00
Part C:        42.0 hPa 280° 63 kt 20130613.00
Part D: 11     99.3 hPa  85° 73 kt 20130613.00
Part D: 11 22  92.7 hPa 100° 55 kt 20130613.00
Part D: 22 33  88.7 hPa 115° 33 kt 20130613.00
Part D: 33 44  85.7 hPa 115° 29 kt 20130613.00
Part D: 44 55  80.3 hPa  65° 12 kt 20130613.00
Part D: 55 66  77.7 hPa  55° 20 kt 20130613.00
Part D: 66 77  72.9 hPa  20°  8 kt 20130613.00
Part D: 77 88  69.5 hPa  30° 13 kt 20130613.00
Part D: 88 99  65.0 hPa   0°  0 kt 20130613.00
Part D: 99 11  62.1 hPa 235°  6 kt 20130613.00
Part D: 11 22  59.3 hPa  85° 10 kt 20130613.00
Part D: 22 33  57.4 hPa  90° 13 kt 20130613.00
Part D: 33 44  56.4 hPa  70° 13 kt 20130613.00
Part D: 44 55  54.7 hPa  80° 19 kt 20130613.00
Part D: 55 66  53.0 hPa 130° 15 kt 20130613.00
Part D: 66 77  48.2 hPa 250° 37 kt 20130613.00
Part D: 77 88  47.5 hPa 260° 42 kt 20130613.00
Part D: 88 99  43.0 hPa 285° 21 kt 20130613.00
Part D: 99 11  39.6 hPa 285° 31 kt 20130613.00
Part D: 11 22  38.4 hPa 300° 28 kt 20130613.00
Part D: 22 33  37.1 hPa 300° 27 kt 20130613.00
Part D: 33 44  36.0 hPa 275° 29 kt 20130613.00
Part D: 44 55  34.3 hPa 265° 29 kt 20130613.00
Part D: 55 66  25.6 hPa 280° 63 kt 20130613.00
Part D: 66 77  23.1 hPa 275° 44 kt 20130613.00
Part D: 77 88  22.3 hPa 275° 43 kt 20130613.00
Part D: 88 99  21.2 hPa 295° 27 kt 20130613.00
Part D: 99 11  20.1 hPa 270° 36 kt 20130613.00
Part D: 11 22  19.0 hPa 270° 39 kt 20130613.00
Part D: 22 33  18.0 hPa 290° 29 kt 20130613.00
Part D: 33 44  17.4 hPa 280° 45 kt 20130613.00
Part D: 44 55  14.9 hPa 295° 31 kt 20130613.00
Part D: 55 66  14.1 hPa 285° 25 kt 20130613.00
Part D: 66 77  11.2 hPa 300° 22 kt 20130613.00
Part D: 77 88  10.3 hPa 270° 18 kt 20130613.00
Part D: 88 99   8.8 hPa 270° 37 kt 20130613.00
Part D: 99 11   7.8 hPa 260° 44 kt 20130613.00
Part A:       100.0 hPa 100° 67 kt 20130614.00
Part C:        70.0 hPa 260° 19 kt 20130614.00
Part C:        50.0 hPa 285° 19 kt 20130614.00
Part C:        30.0 hPa 275° 55 kt 20130614.00
Part C:        20.0 hPa 275° 46 kt 20130614.00
Part D: 11     95.0 hPa 110° 55 kt 20130614.00
Part D: 11 22  82.6 hPa  85° 13 kt 20130614.00
Part D: 22 33  75.0 hPa 250° 31 kt 20130614.00
Part D: 33 44  72.8 hPa 255° 27 kt 20130614.00
Part D: 44 55  70.5 hPa 265° 24 kt 20130614.00
Part D: 55 66  69.2 hPa 250° 13 kt 20130614.00
Part D: 66 77  67.9 hPa 305°  1 kt 20130614.00
Part D: 77 88  66.6 hPa  60°  7 kt 20130614.00
Part D: 88 99  64.1 hPa  60° 14 kt 20130614.00
Part D: 99 11  61.9 hPa  30°  9 kt 20130614.00
Part D: 11 22  59.0 hPa  70° 21 kt 20130614.00
Part D: 22 33  57.3 hPa  55° 20 kt 20130614.00
Part D: 33 44  55.5 hPa  60°  7 kt 20130614.00
Part D: 44 55  53.6 hPa 315°  8 kt 20130614.00
Part D: 55 66  50.3 hPa 290° 19 kt 20130614.00
Part D: 66 77  48.9 hPa 315° 11 kt 20130614.00
Part D: 77 88  45.4 hPa 245° 18 kt 20130614.00
Part D: 88 99  44.5 hPa 260° 25 kt 20130614.00
Part D: 99 11  43.0 hPa 260° 18 kt 20130614.00
Part D: 11 22  40.4 hPa 300° 12 kt 20130614.00
Part D: 22 33  39.8 hPa 305°  9 kt 20130614.00
Part D: 33 44  37.8 hPa 260°  2 kt 20130614.00
Part D: 44 55  37.2 hPa 190°  2 kt 20130614.00
Part D: 55 66  36.5 hPa 265°  7 kt 20130614.00
Part D: 66 77  33.8 hPa 265° 38 kt 20130614.00
Part D: 77 88  32.3 hPa 260° 24 kt 20130614.00
Part D: 88 99  30.1 hPa 275° 56 kt 20130614.00
Part D: 99 11  26.8 hPa 300° 38 kt 20130614.00
Part D: 11 22  25.9 hPa 295° 26 kt 20130614.00
Part D: 22 33  25.1 hPa 280° 38 kt 20130614.00
Part D: 33 44  24.3 hPa 270° 31 kt 20130614.00
Part D: 44 55  23.5 hPa 255° 37 kt 20130614.00
Part D: 55 66  21.2 hPa 270° 48 kt 20130614.00
Part D: 66 77  19.7 hPa 275° 45 kt 20130614.00
Part A:       100.0 hPa 100° 47 kt 20130615.00
Part C:        70.0 hPa 225° 12 kt 20130615.00
Part D: 11     98.5 hPa 110° 44 kt 20130615.00
Part D: 11 22  96.4 hPa 105° 43 kt 20130615.00
Part D: 22 33  92.1 hPa 100° 47 kt 20130615.00
Part D: 33 44  87.9 hPa 140° 17 kt 20130615.00
Part D: 44 55  84.7 hPa 210° 11 kt 20130615.00
Part D: 55 66  83.4 hPa 225° 14 kt 20130615.00
Part D: 66 77  80.9 hPa 260° 15 kt 20130615.00
Part D: 77 88  79.6 hPa 260° 19 kt 20130615.00
Part D: 88 99  78.3 hPa 245° 20 kt 20130615.00
Part D: 99 11  77.1 hPa 245° 17 kt 20130615.00
Part D: 11 22  75.9 hPa 240° 17 kt 20130615.00
Part D: 22 33  74.7 hPa 235° 16 kt 20130615.00
Part D: 33 44  72.4 hPa 235°  8 kt 20130615.00
Part D: 44 55  71.2 hPa 225° 11 kt 20130615.00
Part D: 55 66  70.0 hPa 225° 12 kt 20130615.00
Part D: 66 77  68.9 hPa 235°  8 kt 20130615.00
Part D: 77 88  66.7 hPa  85°  3 kt 20130615.00
Part D: 88 99  65.7 hPa  85°  7 kt 20130615.00
Part D: 99 11  64.6 hPa  85° 12 kt 20130615.00
Part D: 11 22  63.6 hPa  85° 17 kt 20130615.00
Part D: 22 33  62.1 hPa  80° 14 kt 20130615.00
Part A:       100.0 hPa 100° 59 kt 20130616.00
Part C:        70.0 hPa 105°  8 kt 20130616.00
Part C:        50.0 hPa 255° 23 kt 20130616.00
Part C:        30.0 hPa 245° 37 kt 20130616.00
Part C:        20.0 hPa 275° 41 kt 20130616.00
Part C:        10.0 hPa 265° 17 kt 20130616.00
Part D: 11     89.5 hPa 175°  8 kt 20130616.00
Part D: 11 22  83.6 hPa 260° 15 kt 20130616.00
Part D: 22 33  73.9 hPa 185°  8 kt 20130616.00
Part D: 33 44  69.7 hPa 100°  9 kt 20130616.00
Part D: 44 55  62.3 hPa 100° 29 kt 20130616.00
Part D: 55 66  57.7 hPa 100° 17 kt 20130616.00
Part D: 66 77  55.8 hPa 130°  2 kt 20130616.00
Part D: 77 88  52.2 hPa 245° 17 kt 20130616.00
Part D: 88 99  47.2 hPa 285° 25 kt 20130616.00
Part D: 99 11  38.3 hPa 310° 26 kt 20130616.00
Part D: 11 22  34.0 hPa 265° 24 kt 20130616.00
Part D: 22 33  28.3 hPa 240° 20 kt 20130616.00
Part D: 33 44  19.4 hPa 275° 44 kt 20130616.00
Part D: 44 55  13.5 hPa 265° 21 kt 20130616.00
Part D: 55 66   9.4 hPa 235° 14 kt 20130616.00
Part D: 66 77   8.3 hPa 230° 38 kt 20130616.00
Part D: 77 88   7.3 hPa 265° 31 kt 20130616.00
Part D: 88 99   7.1 hPa 235° 24 kt 20130616.00
Part D: 99 11   6.9 hPa 285° 38 kt 20130616.00
Part D: 11 22   6.2 hPa 305° 14 kt 20130616.00
Part D: 22 33   6.0 hPa 325°  5 kt 20130616.00
Part D: 33 44   5.9 hPa  55°  5 kt 20130616.00
Part D: 44 55   5.7 hPa 155°  4 kt 20130616.00
Part D: 55 66   5.6 hPa 115°  7 kt 20130616.00
Part D: 66 77   5.1 hPa  50° 27 kt 20130616.00
Part D: 77 88   4.6 hPa  55° 20 kt 20130616.00
Part A:       100.0 hPa 105° 46 kt 20130617.00
Part C:        70.0 hPa  75° 22 kt 20130617.00
Part C:        50.0 hPa 285° 14 kt 20130617.00
Part C:        30.0 hPa 270° 30 kt 20130617.00
Part C:        20.0 hPa 290° 30 kt 20130617.00
Part C:        10.0 hPa 255° 35 kt 20130617.00
Part D: 11     99.2 hPa 105° 46 kt 20130617.00
Part D: 11 22  91.6 hPa  90° 13 kt 20130617.00
Part D: 22 33  90.0 hPa 135°  2 kt 20130617.00
Part D: 33 44  88.5 hPa 285°  5 kt 20130617.00
Part D: 44 55  76.2 hPa 105°  9 kt 20130617.00
Part D: 55 66  73.9 hPa  65° 14 kt 20130617.00
Part D: 66 77  67.7 hPa  90° 24 kt 20130617.00
Part D: 77 88  62.0 hPa 125°  9 kt 20130617.00
Part D: 88 99  57.4 hPa 250° 21 kt 20130617.00
Part D: 99 11  54.0 hPa 280° 21 kt 20130617.00
Part D: 11 22  47.2 hPa 250° 33 kt 20130617.00
Part D: 22 33  44.4 hPa 235° 30 kt 20130617.00
Part D: 33 44  42.2 hPa 255° 22 kt 20130617.00
Part D: 44 55  39.7 hPa 330° 21 kt 20130617.00
Part D: 55 66  38.5 hPa 305°  8 kt 20130617.00
Part D: 66 77  37.3 hPa 255° 20 kt 20130617.00
Part D: 77 88  35.6 hPa 270° 36 kt 20130617.00
Part D: 88 99  30.8 hPa 280° 23 kt 20130617.00
Part D: 99 11  22.2 hPa 295° 44 kt 20130617.00
Part D: 11 22  19.4 hPa 275° 21 kt 20130617.00
Part D: 22 33  14.7 hPa 265° 37 kt 20130617.00
Part D: 44 55  13.8 hPa 265° 36 kt 20130617.00
Part D: 55 66   9.6 hPa 250° 42 kt 20130617.00
Part D: 66 77   7.7 hPa 285° 30 kt 20130617.00
Part D: 77 88   7.2 hPa 305° 53 kt 20130617.00
Part D: 88 99   7.0 hPa 315° 60 kt 20130617.00
Part D: 99 11   6.6 hPa 355° 29 kt 20130617.00
Part D: 11 22   6.3 hPa 325° 14 kt 20130617.00
Part D: 22 33   6.2 hPa 355°  6 kt 20130617.00
Part D: 33 44   5.8 hPa 295° 11 kt 20130617.00
Part D: 44 55   5.4 hPa 360° 11 kt 20130617.00
Part D: 55 66   5.2 hPa  25° 19 kt 20130617.00
Part D: 66 77   4.8 hPa 355°  9 kt 20130617.00
Part D: 77 88   4.4 hPa  50° 14 kt 20130617.00
Part D: 88 99   4.3 hPa  55° 22 kt 20130617.00
Part A:       100.0 hPa 115° 38 kt 20130618.00
Part C:        70.0 hPa  75° 23 kt 20130618.00
Part C:        50.0 hPa 270° 20 kt 20130618.00
Part C:        30.0 hPa 290° 27 kt 20130618.00
Part C:        20.0 hPa 260° 44 kt 20130618.00
Part C:        10.0 hPa 285° 41 kt 20130618.00
Part D: 11     90.7 hPa 135° 16 kt 20130618.00
Part D: 11 22  87.7 hPa 205°  8 kt 20130618.00
Part D: 22 33  84.2 hPa 250° 16 kt 20130618.00
Part D: 33 44  82.6 hPa 275° 16 kt 20130618.00
Part D: 44 55  70.1 hPa  75° 23 kt 20130618.00
Part D: 55 66  68.9 hPa  80° 28 kt 20130618.00
Part D: 66 77  65.7 hPa 330°  5 kt 20130618.00
Part D: 77 88  63.5 hPa 250° 10 kt 20130618.00
Part D: 88 99  61.1 hPa 220° 17 kt 20130618.00
Part D: 99 11  58.8 hPa 235° 29 kt 20130618.00
Part D: 11 22  53.1 hPa 265° 24 kt 20130618.00
Part D: 22 33  43.2 hPa 310° 20 kt 20130618.00
Part D: 33 44  41.7 hPa 340°  4 kt 20130618.00
Part D: 44 55  41.0 hPa 255°  4 kt 20130618.00
Part D: 55 66  38.2 hPa 255° 34 kt 20130618.00
Part D: 66 77  34.2 hPa 280° 22 kt 20130618.00
Part D: 77 88  24.7 hPa 260° 33 kt 20130618.00
Part D: 88 99  21.4 hPa 265° 19 kt 20130618.00
Part D: 99 11  19.4 hPa 260° 50 kt 20130618.00
Part D: 11 22  10.4 hPa 280° 41 kt 20130618.00
Part D: 22 33   8.9 hPa 310° 24 kt 20130618.00
Part D: 33 44   7.9 hPa 240°  9 kt 20130618.00
Part D: 44 55   7.3 hPa  75° 26 kt 20130618.00
Part D: 55 66   7.1 hPa  80° 35 kt 20130618.00
Part D: 66 77   6.8 hPa 105° 17 kt 20130618.00
Part D: 77 88   6.7 hPa 165° 15 kt 20130618.00
Part D: 88 99   6.4 hPa 140° 22 kt 20130618.00
Part D: 11 22   6.1 hPa 175° 26 kt 20130618.00
Part D: 22 33   5.9 hPa 180° 15 kt 20130618.00
Part D: 33 44   5.8 hPa 135° 14 kt 20130618.00
Part A:       100.0 hPa 110° 43 kt 20130619.00
Part C:        70.0 hPa 115° 26 kt 20130619.00
Part C:        50.0 hPa 300°  4 kt 20130619.00
Part C:        30.0 hPa 280° 15 kt 20130619.00
Part C:        20.0 hPa 285° 51 kt 20130619.00
Part C:        10.0 hPa 290° 17 kt 20130619.00
Part D: 11     86.9 hPa  80° 41 kt 20130619.00
Part D: 11 22  84.1 hPa  65° 30 kt 20130619.00
Part D: 22 33  82.7 hPa  60° 37 kt 20130619.00
Part D: 33 44  77.1 hPa  90° 25 kt 20130619.00
Part D: 44 55  74.7 hPa 100° 30 kt 20130619.00
Part D: 55 66  69.0 hPa 115° 22 kt 20130619.00
Part D: 66 77  65.7 hPa 170°  3 kt 20130619.00
Part D: 77 88  63.7 hPa 240° 11 kt 20130619.00
Part D: 88 99  61.7 hPa 260° 18 kt 20130619.00
Part D: 99 11  58.7 hPa 280° 24 kt 20130619.00
Part D: 11 22  57.8 hPa 285° 15 kt 20130619.00
Part D: 22 33  54.1 hPa 265°  8 kt 20130619.00
Part D: 33 44  52.4 hPa 185°  5 kt 20130619.00
Part D: 44 55  50.7 hPa 235°  6 kt 20130619.00
Part D: 55 66  49.2 hPa 350°  5 kt 20130619.00
Part D: 66 77  48.3 hPa  20°  8 kt 20130619.00
Part D: 77 88  46.8 hPa 145°  3 kt 20130619.00
Part D: 88 99  45.4 hPa 205° 11 kt 20130619.00
Part D: 99 11  44.6 hPa 225° 20 kt 20130619.00
Part D: 11 22  43.2 hPa 235° 29 kt 20130619.00
Part D: 22 33  41.8 hPa 245° 24 kt 20130619.00
Part D: 33 44  38.1 hPa 285° 21 kt 20130619.00
Part D: 44 55  36.8 hPa 305° 22 kt 20130619.00
Part D: 55 66  35.0 hPa 330°  8 kt 20130619.00
Part D: 66 77  33.3 hPa 275° 18 kt 20130619.00
Part D: 77 88  32.2 hPa 275° 26 kt 20130619.00
Part D: 88 99  29.6 hPa 280° 11 kt 20130619.00
Part D: 99 11  29.1 hPa 260° 23 kt 20130619.00
Part D: 11 22  27.7 hPa 260° 44 kt 20130619.00
Part D: 22 33  25.9 hPa 270° 52 kt 20130619.00
Part D: 33 44  24.2 hPa 280° 40 kt 20130619.00
Part D: 44 55  21.8 hPa 280° 48 kt 20130619.00
Part D: 55 66  18.6 hPa 285° 44 kt 20130619.00
Part D: 66 77  17.6 hPa 285° 33 kt 20130619.00
Part D: 77 88  13.0 hPa 290° 28 kt 20130619.00
Part D: 88 99  11.7 hPa 300° 11 kt 20130619.00
Part D: 99 11  11.5 hPa 315°  8 kt 20130619.00
Part D: 11 22  11.3 hPa 310° 14 kt 20130619.00
Part D: 22 33  11.1 hPa 290°  9 kt 20130619.00
Part D: 33 44  10.1 hPa 285° 18 kt 20130619.00
Part D: 44 55   9.5 hPa 315° 11 kt 20130619.00
Part A:       100.0 hPa  70° 34 kt 20130620.00
Part C:        70.0 hPa 130°  6 kt 20130620.00
Part C:        50.0 hPa  50° 17 kt 20130620.00
Part C:        30.0 hPa 265° 33 kt 20130620.00
Part C:        20.0 hPa 275° 34 kt 20130620.00
Part C:        10.0 hPa 235° 21 kt 20130620.00
Part D: 11     69.9 hPa 135°  6 kt 20130620.00
Part D: 11 22  67.6 hPa 235° 15 kt 20130620.00
Part D: 22 33  56.8 hPa 100°  1 kt 20130620.00
Part D: 33 44  51.1 hPa  45° 26 kt 20130620.00
Part D: 44 55  47.0 hPa  55° 12 kt 20130620.00
Part D: 55 66  37.3 hPa 185° 11 kt 20130620.00
Part D: 66 77  36.0 hPa 250° 27 kt 20130620.00
Part D: 77 88  34.8 hPa 240° 26 kt 20130620.00
Part D: 88 99  34.2 hPa 215° 18 kt 20130620.00
Part D: 99 11  33.1 hPa 295° 13 kt 20130620.00
Part D: 11 22  32.0 hPa 295° 18 kt 20130620.00
Part D: 22 33  31.0 hPa 270° 30 kt 20130620.00
Part D: 33 44  30.0 hPa 265° 33 kt 20130620.00
Part D: 44 55  29.0 hPa 285° 39 kt 20130620.00
Part D: 55 66  28.0 hPa 290° 31 kt 20130620.00
Part D: 66 77  26.2 hPa 275° 44 kt 20130620.00
Part D: 77 88  23.5 hPa 270° 53 kt 20130620.00
Part D: 88 99  22.7 hPa 275° 29 kt 20130620.00
Part D: 99 11  21.9 hPa 280° 44 kt 20130620.00
Part D: 11 22  21.5 hPa 270° 33 kt 20130620.00
Part D: 22 33  17.2 hPa 260° 39 kt 20130620.00
Part D: 33 44  13.4 hPa 280° 25 kt 20130620.00
Part D: 44 55  11.6 hPa 250° 29 kt 20130620.00
Part D: 55 66   9.7 hPa 285°  8 kt 20130620.00
Part D: 66 77   9.1 hPa 200° 11 kt 20130620.00
Part D: 77 88   8.9 hPa 175°  8 kt 20130620.00
Part D: 88 99   8.6 hPa 240°  9 kt 20130620.00
Part D: 99 11   7.5 hPa 295° 11 kt 20130620.00
Part D: 11 22   6.8 hPa 310°  7 kt 20130620.00
Part D: 22 33   6.6 hPa 335° 17 kt 20130620.00
Part A:       100.0 hPa 110° 37 kt 20130621.00
Part C:        70.0 hPa 275°  8 kt 20130621.00
Part C:        50.0 hPa  55° 23 kt 20130621.00
Part C:        30.0 hPa 265° 44 kt 20130621.00
Part C:        20.0 hPa 280° 23 kt 20130621.00
Part C:        10.0 hPa 275° 30 kt 20130621.00
Part D: 11     91.7 hPa  95° 42 kt 20130621.00
Part D: 11 22  82.2 hPa 120° 22 kt 20130621.00
Part D: 22 33  74.4 hPa  85° 20 kt 20130621.00
Part D: 33 44  70.9 hPa 280°  4 kt 20130621.00
Part D: 44 55  67.8 hPa 250° 11 kt 20130621.00
Part D: 55 66  63.5 hPa 300° 13 kt 20130621.00
Part D: 66 77  61.5 hPa 335° 13 kt 20130621.00
Part D: 77 88  59.4 hPa   5° 14 kt 20130621.00
Part D: 88 99  56.6 hPa  60° 15 kt 20130621.00
Part D: 99 11  54.0 hPa  30° 20 kt 20130621.00
Part D: 11 22  49.0 hPa  75° 20 kt 20130621.00
Part D: 22 33  44.6 hPa 265° 14 kt 20130621.00
Part D: 33 44  43.2 hPa 255° 23 kt 20130621.00
Part D: 44 55  41.8 hPa 210° 13 kt 20130621.00
Part D: 55 66  36.8 hPa 235° 31 kt 20130621.00
Part D: 66 77  34.6 hPa 240° 22 kt 20130621.00
Part D: 77 88  30.0 hPa 265° 44 kt 20130621.00
Part D: 88 99  25.8 hPa 275° 48 kt 20130621.00
Part D: 99 11  23.2 hPa 295° 33 kt 20130621.00
Part D: 11 22  20.2 hPa 280° 23 kt 20130621.00
Part D: 22 33  17.3 hPa 275° 40 kt 20130621.00
Part D: 33 44  15.6 hPa 275° 26 kt 20130621.00
Part D: 44 55  14.3 hPa 235° 29 kt 20130621.00
Part D: 55 66  12.2 hPa 265° 37 kt 20130621.00
Part D: 66 77  10.7 hPa 295° 26 kt 20130621.00
Part D: 77 88   9.6 hPa 265° 30 kt 20130621.00
Part D: 88 99   8.8 hPa 285° 31 kt 20130621.00
Part D: 99 11   8.1 hPa 350° 20 kt 20130621.00
Part D: 11 22   8.0 hPa  25° 19 kt 20130621.00
Part D: 22 33   7.6 hPa  85° 18 kt 20130621.00
Part D: 33 44   7.5 hPa  35° 17 kt 20130621.00
Part D: 44 55   7.3 hPa  25° 18 kt 20130621.00
Part D: 55 66   6.9 hPa 145°  9 kt 20130621.00
Part D: 66 77   6.5 hPa 175° 11 kt 20130621.00
Part D: 77 88   6.2 hPa 120° 12 kt 20130621.00
Part D: 88 99   5.9 hPa 190° 23 kt 20130621.00
Part D: 99 11   5.8 hPa 180° 16 kt 20130621.00
Part A:       100.0 hPa  90° 40 kt 20130622.00
Part C:        70.0 hPa  70° 22 kt 20130622.00
Part C:        50.0 hPa 260°  7 kt 20130622.00
Part C:        30.0 hPa 305° 16 kt 20130622.00
Part C:        20.0 hPa 265° 46 kt 20130622.00
Part C:        10.0 hPa 315° 25 kt 20130622.00
Part D: 11     85.6 hPa  75° 49 kt 20130622.00
Part D: 11 22  78.1 hPa  45° 15 kt 20130622.00
Part D: 22 33  72.1 hPa  65° 26 kt 20130622.00
Part D: 33 44  65.7 hPa  90°  8 kt 20130622.00
Part D: 44 55  64.5 hPa 130° 10 kt 20130622.00
Part D: 55 66  62.4 hPa 100° 15 kt 20130622.00
Part D: 66 77  56.8 hPa 125° 18 kt 20130622.00
Part D: 77 88  55.9 hPa 100° 20 kt 20130622.00
Part D: 88 99  50.8 hPa 135°  9 kt 20130622.00
Part D: 99 11  49.0 hPa 280° 17 kt 20130622.00
Part D: 11 22  41.3 hPa 275° 39 kt 20130622.00
Part D: 22 33  29.2 hPa 285° 11 kt 20130622.00
Part D: 33 44  27.8 hPa 270° 27 kt 20130622.00
Part D: 44 55  23.9 hPa 260° 25 kt 20130622.00
Part D: 55 66  23.1 hPa 260° 38 kt 20130622.00
Part D: 66 77  19.1 hPa 275° 52 kt 20130622.00
Part D: 77 88  12.2 hPa 300° 24 kt 20130622.00
Part D: 88 99  11.2 hPa 325° 25 kt 20130622.00
Part D: 99 11  10.3 hPa 305° 24 kt 20130622.00
Part D: 11 22   9.6 hPa 325° 23 kt 20130622.00
Part D: 22 33   9.0 hPa   5° 19 kt 20130622.00
Part D: 33 44   8.6 hPa 355° 14 kt 20130622.00
Part D: 44 55   8.3 hPa 275° 12 kt 20130622.00
Part D: 55 66   8.1 hPa 110°  5 kt 20130622.00
Part D: 66 77   7.9 hPa  90° 10 kt 20130622.00
Part D: 77 88   7.5 hPa 175° 12 kt 20130622.00
Part D: 88 99   7.4 hPa 150° 23 kt 20130622.00
Part D: 99 11   7.2 hPa 185°  9 kt 20130622.00
Part D: 11 22   6.9 hPa 205° 14 kt 20130622.00
Part D: 22 33   6.7 hPa 230° 19 kt 20130622.00
Part D: 33 44   6.6 hPa 205° 18 kt 20130622.00
Part D: 44 55   5.7 hPa 250° 40 kt 20130622.00
Part D: 55 66   5.3 hPa 280° 16 kt 20130622.00
Part D: 66 77   5.1 hPa 265° 21 kt 20130622.00
Part A:       100.0 hPa  60° 44 kt 20130623.00
Part C:        70.0 hPa 105° 21 kt 20130623.00
Part C:        50.0 hPa 230° 16 kt 20130623.00
Part C:        30.0 hPa 270° 37 kt 20130623.00
Part C:        20.0 hPa 270° 57 kt 20130623.00
Part C:        10.0 hPa 270° 11 kt 20130623.00
Part D: 11     78.4 hPa 100° 31 kt 20130623.00
Part D: 11 22  70.8 hPa 105° 21 kt 20130623.00
Part D: 22 33  66.3 hPa  75°  8 kt 20130623.00
Part D: 33 44  64.2 hPa 130°  1 kt 20130623.00
Part D: 44 55  59.3 hPa  90° 21 kt 20130623.00
Part D: 55 66  57.3 hPa 125° 19 kt 20130623.00
Part D: 66 77  53.9 hPa  90° 22 kt 20130623.00
Part D: 77 88  52.1 hPa 140°  6 kt 20130623.00
Part D: 88 99  48.7 hPa 240° 23 kt 20130623.00
Part D: 99 11  44.2 hPa 270° 35 kt 20130623.00
Part D: 11 22  42.2 hPa 280° 48 kt 20130623.00
Part D: 22 33  32.9 hPa 305° 20 kt 20130623.00
Part D: 33 44  31.8 hPa 320°  7 kt 20130623.00
Part D: 44 55  30.7 hPa 275° 22 kt 20130623.00
Part D: 55 66  29.6 hPa 270° 42 kt 20130623.00
Part D: 66 77  21.0 hPa 265° 57 kt 20130623.00
Part D: 77 88  20.3 hPa 270° 56 kt 20130623.00
Part D: 88 99  17.0 hPa 285° 38 kt 20130623.00
Part D: 99 11  15.6 hPa 295° 21 kt 20130623.00
Part D: 11 22  12.6 hPa 245°  8 kt 20130623.00
Part D: 22 33  11.5 hPa 260° 23 kt 20130623.00
Part D: 33 44   9.3 hPa 270°  3 kt 20130623.00
Part D: 44 55   9.1 hPa  50°  2 kt 20130623.00
Part D: 55 66   9.0 hPa  75°  6 kt 20130623.00
Part D: 66 77   8.7 hPa 250°  6 kt 20130623.00
Part D: 77 88   8.4 hPa 285° 19 kt 20130623.00
Part D: 88 99   8.0 hPa 305°  5 kt 20130623.00
Part D: 99 11   7.2 hPa 280°  5 kt 20130623.00
Part D: 11 22   7.1 hPa 325°  4 kt 20130623.00
Part D: 22 33   6.7 hPa 275° 23 kt 20130623.00
Part D: 33 44   5.8 hPa 270° 36 kt 20130623.00
Part A:       100.0 hPa  55° 40 kt 20130624.00
Part D: 11     98.4 hPa  55° 42 kt 20130624.00
Part D: 11 22  96.9 hPa  55° 44 kt 20130624.00
Part D: 22 33  93.8 hPa  50° 52 kt 20130624.00
Part D: 33 44  92.4 hPa  60° 56 kt 20130624.00
Part D: 44 55  89.3 hPa  70° 48 kt 20130624.00
Part D: 55 66  87.9 hPa  65° 46 kt 20130624.00
Part D: 66 77  86.5 hPa  70° 47 kt 20130624.00
Part D: 77 88  82.1 hPa  95° 26 kt 20130624.00
Part D: 88 99  80.8 hPa 115° 28 kt 20130624.00
Part D: 99 11  79.5 hPa 135° 26 kt 20130624.00
Part D: 11 22  78.3 hPa 140° 23 kt 20130624.00
Part D: 22 33  75.9 hPa 145° 24 kt 20130624.00
Part A:       100.0 hPa 105° 45 kt 20130625.00
Part C:        70.0 hPa  90° 16 kt 20130625.00
Part C:        50.0 hPa 265°  2 kt 20130625.00
Part C:        30.0 hPa 275° 31 kt 20130625.00
Part C:        20.0 hPa 260° 31 kt 20130625.00
Part C:        10.0 hPa 245° 20 kt 20130625.00
Part D: 11     94.2 hPa 140° 40 kt 20130625.00
Part D: 11 22  86.9 hPa 115° 17 kt 20130625.00
Part D: 22 33  79.0 hPa  70° 12 kt 20130625.00
Part D: 33 44  57.4 hPa 125° 28 kt 20130625.00
Part D: 44 55  54.5 hPa 190°  8 kt 20130625.00
Part D: 55 66  47.6 hPa 320°  5 kt 20130625.00
Part D: 66 77  46.8 hPa 280°  9 kt 20130625.00
Part D: 77 88  45.3 hPa 280° 14 kt 20130625.00
Part D: 88 99  43.8 hPa 290° 14 kt 20130625.00
Part D: 99 11  43.1 hPa 310° 11 kt 20130625.00
Part D: 11 22  41.0 hPa   5°  7 kt 20130625.00
Part D: 22 33  33.3 hPa 260° 35 kt 20130625.00
Part D: 33 44  32.2 hPa 270° 18 kt 20130625.00
Part D: 44 55  30.1 hPa 275° 32 kt 20130625.00
Part D: 55 66  28.1 hPa 295° 22 kt 20130625.00
Part D: 66 77  21.8 hPa 255° 27 kt 20130625.00
Part D: 77 88  17.1 hPa 285° 27 kt 20130625.00
Part D: 88 99  15.4 hPa 255°  6 kt 20130625.00
Part D: 99 11  14.9 hPa 290° 10 kt 20130625.00
Part D: 11 22  14.1 hPa  30°  6 kt 20130625.00
Part D: 22 33  13.6 hPa 295° 11 kt 20130625.00
Part D: 33 44  13.2 hPa 285°  2 kt 20130625.00
Part D: 44 55  12.3 hPa 260° 21 kt 20130625.00
Part D: 55 66   8.6 hPa 190° 12 kt 20130625.00
Part D: 66 77   8.1 hPa 220° 10 kt 20130625.00
Part D: 77 88   7.7 hPa 180° 12 kt 20130625.00
Part D: 88 99   6.9 hPa 220° 18 kt 20130625.00
Part D: 99 11   6.6 hPa 255° 28 kt 20130625.00
Part D: 11 22   6.4 hPa 225° 17 kt 20130625.00
Part D: 22 33   6.0 hPa 190° 10 kt 20130625.00
Part D: 33 44   5.8 hPa 250° 19 kt 20130625.00
Part D: 44 55   5.4 hPa 190°  5 kt 20130625.00
Part D: 55 66   5.2 hPa 275° 15 kt 20130625.00
Part A:       100.0 hPa  60° 37 kt 20130627.00
Part C:        70.0 hPa 325°  2 kt 20130627.00
Part C:        50.0 hPa 200° 13 kt 20130627.00
Part C:        30.0 hPa 265° 35 kt 20130627.00
Part C:        20.0 hPa 260° 27 kt 20130627.00
Part D: 11     96.6 hPa  55° 39 kt 20130627.00
Part D: 11 22  92.6 hPa  80° 48 kt 20130627.00
Part D: 22 33  86.9 hPa 135° 31 kt 20130627.00
Part D: 33 44  80.2 hPa 120° 21 kt 20130627.00
Part D: 44 55  74.8 hPa  90° 25 kt 20130627.00
Part D: 55 66  73.7 hPa 105° 20 kt 20130627.00
Part D: 66 77  70.3 hPa 310°  2 kt 20130627.00
Part D: 77 88  69.2 hPa 350°  3 kt 20130627.00
Part D: 88 99  67.0 hPa  30°  4 kt 20130627.00
Part D: 99 11  65.9 hPa  35°  5 kt 20130627.00
Part D: 11 22  64.8 hPa   5°  7 kt 20130627.00
Part D: 22 33  61.8 hPa  70°  4 kt 20130627.00
Part D: 33 44  56.9 hPa  60° 18 kt 20130627.00
Part D: 44 55  54.1 hPa 105°  8 kt 20130627.00
Part D: 55 66  52.4 hPa  95° 18 kt 20130627.00
Part D: 66 77  50.7 hPa 180° 10 kt 20130627.00
Part D: 77 88  49.8 hPa 200° 13 kt 20130627.00
Part D: 88 99  47.5 hPa 210°  7 kt 20130627.00
Part D: 99 11  42.3 hPa 250° 26 kt 20130627.00
Part D: 11 22  37.6 hPa 275° 18 kt 20130627.00
Part D: 22 33  36.4 hPa 310° 11 kt 20130627.00
Part D: 33 44  35.3 hPa 275° 13 kt 20130627.00
Part D: 44 55  33.5 hPa 260° 29 kt 20130627.00
Part D: 55 66  29.8 hPa 265° 37 kt 20130627.00
Part D: 66 77  28.4 hPa 280° 25 kt 20130627.00
Part D: 77 88  26.6 hPa 275° 39 kt 20130627.00
Part D: 88 99  24.8 hPa 270° 23 kt 20130627.00
Part D: 99 11  23.1 hPa 265° 32 kt 20130627.00
Part D: 11 22  22.4 hPa 255° 22 kt 20130627.00
Part D: 22 33  21.7 hPa 240° 24 kt 20130627.00
Part D: 33 44  19.5 hPa 260° 29 kt 20130627.00
Part D: 44 55  17.5 hPa 265° 36 kt 20130627.00
Part D: 55 66  14.6 hPa 290° 30 kt 20130627.00
Part D: 66 77  13.7 hPa 300° 30 kt 20130627.00
Part D: 77 88  13.0 hPa 315° 13 kt 20130627.00
Part D: 88 99  12.7 hPa 295° 11 kt 20130627.00
Part D: 99 11  12.3 hPa 345°  9 kt 20130627.00
Part D: 11 22  12.0 hPa 280°  7 kt 20130627.00
Part D: 22 33  11.6 hPa 250° 11 kt 20130627.00
Part A:       100.0 hPa 125° 33 kt 20130628.00
Part C:        70.0 hPa  95° 25 kt 20130628.00
Part C:        50.0 hPa 270° 13 kt 20130628.00
Part C:        30.0 hPa 270° 38 kt 20130628.00
Part C:        20.0 hPa 290° 35 kt 20130628.00
Part C:        10.0 hPa 270° 21 kt 20130628.00
Part D: 11     93.0 hPa 175° 27 kt 20130628.00
Part D: 11 22  88.1 hPa 215° 27 kt 20130628.00
Part D: 22 33  81.1 hPa 185° 19 kt 20130628.00
Part D: 33 44  77.3 hPa 230°  2 kt 20130628.00
Part D: 44 55  74.9 hPa 115° 10 kt 20130628.00
Part D: 55 66  68.9 hPa  95° 32 kt 20130628.00
Part D: 66 77  61.6 hPa  60° 27 kt 20130628.00
Part D: 77 88  52.4 hPa  85°  9 kt 20130628.00
Part D: 88 99  49.9 hPa 270° 14 kt 20130628.00
Part D: 99 11  48.4 hPa 300° 12 kt 20130628.00
Part D: 11 22  43.5 hPa 255° 29 kt 20130628.00
Part D: 22 33  38.3 hPa 280° 15 kt 20130628.00
Part D: 33 44  35.2 hPa 280° 39 kt 20130628.00
Part D: 44 55  31.8 hPa 285° 26 kt 20130628.00
Part D: 55 66  29.7 hPa 275° 39 kt 20130628.00
Part D: 66 77  28.8 hPa 280° 29 kt 20130628.00
Part D: 77 88  27.8 hPa 275° 38 kt 20130628.00
Part D: 88 99  23.5 hPa 295° 22 kt 20130628.00
Part D: 99 11  22.0 hPa 285° 41 kt 20130628.00
Part D: 11 22  19.5 hPa 295° 27 kt 20130628.00
Part D: 22 33  18.1 hPa 280° 34 kt 20130628.00
Part D: 33 44  16.9 hPa 275° 21 kt 20130628.00
Part D: 44 55  14.0 hPa 225° 17 kt 20130628.00
Part D: 55 66  12.0 hPa 255° 33 kt 20130628.00
Part D: 66 77  10.0 hPa 270° 22 kt 20130628.00
Part D: 77 88   8.9 hPa 245°  9 kt 20130628.00
Part D: 88 99   7.9 hPa 225° 15 kt 20130628.00
Part D: 99 11   7.6 hPa 210° 17 kt 20130628.00
Part D: 11 22   7.5 hPa 245° 21 kt 20130628.00
Part D: 22 33   7.2 hPa 195° 18 kt 20130628.00
Part D: 33 44   6.5 hPa 215° 14 kt 20130628.00
Part D: 44 55   6.3 hPa 115°  9 kt 20130628.00
Part D: 55 66   6.2 hPa 140°  2 kt 20130628.00
Part D: 66 77   6.1 hPa 240° 12 kt 20130628.00
Part D: 77 88   5.8 hPa 355°  8 kt 20130628.00
Part A:       100.0 hPa 145° 10 kt 20130629.00
Part C:        70.0 hPa  80° 25 kt 20130629.00
Part C:        50.0 hPa 240°  6 kt 20130629.00
Part C:        30.0 hPa 280° 25 kt 20130629.00
Part C:        20.0 hPa 265° 24 kt 20130629.00
Part C:        10.0 hPa 295° 19 kt 20130629.00
Part D: 11     97.2 hPa 140°  9 kt 20130629.00
Part D: 11 22  91.0 hPa 255° 12 kt 20130629.00
Part D: 22 33  85.1 hPa 295°  5 kt 20130629.00
Part D: 33 44  81.0 hPa  90°  6 kt 20130629.00
Part D: 44 55  71.9 hPa  70° 31 kt 20130629.00
Part D: 55 66  60.8 hPa  80° 43 kt 20130629.00
Part D: 66 77  54.1 hPa 125° 24 kt 20130629.00
Part D: 77 88  49.7 hPa 240°  7 kt 20130629.00
Part D: 88 99  47.4 hPa 295° 18 kt 20130629.00
Part D: 99 11  45.1 hPa 265° 25 kt 20130629.00
Part D: 11 22  44.4 hPa 290° 19 kt 20130629.00
Part D: 22 33  37.1 hPa 290° 41 kt 20130629.00
Part D: 33 44  33.5 hPa 260° 17 kt 20130629.00
Part D: 44 55  31.3 hPa 270° 30 kt 20130629.00
Part D: 55 66  26.3 hPa 270° 21 kt 20130629.00
Part D: 66 77  24.9 hPa 255° 17 kt 20130629.00
Part D: 77 88  21.9 hPa 280° 29 kt 20130629.00
Part D: 88 99  16.6 hPa 235° 24 kt 20130629.00
Part D: 99 11  14.6 hPa 235° 31 kt 20130629.00
Part D: 11 22  11.3 hPa 285° 26 kt 20130629.00
Part D: 22 33   9.8 hPa 310° 15 kt 20130629.00
Part D: 33 44   9.1 hPa 355°  9 kt 20130629.00
Part D: 44 55   8.5 hPa 245°  3 kt 20130629.00
Part D: 55 66   8.2 hPa 145°  2 kt 20130629.00
Part D: 66 77   7.2 hPa 190°  9 kt 20130629.00
Part A:       100.0 hPa 120° 30 kt 20130630.00
Part C:        70.0 hPa 105° 41 kt 20130630.00
Part C:        50.0 hPa 300° 18 kt 20130630.00
Part C:        30.0 hPa 255° 30 kt 20130630.00
Part C:        20.0 hPa 275° 16 kt 20130630.00
Part C:        10.0 hPa 310° 24 kt 20130630.00
Part D: 11     82.4 hPa  70° 41 kt 20130630.00
Part D: 11 22  77.9 hPa  75° 54 kt 20130630.00
Part D: 22 33  67.3 hPa 110° 36 kt 20130630.00
Part D: 33 44  62.3 hPa 150° 16 kt 20130630.00
Part D: 44 55  61.4 hPa 200° 12 kt 20130630.00
Part D: 55 66  53.0 hPa 260° 27 kt 20130630.00
Part D: 66 77  50.4 hPa 310° 16 kt 20130630.00
Part D: 77 88  48.7 hPa 275° 26 kt 20130630.00
Part D: 88 99  42.1 hPa 275° 26 kt 20130630.00
Part D: 99 11  32.6 hPa 250° 38 kt 20130630.00
Part D: 11 22  29.4 hPa 250° 25 kt 20130630.00
Part D: 22 33  28.4 hPa 250° 40 kt 20130630.00
Part D: 33 44  24.4 hPa 305° 27 kt 20130630.00
Part D: 44 55  23.1 hPa 310° 23 kt 20130630.00
Part D: 55 66  20.6 hPa 275° 23 kt 20130630.00
Part D: 66 77  18.2 hPa 240° 33 kt 20130630.00
Part D: 77 88  12.0 hPa 300° 22 kt 20130630.00
Part D: 88 99   9.6 hPa 320° 20 kt 20130630.00
Part D: 99 11   8.7 hPa 235°  5 kt 20130630.00
Part D: 11 22   8.4 hPa 270° 13 kt 20130630.00
Part D: 22 33   7.8 hPa 320° 12 kt 20130630.00
Part D: 33 44   7.6 hPa  35°  6 kt 20130630.00
Part D: 44 55   7.5 hPa   5°  5 kt 20130630.00
Part D: 55 66   7.4 hPa 265°  6 kt 20130630.00
Part D: 66 77   6.8 hPa 275° 18 kt 20130630.00
Part D: 77 88   6.6 hPa 320°  8 kt 20130630.00
Part D: 88 99   6.4 hPa  45°  5 kt 20130630.00
Part D: 99 11   6.1 hPa 330°  6 kt 20130630.00
Part D: 11 22   5.9 hPa 295°  5 kt 20130630.00
Part D: 22 33   5.7 hPa 360°  6 kt 20130630.00
Part D: 33 44   5.6 hPa 255°  4 kt 20130630.00
Interpoliere die QBO aus den RS Daten
 Jahr:        2013 Date:        1306
 Filepath: 
 ./qbo_data_new/qbo.dat
