Pararmeterliste beim QBO Aufruf:  -g -w -a 2014.08 --
2014.08
Kopiere RS Daten aus dem Archiv
 TTCC  51001 48698                                                                                                                                                                                                                                               
 8                                                                                                                                                                                                                                               
 TTCC 5111/ 48698 NIL=                                                                                                                                                                                                                                           
 =                                                                                                                                                                                                                                           
 TTCC  52001 48698                                                                                                                                                                                                                                               
 8                                                                                                                                                                                                                                               
 TTCC 5211/ 48698 NIL=                                                                                                                                                                                                                                           
 =                                                                                                                                                                                                                                           
 TTCC  53001 48698                                                                                                                                                                                                                                               
 8                                                                                                                                                                                                                                               
 TTCC 5311/ 48698 NIL=                                                                                                                                                                                                                                           
 =                                                                                                                                                                                                                                           
 TTCC  54003 48698                                                                                                                                                                                                                                               
 8                                                                                                                                                                                                                                               
 TTCC 5411/ 48698 NIL=                                                                                                                                                                                                                                           
 =                                                                                                                                                                                                                                           
 TTCC  55001 48698                                                                                                                                                                                                                                               
 8                                                                                                                                                                                                                                               
 TTCC 5511/ 48698 NIL=                                                                                                                                                                                                                                           
 =                                                                                                                                                                                                                                           
 TTCC  56001 48698                                                                                                                                                                                                                                               
 8                                                                                                                                                                                                                                               
 TTCC 5611/ 48698 NIL=                                                                                                                                                                                                                                           
 =                                                                                                                                                                                                                                           
 TTCC  57001 48698                                                                                                                                                                                                                                               
 8                                                                                                                                                                                                                                               
 TTCC 5711/ 48698 NIL=                                                                                                                                                                                                                                           
 =                                                                                                                                                                                                                                           
 TTCC  58002 48698                                                                                                                                                                                                                                               
 8                                                                                                                                                                                                                                               
 TTCC 5811/ 48698 NIL=                                                                                                                                                                                                                                           
 =                                                                                                                                                                                                                                           
 TTCC  59002 48698                                                                                                                                                                                                                                               
 8                                                                                                                                                                                                                                               
 TTCC 5911/ 48698 NIL=                                                                                                                                                                                                                                           
 =                                                                                                                                                                                                                                           
 TTCC  6000/ 48698                                                                                                                                                                                                                                               
 8                                                                                                                                                                                                                                               
 TTCC 6011/ 48698 NIL=                                                                                                                                                                                                                                           
 =                                                                                                                                                                                                                                           
 TTCC  61002 48698                                                                                                                                                                                                                                               
 8                                                                                                                                                                                                                                               
 TTCC 6111/ 48698 NIL=                                                                                                                                                                                                                                           
 =                                                                                                                                                                                                                                           
 TTCC  62001 48698                                                                                                                                                                                                                                               
 8                                                                                                                                                                                                                                               
 TTCC 6211/ 48698 NIL=                                                                                                                                                                                                                                           
 =                                                                                                                                                                                                                                           
 TTCC  63002 48698                                                                                                                                                                                                                                               
 8                                                                                                                                                                                                                                               
 TTCC 6311/ 48698 NIL=                                                                                                                                                                                                                                           
 =                                                                                                                                                                                                                                           
 TTCC  64001 48698                                                                                                                                                                                                                                               
 8                                                                                                                                                                                                                                               
 TTCC 6411/ 48698 NIL=                                                                                                                                                                                                                                           
 =                                                                                                                                                                                                                                           
 TTCC  65001 48698                                                                                                                                                                                                                                               
 8                                                                                                                                                                                                                                               
 TTCC 6511/ 48698 NIL=                                                                                                                                                                                                                                           
 =                                                                                                                                                                                                                                           
 TTCC  66001 48698                                                                                                                                                                                                                                               
 8                                                                                                                                                                                                                                               
 TTCC 6611/ 48698 NIL=                                                                                                                                                                                                                                           
 =                                                                                                                                                                                                                                           
 TTCC  67001 48698                                                                                                                                                                                                                                               
 8                                                                                                                                                                                                                                               
 TTCC 6711/ 48698 NIL=                                                                                                                                                                                                                                           
 =                                                                                                                                                                                                                                           
 TTCC  68001 48698                                                                                                                                                                                                                                               
 8                                                                                                                                                                                                                                               
 TTCC 6811/ 48698 NIL=                                                                                                                                                                                                                                           
 =                                                                                                                                                                                                                                           
 TTCC  69002 48698                                                                                                                                                                                                                                               
 8                                                                                                                                                                                                                                               
 TTCC 6911/ 48698 NIL=                                                                                                                                                                                                                                           
 =                                                                                                                                                                                                                                           
 TTCC  70001 48698                                                                                                                                                                                                                                               
 8                                                                                                                                                                                                                                               
 TTCC 7011/ 48698 NIL=                                                                                                                                                                                                                                           
 =                                                                                                                                                                                                                                           
 TTCC  71001 48698                                                                                                                                                                                                                                               
 8                                                                                                                                                                                                                                               
 TTCC 7111/ 48698 NIL=                                                                                                                                                                                                                                           
 =                                                                                                                                                                                                                                           
 TTCC  72001 48698                                                                                                                                                                                                                                               
 8                                                                                                                                                                                                                                               
 TTCC 7211/ 48698 NIL=                                                                                                                                                                                                                                           
 =                                                                                                                                                                                                                                           
 TTCC  73001 48698                                                                                                                                                                                                                                               
 8                                                                                                                                                                                                                                               
 TTCC 7311/ 48698 NIL=                                                                                                                                                                                                                                           
 =                                                                                                                                                                                                                                           
 TTCC  7400/ 48698                                                                                                                                                                                                                                               
 8                                                                                                                                                                                                                                               
 TTCC 7411/ 48698 NIL=                                                                                                                                                                                                                                           
 =                                                                                                                                                                                                                                           
 TTCC  75001 48698                                                                                                                                                                                                                                               
 8                                                                                                                                                                                                                                               
 TTCC 7511/ 48698 NIL=                                                                                                                                                                                                                                           
 =                                                                                                                                                                                                                                           
 TTCC  76001 48698                                                                                                                                                                                                                                               
 8                                                                                                                                                                                                                                               
 TTCC 7611/ 48698 NIL=                                                                                                                                                                                                                                           
 =                                                                                                                                                                                                                                           
 TTCC  77001 48698                                                                                                                                                                                                                                               
 8                                                                                                                                                                                                                                               
 TTCC 7711/ 48698 NIL=                                                                                                                                                                                                                                           
 =                                                                                                                                                                                                                                           
 TTCC  78001 48698                                                                                                                                                                                                                                               
 8                                                                                                                                                                                                                                               
 TTCC 7811/ 48698 NIL=                                                                                                                                                                                                                                           
 =                                                                                                                                                                                                                                           
 TTCC  79001 48698                                                                                                                                                                                                                                               
 8                                                                                                                                                                                                                                               
 TTCC 7911/ 48698 NIL=                                                                                                                                                                                                                                           
 =                                                                                                                                                                                                                                           
 TTCC  80007 48698                                                                                                                                                                                                                                               
 8                                                                                                                                                                                                                                               
 TTCC 8011/ 48698 NIL=                                                                                                                                                                                                                                           
 =                                                                                                                                                                                                                                           
 TTCC  81001 48698                                                                                                                                                                                                                                               
 8                                                                                                                                                                                                                                               
 TTCC 8111/ 48698 NIL=                                                                                                                                                                                                                                           
 =                                                                                                                                                                                                                                           
Parse RS Daten
Part A:       100.0 hPa 105° 26 kt 20140801.00
Part C:        70.0 hPa  25° 17 kt 20140801.00
Part C:        50.0 hPa 270° 11 kt 20140801.00
Part C:        30.0 hPa  80° 47 kt 20140801.00
Part C:        20.0 hPa  95° 52 kt 20140801.00
Part C:        10.0 hPa  90° 69 kt 20140801.00
Part D: 11     96.8 hPa 135°  7 kt 20140801.00
Part D: 11 22  95.1 hPa 125°  4 kt 20140801.00
Part D: 22 33  92.0 hPa  25°  9 kt 20140801.00
Part D: 33 44  89.0 hPa   5° 11 kt 20140801.00
Part D: 44 55  87.6 hPa 360° 12 kt 20140801.00
Part D: 55 66  86.2 hPa   5° 14 kt 20140801.00
Part D: 66 77  83.6 hPa 350°  9 kt 20140801.00
Part D: 77 88  81.0 hPa  25°  8 kt 20140801.00
Part D: 88 99  77.2 hPa   5°  8 kt 20140801.00
Part D: 99 11  69.9 hPa  25° 18 kt 20140801.00
Part D: 11 22  47.2 hPa 260°  5 kt 20140801.00
Part D: 22 33  45.6 hPa 225°  5 kt 20140801.00
Part D: 33 44  44.0 hPa 210°  3 kt 20140801.00
Part D: 44 55  43.3 hPa 105°  3 kt 20140801.00
Part D: 55 66  42.6 hPa  75°  6 kt 20140801.00
Part D: 66 77  41.8 hPa  90°  8 kt 20140801.00
Part D: 77 88  40.4 hPa  60° 12 kt 20140801.00
Part D: 88 99  39.1 hPa  90° 17 kt 20140801.00
Part D: 99 11  38.5 hPa  75° 16 kt 20140801.00
Part D: 11 22  33.6 hPa  75° 41 kt 20140801.00
Part D: 22 33  31.3 hPa  90° 46 kt 20140801.00
Part D: 33 44  29.3 hPa  75° 56 kt 20140801.00
Part D: 44 55  26.9 hPa  90° 59 kt 20140801.00
Part D: 55 66  22.6 hPa 100° 54 kt 20140801.00
Part D: 66 77  18.8 hPa  95° 54 kt 20140801.00
Part D: 77 88  16.9 hPa  80° 54 kt 20140801.00
Part D: 88 99  15.5 hPa  95° 56 kt 20140801.00
Part D: 99 11  12.1 hPa  90° 70 kt 20140801.00
Part D: 11 22  11.8 hPa  90° 61 kt 20140801.00
Part D: 22 33   9.0 hPa  85° 79 kt 20140801.00
Part D: 33 44   7.0 hPa  85° 62 kt 20140801.00
Part D: 44 55   6.8 hPa  90° 67 kt 20140801.00
Part D: 55 66   6.6 hPa  80° 53 kt 20140801.00
Part D: 66 77   6.4 hPa  90° 44 kt 20140801.00
Part D: 77 88   6.1 hPa 105° 47 kt 20140801.00
Part D: 88 99   5.9 hPa  75° 18 kt 20140801.00
Part D: 99 11   5.6 hPa  20°  8 kt 20140801.00
Part D: 11 22   5.3 hPa 360° 14 kt 20140801.00
Part A:       100.0 hPa  75° 18 kt 20140802.00
Part C:        70.0 hPa 235° 13 kt 20140802.00
Part C:        50.0 hPa 250° 29 kt 20140802.00
Part C:        30.0 hPa  85° 52 kt 20140802.00
Part C:        20.0 hPa  95° 57 kt 20140802.00
Part C:        10.0 hPa  75° 56 kt 20140802.00
Part D: 11     97.0 hPa  95°  6 kt 20140802.00
Part D: 11 22  95.3 hPa 115°  8 kt 20140802.00
Part D: 22 33  91.9 hPa  70° 15 kt 20140802.00
Part D: 33 44  85.7 hPa  85° 19 kt 20140802.00
Part D: 44 55  81.3 hPa 115° 19 kt 20140802.00
Part D: 55 66  78.6 hPa 160°  6 kt 20140802.00
Part D: 66 77  77.2 hPa 160°  4 kt 20140802.00
Part D: 77 88  74.7 hPa 200° 16 kt 20140802.00
Part D: 88 99  70.9 hPa 230° 15 kt 20140802.00
Part D: 99 11  68.4 hPa 275°  8 kt 20140802.00
Part D: 11 22  63.9 hPa 360° 16 kt 20140802.00
Part D: 22 33  62.9 hPa 345° 16 kt 20140802.00
Part D: 33 44  61.0 hPa 305° 14 kt 20140802.00
Part D: 44 55  56.1 hPa 260° 19 kt 20140802.00
Part D: 55 66  53.4 hPa 255° 36 kt 20140802.00
Part D: 66 77  48.5 hPa 245° 24 kt 20140802.00
Part D: 77 88  46.9 hPa 230° 10 kt 20140802.00
Part D: 88 99  45.4 hPa 215°  8 kt 20140802.00
Part D: 99 11  44.6 hPa 235°  3 kt 20140802.00
Part D: 11 22  43.9 hPa 215°  2 kt 20140802.00
Part D: 22 33  41.7 hPa  70° 13 kt 20140802.00
Part D: 33 44  36.8 hPa  90° 41 kt 20140802.00
Part D: 44 55  35.0 hPa  95° 46 kt 20140802.00
Part D: 55 66  29.9 hPa  90° 53 kt 20140802.00
Part D: 66 77  28.3 hPa  80° 60 kt 20140802.00
Part D: 77 88  22.8 hPa 105° 57 kt 20140802.00
Part D: 88 99  17.7 hPa  95° 69 kt 20140802.00
Part D: 99 11  16.1 hPa 100° 73 kt 20140802.00
Part D: 11 22  15.2 hPa  95° 59 kt 20140802.00
Part D: 22 33  14.2 hPa  90° 66 kt 20140802.00
Part D: 33 44  12.3 hPa  75° 48 kt 20140802.00
Part D: 44 55  11.4 hPa  75° 58 kt 20140802.00
Part D: 55 66  10.8 hPa  75° 51 kt 20140802.00
Part D: 66 77  10.4 hPa  75° 58 kt 20140802.00
Part D: 77 88   9.4 hPa  85° 52 kt 20140802.00
Part D: 88 99   9.0 hPa  90° 65 kt 20140802.00
Part D: 99 11   8.7 hPa  95° 54 kt 20140802.00
Part D: 11 22   8.2 hPa  90° 64 kt 20140802.00
Part D: 22 33   8.0 hPa  95° 56 kt 20140802.00
Part D: 33 44   7.7 hPa  85° 69 kt 20140802.00
Part D: 44 55   7.5 hPa  70° 55 kt 20140802.00
Part D: 55 66   6.8 hPa  75° 44 kt 20140802.00
Part D: 66 77   6.5 hPa 100° 41 kt 20140802.00
Part A:       100.0 hPa  85° 13 kt 20140803.00
Part C:        70.0 hPa  40° 10 kt 20140803.00
Part C:        50.0 hPa 260° 16 kt 20140803.00
Part C:        30.0 hPa  80° 59 kt 20140803.00
Part C:        20.0 hPa 100° 61 kt 20140803.00
Part C:        10.0 hPa  85° 60 kt 20140803.00
Part D: 11     97.3 hPa  55°  5 kt 20140803.00
Part D: 11 22  95.7 hPa 170°  3 kt 20140803.00
Part D: 22 33  94.3 hPa 195°  7 kt 20140803.00
Part D: 33 44  84.6 hPa 175° 10 kt 20140803.00
Part D: 44 55  77.3 hPa 250°  6 kt 20140803.00
Part D: 55 66  73.6 hPa 260°  5 kt 20140803.00
Part D: 66 77  70.3 hPa  30°  9 kt 20140803.00
Part D: 77 88  68.2 hPa  80° 16 kt 20140803.00
Part D: 88 99  66.1 hPa 195° 12 kt 20140803.00
Part D: 99 11  60.7 hPa 265° 28 kt 20140803.00
Part D: 11 22  58.8 hPa 255° 38 kt 20140803.00
Part D: 22 33  49.3 hPa 245° 10 kt 20140803.00
Part D: 33 44  43.2 hPa  55°  5 kt 20140803.00
Part D: 44 55  41.8 hPa  95° 18 kt 20140803.00
Part D: 55 66  35.4 hPa  80° 52 kt 20140803.00
Part D: 66 77  29.4 hPa  80° 61 kt 20140803.00
Part D: 77 88  20.6 hPa 100° 63 kt 20140803.00
Part D: 88 99  12.9 hPa  80° 54 kt 20140803.00
Part D: 99 11  11.0 hPa  85° 71 kt 20140803.00
Part D: 11 22   8.7 hPa  85° 49 kt 20140803.00
Part D: 22 33   8.2 hPa 100° 64 kt 20140803.00
Part D: 33 44   7.1 hPa  75° 39 kt 20140803.00
Part D: 44 55   6.8 hPa  55° 51 kt 20140803.00
Part D: 55 66   6.4 hPa  35° 20 kt 20140803.00
Part D: 66 77   6.2 hPa  70° 15 kt 20140803.00
Part D: 77 88   6.0 hPa  40° 16 kt 20140803.00
Part D: 88 99   5.8 hPa  30° 10 kt 20140803.00
Part D: 99 11   5.7 hPa  90°  5 kt 20140803.00
Part D: 11 22   5.6 hPa 360°  3 kt 20140803.00
Part D: 22 33   5.5 hPa 305°  1 kt 20140803.00
Part D: 33 44   5.4 hPa  25°  6 kt 20140803.00
Part A:       100.0 hPa  75° 46 kt 20140804.00
Part C:        70.0 hPa 210° 13 kt 20140804.00
Part C:        50.0 hPa 275° 13 kt 20140804.00
Part C:        30.0 hPa 100° 67 kt 20140804.00
Part D: 11     95.5 hPa  80° 38 kt 20140804.00
Part D: 11 22  89.1 hPa 105° 12 kt 20140804.00
Part D: 22 33  86.2 hPa  95° 15 kt 20140804.00
Part D: 33 44  83.6 hPa  65°  8 kt 20140804.00
Part D: 44 55  82.4 hPa 100°  7 kt 20140804.00
Part D: 55 66  81.3 hPa 110°  7 kt 20140804.00
Part D: 66 77  80.1 hPa  80° 10 kt 20140804.00
Part D: 77 88  78.9 hPa  95° 11 kt 20140804.00
Part D: 88 99  76.4 hPa  35°  1 kt 20140804.00
Part D: 99 11  75.0 hPa  30°  3 kt 20140804.00
Part D: 11 22  73.8 hPa 105°  6 kt 20140804.00
Part D: 22 33  72.5 hPa 130° 10 kt 20140804.00
Part D: 33 44  71.4 hPa 180° 10 kt 20140804.00
Part D: 44 55  67.5 hPa 260° 23 kt 20140804.00
Part D: 55 66  62.2 hPa 265° 41 kt 20140804.00
Part D: 66 77  57.9 hPa 275° 25 kt 20140804.00
Part D: 77 88  52.4 hPa 285° 19 kt 20140804.00
Part D: 88 99  49.8 hPa 275° 13 kt 20140804.00
Part D: 99 11  48.2 hPa 255° 11 kt 20140804.00
Part D: 11 22  46.7 hPa 305°  4 kt 20140804.00
Part D: 22 33  45.0 hPa 340°  5 kt 20140804.00
Part D: 33 44  44.3 hPa  45°  7 kt 20140804.00
Part D: 44 55  42.8 hPa  70° 17 kt 20140804.00
Part D: 55 66  41.3 hPa 105° 16 kt 20140804.00
Part D: 66 77  38.5 hPa 100° 26 kt 20140804.00
Part D: 77 88  37.1 hPa 100° 40 kt 20140804.00
Part D: 88 99  33.0 hPa 100° 53 kt 20140804.00
Part D: 99 11  29.6 hPa 100° 69 kt 20140804.00
Part D: 11 22  28.6 hPa 100° 61 kt 20140804.00
Part D: 22 33  26.3 hPa  80° 65 kt 20140804.00
Part A:       100.0 hPa  75° 31 kt 20140805.00
Part C:        70.0 hPa 265° 31 kt 20140805.00
Part C:        50.0 hPa 285°  4 kt 20140805.00
Part C:        30.0 hPa 100° 61 kt 20140805.00
Part C:        20.0 hPa  90° 56 kt 20140805.00
Part C:        10.0 hPa  95° 88 kt 20140805.00
Part D: 11     92.6 hPa  65° 50 kt 20140805.00
Part D: 11 22  88.5 hPa  85° 28 kt 20140805.00
Part D: 22 33  84.5 hPa 100° 31 kt 20140805.00
Part D: 33 44  79.8 hPa 145°  7 kt 20140805.00
Part D: 44 55  77.3 hPa 230° 10 kt 20140805.00
Part D: 55 66  68.6 hPa 265° 31 kt 20140805.00
Part D: 66 77  57.5 hPa 290° 31 kt 20140805.00
Part D: 77 88  54.4 hPa 300° 20 kt 20140805.00
Part D: 88 99  52.1 hPa 265° 15 kt 20140805.00
Part D: 99 11  49.9 hPa 285°  3 kt 20140805.00
Part D: 11 22  48.5 hPa 265° 13 kt 20140805.00
Part D: 22 33  46.2 hPa 280°  6 kt 20140805.00
Part D: 33 44  44.9 hPa 235°  4 kt 20140805.00
Part D: 44 55  41.6 hPa  60° 14 kt 20140805.00
Part D: 55 66  36.6 hPa  75° 44 kt 20140805.00
Part D: 66 77  32.8 hPa  90° 55 kt 20140805.00
Part D: 77 88  30.2 hPa 100° 61 kt 20140805.00
Part D: 88 99  25.6 hPa  85° 59 kt 20140805.00
Part D: 99 11  21.8 hPa  95° 56 kt 20140805.00
Part D: 11 22  18.5 hPa  80° 67 kt 20140805.00
Part D: 22 33  13.2 hPa  95° 74 kt 20140805.00
Part D: 33 44  11.5 hPa 100° 67 kt 20140805.00
Part D: 44 55  10.0 hPa  95° 88 kt 20140805.00
Part D: 55 66   9.7 hPa 100° 78 kt 20140805.00
Part D: 66 77   8.6 hPa  95° 88 kt 20140805.00
Part D: 77 88   8.2 hPa  80° 71 kt 20140805.00
Part D: 88 99   8.1 hPa  95° 55 kt 20140805.00
Part D: 99 11   7.3 hPa  90° 33 kt 20140805.00
Part D: 11 22   6.9 hPa 110° 31 kt 20140805.00
Part D: 22 33   6.7 hPa 115° 27 kt 20140805.00
Part D: 33 44   6.5 hPa 125°  6 kt 20140805.00
Part D: 44 55   6.4 hPa 115° 16 kt 20140805.00
Part D: 55 66   6.3 hPa 155°  9 kt 20140805.00
Part D: 66 77   6.2 hPa  65°  6 kt 20140805.00
Part D: 77 88   6.1 hPa 245° 12 kt 20140805.00
Part D: 88 99   5.9 hPa 215° 11 kt 20140805.00
Part D: 99 11   5.8 hPa 245° 20 kt 20140805.00
Part D: 11 22   5.7 hPa 230° 21 kt 20140805.00
Part D: 22 33   5.5 hPa 240° 14 kt 20140805.00
Part A:       100.0 hPa  80° 31 kt 20140806.00
Part C:        70.0 hPa 295° 26 kt 20140806.00
Part C:        50.0 hPa 260° 19 kt 20140806.00
Part C:        30.0 hPa  80° 59 kt 20140806.00
Part C:        20.0 hPa  85° 60 kt 20140806.00
Part C:        10.0 hPa  85° 69 kt 20140806.00
Part D: 11     93.8 hPa  65° 56 kt 20140806.00
Part D: 11 22  89.8 hPa  80° 37 kt 20140806.00
Part D: 22 33  84.9 hPa  90° 30 kt 20140806.00
Part D: 33 44  80.8 hPa 135° 10 kt 20140806.00
Part D: 44 55  75.6 hPa 275° 15 kt 20140806.00
Part D: 55 66  73.2 hPa 290° 23 kt 20140806.00
Part D: 66 77  64.2 hPa 280° 17 kt 20140806.00
Part D: 77 88  60.2 hPa 305° 20 kt 20140806.00
Part D: 88 99  57.2 hPa 330° 14 kt 20140806.00
Part D: 99 11  55.4 hPa 325° 11 kt 20140806.00
Part D: 11 22  51.8 hPa 265° 25 kt 20140806.00
Part D: 22 33  46.2 hPa 260°  1 kt 20140806.00
Part D: 33 44  45.5 hPa  75°  6 kt 20140806.00
Part D: 44 55  44.8 hPa 135°  6 kt 20140806.00
Part D: 55 66  41.9 hPa  85° 13 kt 20140806.00
Part D: 66 77  39.1 hPa 100° 26 kt 20140806.00
Part D: 77 88  37.1 hPa  95° 36 kt 20140806.00
Part D: 88 99  35.9 hPa  90° 45 kt 20140806.00
Part D: 99 11  29.2 hPa  75° 63 kt 20140806.00
Part D: 11 22  25.1 hPa  90° 63 kt 20140806.00
Part D: 22 33  21.0 hPa  85° 58 kt 20140806.00
Part D: 33 44  16.3 hPa  90° 72 kt 20140806.00
Part D: 44 55  15.4 hPa  95° 71 kt 20140806.00
Part D: 55 66  14.6 hPa 100° 72 kt 20140806.00
Part D: 66 77  13.4 hPa 100° 77 kt 20140806.00
Part D: 77 88  11.8 hPa 100° 64 kt 20140806.00
Part D: 88 99   8.9 hPa  80° 70 kt 20140806.00
Part D: 99 11   7.7 hPa  85° 51 kt 20140806.00
Part D: 11 22   7.4 hPa  85° 43 kt 20140806.00
Part D: 22 33   7.3 hPa  65° 49 kt 20140806.00
Part D: 33 44   6.9 hPa  35° 43 kt 20140806.00
Part D: 44 55   6.6 hPa  45° 36 kt 20140806.00
Part D: 55 66   6.3 hPa  35° 19 kt 20140806.00
Part A:       100.0 hPa  70° 44 kt 20140807.00
Part C:        70.0 hPa 275° 25 kt 20140807.00
Part C:        50.0 hPa 290° 12 kt 20140807.00
Part C:        30.0 hPa  80° 54 kt 20140807.00
Part C:        20.0 hPa  90° 69 kt 20140807.00
Part C:        10.0 hPa  90° 60 kt 20140807.00
Part D: 11     95.1 hPa  75° 53 kt 20140807.00
Part D: 11 22  86.4 hPa  90° 33 kt 20140807.00
Part D: 22 33  82.2 hPa 115°  6 kt 20140807.00
Part D: 33 44  78.4 hPa 280° 13 kt 20140807.00
Part D: 44 55  75.7 hPa 275° 26 kt 20140807.00
Part D: 55 66  68.6 hPa 270° 16 kt 20140807.00
Part D: 66 77  64.5 hPa 210°  6 kt 20140807.00
Part D: 77 88  57.8 hPa 260° 29 kt 20140807.00
Part D: 88 99  51.0 hPa 280° 16 kt 20140807.00
Part D: 99 11  50.1 hPa 295° 12 kt 20140807.00
Part D: 11 22  46.8 hPa 245° 12 kt 20140807.00
Part D: 22 33  45.2 hPa 265°  6 kt 20140807.00
Part D: 33 44  42.1 hPa  60° 12 kt 20140807.00
Part D: 44 55  40.0 hPa 100° 26 kt 20140807.00
Part D: 55 66  32.0 hPa  90° 54 kt 20140807.00
Part D: 66 77  28.8 hPa  80° 67 kt 20140807.00
Part D: 77 88  24.2 hPa  90° 54 kt 20140807.00
Part D: 88 99  21.6 hPa  80° 66 kt 20140807.00
Part D: 99 11  10.9 hPa  95° 53 kt 20140807.00
Part D: 11 22   8.6 hPa  90° 76 kt 20140807.00
Part D: 22 33   8.0 hPa  65° 51 kt 20140807.00
Part D: 33 44   7.3 hPa 110° 44 kt 20140807.00
Part D: 44 55   6.6 hPa  80° 11 kt 20140807.00
Part D: 55 66   6.5 hPa 120°  8 kt 20140807.00
Part D: 66 77   6.4 hPa  15°  3 kt 20140807.00
Part D: 77 88   6.3 hPa  20°  6 kt 20140807.00
Part D: 88 99   6.1 hPa 305° 14 kt 20140807.00
Part D: 99 11   5.6 hPa  10° 15 kt 20140807.00
Part D: 11 22   5.2 hPa  35° 28 kt 20140807.00
Part D: 22 33   4.8 hPa  85° 24 kt 20140807.00
Part D: 33 44   4.7 hPa 145° 18 kt 20140807.00
Part A:       100.0 hPa  55° 44 kt 20140808.00
Part C:        70.0 hPa 245° 18 kt 20140808.00
Part C:        50.0 hPa 280° 27 kt 20140808.00
Part C:        30.0 hPa  85° 57 kt 20140808.00
Part C:        20.0 hPa 100° 57 kt 20140808.00
Part D: 11     93.5 hPa  70° 68 kt 20140808.00
Part D: 11 22  89.4 hPa  90° 29 kt 20140808.00
Part D: 22 33  87.3 hPa  90° 22 kt 20140808.00
Part D: 33 44  83.8 hPa 230°  5 kt 20140808.00
Part D: 44 55  82.0 hPa 270° 14 kt 20140808.00
Part D: 55 66  67.9 hPa 225° 16 kt 20140808.00
Part D: 66 77  63.7 hPa 245° 31 kt 20140808.00
Part D: 77 88  57.9 hPa 275° 37 kt 20140808.00
Part D: 88 99  49.9 hPa 280° 27 kt 20140808.00
Part D: 99 11  47.4 hPa 285° 17 kt 20140808.00
Part D: 11 22  44.3 hPa 350°  9 kt 20140808.00
Part D: 22 33  40.2 hPa  80° 35 kt 20140808.00
Part D: 33 44  35.6 hPa 100° 52 kt 20140808.00
Part D: 44 55  32.2 hPa  85° 58 kt 20140808.00
Part D: 55 66  31.6 hPa  90° 67 kt 20140808.00
Part D: 66 77  29.9 hPa  85° 56 kt 20140808.00
Part D: 77 88  25.7 hPa  75° 63 kt 20140808.00
Part D: 88 99  23.9 hPa  80° 57 kt 20140808.00
Part D: 99 11  20.7 hPa  90° 63 kt 20140808.00
Part D: 11 22  19.3 hPa 100° 55 kt 20140808.00
Part D: 22 33  17.5 hPa  95° 60 kt 20140808.00
Part D: 33 44  15.6 hPa 105° 51 kt 20140808.00
Part D: 44 55  14.7 hPa 100° 56 kt 20140808.00
Part A:       100.0 hPa  60° 83 kt 20140809.00
Part C:        70.0 hPa 295° 19 kt 20140809.00
Part C:        50.0 hPa 245° 13 kt 20140809.00
Part C:        30.0 hPa  85° 64 kt 20140809.00
Part C:        20.0 hPa 100° 54 kt 20140809.00
Part C:        42.0 hPa  85° 72 kt 20140809.00
Part D: 11     91.3 hPa  85° 21 kt 20140809.00
Part D: 11 22  86.2 hPa 245°  8 kt 20140809.00
Part D: 22 33  81.2 hPa 275° 38 kt 20140809.00
Part D: 33 44  77.4 hPa 270° 30 kt 20140809.00
Part D: 44 55  70.4 hPa 295° 16 kt 20140809.00
Part D: 55 66  66.2 hPa 280° 19 kt 20140809.00
Part D: 66 77  63.2 hPa 300° 15 kt 20140809.00
Part D: 77 88  51.7 hPa 255° 13 kt 20140809.00
Part D: 88 99  47.6 hPa 225° 11 kt 20140809.00
Part D: 99 11  44.5 hPa 210°  9 kt 20140809.00
Part D: 11 22  40.2 hPa 100° 29 kt 20140809.00
Part D: 22 33  38.2 hPa 105° 37 kt 20140809.00
Part D: 33 44  36.8 hPa  90° 46 kt 20140809.00
Part D: 44 55  35.0 hPa 100° 51 kt 20140809.00
Part D: 55 66  31.5 hPa  85° 65 kt 20140809.00
Part D: 66 77  29.4 hPa  90° 60 kt 20140809.00
Part D: 77 88  27.4 hPa  80° 62 kt 20140809.00
Part D: 88 99  26.0 hPa  85° 72 kt 20140809.00
Part D: 99 11  24.6 hPa  90° 68 kt 20140809.00
Part D: 11 22  21.4 hPa 105° 54 kt 20140809.00
Part D: 22 33  16.7 hPa  85° 55 kt 20140809.00
Part D: 33 44  16.0 hPa  90° 61 kt 20140809.00
Part D: 44 55  11.7 hPa  90° 59 kt 20140809.00
Part A:       100.0 hPa 125° 43 kt 20140810.00
Part D: 11     97.2 hPa 135° 33 kt 20140810.00
Part D: 11 22  94.9 hPa 135° 29 kt 20140810.00
Part D: 22 33  93.3 hPa 130° 24 kt 20140810.00
Part D: 33 44  89.8 hPa 185° 11 kt 20140810.00
Part D: 44 55  87.3 hPa 225° 16 kt 20140810.00
Part A:       100.0 hPa  55° 30 kt 20140811.00
Part C:        70.0 hPa 250° 11 kt 20140811.00
Part C:        50.0 hPa 255° 16 kt 20140811.00
Part C:        30.0 hPa 100° 66 kt 20140811.00
Part C:        20.0 hPa  95° 53 kt 20140811.00
Part D: 11     97.8 hPa  55° 36 kt 20140811.00
Part D: 11 22  91.1 hPa  55°  6 kt 20140811.00
Part D: 22 33  89.4 hPa 130°  5 kt 20140811.00
Part D: 33 44  78.5 hPa  15° 10 kt 20140811.00
Part D: 44 55  72.4 hPa 125°  6 kt 20140811.00
Part D: 55 66  66.9 hPa 255° 24 kt 20140811.00
Part D: 66 77  62.5 hPa 265° 47 kt 20140811.00
Part D: 77 88  58.5 hPa 265° 29 kt 20140811.00
Part D: 88 99  55.6 hPa 280° 23 kt 20140811.00
Part D: 99 11  54.6 hPa 260° 20 kt 20140811.00
Part D: 11 22  48.3 hPa 240°  9 kt 20140811.00
Part D: 22 33  45.8 hPa 340°  4 kt 20140811.00
Part D: 33 44  44.2 hPa  55° 13 kt 20140811.00
Part D: 44 55  42.7 hPa  65° 12 kt 20140811.00
Part D: 55 66  41.2 hPa 105° 15 kt 20140811.00
Part D: 66 77  39.7 hPa 100° 23 kt 20140811.00
Part D: 77 88  38.3 hPa  85° 24 kt 20140811.00
Part D: 88 99  37.0 hPa  85° 23 kt 20140811.00
Part D: 99 11  35.7 hPa  95° 50 kt 20140811.00
Part D: 11 22  34.3 hPa  95° 57 kt 20140811.00
Part D: 22 33  33.1 hPa 100° 58 kt 20140811.00
Part D: 33 44  25.7 hPa  80° 61 kt 20140811.00
Part D: 44 55  22.3 hPa  90° 69 kt 20140811.00
Part D: 55 66  21.6 hPa  85° 54 kt 20140811.00
Part D: 66 77  20.7 hPa  90° 58 kt 20140811.00
Part D: 77 88  20.4 hPa 100° 43 kt 20140811.00
Part D: 88 99  19.6 hPa  90° 56 kt 20140811.00
Part D: 99 11  19.2 hPa 105° 46 kt 20140811.00
Part D: 11 22  17.2 hPa  90° 51 kt 20140811.00
Part D: 22 33  15.7 hPa  90° 61 kt 20140811.00
Part D: 33 44  15.4 hPa 100° 45 kt 20140811.00
Part D: 44 55  14.8 hPa 115° 53 kt 20140811.00
Part D: 55 66  13.4 hPa  90° 39 kt 20140811.00
Part D: 66 77  13.2 hPa  90° 50 kt 20140811.00
Part A:       100.0 hPa  65° 52 kt 20140812.00
Part C:        70.0 hPa 280° 35 kt 20140812.00
Part C:        50.0 hPa 230°  8 kt 20140812.00
Part C:        30.0 hPa  85° 62 kt 20140812.00
Part C:        20.0 hPa  90° 56 kt 20140812.00
Part C:        10.0 hPa  80° 58 kt 20140812.00
Part D: 11     94.6 hPa  80° 37 kt 20140812.00
Part D: 11 22  90.9 hPa  70° 13 kt 20140812.00
Part D: 22 33  87.8 hPa 225°  2 kt 20140812.00
Part D: 33 44  83.5 hPa 315°  3 kt 20140812.00
Part D: 44 55  80.8 hPa  10°  7 kt 20140812.00
Part D: 55 66  79.5 hPa 330°  5 kt 20140812.00
Part D: 66 77  76.7 hPa 335°  7 kt 20140812.00
Part D: 77 88  74.2 hPa 300° 21 kt 20140812.00
Part D: 88 99  71.7 hPa 285° 30 kt 20140812.00
Part D: 99 11  69.2 hPa 280° 38 kt 20140812.00
Part D: 11 22  67.0 hPa 280° 42 kt 20140812.00
Part D: 22 33  64.8 hPa 275° 42 kt 20140812.00
Part D: 33 44  62.7 hPa 275° 39 kt 20140812.00
Part D: 44 55  60.7 hPa 270° 40 kt 20140812.00
Part D: 55 66  57.7 hPa 280° 30 kt 20140812.00
Part D: 66 77  52.2 hPa 280° 14 kt 20140812.00
Part D: 77 88  49.6 hPa 225° 10 kt 20140812.00
Part D: 88 99  47.1 hPa 230° 10 kt 20140812.00
Part D: 99 11  45.4 hPa 165°  2 kt 20140812.00
Part D: 11 22  44.6 hPa 105°  4 kt 20140812.00
Part D: 22 33  42.3 hPa  75° 14 kt 20140812.00
Part D: 33 44  41.6 hPa  75° 26 kt 20140812.00
Part D: 44 55  39.5 hPa  95° 27 kt 20140812.00
Part D: 55 66  38.2 hPa  85° 31 kt 20140812.00
Part D: 66 77  36.9 hPa 105° 45 kt 20140812.00
Part D: 77 88  34.3 hPa 100° 53 kt 20140812.00
Part D: 88 99  31.5 hPa  80° 64 kt 20140812.00
Part D: 99 11  26.3 hPa  90° 58 kt 20140812.00
Part D: 11 22  23.2 hPa  85° 71 kt 20140812.00
Part D: 22 33  21.6 hPa  85° 59 kt 20140812.00
Part D: 33 44  15.3 hPa  95° 47 kt 20140812.00
Part D: 44 55  12.3 hPa  80° 58 kt 20140812.00
Part D: 55 66   8.5 hPa  80° 64 kt 20140812.00
Part D: 66 77   8.4 hPa  85° 76 kt 20140812.00
Part D: 77 88   8.0 hPa  95° 52 kt 20140812.00
Part D: 88 99   7.2 hPa 105° 44 kt 20140812.00
Part D: 99 11   6.6 hPa 105° 36 kt 20140812.00
Part D: 11 22   6.4 hPa  85° 44 kt 20140812.00
Part D: 22 33   6.1 hPa 120° 36 kt 20140812.00
Part D: 33 44   5.9 hPa 110° 30 kt 20140812.00
Part A:       100.0 hPa  90° 36 kt 20140813.00
Part C:        70.0 hPa 260° 26 kt 20140813.00
Part C:        50.0 hPa 275° 13 kt 20140813.00
Part C:        30.0 hPa  80° 61 kt 20140813.00
Part C:        20.0 hPa 105° 59 kt 20140813.00
Part D: 11     94.9 hPa 100° 19 kt 20140813.00
Part D: 11 22  91.3 hPa  70° 23 kt 20140813.00
Part D: 22 33  85.9 hPa 140°  7 kt 20140813.00
Part D: 33 44  80.0 hPa 245° 16 kt 20140813.00
Part D: 44 55  77.4 hPa 250° 27 kt 20140813.00
Part D: 55 66  65.2 hPa 255° 37 kt 20140813.00
Part D: 66 77  60.1 hPa 290° 17 kt 20140813.00
Part D: 77 88  54.8 hPa 275° 25 kt 20140813.00
Part D: 88 99  51.3 hPa 255°  8 kt 20140813.00
Part D: 99 11  49.7 hPa 275° 14 kt 20140813.00
Part D: 11 22  47.4 hPa 260°  4 kt 20140813.00
Part D: 22 33  45.8 hPa 140° 12 kt 20140813.00
Part D: 33 44  43.1 hPa 110° 21 kt 20140813.00
Part D: 44 55  39.9 hPa 115° 41 kt 20140813.00
Part D: 55 66  37.2 hPa  90° 32 kt 20140813.00
Part D: 66 77  35.4 hPa  70° 43 kt 20140813.00
Part D: 77 88  30.8 hPa  80° 60 kt 20140813.00
Part D: 88 99  29.2 hPa  80° 60 kt 20140813.00
Part D: 99 11  26.8 hPa  90° 72 kt 20140813.00
Part D: 11 22  26.3 hPa  95° 76 kt 20140813.00
Part D: 22 33  23.0 hPa 100° 55 kt 20140813.00
Part D: 33 44  16.1 hPa  90° 59 kt 20140813.00
Part D: 44 55  13.9 hPa  90° 66 kt 20140813.00
Part D: 55 66  11.8 hPa  95° 58 kt 20140813.00
Part D: 66 77  10.1 hPa  85° 64 kt 20140813.00
Part A:       100.0 hPa 100° 48 kt 20140814.00
Part C:        70.0 hPa 260° 32 kt 20140814.00
Part C:        50.0 hPa 265° 16 kt 20140814.00
Part C:        30.0 hPa  85° 61 kt 20140814.00
Part C:        20.0 hPa  85° 60 kt 20140814.00
Part C:        10.0 hPa 100° 72 kt 20140814.00
Part D: 11     96.6 hPa  95° 39 kt 20140814.00
Part D: 11 22  93.8 hPa  60° 22 kt 20140814.00
Part D: 22 33  91.1 hPa  40° 30 kt 20140814.00
Part D: 33 44  89.8 hPa  45° 32 kt 20140814.00
Part D: 44 55  85.2 hPa 350° 16 kt 20140814.00
Part D: 55 66  80.0 hPa 295° 25 kt 20140814.00
Part D: 66 77  71.9 hPa 265° 35 kt 20140814.00
Part D: 77 88  65.5 hPa 280° 29 kt 20140814.00
Part D: 88 99  62.5 hPa 270° 17 kt 20140814.00
Part D: 99 11  59.7 hPa 255° 24 kt 20140814.00
Part D: 11 22  54.3 hPa 285° 17 kt 20140814.00
Part D: 22 33  45.5 hPa 200°  7 kt 20140814.00
Part D: 33 44  44.7 hPa 195°  9 kt 20140814.00
Part D: 44 55  43.3 hPa 145°  6 kt 20140814.00
Part D: 55 66  40.6 hPa  90° 29 kt 20140814.00
Part D: 66 77  34.4 hPa  90° 53 kt 20140814.00
Part D: 77 88  32.7 hPa  90° 66 kt 20140814.00
Part D: 88 99  25.3 hPa  90° 59 kt 20140814.00
Part D: 99 11  14.7 hPa  85° 70 kt 20140814.00
Part D: 11 22  11.4 hPa  90° 73 kt 20140814.00
Part D: 22 33   8.8 hPa  85° 85 kt 20140814.00
Part D: 33 44   8.5 hPa  85° 90 kt 20140814.00
Part D: 44 55   8.3 hPa  85° 85 kt 20140814.00
Part A:       100.0 hPa  55° 32 kt 20140815.00
Part C:        70.0 hPa 270° 20 kt 20140815.00
Part C:        50.0 hPa 265° 14 kt 20140815.00
Part C:        30.0 hPa  85° 50 kt 20140815.00
Part C:        20.0 hPa  95° 64 kt 20140815.00
Part C:        10.0 hPa  80° 80 kt 20140815.00
Part D: 11     97.4 hPa  50° 37 kt 20140815.00
Part D: 11 22  92.9 hPa  55° 32 kt 20140815.00
Part D: 22 33  77.9 hPa 275° 27 kt 20140815.00
Part D: 33 44  71.6 hPa 265° 32 kt 20140815.00
Part D: 44 55  69.4 hPa 270° 14 kt 20140815.00
Part D: 55 66  67.2 hPa 265° 18 kt 20140815.00
Part D: 66 77  66.2 hPa 255° 22 kt 20140815.00
Part D: 77 88  58.5 hPa 280° 16 kt 20140815.00
Part D: 88 99  56.8 hPa 285° 23 kt 20140815.00
Part D: 99 11  50.1 hPa 265° 14 kt 20140815.00
Part D: 11 22  46.4 hPa 250° 10 kt 20140815.00
Part D: 22 33  45.0 hPa 270°  7 kt 20140815.00
Part D: 33 44  42.8 hPa  25°  5 kt 20140815.00
Part D: 44 55  41.5 hPa  75°  8 kt 20140815.00
Part D: 55 66  38.9 hPa  95° 22 kt 20140815.00
Part D: 66 77  35.7 hPa  75° 35 kt 20140815.00
Part D: 77 88  33.4 hPa  95° 57 kt 20140815.00
Part D: 88 99  30.7 hPa  90° 51 kt 20140815.00
Part D: 99 11  26.7 hPa  90° 64 kt 20140815.00
Part D: 11 22  17.1 hPa 105° 68 kt 20140815.00
Part D: 22 33  14.3 hPa  90° 61 kt 20140815.00
Part D: 33 44  12.4 hPa  80° 65 kt 20140815.00
Part D: 44 55  11.7 hPa  85° 76 kt 20140815.00
Part D: 55 66   9.9 hPa  80° 81 kt 20140815.00
Part D: 66 77   8.4 hPa  80° 94 kt 20140815.00
Part D: 77 88   8.3 hPa  80° 78 kt 20140815.00
Part D: 88 99   8.2 hPa  85° 88 kt 20140815.00
Part D: 99 11   7.1 hPa  90° 52 kt 20140815.00
Part D: 11 22   6.9 hPa  90° 62 kt 20140815.00
Part D: 22 33   6.8 hPa  75° 47 kt 20140815.00
Part D: 33 44   6.6 hPa 110° 21 kt 20140815.00
Part D: 44 55   6.4 hPa 185°  8 kt 20140815.00
Part D: 55 66   6.1 hPa 235° 23 kt 20140815.00
Part D: 66 77   6.0 hPa 250°  7 kt 20140815.00
Part A:       100.0 hPa  70° 27 kt 20140816.00
Part C:        70.0 hPa 290° 17 kt 20140816.00
Part C:        50.0 hPa 260° 24 kt 20140816.00
Part C:        30.0 hPa  85° 54 kt 20140816.00
Part C:        20.0 hPa  95° 61 kt 20140816.00
Part C:        10.0 hPa  90° 74 kt 20140816.00
Part D: 11     97.1 hPa 105°  5 kt 20140816.00
Part D: 11 22  95.7 hPa 350°  1 kt 20140816.00
Part D: 22 33  92.9 hPa 290° 12 kt 20140816.00
Part D: 33 44  87.3 hPa 235° 14 kt 20140816.00
Part D: 44 55  82.1 hPa 290° 23 kt 20140816.00
Part D: 55 66  79.7 hPa 275° 30 kt 20140816.00
Part D: 66 77  68.1 hPa 295°  6 kt 20140816.00
Part D: 77 88  57.7 hPa 260° 25 kt 20140816.00
Part D: 88 99  43.4 hPa 275°  3 kt 20140816.00
Part D: 99 11  40.1 hPa 105° 15 kt 20140816.00
Part D: 11 22  35.7 hPa  95° 60 kt 20140816.00
Part D: 22 33  33.5 hPa  95° 57 kt 20140816.00
Part D: 33 44  32.4 hPa  85° 52 kt 20140816.00
Part D: 44 55  31.4 hPa  80° 54 kt 20140816.00
Part D: 55 66  30.4 hPa  85° 49 kt 20140816.00
Part D: 66 77   9.7 hPa  85° 78 kt 20140816.00
Part D: 77 88   9.1 hPa  95° 56 kt 20140816.00
Part D: 88 99   8.5 hPa  90° 71 kt 20140816.00
Part D: 99 11   7.7 hPa  95° 34 kt 20140816.00
Part D: 11 22   7.3 hPa  85° 45 kt 20140816.00
Part D: 22 33   6.8 hPa  45° 22 kt 20140816.00
Part D: 33 44   6.6 hPa 110°  9 kt 20140816.00
Part D: 44 55   6.3 hPa  30°  9 kt 20140816.00
Part D: 55 66   5.6 hPa  55° 29 kt 20140816.00
Part D: 66 77   5.2 hPa 195° 18 kt 20140816.00
Part D: 77 88   5.1 hPa 145° 14 kt 20140816.00
Part D: 88 99   5.0 hPa 190° 25 kt 20140816.00
Part D: 99 11   4.7 hPa 145° 25 kt 20140816.00
Part A:       100.0 hPa  80° 23 kt 20140817.00
Part C:        70.0 hPa 280° 14 kt 20140817.00
Part C:        50.0 hPa 275° 20 kt 20140817.00
Part C:        30.0 hPa  85° 59 kt 20140817.00
Part C:        20.0 hPa  90° 62 kt 20140817.00
Part C:        10.0 hPa  80° 58 kt 20140817.00
Part D: 11     96.8 hPa 125° 12 kt 20140817.00
Part D: 11 22  90.6 hPa 250° 13 kt 20140817.00
Part D: 22 33  86.6 hPa 305° 26 kt 20140817.00
Part D: 33 44  83.6 hPa 290° 26 kt 20140817.00
Part D: 44 55  79.9 hPa 290° 43 kt 20140817.00
Part D: 55 66  73.9 hPa 305° 16 kt 20140817.00
Part D: 66 77  70.4 hPa 275° 11 kt 20140817.00
Part D: 77 88  68.2 hPa 295° 20 kt 20140817.00
Part D: 88 99  64.2 hPa 320°  7 kt 20140817.00
Part D: 99 11  62.2 hPa 275° 10 kt 20140817.00
Part D: 11 22  57.5 hPa 280° 27 kt 20140817.00
Part D: 22 33  53.3 hPa 275° 23 kt 20140817.00
Part D: 33 44  47.9 hPa 290°  5 kt 20140817.00
Part D: 44 55  44.9 hPa 330°  4 kt 20140817.00
Part D: 55 66  44.2 hPa  25°  6 kt 20140817.00
Part D: 66 77  40.0 hPa  95° 21 kt 20140817.00
Part D: 77 88  38.6 hPa  80° 28 kt 20140817.00
Part D: 88 99  35.1 hPa  90° 51 kt 20140817.00
Part D: 99 11  30.8 hPa  80° 53 kt 20140817.00
Part D: 11 22  28.3 hPa  95° 65 kt 20140817.00
Part D: 22 33  26.1 hPa  95° 75 kt 20140817.00
Part D: 33 44  13.1 hPa 105° 70 kt 20140817.00
Part D: 44 55  11.1 hPa  90° 66 kt 20140817.00
Part D: 55 66  10.3 hPa  80° 51 kt 20140817.00
Part D: 66 77   9.9 hPa  80° 60 kt 20140817.00
Part D: 77 88   9.7 hPa  75° 52 kt 20140817.00
Part D: 88 99   9.0 hPa  80° 68 kt 20140817.00
Part D: 99 11   8.7 hPa  75° 57 kt 20140817.00
Part D: 11 22   8.1 hPa  90° 77 kt 20140817.00
Part D: 22 33   7.9 hPa  90° 57 kt 20140817.00
Part D: 33 44   7.4 hPa  70° 40 kt 20140817.00
Part D: 44 55   7.3 hPa  70° 49 kt 20140817.00
Part D: 55 66   7.2 hPa  65° 47 kt 20140817.00
Part D: 66 77   7.0 hPa  65° 35 kt 20140817.00
Part D: 77 88   6.8 hPa 105° 24 kt 20140817.00
Part D: 88 99   6.5 hPa  50° 22 kt 20140817.00
Part D: 99 11   6.4 hPa  45° 25 kt 20140817.00
Part D: 11 22   6.3 hPa  75° 20 kt 20140817.00
Part D: 22 33   6.2 hPa  60° 27 kt 20140817.00
Part D: 33 44   6.1 hPa  70° 21 kt 20140817.00
Part A:       100.0 hPa 135° 10 kt 20140818.00
Part C:        70.0 hPa 300° 16 kt 20140818.00
Part C:        50.0 hPa 335°  6 kt 20140818.00
Part C:        30.0 hPa  90° 59 kt 20140818.00
Part C:        20.0 hPa 100° 55 kt 20140818.00
Part C:        10.0 hPa  75° 50 kt 20140818.00
Part D: 11     96.7 hPa 150°  2 kt 20140818.00
Part D: 11 22  95.1 hPa 280°  4 kt 20140818.00
Part D: 22 33  88.8 hPa 350°  8 kt 20140818.00
Part D: 33 44  84.3 hPa 240° 12 kt 20140818.00
Part D: 44 55  80.0 hPa 270°  4 kt 20140818.00
Part D: 55 66  78.6 hPa 255° 10 kt 20140818.00
Part D: 66 77  74.8 hPa 275° 18 kt 20140818.00
Part D: 77 88  71.1 hPa 300° 15 kt 20140818.00
Part D: 88 99  68.9 hPa 290° 21 kt 20140818.00
Part D: 99 11  63.4 hPa 265°  8 kt 20140818.00
Part D: 11 22  61.2 hPa 235° 10 kt 20140818.00
Part D: 22 33  58.3 hPa 255° 20 kt 20140818.00
Part D: 33 44  54.8 hPa 270° 10 kt 20140818.00
Part D: 44 55  48.7 hPa 340°  7 kt 20140818.00
Part D: 55 66  47.0 hPa  80°  8 kt 20140818.00
Part D: 66 77  46.1 hPa 145°  5 kt 20140818.00
Part D: 77 88  45.3 hPa 165°  5 kt 20140818.00
Part D: 88 99  44.5 hPa  95°  8 kt 20140818.00
Part D: 99 11  42.2 hPa  65° 11 kt 20140818.00
Part D: 11 22  39.5 hPa  95° 30 kt 20140818.00
Part D: 22 33  35.6 hPa  90° 58 kt 20140818.00
Part D: 33 44  31.2 hPa  85° 62 kt 20140818.00
Part D: 44 55  27.5 hPa  90° 79 kt 20140818.00
Part D: 55 66  23.4 hPa  95° 61 kt 20140818.00
Part D: 66 77  19.9 hPa 100° 54 kt 20140818.00
Part D: 77 88  16.8 hPa  90° 77 kt 20140818.00
Part D: 88 99  14.9 hPa  95° 57 kt 20140818.00
Part D: 99 11  12.9 hPa  85° 51 kt 20140818.00
Part D: 11 22  12.2 hPa  80° 60 kt 20140818.00
Part D: 22 33  11.4 hPa  70° 48 kt 20140818.00
Part D: 33 44  10.6 hPa  60° 46 kt 20140818.00
Part D: 44 55   9.8 hPa  70° 54 kt 20140818.00
Part D: 55 66   8.0 hPa  85° 68 kt 20140818.00
Part D: 66 77   7.9 hPa  90° 77 kt 20140818.00
Part D: 77 88   7.5 hPa  95° 58 kt 20140818.00
Part D: 88 99   7.2 hPa  80° 44 kt 20140818.00
Part D: 99 11   6.8 hPa 145° 19 kt 20140818.00
Part D: 11 22   6.7 hPa 115° 32 kt 20140818.00
Part D: 22 33   6.5 hPa 160° 21 kt 20140818.00
Part D: 33 44   6.2 hPa 135° 12 kt 20140818.00
Part D: 44 55   5.8 hPa  95° 25 kt 20140818.00
Part D: 55 66   5.7 hPa 115° 30 kt 20140818.00
Part D: 66 77   5.5 hPa 175° 10 kt 20140818.00
Part D: 77 88   5.3 hPa 125° 10 kt 20140818.00
Part A:       100.0 hPa  75° 21 kt 20140819.00
Part C:        70.0 hPa 295° 13 kt 20140819.00
Part C:        50.0 hPa 190°  6 kt 20140819.00
Part C:        30.0 hPa  80° 59 kt 20140819.00
Part C:        20.0 hPa 105° 63 kt 20140819.00
Part D: 11     90.4 hPa 200° 11 kt 20140819.00
Part D: 11 22  86.0 hPa 245° 20 kt 20140819.00
Part D: 22 33  81.8 hPa 260° 23 kt 20140819.00
Part D: 33 44  78.2 hPa 245° 22 kt 20140819.00
Part D: 44 55  76.6 hPa 265° 12 kt 20140819.00
Part D: 55 66  74.9 hPa 300° 14 kt 20140819.00
Part D: 66 77  73.4 hPa 310° 13 kt 20140819.00
Part D: 77 88  71.9 hPa 285° 11 kt 20140819.00
Part D: 88 99  69.1 hPa 305° 14 kt 20140819.00
Part D: 99 11  66.7 hPa 295°  6 kt 20140819.00
Part D: 11 22  64.4 hPa 255°  7 kt 20140819.00
Part D: 22 33  61.3 hPa 230° 17 kt 20140819.00
Part D: 33 44  58.5 hPa 230° 25 kt 20140819.00
Part D: 44 55  54.8 hPa 205° 15 kt 20140819.00
Part D: 55 66  50.2 hPa 200°  8 kt 20140819.00
Part D: 66 77  47.9 hPa 155°  4 kt 20140819.00
Part D: 77 88  46.3 hPa  50°  9 kt 20140819.00
Part D: 88 99  44.8 hPa  80° 20 kt 20140819.00
Part D: 99 11  43.3 hPa 110° 19 kt 20140819.00
Part D: 11 22  40.3 hPa  85° 31 kt 20140819.00
Part D: 22 33  36.8 hPa  95° 56 kt 20140819.00
Part D: 33 44  32.6 hPa  75° 58 kt 20140819.00
Part D: 44 55  27.5 hPa  90° 72 kt 20140819.00
Part D: 55 66  24.6 hPa  95° 62 kt 20140819.00
Part D: 66 77  21.0 hPa  95° 57 kt 20140819.00
Part D: 77 88  19.4 hPa 105° 65 kt 20140819.00
Part D: 88 99  14.4 hPa  95° 65 kt 20140819.00
Part D: 99 11  14.1 hPa  90° 68 kt 20140819.00
Part A:       100.0 hPa  85° 36 kt 20140820.00
Part C:        70.0 hPa 145°  4 kt 20140820.00
Part C:        50.0 hPa 295° 17 kt 20140820.00
Part C:        30.0 hPa  85° 55 kt 20140820.00
Part C:        20.0 hPa  90° 59 kt 20140820.00
Part C:        10.0 hPa 105° 78 kt 20140820.00
Part D: 11     90.2 hPa 215° 12 kt 20140820.00
Part D: 11 22  88.0 hPa 225° 20 kt 20140820.00
Part D: 22 33  84.7 hPa 255° 12 kt 20140820.00
Part D: 33 44  82.0 hPa 255°  4 kt 20140820.00
Part D: 44 55  74.1 hPa  55°  3 kt 20140820.00
Part D: 55 66  72.9 hPa  75°  8 kt 20140820.00
Part D: 66 77  66.7 hPa 230° 19 kt 20140820.00
Part D: 77 88  64.5 hPa 245° 14 kt 20140820.00
Part D: 88 99  61.1 hPa 270° 21 kt 20140820.00
Part D: 99 11  52.6 hPa 285° 13 kt 20140820.00
Part D: 11 22  49.1 hPa 295° 16 kt 20140820.00
Part D: 22 33  47.4 hPa 315° 11 kt 20140820.00
Part D: 33 44  46.6 hPa 330°  8 kt 20140820.00
Part D: 44 55  45.0 hPa  50°  5 kt 20140820.00
Part D: 55 66  37.7 hPa  90° 44 kt 20140820.00
Part D: 66 77  32.1 hPa  95° 58 kt 20140820.00
Part D: 77 88  30.9 hPa  90° 56 kt 20140820.00
Part D: 88 99  28.2 hPa 100° 59 kt 20140820.00
Part D: 99 11  21.6 hPa  85° 65 kt 20140820.00
Part D: 11 22  20.5 hPa  90° 59 kt 20140820.00
Part D: 22 33  13.9 hPa  85° 75 kt 20140820.00
Part D: 33 44  12.9 hPa  80° 70 kt 20140820.00
Part D: 44 55  10.8 hPa 100° 85 kt 20140820.00
Part D: 55 66  10.4 hPa 105° 75 kt 20140820.00
Part D: 66 77   8.7 hPa 100° 82 kt 20140820.00
Part D: 77 88   8.1 hPa  90° 98 kt 20140820.00
Part D: 88 99   7.7 hPa  90° 68 kt 20140820.00
Part D: 99 11   7.0 hPa  70° 32 kt 20140820.00
Part D: 11 22   6.6 hPa 105° 45 kt 20140820.00
Part D: 22 33   6.2 hPa  90° 25 kt 20140820.00
Part D: 33 44   6.0 hPa 125° 19 kt 20140820.00
Part D: 44 55   5.8 hPa  90° 22 kt 20140820.00
Part D: 55 66   5.7 hPa 115° 24 kt 20140820.00
Part A:       100.0 hPa  40° 15 kt 20140821.00
Part C:        70.0 hPa 250° 10 kt 20140821.00
Part C:        50.0 hPa 320° 18 kt 20140821.00
Part C:        30.0 hPa  85° 50 kt 20140821.00
Part C:        20.0 hPa 100° 61 kt 20140821.00
Part C:        10.0 hPa  90° 72 kt 20140821.00
Part D: 11     96.7 hPa  60°  7 kt 20140821.00
Part D: 11 22  93.7 hPa 315°  5 kt 20140821.00
Part D: 22 33  89.8 hPa 250° 10 kt 20140821.00
Part D: 33 44  82.0 hPa 220° 12 kt 20140821.00
Part D: 44 55  79.6 hPa 240° 13 kt 20140821.00
Part D: 55 66  76.3 hPa 170°  4 kt 20140821.00
Part D: 66 77  75.4 hPa 130°  7 kt 20140821.00
Part D: 77 88  71.9 hPa 260° 12 kt 20140821.00
Part D: 88 99  68.5 hPa 235° 14 kt 20140821.00
Part D: 99 11  62.9 hPa 260° 20 kt 20140821.00
Part D: 11 22  58.6 hPa 275° 27 kt 20140821.00
Part D: 22 33  52.7 hPa 290° 25 kt 20140821.00
Part D: 33 44  50.2 hPa 315° 20 kt 20140821.00
Part D: 44 55  48.8 hPa 355°  7 kt 20140821.00
Part D: 55 66  48.0 hPa  10°  8 kt 20140821.00
Part D: 66 77  47.3 hPa  50°  6 kt 20140821.00
Part D: 77 88  46.6 hPa  65°  2 kt 20140821.00
Part D: 88 99  45.9 hPa 155°  7 kt 20140821.00
Part D: 99 11  43.9 hPa 180° 14 kt 20140821.00
Part D: 11 22  39.8 hPa 130° 27 kt 20140821.00
Part D: 22 33  37.3 hPa  85° 40 kt 20140821.00
Part D: 33 44  33.9 hPa  90° 55 kt 20140821.00
Part D: 44 55  27.5 hPa  70° 54 kt 20140821.00
Part D: 55 66  24.5 hPa  95° 62 kt 20140821.00
Part D: 66 77  18.9 hPa 100° 67 kt 20140821.00
Part D: 77 88  15.9 hPa  90° 76 kt 20140821.00
Part D: 88 99  13.2 hPa  95° 71 kt 20140821.00
Part D: 99 11  12.1 hPa 100° 79 kt 20140821.00
Part D: 11 22  11.7 hPa  95° 85 kt 20140821.00
Part D: 22 33  10.1 hPa  90° 74 kt 20140821.00
Part D: 33 44   9.4 hPa  80° 65 kt 20140821.00
Part D: 44 55   8.5 hPa  75° 79 kt 20140821.00
Part D: 55 66   8.3 hPa  85° 90 kt 20140821.00
Part D: 66 77   7.9 hPa  75° 64 kt 20140821.00
Part A:       100.0 hPa 150° 11 kt 20140822.00
Part C:        70.0 hPa 270° 19 kt 20140822.00
Part C:        50.0 hPa 280° 12 kt 20140822.00
Part C:        30.0 hPa  85° 54 kt 20140822.00
Part C:        20.0 hPa  90° 64 kt 20140822.00
Part C:        10.0 hPa  95° 63 kt 20140822.00
Part D: 11     96.1 hPa 200° 13 kt 20140822.00
Part D: 11 22  87.2 hPa 255° 12 kt 20140822.00
Part D: 22 33  80.0 hPa 275° 10 kt 20140822.00
Part D: 33 44  78.6 hPa 260°  8 kt 20140822.00
Part D: 44 55  73.8 hPa 300° 17 kt 20140822.00
Part D: 55 66  71.5 hPa 265° 18 kt 20140822.00
Part D: 66 77  65.8 hPa 275° 30 kt 20140822.00
Part D: 77 88  63.6 hPa 285° 20 kt 20140822.00
Part D: 88 99  62.5 hPa 285° 14 kt 20140822.00
Part D: 99 11  60.5 hPa 275° 23 kt 20140822.00
Part D: 11 22  58.5 hPa 270° 18 kt 20140822.00
Part D: 22 33  57.6 hPa 265° 26 kt 20140822.00
Part D: 33 44  53.8 hPa 275° 19 kt 20140822.00
Part D: 44 55  51.9 hPa 320° 13 kt 20140822.00
Part D: 55 66  47.7 hPa 215° 12 kt 20140822.00
Part D: 66 77  41.3 hPa 115° 17 kt 20140822.00
Part D: 77 88  38.3 hPa 100° 37 kt 20140822.00
Part D: 88 99  35.6 hPa  85° 47 kt 20140822.00
Part D: 99 11  27.4 hPa  80° 62 kt 20140822.00
Part D: 11 22  11.8 hPa  85° 68 kt 20140822.00
Part D: 22 33  11.3 hPa  90° 62 kt 20140822.00
Part D: 33 44   9.2 hPa 100° 67 kt 20140822.00
Part D: 44 55   8.5 hPa  90° 83 kt 20140822.00
Part D: 55 66   8.0 hPa  85° 71 kt 20140822.00
Part D: 66 77   7.7 hPa  70° 57 kt 20140822.00
Part D: 77 88   7.4 hPa  85° 41 kt 20140822.00
Part D: 88 99   7.2 hPa  85° 51 kt 20140822.00
Part D: 99 11   7.0 hPa  90° 39 kt 20140822.00
Part D: 11 22   6.4 hPa  60° 30 kt 20140822.00
Part D: 22 33   6.2 hPa  90° 20 kt 20140822.00
Part D: 33 44   6.0 hPa  15°  6 kt 20140822.00
Part D: 44 55   5.8 hPa 345° 11 kt 20140822.00
Part D: 55 66   5.7 hPa   5° 19 kt 20140822.00
Part D: 66 77   5.5 hPa 290°  7 kt 20140822.00
Part D: 77 88   5.4 hPa 280° 15 kt 20140822.00
Part A:       100.0 hPa  60° 20 kt 20140823.00
Part C:        70.0 hPa 275° 25 kt 20140823.00
Part C:        50.0 hPa 220° 17 kt 20140823.00
Part C:        30.0 hPa  95° 61 kt 20140823.00
Part C:        20.0 hPa  90° 65 kt 20140823.00
Part C:        10.0 hPa 100° 66 kt 20140823.00
Part D: 11     89.9 hPa 360°  6 kt 20140823.00
Part D: 11 22  88.3 hPa  25°  8 kt 20140823.00
Part D: 22 33  85.4 hPa  75° 17 kt 20140823.00
Part D: 33 44  84.0 hPa  85° 17 kt 20140823.00
Part D: 44 55  82.7 hPa  75°  3 kt 20140823.00
Part D: 55 66  81.3 hPa  65°  6 kt 20140823.00
Part D: 66 77  77.7 hPa 235°  8 kt 20140823.00
Part D: 77 88  73.9 hPa 305°  8 kt 20140823.00
Part D: 88 99  72.7 hPa 280° 14 kt 20140823.00
Part D: 99 11  67.9 hPa 280° 31 kt 20140823.00
Part D: 11 22  62.4 hPa 265° 21 kt 20140823.00
Part D: 22 33  60.4 hPa 240° 24 kt 20140823.00
Part D: 33 44  58.4 hPa 250° 31 kt 20140823.00
Part D: 44 55  55.5 hPa 270° 22 kt 20140823.00
Part D: 55 66  52.8 hPa 235° 10 kt 20140823.00
Part D: 66 77  50.3 hPa 220° 16 kt 20140823.00
Part D: 77 88  48.0 hPa 225° 23 kt 20140823.00
Part D: 88 99  44.8 hPa  95°  6 kt 20140823.00
Part D: 99 11  42.4 hPa  40° 20 kt 20140823.00
Part D: 11 22  40.3 hPa  65° 29 kt 20140823.00
Part D: 22 33  37.1 hPa  95° 43 kt 20140823.00
Part D: 33 44  34.0 hPa  80° 60 kt 20140823.00
Part D: 44 55  31.8 hPa  95° 58 kt 20140823.00
Part D: 55 66  19.5 hPa  90° 67 kt 20140823.00
Part D: 66 77  18.1 hPa  95° 73 kt 20140823.00
Part D: 77 88  16.3 hPa 100° 65 kt 20140823.00
Part D: 88 99  11.5 hPa  95° 72 kt 20140823.00
Part D: 99 11   9.3 hPa 100° 56 kt 20140823.00
Part D: 11 22   8.9 hPa  90° 69 kt 20140823.00
Part D: 22 33   7.7 hPa  85° 53 kt 20140823.00
Part D: 33 44   7.5 hPa  90° 39 kt 20140823.00
Part D: 44 55   6.9 hPa  45° 29 kt 20140823.00
Part D: 55 66   6.8 hPa  45° 22 kt 20140823.00
Part D: 66 77   6.7 hPa  65° 30 kt 20140823.00
Part D: 77 88   6.6 hPa  70° 21 kt 20140823.00
Part D: 88 99   6.5 hPa  60° 20 kt 20140823.00
Part A:       100.0 hPa  90° 30 kt 20140825.00
Part C:        70.0 hPa  45°  8 kt 20140825.00
Part C:        50.0 hPa 285° 33 kt 20140825.00
Part C:        30.0 hPa  85° 63 kt 20140825.00
Part C:        20.0 hPa  85° 63 kt 20140825.00
Part C:        10.0 hPa 100° 56 kt 20140825.00
Part D: 11     96.8 hPa  85° 36 kt 20140825.00
Part D: 11 22  92.4 hPa  95° 24 kt 20140825.00
Part D: 22 33  88.4 hPa  85° 25 kt 20140825.00
Part D: 33 44  85.3 hPa  25°  5 kt 20140825.00
Part D: 44 55  82.6 hPa 300° 12 kt 20140825.00
Part D: 55 66  78.6 hPa 295° 24 kt 20140825.00
Part D: 66 77  74.1 hPa 320° 16 kt 20140825.00
Part D: 77 88  71.8 hPa 355°  8 kt 20140825.00
Part D: 88 99  70.7 hPa  35° 10 kt 20140825.00
Part D: 99 11  69.7 hPa  45°  8 kt 20140825.00
Part D: 11 22  68.6 hPa 330°  6 kt 20140825.00
Part D: 22 33  67.6 hPa 310°  2 kt 20140825.00
Part D: 33 44  66.4 hPa 230°  7 kt 20140825.00
Part D: 44 55  64.3 hPa 250° 11 kt 20140825.00
Part D: 55 66  62.4 hPa 235°  7 kt 20140825.00
Part D: 66 77  57.0 hPa 255° 28 kt 20140825.00
Part D: 77 88  52.5 hPa 290° 39 kt 20140825.00
Part D: 88 99  47.8 hPa 285° 32 kt 20140825.00
Part D: 99 11  45.6 hPa 275° 13 kt 20140825.00
Part D: 11 22  44.1 hPa 150°  6 kt 20140825.00
Part D: 22 33  43.3 hPa 135° 12 kt 20140825.00
Part D: 33 44  41.1 hPa 165° 25 kt 20140825.00
Part D: 44 55  39.1 hPa 110° 26 kt 20140825.00
Part D: 55 66  36.6 hPa  95° 43 kt 20140825.00
Part D: 66 77  34.3 hPa 105° 54 kt 20140825.00
Part D: 77 88  31.0 hPa  80° 64 kt 20140825.00
Part D: 88 99  25.9 hPa  85° 70 kt 20140825.00
Part D: 99 11  22.9 hPa 105° 70 kt 20140825.00
Part D: 11 22  20.6 hPa  85° 60 kt 20140825.00
Part D: 22 33  16.6 hPa  90° 68 kt 20140825.00
Part D: 33 44  14.8 hPa  95° 76 kt 20140825.00
Part D: 44 55  13.3 hPa  85° 79 kt 20140825.00
Part D: 55 66  12.1 hPa  95° 61 kt 20140825.00
Part D: 66 77  11.4 hPa 100° 58 kt 20140825.00
Part D: 77 88  11.0 hPa 105° 55 kt 20140825.00
Part D: 88 99   8.3 hPa 100° 73 kt 20140825.00
Part D: 99 11   7.6 hPa 120° 35 kt 20140825.00
Part D: 11 22   6.9 hPa  90° 52 kt 20140825.00
Part D: 22 33   6.7 hPa 100° 26 kt 20140825.00
Part D: 33 44   6.6 hPa 110° 16 kt 20140825.00
Part D: 44 55   6.4 hPa 185°  9 kt 20140825.00
Part D: 55 66   6.2 hPa 240° 17 kt 20140825.00
Part D: 66 77   6.1 hPa 225° 19 kt 20140825.00
Part A:       100.0 hPa 105° 29 kt 20140826.00
Part C:        70.0 hPa 225° 12 kt 20140826.00
Part C:        50.0 hPa 285° 22 kt 20140826.00
Part C:        30.0 hPa 100° 60 kt 20140826.00
Part C:        20.0 hPa  85° 71 kt 20140826.00
Part C:        10.0 hPa  85° 65 kt 20140826.00
Part D: 11     92.1 hPa 145° 12 kt 20140826.00
Part D: 11 22  89.4 hPa 200°  6 kt 20140826.00
Part D: 22 33  87.4 hPa 265° 19 kt 20140826.00
Part D: 33 44  83.8 hPa 285°  9 kt 20140826.00
Part D: 44 55  77.0 hPa 280° 21 kt 20140826.00
Part D: 55 66  71.5 hPa 240°  6 kt 20140826.00
Part D: 66 77  70.3 hPa 225° 11 kt 20140826.00
Part D: 77 88  65.0 hPa 260° 30 kt 20140826.00
Part D: 88 99  59.9 hPa 275° 37 kt 20140826.00
Part D: 99 11  52.3 hPa 285° 29 kt 20140826.00
Part D: 11 22  48.0 hPa 325° 12 kt 20140826.00
Part D: 22 33  46.2 hPa 255°  4 kt 20140826.00
Part D: 33 44  44.6 hPa 200° 14 kt 20140826.00
Part D: 44 55  43.1 hPa 130° 15 kt 20140826.00
Part D: 55 66  38.8 hPa  65° 35 kt 20140826.00
Part D: 66 77  35.5 hPa  85° 49 kt 20140826.00
Part D: 77 88  28.0 hPa  95° 72 kt 20140826.00
Part D: 88 99  24.6 hPa  90° 58 kt 20140826.00
Part D: 99 11  22.5 hPa  80° 66 kt 20140826.00
Part D: 11 22  20.5 hPa  85° 75 kt 20140826.00
Part D: 22 33  18.3 hPa  85° 61 kt 20140826.00
Part D: 33 44  14.5 hPa 100° 46 kt 20140826.00
Part D: 44 55  14.0 hPa  90° 58 kt 20140826.00
Part D: 55 66  12.4 hPa  90° 45 kt 20140826.00
Part D: 66 77  11.9 hPa  95° 39 kt 20140826.00
Part D: 77 88  11.0 hPa  80° 56 kt 20140826.00
Part D: 88 99  10.2 hPa  90° 68 kt 20140826.00
Part D: 99 11   8.8 hPa  95° 61 kt 20140826.00
Part D: 11 22   7.8 hPa  80° 46 kt 20140826.00
Part D: 22 33   7.5 hPa  80° 26 kt 20140826.00
Part D: 33 44   7.0 hPa  40° 23 kt 20140826.00
Part D: 44 55   6.5 hPa  95°  5 kt 20140826.00
Part D: 55 66   6.2 hPa  85° 17 kt 20140826.00
Part A:       100.0 hPa  65° 22 kt 20140827.00
Part C:        70.0 hPa 260° 21 kt 20140827.00
Part C:        50.0 hPa 100°  9 kt 20140827.00
Part C:        30.0 hPa  85° 61 kt 20140827.00
Part C:        20.0 hPa 105° 50 kt 20140827.00
Part C:        10.0 hPa 100° 47 kt 20140827.00
Part D: 11     97.0 hPa  25°  9 kt 20140827.00
Part D: 11 22  95.3 hPa 325°  5 kt 20140827.00
Part D: 22 33  92.2 hPa 265° 12 kt 20140827.00
Part D: 33 44  89.3 hPa 250° 24 kt 20140827.00
Part D: 44 55  77.5 hPa 290° 19 kt 20140827.00
Part D: 55 66  72.6 hPa 250° 23 kt 20140827.00
Part D: 66 77  63.0 hPa 280° 28 kt 20140827.00
Part D: 77 88  55.2 hPa 330° 12 kt 20140827.00
Part D: 88 99  54.2 hPa 360°  9 kt 20140827.00
Part D: 99 11  53.3 hPa 340°  2 kt 20140827.00
Part D: 11 22  49.3 hPa  95° 17 kt 20140827.00
Part D: 22 33  46.2 hPa 175° 11 kt 20140827.00
Part D: 33 44  41.6 hPa  95° 11 kt 20140827.00
Part D: 44 55  38.2 hPa  95° 36 kt 20140827.00
Part D: 55 66  28.0 hPa  90° 58 kt 20140827.00
Part D: 66 77  27.1 hPa  90° 62 kt 20140827.00
Part D: 77 88  22.4 hPa  95° 65 kt 20140827.00
Part D: 88 99  18.3 hPa 105° 43 kt 20140827.00
Part D: 99 11  16.4 hPa 100° 56 kt 20140827.00
Part D: 11 22  14.0 hPa  80° 45 kt 20140827.00
Part D: 22 33  13.2 hPa  70° 47 kt 20140827.00
Part D: 33 44  12.0 hPa  80° 58 kt 20140827.00
Part D: 44 55  10.7 hPa  90° 48 kt 20140827.00
Part D: 55 66   9.7 hPa 100° 56 kt 20140827.00
Part D: 66 77   8.2 hPa 100° 57 kt 20140827.00
Part D: 77 88   7.7 hPa  90° 72 kt 20140827.00
Part D: 88 99   6.9 hPa  85° 34 kt 20140827.00
Part D: 99 11   6.5 hPa 100° 22 kt 20140827.00
Part D: 11 22   5.9 hPa 345°  6 kt 20140827.00
Part D: 22 33   5.8 hPa 345°  7 kt 20140827.00
Part D: 33 44   5.7 hPa   5° 20 kt 20140827.00
Part D: 44 55   5.6 hPa   5° 11 kt 20140827.00
Part A:       100.0 hPa 100° 18 kt 20140828.00
Part C:        70.0 hPa 270° 24 kt 20140828.00
Part C:        50.0 hPa 240° 25 kt 20140828.00
Part C:        30.0 hPa  90° 53 kt 20140828.00
Part C:        20.0 hPa  95° 61 kt 20140828.00
Part C:        10.0 hPa  90° 72 kt 20140828.00
Part D: 11     95.5 hPa 195°  6 kt 20140828.00
Part D: 11 22  93.4 hPa 200°  5 kt 20140828.00
Part D: 22 33  89.4 hPa 250° 11 kt 20140828.00
Part D: 33 44  87.5 hPa 245° 14 kt 20140828.00
Part D: 44 55  84.4 hPa 275°  5 kt 20140828.00
Part D: 55 66  81.7 hPa 310° 15 kt 20140828.00
Part D: 66 77  75.2 hPa 245° 25 kt 20140828.00
Part D: 77 88  72.8 hPa 250° 26 kt 20140828.00
Part D: 88 99  70.5 hPa 275° 24 kt 20140828.00
Part D: 99 11  59.8 hPa 285° 21 kt 20140828.00
Part D: 11 22  56.9 hPa 250° 14 kt 20140828.00
Part D: 22 33  52.4 hPa 235° 31 kt 20140828.00
Part D: 33 44  49.8 hPa 240° 24 kt 20140828.00
Part D: 44 55  48.0 hPa 235°  7 kt 20140828.00
Part D: 55 66  47.2 hPa 270°  9 kt 20140828.00
Part D: 66 77  46.4 hPa 270° 13 kt 20140828.00
Part D: 77 88  44.1 hPa  10° 15 kt 20140828.00
Part D: 88 99  41.2 hPa 100° 23 kt 20140828.00
Part D: 99 11  38.3 hPa  80° 36 kt 20140828.00
Part D: 11 22  32.1 hPa 100° 53 kt 20140828.00
Part D: 22 33  26.0 hPa  85° 65 kt 20140828.00
Part D: 33 44  19.5 hPa  95° 56 kt 20140828.00
Part D: 44 55  14.1 hPa  85° 64 kt 20140828.00
Part D: 55 66  13.6 hPa  90° 57 kt 20140828.00
Part D: 66 77  11.2 hPa  95° 72 kt 20140828.00
Part D: 77 88   9.0 hPa 100° 63 kt 20140828.00
Part D: 88 99   8.4 hPa 105° 69 kt 20140828.00
Part D: 99 11   8.0 hPa  95° 92 kt 20140828.00
Part D: 11 22   7.8 hPa  95° 73 kt 20140828.00
Part D: 22 33   7.5 hPa  90° 78 kt 20140828.00
Part D: 33 44   7.3 hPa  90° 62 kt 20140828.00
Part D: 44 55   6.9 hPa  85° 82 kt 20140828.00
Part D: 55 66   6.3 hPa  95° 35 kt 20140828.00
Part D: 66 77   6.2 hPa 100° 40 kt 20140828.00
Part D: 77 88   6.1 hPa  85° 41 kt 20140828.00
Part D: 88 99   5.8 hPa 125°  8 kt 20140828.00
Part D: 99 11   5.7 hPa 175°  9 kt 20140828.00
Part D: 11 22   5.6 hPa 155°  8 kt 20140828.00
Part A:       100.0 hPa 285° 19 kt 20140829.00
Part C:        70.0 hPa 265° 37 kt 20140829.00
Part C:        50.0 hPa 310° 25 kt 20140829.00
Part C:        30.0 hPa 105° 59 kt 20140829.00
Part C:        20.0 hPa  95° 65 kt 20140829.00
Part C:        10.0 hPa  80° 56 kt 20140829.00
Part D: 11     96.7 hPa 280° 28 kt 20140829.00
Part D: 11 22  88.8 hPa 250° 24 kt 20140829.00
Part D: 22 33  85.1 hPa 265° 16 kt 20140829.00
Part D: 33 44  81.7 hPa 205°  6 kt 20140829.00
Part D: 44 55  76.5 hPa 265° 36 kt 20140829.00
Part D: 55 66  65.8 hPa 275° 32 kt 20140829.00
Part D: 66 77  63.8 hPa 275° 22 kt 20140829.00
Part D: 77 88  61.0 hPa 265° 25 kt 20140829.00
Part D: 88 99  59.2 hPa 275° 20 kt 20140829.00
Part D: 99 11  56.4 hPa 255° 22 kt 20140829.00
Part D: 11 22  54.7 hPa 265° 31 kt 20140829.00
Part D: 22 33  50.6 hPa 310° 26 kt 20140829.00
Part D: 33 44  47.6 hPa 320° 19 kt 20140829.00
Part D: 44 55  46.9 hPa 340°  9 kt 20140829.00
Part D: 55 66  46.3 hPa 360° 11 kt 20140829.00
Part D: 66 77  45.6 hPa  20° 15 kt 20140829.00
Part D: 77 88  44.2 hPa  55° 18 kt 20140829.00
Part D: 88 99  40.1 hPa 100° 37 kt 20140829.00
Part D: 99 11  35.3 hPa  95° 49 kt 20140829.00
Part D: 11 22  31.4 hPa  95° 63 kt 20140829.00
Part D: 22 33  27.0 hPa  90° 69 kt 20140829.00
Part D: 33 44  25.7 hPa  85° 76 kt 20140829.00
Part D: 44 55  22.4 hPa  95° 61 kt 20140829.00
Part D: 55 66  16.2 hPa 100° 69 kt 20140829.00
Part D: 66 77  13.1 hPa 105° 55 kt 20140829.00
Part D: 77 88  12.2 hPa  95° 54 kt 20140829.00
Part D: 88 99  12.0 hPa  90° 63 kt 20140829.00
Part D: 99 11  11.4 hPa  80° 51 kt 20140829.00
Part D: 11 22   9.3 hPa  85° 62 kt 20140829.00
Part D: 22 33   8.6 hPa  90° 55 kt 20140829.00
Part D: 33 44   8.1 hPa  90° 68 kt 20140829.00
Part D: 44 55   7.7 hPa  80° 63 kt 20140829.00
Part D: 55 66   7.3 hPa  95° 47 kt 20140829.00
Part D: 66 77   7.2 hPa  95° 60 kt 20140829.00
Part D: 77 88   6.8 hPa 100° 44 kt 20140829.00
Part A:       100.0 hPa 275° 38 kt 20140830.00
Part C:        70.0 hPa 290° 30 kt 20140830.00
Part D: 11     97.7 hPa 275° 35 kt 20140830.00
Part D: 11 22  93.6 hPa 270° 32 kt 20140830.00
Part D: 22 33  89.7 hPa 270° 25 kt 20140830.00
Part D: 33 44  87.9 hPa 275° 24 kt 20140830.00
Part D: 44 55  84.6 hPa 260° 21 kt 20140830.00
Part D: 55 66  83.2 hPa 260° 21 kt 20140830.00
Part D: 66 77  80.5 hPa 255° 16 kt 20140830.00
Part D: 77 88  77.9 hPa 265° 26 kt 20140830.00
Part D: 88 99  76.7 hPa 275° 27 kt 20140830.00
Part D: 99 11  75.4 hPa 275° 27 kt 20140830.00
Part D: 11 22  74.2 hPa 280° 32 kt 20140830.00
Part D: 22 33  73.0 hPa 285° 32 kt 20140830.00
Part D: 33 44  71.8 hPa 285° 29 kt 20140830.00
Part D: 44 55  70.7 hPa 290° 33 kt 20140830.00
Part D: 55 66  68.2 hPa 295° 22 kt 20140830.00
Part A:       100.0 hPa 275° 30 kt 20140831.00
Part C:        70.0 hPa 285° 18 kt 20140831.00
Part C:        50.0 hPa 205° 14 kt 20140831.00
Part C:        30.0 hPa  90° 55 kt 20140831.00
Part C:        20.0 hPa  95° 64 kt 20140831.00
Part C:        10.0 hPa 110° 59 kt 20140831.00
Part D: 11     96.3 hPa 265° 39 kt 20140831.00
Part D: 11 22  90.3 hPa 260° 24 kt 20140831.00
Part D: 22 33  73.6 hPa 275° 32 kt 20140831.00
Part D: 33 44  71.0 hPa 275° 20 kt 20140831.00
Part D: 44 55  67.6 hPa 245°  9 kt 20140831.00
Part D: 55 66  66.6 hPa 235° 17 kt 20140831.00
Part D: 66 77  62.4 hPa 250° 16 kt 20140831.00
Part D: 77 88  59.4 hPa 275° 24 kt 20140831.00
Part D: 88 99  53.9 hPa 275° 18 kt 20140831.00
Part D: 99 11  52.2 hPa 225°  5 kt 20140831.00
Part D: 11 22  48.2 hPa 215° 24 kt 20140831.00
Part D: 22 33  45.0 hPa 185° 14 kt 20140831.00
Part D: 33 44  39.5 hPa  65° 22 kt 20140831.00
Part D: 44 55  38.1 hPa  60° 30 kt 20140831.00
Part D: 55 66  33.3 hPa  90° 51 kt 20140831.00
Part D: 66 77  27.6 hPa  80° 63 kt 20140831.00
Part D: 77 88  24.9 hPa  80° 73 kt 20140831.00
Part D: 88 99  21.3 hPa  85° 64 kt 20140831.00
Part D: 99 11  15.8 hPa  95° 72 kt 20140831.00
Part D: 11 22  15.2 hPa 100° 62 kt 20140831.00
Part D: 22 33  12.9 hPa 100° 67 kt 20140831.00
Part D: 33 44  12.5 hPa 100° 75 kt 20140831.00
Part D: 44 55  12.0 hPa 100° 65 kt 20140831.00
Part D: 55 66  11.8 hPa 100° 73 kt 20140831.00
Part D: 66 77  11.6 hPa 105° 59 kt 20140831.00
Part D: 77 88  11.4 hPa 110° 57 kt 20140831.00
Part D: 88 99  11.2 hPa 110° 69 kt 20140831.00
Part D: 99 11  10.1 hPa 110° 61 kt 20140831.00
Part D: 11 22   9.0 hPa  85° 45 kt 20140831.00
Part D: 22 33   8.3 hPa  95° 49 kt 20140831.00
Part D: 33 44   7.8 hPa  75° 76 kt 20140831.00
Part D: 44 55   7.1 hPa  85° 47 kt 20140831.00
Part D: 55 66   6.7 hPa  80° 30 kt 20140831.00
Part D: 66 77   6.6 hPa  70° 32 kt 20140831.00
Interpoliere die QBO aus den RS Daten
 Jahr:        2014 Date:        1408
 Filepath: 
 ./qbo_data_new/qbo.dat
