Pararmeterliste beim QBO Aufruf:  -w -a 2021.12 --
2021.12
Parse RS Daten
Part A:       100.0 hPa 120° 21 kt 20211201.00
Part C:        70.0 hPa 250° 23 kt 20211201.00
Part C:        50.0 hPa 290° 10 kt 20211201.00
Part C:        30.0 hPa  90° 54 kt 20211201.00
Part C:        20.0 hPa  85° 68 kt 20211201.00
Part C:        10.0 hPa 270° 27 kt 20211201.00
Part D: 11     93.0 hPa  45°  2 kt 20211201.00
Part D: 11 22  92.5 hPa 315°  2 kt 20211201.00
Part D: 22 33  92.0 hPa 290°  2 kt 20211201.00
Part D: 33 44  88.3 hPa 305°  2 kt 20211201.00
Part D: 44 55  87.7 hPa  85°  2 kt 20211201.00
Part D: 55 66  83.9 hPa 160°  4 kt 20211201.00
Part D: 66 77  82.2 hPa 255°  8 kt 20211201.00
Part D: 77 88  77.4 hPa 310° 10 kt 20211201.00
Part D: 88 99  74.4 hPa 270° 12 kt 20211201.00
Part D: 99 11  70.9 hPa 255° 21 kt 20211201.00
Part D: 11 22  65.2 hPa 255° 21 kt 20211201.00
Part D: 22 33  57.8 hPa 295° 19 kt 20211201.00
Part D: 33 44  48.9 hPa 305°  8 kt 20211201.00
Part D: 44 55  46.7 hPa  50°  2 kt 20211201.00
Part D: 55 66  45.7 hPa 130°  2 kt 20211201.00
Part D: 66 77  45.0 hPa 115°  6 kt 20211201.00
Part D: 77 88  43.5 hPa 115° 16 kt 20211201.00
Part D: 88 99  41.7 hPa  85° 27 kt 20211201.00
Part D: 99 11  39.6 hPa  80° 45 kt 20211201.00
Part D: 11 22  34.8 hPa 100° 54 kt 20211201.00
Part D: 22 33  30.4 hPa  90° 54 kt 20211201.00
Part D: 33 44  25.8 hPa 105° 62 kt 20211201.00
Part D: 44 55  19.5 hPa  85° 70 kt 20211201.00
Part D: 55 66  19.3 hPa  85° 70 kt 20211201.00
Part D: 66 77  19.1 hPa  85° 70 kt 20211201.00
Part D: 77 88  18.9 hPa  85° 70 kt 20211201.00
Part D: 88 99  17.7 hPa  90° 68 kt 20211201.00
Part D: 99 11  15.3 hPa  65° 23 kt 20211201.00
Part D: 11 22  13.5 hPa 125°  6 kt 20211201.00
Part D: 22 33  13.3 hPa 100°  6 kt 20211201.00
Part D: 33 44  13.1 hPa 125°  4 kt 20211201.00
Part D: 44 55  12.8 hPa 245°  6 kt 20211201.00
Part D: 55 66  12.3 hPa 260° 27 kt 20211201.00
Part D: 66 77  11.3 hPa 225° 27 kt 20211201.00
Part D: 77 88  10.7 hPa 270° 23 kt 20211201.00
Part D: 88 99   8.0 hPa 270° 70 kt 20211201.00
Part D: 99 11   7.4 hPa 270° 56 kt 20211201.00
Part D: 11 22   6.7 hPa 275° 62 kt 20211201.00
Part D: 22 33   5.7 hPa 235° 51 kt 20211201.00
Part A:       100.0 hPa 340° 14 kt 20211201.12
Part C:        70.0 hPa 250° 18 kt 20211201.12
Part C:        50.0 hPa 125°  4 kt 20211201.12
Part C:        30.0 hPa  90° 53 kt 20211201.12
Part C:        20.0 hPa  85° 68 kt 20211201.12
Part C:        10.0 hPa 260° 39 kt 20211201.12
Part D: 11     94.6 hPa 300° 12 kt 20211201.12
Part D: 11 22  90.5 hPa 310°  4 kt 20211201.12
Part D: 22 33  89.3 hPa 280°  2 kt 20211201.12
Part D: 33 44  88.0 hPa 210°  2 kt 20211201.12
Part D: 44 55  85.0 hPa 195°  4 kt 20211201.12
Part D: 55 66  83.6 hPa 215°  4 kt 20211201.12
Part D: 66 77  83.0 hPa 205°  4 kt 20211201.12
Part D: 77 88  78.9 hPa 210° 10 kt 20211201.12
Part D: 88 99  74.2 hPa 260° 16 kt 20211201.12
Part D: 99 11  71.2 hPa 250° 16 kt 20211201.12
Part D: 11 22  63.2 hPa 265° 16 kt 20211201.12
Part D: 22 33  58.8 hPa 295° 10 kt 20211201.12
Part D: 33 44  56.7 hPa 235°  8 kt 20211201.12
Part D: 44 55  54.3 hPa 235° 10 kt 20211201.12
Part D: 55 66  52.8 hPa 260°  6 kt 20211201.12
Part D: 66 77  51.7 hPa 220°  4 kt 20211201.12
Part D: 77 88  50.8 hPa 150°  4 kt 20211201.12
Part D: 88 99  49.0 hPa 100°  6 kt 20211201.12
Part D: 99 11  44.5 hPa  95°  8 kt 20211201.12
Part D: 11 22  41.7 hPa  50° 27 kt 20211201.12
Part D: 22 33  34.6 hPa 105° 47 kt 20211201.12
Part D: 33 44  30.1 hPa  90° 53 kt 20211201.12
Part D: 44 55  18.2 hPa  90° 74 kt 20211201.12
Part D: 55 66  16.7 hPa  90° 43 kt 20211201.12
Part D: 66 77  15.3 hPa  70° 19 kt 20211201.12
Part D: 77 88  13.8 hPa  75°  2 kt 20211201.12
Part D: 88 99  13.6 hPa 265°  2 kt 20211201.12
Part D: 99 11  13.3 hPa 255°  4 kt 20211201.12
Part D: 11 22  13.0 hPa 210°  6 kt 20211201.12
Part D: 22 33  12.4 hPa 255° 14 kt 20211201.12
Part D: 33 44  12.0 hPa 265° 27 kt 20211201.12
Part D: 44 55  11.3 hPa 255° 19 kt 20211201.12
Part D: 55 66  10.7 hPa 270° 21 kt 20211201.12
Part D: 66 77   8.6 hPa 275° 64 kt 20211201.12
Part D: 77 88   8.4 hPa 275° 70 kt 20211201.12
Part D: 88 99   7.8 hPa 270° 53 kt 20211201.12
Part D: 99 11   7.6 hPa 265° 45 kt 20211201.12
Part D: 11 22   7.1 hPa 275° 53 kt 20211201.12
Part D: 22 33   6.8 hPa 265° 60 kt 20211201.12
Part D: 33 44   5.9 hPa 235° 29 kt 20211201.12
Part D: 44 55   5.5 hPa 295° 23 kt 20211201.12
Part A:       100.0 hPa  65° 12 kt 20211202.00
Part C:        70.0 hPa 295° 23 kt 20211202.00
Part C:        50.0 hPa 170° 10 kt 20211202.00
Part C:        30.0 hPa  95° 64 kt 20211202.00
Part C:        20.0 hPa 100° 70 kt 20211202.00
Part C:        10.0 hPa 260° 43 kt 20211202.00
Part D: 11     94.0 hPa  10°  8 kt 20211202.00
Part D: 11 22  84.7 hPa 140°  6 kt 20211202.00
Part D: 22 33  82.2 hPa 220°  8 kt 20211202.00
Part D: 33 44  80.8 hPa 235°  8 kt 20211202.00
Part D: 44 55  74.3 hPa 240° 19 kt 20211202.00
Part D: 55 66  69.7 hPa 295° 23 kt 20211202.00
Part D: 66 77  63.2 hPa 305° 16 kt 20211202.00
Part D: 77 88  58.9 hPa   5° 12 kt 20211202.00
Part D: 88 99  57.5 hPa 360°  8 kt 20211202.00
Part D: 99 11  55.9 hPa 290°  6 kt 20211202.00
Part D: 11 22  52.0 hPa 325°  6 kt 20211202.00
Part D: 22 33  51.4 hPa 350°  2 kt 20211202.00
Part D: 33 44  51.2 hPa  35°  2 kt 20211202.00
Part D: 44 55  51.0 hPa 135°  2 kt 20211202.00
Part D: 55 66  49.4 hPa 180° 14 kt 20211202.00
Part D: 66 77  46.8 hPa 170° 10 kt 20211202.00
Part D: 77 88  45.3 hPa 100°  8 kt 20211202.00
Part D: 88 99  44.4 hPa  80° 10 kt 20211202.00
Part D: 99 11  42.7 hPa  65° 18 kt 20211202.00
Part D: 11 22  39.6 hPa  95° 41 kt 20211202.00
Part D: 22 33  31.9 hPa  85° 66 kt 20211202.00
Part D: 33 44  18.4 hPa  95° 76 kt 20211202.00
Part D: 44 55  16.2 hPa 100° 31 kt 20211202.00
Part D: 55 66  15.4 hPa  65° 19 kt 20211202.00
Part D: 66 77  14.2 hPa 185° 14 kt 20211202.00
Part D: 77 88  13.5 hPa 190° 14 kt 20211202.00
Part D: 88 99  13.1 hPa 220° 10 kt 20211202.00
Part D: 99 11  12.5 hPa 230° 12 kt 20211202.00
Part D: 11 22  11.8 hPa 280° 21 kt 20211202.00
Part D: 22 33  11.3 hPa 275° 14 kt 20211202.00
Part D: 33 44  10.4 hPa 260° 31 kt 20211202.00
Part D: 44 55   8.8 hPa 275° 53 kt 20211202.00
Part D: 55 66   8.0 hPa 285° 60 kt 20211202.00
Part D: 66 77   7.5 hPa 275° 39 kt 20211202.00
Part D: 77 88   7.1 hPa 265° 31 kt 20211202.00
Part D: 88 99   6.7 hPa 275° 49 kt 20211202.00
Part D: 99 11   6.1 hPa 250° 25 kt 20211202.00
Part D: 11 22   5.8 hPa 270° 41 kt 20211202.00
Part D: 22 33   5.7 hPa 270° 51 kt 20211202.00
Part D: 33 44   5.4 hPa 265° 54 kt 20211202.00
Part D: 44 55   4.8 hPa 245° 31 kt 20211202.00
Part D: 55 66   4.1 hPa 270° 16 kt 20211202.00
Part D: 66 77   4.0 hPa 260°  8 kt 20211202.00
Part D: 77 88   3.9 hPa 285°  2 kt 20211202.00
Part A:       100.0 hPa  85°  4 kt 20211202.12
Part C:        70.0 hPa 320° 18 kt 20211202.12
Part C:        50.0 hPa 205°  8 kt 20211202.12
Part C:        30.0 hPa  95° 64 kt 20211202.12
Part D: 11     98.2 hPa 165°  2 kt 20211202.12
Part D: 11 22  96.2 hPa 225°  4 kt 20211202.12
Part D: 22 33  86.8 hPa 180° 19 kt 20211202.12
Part D: 33 44  77.0 hPa 225° 19 kt 20211202.12
Part D: 44 55  73.0 hPa 300° 16 kt 20211202.12
Part D: 55 66  66.8 hPa 325°  8 kt 20211202.12
Part D: 66 77  65.5 hPa 300°  6 kt 20211202.12
Part D: 77 88  62.6 hPa 170°  6 kt 20211202.12
Part D: 88 99  60.3 hPa 155°  8 kt 20211202.12
Part D: 99 11  58.8 hPa 190° 10 kt 20211202.12
Part D: 11 22  56.7 hPa 215° 12 kt 20211202.12
Part D: 22 33  53.8 hPa 270° 12 kt 20211202.12
Part D: 33 44  51.5 hPa 255°  6 kt 20211202.12
Part D: 44 55  49.7 hPa 195°  8 kt 20211202.12
Part D: 55 66  42.6 hPa  60° 14 kt 20211202.12
Part D: 66 77  40.6 hPa  90° 33 kt 20211202.12
Part D: 77 88  37.6 hPa 100° 51 kt 20211202.12
Part D: 88 99  33.1 hPa  85° 47 kt 20211202.12
Part D: 99 11  30.2 hPa  95° 62 kt 20211202.12
Part D: 11 22  21.4 hPa  90° 70 kt 20211202.12
Part D: 22 33  21.0 hPa  90° 70 kt 20211202.12
Part D: 33 44  20.3 hPa  95° 70 kt 20211202.12
Part A:       100.0 hPa 230° 17 kt 20211203.00
Part C:        70.0 hPa   0°  0 kt 20211203.00
Part C:        50.0 hPa 305° 15 kt 20211203.00
Part C:        30.0 hPa  95° 74 kt 20211203.00
Part C:        20.0 hPa  90° 77 kt 20211203.00
Part C:        10.0 hPa 260° 46 kt 20211203.00
Part D: 11     91.1 hPa 220° 25 kt 20211203.00
Part D: 11 22  84.9 hPa 185° 15 kt 20211203.00
Part D: 22 33  82.0 hPa 225° 12 kt 20211203.00
Part D: 33 44  77.2 hPa 245° 10 kt 20211203.00
Part D: 44 55  74.3 hPa 265° 10 kt 20211203.00
Part D: 55 66  70.4 hPa   0°  0 kt 20211203.00
Part D: 66 77  67.7 hPa 190° 10 kt 20211203.00
Part D: 77 88  65.5 hPa 180° 10 kt 20211203.00
Part D: 88 99  63.3 hPa 240° 14 kt 20211203.00
Part D: 99 11  58.1 hPa 310° 20 kt 20211203.00
Part D: 11 22  56.0 hPa 320° 29 kt 20211203.00
Part D: 22 33  54.5 hPa 330° 26 kt 20211203.00
Part D: 33 44  51.4 hPa 300° 16 kt 20211203.00
Part D: 44 55  49.5 hPa 310° 14 kt 20211203.00
Part D: 55 66  45.9 hPa  30°  3 kt 20211203.00
Part D: 66 77  44.9 hPa  90° 10 kt 20211203.00
Part D: 77 88  43.6 hPa  85° 20 kt 20211203.00
Part D: 88 99  41.2 hPa 115° 40 kt 20211203.00
Part D: 99 11  40.2 hPa 120° 42 kt 20211203.00
Part D: 11 22  36.6 hPa  85° 52 kt 20211203.00
Part D: 22 33  33.7 hPa  95° 58 kt 20211203.00
Part D: 33 44  28.7 hPa  85° 77 kt 20211203.00
Part D: 44 55  26.5 hPa  80° 73 kt 20211203.00
Part D: 55 66  24.8 hPa  95° 78 kt 20211203.00
Part D: 66 77  17.5 hPa  95° 84 kt 20211203.00
Part D: 77 88  14.7 hPa 100° 24 kt 20211203.00
Part D: 88 99  14.2 hPa 110° 10 kt 20211203.00
Part D: 99 11  13.9 hPa 120°  7 kt 20211203.00
Part D: 11 22  13.6 hPa 200° 10 kt 20211203.00
Part D: 22 33  13.3 hPa 250° 13 kt 20211203.00
Part D: 33 44  13.0 hPa 305°  4 kt 20211203.00
Part D: 44 55  12.7 hPa 315° 10 kt 20211203.00
Part D: 55 66  11.0 hPa 285° 39 kt 20211203.00
Part D: 66 77  10.6 hPa 290° 38 kt 20211203.00
Part D: 77 88  10.0 hPa 260° 46 kt 20211203.00
Part D: 88 99   9.1 hPa 275° 55 kt 20211203.00
Part D: 99 11   8.7 hPa 260° 36 kt 20211203.00
Part D: 11 22   8.3 hPa 270° 47 kt 20211203.00
Part A:       100.0 hPa 205° 19 kt 20211203.12
Part C:        70.0 hPa 105° 10 kt 20211203.12
Part D: 11     93.1 hPa 210° 16 kt 20211203.12
Part D: 11 22  86.8 hPa 150°  6 kt 20211203.12
Part D: 22 33  82.7 hPa 230°  4 kt 20211203.12
Part D: 33 44  80.0 hPa 255°  2 kt 20211203.12
Part D: 44 55  79.3 hPa 310°  2 kt 20211203.12
Part D: 55 66  78.7 hPa 340°  4 kt 20211203.12
Part D: 66 77  77.1 hPa  15°  6 kt 20211203.12
Part D: 77 88  72.7 hPa  50° 14 kt 20211203.12
Part D: 88 99  68.8 hPa 130° 10 kt 20211203.12
Part A:       100.0 hPa 225° 12 kt 20211204.00
Part C:        70.0 hPa 245° 12 kt 20211204.00
Part C:        50.0 hPa 320°  6 kt 20211204.00
Part C:        30.0 hPa  95° 72 kt 20211204.00
Part C:        20.0 hPa  80° 80 kt 20211204.00
Part C:        10.0 hPa 290° 23 kt 20211204.00
Part D: 11     89.8 hPa 130°  6 kt 20211204.00
Part D: 11 22  86.4 hPa 150°  2 kt 20211204.00
Part D: 22 33  84.1 hPa  65°  4 kt 20211204.00
Part D: 33 44  80.7 hPa  55° 10 kt 20211204.00
Part D: 44 55  77.0 hPa  10°  4 kt 20211204.00
Part D: 55 66  75.8 hPa  55°  4 kt 20211204.00
Part D: 66 77  73.1 hPa  90°  6 kt 20211204.00
Part D: 77 88  72.4 hPa 120°  4 kt 20211204.00
Part D: 88 99  71.1 hPa 215°  6 kt 20211204.00
Part D: 99 11  69.6 hPa 255° 14 kt 20211204.00
Part D: 11 22  66.9 hPa 280° 23 kt 20211204.00
Part D: 22 33  57.6 hPa 305° 25 kt 20211204.00
Part D: 33 44  50.5 hPa 305°  8 kt 20211204.00
Part D: 44 55  48.2 hPa  35° 12 kt 20211204.00
Part D: 55 66  44.6 hPa  85° 33 kt 20211204.00
Part D: 66 77  36.7 hPa  75° 51 kt 20211204.00
Part D: 77 88  32.4 hPa  90° 62 kt 20211204.00
Part D: 88 99  19.0 hPa  85° 88 kt 20211204.00
Part D: 99 11  14.3 hPa  50° 19 kt 20211204.00
Part D: 11 22  13.1 hPa 285°  8 kt 20211204.00
Part D: 22 33  12.2 hPa 295° 23 kt 20211204.00
Part D: 33 44  10.8 hPa 280° 35 kt 20211204.00
Part D: 44 55   9.3 hPa 315° 14 kt 20211204.00
Part D: 55 66   9.0 hPa 360°  8 kt 20211204.00
Part D: 66 77   8.6 hPa 315° 25 kt 20211204.00
Part D: 77 88   8.4 hPa 300° 37 kt 20211204.00
Part D: 88 99   7.9 hPa 305° 25 kt 20211204.00
Part D: 99 11   7.2 hPa 255° 23 kt 20211204.00
Part D: 11 22   6.7 hPa 220° 18 kt 20211204.00
Part D: 22 33   6.4 hPa 260° 12 kt 20211204.00
Part D: 33 44   6.3 hPa 280° 10 kt 20211204.00
Part D: 44 55   6.0 hPa 310° 14 kt 20211204.00
Part D: 55 66   5.7 hPa 270° 12 kt 20211204.00
Part D: 66 77   5.5 hPa 270° 16 kt 20211204.00
Part A:       100.0 hPa  50° 12 kt 20211204.12
Part C:        70.0 hPa 200° 14 kt 20211204.12
Part C:        50.0 hPa 180° 14 kt 20211204.12
Part C:        30.0 hPa  85° 64 kt 20211204.12
Part C:        20.0 hPa  80° 66 kt 20211204.12
Part C:        10.0 hPa 300° 21 kt 20211204.12
Part D: 11     99.0 hPa  35°  6 kt 20211204.12
Part D: 11 22  97.3 hPa 315°  4 kt 20211204.12
Part D: 22 33  96.2 hPa 290°  6 kt 20211204.12
Part D: 33 44  95.1 hPa 290°  6 kt 20211204.12
Part D: 44 55  91.9 hPa 345° 10 kt 20211204.12
Part D: 55 66  77.4 hPa  10°  4 kt 20211204.12
Part D: 66 77  76.3 hPa  45°  4 kt 20211204.12
Part D: 77 88  74.1 hPa  85° 10 kt 20211204.12
Part D: 88 99  71.7 hPa 170° 12 kt 20211204.12
Part D: 99 11  65.4 hPa 295° 21 kt 20211204.12
Part D: 11 22  54.2 hPa 270°  8 kt 20211204.12
Part D: 22 33  51.0 hPa 190° 12 kt 20211204.12
Part D: 33 44  47.4 hPa 175°  8 kt 20211204.12
Part D: 44 55  46.5 hPa 150°  6 kt 20211204.12
Part D: 55 66  44.9 hPa  70° 10 kt 20211204.12
Part D: 66 77  38.8 hPa  75° 45 kt 20211204.12
Part D: 77 88  33.5 hPa 100° 56 kt 20211204.12
Part D: 88 99  19.4 hPa  75° 70 kt 20211204.12
Part D: 99 11  18.5 hPa  80° 70 kt 20211204.12
Part D: 11 22  15.1 hPa  85° 12 kt 20211204.12
Part D: 22 33  14.4 hPa 350°  8 kt 20211204.12
Part D: 33 44  13.7 hPa 300° 12 kt 20211204.12
Part D: 44 55  13.0 hPa 205°  6 kt 20211204.12
Part D: 55 66  12.9 hPa 215°  4 kt 20211204.12
Part D: 66 77  12.7 hPa 260°  8 kt 20211204.12
Part D: 77 88  12.4 hPa 275° 14 kt 20211204.12
Part D: 88 99  10.6 hPa 250° 10 kt 20211204.12
Part D: 99 11  10.1 hPa 295° 18 kt 20211204.12
Part D: 11 22   9.0 hPa 280° 39 kt 20211204.12
Part D: 22 33   8.8 hPa 285° 47 kt 20211204.12
Part D: 33 44   8.1 hPa 280° 43 kt 20211204.12
Part D: 44 55   7.6 hPa 285° 21 kt 20211204.12
Part D: 55 66   7.1 hPa 285° 35 kt 20211204.12
Part D: 66 77   7.0 hPa 290° 43 kt 20211204.12
Part D: 77 88   6.4 hPa 315° 27 kt 20211204.12
Part D: 88 99   6.0 hPa 285° 27 kt 20211204.12
Part D: 99 11   5.6 hPa 290° 31 kt 20211204.12
Part D: 11 22   5.5 hPa 280° 35 kt 20211204.12
Part D: 22 33   4.4 hPa 270° 25 kt 20211204.12
Part A:       100.0 hPa  60° 16 kt 20211205.00
Part C:        70.0 hPa 260° 19 kt 20211205.00
Part C:        50.0 hPa  25°  4 kt 20211205.00
Part C:        30.0 hPa  95° 53 kt 20211205.00
Part C:        20.0 hPa  90° 66 kt 20211205.00
Part C:        10.0 hPa 325° 23 kt 20211205.00
Part D: 11     98.8 hPa  55° 14 kt 20211205.00
Part D: 11 22  94.2 hPa 330° 12 kt 20211205.00
Part D: 22 33  92.8 hPa 325° 12 kt 20211205.00
Part D: 33 44  87.2 hPa  30° 12 kt 20211205.00
Part D: 44 55  83.9 hPa  10° 12 kt 20211205.00
Part D: 55 66  78.9 hPa  15° 10 kt 20211205.00
Part D: 66 77  74.9 hPa  95°  6 kt 20211205.00
Part D: 77 88  73.8 hPa 200°  6 kt 20211205.00
Part D: 88 99  73.1 hPa 220° 10 kt 20211205.00
Part D: 99 11  67.5 hPa 275° 18 kt 20211205.00
Part D: 11 22  58.4 hPa 265° 23 kt 20211205.00
Part D: 22 33  54.5 hPa 285° 14 kt 20211205.00
Part D: 33 44  52.1 hPa 240°  8 kt 20211205.00
Part D: 44 55  50.8 hPa 265°  2 kt 20211205.00
Part D: 55 66  50.5 hPa 330°  2 kt 20211205.00
Part D: 66 77  50.2 hPa  10°  2 kt 20211205.00
Part D: 77 88  49.2 hPa  55°  8 kt 20211205.00
Part D: 88 99  45.8 hPa  90° 23 kt 20211205.00
Part D: 99 11  40.4 hPa  95° 47 kt 20211205.00
Part D: 11 22  33.0 hPa  85° 54 kt 20211205.00
Part D: 22 33  29.9 hPa  95° 53 kt 20211205.00
Part D: 33 44  24.5 hPa  75° 56 kt 20211205.00
Part D: 44 55  20.1 hPa  90° 64 kt 20211205.00
Part D: 55 66  17.6 hPa 105° 58 kt 20211205.00
Part D: 66 77  15.1 hPa 150°  6 kt 20211205.00
Part D: 77 88  14.7 hPa 245°  4 kt 20211205.00
Part D: 88 99  14.2 hPa 285° 12 kt 20211205.00
Part D: 99 11  13.8 hPa 295° 12 kt 20211205.00
Part D: 11 22  12.0 hPa 260° 16 kt 20211205.00
Part D: 22 33  10.3 hPa 315° 19 kt 20211205.00
Part D: 33 44   9.4 hPa 310° 39 kt 20211205.00
Part D: 44 55   7.3 hPa 315° 37 kt 20211205.00
Part D: 55 66   6.9 hPa 295° 51 kt 20211205.00
Part D: 66 77   6.7 hPa 295° 47 kt 20211205.00
Part D: 77 88   6.6 hPa 300° 45 kt 20211205.00
Part D: 88 99   5.3 hPa 230° 27 kt 20211205.00
Part D: 99 11   5.0 hPa 260° 21 kt 20211205.00
Part A:       100.0 hPa  65° 29 kt 20211205.12
Part C:        70.0 hPa 250° 23 kt 20211205.12
Part C:        50.0 hPa  45°  2 kt 20211205.12
Part C:        30.0 hPa  95° 49 kt 20211205.12
Part C:        20.0 hPa 100° 56 kt 20211205.12
Part C:        10.0 hPa 310° 37 kt 20211205.12
Part D: 11     95.5 hPa  65° 29 kt 20211205.12
Part D: 11 22  90.2 hPa  65°  6 kt 20211205.12
Part D: 22 33  87.9 hPa 155°  4 kt 20211205.12
Part D: 33 44  86.0 hPa 140°  6 kt 20211205.12
Part D: 44 55  78.9 hPa 155° 12 kt 20211205.12
Part D: 55 66  73.5 hPa 200° 23 kt 20211205.12
Part D: 66 77  69.6 hPa 255° 25 kt 20211205.12
Part D: 77 88  57.7 hPa 280° 18 kt 20211205.12
Part D: 88 99  53.1 hPa 320°  8 kt 20211205.12
Part D: 99 11  51.7 hPa 285°  2 kt 20211205.12
Part D: 11 22  51.2 hPa 100°  2 kt 20211205.12
Part D: 22 33  50.6 hPa 110°  2 kt 20211205.12
Part D: 33 44  50.5 hPa  95°  2 kt 20211205.12
Part D: 44 55  50.4 hPa  65°  2 kt 20211205.12
Part D: 55 66  49.0 hPa  20° 10 kt 20211205.12
Part D: 66 77  47.9 hPa  20° 12 kt 20211205.12
Part D: 77 88  44.1 hPa  85° 19 kt 20211205.12
Part D: 88 99  41.5 hPa  75° 27 kt 20211205.12
Part D: 99 11  34.0 hPa  95° 47 kt 20211205.12
Part D: 11 22  24.4 hPa  80° 54 kt 20211205.12
Part D: 22 33  20.0 hPa 100° 56 kt 20211205.12
Part D: 33 44  16.1 hPa  75° 31 kt 20211205.12
Part D: 44 55  15.1 hPa 145° 18 kt 20211205.12
Part D: 55 66  13.9 hPa 170°  6 kt 20211205.12
Part D: 66 77  13.5 hPa 225°  8 kt 20211205.12
Part D: 77 88  12.3 hPa 240°  8 kt 20211205.12
Part D: 88 99  11.8 hPa 310° 12 kt 20211205.12
Part D: 99 11  10.8 hPa 305° 35 kt 20211205.12
Part D: 11 22   8.6 hPa 285° 31 kt 20211205.12
Part D: 22 33   8.1 hPa 305° 47 kt 20211205.12
Part D: 33 44   7.4 hPa 295° 49 kt 20211205.12
Part D: 44 55   6.6 hPa 275° 84 kt 20211205.12
Part A:       100.0 hPa 110° 14 kt 20211206.00
Part C:        70.0 hPa 280° 25 kt 20211206.00
Part C:        50.0 hPa  60°  6 kt 20211206.00
Part C:        30.0 hPa 100° 51 kt 20211206.00
Part C:        20.0 hPa 100° 54 kt 20211206.00
Part C:        10.0 hPa 300° 19 kt 20211206.00
Part D: 11     94.9 hPa 185° 10 kt 20211206.00
Part D: 11 22  92.7 hPa 190° 10 kt 20211206.00
Part D: 22 33  88.8 hPa 255° 14 kt 20211206.00
Part D: 33 44  78.7 hPa 260°  6 kt 20211206.00
Part D: 44 55  76.7 hPa 285°  4 kt 20211206.00
Part D: 55 66  75.6 hPa 260°  6 kt 20211206.00
Part D: 66 77  72.2 hPa 265° 21 kt 20211206.00
Part D: 77 88  66.6 hPa 295° 21 kt 20211206.00
Part D: 88 99  61.9 hPa 235° 21 kt 20211206.00
Part D: 99 11  51.4 hPa 215°  2 kt 20211206.00
Part D: 11 22  51.0 hPa  60°  2 kt 20211206.00
Part D: 22 33  49.8 hPa  65°  6 kt 20211206.00
Part D: 33 44  48.1 hPa 100° 12 kt 20211206.00
Part D: 44 55  46.5 hPa 115° 21 kt 20211206.00
Part D: 55 66  42.9 hPa  80° 29 kt 20211206.00
Part D: 66 77  32.8 hPa  90° 53 kt 20211206.00
Part D: 77 88  30.3 hPa 100° 51 kt 20211206.00
Part D: 88 99  25.5 hPa  85° 53 kt 20211206.00
Part D: 99 11  18.0 hPa  95° 66 kt 20211206.00
Part D: 11 22  14.2 hPa 105° 27 kt 20211206.00
Part D: 22 33  12.7 hPa 165°  6 kt 20211206.00
Part D: 33 44  12.2 hPa 230°  6 kt 20211206.00
Part D: 44 55  11.9 hPa 220°  2 kt 20211206.00
Part D: 55 66  11.6 hPa 280°  8 kt 20211206.00
Part D: 66 77  10.6 hPa 315° 18 kt 20211206.00
Part D: 77 88  10.3 hPa 305° 14 kt 20211206.00
Part D: 88 99   9.5 hPa 290° 35 kt 20211206.00
Part D: 99 11   8.0 hPa 285° 49 kt 20211206.00
Part D: 11 22   7.8 hPa 285° 54 kt 20211206.00
Part D: 22 33   7.5 hPa 280° 54 kt 20211206.00
Part D: 33 44   7.1 hPa 270° 29 kt 20211206.00
Part D: 44 55   6.7 hPa 230° 21 kt 20211206.00
Part D: 55 66   6.1 hPa 235° 18 kt 20211206.00
Part A:       100.0 hPa 190° 18 kt 20211206.12
Part C:        70.0 hPa 260° 23 kt 20211206.12
Part C:        50.0 hPa 345° 10 kt 20211206.12
Part C:        30.0 hPa  95° 49 kt 20211206.12
Part C:        20.0 hPa  95° 54 kt 20211206.12
Part C:        10.0 hPa 285° 31 kt 20211206.12
Part D: 11     97.0 hPa 210° 18 kt 20211206.12
Part D: 11 22  87.9 hPa 245° 12 kt 20211206.12
Part D: 22 33  74.9 hPa 245° 18 kt 20211206.12
Part D: 33 44  67.4 hPa 265° 14 kt 20211206.12
Part D: 44 55  64.6 hPa 235° 18 kt 20211206.12
Part D: 55 66  58.0 hPa 245° 16 kt 20211206.12
Part D: 66 77  55.5 hPa 265° 12 kt 20211206.12
Part D: 77 88  53.2 hPa 325° 10 kt 20211206.12
Part D: 88 99  47.8 hPa 360° 12 kt 20211206.12
Part D: 99 11  45.4 hPa  75° 16 kt 20211206.12
Part D: 11 22  39.8 hPa  75° 39 kt 20211206.12
Part D: 22 33  35.5 hPa  90° 41 kt 20211206.12
Part D: 33 44  33.1 hPa  80° 43 kt 20211206.12
Part D: 44 55  23.8 hPa 100° 62 kt 20211206.12
Part D: 55 66  17.5 hPa  80° 49 kt 20211206.12
Part D: 66 77  14.4 hPa  95°  6 kt 20211206.12
Part D: 77 88  14.0 hPa 120°  4 kt 20211206.12
Part D: 88 99  13.8 hPa 165°  6 kt 20211206.12
Part D: 99 11  13.5 hPa 200°  6 kt 20211206.12
Part D: 11 22  12.7 hPa 140°  8 kt 20211206.12
Part D: 22 33  12.1 hPa 175° 10 kt 20211206.12
Part D: 33 44  11.2 hPa 120°  8 kt 20211206.12
Part D: 44 55  11.1 hPa 145°  2 kt 20211206.12
Part D: 55 66  11.0 hPa 290°  4 kt 20211206.12
Part D: 66 77   9.9 hPa 290° 33 kt 20211206.12
Part D: 77 88   9.6 hPa 290° 43 kt 20211206.12
Part D: 88 99   8.9 hPa 265° 21 kt 20211206.12
Part D: 99 11   8.7 hPa 255° 18 kt 20211206.12
Part D: 11 22   7.9 hPa 275° 47 kt 20211206.12
Part D: 22 33   7.8 hPa 270° 53 kt 20211206.12
Part D: 33 44   6.8 hPa 275° 29 kt 20211206.12
Part D: 44 55   6.4 hPa 220° 18 kt 20211206.12
Part D: 55 66   6.2 hPa 260° 23 kt 20211206.12
Part D: 66 77   5.8 hPa 290° 25 kt 20211206.12
Part D: 77 88   5.3 hPa 275° 41 kt 20211206.12
Part D: 88 99   5.2 hPa 265° 45 kt 20211206.12
Part D: 99 11   5.1 hPa 265° 49 kt 20211206.12
Part D: 11 22   4.9 hPa 260° 37 kt 20211206.12
Part D: 22 33   4.8 hPa 260° 27 kt 20211206.12
Part D: 33 44   4.7 hPa 255° 21 kt 20211206.12
Part D: 44 55   4.6 hPa 260° 27 kt 20211206.12
Part D: 55 66   4.5 hPa 265° 43 kt 20211206.12
Part D: 66 77   4.4 hPa 265° 53 kt 20211206.12
Part D: 77 88   4.1 hPa 260° 37 kt 20211206.12
Part A:       100.0 hPa 265°  2 kt 20211223.00
Part C:        70.0 hPa 290°  8 kt 20211223.00
Part C:        50.0 hPa  80°  6 kt 20211223.00
Part C:        30.0 hPa  80° 49 kt 20211223.00
Part C:        20.0 hPa  95° 64 kt 20211223.00
Part C:        10.0 hPa 270° 51 kt 20211223.00
Interpoliere die QBO aus den RS Daten
 Jahr:        2021 Date:        2112
 Filepath: 
 ./qbo_data/qbo.dat
